#
# A fatal error has been detected by the Java Runtime Environment:
#
#  SIGSEGV (0xb) at pc=0x00007f4aa228eaf8, pid=23874, tid=23878
#
# JRE version: OpenJDK Runtime Environment (11.0.27+6) (build 11.0.27+6-post-Ubuntu-0ubuntu122.04)
# Java VM: OpenJDK 64-Bit Server VM (11.0.27+6-post-Ubuntu-0ubuntu122.04, mixed mode, sharing, tiered, compressed oops, g1 gc, linux-amd64)
# Problematic frame:
# C  [libLLVM-13.so+0xd62af8]  llvm::Value::getName() const+0xb8
#
# No core dump will be written. Core dumps have been disabled. To enable core dumping, try "ulimit -c unlimited" before starting Java again
#
# If you would like to submit a bug report, please visit:
#   https://bugs.launchpad.net/ubuntu/+source/openjdk-lts
# The crash happened outside the Java Virtual Machine in native code.
# See problematic frame for where to report the bug.
#

---------------  S U M M A R Y ------------

Command Line: -agentlib:jdwp=transport=dt_socket,address=0.0.0.0:12345,suspend=y,server=y -Djava.library.path=\\wsl.localhost\Ubuntu\usr\local\lib -Dfile.encoding=UTF-8 Main tests/test.sysy tests/test.arm test tests/test.ll

Host: 13th Gen Intel(R) Core(TM) i9-13900H, 20 cores, 7G, Ubuntu 22.04.3 LTS
Time: Thu May 22 20:03:46 2025 CST elapsed time: 4.020158 seconds (0d 0h 0m 4s)

---------------  T H R E A D  ---------------

Current thread (0x00007f4b20016800):  JavaThread "main" [_thread_in_native, id=23878, stack(0x00007f4b26839000,0x00007f4b26939000)]

Stack: [0x00007f4b26839000,0x00007f4b26939000],  sp=0x00007f4b26936190,  free space=1012k
Native frames: (J=compiled Java code, A=aot compiled Java code, j=interpreted, Vv=VM code, C=native code)
C  [libLLVM-13.so+0xd62af8]  llvm::Value::getName() const+0xb8

Java frames: (J=compiled Java code, j=interpreted, Vv=VM code)
j  org.bytedeco.llvm.global.LLVM.LLVMPrintModuleToString(Lorg/bytedeco/llvm/LLVM/LLVMModuleRef;)Lorg/bytedeco/javacpp/BytePointer;+0
v  ~StubRoutines::call_stub
j  MyIrVisitor.mixedOptimization()V+21
j  MyIrVisitor.visitProgram(LSysYParser$ProgramContext;)Lorg/bytedeco/llvm/LLVM/LLVMValueRef;+123
j  MyIrVisitor.visitProgram(LSysYParser$ProgramContext;)Ljava/lang/Object;+2
j  SysYParser$ProgramContext.accept(Lorg/antlr/v4/runtime/tree/ParseTreeVisitor;)Ljava/lang/Object;+12
j  org.antlr.v4.runtime.tree.AbstractParseTreeVisitor.visit(Lorg/antlr/v4/runtime/tree/ParseTree;)Ljava/lang/Object;+2
j  Main.main([Ljava/lang/String;)V+169
v  ~StubRoutines::call_stub

siginfo: si_signo: 11 (SIGSEGV), si_code: 1 (SEGV_MAPERR), si_addr: 0x00000000000000e5

Register to memory mapping:

RAX=0x00000000000000f5 is an unknown value
RBX=0x0000000000000001 is an unknown value
RCX=0x00007f4b20390098 points into unknown readable memory: 0x00007f4b20387c80 | 80 7c 38 20 4b 7f 00 00
RDX=0x00000000000000e5 is an unknown value
RSP=0x00007f4b26936190 is pointing into the stack for thread: 0x00007f4b20016800
RBP=0x00007f4b269364f0 is pointing into the stack for thread: 0x00007f4b20016800
RSI=0x00007f4b20388080 points into unknown readable memory: 0x0000000000000000 | 00 00 00 00 00 00 00 00
RDI=0x00007f4b26936190 is pointing into the stack for thread: 0x00007f4b20016800
R8 =0x0000000000000001 is an unknown value
R9 =0x00007f4b20390098 points into unknown readable memory: 0x00007f4b20387c80 | 80 7c 38 20 4b 7f 00 00
R10=0x000000000000003f is an unknown value
R11=0x0000000000000003 is an unknown value
R12=0x0000000000000002 is an unknown value
R13=0x0000000000000002 is an unknown value
R14=0x0 is NULL
R15=0x00007f4b2036af00 points into unknown readable memory: 0x00007f4b203904f8 | f8 04 39 20 4b 7f 00 00


Registers:
RAX=0x00000000000000f5, RBX=0x0000000000000001, RCX=0x00007f4b20390098, RDX=0x00000000000000e5
RSP=0x00007f4b26936190, RBP=0x00007f4b269364f0, RSI=0x00007f4b20388080, RDI=0x00007f4b26936190
R8 =0x0000000000000001, R9 =0x00007f4b20390098, R10=0x000000000000003f, R11=0x0000000000000003
R12=0x0000000000000002, R13=0x0000000000000002, R14=0x0000000000000000, R15=0x00007f4b2036af00
RIP=0x00007f4aa228eaf8, EFLAGS=0x0000000000010202, CSGSFS=0x002b000000000033, ERR=0x0000000000000004
  TRAPNO=0x000000000000000e

Top of Stack: (sp=0x00007f4b26936190)
0x00007f4b26936190:   00007f4b20388080 00007f4b20388080
0x00007f4b269361a0:   0000000000000001 00007f4aa20cd3f5
0x00007f4b269361b0:   0000000000000001 00007f4b269366d0
0x00007f4b269361c0:   0000000000000002 00007f4aa20de5d8 

Instructions: (pc=0x00007f4aa228eaf8)
0x00007f4aa228e9f8:   48 bc ff eb b7 48 83 3d ab e8 ce 05 00 74 23 83
0x00007f4aa228ea08:   ca ff f0 0f c1 50 f8 85 d2 7f ae 48 8d 74 24 0f
0x00007f4aa228ea18:   e8 53 48 bc ff eb a2 8b 50 f8 8d 4a ff 89 48 f8
0x00007f4aa228ea28:   eb c3 8b 50 f8 8d 4a ff 89 48 f8 eb da 66 2e 0f
0x00007f4aa228ea38:   1f 84 00 00 00 00 00 90 f6 47 17 10 75 0a 48 8d
0x00007f4aa228ea48:   05 f2 a0 6c 03 31 d2 c3 48 83 ec 18 48 8b 07 48
0x00007f4aa228ea58:   8b 00 48 8b 08 8b 81 98 01 00 00 4c 8b 81 88 01
0x00007f4aa228ea68:   00 00 4c 8d 89 88 01 00 00 85 c0 74 5b 89 f9 89
0x00007f4aa228ea78:   fa 44 8d 50 ff c1 ea 09 c1 e9 04 31 d1 44 21 d1
0x00007f4aa228ea88:   89 ce 48 c1 e6 04 4c 01 c6 48 8b 16 48 39 d7 75
0x00007f4aa228ea98:   67 89 c2 48 89 e7 4c 89 c9 48 89 d0 48 c1 e0 04
0x00007f4aa228eaa8:   49 8d 14 00 41 b8 01 00 00 00 e8 f9 f4 ff ff 48
0x00007f4aa228eab8:   8b 04 24 48 8b 50 08 48 8d 42 10 48 8b 12 48 83
0x00007f4aa228eac8:   c4 18 c3 0f 1f 44 00 00 48 c1 e0 04 48 89 e7 4c
0x00007f4aa228ead8:   89 c9 49 8d 34 00 41 b8 01 00 00 00 48 89 f2 e8
0x00007f4aa228eae8:   c4 f4 ff ff 48 8b 04 24 48 8b 50 08 48 8d 42 10
0x00007f4aa228eaf8:   48 8b 12 48 83 c4 18 c3 be 01 00 00 00 48 81 fa
0x00007f4aa228eb08:   00 f0 ff ff 74 c2 01 f1 44 8d 5e 01 44 21 d1 89
0x00007f4aa228eb18:   ce 48 c1 e6 04 4c 01 c6 48 8b 16 48 39 d7 0f 84
0x00007f4aa228eb28:   6d ff ff ff 44 89 de eb d4 66 2e 0f 1f 84 00 00
0x00007f4aa228eb38:   00 00 00 0f 1f 44 00 00 66 48 0f 6e c6 66 48 0f
0x00007f4aa228eb48:   6e ca 66 0f 6c c1 0f 11 07 45 84 c0 75 29 48 39
0x00007f4aa228eb58:   d6 74 24 0f 1f 44 00 00 48 8b 06 48 3d 00 f0 ff
0x00007f4aa228eb68:   ff 74 08 48 3d 00 e0 ff ff 75 0c 48 83 c6 10 48
0x00007f4aa228eb78:   89 37 48 39 f2 75 e1 c3 41 57 41 56 41 55 41 54
0x00007f4aa228eb88:   55 53 48 89 fb 48 83 ec 38 4c 8b 67 10 49 8b 04
0x00007f4aa228eb98:   24 48 8b 00 48 8b 28 4c 8b ad 08 09 00 00 44 8b
0x00007f4aa228eba8:   bd 18 09 00 00 41 f6 44 24 11 01 0f 85 67 01 00
0x00007f4aa228ebb8:   00 45 85 ff 0f 84 fb 01 00 00 45 89 e6 44 89 e0
0x00007f4aa228ebc8:   41 8d 77 ff c1 e8 09 41 c1 ee 04 41 31 c6 44 89
0x00007f4aa228ebd8:   f1 21 f1 89 c8 48 c1 e0 04 4c 01 e8 48 8b 10 49
0x00007f4aa228ebe8:   39 d4 0f 85 7c 03 00 00 48 8b 50 08 4c 89 ee 48 


Stack slot to memory mapping:
stack at sp + 0 slots: 0x00007f4b20388080 points into unknown readable memory: 0x0000000000000000 | 00 00 00 00 00 00 00 00
stack at sp + 1 slots: 0x00007f4b20388080 points into unknown readable memory: 0x0000000000000000 | 00 00 00 00 00 00 00 00
stack at sp + 2 slots: 0x0000000000000001 is an unknown value
stack at sp + 3 slots: 0x00007f4aa20cd3f5: <offset 0x0000000000ba13f5> in /home/itshandable/.javacpp/cache/llvm-13.0.1-1.5.7-linux-x86_64.jar/org/bytedeco/llvm/linux-x86_64/libLLVM-13.so at 0x00007f4aa152c000
stack at sp + 4 slots: 0x0000000000000001 is an unknown value
stack at sp + 5 slots: 0x00007f4b269366d0 is pointing into the stack for thread: 0x00007f4b20016800
stack at sp + 6 slots: 0x0000000000000002 is an unknown value
stack at sp + 7 slots: 0x00007f4aa20de5d8: <offset 0x0000000000bb25d8> in /home/itshandable/.javacpp/cache/llvm-13.0.1-1.5.7-linux-x86_64.jar/org/bytedeco/llvm/linux-x86_64/libLLVM-13.so at 0x00007f4aa152c000


---------------  P R O C E S S  ---------------

Threads class SMR info:
_java_thread_list=0x00007f4ab008fd60, length=16, elements={
0x00007f4b20016800, 0x00007f4b2013f800, 0x00007f4b20141800, 0x00007f4b20147800,
0x00007f4b20149800, 0x00007f4b2014c000, 0x00007f4b2014e000, 0x00007f4b20150000,
0x00007f4b20194800, 0x00007f4b20199000, 0x00007f4ac0001800, 0x00007f4b2019f000,
0x00007f4ad407d000, 0x00007f4b20242800, 0x00007f4ab008c800, 0x00007f4ab008e800
}

Java Threads: ( => current thread )
=>0x00007f4b20016800 JavaThread "main" [_thread_in_native, id=23878, stack(0x00007f4b26839000,0x00007f4b26939000)]
  0x00007f4b2013f800 JavaThread "Reference Handler" daemon [_thread_blocked, id=23885, stack(0x00007f4af94fe000,0x00007f4af95fe000)]
  0x00007f4b20141800 JavaThread "Finalizer" daemon [_thread_blocked, id=23886, stack(0x00007f4af93fe000,0x00007f4af94fe000)]
  0x00007f4b20147800 JavaThread "Signal Dispatcher" daemon [_thread_blocked, id=23887, stack(0x00007f4af92fe000,0x00007f4af93fe000)]
  0x00007f4b20149800 JavaThread "Service Thread" daemon [_thread_blocked, id=23888, stack(0x00007f4af91fe000,0x00007f4af92fe000)]
  0x00007f4b2014c000 JavaThread "C2 CompilerThread0" daemon [_thread_blocked, id=23889, stack(0x00007f4af90fe000,0x00007f4af91fe000)]
  0x00007f4b2014e000 JavaThread "C1 CompilerThread0" daemon [_thread_blocked, id=23890, stack(0x00007f4af8ffe000,0x00007f4af90fe000)]
  0x00007f4b20150000 JavaThread "Sweeper thread" daemon [_thread_blocked, id=23891, stack(0x00007f4af8efe000,0x00007f4af8ffe000)]
  0x00007f4b20194800 JavaThread "JDWP Transport Listener: dt_socket" daemon [_thread_blocked, id=23893, stack(0x00007f4af8cfe000,0x00007f4af8dfe000)]
  0x00007f4b20199000 JavaThread "JDWP Event Helper Thread" daemon [_thread_blocked, id=23894, stack(0x00007f4af8bfe000,0x00007f4af8cfe000)]
  0x00007f4ac0001800 JavaThread "JDWP Command Reader" daemon [_thread_in_native, id=23899, stack(0x00007f4af8afe000,0x00007f4af8bfe000)]
  0x00007f4b2019f000 JavaThread "Common-Cleaner" daemon [_thread_blocked, id=23901, stack(0x00007f4af8dfe000,0x00007f4af8efe000)]
  0x00007f4ad407d000 JavaThread "C1 CompilerThread1" daemon [_thread_blocked, id=23902, stack(0x00007f4af88fd000,0x00007f4af89fd000)]
  0x00007f4b20242800 JavaThread "JavaCPP Deallocator" daemon [_thread_blocked, id=23904, stack(0x00007f4af87fd000,0x00007f4af88fd000)]
  0x00007f4ab008c800 JavaThread "C2 CompilerThread1" daemon [_thread_blocked, id=23906, stack(0x00007f4af86fd000,0x00007f4af87fd000)]
  0x00007f4ab008e800 JavaThread "C2 CompilerThread2" daemon [_thread_blocked, id=23907, stack(0x00007f4af85fd000,0x00007f4af86fd000)]

Other Threads:
  0x00007f4b2013c800 VMThread "VM Thread" [stack: 0x00007f4af95ff000,0x00007f4af96ff000] [id=23884]
  0x00007f4b2019b800 WatcherThread [stack: 0x00007f4af89fe000,0x00007f4af8afe000] [id=23900]
  0x00007f4b20030800 GCTaskThread "GC Thread#0" [stack: 0x00007f4b264c3000,0x00007f4b265c3000] [id=23879]
  0x00007f4b20062000 ConcurrentGCThread "G1 Main Marker" [stack: 0x00007f4b2484b000,0x00007f4b2494b000] [id=23880]
  0x00007f4b20063800 ConcurrentGCThread "G1 Conc#0" [stack: 0x00007f4b2474a000,0x00007f4b2484a000] [id=23881]
  0x00007f4b20108000 ConcurrentGCThread "G1 Refine#0" [stack: 0x00007f4b000ff000,0x00007f4b001ff000] [id=23882]
  0x00007f4b2010a000 ConcurrentGCThread "G1 Young RemSet Sampling" [stack: 0x00007f4af9f00000,0x00007f4afa000000] [id=23883]

Threads with active compile tasks:

VM state:not at safepoint (normal execution)

VM Mutex/Monitor currently owned by a thread: None

Heap address: 0x0000000086000000, size: 1952 MB, Compressed Oops mode: 32-bit
Narrow klass base: 0x0000000800000000, Narrow klass shift: 3
Compressed class space size: 1073741824 Address: 0x0000000840000000

Heap:
 garbage-first heap   total 126976K, used 9936K [0x0000000086000000, 0x0000000100000000)
  region size 1024K, 11 young (11264K), 0 survivors (0K)
 Metaspace       used 3770K, capacity 6579K, committed 6912K, reserved 1056768K
  class space    used 394K, capacity 681K, committed 768K, reserved 1048576K
Heap Regions: E=young(eden), S=young(survivor), O=old, HS=humongous(starts), HC=humongous(continues), CS=collection set, F=free, A=archive, TAMS=top-at-mark-start (previous, next)
|   0|0x0000000086000000, 0x0000000086000000, 0x0000000086100000|  0%| F|  |TAMS 0x0000000086000000, 0x0000000086000000| Untracked 
|   1|0x0000000086100000, 0x0000000086100000, 0x0000000086200000|  0%| F|  |TAMS 0x0000000086100000, 0x0000000086100000| Untracked 
|   2|0x0000000086200000, 0x0000000086200000, 0x0000000086300000|  0%| F|  |TAMS 0x0000000086200000, 0x0000000086200000| Untracked 
|   3|0x0000000086300000, 0x0000000086300000, 0x0000000086400000|  0%| F|  |TAMS 0x0000000086300000, 0x0000000086300000| Untracked 
|   4|0x0000000086400000, 0x0000000086400000, 0x0000000086500000|  0%| F|  |TAMS 0x0000000086400000, 0x0000000086400000| Untracked 
|   5|0x0000000086500000, 0x0000000086500000, 0x0000000086600000|  0%| F|  |TAMS 0x0000000086500000, 0x0000000086500000| Untracked 
|   6|0x0000000086600000, 0x0000000086600000, 0x0000000086700000|  0%| F|  |TAMS 0x0000000086600000, 0x0000000086600000| Untracked 
|   7|0x0000000086700000, 0x0000000086700000, 0x0000000086800000|  0%| F|  |TAMS 0x0000000086700000, 0x0000000086700000| Untracked 
|   8|0x0000000086800000, 0x0000000086800000, 0x0000000086900000|  0%| F|  |TAMS 0x0000000086800000, 0x0000000086800000| Untracked 
|   9|0x0000000086900000, 0x0000000086900000, 0x0000000086a00000|  0%| F|  |TAMS 0x0000000086900000, 0x0000000086900000| Untracked 
|  10|0x0000000086a00000, 0x0000000086a00000, 0x0000000086b00000|  0%| F|  |TAMS 0x0000000086a00000, 0x0000000086a00000| Untracked 
|  11|0x0000000086b00000, 0x0000000086b00000, 0x0000000086c00000|  0%| F|  |TAMS 0x0000000086b00000, 0x0000000086b00000| Untracked 
|  12|0x0000000086c00000, 0x0000000086c00000, 0x0000000086d00000|  0%| F|  |TAMS 0x0000000086c00000, 0x0000000086c00000| Untracked 
|  13|0x0000000086d00000, 0x0000000086d00000, 0x0000000086e00000|  0%| F|  |TAMS 0x0000000086d00000, 0x0000000086d00000| Untracked 
|  14|0x0000000086e00000, 0x0000000086e00000, 0x0000000086f00000|  0%| F|  |TAMS 0x0000000086e00000, 0x0000000086e00000| Untracked 
|  15|0x0000000086f00000, 0x0000000086f00000, 0x0000000087000000|  0%| F|  |TAMS 0x0000000086f00000, 0x0000000086f00000| Untracked 
|  16|0x0000000087000000, 0x0000000087000000, 0x0000000087100000|  0%| F|  |TAMS 0x0000000087000000, 0x0000000087000000| Untracked 
|  17|0x0000000087100000, 0x0000000087100000, 0x0000000087200000|  0%| F|  |TAMS 0x0000000087100000, 0x0000000087100000| Untracked 
|  18|0x0000000087200000, 0x0000000087200000, 0x0000000087300000|  0%| F|  |TAMS 0x0000000087200000, 0x0000000087200000| Untracked 
|  19|0x0000000087300000, 0x0000000087300000, 0x0000000087400000|  0%| F|  |TAMS 0x0000000087300000, 0x0000000087300000| Untracked 
|  20|0x0000000087400000, 0x0000000087400000, 0x0000000087500000|  0%| F|  |TAMS 0x0000000087400000, 0x0000000087400000| Untracked 
|  21|0x0000000087500000, 0x0000000087500000, 0x0000000087600000|  0%| F|  |TAMS 0x0000000087500000, 0x0000000087500000| Untracked 
|  22|0x0000000087600000, 0x0000000087600000, 0x0000000087700000|  0%| F|  |TAMS 0x0000000087600000, 0x0000000087600000| Untracked 
|  23|0x0000000087700000, 0x0000000087700000, 0x0000000087800000|  0%| F|  |TAMS 0x0000000087700000, 0x0000000087700000| Untracked 
|  24|0x0000000087800000, 0x0000000087800000, 0x0000000087900000|  0%| F|  |TAMS 0x0000000087800000, 0x0000000087800000| Untracked 
|  25|0x0000000087900000, 0x0000000087900000, 0x0000000087a00000|  0%| F|  |TAMS 0x0000000087900000, 0x0000000087900000| Untracked 
|  26|0x0000000087a00000, 0x0000000087a00000, 0x0000000087b00000|  0%| F|  |TAMS 0x0000000087a00000, 0x0000000087a00000| Untracked 
|  27|0x0000000087b00000, 0x0000000087b00000, 0x0000000087c00000|  0%| F|  |TAMS 0x0000000087b00000, 0x0000000087b00000| Untracked 
|  28|0x0000000087c00000, 0x0000000087c00000, 0x0000000087d00000|  0%| F|  |TAMS 0x0000000087c00000, 0x0000000087c00000| Untracked 
|  29|0x0000000087d00000, 0x0000000087d00000, 0x0000000087e00000|  0%| F|  |TAMS 0x0000000087d00000, 0x0000000087d00000| Untracked 
|  30|0x0000000087e00000, 0x0000000087e00000, 0x0000000087f00000|  0%| F|  |TAMS 0x0000000087e00000, 0x0000000087e00000| Untracked 
|  31|0x0000000087f00000, 0x0000000087f00000, 0x0000000088000000|  0%| F|  |TAMS 0x0000000087f00000, 0x0000000087f00000| Untracked 
|  32|0x0000000088000000, 0x0000000088000000, 0x0000000088100000|  0%| F|  |TAMS 0x0000000088000000, 0x0000000088000000| Untracked 
|  33|0x0000000088100000, 0x0000000088100000, 0x0000000088200000|  0%| F|  |TAMS 0x0000000088100000, 0x0000000088100000| Untracked 
|  34|0x0000000088200000, 0x0000000088200000, 0x0000000088300000|  0%| F|  |TAMS 0x0000000088200000, 0x0000000088200000| Untracked 
|  35|0x0000000088300000, 0x0000000088300000, 0x0000000088400000|  0%| F|  |TAMS 0x0000000088300000, 0x0000000088300000| Untracked 
|  36|0x0000000088400000, 0x0000000088400000, 0x0000000088500000|  0%| F|  |TAMS 0x0000000088400000, 0x0000000088400000| Untracked 
|  37|0x0000000088500000, 0x0000000088500000, 0x0000000088600000|  0%| F|  |TAMS 0x0000000088500000, 0x0000000088500000| Untracked 
|  38|0x0000000088600000, 0x0000000088600000, 0x0000000088700000|  0%| F|  |TAMS 0x0000000088600000, 0x0000000088600000| Untracked 
|  39|0x0000000088700000, 0x0000000088700000, 0x0000000088800000|  0%| F|  |TAMS 0x0000000088700000, 0x0000000088700000| Untracked 
|  40|0x0000000088800000, 0x0000000088800000, 0x0000000088900000|  0%| F|  |TAMS 0x0000000088800000, 0x0000000088800000| Untracked 
|  41|0x0000000088900000, 0x0000000088900000, 0x0000000088a00000|  0%| F|  |TAMS 0x0000000088900000, 0x0000000088900000| Untracked 
|  42|0x0000000088a00000, 0x0000000088a00000, 0x0000000088b00000|  0%| F|  |TAMS 0x0000000088a00000, 0x0000000088a00000| Untracked 
|  43|0x0000000088b00000, 0x0000000088b00000, 0x0000000088c00000|  0%| F|  |TAMS 0x0000000088b00000, 0x0000000088b00000| Untracked 
|  44|0x0000000088c00000, 0x0000000088c00000, 0x0000000088d00000|  0%| F|  |TAMS 0x0000000088c00000, 0x0000000088c00000| Untracked 
|  45|0x0000000088d00000, 0x0000000088d00000, 0x0000000088e00000|  0%| F|  |TAMS 0x0000000088d00000, 0x0000000088d00000| Untracked 
|  46|0x0000000088e00000, 0x0000000088e00000, 0x0000000088f00000|  0%| F|  |TAMS 0x0000000088e00000, 0x0000000088e00000| Untracked 
|  47|0x0000000088f00000, 0x0000000088f00000, 0x0000000089000000|  0%| F|  |TAMS 0x0000000088f00000, 0x0000000088f00000| Untracked 
|  48|0x0000000089000000, 0x0000000089000000, 0x0000000089100000|  0%| F|  |TAMS 0x0000000089000000, 0x0000000089000000| Untracked 
|  49|0x0000000089100000, 0x0000000089100000, 0x0000000089200000|  0%| F|  |TAMS 0x0000000089100000, 0x0000000089100000| Untracked 
|  50|0x0000000089200000, 0x0000000089200000, 0x0000000089300000|  0%| F|  |TAMS 0x0000000089200000, 0x0000000089200000| Untracked 
|  51|0x0000000089300000, 0x0000000089300000, 0x0000000089400000|  0%| F|  |TAMS 0x0000000089300000, 0x0000000089300000| Untracked 
|  52|0x0000000089400000, 0x0000000089400000, 0x0000000089500000|  0%| F|  |TAMS 0x0000000089400000, 0x0000000089400000| Untracked 
|  53|0x0000000089500000, 0x0000000089500000, 0x0000000089600000|  0%| F|  |TAMS 0x0000000089500000, 0x0000000089500000| Untracked 
|  54|0x0000000089600000, 0x0000000089600000, 0x0000000089700000|  0%| F|  |TAMS 0x0000000089600000, 0x0000000089600000| Untracked 
|  55|0x0000000089700000, 0x0000000089700000, 0x0000000089800000|  0%| F|  |TAMS 0x0000000089700000, 0x0000000089700000| Untracked 
|  56|0x0000000089800000, 0x0000000089800000, 0x0000000089900000|  0%| F|  |TAMS 0x0000000089800000, 0x0000000089800000| Untracked 
|  57|0x0000000089900000, 0x0000000089900000, 0x0000000089a00000|  0%| F|  |TAMS 0x0000000089900000, 0x0000000089900000| Untracked 
|  58|0x0000000089a00000, 0x0000000089a00000, 0x0000000089b00000|  0%| F|  |TAMS 0x0000000089a00000, 0x0000000089a00000| Untracked 
|  59|0x0000000089b00000, 0x0000000089b00000, 0x0000000089c00000|  0%| F|  |TAMS 0x0000000089b00000, 0x0000000089b00000| Untracked 
|  60|0x0000000089c00000, 0x0000000089c00000, 0x0000000089d00000|  0%| F|  |TAMS 0x0000000089c00000, 0x0000000089c00000| Untracked 
|  61|0x0000000089d00000, 0x0000000089d00000, 0x0000000089e00000|  0%| F|  |TAMS 0x0000000089d00000, 0x0000000089d00000| Untracked 
|  62|0x0000000089e00000, 0x0000000089e00000, 0x0000000089f00000|  0%| F|  |TAMS 0x0000000089e00000, 0x0000000089e00000| Untracked 
|  63|0x0000000089f00000, 0x0000000089f00000, 0x000000008a000000|  0%| F|  |TAMS 0x0000000089f00000, 0x0000000089f00000| Untracked 
|  64|0x000000008a000000, 0x000000008a000000, 0x000000008a100000|  0%| F|  |TAMS 0x000000008a000000, 0x000000008a000000| Untracked 
|  65|0x000000008a100000, 0x000000008a100000, 0x000000008a200000|  0%| F|  |TAMS 0x000000008a100000, 0x000000008a100000| Untracked 
|  66|0x000000008a200000, 0x000000008a200000, 0x000000008a300000|  0%| F|  |TAMS 0x000000008a200000, 0x000000008a200000| Untracked 
|  67|0x000000008a300000, 0x000000008a300000, 0x000000008a400000|  0%| F|  |TAMS 0x000000008a300000, 0x000000008a300000| Untracked 
|  68|0x000000008a400000, 0x000000008a400000, 0x000000008a500000|  0%| F|  |TAMS 0x000000008a400000, 0x000000008a400000| Untracked 
|  69|0x000000008a500000, 0x000000008a500000, 0x000000008a600000|  0%| F|  |TAMS 0x000000008a500000, 0x000000008a500000| Untracked 
|  70|0x000000008a600000, 0x000000008a600000, 0x000000008a700000|  0%| F|  |TAMS 0x000000008a600000, 0x000000008a600000| Untracked 
|  71|0x000000008a700000, 0x000000008a700000, 0x000000008a800000|  0%| F|  |TAMS 0x000000008a700000, 0x000000008a700000| Untracked 
|  72|0x000000008a800000, 0x000000008a800000, 0x000000008a900000|  0%| F|  |TAMS 0x000000008a800000, 0x000000008a800000| Untracked 
|  73|0x000000008a900000, 0x000000008a900000, 0x000000008aa00000|  0%| F|  |TAMS 0x000000008a900000, 0x000000008a900000| Untracked 
|  74|0x000000008aa00000, 0x000000008aa00000, 0x000000008ab00000|  0%| F|  |TAMS 0x000000008aa00000, 0x000000008aa00000| Untracked 
|  75|0x000000008ab00000, 0x000000008ab00000, 0x000000008ac00000|  0%| F|  |TAMS 0x000000008ab00000, 0x000000008ab00000| Untracked 
|  76|0x000000008ac00000, 0x000000008ac00000, 0x000000008ad00000|  0%| F|  |TAMS 0x000000008ac00000, 0x000000008ac00000| Untracked 
|  77|0x000000008ad00000, 0x000000008ad00000, 0x000000008ae00000|  0%| F|  |TAMS 0x000000008ad00000, 0x000000008ad00000| Untracked 
|  78|0x000000008ae00000, 0x000000008ae00000, 0x000000008af00000|  0%| F|  |TAMS 0x000000008ae00000, 0x000000008ae00000| Untracked 
|  79|0x000000008af00000, 0x000000008af00000, 0x000000008b000000|  0%| F|  |TAMS 0x000000008af00000, 0x000000008af00000| Untracked 
|  80|0x000000008b000000, 0x000000008b000000, 0x000000008b100000|  0%| F|  |TAMS 0x000000008b000000, 0x000000008b000000| Untracked 
|  81|0x000000008b100000, 0x000000008b100000, 0x000000008b200000|  0%| F|  |TAMS 0x000000008b100000, 0x000000008b100000| Untracked 
|  82|0x000000008b200000, 0x000000008b200000, 0x000000008b300000|  0%| F|  |TAMS 0x000000008b200000, 0x000000008b200000| Untracked 
|  83|0x000000008b300000, 0x000000008b300000, 0x000000008b400000|  0%| F|  |TAMS 0x000000008b300000, 0x000000008b300000| Untracked 
|  84|0x000000008b400000, 0x000000008b400000, 0x000000008b500000|  0%| F|  |TAMS 0x000000008b400000, 0x000000008b400000| Untracked 
|  85|0x000000008b500000, 0x000000008b500000, 0x000000008b600000|  0%| F|  |TAMS 0x000000008b500000, 0x000000008b500000| Untracked 
|  86|0x000000008b600000, 0x000000008b600000, 0x000000008b700000|  0%| F|  |TAMS 0x000000008b600000, 0x000000008b600000| Untracked 
|  87|0x000000008b700000, 0x000000008b700000, 0x000000008b800000|  0%| F|  |TAMS 0x000000008b700000, 0x000000008b700000| Untracked 
|  88|0x000000008b800000, 0x000000008b800000, 0x000000008b900000|  0%| F|  |TAMS 0x000000008b800000, 0x000000008b800000| Untracked 
|  89|0x000000008b900000, 0x000000008b900000, 0x000000008ba00000|  0%| F|  |TAMS 0x000000008b900000, 0x000000008b900000| Untracked 
|  90|0x000000008ba00000, 0x000000008ba00000, 0x000000008bb00000|  0%| F|  |TAMS 0x000000008ba00000, 0x000000008ba00000| Untracked 
|  91|0x000000008bb00000, 0x000000008bb00000, 0x000000008bc00000|  0%| F|  |TAMS 0x000000008bb00000, 0x000000008bb00000| Untracked 
|  92|0x000000008bc00000, 0x000000008bc00000, 0x000000008bd00000|  0%| F|  |TAMS 0x000000008bc00000, 0x000000008bc00000| Untracked 
|  93|0x000000008bd00000, 0x000000008bd00000, 0x000000008be00000|  0%| F|  |TAMS 0x000000008bd00000, 0x000000008bd00000| Untracked 
|  94|0x000000008be00000, 0x000000008be00000, 0x000000008bf00000|  0%| F|  |TAMS 0x000000008be00000, 0x000000008be00000| Untracked 
|  95|0x000000008bf00000, 0x000000008bf00000, 0x000000008c000000|  0%| F|  |TAMS 0x000000008bf00000, 0x000000008bf00000| Untracked 
|  96|0x000000008c000000, 0x000000008c000000, 0x000000008c100000|  0%| F|  |TAMS 0x000000008c000000, 0x000000008c000000| Untracked 
|  97|0x000000008c100000, 0x000000008c100000, 0x000000008c200000|  0%| F|  |TAMS 0x000000008c100000, 0x000000008c100000| Untracked 
|  98|0x000000008c200000, 0x000000008c200000, 0x000000008c300000|  0%| F|  |TAMS 0x000000008c200000, 0x000000008c200000| Untracked 
|  99|0x000000008c300000, 0x000000008c300000, 0x000000008c400000|  0%| F|  |TAMS 0x000000008c300000, 0x000000008c300000| Untracked 
| 100|0x000000008c400000, 0x000000008c400000, 0x000000008c500000|  0%| F|  |TAMS 0x000000008c400000, 0x000000008c400000| Untracked 
| 101|0x000000008c500000, 0x000000008c500000, 0x000000008c600000|  0%| F|  |TAMS 0x000000008c500000, 0x000000008c500000| Untracked 
| 102|0x000000008c600000, 0x000000008c600000, 0x000000008c700000|  0%| F|  |TAMS 0x000000008c600000, 0x000000008c600000| Untracked 
| 103|0x000000008c700000, 0x000000008c700000, 0x000000008c800000|  0%| F|  |TAMS 0x000000008c700000, 0x000000008c700000| Untracked 
| 104|0x000000008c800000, 0x000000008c800000, 0x000000008c900000|  0%| F|  |TAMS 0x000000008c800000, 0x000000008c800000| Untracked 
| 105|0x000000008c900000, 0x000000008c900000, 0x000000008ca00000|  0%| F|  |TAMS 0x000000008c900000, 0x000000008c900000| Untracked 
| 106|0x000000008ca00000, 0x000000008ca00000, 0x000000008cb00000|  0%| F|  |TAMS 0x000000008ca00000, 0x000000008ca00000| Untracked 
| 107|0x000000008cb00000, 0x000000008cb00000, 0x000000008cc00000|  0%| F|  |TAMS 0x000000008cb00000, 0x000000008cb00000| Untracked 
| 108|0x000000008cc00000, 0x000000008cc00000, 0x000000008cd00000|  0%| F|  |TAMS 0x000000008cc00000, 0x000000008cc00000| Untracked 
| 109|0x000000008cd00000, 0x000000008cd00000, 0x000000008ce00000|  0%| F|  |TAMS 0x000000008cd00000, 0x000000008cd00000| Untracked 
| 110|0x000000008ce00000, 0x000000008ce00000, 0x000000008cf00000|  0%| F|  |TAMS 0x000000008ce00000, 0x000000008ce00000| Untracked 
| 111|0x000000008cf00000, 0x000000008cff6470, 0x000000008d000000| 96%| E|  |TAMS 0x000000008cf00000, 0x000000008cf00000| Complete 
| 112|0x000000008d000000, 0x000000008d100000, 0x000000008d100000|100%| E|CS|TAMS 0x000000008d000000, 0x000000008d000000| Complete 
| 113|0x000000008d100000, 0x000000008d200000, 0x000000008d200000|100%| E|CS|TAMS 0x000000008d100000, 0x000000008d100000| Complete 
| 114|0x000000008d200000, 0x000000008d300000, 0x000000008d300000|100%| E|CS|TAMS 0x000000008d200000, 0x000000008d200000| Complete 
| 115|0x000000008d300000, 0x000000008d400000, 0x000000008d400000|100%| E|CS|TAMS 0x000000008d300000, 0x000000008d300000| Complete 
| 116|0x000000008d400000, 0x000000008d500000, 0x000000008d500000|100%| E|CS|TAMS 0x000000008d400000, 0x000000008d400000| Complete 
| 117|0x000000008d500000, 0x000000008d600000, 0x000000008d600000|100%| E|CS|TAMS 0x000000008d500000, 0x000000008d500000| Complete 
| 118|0x000000008d600000, 0x000000008d700000, 0x000000008d700000|100%| E|  |TAMS 0x000000008d600000, 0x000000008d600000| Complete 
| 119|0x000000008d700000, 0x000000008d800000, 0x000000008d800000|100%| E|CS|TAMS 0x000000008d700000, 0x000000008d700000| Complete 
| 120|0x000000008d800000, 0x000000008d900000, 0x000000008d900000|100%| E|CS|TAMS 0x000000008d800000, 0x000000008d800000| Complete 
| 121|0x000000008d900000, 0x000000008da00000, 0x000000008da00000|100%| E|CS|TAMS 0x000000008d900000, 0x000000008d900000| Complete 
|1950|0x00000000ffe00000, 0x00000000ffe48000, 0x00000000fff00000| 28%|OA|  |TAMS 0x00000000ffe00000, 0x00000000ffe00000| Untracked 
|1951|0x00000000fff00000, 0x00000000fff6c000, 0x0000000100000000| 42%|CA|  |TAMS 0x00000000fff00000, 0x00000000fff00000| Untracked 

Card table byte_map: [0x00007f4b24e13000,0x00007f4b251e3000] _byte_map_base: 0x00007f4b249e3000

Marking Bits (Prev, Next): (CMBitMap*) 0x00007f4b20059478, (CMBitMap*) 0x00007f4b200594b0
 Prev Bits: [0x00007f4b02180000, 0x00007f4b04000000)
 Next Bits: [0x00007f4b00300000, 0x00007f4b02180000)

Polling page: 0x00007f4b281aa000

Metaspace:

Usage:
  Non-class:      5.76 MB capacity,     3.30 MB ( 57%) used,     2.46 MB ( 43%) free+waste,     5.62 KB ( <1%) overhead. 
      Class:    681.00 KB capacity,   394.67 KB ( 58%) used,   283.45 KB ( 42%) free+waste,     2.88 KB ( <1%) overhead. 
       Both:      6.42 MB capacity,     3.68 MB ( 57%) used,     2.73 MB ( 43%) free+waste,     8.50 KB ( <1%) overhead. 

Virtual space:
  Non-class space:        8.00 MB reserved,       6.00 MB ( 75%) committed 
      Class space:        1.00 GB reserved,     768.00 KB ( <1%) committed 
             Both:        1.01 GB reserved,       6.75 MB ( <1%) committed 

Chunk freelists:
   Non-Class:  0 bytes
       Class:  0 bytes
        Both:  0 bytes

MaxMetaspaceSize: unlimited
CompressedClassSpaceSize: 1.00 GB
Initial GC threshold: 20.80 MB
Current GC threshold: 20.80 MB
CDS: on

CodeHeap 'non-profiled nmethods': size=119172Kb used=223Kb max_used=223Kb free=118948Kb
 bounds [0x00007f4b1035e000, 0x00007f4b105ce000, 0x00007f4b177bf000]
CodeHeap 'profiled nmethods': size=119168Kb used=1758Kb max_used=1758Kb free=117410Kb
 bounds [0x00007f4b08efe000, 0x00007f4b0916e000, 0x00007f4b1035e000]
CodeHeap 'non-nmethods': size=7420Kb used=1765Kb max_used=1793Kb free=5654Kb
 bounds [0x00007f4b087bf000, 0x00007f4b08a2f000, 0x00007f4b08efe000]
 total_blobs=1271 nmethods=872 adapters=320
 compilation: enabled
              stopped_count=0, restarted_count=0
 full_count=0

Compilation events (20 events):
Event: 1.744 Thread 0x00007f4ab008e800  867       4       java.lang.StringBuilder::<init> (7 bytes)
Event: 1.744 Thread 0x00007f4ad407d000 nmethod 860 0x00007f4b090ad990 code [0x00007f4b090adca0, 0x00007f4b090aeb50]
Event: 1.744 Thread 0x00007f4ad407d000  863       3       java.lang.invoke.LambdaForm$NamedFunction::returnType (11 bytes)
Event: 1.745 Thread 0x00007f4ad407d000 nmethod 863 0x00007f4b090af190 code [0x00007f4b090af3a0, 0x00007f4b090af840]
Event: 1.745 Thread 0x00007f4ad407d000  861   !   3       java.lang.invoke.MemberName::getFieldType (177 bytes)
Event: 1.745 Thread 0x00007f4b2014e000 nmethod 862 0x00007f4b090afa90 code [0x00007f4b090afcc0, 0x00007f4b090b02c0]
Event: 1.745 Thread 0x00007f4b2014e000  865       3       java.lang.invoke.InvokerBytecodeGenerator::emitImplicitConversion (159 bytes)
Event: 1.745 Thread 0x00007f4ab008e800 nmethod 867 0x00007f4b10395990 code [0x00007f4b10395b20, 0x00007f4b10395cd8]
Event: 1.745 Thread 0x00007f4b2014e000 nmethod 865 0x00007f4b090b0610 code [0x00007f4b090b0960, 0x00007f4b090b19f0]
Event: 1.745 Thread 0x00007f4b2014e000  866       3       jdk.internal.org.objectweb.asm.Frame::get (46 bytes)
Event: 1.745 Thread 0x00007f4b2014e000 nmethod 866 0x00007f4b090b2010 code [0x00007f4b090b21c0, 0x00007f4b090b23d0]
Event: 1.745 Thread 0x00007f4ad407d000 nmethod 861 0x00007f4b090b2490 code [0x00007f4b090b2800, 0x00007f4b090b4050]
Event: 1.750 Thread 0x00007f4b2014e000  869       3       java.util.regex.Pattern::has (15 bytes)
Event: 1.750 Thread 0x00007f4ad407d000  870       3       java.lang.Character::getType (9 bytes)
Event: 1.750 Thread 0x00007f4b2014e000 nmethod 869 0x00007f4b090b4810 code [0x00007f4b090b49c0, 0x00007f4b090b4b30]
Event: 1.750 Thread 0x00007f4b2014e000  871       3       java.lang.CharacterDataLatin1::getType (11 bytes)
Event: 1.750 Thread 0x00007f4ad407d000 nmethod 870 0x00007f4b090b4b90 code [0x00007f4b090b4d60, 0x00007f4b090b4f50]
Event: 1.750 Thread 0x00007f4b2014e000 nmethod 871 0x00007f4b090b5010 code [0x00007f4b090b51c0, 0x00007f4b090b5390]
Event: 1.750 Thread 0x00007f4ad407d000  872       3       java.lang.Character::charCount (12 bytes)
Event: 1.750 Thread 0x00007f4ad407d000 nmethod 872 0x00007f4b090b5490 code [0x00007f4b090b5640, 0x00007f4b090b5770]

GC Heap History (0 events):
No events

Deoptimization events (20 events):
Event: 1.422 Thread 0x00007f4b20016800 DEOPT PACKING pc=0x00007f4b1036e65c sp=0x00007f4b26935cf0
Event: 1.422 Thread 0x00007f4b20016800 DEOPT UNPACKING pc=0x00007f4b08808ea5 sp=0x00007f4b26935c80 mode 2
Event: 1.422 Thread 0x00007f4b20016800 Uncommon trap: trap_request=0xffffffbe fr.pc=0x00007f4b1036e65c relative=0x000000000000029c
Event: 1.422 Thread 0x00007f4b20016800 Uncommon trap: reason=profile_predicate action=maybe_recompile pc=0x00007f4b1036e65c method=java.lang.StringLatin1.indexOf([BI[BII)I @ 18 c2
Event: 1.422 Thread 0x00007f4b20016800 DEOPT PACKING pc=0x00007f4b1036e65c sp=0x00007f4b26935cf0
Event: 1.422 Thread 0x00007f4b20016800 DEOPT UNPACKING pc=0x00007f4b08808ea5 sp=0x00007f4b26935c80 mode 2
Event: 1.494 Thread 0x00007f4b20016800 DEOPT PACKING pc=0x00007f4b08f88974 sp=0x00007f4b269367d0
Event: 1.494 Thread 0x00007f4b20016800 DEOPT UNPACKING pc=0x00007f4b0880964a sp=0x00007f4b26935d38 mode 1
Event: 1.495 Thread 0x00007f4b20016800 DEOPT PACKING pc=0x00007f4b08f5c1fe sp=0x00007f4b26936510
Event: 1.495 Thread 0x00007f4b20016800 DEOPT UNPACKING pc=0x00007f4b0880964a sp=0x00007f4b26935998 mode 0
Event: 1.495 Thread 0x00007f4b20016800 DEOPT PACKING pc=0x00007f4b08f88974 sp=0x00007f4b269367d0
Event: 1.495 Thread 0x00007f4b20016800 DEOPT UNPACKING pc=0x00007f4b0880964a sp=0x00007f4b26935d38 mode 1
Event: 1.519 Thread 0x00007f4b20016800 DEOPT PACKING pc=0x00007f4b08fdf70a sp=0x00007f4b26936460
Event: 1.519 Thread 0x00007f4b20016800 DEOPT UNPACKING pc=0x00007f4b0880964a sp=0x00007f4b26935908 mode 0
Event: 1.643 Thread 0x00007f4b20016800 DEOPT PACKING pc=0x00007f4b08f376e2 sp=0x00007f4b26934ce0
Event: 1.643 Thread 0x00007f4b20016800 DEOPT UNPACKING pc=0x00007f4b0880964a sp=0x00007f4b269341f0 mode 0
Event: 1.729 Thread 0x00007f4b20016800 Uncommon trap: trap_request=0xffffff76 fr.pc=0x00007f4b10367de8 relative=0x0000000000000148
Event: 1.729 Thread 0x00007f4b20016800 Uncommon trap: reason=loop_limit_check action=maybe_recompile pc=0x00007f4b10367de8 method=java.lang.StringLatin1.lastIndexOf([BII)I @ 19 c2
Event: 1.729 Thread 0x00007f4b20016800 DEOPT PACKING pc=0x00007f4b10367de8 sp=0x00007f4b26937260
Event: 1.729 Thread 0x00007f4b20016800 DEOPT UNPACKING pc=0x00007f4b08808ea5 sp=0x00007f4b26937210 mode 2

Classes redefined (0 events):
No events

Internal exceptions (20 events):
Event: 1.495 Thread 0x00007f4b20016800 Exception <a 'java/security/PrivilegedActionException'{0x000000008d34d508}> (0x000000008d34d508) thrown at [./src/hotspot/share/prims/jvm.cpp, line 1304]
Event: 1.495 Thread 0x00007f4b20016800 Exception <a 'java/security/PrivilegedActionException'{0x000000008d34d7d8}> (0x000000008d34d7d8) thrown at [./src/hotspot/share/prims/jvm.cpp, line 1304]
Event: 1.495 Thread 0x00007f4b20016800 Exception <a 'java/security/PrivilegedActionException'{0x000000008d34e1e8}> (0x000000008d34e1e8) thrown at [./src/hotspot/share/prims/jvm.cpp, line 1304]
Event: 1.495 Thread 0x00007f4b20016800 Exception <a 'java/security/PrivilegedActionException'{0x000000008d34e4b8}> (0x000000008d34e4b8) thrown at [./src/hotspot/share/prims/jvm.cpp, line 1304]
Event: 1.495 Thread 0x00007f4b20016800 Exception <a 'java/security/PrivilegedActionException'{0x000000008d34eee8}> (0x000000008d34eee8) thrown at [./src/hotspot/share/prims/jvm.cpp, line 1304]
Event: 1.495 Thread 0x00007f4b20016800 Exception <a 'java/security/PrivilegedActionException'{0x000000008d34f1b8}> (0x000000008d34f1b8) thrown at [./src/hotspot/share/prims/jvm.cpp, line 1304]
Event: 1.495 Thread 0x00007f4b20016800 Exception <a 'java/security/PrivilegedActionException'{0x000000008d34fbd0}> (0x000000008d34fbd0) thrown at [./src/hotspot/share/prims/jvm.cpp, line 1304]
Event: 1.495 Thread 0x00007f4b20016800 Exception <a 'java/security/PrivilegedActionException'{0x000000008d34fea0}> (0x000000008d34fea0) thrown at [./src/hotspot/share/prims/jvm.cpp, line 1304]
Event: 1.495 Thread 0x00007f4b20016800 Exception <a 'java/security/PrivilegedActionException'{0x000000008d3508b8}> (0x000000008d3508b8) thrown at [./src/hotspot/share/prims/jvm.cpp, line 1304]
Event: 1.495 Thread 0x00007f4b20016800 Exception <a 'java/security/PrivilegedActionException'{0x000000008d350b88}> (0x000000008d350b88) thrown at [./src/hotspot/share/prims/jvm.cpp, line 1304]
Event: 1.495 Thread 0x00007f4b20016800 Exception <a 'java/security/PrivilegedActionException'{0x000000008d3515c0}> (0x000000008d3515c0) thrown at [./src/hotspot/share/prims/jvm.cpp, line 1304]
Event: 1.495 Thread 0x00007f4b20016800 Exception <a 'java/security/PrivilegedActionException'{0x000000008d351890}> (0x000000008d351890) thrown at [./src/hotspot/share/prims/jvm.cpp, line 1304]
Event: 1.495 Thread 0x00007f4b20016800 Exception <a 'java/security/PrivilegedActionException'{0x000000008d3522c0}> (0x000000008d3522c0) thrown at [./src/hotspot/share/prims/jvm.cpp, line 1304]
Event: 1.495 Thread 0x00007f4b20016800 Exception <a 'java/security/PrivilegedActionException'{0x000000008d352590}> (0x000000008d352590) thrown at [./src/hotspot/share/prims/jvm.cpp, line 1304]
Event: 1.495 Thread 0x00007f4b20016800 Exception <a 'java/security/PrivilegedActionException'{0x000000008d352fc8}> (0x000000008d352fc8) thrown at [./src/hotspot/share/prims/jvm.cpp, line 1304]
Event: 1.495 Thread 0x00007f4b20016800 Exception <a 'java/security/PrivilegedActionException'{0x000000008d353298}> (0x000000008d353298) thrown at [./src/hotspot/share/prims/jvm.cpp, line 1304]
Event: 1.495 Thread 0x00007f4b20016800 Exception <a 'java/security/PrivilegedActionException'{0x000000008d353cb0}> (0x000000008d353cb0) thrown at [./src/hotspot/share/prims/jvm.cpp, line 1304]
Event: 1.495 Thread 0x00007f4b20016800 Exception <a 'java/security/PrivilegedActionException'{0x000000008d353f80}> (0x000000008d353f80) thrown at [./src/hotspot/share/prims/jvm.cpp, line 1304]
Event: 1.495 Thread 0x00007f4b20016800 Exception <a 'java/security/PrivilegedActionException'{0x000000008d3549d0}> (0x000000008d3549d0) thrown at [./src/hotspot/share/prims/jvm.cpp, line 1304]
Event: 1.495 Thread 0x00007f4b20016800 Exception <a 'java/security/PrivilegedActionException'{0x000000008d354ca0}> (0x000000008d354ca0) thrown at [./src/hotspot/share/prims/jvm.cpp, line 1304]

Events (20 events):
Event: 3.995 Executing VM operation: ChangeSingleStep
Event: 3.996 Executing VM operation: ChangeSingleStep done
Event: 3.996 Executing VM operation: ChangeSingleStep
Event: 3.996 Executing VM operation: ChangeSingleStep done
Event: 3.996 Executing VM operation: ThreadsSuspendJVMTI
Event: 3.996 Executing VM operation: ThreadsSuspendJVMTI done
Event: 3.997 Executing VM operation: GetFrameCount
Event: 3.997 Executing VM operation: GetFrameCount done
Event: 3.998 Executing VM operation: GetFrameCount
Event: 3.998 Executing VM operation: GetFrameCount done
Event: 3.998 Executing VM operation: GetStackTrace
Event: 3.998 Executing VM operation: GetStackTrace done
Event: 4.000 Executing VM operation: GetOrSetLocal
Event: 4.000 Executing VM operation: GetOrSetLocal done
Event: 4.000 Executing VM operation: GetOrSetLocal
Event: 4.000 Executing VM operation: GetOrSetLocal done
Event: 4.001 Executing VM operation: GetFrameLocation
Event: 4.001 Executing VM operation: GetFrameLocation done
Event: 4.001 Executing VM operation: GetOrSetLocal
Event: 4.001 Executing VM operation: GetOrSetLocal done


Dynamic libraries:
86000000-8da00000 rw-p 00000000 00:00 0 
8da00000-ffe00000 ---p 00000000 00:00 0 
ffe00000-ffe48000 rw-p 00b14000 08:20 29394                              /usr/lib/jvm/java-11-openjdk-amd64/lib/server/classes.jsa
ffe48000-fff00000 rw-p 00000000 00:00 0 
fff00000-fff6c000 rw-p 00aa8000 08:20 29394                              /usr/lib/jvm/java-11-openjdk-amd64/lib/server/classes.jsa
fff6c000-100000000 rw-p 00000000 00:00 0 
800000000-800002000 rwxp 00001000 08:20 29394                            /usr/lib/jvm/java-11-openjdk-amd64/lib/server/classes.jsa
800002000-800aa7000 rw-p 00003000 08:20 29394                            /usr/lib/jvm/java-11-openjdk-amd64/lib/server/classes.jsa
840000000-8400c0000 rw-p 00000000 00:00 0 
8400c0000-880000000 ---p 00000000 00:00 0 
5568a7024000-5568a7025000 r--p 00000000 08:20 58380                      /usr/lib/jvm/java-11-openjdk-amd64/bin/java
5568a7025000-5568a7026000 r-xp 00001000 08:20 58380                      /usr/lib/jvm/java-11-openjdk-amd64/bin/java
5568a7026000-5568a7027000 r--p 00002000 08:20 58380                      /usr/lib/jvm/java-11-openjdk-amd64/bin/java
5568a7027000-5568a7028000 r--p 00002000 08:20 58380                      /usr/lib/jvm/java-11-openjdk-amd64/bin/java
5568a7028000-5568a7029000 rw-p 00003000 08:20 58380                      /usr/lib/jvm/java-11-openjdk-amd64/bin/java
5568d56cd000-5568d56ee000 rw-p 00000000 00:00 0                          [heap]
7f4aa152c000-7f4aa1e52000 r--p 00000000 08:20 227212                     /home/itshandable/.javacpp/cache/llvm-13.0.1-1.5.7-linux-x86_64.jar/org/bytedeco/llvm/linux-x86_64/libLLVM-13.so
7f4aa1e52000-7f4aa5815000 r-xp 00926000 08:20 227212                     /home/itshandable/.javacpp/cache/llvm-13.0.1-1.5.7-linux-x86_64.jar/org/bytedeco/llvm/linux-x86_64/libLLVM-13.so
7f4aa5815000-7f4aa7a6a000 r--p 042e9000 08:20 227212                     /home/itshandable/.javacpp/cache/llvm-13.0.1-1.5.7-linux-x86_64.jar/org/bytedeco/llvm/linux-x86_64/libLLVM-13.so
7f4aa7a6a000-7f4aa7f7f000 r--p 0653d000 08:20 227212                     /home/itshandable/.javacpp/cache/llvm-13.0.1-1.5.7-linux-x86_64.jar/org/bytedeco/llvm/linux-x86_64/libLLVM-13.so
7f4aa7f7f000-7f4aa7f8a000 rw-p 06a52000 08:20 227212                     /home/itshandable/.javacpp/cache/llvm-13.0.1-1.5.7-linux-x86_64.jar/org/bytedeco/llvm/linux-x86_64/libLLVM-13.so
7f4aa7f8a000-7f4aa8000000 rw-p 00000000 00:00 0 
7f4aa8000000-7f4aa8084000 rw-p 00000000 00:00 0 
7f4aa8084000-7f4aac000000 ---p 00000000 00:00 0 
7f4aac000000-7f4aac04c000 rw-p 00000000 00:00 0 
7f4aac04c000-7f4ab0000000 ---p 00000000 00:00 0 
7f4ab0000000-7f4ab009a000 rw-p 00000000 00:00 0 
7f4ab009a000-7f4ab4000000 ---p 00000000 00:00 0 
7f4ab4000000-7f4ab4021000 rw-p 00000000 00:00 0 
7f4ab4021000-7f4ab8000000 ---p 00000000 00:00 0 
7f4ab8000000-7f4ab8021000 rw-p 00000000 00:00 0 
7f4ab8021000-7f4abc000000 ---p 00000000 00:00 0 
7f4abc000000-7f4abc021000 rw-p 00000000 00:00 0 
7f4abc021000-7f4ac0000000 ---p 00000000 00:00 0 
7f4ac0000000-7f4ac005d000 rw-p 00000000 00:00 0 
7f4ac005d000-7f4ac4000000 ---p 00000000 00:00 0 
7f4ac4000000-7f4ac4021000 rw-p 00000000 00:00 0 
7f4ac4021000-7f4ac8000000 ---p 00000000 00:00 0 
7f4ac8000000-7f4ac8021000 rw-p 00000000 00:00 0 
7f4ac8021000-7f4acc000000 ---p 00000000 00:00 0 
7f4acc000000-7f4acc021000 rw-p 00000000 00:00 0 
7f4acc021000-7f4ad0000000 ---p 00000000 00:00 0 
7f4ad0000000-7f4ad00bf000 rw-p 00000000 00:00 0 
7f4ad00bf000-7f4ad4000000 ---p 00000000 00:00 0 
7f4ad4000000-7f4ad4523000 rw-p 00000000 00:00 0 
7f4ad4523000-7f4ad8000000 ---p 00000000 00:00 0 
7f4ad8000000-7f4ad8021000 rw-p 00000000 00:00 0 
7f4ad8021000-7f4adc000000 ---p 00000000 00:00 0 
7f4adc000000-7f4adc021000 rw-p 00000000 00:00 0 
7f4adc021000-7f4ae0000000 ---p 00000000 00:00 0 
7f4ae0000000-7f4ae0021000 rw-p 00000000 00:00 0 
7f4ae0021000-7f4ae4000000 ---p 00000000 00:00 0 
7f4ae4000000-7f4ae4021000 rw-p 00000000 00:00 0 
7f4ae4021000-7f4ae8000000 ---p 00000000 00:00 0 
7f4ae8000000-7f4ae8021000 rw-p 00000000 00:00 0 
7f4ae8021000-7f4aec000000 ---p 00000000 00:00 0 
7f4aec000000-7f4aec021000 rw-p 00000000 00:00 0 
7f4aec021000-7f4af0000000 ---p 00000000 00:00 0 
7f4af0000000-7f4af0021000 rw-p 00000000 00:00 0 
7f4af0021000-7f4af4000000 ---p 00000000 00:00 0 
7f4af4000000-7f4af4021000 rw-p 00000000 00:00 0 
7f4af4021000-7f4af8000000 ---p 00000000 00:00 0 
7f4af84f7000-7f4af855c000 r--p 00000000 08:20 227234                     /home/itshandable/.javacpp/cache/llvm-13.0.1-1.5.7-linux-x86_64.jar/org/bytedeco/llvm/linux-x86_64/libjniLLVM.so
7f4af855c000-7f4af85ca000 r-xp 00065000 08:20 227234                     /home/itshandable/.javacpp/cache/llvm-13.0.1-1.5.7-linux-x86_64.jar/org/bytedeco/llvm/linux-x86_64/libjniLLVM.so
7f4af85ca000-7f4af85f5000 r--p 000d3000 08:20 227234                     /home/itshandable/.javacpp/cache/llvm-13.0.1-1.5.7-linux-x86_64.jar/org/bytedeco/llvm/linux-x86_64/libjniLLVM.so
7f4af85f5000-7f4af85f8000 r--p 000fd000 08:20 227234                     /home/itshandable/.javacpp/cache/llvm-13.0.1-1.5.7-linux-x86_64.jar/org/bytedeco/llvm/linux-x86_64/libjniLLVM.so
7f4af85f8000-7f4af85fb000 rw-p 00100000 08:20 227234                     /home/itshandable/.javacpp/cache/llvm-13.0.1-1.5.7-linux-x86_64.jar/org/bytedeco/llvm/linux-x86_64/libjniLLVM.so
7f4af85fb000-7f4af85fd000 rw-p 00000000 00:00 0 
7f4af85fd000-7f4af8601000 ---p 00000000 00:00 0 
7f4af8601000-7f4af86fd000 rw-p 00000000 00:00 0 
7f4af86fd000-7f4af8701000 ---p 00000000 00:00 0 
7f4af8701000-7f4af87fd000 rw-p 00000000 00:00 0 
7f4af87fd000-7f4af8801000 ---p 00000000 00:00 0 
7f4af8801000-7f4af88fd000 rw-p 00000000 00:00 0 
7f4af88fd000-7f4af8901000 ---p 00000000 00:00 0 
7f4af8901000-7f4af89fd000 rw-p 00000000 00:00 0 
7f4af89fd000-7f4af89fe000 ---p 00000000 00:00 0 
7f4af89fe000-7f4af8afe000 rw-p 00000000 00:00 0 
7f4af8afe000-7f4af8b02000 ---p 00000000 00:00 0 
7f4af8b02000-7f4af8bfe000 rw-p 00000000 00:00 0 
7f4af8bfe000-7f4af8c02000 ---p 00000000 00:00 0 
7f4af8c02000-7f4af8cfe000 rw-p 00000000 00:00 0 
7f4af8cfe000-7f4af8d02000 ---p 00000000 00:00 0 
7f4af8d02000-7f4af8dfe000 rw-p 00000000 00:00 0 
7f4af8dfe000-7f4af8e02000 ---p 00000000 00:00 0 
7f4af8e02000-7f4af8efe000 rw-p 00000000 00:00 0 
7f4af8efe000-7f4af8f02000 ---p 00000000 00:00 0 
7f4af8f02000-7f4af8ffe000 rw-p 00000000 00:00 0 
7f4af8ffe000-7f4af9002000 ---p 00000000 00:00 0 
7f4af9002000-7f4af90fe000 rw-p 00000000 00:00 0 
7f4af90fe000-7f4af9102000 ---p 00000000 00:00 0 
7f4af9102000-7f4af91fe000 rw-p 00000000 00:00 0 
7f4af91fe000-7f4af9202000 ---p 00000000 00:00 0 
7f4af9202000-7f4af92fe000 rw-p 00000000 00:00 0 
7f4af92fe000-7f4af9302000 ---p 00000000 00:00 0 
7f4af9302000-7f4af93fe000 rw-p 00000000 00:00 0 
7f4af93fe000-7f4af9402000 ---p 00000000 00:00 0 
7f4af9402000-7f4af94fe000 rw-p 00000000 00:00 0 
7f4af94fe000-7f4af9502000 ---p 00000000 00:00 0 
7f4af9502000-7f4af95fe000 rw-p 00000000 00:00 0 
7f4af95fe000-7f4af95ff000 ---p 00000000 00:00 0 
7f4af95ff000-7f4af9cff000 rw-p 00000000 00:00 0 
7f4af9cff000-7f4af9eff000 ---p 00000000 00:00 0 
7f4af9eff000-7f4af9f00000 ---p 00000000 00:00 0 
7f4af9f00000-7f4afc000000 rw-p 00000000 00:00 0 
7f4afc000000-7f4afc021000 rw-p 00000000 00:00 0 
7f4afc021000-7f4b00000000 ---p 00000000 00:00 0 
7f4b00010000-7f4b00017000 r--p 00000000 08:20 227217                     /home/itshandable/.javacpp/cache/llvm-13.0.1-1.5.7-linux-x86_64.jar/org/bytedeco/llvm/linux-x86_64/libLTO.so.13
7f4b00017000-7f4b0001f000 r-xp 00007000 08:20 227217                     /home/itshandable/.javacpp/cache/llvm-13.0.1-1.5.7-linux-x86_64.jar/org/bytedeco/llvm/linux-x86_64/libLTO.so.13
7f4b0001f000-7f4b00021000 r--p 0000f000 08:20 227217                     /home/itshandable/.javacpp/cache/llvm-13.0.1-1.5.7-linux-x86_64.jar/org/bytedeco/llvm/linux-x86_64/libLTO.so.13
7f4b00021000-7f4b00022000 r--p 00010000 08:20 227217                     /home/itshandable/.javacpp/cache/llvm-13.0.1-1.5.7-linux-x86_64.jar/org/bytedeco/llvm/linux-x86_64/libLTO.so.13
7f4b00022000-7f4b00023000 rw-p 00011000 08:20 227217                     /home/itshandable/.javacpp/cache/llvm-13.0.1-1.5.7-linux-x86_64.jar/org/bytedeco/llvm/linux-x86_64/libLTO.so.13
7f4b00023000-7f4b00024000 r--p 00000000 08:20 64938                      /usr/lib/x86_64-linux-gnu/libdl.so.2
7f4b00024000-7f4b00025000 r-xp 00001000 08:20 64938                      /usr/lib/x86_64-linux-gnu/libdl.so.2
7f4b00025000-7f4b00026000 r--p 00002000 08:20 64938                      /usr/lib/x86_64-linux-gnu/libdl.so.2
7f4b00026000-7f4b00027000 r--p 00002000 08:20 64938                      /usr/lib/x86_64-linux-gnu/libdl.so.2
7f4b00027000-7f4b00028000 rw-p 00003000 08:20 64938                      /usr/lib/x86_64-linux-gnu/libdl.so.2
7f4b00028000-7f4b00029000 r--p 00000000 08:20 64948                      /usr/lib/x86_64-linux-gnu/libpthread.so.0
7f4b00029000-7f4b0002a000 r-xp 00001000 08:20 64948                      /usr/lib/x86_64-linux-gnu/libpthread.so.0
7f4b0002a000-7f4b0002b000 r--p 00002000 08:20 64948                      /usr/lib/x86_64-linux-gnu/libpthread.so.0
7f4b0002b000-7f4b0002c000 r--p 00002000 08:20 64948                      /usr/lib/x86_64-linux-gnu/libpthread.so.0
7f4b0002c000-7f4b0002d000 rw-p 00003000 08:20 64948                      /usr/lib/x86_64-linux-gnu/libpthread.so.0
7f4b00036000-7f4b00037000 r--p 00000000 08:20 227228                     /home/itshandable/.javacpp/cache/llvm-13.0.1-1.5.7-linux-x86_64.jar/org/bytedeco/llvm/linux-x86_64/libRemarks.so.13
7f4b00037000-7f4b00038000 r-xp 00001000 08:20 227228                     /home/itshandable/.javacpp/cache/llvm-13.0.1-1.5.7-linux-x86_64.jar/org/bytedeco/llvm/linux-x86_64/libRemarks.so.13
7f4b00038000-7f4b00039000 r--p 00002000 08:20 227228                     /home/itshandable/.javacpp/cache/llvm-13.0.1-1.5.7-linux-x86_64.jar/org/bytedeco/llvm/linux-x86_64/libRemarks.so.13
7f4b00039000-7f4b0003a000 r--p 00002000 08:20 227228                     /home/itshandable/.javacpp/cache/llvm-13.0.1-1.5.7-linux-x86_64.jar/org/bytedeco/llvm/linux-x86_64/libRemarks.so.13
7f4b0003a000-7f4b0003b000 rw-p 00003000 08:20 227228                     /home/itshandable/.javacpp/cache/llvm-13.0.1-1.5.7-linux-x86_64.jar/org/bytedeco/llvm/linux-x86_64/libRemarks.so.13
7f4b0003b000-7f4b0003f000 r--p 00000000 08:20 227196                     /home/itshandable/.javacpp/cache/javacpp-1.5.7-linux-x86_64.jar/org/bytedeco/javacpp/linux-x86_64/libjnijavacpp.so
7f4b0003f000-7f4b00046000 r-xp 00004000 08:20 227196                     /home/itshandable/.javacpp/cache/javacpp-1.5.7-linux-x86_64.jar/org/bytedeco/javacpp/linux-x86_64/libjnijavacpp.so
7f4b00046000-7f4b0004a000 r--p 0000b000 08:20 227196                     /home/itshandable/.javacpp/cache/javacpp-1.5.7-linux-x86_64.jar/org/bytedeco/javacpp/linux-x86_64/libjnijavacpp.so
7f4b0004a000-7f4b0004b000 r--p 0000e000 08:20 227196                     /home/itshandable/.javacpp/cache/javacpp-1.5.7-linux-x86_64.jar/org/bytedeco/javacpp/linux-x86_64/libjnijavacpp.so
7f4b0004b000-7f4b0004c000 rw-p 0000f000 08:20 227196                     /home/itshandable/.javacpp/cache/javacpp-1.5.7-linux-x86_64.jar/org/bytedeco/javacpp/linux-x86_64/libjnijavacpp.so
7f4b0004c000-7f4b000fe000 rw-p 00000000 00:00 0 
7f4b000fe000-7f4b000ff000 ---p 00000000 00:00 0 
7f4b000ff000-7f4b004e8000 rw-p 00000000 00:00 0 
7f4b004e8000-7f4b02178000 ---p 00000000 00:00 0 
7f4b02178000-7f4b02368000 rw-p 00000000 00:00 0 
7f4b02368000-7f4b03ff8000 ---p 00000000 00:00 0 
7f4b03ff8000-7f4b04000000 rw-p 00000000 00:00 0 
7f4b04000000-7f4b04021000 rw-p 00000000 00:00 0 
7f4b04021000-7f4b08000000 ---p 00000000 00:00 0 
7f4b08000000-7f4b08004000 r--p 00000000 08:20 58728                      /usr/lib/jvm/java-11-openjdk-amd64/lib/libnet.so
7f4b08004000-7f4b08012000 r-xp 00004000 08:20 58728                      /usr/lib/jvm/java-11-openjdk-amd64/lib/libnet.so
7f4b08012000-7f4b08016000 r--p 00012000 08:20 58728                      /usr/lib/jvm/java-11-openjdk-amd64/lib/libnet.so
7f4b08016000-7f4b08017000 r--p 00015000 08:20 58728                      /usr/lib/jvm/java-11-openjdk-amd64/lib/libnet.so
7f4b08017000-7f4b08018000 rw-p 00016000 08:20 58728                      /usr/lib/jvm/java-11-openjdk-amd64/lib/libnet.so
7f4b08018000-7f4b0801f000 r--p 00000000 08:20 58729                      /usr/lib/jvm/java-11-openjdk-amd64/lib/libnio.so
7f4b0801f000-7f4b08027000 r-xp 00007000 08:20 58729                      /usr/lib/jvm/java-11-openjdk-amd64/lib/libnio.so
7f4b08027000-7f4b0802a000 r--p 0000f000 08:20 58729                      /usr/lib/jvm/java-11-openjdk-amd64/lib/libnio.so
7f4b0802a000-7f4b0802b000 r--p 00011000 08:20 58729                      /usr/lib/jvm/java-11-openjdk-amd64/lib/libnio.so
7f4b0802b000-7f4b0802c000 rw-p 00012000 08:20 58729                      /usr/lib/jvm/java-11-openjdk-amd64/lib/libnio.so
7f4b0802c000-7f4b0802e000 r--p 00000000 08:20 58709                      /usr/lib/jvm/java-11-openjdk-amd64/lib/libdt_socket.so
7f4b0802e000-7f4b08031000 r-xp 00002000 08:20 58709                      /usr/lib/jvm/java-11-openjdk-amd64/lib/libdt_socket.so
7f4b08031000-7f4b08032000 r--p 00005000 08:20 58709                      /usr/lib/jvm/java-11-openjdk-amd64/lib/libdt_socket.so
7f4b08032000-7f4b08033000 ---p 00006000 08:20 58709                      /usr/lib/jvm/java-11-openjdk-amd64/lib/libdt_socket.so
7f4b08033000-7f4b08034000 r--p 00006000 08:20 58709                      /usr/lib/jvm/java-11-openjdk-amd64/lib/libdt_socket.so
7f4b08034000-7f4b08035000 rw-p 00007000 08:20 58709                      /usr/lib/jvm/java-11-openjdk-amd64/lib/libdt_socket.so
7f4b08035000-7f4b087bf000 rw-p 00000000 00:00 0 
7f4b087bf000-7f4b08a2f000 rwxp 00000000 00:00 0 
7f4b08a2f000-7f4b08efe000 ---p 00000000 00:00 0 
7f4b08efe000-7f4b0916e000 rwxp 00000000 00:00 0 
7f4b0916e000-7f4b1035e000 ---p 00000000 00:00 0 
7f4b1035e000-7f4b105ce000 rwxp 00000000 00:00 0 
7f4b105ce000-7f4b177bf000 ---p 00000000 00:00 0 
7f4b177bf000-7f4b20000000 r--s 00000000 08:20 58738                      /usr/lib/jvm/java-11-openjdk-amd64/lib/modules
7f4b20000000-7f4b203a3000 rw-p 00000000 00:00 0 
7f4b203a3000-7f4b24000000 ---p 00000000 00:00 0 
7f4b24000000-7f4b24749000 rw-p 00000000 00:00 0 
7f4b24749000-7f4b2474a000 ---p 00000000 00:00 0 
7f4b2474a000-7f4b2484a000 rw-p 00000000 00:00 0 
7f4b2484a000-7f4b2484b000 ---p 00000000 00:00 0 
7f4b2484b000-7f4b24a80000 rw-p 00000000 00:00 0 
7f4b24a80000-7f4b24e12000 ---p 00000000 00:00 0 
7f4b24e12000-7f4b24e50000 rw-p 00000000 00:00 0 
7f4b24e50000-7f4b251e2000 ---p 00000000 00:00 0 
7f4b251e2000-7f4b25220000 rw-p 00000000 00:00 0 
7f4b25220000-7f4b255b2000 ---p 00000000 00:00 0 
7f4b255b2000-7f4b264c2000 rw-p 00000000 00:00 0 
7f4b264c2000-7f4b264c3000 ---p 00000000 00:00 0 
7f4b264c3000-7f4b265c8000 rw-p 00000000 00:00 0 
7f4b265c8000-7f4b266ac000 ---p 00000000 00:00 0 
7f4b266ac000-7f4b266b1000 rw-p 00000000 00:00 0 
7f4b266b1000-7f4b26795000 ---p 00000000 00:00 0 
7f4b26795000-7f4b2679a000 rw-p 00000000 00:00 0 
7f4b2679a000-7f4b267a4000 ---p 00000000 00:00 0 
7f4b267a4000-7f4b267a6000 r--p 00000000 08:20 58737                      /usr/lib/jvm/java-11-openjdk-amd64/lib/libzip.so
7f4b267a6000-7f4b267ab000 r-xp 00002000 08:20 58737                      /usr/lib/jvm/java-11-openjdk-amd64/lib/libzip.so
7f4b267ab000-7f4b267ad000 r--p 00007000 08:20 58737                      /usr/lib/jvm/java-11-openjdk-amd64/lib/libzip.so
7f4b267ad000-7f4b267ae000 r--p 00008000 08:20 58737                      /usr/lib/jvm/java-11-openjdk-amd64/lib/libzip.so
7f4b267ae000-7f4b267af000 rw-p 00009000 08:20 58737                      /usr/lib/jvm/java-11-openjdk-amd64/lib/libzip.so
7f4b267af000-7f4b267b7000 rw-s 00000000 08:20 2331                       /tmp/hsperfdata_itshandable/23874
7f4b267b7000-7f4b267b9000 r--p 00000000 08:20 58719                      /usr/lib/jvm/java-11-openjdk-amd64/lib/libjdwp.so
7f4b267b9000-7f4b267e5000 r-xp 00002000 08:20 58719                      /usr/lib/jvm/java-11-openjdk-amd64/lib/libjdwp.so
7f4b267e5000-7f4b267f3000 r--p 0002e000 08:20 58719                      /usr/lib/jvm/java-11-openjdk-amd64/lib/libjdwp.so
7f4b267f3000-7f4b267f4000 r--p 0003b000 08:20 58719                      /usr/lib/jvm/java-11-openjdk-amd64/lib/libjdwp.so
7f4b267f4000-7f4b267f5000 rw-p 0003c000 08:20 58719                      /usr/lib/jvm/java-11-openjdk-amd64/lib/libjdwp.so
7f4b267f5000-7f4b26803000 r--p 00000000 08:20 58717                      /usr/lib/jvm/java-11-openjdk-amd64/lib/libjava.so
7f4b26803000-7f4b26819000 r-xp 0000e000 08:20 58717                      /usr/lib/jvm/java-11-openjdk-amd64/lib/libjava.so
7f4b26819000-7f4b26820000 r--p 00024000 08:20 58717                      /usr/lib/jvm/java-11-openjdk-amd64/lib/libjava.so
7f4b26820000-7f4b26821000 r--p 0002a000 08:20 58717                      /usr/lib/jvm/java-11-openjdk-amd64/lib/libjava.so
7f4b26821000-7f4b26822000 rw-p 0002b000 08:20 58717                      /usr/lib/jvm/java-11-openjdk-amd64/lib/libjava.so
7f4b26822000-7f4b26823000 rw-p 00000000 00:00 0 
7f4b26823000-7f4b26828000 r--p 00000000 08:20 58736                      /usr/lib/jvm/java-11-openjdk-amd64/lib/libverify.so
7f4b26828000-7f4b2682f000 r-xp 00005000 08:20 58736                      /usr/lib/jvm/java-11-openjdk-amd64/lib/libverify.so
7f4b2682f000-7f4b26831000 r--p 0000c000 08:20 58736                      /usr/lib/jvm/java-11-openjdk-amd64/lib/libverify.so
7f4b26831000-7f4b26833000 r--p 0000d000 08:20 58736                      /usr/lib/jvm/java-11-openjdk-amd64/lib/libverify.so
7f4b26833000-7f4b26834000 rw-p 0000f000 08:20 58736                      /usr/lib/jvm/java-11-openjdk-amd64/lib/libverify.so
7f4b26834000-7f4b26835000 r--p 00000000 08:20 64951                      /usr/lib/x86_64-linux-gnu/librt.so.1
7f4b26835000-7f4b26836000 r-xp 00001000 08:20 64951                      /usr/lib/x86_64-linux-gnu/librt.so.1
7f4b26836000-7f4b26837000 r--p 00002000 08:20 64951                      /usr/lib/x86_64-linux-gnu/librt.so.1
7f4b26837000-7f4b26838000 r--p 00002000 08:20 64951                      /usr/lib/x86_64-linux-gnu/librt.so.1
7f4b26838000-7f4b26839000 rw-p 00003000 08:20 64951                      /usr/lib/x86_64-linux-gnu/librt.so.1
7f4b26839000-7f4b2683d000 ---p 00000000 00:00 0 
7f4b2683d000-7f4b26939000 rw-p 00000000 00:00 0 
7f4b26939000-7f4b2693c000 r--p 00000000 08:20 6709                       /usr/lib/x86_64-linux-gnu/libgcc_s.so.1
7f4b2693c000-7f4b26953000 r-xp 00003000 08:20 6709                       /usr/lib/x86_64-linux-gnu/libgcc_s.so.1
7f4b26953000-7f4b26957000 r--p 0001a000 08:20 6709                       /usr/lib/x86_64-linux-gnu/libgcc_s.so.1
7f4b26957000-7f4b26958000 r--p 0001d000 08:20 6709                       /usr/lib/x86_64-linux-gnu/libgcc_s.so.1
7f4b26958000-7f4b26959000 rw-p 0001e000 08:20 6709                       /usr/lib/x86_64-linux-gnu/libgcc_s.so.1
7f4b26959000-7f4b26967000 r--p 00000000 08:20 64939                      /usr/lib/x86_64-linux-gnu/libm.so.6
7f4b26967000-7f4b269e3000 r-xp 0000e000 08:20 64939                      /usr/lib/x86_64-linux-gnu/libm.so.6
7f4b269e3000-7f4b26a3e000 r--p 0008a000 08:20 64939                      /usr/lib/x86_64-linux-gnu/libm.so.6
7f4b26a3e000-7f4b26a3f000 r--p 000e4000 08:20 64939                      /usr/lib/x86_64-linux-gnu/libm.so.6
7f4b26a3f000-7f4b26a40000 rw-p 000e5000 08:20 64939                      /usr/lib/x86_64-linux-gnu/libm.so.6
7f4b26a40000-7f4b26ada000 r--p 00000000 08:20 6947                       /usr/lib/x86_64-linux-gnu/libstdc++.so.6.0.30
7f4b26ada000-7f4b26beb000 r-xp 0009a000 08:20 6947                       /usr/lib/x86_64-linux-gnu/libstdc++.so.6.0.30
7f4b26beb000-7f4b26c5a000 r--p 001ab000 08:20 6947                       /usr/lib/x86_64-linux-gnu/libstdc++.so.6.0.30
7f4b26c5a000-7f4b26c5b000 ---p 0021a000 08:20 6947                       /usr/lib/x86_64-linux-gnu/libstdc++.so.6.0.30
7f4b26c5b000-7f4b26c66000 r--p 0021a000 08:20 6947                       /usr/lib/x86_64-linux-gnu/libstdc++.so.6.0.30
7f4b26c66000-7f4b26c69000 rw-p 00225000 08:20 6947                       /usr/lib/x86_64-linux-gnu/libstdc++.so.6.0.30
7f4b26c69000-7f4b26c6c000 rw-p 00000000 00:00 0 
7f4b26c6c000-7f4b26eef000 r--p 00000000 08:20 58741                      /usr/lib/jvm/java-11-openjdk-amd64/lib/server/libjvm.so
7f4b26eef000-7f4b27b9a000 r-xp 00283000 08:20 58741                      /usr/lib/jvm/java-11-openjdk-amd64/lib/server/libjvm.so
7f4b27b9a000-7f4b27df6000 r--p 00f2e000 08:20 58741                      /usr/lib/jvm/java-11-openjdk-amd64/lib/server/libjvm.so
7f4b27df6000-7f4b27eba000 r--p 01189000 08:20 58741                      /usr/lib/jvm/java-11-openjdk-amd64/lib/server/libjvm.so
7f4b27eba000-7f4b27ef5000 rw-p 0124d000 08:20 58741                      /usr/lib/jvm/java-11-openjdk-amd64/lib/server/libjvm.so
7f4b27ef5000-7f4b27f4f000 rw-p 00000000 00:00 0 
7f4b27f4f000-7f4b27f77000 r--p 00000000 08:20 64935                      /usr/lib/x86_64-linux-gnu/libc.so.6
7f4b27f77000-7f4b2810c000 r-xp 00028000 08:20 64935                      /usr/lib/x86_64-linux-gnu/libc.so.6
7f4b2810c000-7f4b28164000 r--p 001bd000 08:20 64935                      /usr/lib/x86_64-linux-gnu/libc.so.6
7f4b28164000-7f4b28165000 ---p 00215000 08:20 64935                      /usr/lib/x86_64-linux-gnu/libc.so.6
7f4b28165000-7f4b28169000 r--p 00215000 08:20 64935                      /usr/lib/x86_64-linux-gnu/libc.so.6
7f4b28169000-7f4b2816b000 rw-p 00219000 08:20 64935                      /usr/lib/x86_64-linux-gnu/libc.so.6
7f4b2816b000-7f4b28178000 rw-p 00000000 00:00 0 
7f4b28178000-7f4b2817b000 r--p 00000000 08:20 58702                      /usr/lib/jvm/java-11-openjdk-amd64/lib/jli/libjli.so
7f4b2817b000-7f4b28185000 r-xp 00003000 08:20 58702                      /usr/lib/jvm/java-11-openjdk-amd64/lib/jli/libjli.so
7f4b28185000-7f4b28188000 r--p 0000d000 08:20 58702                      /usr/lib/jvm/java-11-openjdk-amd64/lib/jli/libjli.so
7f4b28188000-7f4b28189000 ---p 00010000 08:20 58702                      /usr/lib/jvm/java-11-openjdk-amd64/lib/jli/libjli.so
7f4b28189000-7f4b2818a000 r--p 00010000 08:20 58702                      /usr/lib/jvm/java-11-openjdk-amd64/lib/jli/libjli.so
7f4b2818a000-7f4b2818b000 rw-p 00011000 08:20 58702                      /usr/lib/jvm/java-11-openjdk-amd64/lib/jli/libjli.so
7f4b2818b000-7f4b2818d000 r--p 00000000 08:20 6997                       /usr/lib/x86_64-linux-gnu/libz.so.1.2.11
7f4b2818d000-7f4b2819e000 r-xp 00002000 08:20 6997                       /usr/lib/x86_64-linux-gnu/libz.so.1.2.11
7f4b2819e000-7f4b281a4000 r--p 00013000 08:20 6997                       /usr/lib/x86_64-linux-gnu/libz.so.1.2.11
7f4b281a4000-7f4b281a5000 ---p 00019000 08:20 6997                       /usr/lib/x86_64-linux-gnu/libz.so.1.2.11
7f4b281a5000-7f4b281a6000 r--p 00019000 08:20 6997                       /usr/lib/x86_64-linux-gnu/libz.so.1.2.11
7f4b281a6000-7f4b281a7000 rw-p 0001a000 08:20 6997                       /usr/lib/x86_64-linux-gnu/libz.so.1.2.11
7f4b281aa000-7f4b281ab000 ---p 00000000 00:00 0 
7f4b281ab000-7f4b281ac000 r--p 00000000 00:00 0 
7f4b281ac000-7f4b281ae000 r--p 00000000 08:20 58720                      /usr/lib/jvm/java-11-openjdk-amd64/lib/libjimage.so
7f4b281ae000-7f4b281b1000 r-xp 00002000 08:20 58720                      /usr/lib/jvm/java-11-openjdk-amd64/lib/libjimage.so
7f4b281b1000-7f4b281b2000 r--p 00005000 08:20 58720                      /usr/lib/jvm/java-11-openjdk-amd64/lib/libjimage.so
7f4b281b2000-7f4b281b3000 ---p 00006000 08:20 58720                      /usr/lib/jvm/java-11-openjdk-amd64/lib/libjimage.so
7f4b281b3000-7f4b281b4000 r--p 00006000 08:20 58720                      /usr/lib/jvm/java-11-openjdk-amd64/lib/libjimage.so
7f4b281b4000-7f4b281b5000 rw-p 00007000 08:20 58720                      /usr/lib/jvm/java-11-openjdk-amd64/lib/libjimage.so
7f4b281b5000-7f4b281b7000 rw-p 00000000 00:00 0 
7f4b281b7000-7f4b281b9000 r--p 00000000 08:20 64930                      /usr/lib/x86_64-linux-gnu/ld-linux-x86-64.so.2
7f4b281b9000-7f4b281e3000 r-xp 00002000 08:20 64930                      /usr/lib/x86_64-linux-gnu/ld-linux-x86-64.so.2
7f4b281e3000-7f4b281ee000 r--p 0002c000 08:20 64930                      /usr/lib/x86_64-linux-gnu/ld-linux-x86-64.so.2
7f4b281ef000-7f4b281f1000 r--p 00037000 08:20 64930                      /usr/lib/x86_64-linux-gnu/ld-linux-x86-64.so.2
7f4b281f1000-7f4b281f3000 rw-p 00039000 08:20 64930                      /usr/lib/x86_64-linux-gnu/ld-linux-x86-64.so.2
7ffec1356000-7ffec1377000 rw-p 00000000 00:00 0                          [stack]
7ffec13c9000-7ffec13cd000 r--p 00000000 00:00 0                          [vvar]
7ffec13cd000-7ffec13cf000 r-xp 00000000 00:00 0                          [vdso]


VM Arguments:
jvm_args: -agentlib:jdwp=transport=dt_socket,address=0.0.0.0:12345,suspend=y,server=y -Djava.library.path=\\wsl.localhost\Ubuntu\usr\local\lib -Dfile.encoding=UTF-8 
java_command: Main tests/test.sysy tests/test.arm test tests/test.ll
java_class_path (initial): /mnt/e/codes/compiler-principle/Lab_backtrace/Lab/out/production/Lab:/usr/local/lib/antlr-4.9.1-complete.jar:/usr/local/lib/javacpp/javacpp-1.5.7.jar:/usr/local/lib/javacpp/javacpp-1.5.7-linux-x86_64.jar:/usr/local/lib/llvm/llvm-13.0.1-1.5.7.jar:/usr/local/lib/llvm/llvm-13.0.1-1.5.7-linux-x86_64.jar:/usr/local/lib/llvm-platform/llvm-platform-13.0.1-1.5.7.jar:/usr/local/lib/llvm4j/kotlin-stdlib-1.9.0.jar:/usr/local/lib/llvm4j/llvm4j-0.1.2-SNAPSHOT.jar:/usr/local/lib/rars/rars.jar:/mnt/d/IntelliJ IDEA Ultimate/lib/idea_rt.jar
Launcher Type: SUN_STANDARD

[Global flags]
     intx CICompilerCount                          = 12                                        {product} {ergonomic}
     uint ConcGCThreads                            = 4                                         {product} {ergonomic}
     uint G1ConcRefinementThreads                  = 15                                        {product} {ergonomic}
   size_t G1HeapRegionSize                         = 1048576                                   {product} {ergonomic}
    uintx GCDrainStackTargetSize                   = 64                                        {product} {ergonomic}
   size_t InitialHeapSize                          = 127926272                                 {product} {ergonomic}
   size_t MarkStackSize                            = 4194304                                   {product} {ergonomic}
   size_t MaxHeapSize                              = 2046820352                                {product} {ergonomic}
   size_t MaxNewSize                               = 1227882496                                {product} {ergonomic}
   size_t MinHeapDeltaBytes                        = 1048576                                   {product} {ergonomic}
    uintx NonNMethodCodeHeapSize                   = 7594288                                {pd product} {ergonomic}
    uintx NonProfiledCodeHeapSize                  = 122031976                              {pd product} {ergonomic}
    uintx ProfiledCodeHeapSize                     = 122031976                              {pd product} {ergonomic}
    uintx ReservedCodeCacheSize                    = 251658240                              {pd product} {ergonomic}
     bool SegmentedCodeCache                       = true                                      {product} {ergonomic}
     bool UseCompressedClassPointers               = true                                 {lp64_product} {ergonomic}
     bool UseCompressedOops                        = true                                 {lp64_product} {ergonomic}
     bool UseG1GC                                  = true                                      {product} {ergonomic}

Logging:
Log output configuration:
 #0: stdout all=warning uptime,level,tags
 #1: stderr all=off uptime,level,tags

Environment Variables:
PATH=/home/itshandable/.local/bin:/usr/local/sbin:/usr/local/bin:/usr/sbin:/usr/bin:/sbin:/bin:/usr/games:/usr/local/games:/usr/lib/wsl/lib:/mnt/d/VMwareWorkstationPro/bin/:/mnt/c/Program Files/BellSoft/LibericaJDK-17/bin/:/mnt/c/Program Files (x86)/Common Files/Oracle/Java/java8path:/mnt/c/Program Files (x86)/Common Files/Oracle/Java/javapath:/mnt/c/WINDOWS/system32:/mnt/c/WINDOWS:/mnt/c/WINDOWS/System32/Wbem:/mnt/c/WINDOWS/System32/WindowsPowerShell/v1.0/:/mnt/c/WINDOWS/System32/OpenSSH/:/mnt/c/Program Files/dotnet/:/mnt/c/Program Files (x86)/NVIDIA Corporation/PhysX/Common:/mnt/c/Program Files/Git/cmd:/mnt/d/Cruicial Storage Excutive:/mnt/c/Program Files/BellSoft/LibericaJDK-17/bin:/mnt/c/Program Files/BellSoft/LibericaJDK-17/jre/bin:/mnt/c/Users/itshandable/AppData/Local/Programs/Python/Python312:/mnt/c/Users/itshandable/AppData/Local/Programs/Python/Python312/Scripts:/mnt/c/Program Files/Pandoc/:/mnt/c/ProgramData/chocolatey/bin:/mnt/d/Nodejs-nvm:/mnt/c/Program Files/nodejs:/mnt/d/Redis/:/mnt/d/Mathlab/bin:/mnt/d/Lingo-21.0/:/mnt/d/Lingo-18.0/:/mnt/c/Program Files/NVIDIA Corporation/NVIDIA app/NvDLISR:/mnt/d/SPSS-25/JRE/bin:/mnt/d/SPSS Modeler 18.0/ext/bin/spss.TMWBServer/bin:/mnt/d/SPSS Modeler 18.0/MPICH2/bin:/mnt/d/SPSS Modeler 18.0/TABI:/mnt/d/MySQL/bin:/mnt/c/Program Files/Docker/Docker/resources/bin:/mnt/c/Program Files/Tailscale/:/mnt/c/Users/itshandable/AppData/Local/Programs/Python/Launcher/:/mnt/c/Users/itshandable/AppData/Local/Microsoft/WindowsApps:/mnt/d/CLion 2024.2.1/bin:/mnt/d/PyCharm 2024.2.1/bin:/mnt/c/Users/itshandable/AppData/Local/JetBrains/Toolbox/scripts:/mnt/d/IntelliJ IDEA 2024.2.1/bin:/mnt/c/Users/itshandable/AppData/Roaming/npm:/mnt/d/Nodejs-nvm:/mnt/c/Program Files/nodejs:/mnt/d/Microsoft VS Code/bin:/mnt/d/MiKTeX/miktex/bin/x64/:/mnt/c/Users/itshandable/AppData/Local/Microsoft/WindowsApps:/mnt/e/codes/ffmpeg-2025-01-02-git-0457aaf0d3-essentials_build/bin:/mnt/d/Aria2/aria2-1.37.0-win-64bit-build1:/mnt/d/DevEco Studio/bin:/mnt/d/WebStor
SHELL=/bin/bash
DISPLAY=:0
HOSTTYPE=x86_64
LANG=zh_CN.UTF-8
TERM=xterm-256color

Signal Handlers:
SIGSEGV: [libjvm.so+0xebbd40], sa_mask[0]=11111111011111111101111111111110, sa_flags=SA_RESTART|SA_SIGINFO
SIGBUS: [libjvm.so+0xebbd40], sa_mask[0]=11111111011111111101111111111110, sa_flags=SA_RESTART|SA_SIGINFO
SIGFPE: [libjvm.so+0xebbd40], sa_mask[0]=11111111011111111101111111111110, sa_flags=SA_RESTART|SA_SIGINFO
SIGPIPE: [libjvm.so+0xbfe040], sa_mask[0]=11111111011111111101111111111110, sa_flags=SA_RESTART|SA_SIGINFO
SIGXFSZ: [libjvm.so+0xbfe040], sa_mask[0]=11111111011111111101111111111110, sa_flags=SA_RESTART|SA_SIGINFO
SIGILL: [libjvm.so+0xebbd40], sa_mask[0]=11111111011111111101111111111110, sa_flags=SA_RESTART|SA_SIGINFO
SIGUSR2: [libjvm.so+0xbfdee0], sa_mask[0]=00000000000000000000000000000000, sa_flags=SA_RESTART|SA_SIGINFO
SIGHUP: [libjvm.so+0xbfe6a0], sa_mask[0]=11111111011111111101111111111110, sa_flags=SA_RESTART|SA_SIGINFO
SIGINT: [libjvm.so+0xbfe6a0], sa_mask[0]=11111111011111111101111111111110, sa_flags=SA_RESTART|SA_SIGINFO
SIGTERM: [libjvm.so+0xbfe6a0], sa_mask[0]=11111111011111111101111111111110, sa_flags=SA_RESTART|SA_SIGINFO
SIGQUIT: [libjvm.so+0xbfe6a0], sa_mask[0]=11111111011111111101111111111110, sa_flags=SA_RESTART|SA_SIGINFO


---------------  S Y S T E M  ---------------

OS:DISTRIB_ID=Ubuntu
DISTRIB_RELEASE=22.04
DISTRIB_CODENAME=jammy
DISTRIB_DESCRIPTION="Ubuntu 22.04.3 LTS"
uname:Linux 5.15.167.4-microsoft-standard-WSL2 #1 SMP Tue Nov 5 00:21:55 UTC 2024 x86_64
OS uptime: 0 days 0:41 hours
libc:glibc 2.35 NPTL 2.35 
rlimit (soft/hard): STACK 8192k/infinity , CORE 0k/infinity , NPROC 31190/31190 , NOFILE 1048576/1048576 , AS infinity/infinity , CPU infinity/infinity , DATA infinity/infinity , FSIZE infinity/infinity , MEMLOCK 65536k/65536k
load average:0.07 0.08 0.03

/proc/meminfo:
MemTotal:        7991664 kB
MemFree:         6890656 kB
MemAvailable:    7070872 kB
Buffers:            3900 kB
Cached:           376656 kB
SwapCached:            0 kB
Active:           164280 kB
Inactive:         545696 kB
Active(anon):       2180 kB
Inactive(anon):   330888 kB
Active(file):     162100 kB
Inactive(file):   214808 kB
Unevictable:           0 kB
Mlocked:               0 kB
SwapTotal:       2097152 kB
SwapFree:        2097152 kB
Dirty:               320 kB
Writeback:             0 kB
AnonPages:        329124 kB
Mapped:           258824 kB
Shmem:              3668 kB
KReclaimable:      37760 kB
Slab:             113092 kB
SReclaimable:      37760 kB
SUnreclaim:        75332 kB
KernelStack:        7184 kB
PageTables:         6976 kB
NFS_Unstable:          0 kB
Bounce:                0 kB
WritebackTmp:          0 kB
CommitLimit:     6092984 kB
Committed_AS:    1664528 kB
VmallocTotal:   34359738367 kB
VmallocUsed:       29368 kB
VmallocChunk:          0 kB
Percpu:            11520 kB
AnonHugePages:    151552 kB
ShmemHugePages:        0 kB
ShmemPmdMapped:        0 kB
FileHugePages:         0 kB
FilePmdMapped:         0 kB
HugePages_Total:       0
HugePages_Free:        0
HugePages_Rsvd:        0
HugePages_Surp:        0
Hugepagesize:       2048 kB
Hugetlb:               0 kB
DirectMap4k:      101376 kB
DirectMap2M:     4997120 kB
DirectMap1G:    11534336 kB

/sys/kernel/mm/transparent_hugepage/enabled:
[always] madvise never
/sys/kernel/mm/transparent_hugepage/defrag (defrag/compaction efforts parameter):
always defer defer+madvise [madvise] never

Process Memory:
Virtual Size: 5261980K (peak: 13447088K)
Resident Set Size: 101788K (peak: 101788K) (anon: 45068K, file: 56720K, shmem: 0K)
Swapped out: 0K
C-Heap outstanding allocations: 42817K, retained: 2974K
glibc malloc tunables: (default)

/proc/sys/kernel/threads-max (system-wide limit on the number of threads):
62380
/proc/sys/vm/max_map_count (maximum number of memory map areas a process may have):
65530
/proc/sys/kernel/pid_max (system-wide limit on number of process identifiers):
4194304

container (cgroup) information:
container_type: cgroupv1
cpu_cpuset_cpus: 0-19
cpu_memory_nodes: 0
active_processor_count: 20
cpu_quota: no quota
cpu_period: 100000
cpu_shares: no shares
memory_limit_in_bytes: unlimited
memory_and_swap_limit_in_bytes: unlimited
memory_soft_limit_in_bytes: unlimited
memory_usage_in_bytes: 709680 k
memory_max_usage_in_bytes: 496884 k
kernel_memory_limit_in_bytes: unlimited
kernel_memory_usage_in_bytes: 22356 k
kernel_memory_max_usage_in_bytes: 27048 k
maximum number of tasks: not supported
current number of tasks: not supported

Hyper-V virtualization detected
Steal ticks since vm start: 0
Steal ticks percentage since vm start:  0.000

CPU:total 20 (initial active 20) (16 cores per cpu, 2 threads per core) family 6 model 186 stepping 2 microcode 0xffffffff, cmov, cx8, fxsr, mmx, sse, sse2, sse3, ssse3, sse4.1, sse4.2, popcnt, avx, avx2, aes, clmul, erms, 3dnowpref, lzcnt, ht, tsc, tscinvbit, bmi1, bmi2, adx, sha, fma
CPU Model and flags from /proc/cpuinfo:
model name	: 13th Gen Intel(R) Core(TM) i9-13900H
flags		: fpu vme de pse tsc msr pae mce cx8 apic sep mtrr pge mca cmov pat pse36 clflush mmx fxsr sse sse2 ss ht syscall nx pdpe1gb rdtscp lm constant_tsc rep_good nopl xtopology tsc_reliable nonstop_tsc cpuid pni pclmulqdq vmx ssse3 fma cx16 pcid sse4_1 sse4_2 x2apic movbe popcnt tsc_deadline_timer aes xsave avx f16c rdrand hypervisor lahf_lm abm 3dnowprefetch invpcid_single ssbd ibrs ibpb stibp ibrs_enhanced tpr_shadow vnmi ept vpid ept_ad fsgsbase tsc_adjust bmi1 avx2 smep bmi2 erms invpcid rdseed adx smap clflushopt clwb sha_ni xsaveopt xsavec xgetbv1 xsaves avx_vnni umip waitpkg gfni vaes vpclmulqdq rdpid movdiri movdir64b fsrm md_clear serialize flush_l1d arch_capabilities
Online cpus:
0-19
Offline cpus:

BIOS frequency limitation:
<Not Available>
Frequency switch latency (ns):
<Not Available>
Available cpu frequencies:
<Not Available>
Current governor:
<Not Available>
Core performance/turbo boost:
<Not Available>

Memory: 4k page, physical 7991664k(6890656k free), swap 2097152k(2097152k free)

vm_info: OpenJDK 64-Bit Server VM (11.0.27+6-post-Ubuntu-0ubuntu122.04) for linux-amd64 JRE (11.0.27+6-post-Ubuntu-0ubuntu122.04), built on Apr 21 2025 05:59:45 by "unknown" with gcc 11.4.0

END.
