#
# A fatal error has been detected by the Java Runtime Environment:
#
#  SIGSEGV (0xb) at pc=0x00007fa9b628eaf8, pid=23975, tid=23979
#
# JRE version: OpenJDK Runtime Environment (11.0.27+6) (build 11.0.27+6-post-Ubuntu-0ubuntu122.04)
# Java VM: OpenJDK 64-Bit Server VM (11.0.27+6-post-Ubuntu-0ubuntu122.04, mixed mode, sharing, tiered, compressed oops, g1 gc, linux-amd64)
# Problematic frame:
# C  [libLLVM-13.so+0xd62af8]  llvm::Value::getName() const+0xb8
#
# No core dump will be written. Core dumps have been disabled. To enable core dumping, try "ulimit -c unlimited" before starting Java again
#
# If you would like to submit a bug report, please visit:
#   https://bugs.launchpad.net/ubuntu/+source/openjdk-lts
# The crash happened outside the Java Virtual Machine in native code.
# See problematic frame for where to report the bug.
#

---------------  S U M M A R Y ------------

Command Line: -agentlib:jdwp=transport=dt_socket,address=0.0.0.0:12345,suspend=y,server=y -Djava.library.path=\\wsl.localhost\Ubuntu\usr\local\lib -Dfile.encoding=UTF-8 Main tests/test.sysy tests/test.arm test tests/test.ll

Host: 13th Gen Intel(R) Core(TM) i9-13900H, 20 cores, 7G, Ubuntu 22.04.3 LTS
Time: Thu May 22 20:04:10 2025 CST elapsed time: 19.663106 seconds (0d 0h 0m 19s)

---------------  T H R E A D  ---------------

Current thread (0x00007faa34016800):  JavaThread "main" [_thread_in_native, id=23979, stack(0x00007faa3ac0c000,0x00007faa3ad0c000)]

Stack: [0x00007faa3ac0c000,0x00007faa3ad0c000],  sp=0x00007faa3ad09220,  free space=1012k
Native frames: (J=compiled Java code, A=aot compiled Java code, j=interpreted, Vv=VM code, C=native code)
C  [libLLVM-13.so+0xd62af8]  llvm::Value::getName() const+0xb8

Java frames: (J=compiled Java code, j=interpreted, Vv=VM code)
j  org.bytedeco.llvm.global.LLVM.LLVMPrintModuleToString(Lorg/bytedeco/llvm/LLVM/LLVMModuleRef;)Lorg/bytedeco/javacpp/BytePointer;+0
v  ~StubRoutines::call_stub
j  MyIrVisitor.unusedVariableDelete()V+1362
j  MyIrVisitor.mixedOptimization()V+18
j  MyIrVisitor.visitProgram(LSysYParser$ProgramContext;)Lorg/bytedeco/llvm/LLVM/LLVMValueRef;+123
j  MyIrVisitor.visitProgram(LSysYParser$ProgramContext;)Ljava/lang/Object;+2
j  SysYParser$ProgramContext.accept(Lorg/antlr/v4/runtime/tree/ParseTreeVisitor;)Ljava/lang/Object;+12
j  org.antlr.v4.runtime.tree.AbstractParseTreeVisitor.visit(Lorg/antlr/v4/runtime/tree/ParseTree;)Ljava/lang/Object;+2
j  Main.main([Ljava/lang/String;)V+169
v  ~StubRoutines::call_stub

siginfo: si_signo: 11 (SIGSEGV), si_code: 1 (SEGV_MAPERR), si_addr: 0x00000000000000e5

Register to memory mapping:

RAX=0x00000000000000f5 is an unknown value
RBX=0x0000000000000001 is an unknown value
RCX=0x00007faa343900c8 points into unknown readable memory: 0x00007faa34387cb0 | b0 7c 38 34 aa 7f 00 00
RDX=0x00000000000000e5 is an unknown value
RSP=0x00007faa3ad09220 is pointing into the stack for thread: 0x00007faa34016800
RBP=0x00007faa3ad09580 is pointing into the stack for thread: 0x00007faa34016800
RSI=0x00007faa343880b0 points into unknown readable memory: 0x0000000000000000 | 00 00 00 00 00 00 00 00
RDI=0x00007faa3ad09220 is pointing into the stack for thread: 0x00007faa34016800
R8 =0x0000000000000001 is an unknown value
R9 =0x00007faa343900c8 points into unknown readable memory: 0x00007faa34387cb0 | b0 7c 38 34 aa 7f 00 00
R10=0x000000000000003f is an unknown value
R11=0x0000000000000002 is an unknown value
R12=0x0000000000000002 is an unknown value
R13=0x0000000000000002 is an unknown value
R14=0x0 is NULL
R15=0x00007faa3436b040 points into unknown readable memory: 0x00007faa34390528 | 28 05 39 34 aa 7f 00 00


Registers:
RAX=0x00000000000000f5, RBX=0x0000000000000001, RCX=0x00007faa343900c8, RDX=0x00000000000000e5
RSP=0x00007faa3ad09220, RBP=0x00007faa3ad09580, RSI=0x00007faa343880b0, RDI=0x00007faa3ad09220
R8 =0x0000000000000001, R9 =0x00007faa343900c8, R10=0x000000000000003f, R11=0x0000000000000002
R12=0x0000000000000002, R13=0x0000000000000002, R14=0x0000000000000000, R15=0x00007faa3436b040
RIP=0x00007fa9b628eaf8, EFLAGS=0x0000000000010202, CSGSFS=0x002b000000000033, ERR=0x0000000000000004
  TRAPNO=0x000000000000000e

Top of Stack: (sp=0x00007faa3ad09220)
0x00007faa3ad09220:   00007faa343880b0 00007faa343880b0
0x00007faa3ad09230:   0000000000000001 00007fa9b60cd3f5
0x00007faa3ad09240:   0000000000000001 00007faa3ad09760
0x00007faa3ad09250:   0000000000000002 00007fa9b60de5d8 

Instructions: (pc=0x00007fa9b628eaf8)
0x00007fa9b628e9f8:   48 bc ff eb b7 48 83 3d ab e8 ce 05 00 74 23 83
0x00007fa9b628ea08:   ca ff f0 0f c1 50 f8 85 d2 7f ae 48 8d 74 24 0f
0x00007fa9b628ea18:   e8 53 48 bc ff eb a2 8b 50 f8 8d 4a ff 89 48 f8
0x00007fa9b628ea28:   eb c3 8b 50 f8 8d 4a ff 89 48 f8 eb da 66 2e 0f
0x00007fa9b628ea38:   1f 84 00 00 00 00 00 90 f6 47 17 10 75 0a 48 8d
0x00007fa9b628ea48:   05 f2 a0 6c 03 31 d2 c3 48 83 ec 18 48 8b 07 48
0x00007fa9b628ea58:   8b 00 48 8b 08 8b 81 98 01 00 00 4c 8b 81 88 01
0x00007fa9b628ea68:   00 00 4c 8d 89 88 01 00 00 85 c0 74 5b 89 f9 89
0x00007fa9b628ea78:   fa 44 8d 50 ff c1 ea 09 c1 e9 04 31 d1 44 21 d1
0x00007fa9b628ea88:   89 ce 48 c1 e6 04 4c 01 c6 48 8b 16 48 39 d7 75
0x00007fa9b628ea98:   67 89 c2 48 89 e7 4c 89 c9 48 89 d0 48 c1 e0 04
0x00007fa9b628eaa8:   49 8d 14 00 41 b8 01 00 00 00 e8 f9 f4 ff ff 48
0x00007fa9b628eab8:   8b 04 24 48 8b 50 08 48 8d 42 10 48 8b 12 48 83
0x00007fa9b628eac8:   c4 18 c3 0f 1f 44 00 00 48 c1 e0 04 48 89 e7 4c
0x00007fa9b628ead8:   89 c9 49 8d 34 00 41 b8 01 00 00 00 48 89 f2 e8
0x00007fa9b628eae8:   c4 f4 ff ff 48 8b 04 24 48 8b 50 08 48 8d 42 10
0x00007fa9b628eaf8:   48 8b 12 48 83 c4 18 c3 be 01 00 00 00 48 81 fa
0x00007fa9b628eb08:   00 f0 ff ff 74 c2 01 f1 44 8d 5e 01 44 21 d1 89
0x00007fa9b628eb18:   ce 48 c1 e6 04 4c 01 c6 48 8b 16 48 39 d7 0f 84
0x00007fa9b628eb28:   6d ff ff ff 44 89 de eb d4 66 2e 0f 1f 84 00 00
0x00007fa9b628eb38:   00 00 00 0f 1f 44 00 00 66 48 0f 6e c6 66 48 0f
0x00007fa9b628eb48:   6e ca 66 0f 6c c1 0f 11 07 45 84 c0 75 29 48 39
0x00007fa9b628eb58:   d6 74 24 0f 1f 44 00 00 48 8b 06 48 3d 00 f0 ff
0x00007fa9b628eb68:   ff 74 08 48 3d 00 e0 ff ff 75 0c 48 83 c6 10 48
0x00007fa9b628eb78:   89 37 48 39 f2 75 e1 c3 41 57 41 56 41 55 41 54
0x00007fa9b628eb88:   55 53 48 89 fb 48 83 ec 38 4c 8b 67 10 49 8b 04
0x00007fa9b628eb98:   24 48 8b 00 48 8b 28 4c 8b ad 08 09 00 00 44 8b
0x00007fa9b628eba8:   bd 18 09 00 00 41 f6 44 24 11 01 0f 85 67 01 00
0x00007fa9b628ebb8:   00 45 85 ff 0f 84 fb 01 00 00 45 89 e6 44 89 e0
0x00007fa9b628ebc8:   41 8d 77 ff c1 e8 09 41 c1 ee 04 41 31 c6 44 89
0x00007fa9b628ebd8:   f1 21 f1 89 c8 48 c1 e0 04 4c 01 e8 48 8b 10 49
0x00007fa9b628ebe8:   39 d4 0f 85 7c 03 00 00 48 8b 50 08 4c 89 ee 48 


Stack slot to memory mapping:
stack at sp + 0 slots: 0x00007faa343880b0 points into unknown readable memory: 0x0000000000000000 | 00 00 00 00 00 00 00 00
stack at sp + 1 slots: 0x00007faa343880b0 points into unknown readable memory: 0x0000000000000000 | 00 00 00 00 00 00 00 00
stack at sp + 2 slots: 0x0000000000000001 is an unknown value
stack at sp + 3 slots: 0x00007fa9b60cd3f5: <offset 0x0000000000ba13f5> in /home/itshandable/.javacpp/cache/llvm-13.0.1-1.5.7-linux-x86_64.jar/org/bytedeco/llvm/linux-x86_64/libLLVM-13.so at 0x00007fa9b552c000
stack at sp + 4 slots: 0x0000000000000001 is an unknown value
stack at sp + 5 slots: 0x00007faa3ad09760 is pointing into the stack for thread: 0x00007faa34016800
stack at sp + 6 slots: 0x0000000000000002 is an unknown value
stack at sp + 7 slots: 0x00007fa9b60de5d8: <offset 0x0000000000bb25d8> in /home/itshandable/.javacpp/cache/llvm-13.0.1-1.5.7-linux-x86_64.jar/org/bytedeco/llvm/linux-x86_64/libLLVM-13.so at 0x00007fa9b552c000


---------------  P R O C E S S  ---------------

Threads class SMR info:
_java_thread_list=0x00007fa9bc000c40, length=13, elements={
0x00007faa34016800, 0x00007faa3413f800, 0x00007faa34141800, 0x00007faa34147800,
0x00007faa34149800, 0x00007faa3414c000, 0x00007faa3414e000, 0x00007faa34150000,
0x00007faa34194800, 0x00007faa34199000, 0x00007fa9d4001800, 0x00007faa3419f000,
0x00007faa34242800
}

Java Threads: ( => current thread )
=>0x00007faa34016800 JavaThread "main" [_thread_in_native, id=23979, stack(0x00007faa3ac0c000,0x00007faa3ad0c000)]
  0x00007faa3413f800 JavaThread "Reference Handler" daemon [_thread_blocked, id=23986, stack(0x00007faa140ff000,0x00007faa141ff000)]
  0x00007faa34141800 JavaThread "Finalizer" daemon [_thread_blocked, id=23987, stack(0x00007faa0d700000,0x00007faa0d800000)]
  0x00007faa34147800 JavaThread "Signal Dispatcher" daemon [_thread_blocked, id=23988, stack(0x00007faa0d600000,0x00007faa0d700000)]
  0x00007faa34149800 JavaThread "Service Thread" daemon [_thread_blocked, id=23989, stack(0x00007faa0d500000,0x00007faa0d600000)]
  0x00007faa3414c000 JavaThread "C2 CompilerThread0" daemon [_thread_blocked, id=23990, stack(0x00007faa0d400000,0x00007faa0d500000)]
  0x00007faa3414e000 JavaThread "C1 CompilerThread0" daemon [_thread_blocked, id=23991, stack(0x00007faa0d300000,0x00007faa0d400000)]
  0x00007faa34150000 JavaThread "Sweeper thread" daemon [_thread_blocked, id=23992, stack(0x00007faa0d200000,0x00007faa0d300000)]
  0x00007faa34194800 JavaThread "JDWP Transport Listener: dt_socket" daemon [_thread_blocked, id=23995, stack(0x00007faa0d000000,0x00007faa0d100000)]
  0x00007faa34199000 JavaThread "JDWP Event Helper Thread" daemon [_thread_blocked, id=23996, stack(0x00007faa0cf00000,0x00007faa0d000000)]
  0x00007fa9d4001800 JavaThread "JDWP Command Reader" daemon [_thread_in_native, id=24000, stack(0x00007faa0ce00000,0x00007faa0cf00000)]
  0x00007faa3419f000 JavaThread "Common-Cleaner" daemon [_thread_blocked, id=24002, stack(0x00007faa0d100000,0x00007faa0d200000)]
  0x00007faa34242800 JavaThread "JavaCPP Deallocator" daemon [_thread_blocked, id=24006, stack(0x00007faa0caff000,0x00007faa0cbff000)]

Other Threads:
  0x00007faa3413c800 VMThread "VM Thread" [stack: 0x00007faa14200000,0x00007faa14300000] [id=23985]
  0x00007faa3419c000 WatcherThread [stack: 0x00007faa0cd00000,0x00007faa0ce00000] [id=24001]
  0x00007faa34030800 GCTaskThread "GC Thread#0" [stack: 0x00007faa3a896000,0x00007faa3a996000] [id=23980]
  0x00007faa34062000 ConcurrentGCThread "G1 Main Marker" [stack: 0x00007faa38c1e000,0x00007faa38d1e000] [id=23981]
  0x00007faa34063800 ConcurrentGCThread "G1 Conc#0" [stack: 0x00007faa38b1d000,0x00007faa38c1d000] [id=23982]
  0x00007faa34108000 ConcurrentGCThread "G1 Refine#0" [stack: 0x00007faa1c2bb000,0x00007faa1c3bb000] [id=23983]
  0x00007faa3410a000 ConcurrentGCThread "G1 Young RemSet Sampling" [stack: 0x00007faa1c1ba000,0x00007faa1c2ba000] [id=23984]

Threads with active compile tasks:

VM state:not at safepoint (normal execution)

VM Mutex/Monitor currently owned by a thread: None

Heap address: 0x0000000086000000, size: 1952 MB, Compressed Oops mode: 32-bit
Narrow klass base: 0x0000000800000000, Narrow klass shift: 3
Compressed class space size: 1073741824 Address: 0x0000000840000000

Heap:
 garbage-first heap   total 126976K, used 9936K [0x0000000086000000, 0x0000000100000000)
  region size 1024K, 11 young (11264K), 0 survivors (0K)
 Metaspace       used 3757K, capacity 6579K, committed 6912K, reserved 1056768K
  class space    used 394K, capacity 681K, committed 768K, reserved 1048576K
Heap Regions: E=young(eden), S=young(survivor), O=old, HS=humongous(starts), HC=humongous(continues), CS=collection set, F=free, A=archive, TAMS=top-at-mark-start (previous, next)
|   0|0x0000000086000000, 0x0000000086000000, 0x0000000086100000|  0%| F|  |TAMS 0x0000000086000000, 0x0000000086000000| Untracked 
|   1|0x0000000086100000, 0x0000000086100000, 0x0000000086200000|  0%| F|  |TAMS 0x0000000086100000, 0x0000000086100000| Untracked 
|   2|0x0000000086200000, 0x0000000086200000, 0x0000000086300000|  0%| F|  |TAMS 0x0000000086200000, 0x0000000086200000| Untracked 
|   3|0x0000000086300000, 0x0000000086300000, 0x0000000086400000|  0%| F|  |TAMS 0x0000000086300000, 0x0000000086300000| Untracked 
|   4|0x0000000086400000, 0x0000000086400000, 0x0000000086500000|  0%| F|  |TAMS 0x0000000086400000, 0x0000000086400000| Untracked 
|   5|0x0000000086500000, 0x0000000086500000, 0x0000000086600000|  0%| F|  |TAMS 0x0000000086500000, 0x0000000086500000| Untracked 
|   6|0x0000000086600000, 0x0000000086600000, 0x0000000086700000|  0%| F|  |TAMS 0x0000000086600000, 0x0000000086600000| Untracked 
|   7|0x0000000086700000, 0x0000000086700000, 0x0000000086800000|  0%| F|  |TAMS 0x0000000086700000, 0x0000000086700000| Untracked 
|   8|0x0000000086800000, 0x0000000086800000, 0x0000000086900000|  0%| F|  |TAMS 0x0000000086800000, 0x0000000086800000| Untracked 
|   9|0x0000000086900000, 0x0000000086900000, 0x0000000086a00000|  0%| F|  |TAMS 0x0000000086900000, 0x0000000086900000| Untracked 
|  10|0x0000000086a00000, 0x0000000086a00000, 0x0000000086b00000|  0%| F|  |TAMS 0x0000000086a00000, 0x0000000086a00000| Untracked 
|  11|0x0000000086b00000, 0x0000000086b00000, 0x0000000086c00000|  0%| F|  |TAMS 0x0000000086b00000, 0x0000000086b00000| Untracked 
|  12|0x0000000086c00000, 0x0000000086c00000, 0x0000000086d00000|  0%| F|  |TAMS 0x0000000086c00000, 0x0000000086c00000| Untracked 
|  13|0x0000000086d00000, 0x0000000086d00000, 0x0000000086e00000|  0%| F|  |TAMS 0x0000000086d00000, 0x0000000086d00000| Untracked 
|  14|0x0000000086e00000, 0x0000000086e00000, 0x0000000086f00000|  0%| F|  |TAMS 0x0000000086e00000, 0x0000000086e00000| Untracked 
|  15|0x0000000086f00000, 0x0000000086f00000, 0x0000000087000000|  0%| F|  |TAMS 0x0000000086f00000, 0x0000000086f00000| Untracked 
|  16|0x0000000087000000, 0x0000000087000000, 0x0000000087100000|  0%| F|  |TAMS 0x0000000087000000, 0x0000000087000000| Untracked 
|  17|0x0000000087100000, 0x0000000087100000, 0x0000000087200000|  0%| F|  |TAMS 0x0000000087100000, 0x0000000087100000| Untracked 
|  18|0x0000000087200000, 0x0000000087200000, 0x0000000087300000|  0%| F|  |TAMS 0x0000000087200000, 0x0000000087200000| Untracked 
|  19|0x0000000087300000, 0x0000000087300000, 0x0000000087400000|  0%| F|  |TAMS 0x0000000087300000, 0x0000000087300000| Untracked 
|  20|0x0000000087400000, 0x0000000087400000, 0x0000000087500000|  0%| F|  |TAMS 0x0000000087400000, 0x0000000087400000| Untracked 
|  21|0x0000000087500000, 0x0000000087500000, 0x0000000087600000|  0%| F|  |TAMS 0x0000000087500000, 0x0000000087500000| Untracked 
|  22|0x0000000087600000, 0x0000000087600000, 0x0000000087700000|  0%| F|  |TAMS 0x0000000087600000, 0x0000000087600000| Untracked 
|  23|0x0000000087700000, 0x0000000087700000, 0x0000000087800000|  0%| F|  |TAMS 0x0000000087700000, 0x0000000087700000| Untracked 
|  24|0x0000000087800000, 0x0000000087800000, 0x0000000087900000|  0%| F|  |TAMS 0x0000000087800000, 0x0000000087800000| Untracked 
|  25|0x0000000087900000, 0x0000000087900000, 0x0000000087a00000|  0%| F|  |TAMS 0x0000000087900000, 0x0000000087900000| Untracked 
|  26|0x0000000087a00000, 0x0000000087a00000, 0x0000000087b00000|  0%| F|  |TAMS 0x0000000087a00000, 0x0000000087a00000| Untracked 
|  27|0x0000000087b00000, 0x0000000087b00000, 0x0000000087c00000|  0%| F|  |TAMS 0x0000000087b00000, 0x0000000087b00000| Untracked 
|  28|0x0000000087c00000, 0x0000000087c00000, 0x0000000087d00000|  0%| F|  |TAMS 0x0000000087c00000, 0x0000000087c00000| Untracked 
|  29|0x0000000087d00000, 0x0000000087d00000, 0x0000000087e00000|  0%| F|  |TAMS 0x0000000087d00000, 0x0000000087d00000| Untracked 
|  30|0x0000000087e00000, 0x0000000087e00000, 0x0000000087f00000|  0%| F|  |TAMS 0x0000000087e00000, 0x0000000087e00000| Untracked 
|  31|0x0000000087f00000, 0x0000000087f00000, 0x0000000088000000|  0%| F|  |TAMS 0x0000000087f00000, 0x0000000087f00000| Untracked 
|  32|0x0000000088000000, 0x0000000088000000, 0x0000000088100000|  0%| F|  |TAMS 0x0000000088000000, 0x0000000088000000| Untracked 
|  33|0x0000000088100000, 0x0000000088100000, 0x0000000088200000|  0%| F|  |TAMS 0x0000000088100000, 0x0000000088100000| Untracked 
|  34|0x0000000088200000, 0x0000000088200000, 0x0000000088300000|  0%| F|  |TAMS 0x0000000088200000, 0x0000000088200000| Untracked 
|  35|0x0000000088300000, 0x0000000088300000, 0x0000000088400000|  0%| F|  |TAMS 0x0000000088300000, 0x0000000088300000| Untracked 
|  36|0x0000000088400000, 0x0000000088400000, 0x0000000088500000|  0%| F|  |TAMS 0x0000000088400000, 0x0000000088400000| Untracked 
|  37|0x0000000088500000, 0x0000000088500000, 0x0000000088600000|  0%| F|  |TAMS 0x0000000088500000, 0x0000000088500000| Untracked 
|  38|0x0000000088600000, 0x0000000088600000, 0x0000000088700000|  0%| F|  |TAMS 0x0000000088600000, 0x0000000088600000| Untracked 
|  39|0x0000000088700000, 0x0000000088700000, 0x0000000088800000|  0%| F|  |TAMS 0x0000000088700000, 0x0000000088700000| Untracked 
|  40|0x0000000088800000, 0x0000000088800000, 0x0000000088900000|  0%| F|  |TAMS 0x0000000088800000, 0x0000000088800000| Untracked 
|  41|0x0000000088900000, 0x0000000088900000, 0x0000000088a00000|  0%| F|  |TAMS 0x0000000088900000, 0x0000000088900000| Untracked 
|  42|0x0000000088a00000, 0x0000000088a00000, 0x0000000088b00000|  0%| F|  |TAMS 0x0000000088a00000, 0x0000000088a00000| Untracked 
|  43|0x0000000088b00000, 0x0000000088b00000, 0x0000000088c00000|  0%| F|  |TAMS 0x0000000088b00000, 0x0000000088b00000| Untracked 
|  44|0x0000000088c00000, 0x0000000088c00000, 0x0000000088d00000|  0%| F|  |TAMS 0x0000000088c00000, 0x0000000088c00000| Untracked 
|  45|0x0000000088d00000, 0x0000000088d00000, 0x0000000088e00000|  0%| F|  |TAMS 0x0000000088d00000, 0x0000000088d00000| Untracked 
|  46|0x0000000088e00000, 0x0000000088e00000, 0x0000000088f00000|  0%| F|  |TAMS 0x0000000088e00000, 0x0000000088e00000| Untracked 
|  47|0x0000000088f00000, 0x0000000088f00000, 0x0000000089000000|  0%| F|  |TAMS 0x0000000088f00000, 0x0000000088f00000| Untracked 
|  48|0x0000000089000000, 0x0000000089000000, 0x0000000089100000|  0%| F|  |TAMS 0x0000000089000000, 0x0000000089000000| Untracked 
|  49|0x0000000089100000, 0x0000000089100000, 0x0000000089200000|  0%| F|  |TAMS 0x0000000089100000, 0x0000000089100000| Untracked 
|  50|0x0000000089200000, 0x0000000089200000, 0x0000000089300000|  0%| F|  |TAMS 0x0000000089200000, 0x0000000089200000| Untracked 
|  51|0x0000000089300000, 0x0000000089300000, 0x0000000089400000|  0%| F|  |TAMS 0x0000000089300000, 0x0000000089300000| Untracked 
|  52|0x0000000089400000, 0x0000000089400000, 0x0000000089500000|  0%| F|  |TAMS 0x0000000089400000, 0x0000000089400000| Untracked 
|  53|0x0000000089500000, 0x0000000089500000, 0x0000000089600000|  0%| F|  |TAMS 0x0000000089500000, 0x0000000089500000| Untracked 
|  54|0x0000000089600000, 0x0000000089600000, 0x0000000089700000|  0%| F|  |TAMS 0x0000000089600000, 0x0000000089600000| Untracked 
|  55|0x0000000089700000, 0x0000000089700000, 0x0000000089800000|  0%| F|  |TAMS 0x0000000089700000, 0x0000000089700000| Untracked 
|  56|0x0000000089800000, 0x0000000089800000, 0x0000000089900000|  0%| F|  |TAMS 0x0000000089800000, 0x0000000089800000| Untracked 
|  57|0x0000000089900000, 0x0000000089900000, 0x0000000089a00000|  0%| F|  |TAMS 0x0000000089900000, 0x0000000089900000| Untracked 
|  58|0x0000000089a00000, 0x0000000089a00000, 0x0000000089b00000|  0%| F|  |TAMS 0x0000000089a00000, 0x0000000089a00000| Untracked 
|  59|0x0000000089b00000, 0x0000000089b00000, 0x0000000089c00000|  0%| F|  |TAMS 0x0000000089b00000, 0x0000000089b00000| Untracked 
|  60|0x0000000089c00000, 0x0000000089c00000, 0x0000000089d00000|  0%| F|  |TAMS 0x0000000089c00000, 0x0000000089c00000| Untracked 
|  61|0x0000000089d00000, 0x0000000089d00000, 0x0000000089e00000|  0%| F|  |TAMS 0x0000000089d00000, 0x0000000089d00000| Untracked 
|  62|0x0000000089e00000, 0x0000000089e00000, 0x0000000089f00000|  0%| F|  |TAMS 0x0000000089e00000, 0x0000000089e00000| Untracked 
|  63|0x0000000089f00000, 0x0000000089f00000, 0x000000008a000000|  0%| F|  |TAMS 0x0000000089f00000, 0x0000000089f00000| Untracked 
|  64|0x000000008a000000, 0x000000008a000000, 0x000000008a100000|  0%| F|  |TAMS 0x000000008a000000, 0x000000008a000000| Untracked 
|  65|0x000000008a100000, 0x000000008a100000, 0x000000008a200000|  0%| F|  |TAMS 0x000000008a100000, 0x000000008a100000| Untracked 
|  66|0x000000008a200000, 0x000000008a200000, 0x000000008a300000|  0%| F|  |TAMS 0x000000008a200000, 0x000000008a200000| Untracked 
|  67|0x000000008a300000, 0x000000008a300000, 0x000000008a400000|  0%| F|  |TAMS 0x000000008a300000, 0x000000008a300000| Untracked 
|  68|0x000000008a400000, 0x000000008a400000, 0x000000008a500000|  0%| F|  |TAMS 0x000000008a400000, 0x000000008a400000| Untracked 
|  69|0x000000008a500000, 0x000000008a500000, 0x000000008a600000|  0%| F|  |TAMS 0x000000008a500000, 0x000000008a500000| Untracked 
|  70|0x000000008a600000, 0x000000008a600000, 0x000000008a700000|  0%| F|  |TAMS 0x000000008a600000, 0x000000008a600000| Untracked 
|  71|0x000000008a700000, 0x000000008a700000, 0x000000008a800000|  0%| F|  |TAMS 0x000000008a700000, 0x000000008a700000| Untracked 
|  72|0x000000008a800000, 0x000000008a800000, 0x000000008a900000|  0%| F|  |TAMS 0x000000008a800000, 0x000000008a800000| Untracked 
|  73|0x000000008a900000, 0x000000008a900000, 0x000000008aa00000|  0%| F|  |TAMS 0x000000008a900000, 0x000000008a900000| Untracked 
|  74|0x000000008aa00000, 0x000000008aa00000, 0x000000008ab00000|  0%| F|  |TAMS 0x000000008aa00000, 0x000000008aa00000| Untracked 
|  75|0x000000008ab00000, 0x000000008ab00000, 0x000000008ac00000|  0%| F|  |TAMS 0x000000008ab00000, 0x000000008ab00000| Untracked 
|  76|0x000000008ac00000, 0x000000008ac00000, 0x000000008ad00000|  0%| F|  |TAMS 0x000000008ac00000, 0x000000008ac00000| Untracked 
|  77|0x000000008ad00000, 0x000000008ad00000, 0x000000008ae00000|  0%| F|  |TAMS 0x000000008ad00000, 0x000000008ad00000| Untracked 
|  78|0x000000008ae00000, 0x000000008ae00000, 0x000000008af00000|  0%| F|  |TAMS 0x000000008ae00000, 0x000000008ae00000| Untracked 
|  79|0x000000008af00000, 0x000000008af00000, 0x000000008b000000|  0%| F|  |TAMS 0x000000008af00000, 0x000000008af00000| Untracked 
|  80|0x000000008b000000, 0x000000008b000000, 0x000000008b100000|  0%| F|  |TAMS 0x000000008b000000, 0x000000008b000000| Untracked 
|  81|0x000000008b100000, 0x000000008b100000, 0x000000008b200000|  0%| F|  |TAMS 0x000000008b100000, 0x000000008b100000| Untracked 
|  82|0x000000008b200000, 0x000000008b200000, 0x000000008b300000|  0%| F|  |TAMS 0x000000008b200000, 0x000000008b200000| Untracked 
|  83|0x000000008b300000, 0x000000008b300000, 0x000000008b400000|  0%| F|  |TAMS 0x000000008b300000, 0x000000008b300000| Untracked 
|  84|0x000000008b400000, 0x000000008b400000, 0x000000008b500000|  0%| F|  |TAMS 0x000000008b400000, 0x000000008b400000| Untracked 
|  85|0x000000008b500000, 0x000000008b500000, 0x000000008b600000|  0%| F|  |TAMS 0x000000008b500000, 0x000000008b500000| Untracked 
|  86|0x000000008b600000, 0x000000008b600000, 0x000000008b700000|  0%| F|  |TAMS 0x000000008b600000, 0x000000008b600000| Untracked 
|  87|0x000000008b700000, 0x000000008b700000, 0x000000008b800000|  0%| F|  |TAMS 0x000000008b700000, 0x000000008b700000| Untracked 
|  88|0x000000008b800000, 0x000000008b800000, 0x000000008b900000|  0%| F|  |TAMS 0x000000008b800000, 0x000000008b800000| Untracked 
|  89|0x000000008b900000, 0x000000008b900000, 0x000000008ba00000|  0%| F|  |TAMS 0x000000008b900000, 0x000000008b900000| Untracked 
|  90|0x000000008ba00000, 0x000000008ba00000, 0x000000008bb00000|  0%| F|  |TAMS 0x000000008ba00000, 0x000000008ba00000| Untracked 
|  91|0x000000008bb00000, 0x000000008bb00000, 0x000000008bc00000|  0%| F|  |TAMS 0x000000008bb00000, 0x000000008bb00000| Untracked 
|  92|0x000000008bc00000, 0x000000008bc00000, 0x000000008bd00000|  0%| F|  |TAMS 0x000000008bc00000, 0x000000008bc00000| Untracked 
|  93|0x000000008bd00000, 0x000000008bd00000, 0x000000008be00000|  0%| F|  |TAMS 0x000000008bd00000, 0x000000008bd00000| Untracked 
|  94|0x000000008be00000, 0x000000008be00000, 0x000000008bf00000|  0%| F|  |TAMS 0x000000008be00000, 0x000000008be00000| Untracked 
|  95|0x000000008bf00000, 0x000000008bf00000, 0x000000008c000000|  0%| F|  |TAMS 0x000000008bf00000, 0x000000008bf00000| Untracked 
|  96|0x000000008c000000, 0x000000008c000000, 0x000000008c100000|  0%| F|  |TAMS 0x000000008c000000, 0x000000008c000000| Untracked 
|  97|0x000000008c100000, 0x000000008c100000, 0x000000008c200000|  0%| F|  |TAMS 0x000000008c100000, 0x000000008c100000| Untracked 
|  98|0x000000008c200000, 0x000000008c200000, 0x000000008c300000|  0%| F|  |TAMS 0x000000008c200000, 0x000000008c200000| Untracked 
|  99|0x000000008c300000, 0x000000008c300000, 0x000000008c400000|  0%| F|  |TAMS 0x000000008c300000, 0x000000008c300000| Untracked 
| 100|0x000000008c400000, 0x000000008c400000, 0x000000008c500000|  0%| F|  |TAMS 0x000000008c400000, 0x000000008c400000| Untracked 
| 101|0x000000008c500000, 0x000000008c500000, 0x000000008c600000|  0%| F|  |TAMS 0x000000008c500000, 0x000000008c500000| Untracked 
| 102|0x000000008c600000, 0x000000008c600000, 0x000000008c700000|  0%| F|  |TAMS 0x000000008c600000, 0x000000008c600000| Untracked 
| 103|0x000000008c700000, 0x000000008c700000, 0x000000008c800000|  0%| F|  |TAMS 0x000000008c700000, 0x000000008c700000| Untracked 
| 104|0x000000008c800000, 0x000000008c800000, 0x000000008c900000|  0%| F|  |TAMS 0x000000008c800000, 0x000000008c800000| Untracked 
| 105|0x000000008c900000, 0x000000008c900000, 0x000000008ca00000|  0%| F|  |TAMS 0x000000008c900000, 0x000000008c900000| Untracked 
| 106|0x000000008ca00000, 0x000000008ca00000, 0x000000008cb00000|  0%| F|  |TAMS 0x000000008ca00000, 0x000000008ca00000| Untracked 
| 107|0x000000008cb00000, 0x000000008cb00000, 0x000000008cc00000|  0%| F|  |TAMS 0x000000008cb00000, 0x000000008cb00000| Untracked 
| 108|0x000000008cc00000, 0x000000008cc00000, 0x000000008cd00000|  0%| F|  |TAMS 0x000000008cc00000, 0x000000008cc00000| Untracked 
| 109|0x000000008cd00000, 0x000000008cd00000, 0x000000008ce00000|  0%| F|  |TAMS 0x000000008cd00000, 0x000000008cd00000| Untracked 
| 110|0x000000008ce00000, 0x000000008ce00000, 0x000000008cf00000|  0%| F|  |TAMS 0x000000008ce00000, 0x000000008ce00000| Untracked 
| 111|0x000000008cf00000, 0x000000008cff6470, 0x000000008d000000| 96%| E|  |TAMS 0x000000008cf00000, 0x000000008cf00000| Complete 
| 112|0x000000008d000000, 0x000000008d100000, 0x000000008d100000|100%| E|CS|TAMS 0x000000008d000000, 0x000000008d000000| Complete 
| 113|0x000000008d100000, 0x000000008d200000, 0x000000008d200000|100%| E|CS|TAMS 0x000000008d100000, 0x000000008d100000| Complete 
| 114|0x000000008d200000, 0x000000008d300000, 0x000000008d300000|100%| E|CS|TAMS 0x000000008d200000, 0x000000008d200000| Complete 
| 115|0x000000008d300000, 0x000000008d400000, 0x000000008d400000|100%| E|CS|TAMS 0x000000008d300000, 0x000000008d300000| Complete 
| 116|0x000000008d400000, 0x000000008d500000, 0x000000008d500000|100%| E|CS|TAMS 0x000000008d400000, 0x000000008d400000| Complete 
| 117|0x000000008d500000, 0x000000008d600000, 0x000000008d600000|100%| E|CS|TAMS 0x000000008d500000, 0x000000008d500000| Complete 
| 118|0x000000008d600000, 0x000000008d700000, 0x000000008d700000|100%| E|  |TAMS 0x000000008d600000, 0x000000008d600000| Complete 
| 119|0x000000008d700000, 0x000000008d800000, 0x000000008d800000|100%| E|CS|TAMS 0x000000008d700000, 0x000000008d700000| Complete 
| 120|0x000000008d800000, 0x000000008d900000, 0x000000008d900000|100%| E|CS|TAMS 0x000000008d800000, 0x000000008d800000| Complete 
| 121|0x000000008d900000, 0x000000008da00000, 0x000000008da00000|100%| E|CS|TAMS 0x000000008d900000, 0x000000008d900000| Complete 
|1950|0x00000000ffe00000, 0x00000000ffe48000, 0x00000000fff00000| 28%|OA|  |TAMS 0x00000000ffe00000, 0x00000000ffe00000| Untracked 
|1951|0x00000000fff00000, 0x00000000fff6c000, 0x0000000100000000| 42%|CA|  |TAMS 0x00000000fff00000, 0x00000000fff00000| Untracked 

Card table byte_map: [0x00007faa391e6000,0x00007faa395b6000] _byte_map_base: 0x00007faa38db6000

Marking Bits (Prev, Next): (CMBitMap*) 0x00007faa34059478, (CMBitMap*) 0x00007faa340594b0
 Prev Bits: [0x00007faa16180000, 0x00007faa18000000)
 Next Bits: [0x00007faa14300000, 0x00007faa16180000)

Polling page: 0x00007faa3c57d000

Metaspace:

Usage:
  Non-class:      5.76 MB capacity,     3.28 MB ( 57%) used,     2.47 MB ( 43%) free+waste,     5.62 KB ( <1%) overhead. 
      Class:    681.00 KB capacity,   394.67 KB ( 58%) used,   283.45 KB ( 42%) free+waste,     2.88 KB ( <1%) overhead. 
       Both:      6.42 MB capacity,     3.67 MB ( 57%) used,     2.75 MB ( 43%) free+waste,     8.50 KB ( <1%) overhead. 

Virtual space:
  Non-class space:        8.00 MB reserved,       6.00 MB ( 75%) committed 
      Class space:        1.00 GB reserved,     768.00 KB ( <1%) committed 
             Both:        1.01 GB reserved,       6.75 MB ( <1%) committed 

Chunk freelists:
   Non-Class:  0 bytes
       Class:  0 bytes
        Both:  0 bytes

MaxMetaspaceSize: unlimited
CompressedClassSpaceSize: 1.00 GB
Initial GC threshold: 20.80 MB
Current GC threshold: 20.80 MB
CDS: on

CodeHeap 'non-profiled nmethods': size=119172Kb used=221Kb max_used=221Kb free=118950Kb
 bounds [0x00007faa2435e000, 0x00007faa245ce000, 0x00007faa2b7bf000]
CodeHeap 'profiled nmethods': size=119168Kb used=1727Kb max_used=1727Kb free=117440Kb
 bounds [0x00007faa1cefe000, 0x00007faa1d16e000, 0x00007faa2435e000]
CodeHeap 'non-nmethods': size=7420Kb used=1202Kb max_used=1793Kb free=6217Kb
 bounds [0x00007faa1c7bf000, 0x00007faa1ca2f000, 0x00007faa1cefe000]
 total_blobs=1255 nmethods=857 adapters=320
 compilation: enabled
              stopped_count=0, restarted_count=0
 full_count=0

Compilation events (20 events):
Event: 1.765 Thread 0x00007fa9e8075000  850       3       java.util.ImmutableCollections$ListN::size (6 bytes)
Event: 1.765 Thread 0x00007faa3414e000 nmethod 847 0x00007faa1d0ab090 code [0x00007faa1d0ab280, 0x00007faa1d0ab820]
Event: 1.765 Thread 0x00007fa9e8075000 nmethod 850 0x00007faa1d0aba10 code [0x00007faa1d0abbc0, 0x00007faa1d0abcf0]
Event: 1.765 Thread 0x00007faa3414e000  842       3       java.lang.invoke.MemberName::isResolved (13 bytes)
Event: 1.765 Thread 0x00007fa9e8075000  834       3       jdk.internal.org.objectweb.asm.ClassWriter::newStringishItem (68 bytes)
Event: 1.765 Thread 0x00007faa3414e000 nmethod 842 0x00007faa1d0abd90 code [0x00007faa1d0abf40, 0x00007faa1d0ac0b0]
Event: 1.765 Thread 0x00007faa3414e000  837       3       java.lang.Byte::<init> (10 bytes)
Event: 1.765 Thread 0x00007faa3414e000 nmethod 837 0x00007faa1d0ac110 code [0x00007faa1d0ac2c0, 0x00007faa1d0ac490]
Event: 1.765 Thread 0x00007faa3414e000  841       1       java.lang.invoke.LambdaForm$Name::type (5 bytes)
Event: 1.765 Thread 0x00007faa3414e000 nmethod 841 0x00007faa24394b10 code [0x00007faa24394cc0, 0x00007faa24394d90]
Event: 1.765 Thread 0x00007fa9e8075000 nmethod 834 0x00007faa1d0ac590 code [0x00007faa1d0ac7a0, 0x00007faa1d0acb50]
Event: 1.765 Thread 0x00007faa3414c000 nmethod 852 0x00007faa24395210 code [0x00007faa243953a0, 0x00007faa24395558]
Event: 1.769 Thread 0x00007faa3414e000  854       3       java.util.regex.Pattern::has (15 bytes)
Event: 1.769 Thread 0x00007fa9e8075000  855       3       java.lang.Character::getType (9 bytes)
Event: 1.769 Thread 0x00007faa3414e000 nmethod 854 0x00007faa1d0acd10 code [0x00007faa1d0acec0, 0x00007faa1d0ad030]
Event: 1.769 Thread 0x00007fa9e8075000 nmethod 855 0x00007faa1d0ad090 code [0x00007faa1d0ad260, 0x00007faa1d0ad450]
Event: 1.769 Thread 0x00007faa3414e000  856       3       java.lang.CharacterDataLatin1::getType (11 bytes)
Event: 1.769 Thread 0x00007faa3414e000 nmethod 856 0x00007faa1d0ad510 code [0x00007faa1d0ad6c0, 0x00007faa1d0ad890]
Event: 1.770 Thread 0x00007fa9e8075000  857       3       java.lang.Character::charCount (12 bytes)
Event: 1.770 Thread 0x00007fa9e8075000 nmethod 857 0x00007faa1d0ad990 code [0x00007faa1d0adb40, 0x00007faa1d0adc70]

GC Heap History (0 events):
No events

Deoptimization events (20 events):
Event: 1.405 Thread 0x00007faa34016800 DEOPT PACKING pc=0x00007faa2436dedc sp=0x00007faa3ad08cf0
Event: 1.405 Thread 0x00007faa34016800 DEOPT UNPACKING pc=0x00007faa1c808ea5 sp=0x00007faa3ad08c80 mode 2
Event: 1.405 Thread 0x00007faa34016800 Uncommon trap: trap_request=0xffffffbe fr.pc=0x00007faa2436dedc relative=0x000000000000029c
Event: 1.405 Thread 0x00007faa34016800 Uncommon trap: reason=profile_predicate action=maybe_recompile pc=0x00007faa2436dedc method=java.lang.StringLatin1.indexOf([BI[BII)I @ 18 c2
Event: 1.405 Thread 0x00007faa34016800 DEOPT PACKING pc=0x00007faa2436dedc sp=0x00007faa3ad08cf0
Event: 1.405 Thread 0x00007faa34016800 DEOPT UNPACKING pc=0x00007faa1c808ea5 sp=0x00007faa3ad08c80 mode 2
Event: 1.475 Thread 0x00007faa34016800 DEOPT PACKING pc=0x00007faa1cf885f4 sp=0x00007faa3ad097d0
Event: 1.475 Thread 0x00007faa34016800 DEOPT UNPACKING pc=0x00007faa1c80964a sp=0x00007faa3ad08d38 mode 1
Event: 1.477 Thread 0x00007faa34016800 DEOPT PACKING pc=0x00007faa1cf5c5fe sp=0x00007faa3ad09510
Event: 1.477 Thread 0x00007faa34016800 DEOPT UNPACKING pc=0x00007faa1c80964a sp=0x00007faa3ad08998 mode 0
Event: 1.477 Thread 0x00007faa34016800 DEOPT PACKING pc=0x00007faa1cf885f4 sp=0x00007faa3ad097d0
Event: 1.477 Thread 0x00007faa34016800 DEOPT UNPACKING pc=0x00007faa1c80964a sp=0x00007faa3ad08d38 mode 1
Event: 1.502 Thread 0x00007faa34016800 DEOPT PACKING pc=0x00007faa1cfdf38a sp=0x00007faa3ad09460
Event: 1.502 Thread 0x00007faa34016800 DEOPT UNPACKING pc=0x00007faa1c80964a sp=0x00007faa3ad08908 mode 0
Event: 1.655 Thread 0x00007faa34016800 DEOPT PACKING pc=0x00007faa1cf37ae2 sp=0x00007faa3ad07ce0
Event: 1.655 Thread 0x00007faa34016800 DEOPT UNPACKING pc=0x00007faa1c80964a sp=0x00007faa3ad071f0 mode 0
Event: 1.751 Thread 0x00007faa34016800 Uncommon trap: trap_request=0xffffff76 fr.pc=0x00007faa24367ae8 relative=0x0000000000000148
Event: 1.751 Thread 0x00007faa34016800 Uncommon trap: reason=loop_limit_check action=maybe_recompile pc=0x00007faa24367ae8 method=java.lang.StringLatin1.lastIndexOf([BII)I @ 19 c2
Event: 1.751 Thread 0x00007faa34016800 DEOPT PACKING pc=0x00007faa24367ae8 sp=0x00007faa3ad0a260
Event: 1.751 Thread 0x00007faa34016800 DEOPT UNPACKING pc=0x00007faa1c808ea5 sp=0x00007faa3ad0a210 mode 2

Classes redefined (0 events):
No events

Internal exceptions (20 events):
Event: 1.477 Thread 0x00007faa34016800 Exception <a 'java/security/PrivilegedActionException'{0x000000008d34d508}> (0x000000008d34d508) thrown at [./src/hotspot/share/prims/jvm.cpp, line 1304]
Event: 1.477 Thread 0x00007faa34016800 Exception <a 'java/security/PrivilegedActionException'{0x000000008d34d7d8}> (0x000000008d34d7d8) thrown at [./src/hotspot/share/prims/jvm.cpp, line 1304]
Event: 1.477 Thread 0x00007faa34016800 Exception <a 'java/security/PrivilegedActionException'{0x000000008d34e1e8}> (0x000000008d34e1e8) thrown at [./src/hotspot/share/prims/jvm.cpp, line 1304]
Event: 1.477 Thread 0x00007faa34016800 Exception <a 'java/security/PrivilegedActionException'{0x000000008d34e4b8}> (0x000000008d34e4b8) thrown at [./src/hotspot/share/prims/jvm.cpp, line 1304]
Event: 1.477 Thread 0x00007faa34016800 Exception <a 'java/security/PrivilegedActionException'{0x000000008d34eee8}> (0x000000008d34eee8) thrown at [./src/hotspot/share/prims/jvm.cpp, line 1304]
Event: 1.477 Thread 0x00007faa34016800 Exception <a 'java/security/PrivilegedActionException'{0x000000008d34f1b8}> (0x000000008d34f1b8) thrown at [./src/hotspot/share/prims/jvm.cpp, line 1304]
Event: 1.477 Thread 0x00007faa34016800 Exception <a 'java/security/PrivilegedActionException'{0x000000008d34fbd0}> (0x000000008d34fbd0) thrown at [./src/hotspot/share/prims/jvm.cpp, line 1304]
Event: 1.477 Thread 0x00007faa34016800 Exception <a 'java/security/PrivilegedActionException'{0x000000008d34fea0}> (0x000000008d34fea0) thrown at [./src/hotspot/share/prims/jvm.cpp, line 1304]
Event: 1.477 Thread 0x00007faa34016800 Exception <a 'java/security/PrivilegedActionException'{0x000000008d3508b8}> (0x000000008d3508b8) thrown at [./src/hotspot/share/prims/jvm.cpp, line 1304]
Event: 1.477 Thread 0x00007faa34016800 Exception <a 'java/security/PrivilegedActionException'{0x000000008d350b88}> (0x000000008d350b88) thrown at [./src/hotspot/share/prims/jvm.cpp, line 1304]
Event: 1.477 Thread 0x00007faa34016800 Exception <a 'java/security/PrivilegedActionException'{0x000000008d3515c0}> (0x000000008d3515c0) thrown at [./src/hotspot/share/prims/jvm.cpp, line 1304]
Event: 1.477 Thread 0x00007faa34016800 Exception <a 'java/security/PrivilegedActionException'{0x000000008d351890}> (0x000000008d351890) thrown at [./src/hotspot/share/prims/jvm.cpp, line 1304]
Event: 1.477 Thread 0x00007faa34016800 Exception <a 'java/security/PrivilegedActionException'{0x000000008d3522c0}> (0x000000008d3522c0) thrown at [./src/hotspot/share/prims/jvm.cpp, line 1304]
Event: 1.477 Thread 0x00007faa34016800 Exception <a 'java/security/PrivilegedActionException'{0x000000008d352590}> (0x000000008d352590) thrown at [./src/hotspot/share/prims/jvm.cpp, line 1304]
Event: 1.477 Thread 0x00007faa34016800 Exception <a 'java/security/PrivilegedActionException'{0x000000008d352fc8}> (0x000000008d352fc8) thrown at [./src/hotspot/share/prims/jvm.cpp, line 1304]
Event: 1.477 Thread 0x00007faa34016800 Exception <a 'java/security/PrivilegedActionException'{0x000000008d353298}> (0x000000008d353298) thrown at [./src/hotspot/share/prims/jvm.cpp, line 1304]
Event: 1.477 Thread 0x00007faa34016800 Exception <a 'java/security/PrivilegedActionException'{0x000000008d353cb0}> (0x000000008d353cb0) thrown at [./src/hotspot/share/prims/jvm.cpp, line 1304]
Event: 1.477 Thread 0x00007faa34016800 Exception <a 'java/security/PrivilegedActionException'{0x000000008d353f80}> (0x000000008d353f80) thrown at [./src/hotspot/share/prims/jvm.cpp, line 1304]
Event: 1.477 Thread 0x00007faa34016800 Exception <a 'java/security/PrivilegedActionException'{0x000000008d3549d0}> (0x000000008d3549d0) thrown at [./src/hotspot/share/prims/jvm.cpp, line 1304]
Event: 1.477 Thread 0x00007faa34016800 Exception <a 'java/security/PrivilegedActionException'{0x000000008d354ca0}> (0x000000008d354ca0) thrown at [./src/hotspot/share/prims/jvm.cpp, line 1304]

Events (20 events):
Event: 19.635 Executing VM operation: GetStackTrace
Event: 19.635 Executing VM operation: GetStackTrace done
Event: 19.636 Executing VM operation: ThreadsSuspendJVMTI
Event: 19.636 Executing VM operation: ThreadsSuspendJVMTI done
Event: 19.637 Executing VM operation: GetFrameCount
Event: 19.637 Executing VM operation: GetFrameCount done
Event: 19.637 Executing VM operation: GetFrameCount
Event: 19.637 Executing VM operation: GetFrameCount done
Event: 19.638 Executing VM operation: GetStackTrace
Event: 19.638 Executing VM operation: GetStackTrace done
Event: 19.640 Executing VM operation: GetOrSetLocal
Event: 19.641 Executing VM operation: GetOrSetLocal done
Event: 19.641 Executing VM operation: GetOrSetLocal
Event: 19.641 Executing VM operation: GetOrSetLocal done
Event: 19.641 Executing VM operation: GetOrSetLocal
Event: 19.641 Executing VM operation: GetOrSetLocal done
Event: 19.642 Executing VM operation: GetFrameLocation
Event: 19.642 Executing VM operation: GetFrameLocation done
Event: 19.642 Executing VM operation: GetOrSetLocal
Event: 19.642 Executing VM operation: GetOrSetLocal done


Dynamic libraries:
86000000-8da00000 rw-p 00000000 00:00 0 
8da00000-ffe00000 ---p 00000000 00:00 0 
ffe00000-ffe48000 rw-p 00b14000 08:20 29394                              /usr/lib/jvm/java-11-openjdk-amd64/lib/server/classes.jsa
ffe48000-fff00000 rw-p 00000000 00:00 0 
fff00000-fff6c000 rw-p 00aa8000 08:20 29394                              /usr/lib/jvm/java-11-openjdk-amd64/lib/server/classes.jsa
fff6c000-100000000 rw-p 00000000 00:00 0 
800000000-800002000 rwxp 00001000 08:20 29394                            /usr/lib/jvm/java-11-openjdk-amd64/lib/server/classes.jsa
800002000-800aa7000 rw-p 00003000 08:20 29394                            /usr/lib/jvm/java-11-openjdk-amd64/lib/server/classes.jsa
840000000-8400c0000 rw-p 00000000 00:00 0 
8400c0000-880000000 ---p 00000000 00:00 0 
55a630de1000-55a630de2000 r--p 00000000 08:20 58380                      /usr/lib/jvm/java-11-openjdk-amd64/bin/java
55a630de2000-55a630de3000 r-xp 00001000 08:20 58380                      /usr/lib/jvm/java-11-openjdk-amd64/bin/java
55a630de3000-55a630de4000 r--p 00002000 08:20 58380                      /usr/lib/jvm/java-11-openjdk-amd64/bin/java
55a630de4000-55a630de5000 r--p 00002000 08:20 58380                      /usr/lib/jvm/java-11-openjdk-amd64/bin/java
55a630de5000-55a630de6000 rw-p 00003000 08:20 58380                      /usr/lib/jvm/java-11-openjdk-amd64/bin/java
55a63ca60000-55a63ca81000 rw-p 00000000 00:00 0                          [heap]
7fa9b552c000-7fa9b5e52000 r--p 00000000 08:20 227212                     /home/itshandable/.javacpp/cache/llvm-13.0.1-1.5.7-linux-x86_64.jar/org/bytedeco/llvm/linux-x86_64/libLLVM-13.so
7fa9b5e52000-7fa9b9815000 r-xp 00926000 08:20 227212                     /home/itshandable/.javacpp/cache/llvm-13.0.1-1.5.7-linux-x86_64.jar/org/bytedeco/llvm/linux-x86_64/libLLVM-13.so
7fa9b9815000-7fa9bba6a000 r--p 042e9000 08:20 227212                     /home/itshandable/.javacpp/cache/llvm-13.0.1-1.5.7-linux-x86_64.jar/org/bytedeco/llvm/linux-x86_64/libLLVM-13.so
7fa9bba6a000-7fa9bbf7f000 r--p 0653d000 08:20 227212                     /home/itshandable/.javacpp/cache/llvm-13.0.1-1.5.7-linux-x86_64.jar/org/bytedeco/llvm/linux-x86_64/libLLVM-13.so
7fa9bbf7f000-7fa9bbf8a000 rw-p 06a52000 08:20 227212                     /home/itshandable/.javacpp/cache/llvm-13.0.1-1.5.7-linux-x86_64.jar/org/bytedeco/llvm/linux-x86_64/libLLVM-13.so
7fa9bbf8a000-7fa9bc000000 rw-p 00000000 00:00 0 
7fa9bc000000-7fa9bc084000 rw-p 00000000 00:00 0 
7fa9bc084000-7fa9c0000000 ---p 00000000 00:00 0 
7fa9c0000000-7fa9c002c000 rw-p 00000000 00:00 0 
7fa9c002c000-7fa9c4000000 ---p 00000000 00:00 0 
7fa9c4000000-7fa9c43b4000 rw-p 00000000 00:00 0 
7fa9c43b4000-7fa9c8000000 ---p 00000000 00:00 0 
7fa9c8000000-7fa9c8021000 rw-p 00000000 00:00 0 
7fa9c8021000-7fa9cc000000 ---p 00000000 00:00 0 
7fa9cc000000-7fa9cc021000 rw-p 00000000 00:00 0 
7fa9cc021000-7fa9d0000000 ---p 00000000 00:00 0 
7fa9d0000000-7fa9d0021000 rw-p 00000000 00:00 0 
7fa9d0021000-7fa9d4000000 ---p 00000000 00:00 0 
7fa9d4000000-7fa9d405d000 rw-p 00000000 00:00 0 
7fa9d405d000-7fa9d8000000 ---p 00000000 00:00 0 
7fa9d8000000-7fa9d8021000 rw-p 00000000 00:00 0 
7fa9d8021000-7fa9dc000000 ---p 00000000 00:00 0 
7fa9dc000000-7fa9dc021000 rw-p 00000000 00:00 0 
7fa9dc021000-7fa9e0000000 ---p 00000000 00:00 0 
7fa9e0000000-7fa9e0021000 rw-p 00000000 00:00 0 
7fa9e0021000-7fa9e4000000 ---p 00000000 00:00 0 
7fa9e4000000-7fa9e40fb000 rw-p 00000000 00:00 0 
7fa9e40fb000-7fa9e8000000 ---p 00000000 00:00 0 
7fa9e8000000-7fa9e81f7000 rw-p 00000000 00:00 0 
7fa9e81f7000-7fa9ec000000 ---p 00000000 00:00 0 
7fa9ec000000-7fa9ec021000 rw-p 00000000 00:00 0 
7fa9ec021000-7fa9f0000000 ---p 00000000 00:00 0 
7fa9f0000000-7fa9f0021000 rw-p 00000000 00:00 0 
7fa9f0021000-7fa9f4000000 ---p 00000000 00:00 0 
7fa9f4000000-7fa9f4021000 rw-p 00000000 00:00 0 
7fa9f4021000-7fa9f8000000 ---p 00000000 00:00 0 
7fa9f8000000-7fa9f8021000 rw-p 00000000 00:00 0 
7fa9f8021000-7fa9fc000000 ---p 00000000 00:00 0 
7fa9fc000000-7fa9fc021000 rw-p 00000000 00:00 0 
7fa9fc021000-7faa00000000 ---p 00000000 00:00 0 
7faa00000000-7faa00021000 rw-p 00000000 00:00 0 
7faa00021000-7faa04000000 ---p 00000000 00:00 0 
7faa04000000-7faa04021000 rw-p 00000000 00:00 0 
7faa04021000-7faa08000000 ---p 00000000 00:00 0 
7faa08000000-7faa08021000 rw-p 00000000 00:00 0 
7faa08021000-7faa0c000000 ---p 00000000 00:00 0 
7faa0c7f9000-7faa0c85e000 r--p 00000000 08:20 227234                     /home/itshandable/.javacpp/cache/llvm-13.0.1-1.5.7-linux-x86_64.jar/org/bytedeco/llvm/linux-x86_64/libjniLLVM.so
7faa0c85e000-7faa0c8cc000 r-xp 00065000 08:20 227234                     /home/itshandable/.javacpp/cache/llvm-13.0.1-1.5.7-linux-x86_64.jar/org/bytedeco/llvm/linux-x86_64/libjniLLVM.so
7faa0c8cc000-7faa0c8f7000 r--p 000d3000 08:20 227234                     /home/itshandable/.javacpp/cache/llvm-13.0.1-1.5.7-linux-x86_64.jar/org/bytedeco/llvm/linux-x86_64/libjniLLVM.so
7faa0c8f7000-7faa0c8fa000 r--p 000fd000 08:20 227234                     /home/itshandable/.javacpp/cache/llvm-13.0.1-1.5.7-linux-x86_64.jar/org/bytedeco/llvm/linux-x86_64/libjniLLVM.so
7faa0c8fa000-7faa0c8fd000 rw-p 00100000 08:20 227234                     /home/itshandable/.javacpp/cache/llvm-13.0.1-1.5.7-linux-x86_64.jar/org/bytedeco/llvm/linux-x86_64/libjniLLVM.so
7faa0c8fd000-7faa0c8ff000 rw-p 00000000 00:00 0 
7faa0c8ff000-7faa0c903000 ---p 00000000 00:00 0 
7faa0c903000-7faa0c9ff000 rw-p 00000000 00:00 0 
7faa0c9ff000-7faa0ca03000 ---p 00000000 00:00 0 
7faa0ca03000-7faa0caff000 rw-p 00000000 00:00 0 
7faa0caff000-7faa0cb03000 ---p 00000000 00:00 0 
7faa0cb03000-7faa0cbff000 rw-p 00000000 00:00 0 
7faa0cbff000-7faa0cc03000 ---p 00000000 00:00 0 
7faa0cc03000-7faa0ccff000 rw-p 00000000 00:00 0 
7faa0ccff000-7faa0cd00000 ---p 00000000 00:00 0 
7faa0cd00000-7faa0ce00000 rw-p 00000000 00:00 0 
7faa0ce00000-7faa0ce04000 ---p 00000000 00:00 0 
7faa0ce04000-7faa0cf00000 rw-p 00000000 00:00 0 
7faa0cf00000-7faa0cf04000 ---p 00000000 00:00 0 
7faa0cf04000-7faa0d000000 rw-p 00000000 00:00 0 
7faa0d000000-7faa0d004000 ---p 00000000 00:00 0 
7faa0d004000-7faa0d100000 rw-p 00000000 00:00 0 
7faa0d100000-7faa0d104000 ---p 00000000 00:00 0 
7faa0d104000-7faa0d200000 rw-p 00000000 00:00 0 
7faa0d200000-7faa0d204000 ---p 00000000 00:00 0 
7faa0d204000-7faa0d300000 rw-p 00000000 00:00 0 
7faa0d300000-7faa0d304000 ---p 00000000 00:00 0 
7faa0d304000-7faa0d400000 rw-p 00000000 00:00 0 
7faa0d400000-7faa0d404000 ---p 00000000 00:00 0 
7faa0d404000-7faa0d500000 rw-p 00000000 00:00 0 
7faa0d500000-7faa0d504000 ---p 00000000 00:00 0 
7faa0d504000-7faa0d600000 rw-p 00000000 00:00 0 
7faa0d600000-7faa0d604000 ---p 00000000 00:00 0 
7faa0d604000-7faa0d700000 rw-p 00000000 00:00 0 
7faa0d700000-7faa0d704000 ---p 00000000 00:00 0 
7faa0d704000-7faa0de00000 rw-p 00000000 00:00 0 
7faa0de00000-7faa0e000000 ---p 00000000 00:00 0 
7faa0e000000-7faa10000000 rw-p 00000000 00:00 0 
7faa10000000-7faa10021000 rw-p 00000000 00:00 0 
7faa10021000-7faa14000000 ---p 00000000 00:00 0 
7faa140e7000-7faa140e8000 r--p 00000000 08:20 227228                     /home/itshandable/.javacpp/cache/llvm-13.0.1-1.5.7-linux-x86_64.jar/org/bytedeco/llvm/linux-x86_64/libRemarks.so.13
7faa140e8000-7faa140e9000 r-xp 00001000 08:20 227228                     /home/itshandable/.javacpp/cache/llvm-13.0.1-1.5.7-linux-x86_64.jar/org/bytedeco/llvm/linux-x86_64/libRemarks.so.13
7faa140e9000-7faa140ea000 r--p 00002000 08:20 227228                     /home/itshandable/.javacpp/cache/llvm-13.0.1-1.5.7-linux-x86_64.jar/org/bytedeco/llvm/linux-x86_64/libRemarks.so.13
7faa140ea000-7faa140eb000 r--p 00002000 08:20 227228                     /home/itshandable/.javacpp/cache/llvm-13.0.1-1.5.7-linux-x86_64.jar/org/bytedeco/llvm/linux-x86_64/libRemarks.so.13
7faa140eb000-7faa140ec000 rw-p 00003000 08:20 227228                     /home/itshandable/.javacpp/cache/llvm-13.0.1-1.5.7-linux-x86_64.jar/org/bytedeco/llvm/linux-x86_64/libRemarks.so.13
7faa140ec000-7faa140f3000 r--p 00000000 08:20 227217                     /home/itshandable/.javacpp/cache/llvm-13.0.1-1.5.7-linux-x86_64.jar/org/bytedeco/llvm/linux-x86_64/libLTO.so.13
7faa140f3000-7faa140fb000 r-xp 00007000 08:20 227217                     /home/itshandable/.javacpp/cache/llvm-13.0.1-1.5.7-linux-x86_64.jar/org/bytedeco/llvm/linux-x86_64/libLTO.so.13
7faa140fb000-7faa140fd000 r--p 0000f000 08:20 227217                     /home/itshandable/.javacpp/cache/llvm-13.0.1-1.5.7-linux-x86_64.jar/org/bytedeco/llvm/linux-x86_64/libLTO.so.13
7faa140fd000-7faa140fe000 r--p 00010000 08:20 227217                     /home/itshandable/.javacpp/cache/llvm-13.0.1-1.5.7-linux-x86_64.jar/org/bytedeco/llvm/linux-x86_64/libLTO.so.13
7faa140fe000-7faa140ff000 rw-p 00011000 08:20 227217                     /home/itshandable/.javacpp/cache/llvm-13.0.1-1.5.7-linux-x86_64.jar/org/bytedeco/llvm/linux-x86_64/libLTO.so.13
7faa140ff000-7faa14103000 ---p 00000000 00:00 0 
7faa14103000-7faa141ff000 rw-p 00000000 00:00 0 
7faa141ff000-7faa14200000 ---p 00000000 00:00 0 
7faa14200000-7faa144e8000 rw-p 00000000 00:00 0 
7faa144e8000-7faa16178000 ---p 00000000 00:00 0 
7faa16178000-7faa16368000 rw-p 00000000 00:00 0 
7faa16368000-7faa17ff8000 ---p 00000000 00:00 0 
7faa17ff8000-7faa18000000 rw-p 00000000 00:00 0 
7faa18000000-7faa18021000 rw-p 00000000 00:00 0 
7faa18021000-7faa1c000000 ---p 00000000 00:00 0 
7faa1c000000-7faa1c001000 r--p 00000000 08:20 64938                      /usr/lib/x86_64-linux-gnu/libdl.so.2
7faa1c001000-7faa1c002000 r-xp 00001000 08:20 64938                      /usr/lib/x86_64-linux-gnu/libdl.so.2
7faa1c002000-7faa1c003000 r--p 00002000 08:20 64938                      /usr/lib/x86_64-linux-gnu/libdl.so.2
7faa1c003000-7faa1c004000 r--p 00002000 08:20 64938                      /usr/lib/x86_64-linux-gnu/libdl.so.2
7faa1c004000-7faa1c005000 rw-p 00003000 08:20 64938                      /usr/lib/x86_64-linux-gnu/libdl.so.2
7faa1c005000-7faa1c009000 r--p 00000000 08:20 227196                     /home/itshandable/.javacpp/cache/javacpp-1.5.7-linux-x86_64.jar/org/bytedeco/javacpp/linux-x86_64/libjnijavacpp.so
7faa1c009000-7faa1c010000 r-xp 00004000 08:20 227196                     /home/itshandable/.javacpp/cache/javacpp-1.5.7-linux-x86_64.jar/org/bytedeco/javacpp/linux-x86_64/libjnijavacpp.so
7faa1c010000-7faa1c014000 r--p 0000b000 08:20 227196                     /home/itshandable/.javacpp/cache/javacpp-1.5.7-linux-x86_64.jar/org/bytedeco/javacpp/linux-x86_64/libjnijavacpp.so
7faa1c014000-7faa1c015000 r--p 0000e000 08:20 227196                     /home/itshandable/.javacpp/cache/javacpp-1.5.7-linux-x86_64.jar/org/bytedeco/javacpp/linux-x86_64/libjnijavacpp.so
7faa1c015000-7faa1c016000 rw-p 0000f000 08:20 227196                     /home/itshandable/.javacpp/cache/javacpp-1.5.7-linux-x86_64.jar/org/bytedeco/javacpp/linux-x86_64/libjnijavacpp.so
7faa1c016000-7faa1c047000 rw-p 00000000 00:00 0 
7faa1c047000-7faa1c04b000 r--p 00000000 08:20 58728                      /usr/lib/jvm/java-11-openjdk-amd64/lib/libnet.so
7faa1c04b000-7faa1c059000 r-xp 00004000 08:20 58728                      /usr/lib/jvm/java-11-openjdk-amd64/lib/libnet.so
7faa1c059000-7faa1c05d000 r--p 00012000 08:20 58728                      /usr/lib/jvm/java-11-openjdk-amd64/lib/libnet.so
7faa1c05d000-7faa1c05e000 r--p 00015000 08:20 58728                      /usr/lib/jvm/java-11-openjdk-amd64/lib/libnet.so
7faa1c05e000-7faa1c05f000 rw-p 00016000 08:20 58728                      /usr/lib/jvm/java-11-openjdk-amd64/lib/libnet.so
7faa1c05f000-7faa1c066000 r--p 00000000 08:20 58729                      /usr/lib/jvm/java-11-openjdk-amd64/lib/libnio.so
7faa1c066000-7faa1c06e000 r-xp 00007000 08:20 58729                      /usr/lib/jvm/java-11-openjdk-amd64/lib/libnio.so
7faa1c06e000-7faa1c071000 r--p 0000f000 08:20 58729                      /usr/lib/jvm/java-11-openjdk-amd64/lib/libnio.so
7faa1c071000-7faa1c072000 r--p 00011000 08:20 58729                      /usr/lib/jvm/java-11-openjdk-amd64/lib/libnio.so
7faa1c072000-7faa1c073000 rw-p 00012000 08:20 58729                      /usr/lib/jvm/java-11-openjdk-amd64/lib/libnio.so
7faa1c073000-7faa1c1b9000 rw-p 00000000 00:00 0 
7faa1c1b9000-7faa1c1ba000 ---p 00000000 00:00 0 
7faa1c1ba000-7faa1c2ba000 rw-p 00000000 00:00 0 
7faa1c2ba000-7faa1c2bb000 ---p 00000000 00:00 0 
7faa1c2bb000-7faa1c7bf000 rw-p 00000000 00:00 0 
7faa1c7bf000-7faa1ca2f000 rwxp 00000000 00:00 0 
7faa1ca2f000-7faa1cefe000 ---p 00000000 00:00 0 
7faa1cefe000-7faa1d16e000 rwxp 00000000 00:00 0 
7faa1d16e000-7faa2435e000 ---p 00000000 00:00 0 
7faa2435e000-7faa245ce000 rwxp 00000000 00:00 0 
7faa245ce000-7faa2b7bf000 ---p 00000000 00:00 0 
7faa2b7bf000-7faa34000000 r--s 00000000 08:20 58738                      /usr/lib/jvm/java-11-openjdk-amd64/lib/modules
7faa34000000-7faa343a3000 rw-p 00000000 00:00 0 
7faa343a3000-7faa38000000 ---p 00000000 00:00 0 
7faa38003000-7faa38004000 r--p 00000000 08:20 64948                      /usr/lib/x86_64-linux-gnu/libpthread.so.0
7faa38004000-7faa38005000 r-xp 00001000 08:20 64948                      /usr/lib/x86_64-linux-gnu/libpthread.so.0
7faa38005000-7faa38006000 r--p 00002000 08:20 64948                      /usr/lib/x86_64-linux-gnu/libpthread.so.0
7faa38006000-7faa38007000 r--p 00002000 08:20 64948                      /usr/lib/x86_64-linux-gnu/libpthread.so.0
7faa38007000-7faa38008000 rw-p 00003000 08:20 64948                      /usr/lib/x86_64-linux-gnu/libpthread.so.0
7faa38008000-7faa3800a000 r--p 00000000 08:20 58709                      /usr/lib/jvm/java-11-openjdk-amd64/lib/libdt_socket.so
7faa3800a000-7faa3800d000 r-xp 00002000 08:20 58709                      /usr/lib/jvm/java-11-openjdk-amd64/lib/libdt_socket.so
7faa3800d000-7faa3800e000 r--p 00005000 08:20 58709                      /usr/lib/jvm/java-11-openjdk-amd64/lib/libdt_socket.so
7faa3800e000-7faa3800f000 ---p 00006000 08:20 58709                      /usr/lib/jvm/java-11-openjdk-amd64/lib/libdt_socket.so
7faa3800f000-7faa38010000 r--p 00006000 08:20 58709                      /usr/lib/jvm/java-11-openjdk-amd64/lib/libdt_socket.so
7faa38010000-7faa38011000 rw-p 00007000 08:20 58709                      /usr/lib/jvm/java-11-openjdk-amd64/lib/libdt_socket.so
7faa38011000-7faa38b1c000 rw-p 00000000 00:00 0 
7faa38b1c000-7faa38b1d000 ---p 00000000 00:00 0 
7faa38b1d000-7faa38c1d000 rw-p 00000000 00:00 0 
7faa38c1d000-7faa38c1e000 ---p 00000000 00:00 0 
7faa38c1e000-7faa38e53000 rw-p 00000000 00:00 0 
7faa38e53000-7faa391e5000 ---p 00000000 00:00 0 
7faa391e5000-7faa39223000 rw-p 00000000 00:00 0 
7faa39223000-7faa395b5000 ---p 00000000 00:00 0 
7faa395b5000-7faa395f3000 rw-p 00000000 00:00 0 
7faa395f3000-7faa39985000 ---p 00000000 00:00 0 
7faa39985000-7faa3a895000 rw-p 00000000 00:00 0 
7faa3a895000-7faa3a896000 ---p 00000000 00:00 0 
7faa3a896000-7faa3a99b000 rw-p 00000000 00:00 0 
7faa3a99b000-7faa3aa7f000 ---p 00000000 00:00 0 
7faa3aa7f000-7faa3aa84000 rw-p 00000000 00:00 0 
7faa3aa84000-7faa3ab68000 ---p 00000000 00:00 0 
7faa3ab68000-7faa3ab6d000 rw-p 00000000 00:00 0 
7faa3ab6d000-7faa3ab77000 ---p 00000000 00:00 0 
7faa3ab77000-7faa3ab79000 r--p 00000000 08:20 58737                      /usr/lib/jvm/java-11-openjdk-amd64/lib/libzip.so
7faa3ab79000-7faa3ab7e000 r-xp 00002000 08:20 58737                      /usr/lib/jvm/java-11-openjdk-amd64/lib/libzip.so
7faa3ab7e000-7faa3ab80000 r--p 00007000 08:20 58737                      /usr/lib/jvm/java-11-openjdk-amd64/lib/libzip.so
7faa3ab80000-7faa3ab81000 r--p 00008000 08:20 58737                      /usr/lib/jvm/java-11-openjdk-amd64/lib/libzip.so
7faa3ab81000-7faa3ab82000 rw-p 00009000 08:20 58737                      /usr/lib/jvm/java-11-openjdk-amd64/lib/libzip.so
7faa3ab82000-7faa3ab8a000 rw-s 00000000 08:20 2331                       /tmp/hsperfdata_itshandable/23975
7faa3ab8a000-7faa3ab8c000 r--p 00000000 08:20 58719                      /usr/lib/jvm/java-11-openjdk-amd64/lib/libjdwp.so
7faa3ab8c000-7faa3abb8000 r-xp 00002000 08:20 58719                      /usr/lib/jvm/java-11-openjdk-amd64/lib/libjdwp.so
7faa3abb8000-7faa3abc6000 r--p 0002e000 08:20 58719                      /usr/lib/jvm/java-11-openjdk-amd64/lib/libjdwp.so
7faa3abc6000-7faa3abc7000 r--p 0003b000 08:20 58719                      /usr/lib/jvm/java-11-openjdk-amd64/lib/libjdwp.so
7faa3abc7000-7faa3abc8000 rw-p 0003c000 08:20 58719                      /usr/lib/jvm/java-11-openjdk-amd64/lib/libjdwp.so
7faa3abc8000-7faa3abd6000 r--p 00000000 08:20 58717                      /usr/lib/jvm/java-11-openjdk-amd64/lib/libjava.so
7faa3abd6000-7faa3abec000 r-xp 0000e000 08:20 58717                      /usr/lib/jvm/java-11-openjdk-amd64/lib/libjava.so
7faa3abec000-7faa3abf3000 r--p 00024000 08:20 58717                      /usr/lib/jvm/java-11-openjdk-amd64/lib/libjava.so
7faa3abf3000-7faa3abf4000 r--p 0002a000 08:20 58717                      /usr/lib/jvm/java-11-openjdk-amd64/lib/libjava.so
7faa3abf4000-7faa3abf5000 rw-p 0002b000 08:20 58717                      /usr/lib/jvm/java-11-openjdk-amd64/lib/libjava.so
7faa3abf5000-7faa3abf6000 rw-p 00000000 00:00 0 
7faa3abf6000-7faa3abfb000 r--p 00000000 08:20 58736                      /usr/lib/jvm/java-11-openjdk-amd64/lib/libverify.so
7faa3abfb000-7faa3ac02000 r-xp 00005000 08:20 58736                      /usr/lib/jvm/java-11-openjdk-amd64/lib/libverify.so
7faa3ac02000-7faa3ac04000 r--p 0000c000 08:20 58736                      /usr/lib/jvm/java-11-openjdk-amd64/lib/libverify.so
7faa3ac04000-7faa3ac06000 r--p 0000d000 08:20 58736                      /usr/lib/jvm/java-11-openjdk-amd64/lib/libverify.so
7faa3ac06000-7faa3ac07000 rw-p 0000f000 08:20 58736                      /usr/lib/jvm/java-11-openjdk-amd64/lib/libverify.so
7faa3ac07000-7faa3ac08000 r--p 00000000 08:20 64951                      /usr/lib/x86_64-linux-gnu/librt.so.1
7faa3ac08000-7faa3ac09000 r-xp 00001000 08:20 64951                      /usr/lib/x86_64-linux-gnu/librt.so.1
7faa3ac09000-7faa3ac0a000 r--p 00002000 08:20 64951                      /usr/lib/x86_64-linux-gnu/librt.so.1
7faa3ac0a000-7faa3ac0b000 r--p 00002000 08:20 64951                      /usr/lib/x86_64-linux-gnu/librt.so.1
7faa3ac0b000-7faa3ac0c000 rw-p 00003000 08:20 64951                      /usr/lib/x86_64-linux-gnu/librt.so.1
7faa3ac0c000-7faa3ac10000 ---p 00000000 00:00 0 
7faa3ac10000-7faa3ad0c000 rw-p 00000000 00:00 0 
7faa3ad0c000-7faa3ad0f000 r--p 00000000 08:20 6709                       /usr/lib/x86_64-linux-gnu/libgcc_s.so.1
7faa3ad0f000-7faa3ad26000 r-xp 00003000 08:20 6709                       /usr/lib/x86_64-linux-gnu/libgcc_s.so.1
7faa3ad26000-7faa3ad2a000 r--p 0001a000 08:20 6709                       /usr/lib/x86_64-linux-gnu/libgcc_s.so.1
7faa3ad2a000-7faa3ad2b000 r--p 0001d000 08:20 6709                       /usr/lib/x86_64-linux-gnu/libgcc_s.so.1
7faa3ad2b000-7faa3ad2c000 rw-p 0001e000 08:20 6709                       /usr/lib/x86_64-linux-gnu/libgcc_s.so.1
7faa3ad2c000-7faa3ad3a000 r--p 00000000 08:20 64939                      /usr/lib/x86_64-linux-gnu/libm.so.6
7faa3ad3a000-7faa3adb6000 r-xp 0000e000 08:20 64939                      /usr/lib/x86_64-linux-gnu/libm.so.6
7faa3adb6000-7faa3ae11000 r--p 0008a000 08:20 64939                      /usr/lib/x86_64-linux-gnu/libm.so.6
7faa3ae11000-7faa3ae12000 r--p 000e4000 08:20 64939                      /usr/lib/x86_64-linux-gnu/libm.so.6
7faa3ae12000-7faa3ae13000 rw-p 000e5000 08:20 64939                      /usr/lib/x86_64-linux-gnu/libm.so.6
7faa3ae13000-7faa3aead000 r--p 00000000 08:20 6947                       /usr/lib/x86_64-linux-gnu/libstdc++.so.6.0.30
7faa3aead000-7faa3afbe000 r-xp 0009a000 08:20 6947                       /usr/lib/x86_64-linux-gnu/libstdc++.so.6.0.30
7faa3afbe000-7faa3b02d000 r--p 001ab000 08:20 6947                       /usr/lib/x86_64-linux-gnu/libstdc++.so.6.0.30
7faa3b02d000-7faa3b02e000 ---p 0021a000 08:20 6947                       /usr/lib/x86_64-linux-gnu/libstdc++.so.6.0.30
7faa3b02e000-7faa3b039000 r--p 0021a000 08:20 6947                       /usr/lib/x86_64-linux-gnu/libstdc++.so.6.0.30
7faa3b039000-7faa3b03c000 rw-p 00225000 08:20 6947                       /usr/lib/x86_64-linux-gnu/libstdc++.so.6.0.30
7faa3b03c000-7faa3b03f000 rw-p 00000000 00:00 0 
7faa3b03f000-7faa3b2c2000 r--p 00000000 08:20 58741                      /usr/lib/jvm/java-11-openjdk-amd64/lib/server/libjvm.so
7faa3b2c2000-7faa3bf6d000 r-xp 00283000 08:20 58741                      /usr/lib/jvm/java-11-openjdk-amd64/lib/server/libjvm.so
7faa3bf6d000-7faa3c1c9000 r--p 00f2e000 08:20 58741                      /usr/lib/jvm/java-11-openjdk-amd64/lib/server/libjvm.so
7faa3c1c9000-7faa3c28d000 r--p 01189000 08:20 58741                      /usr/lib/jvm/java-11-openjdk-amd64/lib/server/libjvm.so
7faa3c28d000-7faa3c2c8000 rw-p 0124d000 08:20 58741                      /usr/lib/jvm/java-11-openjdk-amd64/lib/server/libjvm.so
7faa3c2c8000-7faa3c322000 rw-p 00000000 00:00 0 
7faa3c322000-7faa3c34a000 r--p 00000000 08:20 64935                      /usr/lib/x86_64-linux-gnu/libc.so.6
7faa3c34a000-7faa3c4df000 r-xp 00028000 08:20 64935                      /usr/lib/x86_64-linux-gnu/libc.so.6
7faa3c4df000-7faa3c537000 r--p 001bd000 08:20 64935                      /usr/lib/x86_64-linux-gnu/libc.so.6
7faa3c537000-7faa3c538000 ---p 00215000 08:20 64935                      /usr/lib/x86_64-linux-gnu/libc.so.6
7faa3c538000-7faa3c53c000 r--p 00215000 08:20 64935                      /usr/lib/x86_64-linux-gnu/libc.so.6
7faa3c53c000-7faa3c53e000 rw-p 00219000 08:20 64935                      /usr/lib/x86_64-linux-gnu/libc.so.6
7faa3c53e000-7faa3c54b000 rw-p 00000000 00:00 0 
7faa3c54b000-7faa3c54e000 r--p 00000000 08:20 58702                      /usr/lib/jvm/java-11-openjdk-amd64/lib/jli/libjli.so
7faa3c54e000-7faa3c558000 r-xp 00003000 08:20 58702                      /usr/lib/jvm/java-11-openjdk-amd64/lib/jli/libjli.so
7faa3c558000-7faa3c55b000 r--p 0000d000 08:20 58702                      /usr/lib/jvm/java-11-openjdk-amd64/lib/jli/libjli.so
7faa3c55b000-7faa3c55c000 ---p 00010000 08:20 58702                      /usr/lib/jvm/java-11-openjdk-amd64/lib/jli/libjli.so
7faa3c55c000-7faa3c55d000 r--p 00010000 08:20 58702                      /usr/lib/jvm/java-11-openjdk-amd64/lib/jli/libjli.so
7faa3c55d000-7faa3c55e000 rw-p 00011000 08:20 58702                      /usr/lib/jvm/java-11-openjdk-amd64/lib/jli/libjli.so
7faa3c55e000-7faa3c560000 r--p 00000000 08:20 6997                       /usr/lib/x86_64-linux-gnu/libz.so.1.2.11
7faa3c560000-7faa3c571000 r-xp 00002000 08:20 6997                       /usr/lib/x86_64-linux-gnu/libz.so.1.2.11
7faa3c571000-7faa3c577000 r--p 00013000 08:20 6997                       /usr/lib/x86_64-linux-gnu/libz.so.1.2.11
7faa3c577000-7faa3c578000 ---p 00019000 08:20 6997                       /usr/lib/x86_64-linux-gnu/libz.so.1.2.11
7faa3c578000-7faa3c579000 r--p 00019000 08:20 6997                       /usr/lib/x86_64-linux-gnu/libz.so.1.2.11
7faa3c579000-7faa3c57a000 rw-p 0001a000 08:20 6997                       /usr/lib/x86_64-linux-gnu/libz.so.1.2.11
7faa3c57d000-7faa3c57e000 ---p 00000000 00:00 0 
7faa3c57e000-7faa3c57f000 r--p 00000000 00:00 0 
7faa3c57f000-7faa3c581000 r--p 00000000 08:20 58720                      /usr/lib/jvm/java-11-openjdk-amd64/lib/libjimage.so
7faa3c581000-7faa3c584000 r-xp 00002000 08:20 58720                      /usr/lib/jvm/java-11-openjdk-amd64/lib/libjimage.so
7faa3c584000-7faa3c585000 r--p 00005000 08:20 58720                      /usr/lib/jvm/java-11-openjdk-amd64/lib/libjimage.so
7faa3c585000-7faa3c586000 ---p 00006000 08:20 58720                      /usr/lib/jvm/java-11-openjdk-amd64/lib/libjimage.so
7faa3c586000-7faa3c587000 r--p 00006000 08:20 58720                      /usr/lib/jvm/java-11-openjdk-amd64/lib/libjimage.so
7faa3c587000-7faa3c588000 rw-p 00007000 08:20 58720                      /usr/lib/jvm/java-11-openjdk-amd64/lib/libjimage.so
7faa3c588000-7faa3c58a000 rw-p 00000000 00:00 0 
7faa3c58a000-7faa3c58c000 r--p 00000000 08:20 64930                      /usr/lib/x86_64-linux-gnu/ld-linux-x86-64.so.2
7faa3c58c000-7faa3c5b6000 r-xp 00002000 08:20 64930                      /usr/lib/x86_64-linux-gnu/ld-linux-x86-64.so.2
7faa3c5b6000-7faa3c5c1000 r--p 0002c000 08:20 64930                      /usr/lib/x86_64-linux-gnu/ld-linux-x86-64.so.2
7faa3c5c2000-7faa3c5c4000 r--p 00037000 08:20 64930                      /usr/lib/x86_64-linux-gnu/ld-linux-x86-64.so.2
7faa3c5c4000-7faa3c5c6000 rw-p 00039000 08:20 64930                      /usr/lib/x86_64-linux-gnu/ld-linux-x86-64.so.2
7ffe6d72e000-7ffe6d74f000 rw-p 00000000 00:00 0                          [stack]
7ffe6d7ab000-7ffe6d7af000 r--p 00000000 00:00 0                          [vvar]
7ffe6d7af000-7ffe6d7b1000 r-xp 00000000 00:00 0                          [vdso]


VM Arguments:
jvm_args: -agentlib:jdwp=transport=dt_socket,address=0.0.0.0:12345,suspend=y,server=y -Djava.library.path=\\wsl.localhost\Ubuntu\usr\local\lib -Dfile.encoding=UTF-8 
java_command: Main tests/test.sysy tests/test.arm test tests/test.ll
java_class_path (initial): /mnt/e/codes/compiler-principle/Lab_backtrace/Lab/out/production/Lab:/usr/local/lib/antlr-4.9.1-complete.jar:/usr/local/lib/javacpp/javacpp-1.5.7.jar:/usr/local/lib/javacpp/javacpp-1.5.7-linux-x86_64.jar:/usr/local/lib/llvm/llvm-13.0.1-1.5.7.jar:/usr/local/lib/llvm/llvm-13.0.1-1.5.7-linux-x86_64.jar:/usr/local/lib/llvm-platform/llvm-platform-13.0.1-1.5.7.jar:/usr/local/lib/llvm4j/kotlin-stdlib-1.9.0.jar:/usr/local/lib/llvm4j/llvm4j-0.1.2-SNAPSHOT.jar:/usr/local/lib/rars/rars.jar:/mnt/d/IntelliJ IDEA Ultimate/lib/idea_rt.jar
Launcher Type: SUN_STANDARD

[Global flags]
     intx CICompilerCount                          = 12                                        {product} {ergonomic}
     uint ConcGCThreads                            = 4                                         {product} {ergonomic}
     uint G1ConcRefinementThreads                  = 15                                        {product} {ergonomic}
   size_t G1HeapRegionSize                         = 1048576                                   {product} {ergonomic}
    uintx GCDrainStackTargetSize                   = 64                                        {product} {ergonomic}
   size_t InitialHeapSize                          = 127926272                                 {product} {ergonomic}
   size_t MarkStackSize                            = 4194304                                   {product} {ergonomic}
   size_t MaxHeapSize                              = 2046820352                                {product} {ergonomic}
   size_t MaxNewSize                               = 1227882496                                {product} {ergonomic}
   size_t MinHeapDeltaBytes                        = 1048576                                   {product} {ergonomic}
    uintx NonNMethodCodeHeapSize                   = 7594288                                {pd product} {ergonomic}
    uintx NonProfiledCodeHeapSize                  = 122031976                              {pd product} {ergonomic}
    uintx ProfiledCodeHeapSize                     = 122031976                              {pd product} {ergonomic}
    uintx ReservedCodeCacheSize                    = 251658240                              {pd product} {ergonomic}
     bool SegmentedCodeCache                       = true                                      {product} {ergonomic}
     bool UseCompressedClassPointers               = true                                 {lp64_product} {ergonomic}
     bool UseCompressedOops                        = true                                 {lp64_product} {ergonomic}
     bool UseG1GC                                  = true                                      {product} {ergonomic}

Logging:
Log output configuration:
 #0: stdout all=warning uptime,level,tags
 #1: stderr all=off uptime,level,tags

Environment Variables:
PATH=/home/itshandable/.local/bin:/usr/local/sbin:/usr/local/bin:/usr/sbin:/usr/bin:/sbin:/bin:/usr/games:/usr/local/games:/usr/lib/wsl/lib:/mnt/d/VMwareWorkstationPro/bin/:/mnt/c/Program Files/BellSoft/LibericaJDK-17/bin/:/mnt/c/Program Files (x86)/Common Files/Oracle/Java/java8path:/mnt/c/Program Files (x86)/Common Files/Oracle/Java/javapath:/mnt/c/WINDOWS/system32:/mnt/c/WINDOWS:/mnt/c/WINDOWS/System32/Wbem:/mnt/c/WINDOWS/System32/WindowsPowerShell/v1.0/:/mnt/c/WINDOWS/System32/OpenSSH/:/mnt/c/Program Files/dotnet/:/mnt/c/Program Files (x86)/NVIDIA Corporation/PhysX/Common:/mnt/c/Program Files/Git/cmd:/mnt/d/Cruicial Storage Excutive:/mnt/c/Program Files/BellSoft/LibericaJDK-17/bin:/mnt/c/Program Files/BellSoft/LibericaJDK-17/jre/bin:/mnt/c/Users/itshandable/AppData/Local/Programs/Python/Python312:/mnt/c/Users/itshandable/AppData/Local/Programs/Python/Python312/Scripts:/mnt/c/Program Files/Pandoc/:/mnt/c/ProgramData/chocolatey/bin:/mnt/d/Nodejs-nvm:/mnt/c/Program Files/nodejs:/mnt/d/Redis/:/mnt/d/Mathlab/bin:/mnt/d/Lingo-21.0/:/mnt/d/Lingo-18.0/:/mnt/c/Program Files/NVIDIA Corporation/NVIDIA app/NvDLISR:/mnt/d/SPSS-25/JRE/bin:/mnt/d/SPSS Modeler 18.0/ext/bin/spss.TMWBServer/bin:/mnt/d/SPSS Modeler 18.0/MPICH2/bin:/mnt/d/SPSS Modeler 18.0/TABI:/mnt/d/MySQL/bin:/mnt/c/Program Files/Docker/Docker/resources/bin:/mnt/c/Program Files/Tailscale/:/mnt/c/Users/itshandable/AppData/Local/Programs/Python/Launcher/:/mnt/c/Users/itshandable/AppData/Local/Microsoft/WindowsApps:/mnt/d/CLion 2024.2.1/bin:/mnt/d/PyCharm 2024.2.1/bin:/mnt/c/Users/itshandable/AppData/Local/JetBrains/Toolbox/scripts:/mnt/d/IntelliJ IDEA 2024.2.1/bin:/mnt/c/Users/itshandable/AppData/Roaming/npm:/mnt/d/Nodejs-nvm:/mnt/c/Program Files/nodejs:/mnt/d/Microsoft VS Code/bin:/mnt/d/MiKTeX/miktex/bin/x64/:/mnt/c/Users/itshandable/AppData/Local/Microsoft/WindowsApps:/mnt/e/codes/ffmpeg-2025-01-02-git-0457aaf0d3-essentials_build/bin:/mnt/d/Aria2/aria2-1.37.0-win-64bit-build1:/mnt/d/DevEco Studio/bin:/mnt/d/WebStor
SHELL=/bin/bash
DISPLAY=:0
HOSTTYPE=x86_64
LANG=zh_CN.UTF-8
TERM=xterm-256color

Signal Handlers:
SIGSEGV: [libjvm.so+0xebbd40], sa_mask[0]=11111111011111111101111111111110, sa_flags=SA_RESTART|SA_SIGINFO
SIGBUS: [libjvm.so+0xebbd40], sa_mask[0]=11111111011111111101111111111110, sa_flags=SA_RESTART|SA_SIGINFO
SIGFPE: [libjvm.so+0xebbd40], sa_mask[0]=11111111011111111101111111111110, sa_flags=SA_RESTART|SA_SIGINFO
SIGPIPE: [libjvm.so+0xbfe040], sa_mask[0]=11111111011111111101111111111110, sa_flags=SA_RESTART|SA_SIGINFO
SIGXFSZ: [libjvm.so+0xbfe040], sa_mask[0]=11111111011111111101111111111110, sa_flags=SA_RESTART|SA_SIGINFO
SIGILL: [libjvm.so+0xebbd40], sa_mask[0]=11111111011111111101111111111110, sa_flags=SA_RESTART|SA_SIGINFO
SIGUSR2: [libjvm.so+0xbfdee0], sa_mask[0]=00000000000000000000000000000000, sa_flags=SA_RESTART|SA_SIGINFO
SIGHUP: [libjvm.so+0xbfe6a0], sa_mask[0]=11111111011111111101111111111110, sa_flags=SA_RESTART|SA_SIGINFO
SIGINT: [libjvm.so+0xbfe6a0], sa_mask[0]=11111111011111111101111111111110, sa_flags=SA_RESTART|SA_SIGINFO
SIGTERM: [libjvm.so+0xbfe6a0], sa_mask[0]=11111111011111111101111111111110, sa_flags=SA_RESTART|SA_SIGINFO
SIGQUIT: [libjvm.so+0xbfe6a0], sa_mask[0]=11111111011111111101111111111110, sa_flags=SA_RESTART|SA_SIGINFO


---------------  S Y S T E M  ---------------

OS:DISTRIB_ID=Ubuntu
DISTRIB_RELEASE=22.04
DISTRIB_CODENAME=jammy
DISTRIB_DESCRIPTION="Ubuntu 22.04.3 LTS"
uname:Linux 5.15.167.4-microsoft-standard-WSL2 #1 SMP Tue Nov 5 00:21:55 UTC 2024 x86_64
OS uptime: 0 days 0:41 hours
libc:glibc 2.35 NPTL 2.35 
rlimit (soft/hard): STACK 8192k/infinity , CORE 0k/infinity , NPROC 31190/31190 , NOFILE 1048576/1048576 , AS infinity/infinity , CPU infinity/infinity , DATA infinity/infinity , FSIZE infinity/infinity , MEMLOCK 65536k/65536k
load average:0.05 0.07 0.03

/proc/meminfo:
MemTotal:        7991664 kB
MemFree:         6892236 kB
MemAvailable:    7072492 kB
Buffers:            3928 kB
Cached:           376660 kB
SwapCached:            0 kB
Active:           164308 kB
Inactive:         543612 kB
Active(anon):       2180 kB
Inactive(anon):   328804 kB
Active(file):     162128 kB
Inactive(file):   214808 kB
Unevictable:           0 kB
Mlocked:               0 kB
SwapTotal:       2097152 kB
SwapFree:        2097152 kB
Dirty:                64 kB
Writeback:             0 kB
AnonPages:        326992 kB
Mapped:           258752 kB
Shmem:              3668 kB
KReclaimable:      37780 kB
Slab:             113136 kB
SReclaimable:      37780 kB
SUnreclaim:        75356 kB
KernelStack:        7072 kB
PageTables:         6608 kB
NFS_Unstable:          0 kB
Bounce:                0 kB
WritebackTmp:          0 kB
CommitLimit:     6092984 kB
Committed_AS:    1654212 kB
VmallocTotal:   34359738367 kB
VmallocUsed:       29240 kB
VmallocChunk:          0 kB
Percpu:            11520 kB
AnonHugePages:    153600 kB
ShmemHugePages:        0 kB
ShmemPmdMapped:        0 kB
FileHugePages:         0 kB
FilePmdMapped:         0 kB
HugePages_Total:       0
HugePages_Free:        0
HugePages_Rsvd:        0
HugePages_Surp:        0
Hugepagesize:       2048 kB
Hugetlb:               0 kB
DirectMap4k:      101376 kB
DirectMap2M:     4997120 kB
DirectMap1G:    11534336 kB

/sys/kernel/mm/transparent_hugepage/enabled:
[always] madvise never
/sys/kernel/mm/transparent_hugepage/defrag (defrag/compaction efforts parameter):
always defer defer+madvise [madvise] never

Process Memory:
Virtual Size: 5261980K (peak: 13447088K)
Resident Set Size: 102204K (peak: 102204K) (anon: 46212K, file: 55992K, shmem: 0K)
Swapped out: 0K
C-Heap outstanding allocations: 37006K, retained: 8805K
glibc malloc tunables: (default)

/proc/sys/kernel/threads-max (system-wide limit on the number of threads):
62380
/proc/sys/vm/max_map_count (maximum number of memory map areas a process may have):
65530
/proc/sys/kernel/pid_max (system-wide limit on number of process identifiers):
4194304

container (cgroup) information:
container_type: cgroupv1
cpu_cpuset_cpus: 0-19
cpu_memory_nodes: 0
active_processor_count: 20
cpu_quota: no quota
cpu_period: 100000
cpu_shares: no shares
memory_limit_in_bytes: unlimited
memory_and_swap_limit_in_bytes: unlimited
memory_soft_limit_in_bytes: unlimited
memory_usage_in_bytes: 707584 k
memory_max_usage_in_bytes: 496884 k
kernel_memory_limit_in_bytes: unlimited
kernel_memory_usage_in_bytes: 21252 k
kernel_memory_max_usage_in_bytes: 27048 k
maximum number of tasks: not supported
current number of tasks: not supported

Hyper-V virtualization detected
Steal ticks since vm start: 0
Steal ticks percentage since vm start:  0.000

CPU:total 20 (initial active 20) (16 cores per cpu, 2 threads per core) family 6 model 186 stepping 2 microcode 0xffffffff, cmov, cx8, fxsr, mmx, sse, sse2, sse3, ssse3, sse4.1, sse4.2, popcnt, avx, avx2, aes, clmul, erms, 3dnowpref, lzcnt, ht, tsc, tscinvbit, bmi1, bmi2, adx, sha, fma
CPU Model and flags from /proc/cpuinfo:
model name	: 13th Gen Intel(R) Core(TM) i9-13900H
flags		: fpu vme de pse tsc msr pae mce cx8 apic sep mtrr pge mca cmov pat pse36 clflush mmx fxsr sse sse2 ss ht syscall nx pdpe1gb rdtscp lm constant_tsc rep_good nopl xtopology tsc_reliable nonstop_tsc cpuid pni pclmulqdq vmx ssse3 fma cx16 pcid sse4_1 sse4_2 x2apic movbe popcnt tsc_deadline_timer aes xsave avx f16c rdrand hypervisor lahf_lm abm 3dnowprefetch invpcid_single ssbd ibrs ibpb stibp ibrs_enhanced tpr_shadow vnmi ept vpid ept_ad fsgsbase tsc_adjust bmi1 avx2 smep bmi2 erms invpcid rdseed adx smap clflushopt clwb sha_ni xsaveopt xsavec xgetbv1 xsaves avx_vnni umip waitpkg gfni vaes vpclmulqdq rdpid movdiri movdir64b fsrm md_clear serialize flush_l1d arch_capabilities
Online cpus:
0-19
Offline cpus:

BIOS frequency limitation:
<Not Available>
Frequency switch latency (ns):
<Not Available>
Available cpu frequencies:
<Not Available>
Current governor:
<Not Available>
Core performance/turbo boost:
<Not Available>

Memory: 4k page, physical 7991664k(6892236k free), swap 2097152k(2097152k free)

vm_info: OpenJDK 64-Bit Server VM (11.0.27+6-post-Ubuntu-0ubuntu122.04) for linux-amd64 JRE (11.0.27+6-post-Ubuntu-0ubuntu122.04), built on Apr 21 2025 05:59:45 by "unknown" with gcc 11.4.0

END.
