#
# A fatal error has been detected by the Java Runtime Environment:
#
#  SIGSEGV (0xb) at pc=0x00007f018a28eaf8, pid=10657, tid=10661
#
# JRE version: OpenJDK Runtime Environment (11.0.27+6) (build 11.0.27+6-post-Ubuntu-0ubuntu122.04)
# Java VM: OpenJDK 64-Bit Server VM (11.0.27+6-post-Ubuntu-0ubuntu122.04, mixed mode, sharing, tiered, compressed oops, g1 gc, linux-amd64)
# Problematic frame:
# C  [libLLVM-13.so+0xd62af8]  llvm::Value::getName() const+0xb8
#
# No core dump will be written. Core dumps have been disabled. To enable core dumping, try "ulimit -c unlimited" before starting Java again
#
# If you would like to submit a bug report, please visit:
#   https://bugs.launchpad.net/ubuntu/+source/openjdk-lts
# The crash happened outside the Java Virtual Machine in native code.
# See problematic frame for where to report the bug.
#

---------------  S U M M A R Y ------------

Command Line: -agentlib:jdwp=transport=dt_socket,address=0.0.0.0:12345,suspend=y,server=y -Djava.library.path=\\wsl.localhost\Ubuntu\usr\local\lib -Dfile.encoding=UTF-8 Main tests/test.sysy tests/test.arm test tests/test.ll

Host: 13th Gen Intel(R) Core(TM) i9-13900H, 20 cores, 7G, Ubuntu 22.04.3 LTS
Time: Thu May 22 19:40:23 2025 CST elapsed time: 6.813847 seconds (0d 0h 0m 6s)

---------------  T H R E A D  ---------------

Current thread (0x00007f020c016800):  JavaThread "main" [_thread_in_native, id=10661, stack(0x00007f02100e8000,0x00007f02101e8000)]

Stack: [0x00007f02100e8000,0x00007f02101e8000],  sp=0x00007f02101e5970,  free space=1014k
Native frames: (J=compiled Java code, A=aot compiled Java code, j=interpreted, Vv=VM code, C=native code)
C  [libLLVM-13.so+0xd62af8]  llvm::Value::getName() const+0xb8

Java frames: (J=compiled Java code, j=interpreted, Vv=VM code)
j  org.bytedeco.llvm.global.LLVM.LLVMPrintModuleToString(Lorg/bytedeco/llvm/LLVM/LLVMModuleRef;)Lorg/bytedeco/javacpp/BytePointer;+0
j  MyIrVisitor.mixedOptimization()V+29
j  MyIrVisitor.visitProgram(LSysYParser$ProgramContext;)Lorg/bytedeco/llvm/LLVM/LLVMValueRef;+123
j  MyIrVisitor.visitProgram(LSysYParser$ProgramContext;)Ljava/lang/Object;+2
j  SysYParser$ProgramContext.accept(Lorg/antlr/v4/runtime/tree/ParseTreeVisitor;)Ljava/lang/Object;+12
j  org.antlr.v4.runtime.tree.AbstractParseTreeVisitor.visit(Lorg/antlr/v4/runtime/tree/ParseTree;)Ljava/lang/Object;+2
j  Main.main([Ljava/lang/String;)V+169
v  ~StubRoutines::call_stub

siginfo: si_signo: 11 (SIGSEGV), si_code: 1 (SEGV_MAPERR), si_addr: 0x00000000000000e5

Register to memory mapping:

RAX=0x00000000000000f5 is an unknown value
RBX=0x0 is NULL
RCX=0x00007f020c38ff68 points into unknown readable memory: 0x00007f020c387c40 | 40 7c 38 0c 02 7f 00 00
RDX=0x00000000000000e5 is an unknown value
RSP=0x00007f02101e5970 is pointing into the stack for thread: 0x00007f020c016800
RBP=0x00007f02101e5cd0 is pointing into the stack for thread: 0x00007f020c016800
RSI=0x00007f020c388040 points into unknown readable memory: 0x0000000000000000 | 00 00 00 00 00 00 00 00
RDI=0x00007f02101e5970 is pointing into the stack for thread: 0x00007f020c016800
R8 =0x0000000000000001 is an unknown value
R9 =0x00007f020c38ff68 points into unknown readable memory: 0x00007f020c387c40 | 40 7c 38 0c 02 7f 00 00
R10=0x000000000000003f is an unknown value
R11=0x0000000000000005 is an unknown value
R12=0x0000000000000001 is an unknown value
R13=0x0000000000000002 is an unknown value
R14=0x0 is NULL
R15=0x00007f020c36b0e0 points into unknown readable memory: 0x00007f020c390500 | 00 05 39 0c 02 7f 00 00


Registers:
RAX=0x00000000000000f5, RBX=0x0000000000000000, RCX=0x00007f020c38ff68, RDX=0x00000000000000e5
RSP=0x00007f02101e5970, RBP=0x00007f02101e5cd0, RSI=0x00007f020c388040, RDI=0x00007f02101e5970
R8 =0x0000000000000001, R9 =0x00007f020c38ff68, R10=0x000000000000003f, R11=0x0000000000000005
R12=0x0000000000000001, R13=0x0000000000000002, R14=0x0000000000000000, R15=0x00007f020c36b0e0
RIP=0x00007f018a28eaf8, EFLAGS=0x0000000000010202, CSGSFS=0x002b000000000033, ERR=0x0000000000000004
  TRAPNO=0x000000000000000e

Top of Stack: (sp=0x00007f02101e5970)
0x00007f02101e5970:   00007f020c388040 00007f020c388040
0x00007f02101e5980:   0000000000000000 00007f018a0cd3f5
0x00007f02101e5990:   0000000000000000 00007f02101e5eb0
0x00007f02101e59a0:   0000000000000001 00007f018a0de5d8 

Instructions: (pc=0x00007f018a28eaf8)
0x00007f018a28e9f8:   48 bc ff eb b7 48 83 3d ab e8 ce 05 00 74 23 83
0x00007f018a28ea08:   ca ff f0 0f c1 50 f8 85 d2 7f ae 48 8d 74 24 0f
0x00007f018a28ea18:   e8 53 48 bc ff eb a2 8b 50 f8 8d 4a ff 89 48 f8
0x00007f018a28ea28:   eb c3 8b 50 f8 8d 4a ff 89 48 f8 eb da 66 2e 0f
0x00007f018a28ea38:   1f 84 00 00 00 00 00 90 f6 47 17 10 75 0a 48 8d
0x00007f018a28ea48:   05 f2 a0 6c 03 31 d2 c3 48 83 ec 18 48 8b 07 48
0x00007f018a28ea58:   8b 00 48 8b 08 8b 81 98 01 00 00 4c 8b 81 88 01
0x00007f018a28ea68:   00 00 4c 8d 89 88 01 00 00 85 c0 74 5b 89 f9 89
0x00007f018a28ea78:   fa 44 8d 50 ff c1 ea 09 c1 e9 04 31 d1 44 21 d1
0x00007f018a28ea88:   89 ce 48 c1 e6 04 4c 01 c6 48 8b 16 48 39 d7 75
0x00007f018a28ea98:   67 89 c2 48 89 e7 4c 89 c9 48 89 d0 48 c1 e0 04
0x00007f018a28eaa8:   49 8d 14 00 41 b8 01 00 00 00 e8 f9 f4 ff ff 48
0x00007f018a28eab8:   8b 04 24 48 8b 50 08 48 8d 42 10 48 8b 12 48 83
0x00007f018a28eac8:   c4 18 c3 0f 1f 44 00 00 48 c1 e0 04 48 89 e7 4c
0x00007f018a28ead8:   89 c9 49 8d 34 00 41 b8 01 00 00 00 48 89 f2 e8
0x00007f018a28eae8:   c4 f4 ff ff 48 8b 04 24 48 8b 50 08 48 8d 42 10
0x00007f018a28eaf8:   48 8b 12 48 83 c4 18 c3 be 01 00 00 00 48 81 fa
0x00007f018a28eb08:   00 f0 ff ff 74 c2 01 f1 44 8d 5e 01 44 21 d1 89
0x00007f018a28eb18:   ce 48 c1 e6 04 4c 01 c6 48 8b 16 48 39 d7 0f 84
0x00007f018a28eb28:   6d ff ff ff 44 89 de eb d4 66 2e 0f 1f 84 00 00
0x00007f018a28eb38:   00 00 00 0f 1f 44 00 00 66 48 0f 6e c6 66 48 0f
0x00007f018a28eb48:   6e ca 66 0f 6c c1 0f 11 07 45 84 c0 75 29 48 39
0x00007f018a28eb58:   d6 74 24 0f 1f 44 00 00 48 8b 06 48 3d 00 f0 ff
0x00007f018a28eb68:   ff 74 08 48 3d 00 e0 ff ff 75 0c 48 83 c6 10 48
0x00007f018a28eb78:   89 37 48 39 f2 75 e1 c3 41 57 41 56 41 55 41 54
0x00007f018a28eb88:   55 53 48 89 fb 48 83 ec 38 4c 8b 67 10 49 8b 04
0x00007f018a28eb98:   24 48 8b 00 48 8b 28 4c 8b ad 08 09 00 00 44 8b
0x00007f018a28eba8:   bd 18 09 00 00 41 f6 44 24 11 01 0f 85 67 01 00
0x00007f018a28ebb8:   00 45 85 ff 0f 84 fb 01 00 00 45 89 e6 44 89 e0
0x00007f018a28ebc8:   41 8d 77 ff c1 e8 09 41 c1 ee 04 41 31 c6 44 89
0x00007f018a28ebd8:   f1 21 f1 89 c8 48 c1 e0 04 4c 01 e8 48 8b 10 49
0x00007f018a28ebe8:   39 d4 0f 85 7c 03 00 00 48 8b 50 08 4c 89 ee 48 


Stack slot to memory mapping:
stack at sp + 0 slots: 0x00007f020c388040 points into unknown readable memory: 0x0000000000000000 | 00 00 00 00 00 00 00 00
stack at sp + 1 slots: 0x00007f020c388040 points into unknown readable memory: 0x0000000000000000 | 00 00 00 00 00 00 00 00
stack at sp + 2 slots: 0x0 is NULL
stack at sp + 3 slots: 0x00007f018a0cd3f5: <offset 0x0000000000ba13f5> in /home/itshandable/.javacpp/cache/llvm-13.0.1-1.5.7-linux-x86_64.jar/org/bytedeco/llvm/linux-x86_64/libLLVM-13.so at 0x00007f018952c000
stack at sp + 4 slots: 0x0 is NULL
stack at sp + 5 slots: 0x00007f02101e5eb0 is pointing into the stack for thread: 0x00007f020c016800
stack at sp + 6 slots: 0x0000000000000001 is an unknown value
stack at sp + 7 slots: 0x00007f018a0de5d8: <offset 0x0000000000bb25d8> in /home/itshandable/.javacpp/cache/llvm-13.0.1-1.5.7-linux-x86_64.jar/org/bytedeco/llvm/linux-x86_64/libLLVM-13.so at 0x00007f018952c000


---------------  P R O C E S S  ---------------

Threads class SMR info:
_java_thread_list=0x00007f01983597c0, length=13, elements={
0x00007f020c016800, 0x00007f020c13f800, 0x00007f020c141800, 0x00007f020c147800,
0x00007f020c149800, 0x00007f020c14c000, 0x00007f020c14e000, 0x00007f020c150000,
0x00007f020c194000, 0x00007f020c199000, 0x00007f01a8001800, 0x00007f020c19f000,
0x00007f020c242800
}

Java Threads: ( => current thread )
=>0x00007f020c016800 JavaThread "main" [_thread_in_native, id=10661, stack(0x00007f02100e8000,0x00007f02101e8000)]
  0x00007f020c13f800 JavaThread "Reference Handler" daemon [_thread_blocked, id=10668, stack(0x00007f01e2df7000,0x00007f01e2ef7000)]
  0x00007f020c141800 JavaThread "Finalizer" daemon [_thread_blocked, id=10669, stack(0x00007f01e2cf7000,0x00007f01e2df7000)]
  0x00007f020c147800 JavaThread "Signal Dispatcher" daemon [_thread_blocked, id=10670, stack(0x00007f01e2bf7000,0x00007f01e2cf7000)]
  0x00007f020c149800 JavaThread "Service Thread" daemon [_thread_blocked, id=10671, stack(0x00007f01e2af7000,0x00007f01e2bf7000)]
  0x00007f020c14c000 JavaThread "C2 CompilerThread0" daemon [_thread_blocked, id=10672, stack(0x00007f01e29f7000,0x00007f01e2af7000)]
  0x00007f020c14e000 JavaThread "C1 CompilerThread0" daemon [_thread_blocked, id=10673, stack(0x00007f01e28f7000,0x00007f01e29f7000)]
  0x00007f020c150000 JavaThread "Sweeper thread" daemon [_thread_blocked, id=10674, stack(0x00007f01e27f7000,0x00007f01e28f7000)]
  0x00007f020c194000 JavaThread "JDWP Transport Listener: dt_socket" daemon [_thread_blocked, id=10676, stack(0x00007f01e25f7000,0x00007f01e26f7000)]
  0x00007f020c199000 JavaThread "JDWP Event Helper Thread" daemon [_thread_blocked, id=10677, stack(0x00007f01e24f7000,0x00007f01e25f7000)]
  0x00007f01a8001800 JavaThread "JDWP Command Reader" daemon [_thread_in_native, id=10681, stack(0x00007f01e23f7000,0x00007f01e24f7000)]
  0x00007f020c19f000 JavaThread "Common-Cleaner" daemon [_thread_blocked, id=10683, stack(0x00007f01e26f7000,0x00007f01e27f7000)]
  0x00007f020c242800 JavaThread "JavaCPP Deallocator" daemon [_thread_blocked, id=10687, stack(0x00007f01e20c5000,0x00007f01e21c5000)]

Other Threads:
  0x00007f020c13c800 VMThread "VM Thread" [stack: 0x00007f01e2ef8000,0x00007f01e2ff8000] [id=10667]
  0x00007f020c19b800 WatcherThread [stack: 0x00007f01e22f7000,0x00007f01e23f7000] [id=10682]
  0x00007f020c030800 GCTaskThread "GC Thread#0" [stack: 0x00007f01f44ed000,0x00007f01f45ed000] [id=10662]
  0x00007f020c062000 ConcurrentGCThread "G1 Main Marker" [stack: 0x00007f01eaa8d000,0x00007f01eab8d000] [id=10663]
  0x00007f020c063800 ConcurrentGCThread "G1 Conc#0" [stack: 0x00007f01ea98c000,0x00007f01eaa8c000] [id=10664]
  0x00007f020c108000 ConcurrentGCThread "G1 Refine#0" [stack: 0x00007f01e38fa000,0x00007f01e39fa000] [id=10665]
  0x00007f020c10a000 ConcurrentGCThread "G1 Young RemSet Sampling" [stack: 0x00007f01e37f9000,0x00007f01e38f9000] [id=10666]

Threads with active compile tasks:

VM state:not at safepoint (normal execution)

VM Mutex/Monitor currently owned by a thread: None

Heap address: 0x0000000086000000, size: 1952 MB, Compressed Oops mode: 32-bit
Narrow klass base: 0x0000000800000000, Narrow klass shift: 3
Compressed class space size: 1073741824 Address: 0x0000000840000000

Heap:
 garbage-first heap   total 126976K, used 10960K [0x0000000086000000, 0x0000000100000000)
  region size 1024K, 12 young (12288K), 0 survivors (0K)
 Metaspace       used 3763K, capacity 6579K, committed 6912K, reserved 1056768K
  class space    used 395K, capacity 681K, committed 768K, reserved 1048576K
Heap Regions: E=young(eden), S=young(survivor), O=old, HS=humongous(starts), HC=humongous(continues), CS=collection set, F=free, A=archive, TAMS=top-at-mark-start (previous, next)
|   0|0x0000000086000000, 0x0000000086000000, 0x0000000086100000|  0%| F|  |TAMS 0x0000000086000000, 0x0000000086000000| Untracked 
|   1|0x0000000086100000, 0x0000000086100000, 0x0000000086200000|  0%| F|  |TAMS 0x0000000086100000, 0x0000000086100000| Untracked 
|   2|0x0000000086200000, 0x0000000086200000, 0x0000000086300000|  0%| F|  |TAMS 0x0000000086200000, 0x0000000086200000| Untracked 
|   3|0x0000000086300000, 0x0000000086300000, 0x0000000086400000|  0%| F|  |TAMS 0x0000000086300000, 0x0000000086300000| Untracked 
|   4|0x0000000086400000, 0x0000000086400000, 0x0000000086500000|  0%| F|  |TAMS 0x0000000086400000, 0x0000000086400000| Untracked 
|   5|0x0000000086500000, 0x0000000086500000, 0x0000000086600000|  0%| F|  |TAMS 0x0000000086500000, 0x0000000086500000| Untracked 
|   6|0x0000000086600000, 0x0000000086600000, 0x0000000086700000|  0%| F|  |TAMS 0x0000000086600000, 0x0000000086600000| Untracked 
|   7|0x0000000086700000, 0x0000000086700000, 0x0000000086800000|  0%| F|  |TAMS 0x0000000086700000, 0x0000000086700000| Untracked 
|   8|0x0000000086800000, 0x0000000086800000, 0x0000000086900000|  0%| F|  |TAMS 0x0000000086800000, 0x0000000086800000| Untracked 
|   9|0x0000000086900000, 0x0000000086900000, 0x0000000086a00000|  0%| F|  |TAMS 0x0000000086900000, 0x0000000086900000| Untracked 
|  10|0x0000000086a00000, 0x0000000086a00000, 0x0000000086b00000|  0%| F|  |TAMS 0x0000000086a00000, 0x0000000086a00000| Untracked 
|  11|0x0000000086b00000, 0x0000000086b00000, 0x0000000086c00000|  0%| F|  |TAMS 0x0000000086b00000, 0x0000000086b00000| Untracked 
|  12|0x0000000086c00000, 0x0000000086c00000, 0x0000000086d00000|  0%| F|  |TAMS 0x0000000086c00000, 0x0000000086c00000| Untracked 
|  13|0x0000000086d00000, 0x0000000086d00000, 0x0000000086e00000|  0%| F|  |TAMS 0x0000000086d00000, 0x0000000086d00000| Untracked 
|  14|0x0000000086e00000, 0x0000000086e00000, 0x0000000086f00000|  0%| F|  |TAMS 0x0000000086e00000, 0x0000000086e00000| Untracked 
|  15|0x0000000086f00000, 0x0000000086f00000, 0x0000000087000000|  0%| F|  |TAMS 0x0000000086f00000, 0x0000000086f00000| Untracked 
|  16|0x0000000087000000, 0x0000000087000000, 0x0000000087100000|  0%| F|  |TAMS 0x0000000087000000, 0x0000000087000000| Untracked 
|  17|0x0000000087100000, 0x0000000087100000, 0x0000000087200000|  0%| F|  |TAMS 0x0000000087100000, 0x0000000087100000| Untracked 
|  18|0x0000000087200000, 0x0000000087200000, 0x0000000087300000|  0%| F|  |TAMS 0x0000000087200000, 0x0000000087200000| Untracked 
|  19|0x0000000087300000, 0x0000000087300000, 0x0000000087400000|  0%| F|  |TAMS 0x0000000087300000, 0x0000000087300000| Untracked 
|  20|0x0000000087400000, 0x0000000087400000, 0x0000000087500000|  0%| F|  |TAMS 0x0000000087400000, 0x0000000087400000| Untracked 
|  21|0x0000000087500000, 0x0000000087500000, 0x0000000087600000|  0%| F|  |TAMS 0x0000000087500000, 0x0000000087500000| Untracked 
|  22|0x0000000087600000, 0x0000000087600000, 0x0000000087700000|  0%| F|  |TAMS 0x0000000087600000, 0x0000000087600000| Untracked 
|  23|0x0000000087700000, 0x0000000087700000, 0x0000000087800000|  0%| F|  |TAMS 0x0000000087700000, 0x0000000087700000| Untracked 
|  24|0x0000000087800000, 0x0000000087800000, 0x0000000087900000|  0%| F|  |TAMS 0x0000000087800000, 0x0000000087800000| Untracked 
|  25|0x0000000087900000, 0x0000000087900000, 0x0000000087a00000|  0%| F|  |TAMS 0x0000000087900000, 0x0000000087900000| Untracked 
|  26|0x0000000087a00000, 0x0000000087a00000, 0x0000000087b00000|  0%| F|  |TAMS 0x0000000087a00000, 0x0000000087a00000| Untracked 
|  27|0x0000000087b00000, 0x0000000087b00000, 0x0000000087c00000|  0%| F|  |TAMS 0x0000000087b00000, 0x0000000087b00000| Untracked 
|  28|0x0000000087c00000, 0x0000000087c00000, 0x0000000087d00000|  0%| F|  |TAMS 0x0000000087c00000, 0x0000000087c00000| Untracked 
|  29|0x0000000087d00000, 0x0000000087d00000, 0x0000000087e00000|  0%| F|  |TAMS 0x0000000087d00000, 0x0000000087d00000| Untracked 
|  30|0x0000000087e00000, 0x0000000087e00000, 0x0000000087f00000|  0%| F|  |TAMS 0x0000000087e00000, 0x0000000087e00000| Untracked 
|  31|0x0000000087f00000, 0x0000000087f00000, 0x0000000088000000|  0%| F|  |TAMS 0x0000000087f00000, 0x0000000087f00000| Untracked 
|  32|0x0000000088000000, 0x0000000088000000, 0x0000000088100000|  0%| F|  |TAMS 0x0000000088000000, 0x0000000088000000| Untracked 
|  33|0x0000000088100000, 0x0000000088100000, 0x0000000088200000|  0%| F|  |TAMS 0x0000000088100000, 0x0000000088100000| Untracked 
|  34|0x0000000088200000, 0x0000000088200000, 0x0000000088300000|  0%| F|  |TAMS 0x0000000088200000, 0x0000000088200000| Untracked 
|  35|0x0000000088300000, 0x0000000088300000, 0x0000000088400000|  0%| F|  |TAMS 0x0000000088300000, 0x0000000088300000| Untracked 
|  36|0x0000000088400000, 0x0000000088400000, 0x0000000088500000|  0%| F|  |TAMS 0x0000000088400000, 0x0000000088400000| Untracked 
|  37|0x0000000088500000, 0x0000000088500000, 0x0000000088600000|  0%| F|  |TAMS 0x0000000088500000, 0x0000000088500000| Untracked 
|  38|0x0000000088600000, 0x0000000088600000, 0x0000000088700000|  0%| F|  |TAMS 0x0000000088600000, 0x0000000088600000| Untracked 
|  39|0x0000000088700000, 0x0000000088700000, 0x0000000088800000|  0%| F|  |TAMS 0x0000000088700000, 0x0000000088700000| Untracked 
|  40|0x0000000088800000, 0x0000000088800000, 0x0000000088900000|  0%| F|  |TAMS 0x0000000088800000, 0x0000000088800000| Untracked 
|  41|0x0000000088900000, 0x0000000088900000, 0x0000000088a00000|  0%| F|  |TAMS 0x0000000088900000, 0x0000000088900000| Untracked 
|  42|0x0000000088a00000, 0x0000000088a00000, 0x0000000088b00000|  0%| F|  |TAMS 0x0000000088a00000, 0x0000000088a00000| Untracked 
|  43|0x0000000088b00000, 0x0000000088b00000, 0x0000000088c00000|  0%| F|  |TAMS 0x0000000088b00000, 0x0000000088b00000| Untracked 
|  44|0x0000000088c00000, 0x0000000088c00000, 0x0000000088d00000|  0%| F|  |TAMS 0x0000000088c00000, 0x0000000088c00000| Untracked 
|  45|0x0000000088d00000, 0x0000000088d00000, 0x0000000088e00000|  0%| F|  |TAMS 0x0000000088d00000, 0x0000000088d00000| Untracked 
|  46|0x0000000088e00000, 0x0000000088e00000, 0x0000000088f00000|  0%| F|  |TAMS 0x0000000088e00000, 0x0000000088e00000| Untracked 
|  47|0x0000000088f00000, 0x0000000088f00000, 0x0000000089000000|  0%| F|  |TAMS 0x0000000088f00000, 0x0000000088f00000| Untracked 
|  48|0x0000000089000000, 0x0000000089000000, 0x0000000089100000|  0%| F|  |TAMS 0x0000000089000000, 0x0000000089000000| Untracked 
|  49|0x0000000089100000, 0x0000000089100000, 0x0000000089200000|  0%| F|  |TAMS 0x0000000089100000, 0x0000000089100000| Untracked 
|  50|0x0000000089200000, 0x0000000089200000, 0x0000000089300000|  0%| F|  |TAMS 0x0000000089200000, 0x0000000089200000| Untracked 
|  51|0x0000000089300000, 0x0000000089300000, 0x0000000089400000|  0%| F|  |TAMS 0x0000000089300000, 0x0000000089300000| Untracked 
|  52|0x0000000089400000, 0x0000000089400000, 0x0000000089500000|  0%| F|  |TAMS 0x0000000089400000, 0x0000000089400000| Untracked 
|  53|0x0000000089500000, 0x0000000089500000, 0x0000000089600000|  0%| F|  |TAMS 0x0000000089500000, 0x0000000089500000| Untracked 
|  54|0x0000000089600000, 0x0000000089600000, 0x0000000089700000|  0%| F|  |TAMS 0x0000000089600000, 0x0000000089600000| Untracked 
|  55|0x0000000089700000, 0x0000000089700000, 0x0000000089800000|  0%| F|  |TAMS 0x0000000089700000, 0x0000000089700000| Untracked 
|  56|0x0000000089800000, 0x0000000089800000, 0x0000000089900000|  0%| F|  |TAMS 0x0000000089800000, 0x0000000089800000| Untracked 
|  57|0x0000000089900000, 0x0000000089900000, 0x0000000089a00000|  0%| F|  |TAMS 0x0000000089900000, 0x0000000089900000| Untracked 
|  58|0x0000000089a00000, 0x0000000089a00000, 0x0000000089b00000|  0%| F|  |TAMS 0x0000000089a00000, 0x0000000089a00000| Untracked 
|  59|0x0000000089b00000, 0x0000000089b00000, 0x0000000089c00000|  0%| F|  |TAMS 0x0000000089b00000, 0x0000000089b00000| Untracked 
|  60|0x0000000089c00000, 0x0000000089c00000, 0x0000000089d00000|  0%| F|  |TAMS 0x0000000089c00000, 0x0000000089c00000| Untracked 
|  61|0x0000000089d00000, 0x0000000089d00000, 0x0000000089e00000|  0%| F|  |TAMS 0x0000000089d00000, 0x0000000089d00000| Untracked 
|  62|0x0000000089e00000, 0x0000000089e00000, 0x0000000089f00000|  0%| F|  |TAMS 0x0000000089e00000, 0x0000000089e00000| Untracked 
|  63|0x0000000089f00000, 0x0000000089f00000, 0x000000008a000000|  0%| F|  |TAMS 0x0000000089f00000, 0x0000000089f00000| Untracked 
|  64|0x000000008a000000, 0x000000008a000000, 0x000000008a100000|  0%| F|  |TAMS 0x000000008a000000, 0x000000008a000000| Untracked 
|  65|0x000000008a100000, 0x000000008a100000, 0x000000008a200000|  0%| F|  |TAMS 0x000000008a100000, 0x000000008a100000| Untracked 
|  66|0x000000008a200000, 0x000000008a200000, 0x000000008a300000|  0%| F|  |TAMS 0x000000008a200000, 0x000000008a200000| Untracked 
|  67|0x000000008a300000, 0x000000008a300000, 0x000000008a400000|  0%| F|  |TAMS 0x000000008a300000, 0x000000008a300000| Untracked 
|  68|0x000000008a400000, 0x000000008a400000, 0x000000008a500000|  0%| F|  |TAMS 0x000000008a400000, 0x000000008a400000| Untracked 
|  69|0x000000008a500000, 0x000000008a500000, 0x000000008a600000|  0%| F|  |TAMS 0x000000008a500000, 0x000000008a500000| Untracked 
|  70|0x000000008a600000, 0x000000008a600000, 0x000000008a700000|  0%| F|  |TAMS 0x000000008a600000, 0x000000008a600000| Untracked 
|  71|0x000000008a700000, 0x000000008a700000, 0x000000008a800000|  0%| F|  |TAMS 0x000000008a700000, 0x000000008a700000| Untracked 
|  72|0x000000008a800000, 0x000000008a800000, 0x000000008a900000|  0%| F|  |TAMS 0x000000008a800000, 0x000000008a800000| Untracked 
|  73|0x000000008a900000, 0x000000008a900000, 0x000000008aa00000|  0%| F|  |TAMS 0x000000008a900000, 0x000000008a900000| Untracked 
|  74|0x000000008aa00000, 0x000000008aa00000, 0x000000008ab00000|  0%| F|  |TAMS 0x000000008aa00000, 0x000000008aa00000| Untracked 
|  75|0x000000008ab00000, 0x000000008ab00000, 0x000000008ac00000|  0%| F|  |TAMS 0x000000008ab00000, 0x000000008ab00000| Untracked 
|  76|0x000000008ac00000, 0x000000008ac00000, 0x000000008ad00000|  0%| F|  |TAMS 0x000000008ac00000, 0x000000008ac00000| Untracked 
|  77|0x000000008ad00000, 0x000000008ad00000, 0x000000008ae00000|  0%| F|  |TAMS 0x000000008ad00000, 0x000000008ad00000| Untracked 
|  78|0x000000008ae00000, 0x000000008ae00000, 0x000000008af00000|  0%| F|  |TAMS 0x000000008ae00000, 0x000000008ae00000| Untracked 
|  79|0x000000008af00000, 0x000000008af00000, 0x000000008b000000|  0%| F|  |TAMS 0x000000008af00000, 0x000000008af00000| Untracked 
|  80|0x000000008b000000, 0x000000008b000000, 0x000000008b100000|  0%| F|  |TAMS 0x000000008b000000, 0x000000008b000000| Untracked 
|  81|0x000000008b100000, 0x000000008b100000, 0x000000008b200000|  0%| F|  |TAMS 0x000000008b100000, 0x000000008b100000| Untracked 
|  82|0x000000008b200000, 0x000000008b200000, 0x000000008b300000|  0%| F|  |TAMS 0x000000008b200000, 0x000000008b200000| Untracked 
|  83|0x000000008b300000, 0x000000008b300000, 0x000000008b400000|  0%| F|  |TAMS 0x000000008b300000, 0x000000008b300000| Untracked 
|  84|0x000000008b400000, 0x000000008b400000, 0x000000008b500000|  0%| F|  |TAMS 0x000000008b400000, 0x000000008b400000| Untracked 
|  85|0x000000008b500000, 0x000000008b500000, 0x000000008b600000|  0%| F|  |TAMS 0x000000008b500000, 0x000000008b500000| Untracked 
|  86|0x000000008b600000, 0x000000008b600000, 0x000000008b700000|  0%| F|  |TAMS 0x000000008b600000, 0x000000008b600000| Untracked 
|  87|0x000000008b700000, 0x000000008b700000, 0x000000008b800000|  0%| F|  |TAMS 0x000000008b700000, 0x000000008b700000| Untracked 
|  88|0x000000008b800000, 0x000000008b800000, 0x000000008b900000|  0%| F|  |TAMS 0x000000008b800000, 0x000000008b800000| Untracked 
|  89|0x000000008b900000, 0x000000008b900000, 0x000000008ba00000|  0%| F|  |TAMS 0x000000008b900000, 0x000000008b900000| Untracked 
|  90|0x000000008ba00000, 0x000000008ba00000, 0x000000008bb00000|  0%| F|  |TAMS 0x000000008ba00000, 0x000000008ba00000| Untracked 
|  91|0x000000008bb00000, 0x000000008bb00000, 0x000000008bc00000|  0%| F|  |TAMS 0x000000008bb00000, 0x000000008bb00000| Untracked 
|  92|0x000000008bc00000, 0x000000008bc00000, 0x000000008bd00000|  0%| F|  |TAMS 0x000000008bc00000, 0x000000008bc00000| Untracked 
|  93|0x000000008bd00000, 0x000000008bd00000, 0x000000008be00000|  0%| F|  |TAMS 0x000000008bd00000, 0x000000008bd00000| Untracked 
|  94|0x000000008be00000, 0x000000008be00000, 0x000000008bf00000|  0%| F|  |TAMS 0x000000008be00000, 0x000000008be00000| Untracked 
|  95|0x000000008bf00000, 0x000000008bf00000, 0x000000008c000000|  0%| F|  |TAMS 0x000000008bf00000, 0x000000008bf00000| Untracked 
|  96|0x000000008c000000, 0x000000008c000000, 0x000000008c100000|  0%| F|  |TAMS 0x000000008c000000, 0x000000008c000000| Untracked 
|  97|0x000000008c100000, 0x000000008c100000, 0x000000008c200000|  0%| F|  |TAMS 0x000000008c100000, 0x000000008c100000| Untracked 
|  98|0x000000008c200000, 0x000000008c200000, 0x000000008c300000|  0%| F|  |TAMS 0x000000008c200000, 0x000000008c200000| Untracked 
|  99|0x000000008c300000, 0x000000008c300000, 0x000000008c400000|  0%| F|  |TAMS 0x000000008c300000, 0x000000008c300000| Untracked 
| 100|0x000000008c400000, 0x000000008c400000, 0x000000008c500000|  0%| F|  |TAMS 0x000000008c400000, 0x000000008c400000| Untracked 
| 101|0x000000008c500000, 0x000000008c500000, 0x000000008c600000|  0%| F|  |TAMS 0x000000008c500000, 0x000000008c500000| Untracked 
| 102|0x000000008c600000, 0x000000008c600000, 0x000000008c700000|  0%| F|  |TAMS 0x000000008c600000, 0x000000008c600000| Untracked 
| 103|0x000000008c700000, 0x000000008c700000, 0x000000008c800000|  0%| F|  |TAMS 0x000000008c700000, 0x000000008c700000| Untracked 
| 104|0x000000008c800000, 0x000000008c800000, 0x000000008c900000|  0%| F|  |TAMS 0x000000008c800000, 0x000000008c800000| Untracked 
| 105|0x000000008c900000, 0x000000008c900000, 0x000000008ca00000|  0%| F|  |TAMS 0x000000008c900000, 0x000000008c900000| Untracked 
| 106|0x000000008ca00000, 0x000000008ca00000, 0x000000008cb00000|  0%| F|  |TAMS 0x000000008ca00000, 0x000000008ca00000| Untracked 
| 107|0x000000008cb00000, 0x000000008cb00000, 0x000000008cc00000|  0%| F|  |TAMS 0x000000008cb00000, 0x000000008cb00000| Untracked 
| 108|0x000000008cc00000, 0x000000008cc00000, 0x000000008cd00000|  0%| F|  |TAMS 0x000000008cc00000, 0x000000008cc00000| Untracked 
| 109|0x000000008cd00000, 0x000000008cd00000, 0x000000008ce00000|  0%| F|  |TAMS 0x000000008cd00000, 0x000000008cd00000| Untracked 
| 110|0x000000008ce00000, 0x000000008cef6490, 0x000000008cf00000| 96%| E|  |TAMS 0x000000008ce00000, 0x000000008ce00000| Complete 
| 111|0x000000008cf00000, 0x000000008d000000, 0x000000008d000000|100%| E|CS|TAMS 0x000000008cf00000, 0x000000008cf00000| Complete 
| 112|0x000000008d000000, 0x000000008d100000, 0x000000008d100000|100%| E|CS|TAMS 0x000000008d000000, 0x000000008d000000| Complete 
| 113|0x000000008d100000, 0x000000008d200000, 0x000000008d200000|100%| E|CS|TAMS 0x000000008d100000, 0x000000008d100000| Complete 
| 114|0x000000008d200000, 0x000000008d300000, 0x000000008d300000|100%| E|CS|TAMS 0x000000008d200000, 0x000000008d200000| Complete 
| 115|0x000000008d300000, 0x000000008d400000, 0x000000008d400000|100%| E|  |TAMS 0x000000008d300000, 0x000000008d300000| Complete 
| 116|0x000000008d400000, 0x000000008d500000, 0x000000008d500000|100%| E|CS|TAMS 0x000000008d400000, 0x000000008d400000| Complete 
| 117|0x000000008d500000, 0x000000008d600000, 0x000000008d600000|100%| E|CS|TAMS 0x000000008d500000, 0x000000008d500000| Complete 
| 118|0x000000008d600000, 0x000000008d700000, 0x000000008d700000|100%| E|CS|TAMS 0x000000008d600000, 0x000000008d600000| Complete 
| 119|0x000000008d700000, 0x000000008d800000, 0x000000008d800000|100%| E|CS|TAMS 0x000000008d700000, 0x000000008d700000| Complete 
| 120|0x000000008d800000, 0x000000008d900000, 0x000000008d900000|100%| E|CS|TAMS 0x000000008d800000, 0x000000008d800000| Complete 
| 121|0x000000008d900000, 0x000000008da00000, 0x000000008da00000|100%| E|CS|TAMS 0x000000008d900000, 0x000000008d900000| Complete 
|1950|0x00000000ffe00000, 0x00000000ffe48000, 0x00000000fff00000| 28%|OA|  |TAMS 0x00000000ffe00000, 0x00000000ffe00000| Untracked 
|1951|0x00000000fff00000, 0x00000000fff6c000, 0x0000000100000000| 42%|CA|  |TAMS 0x00000000fff00000, 0x00000000fff00000| Untracked 

Card table byte_map: [0x00007f01eed55000,0x00007f01ef125000] _byte_map_base: 0x00007f01ee925000

Marking Bits (Prev, Next): (CMBitMap*) 0x00007f020c059478, (CMBitMap*) 0x00007f020c0594b0
 Prev Bits: [0x00007f01ecb05000, 0x00007f01ee985000)
 Next Bits: [0x00007f01eac85000, 0x00007f01ecb05000)

Polling page: 0x00007f0211a59000

Metaspace:

Usage:
  Non-class:      5.76 MB capacity,     3.29 MB ( 57%) used,     2.47 MB ( 43%) free+waste,     5.62 KB ( <1%) overhead. 
      Class:    681.00 KB capacity,   395.77 KB ( 58%) used,   282.35 KB ( 41%) free+waste,     2.88 KB ( <1%) overhead. 
       Both:      6.42 MB capacity,     3.68 MB ( 57%) used,     2.74 MB ( 43%) free+waste,     8.50 KB ( <1%) overhead. 

Virtual space:
  Non-class space:        8.00 MB reserved,       6.00 MB ( 75%) committed 
      Class space:        1.00 GB reserved,     768.00 KB ( <1%) committed 
             Both:        1.01 GB reserved,       6.75 MB ( <1%) committed 

Chunk freelists:
   Non-Class:  22.00 KB
       Class:  0 bytes
        Both:  22.00 KB

MaxMetaspaceSize: unlimited
CompressedClassSpaceSize: 1.00 GB
Initial GC threshold: 20.80 MB
Current GC threshold: 20.80 MB
CDS: on

CodeHeap 'non-profiled nmethods': size=119172Kb used=234Kb max_used=234Kb free=118937Kb
 bounds [0x00007f01fc35e000, 0x00007f01fc5ce000, 0x00007f02037bf000]
CodeHeap 'profiled nmethods': size=119168Kb used=1741Kb max_used=1741Kb free=117426Kb
 bounds [0x00007f01f4efe000, 0x00007f01f516e000, 0x00007f01fc35e000]
CodeHeap 'non-nmethods': size=7420Kb used=1202Kb max_used=1775Kb free=6217Kb
 bounds [0x00007f01f47bf000, 0x00007f01f4a2f000, 0x00007f01f4efe000]
 total_blobs=1292 nmethods=894 adapters=320
 compilation: enabled
              stopped_count=0, restarted_count=0
 full_count=0

Compilation events (20 events):
Event: 1.577 Thread 0x00007f020c14c000  887       4       java.lang.CharacterDataLatin1::getProperties (11 bytes)
Event: 1.577 Thread 0x00007f020c14e000 nmethod 884 0x00007f01f50ad690 code [0x00007f01f50ad840, 0x00007f01f50ad9b0]
Event: 1.577 Thread 0x00007f01bc185800 nmethod 885 0x00007f01f50ada10 code [0x00007f01f50adbe0, 0x00007f01f50addd0]
Event: 1.577 Thread 0x00007f020c14e000  886       3       java.lang.CharacterDataLatin1::getType (11 bytes)
Event: 1.577 Thread 0x00007f01bc185800  888       3       java.lang.Character::charCount (12 bytes)
Event: 1.577 Thread 0x00007f020c14e000 nmethod 886 0x00007f01f50ade90 code [0x00007f01f50ae040, 0x00007f01f50ae210]
Event: 1.577 Thread 0x00007f020c14e000  891       3       java.lang.Character::isLetterOrDigit (19 bytes)
Event: 1.577 Thread 0x00007f01bc185800 nmethod 888 0x00007f01f50ae310 code [0x00007f01f50ae4c0, 0x00007f01f50ae5f0]
Event: 1.577 Thread 0x00007f01bc185800  890       3       java.lang.String::checkIndex (46 bytes)
Event: 1.577 Thread 0x00007f020c14c000 nmethod 887 0x00007f01fc398790 code [0x00007f01fc398920, 0x00007f01fc3989d8]
Event: 1.577 Thread 0x00007f020c14e000 nmethod 891 0x00007f01f50ae690 code [0x00007f01f50ae860, 0x00007f01f50aeb10]
Event: 1.577 Thread 0x00007f020c14e000  889       3       java.lang.String::codePointAt (50 bytes)
Event: 1.577 Thread 0x00007f020c14e000 nmethod 889 0x00007f01f50aec10 code [0x00007f01f50aee00, 0x00007f01f50af1a0]
Event: 1.577 Thread 0x00007f020c14e000  892       3       java.util.regex.Pattern::peek (26 bytes)
Event: 1.577 Thread 0x00007f01bc185800 nmethod 890 0x00007f01f50af390 code [0x00007f01f50af620, 0x00007f01f50affb0]
Event: 1.577 Thread 0x00007f01bc185800  893       3       java.util.regex.Pattern::append (39 bytes)
Event: 1.577 Thread 0x00007f01bc185800 nmethod 893 0x00007f01f50b0390 code [0x00007f01f50b0560, 0x00007f01f50b08c0]
Event: 1.578 Thread 0x00007f01bc185800  894       3       java.util.regex.Pattern::next (33 bytes)
Event: 1.578 Thread 0x00007f020c14e000 nmethod 892 0x00007f01f50b0a10 code [0x00007f01f50b0be0, 0x00007f01f50b0e60]
Event: 1.578 Thread 0x00007f01bc185800 nmethod 894 0x00007f01f50b0f90 code [0x00007f01f50b1160, 0x00007f01f50b13e0]

GC Heap History (0 events):
No events

Deoptimization events (20 events):
Event: 1.148 Thread 0x00007f020c016800 DEOPT PACKING pc=0x00007f01fc36ef5c sp=0x00007f02101e4cf0
Event: 1.148 Thread 0x00007f020c016800 DEOPT UNPACKING pc=0x00007f01f4808ea5 sp=0x00007f02101e4c80 mode 2
Event: 1.224 Thread 0x00007f020c016800 DEOPT PACKING pc=0x00007f01f4f81df4 sp=0x00007f02101e57d0
Event: 1.224 Thread 0x00007f020c016800 DEOPT UNPACKING pc=0x00007f01f480964a sp=0x00007f02101e4d38 mode 1
Event: 1.226 Thread 0x00007f020c016800 DEOPT PACKING pc=0x00007f01f4f5c4fe sp=0x00007f02101e5510
Event: 1.226 Thread 0x00007f020c016800 DEOPT UNPACKING pc=0x00007f01f480964a sp=0x00007f02101e4998 mode 0
Event: 1.226 Thread 0x00007f020c016800 DEOPT PACKING pc=0x00007f01f4f81df4 sp=0x00007f02101e57d0
Event: 1.226 Thread 0x00007f020c016800 DEOPT UNPACKING pc=0x00007f01f480964a sp=0x00007f02101e4d38 mode 1
Event: 1.233 Thread 0x00007f020c016800 Uncommon trap: trap_request=0xffffff4d fr.pc=0x00007f01fc38275c relative=0x000000000000019c
Event: 1.233 Thread 0x00007f020c016800 Uncommon trap: reason=unstable_if action=reinterpret pc=0x00007f01fc38275c method=java.util.zip.ZipFile$Source.isMetaName([BII)Z @ 57 c2
Event: 1.233 Thread 0x00007f020c016800 DEOPT PACKING pc=0x00007f01fc38275c sp=0x00007f02101e21d0
Event: 1.233 Thread 0x00007f020c016800 DEOPT UNPACKING pc=0x00007f01f4808ea5 sp=0x00007f02101e2198 mode 2
Event: 1.253 Thread 0x00007f020c016800 DEOPT PACKING pc=0x00007f01f4fdcc0a sp=0x00007f02101e5460
Event: 1.253 Thread 0x00007f020c016800 DEOPT UNPACKING pc=0x00007f01f480964a sp=0x00007f02101e4908 mode 0
Event: 1.453 Thread 0x00007f020c016800 DEOPT PACKING pc=0x00007f01f4f37f62 sp=0x00007f02101e3ce0
Event: 1.453 Thread 0x00007f020c016800 DEOPT UNPACKING pc=0x00007f01f480964a sp=0x00007f02101e31f0 mode 0
Event: 1.556 Thread 0x00007f020c016800 Uncommon trap: trap_request=0xffffff76 fr.pc=0x00007f01fc3680e8 relative=0x0000000000000148
Event: 1.556 Thread 0x00007f020c016800 Uncommon trap: reason=loop_limit_check action=maybe_recompile pc=0x00007f01fc3680e8 method=java.lang.StringLatin1.lastIndexOf([BII)I @ 19 c2
Event: 1.556 Thread 0x00007f020c016800 DEOPT PACKING pc=0x00007f01fc3680e8 sp=0x00007f02101e6260
Event: 1.556 Thread 0x00007f020c016800 DEOPT UNPACKING pc=0x00007f01f4808ea5 sp=0x00007f02101e6210 mode 2

Classes redefined (0 events):
No events

Internal exceptions (20 events):
Event: 1.226 Thread 0x00007f020c016800 Exception <a 'java/security/PrivilegedActionException'{0x000000008d3bb0f0}> (0x000000008d3bb0f0) thrown at [./src/hotspot/share/prims/jvm.cpp, line 1304]
Event: 1.226 Thread 0x00007f020c016800 Exception <a 'java/security/PrivilegedActionException'{0x000000008d3bb3c0}> (0x000000008d3bb3c0) thrown at [./src/hotspot/share/prims/jvm.cpp, line 1304]
Event: 1.226 Thread 0x00007f020c016800 Exception <a 'java/security/PrivilegedActionException'{0x000000008d3bbdd0}> (0x000000008d3bbdd0) thrown at [./src/hotspot/share/prims/jvm.cpp, line 1304]
Event: 1.226 Thread 0x00007f020c016800 Exception <a 'java/security/PrivilegedActionException'{0x000000008d3bc0a0}> (0x000000008d3bc0a0) thrown at [./src/hotspot/share/prims/jvm.cpp, line 1304]
Event: 1.226 Thread 0x00007f020c016800 Exception <a 'java/security/PrivilegedActionException'{0x000000008d3bcad0}> (0x000000008d3bcad0) thrown at [./src/hotspot/share/prims/jvm.cpp, line 1304]
Event: 1.226 Thread 0x00007f020c016800 Exception <a 'java/security/PrivilegedActionException'{0x000000008d3bcda0}> (0x000000008d3bcda0) thrown at [./src/hotspot/share/prims/jvm.cpp, line 1304]
Event: 1.226 Thread 0x00007f020c016800 Exception <a 'java/security/PrivilegedActionException'{0x000000008d3bd7b8}> (0x000000008d3bd7b8) thrown at [./src/hotspot/share/prims/jvm.cpp, line 1304]
Event: 1.226 Thread 0x00007f020c016800 Exception <a 'java/security/PrivilegedActionException'{0x000000008d3bda88}> (0x000000008d3bda88) thrown at [./src/hotspot/share/prims/jvm.cpp, line 1304]
Event: 1.226 Thread 0x00007f020c016800 Exception <a 'java/security/PrivilegedActionException'{0x000000008d3be4a0}> (0x000000008d3be4a0) thrown at [./src/hotspot/share/prims/jvm.cpp, line 1304]
Event: 1.226 Thread 0x00007f020c016800 Exception <a 'java/security/PrivilegedActionException'{0x000000008d3be770}> (0x000000008d3be770) thrown at [./src/hotspot/share/prims/jvm.cpp, line 1304]
Event: 1.226 Thread 0x00007f020c016800 Exception <a 'java/security/PrivilegedActionException'{0x000000008d3bf1a8}> (0x000000008d3bf1a8) thrown at [./src/hotspot/share/prims/jvm.cpp, line 1304]
Event: 1.226 Thread 0x00007f020c016800 Exception <a 'java/security/PrivilegedActionException'{0x000000008d3bf478}> (0x000000008d3bf478) thrown at [./src/hotspot/share/prims/jvm.cpp, line 1304]
Event: 1.226 Thread 0x00007f020c016800 Exception <a 'java/security/PrivilegedActionException'{0x000000008d3bfea8}> (0x000000008d3bfea8) thrown at [./src/hotspot/share/prims/jvm.cpp, line 1304]
Event: 1.226 Thread 0x00007f020c016800 Exception <a 'java/security/PrivilegedActionException'{0x000000008d3c0178}> (0x000000008d3c0178) thrown at [./src/hotspot/share/prims/jvm.cpp, line 1304]
Event: 1.226 Thread 0x00007f020c016800 Exception <a 'java/security/PrivilegedActionException'{0x000000008d3c0bb0}> (0x000000008d3c0bb0) thrown at [./src/hotspot/share/prims/jvm.cpp, line 1304]
Event: 1.226 Thread 0x00007f020c016800 Exception <a 'java/security/PrivilegedActionException'{0x000000008d3c0e80}> (0x000000008d3c0e80) thrown at [./src/hotspot/share/prims/jvm.cpp, line 1304]
Event: 1.226 Thread 0x00007f020c016800 Exception <a 'java/security/PrivilegedActionException'{0x000000008d3c1898}> (0x000000008d3c1898) thrown at [./src/hotspot/share/prims/jvm.cpp, line 1304]
Event: 1.226 Thread 0x00007f020c016800 Exception <a 'java/security/PrivilegedActionException'{0x000000008d3c1b68}> (0x000000008d3c1b68) thrown at [./src/hotspot/share/prims/jvm.cpp, line 1304]
Event: 1.226 Thread 0x00007f020c016800 Exception <a 'java/security/PrivilegedActionException'{0x000000008d3c25b8}> (0x000000008d3c25b8) thrown at [./src/hotspot/share/prims/jvm.cpp, line 1304]
Event: 1.226 Thread 0x00007f020c016800 Exception <a 'java/security/PrivilegedActionException'{0x000000008d3c2888}> (0x000000008d3c2888) thrown at [./src/hotspot/share/prims/jvm.cpp, line 1304]

Events (20 events):
Event: 6.761 Executing nested VM operation: EnterInterpOnlyMode done
Event: 6.761 Executing VM operation: SetFramePop done
Event: 6.761 Executing VM operation: GetFrameLocation
Event: 6.761 Executing VM operation: GetFrameLocation done
Event: 6.761 Executing VM operation: GetCurrentLocation
Event: 6.761 Executing VM operation: GetCurrentLocation done
Event: 6.761 Executing VM operation: ChangeSingleStep
Event: 6.761 Executing VM operation: ChangeSingleStep done
Event: 6.763 Executing VM operation: ChangeSingleStep
Event: 6.763 Executing VM operation: ChangeSingleStep done
Event: 6.767 loading class java/util/LinkedHashSet
Event: 6.767 loading class java/util/LinkedHashSet done
Event: 6.767 loading class ConstValue
Event: 6.767 loading class ConstValue done
Event: 6.774 loading class ConstStatus
Event: 6.774 loading class ConstStatus done
Event: 6.781 loading class java/util/LinkedHashMap$LinkedKeySet
Event: 6.781 loading class java/util/LinkedHashMap$LinkedKeySet done
Event: 6.781 loading class java/util/LinkedHashMap$LinkedKeyIterator
Event: 6.781 loading class java/util/LinkedHashMap$LinkedKeyIterator done


Dynamic libraries:
86000000-8da00000 rw-p 00000000 00:00 0 
8da00000-ffe00000 ---p 00000000 00:00 0 
ffe00000-ffe48000 rw-p 00b14000 08:20 29394                              /usr/lib/jvm/java-11-openjdk-amd64/lib/server/classes.jsa
ffe48000-fff00000 rw-p 00000000 00:00 0 
fff00000-fff6c000 rw-p 00aa8000 08:20 29394                              /usr/lib/jvm/java-11-openjdk-amd64/lib/server/classes.jsa
fff6c000-100000000 rw-p 00000000 00:00 0 
800000000-800002000 rwxp 00001000 08:20 29394                            /usr/lib/jvm/java-11-openjdk-amd64/lib/server/classes.jsa
800002000-800aa7000 rw-p 00003000 08:20 29394                            /usr/lib/jvm/java-11-openjdk-amd64/lib/server/classes.jsa
840000000-8400c0000 rw-p 00000000 00:00 0 
8400c0000-880000000 ---p 00000000 00:00 0 
55afe14ff000-55afe1500000 r--p 00000000 08:20 58380                      /usr/lib/jvm/java-11-openjdk-amd64/bin/java
55afe1500000-55afe1501000 r-xp 00001000 08:20 58380                      /usr/lib/jvm/java-11-openjdk-amd64/bin/java
55afe1501000-55afe1502000 r--p 00002000 08:20 58380                      /usr/lib/jvm/java-11-openjdk-amd64/bin/java
55afe1502000-55afe1503000 r--p 00002000 08:20 58380                      /usr/lib/jvm/java-11-openjdk-amd64/bin/java
55afe1503000-55afe1504000 rw-p 00003000 08:20 58380                      /usr/lib/jvm/java-11-openjdk-amd64/bin/java
55b000410000-55b000431000 rw-p 00000000 00:00 0                          [heap]
7f018952c000-7f0189e52000 r--p 00000000 08:20 227212                     /home/itshandable/.javacpp/cache/llvm-13.0.1-1.5.7-linux-x86_64.jar/org/bytedeco/llvm/linux-x86_64/libLLVM-13.so
7f0189e52000-7f018d815000 r-xp 00926000 08:20 227212                     /home/itshandable/.javacpp/cache/llvm-13.0.1-1.5.7-linux-x86_64.jar/org/bytedeco/llvm/linux-x86_64/libLLVM-13.so
7f018d815000-7f018fa6a000 r--p 042e9000 08:20 227212                     /home/itshandable/.javacpp/cache/llvm-13.0.1-1.5.7-linux-x86_64.jar/org/bytedeco/llvm/linux-x86_64/libLLVM-13.so
7f018fa6a000-7f018ff7f000 r--p 0653d000 08:20 227212                     /home/itshandable/.javacpp/cache/llvm-13.0.1-1.5.7-linux-x86_64.jar/org/bytedeco/llvm/linux-x86_64/libLLVM-13.so
7f018ff7f000-7f018ff8a000 rw-p 06a52000 08:20 227212                     /home/itshandable/.javacpp/cache/llvm-13.0.1-1.5.7-linux-x86_64.jar/org/bytedeco/llvm/linux-x86_64/libLLVM-13.so
7f018ff8a000-7f0190000000 rw-p 00000000 00:00 0 
7f0190000000-7f019002c000 rw-p 00000000 00:00 0 
7f019002c000-7f0194000000 ---p 00000000 00:00 0 
7f0198000000-7f0198408000 rw-p 00000000 00:00 0 
7f0198408000-7f019c000000 ---p 00000000 00:00 0 
7f019c000000-7f019c021000 rw-p 00000000 00:00 0 
7f019c021000-7f01a0000000 ---p 00000000 00:00 0 
7f01a0000000-7f01a0021000 rw-p 00000000 00:00 0 
7f01a0021000-7f01a4000000 ---p 00000000 00:00 0 
7f01a4000000-7f01a4021000 rw-p 00000000 00:00 0 
7f01a4021000-7f01a8000000 ---p 00000000 00:00 0 
7f01a8000000-7f01a8022000 rw-p 00000000 00:00 0 
7f01a8022000-7f01ac000000 ---p 00000000 00:00 0 
7f01ac000000-7f01ac021000 rw-p 00000000 00:00 0 
7f01ac021000-7f01b0000000 ---p 00000000 00:00 0 
7f01b0000000-7f01b0021000 rw-p 00000000 00:00 0 
7f01b0021000-7f01b4000000 ---p 00000000 00:00 0 
7f01b4000000-7f01b4021000 rw-p 00000000 00:00 0 
7f01b4021000-7f01b8000000 ---p 00000000 00:00 0 
7f01b8000000-7f01b8122000 rw-p 00000000 00:00 0 
7f01b8122000-7f01bc000000 ---p 00000000 00:00 0 
7f01bc000000-7f01bc1b1000 rw-p 00000000 00:00 0 
7f01bc1b1000-7f01c0000000 ---p 00000000 00:00 0 
7f01c0000000-7f01c0021000 rw-p 00000000 00:00 0 
7f01c0021000-7f01c4000000 ---p 00000000 00:00 0 
7f01c4000000-7f01c4021000 rw-p 00000000 00:00 0 
7f01c4021000-7f01c8000000 ---p 00000000 00:00 0 
7f01c8000000-7f01c8021000 rw-p 00000000 00:00 0 
7f01c8021000-7f01cc000000 ---p 00000000 00:00 0 
7f01cc000000-7f01cc021000 rw-p 00000000 00:00 0 
7f01cc021000-7f01d0000000 ---p 00000000 00:00 0 
7f01d0000000-7f01d0021000 rw-p 00000000 00:00 0 
7f01d0021000-7f01d4000000 ---p 00000000 00:00 0 
7f01d4000000-7f01d4021000 rw-p 00000000 00:00 0 
7f01d4021000-7f01d8000000 ---p 00000000 00:00 0 
7f01d8000000-7f01d8021000 rw-p 00000000 00:00 0 
7f01d8021000-7f01dc000000 ---p 00000000 00:00 0 
7f01dc000000-7f01dc021000 rw-p 00000000 00:00 0 
7f01dc021000-7f01e0000000 ---p 00000000 00:00 0 
7f01e1eac000-7f01e1f11000 r--p 00000000 08:20 227234                     /home/itshandable/.javacpp/cache/llvm-13.0.1-1.5.7-linux-x86_64.jar/org/bytedeco/llvm/linux-x86_64/libjniLLVM.so
7f01e1f11000-7f01e1f7f000 r-xp 00065000 08:20 227234                     /home/itshandable/.javacpp/cache/llvm-13.0.1-1.5.7-linux-x86_64.jar/org/bytedeco/llvm/linux-x86_64/libjniLLVM.so
7f01e1f7f000-7f01e1faa000 r--p 000d3000 08:20 227234                     /home/itshandable/.javacpp/cache/llvm-13.0.1-1.5.7-linux-x86_64.jar/org/bytedeco/llvm/linux-x86_64/libjniLLVM.so
7f01e1faa000-7f01e1fad000 r--p 000fd000 08:20 227234                     /home/itshandable/.javacpp/cache/llvm-13.0.1-1.5.7-linux-x86_64.jar/org/bytedeco/llvm/linux-x86_64/libjniLLVM.so
7f01e1fad000-7f01e1fb0000 rw-p 00100000 08:20 227234                     /home/itshandable/.javacpp/cache/llvm-13.0.1-1.5.7-linux-x86_64.jar/org/bytedeco/llvm/linux-x86_64/libjniLLVM.so
7f01e1fb0000-7f01e1fb2000 rw-p 00000000 00:00 0 
7f01e1fb2000-7f01e1fb9000 r--p 00000000 08:20 227217                     /home/itshandable/.javacpp/cache/llvm-13.0.1-1.5.7-linux-x86_64.jar/org/bytedeco/llvm/linux-x86_64/libLTO.so.13
7f01e1fb9000-7f01e1fc1000 r-xp 00007000 08:20 227217                     /home/itshandable/.javacpp/cache/llvm-13.0.1-1.5.7-linux-x86_64.jar/org/bytedeco/llvm/linux-x86_64/libLTO.so.13
7f01e1fc1000-7f01e1fc3000 r--p 0000f000 08:20 227217                     /home/itshandable/.javacpp/cache/llvm-13.0.1-1.5.7-linux-x86_64.jar/org/bytedeco/llvm/linux-x86_64/libLTO.so.13
7f01e1fc3000-7f01e1fc4000 r--p 00010000 08:20 227217                     /home/itshandable/.javacpp/cache/llvm-13.0.1-1.5.7-linux-x86_64.jar/org/bytedeco/llvm/linux-x86_64/libLTO.so.13
7f01e1fc4000-7f01e1fc5000 rw-p 00011000 08:20 227217                     /home/itshandable/.javacpp/cache/llvm-13.0.1-1.5.7-linux-x86_64.jar/org/bytedeco/llvm/linux-x86_64/libLTO.so.13
7f01e1fc5000-7f01e1fc9000 ---p 00000000 00:00 0 
7f01e1fc9000-7f01e20c5000 rw-p 00000000 00:00 0 
7f01e20c5000-7f01e20c9000 ---p 00000000 00:00 0 
7f01e20c9000-7f01e21c5000 rw-p 00000000 00:00 0 
7f01e21c5000-7f01e21c9000 ---p 00000000 00:00 0 
7f01e21c9000-7f01e22f6000 rw-p 00000000 00:00 0 
7f01e22f6000-7f01e22f7000 ---p 00000000 00:00 0 
7f01e22f7000-7f01e23f7000 rw-p 00000000 00:00 0 
7f01e23f7000-7f01e23fb000 ---p 00000000 00:00 0 
7f01e23fb000-7f01e24f7000 rw-p 00000000 00:00 0 
7f01e24f7000-7f01e24fb000 ---p 00000000 00:00 0 
7f01e24fb000-7f01e25f7000 rw-p 00000000 00:00 0 
7f01e25f7000-7f01e25fb000 ---p 00000000 00:00 0 
7f01e25fb000-7f01e26f7000 rw-p 00000000 00:00 0 
7f01e26f7000-7f01e26fb000 ---p 00000000 00:00 0 
7f01e26fb000-7f01e27f7000 rw-p 00000000 00:00 0 
7f01e27f7000-7f01e27fb000 ---p 00000000 00:00 0 
7f01e27fb000-7f01e28f7000 rw-p 00000000 00:00 0 
7f01e28f7000-7f01e28fb000 ---p 00000000 00:00 0 
7f01e28fb000-7f01e29f7000 rw-p 00000000 00:00 0 
7f01e29f7000-7f01e29fb000 ---p 00000000 00:00 0 
7f01e29fb000-7f01e2af7000 rw-p 00000000 00:00 0 
7f01e2af7000-7f01e2afb000 ---p 00000000 00:00 0 
7f01e2afb000-7f01e2bf7000 rw-p 00000000 00:00 0 
7f01e2bf7000-7f01e2bfb000 ---p 00000000 00:00 0 
7f01e2bfb000-7f01e2cf7000 rw-p 00000000 00:00 0 
7f01e2cf7000-7f01e2cfb000 ---p 00000000 00:00 0 
7f01e2cfb000-7f01e2df7000 rw-p 00000000 00:00 0 
7f01e2df7000-7f01e2dfb000 ---p 00000000 00:00 0 
7f01e2dfb000-7f01e2ef7000 rw-p 00000000 00:00 0 
7f01e2ef7000-7f01e2ef8000 ---p 00000000 00:00 0 
7f01e2ef8000-7f01e35f8000 rw-p 00000000 00:00 0 
7f01e35f8000-7f01e37f8000 ---p 00000000 00:00 0 
7f01e37f8000-7f01e37f9000 ---p 00000000 00:00 0 
7f01e37f9000-7f01e38f9000 rw-p 00000000 00:00 0 
7f01e38f9000-7f01e38fa000 ---p 00000000 00:00 0 
7f01e38fa000-7f01e4000000 rw-p 00000000 00:00 0 
7f01e4000000-7f01e4021000 rw-p 00000000 00:00 0 
7f01e4021000-7f01e8000000 ---p 00000000 00:00 0 
7f01e8001000-7f01ea98b000 rw-p 00000000 00:00 0 
7f01ea98b000-7f01ea98c000 ---p 00000000 00:00 0 
7f01ea98c000-7f01eaa8c000 rw-p 00000000 00:00 0 
7f01eaa8c000-7f01eaa8d000 ---p 00000000 00:00 0 
7f01eaa8d000-7f01eae6d000 rw-p 00000000 00:00 0 
7f01eae6d000-7f01ecafd000 ---p 00000000 00:00 0 
7f01ecafd000-7f01ecced000 rw-p 00000000 00:00 0 
7f01ecced000-7f01ee97d000 ---p 00000000 00:00 0 
7f01ee97d000-7f01ee9c2000 rw-p 00000000 00:00 0 
7f01ee9c2000-7f01eed54000 ---p 00000000 00:00 0 
7f01eed54000-7f01eed92000 rw-p 00000000 00:00 0 
7f01eed92000-7f01ef124000 ---p 00000000 00:00 0 
7f01ef124000-7f01ef162000 rw-p 00000000 00:00 0 
7f01ef162000-7f01ef4f4000 ---p 00000000 00:00 0 
7f01ef4f4000-7f01f0000000 rw-p 00000000 00:00 0 
7f01f0000000-7f01f0021000 rw-p 00000000 00:00 0 
7f01f0021000-7f01f4000000 ---p 00000000 00:00 0 
7f01f4007000-7f01f4008000 r--p 00000000 08:20 64938                      /usr/lib/x86_64-linux-gnu/libdl.so.2
7f01f4008000-7f01f4009000 r-xp 00001000 08:20 64938                      /usr/lib/x86_64-linux-gnu/libdl.so.2
7f01f4009000-7f01f400a000 r--p 00002000 08:20 64938                      /usr/lib/x86_64-linux-gnu/libdl.so.2
7f01f400a000-7f01f400b000 r--p 00002000 08:20 64938                      /usr/lib/x86_64-linux-gnu/libdl.so.2
7f01f400b000-7f01f400c000 rw-p 00003000 08:20 64938                      /usr/lib/x86_64-linux-gnu/libdl.so.2
7f01f400c000-7f01f400d000 r--p 00000000 08:20 64948                      /usr/lib/x86_64-linux-gnu/libpthread.so.0
7f01f400d000-7f01f400e000 r-xp 00001000 08:20 64948                      /usr/lib/x86_64-linux-gnu/libpthread.so.0
7f01f400e000-7f01f400f000 r--p 00002000 08:20 64948                      /usr/lib/x86_64-linux-gnu/libpthread.so.0
7f01f400f000-7f01f4010000 r--p 00002000 08:20 64948                      /usr/lib/x86_64-linux-gnu/libpthread.so.0
7f01f4010000-7f01f4011000 rw-p 00003000 08:20 64948                      /usr/lib/x86_64-linux-gnu/libpthread.so.0
7f01f401a000-7f01f401b000 r--p 00000000 08:20 227228                     /home/itshandable/.javacpp/cache/llvm-13.0.1-1.5.7-linux-x86_64.jar/org/bytedeco/llvm/linux-x86_64/libRemarks.so.13
7f01f401b000-7f01f401c000 r-xp 00001000 08:20 227228                     /home/itshandable/.javacpp/cache/llvm-13.0.1-1.5.7-linux-x86_64.jar/org/bytedeco/llvm/linux-x86_64/libRemarks.so.13
7f01f401c000-7f01f401d000 r--p 00002000 08:20 227228                     /home/itshandable/.javacpp/cache/llvm-13.0.1-1.5.7-linux-x86_64.jar/org/bytedeco/llvm/linux-x86_64/libRemarks.so.13
7f01f401d000-7f01f401e000 r--p 00002000 08:20 227228                     /home/itshandable/.javacpp/cache/llvm-13.0.1-1.5.7-linux-x86_64.jar/org/bytedeco/llvm/linux-x86_64/libRemarks.so.13
7f01f401e000-7f01f401f000 rw-p 00003000 08:20 227228                     /home/itshandable/.javacpp/cache/llvm-13.0.1-1.5.7-linux-x86_64.jar/org/bytedeco/llvm/linux-x86_64/libRemarks.so.13
7f01f401f000-7f01f4023000 r--p 00000000 08:20 227196                     /home/itshandable/.javacpp/cache/javacpp-1.5.7-linux-x86_64.jar/org/bytedeco/javacpp/linux-x86_64/libjnijavacpp.so
7f01f4023000-7f01f402a000 r-xp 00004000 08:20 227196                     /home/itshandable/.javacpp/cache/javacpp-1.5.7-linux-x86_64.jar/org/bytedeco/javacpp/linux-x86_64/libjnijavacpp.so
7f01f402a000-7f01f402e000 r--p 0000b000 08:20 227196                     /home/itshandable/.javacpp/cache/javacpp-1.5.7-linux-x86_64.jar/org/bytedeco/javacpp/linux-x86_64/libjnijavacpp.so
7f01f402e000-7f01f402f000 r--p 0000e000 08:20 227196                     /home/itshandable/.javacpp/cache/javacpp-1.5.7-linux-x86_64.jar/org/bytedeco/javacpp/linux-x86_64/libjnijavacpp.so
7f01f402f000-7f01f4030000 rw-p 0000f000 08:20 227196                     /home/itshandable/.javacpp/cache/javacpp-1.5.7-linux-x86_64.jar/org/bytedeco/javacpp/linux-x86_64/libjnijavacpp.so
7f01f4030000-7f01f4034000 r--p 00000000 08:20 58728                      /usr/lib/jvm/java-11-openjdk-amd64/lib/libnet.so
7f01f4034000-7f01f4042000 r-xp 00004000 08:20 58728                      /usr/lib/jvm/java-11-openjdk-amd64/lib/libnet.so
7f01f4042000-7f01f4046000 r--p 00012000 08:20 58728                      /usr/lib/jvm/java-11-openjdk-amd64/lib/libnet.so
7f01f4046000-7f01f4047000 r--p 00015000 08:20 58728                      /usr/lib/jvm/java-11-openjdk-amd64/lib/libnet.so
7f01f4047000-7f01f4048000 rw-p 00016000 08:20 58728                      /usr/lib/jvm/java-11-openjdk-amd64/lib/libnet.so
7f01f4048000-7f01f404f000 r--p 00000000 08:20 58729                      /usr/lib/jvm/java-11-openjdk-amd64/lib/libnio.so
7f01f404f000-7f01f4057000 r-xp 00007000 08:20 58729                      /usr/lib/jvm/java-11-openjdk-amd64/lib/libnio.so
7f01f4057000-7f01f405a000 r--p 0000f000 08:20 58729                      /usr/lib/jvm/java-11-openjdk-amd64/lib/libnio.so
7f01f405a000-7f01f405b000 r--p 00011000 08:20 58729                      /usr/lib/jvm/java-11-openjdk-amd64/lib/libnio.so
7f01f405b000-7f01f405c000 rw-p 00012000 08:20 58729                      /usr/lib/jvm/java-11-openjdk-amd64/lib/libnio.so
7f01f405c000-7f01f405e000 r--p 00000000 08:20 58709                      /usr/lib/jvm/java-11-openjdk-amd64/lib/libdt_socket.so
7f01f405e000-7f01f4061000 r-xp 00002000 08:20 58709                      /usr/lib/jvm/java-11-openjdk-amd64/lib/libdt_socket.so
7f01f4061000-7f01f4062000 r--p 00005000 08:20 58709                      /usr/lib/jvm/java-11-openjdk-amd64/lib/libdt_socket.so
7f01f4062000-7f01f4063000 ---p 00006000 08:20 58709                      /usr/lib/jvm/java-11-openjdk-amd64/lib/libdt_socket.so
7f01f4063000-7f01f4064000 r--p 00006000 08:20 58709                      /usr/lib/jvm/java-11-openjdk-amd64/lib/libdt_socket.so
7f01f4064000-7f01f4065000 rw-p 00007000 08:20 58709                      /usr/lib/jvm/java-11-openjdk-amd64/lib/libdt_socket.so
7f01f4065000-7f01f44ec000 rw-p 00000000 00:00 0 
7f01f44ec000-7f01f44ed000 ---p 00000000 00:00 0 
7f01f44ed000-7f01f45f2000 rw-p 00000000 00:00 0 
7f01f45f2000-7f01f46d6000 ---p 00000000 00:00 0 
7f01f46d6000-7f01f46db000 rw-p 00000000 00:00 0 
7f01f46db000-7f01f47bf000 ---p 00000000 00:00 0 
7f01f47bf000-7f01f4a2f000 rwxp 00000000 00:00 0 
7f01f4a2f000-7f01f4efe000 ---p 00000000 00:00 0 
7f01f4efe000-7f01f516e000 rwxp 00000000 00:00 0 
7f01f516e000-7f01fc35e000 ---p 00000000 00:00 0 
7f01fc35e000-7f01fc5ce000 rwxp 00000000 00:00 0 
7f01fc5ce000-7f02037bf000 ---p 00000000 00:00 0 
7f02037bf000-7f020c000000 r--s 00000000 08:20 58738                      /usr/lib/jvm/java-11-openjdk-amd64/lib/modules
7f020c000000-7f020c3a2000 rw-p 00000000 00:00 0 
7f020c3a2000-7f0210000000 ---p 00000000 00:00 0 
7f0210002000-7f0210049000 rw-p 00000000 00:00 0 
7f0210049000-7f0210053000 ---p 00000000 00:00 0 
7f0210053000-7f0210055000 r--p 00000000 08:20 58737                      /usr/lib/jvm/java-11-openjdk-amd64/lib/libzip.so
7f0210055000-7f021005a000 r-xp 00002000 08:20 58737                      /usr/lib/jvm/java-11-openjdk-amd64/lib/libzip.so
7f021005a000-7f021005c000 r--p 00007000 08:20 58737                      /usr/lib/jvm/java-11-openjdk-amd64/lib/libzip.so
7f021005c000-7f021005d000 r--p 00008000 08:20 58737                      /usr/lib/jvm/java-11-openjdk-amd64/lib/libzip.so
7f021005d000-7f021005e000 rw-p 00009000 08:20 58737                      /usr/lib/jvm/java-11-openjdk-amd64/lib/libzip.so
7f021005e000-7f0210066000 rw-s 00000000 08:20 2331                       /tmp/hsperfdata_itshandable/10657
7f0210066000-7f0210068000 r--p 00000000 08:20 58719                      /usr/lib/jvm/java-11-openjdk-amd64/lib/libjdwp.so
7f0210068000-7f0210094000 r-xp 00002000 08:20 58719                      /usr/lib/jvm/java-11-openjdk-amd64/lib/libjdwp.so
7f0210094000-7f02100a2000 r--p 0002e000 08:20 58719                      /usr/lib/jvm/java-11-openjdk-amd64/lib/libjdwp.so
7f02100a2000-7f02100a3000 r--p 0003b000 08:20 58719                      /usr/lib/jvm/java-11-openjdk-amd64/lib/libjdwp.so
7f02100a3000-7f02100a4000 rw-p 0003c000 08:20 58719                      /usr/lib/jvm/java-11-openjdk-amd64/lib/libjdwp.so
7f02100a4000-7f02100b2000 r--p 00000000 08:20 58717                      /usr/lib/jvm/java-11-openjdk-amd64/lib/libjava.so
7f02100b2000-7f02100c8000 r-xp 0000e000 08:20 58717                      /usr/lib/jvm/java-11-openjdk-amd64/lib/libjava.so
7f02100c8000-7f02100cf000 r--p 00024000 08:20 58717                      /usr/lib/jvm/java-11-openjdk-amd64/lib/libjava.so
7f02100cf000-7f02100d0000 r--p 0002a000 08:20 58717                      /usr/lib/jvm/java-11-openjdk-amd64/lib/libjava.so
7f02100d0000-7f02100d1000 rw-p 0002b000 08:20 58717                      /usr/lib/jvm/java-11-openjdk-amd64/lib/libjava.so
7f02100d1000-7f02100d2000 rw-p 00000000 00:00 0 
7f02100d2000-7f02100d7000 r--p 00000000 08:20 58736                      /usr/lib/jvm/java-11-openjdk-amd64/lib/libverify.so
7f02100d7000-7f02100de000 r-xp 00005000 08:20 58736                      /usr/lib/jvm/java-11-openjdk-amd64/lib/libverify.so
7f02100de000-7f02100e0000 r--p 0000c000 08:20 58736                      /usr/lib/jvm/java-11-openjdk-amd64/lib/libverify.so
7f02100e0000-7f02100e2000 r--p 0000d000 08:20 58736                      /usr/lib/jvm/java-11-openjdk-amd64/lib/libverify.so
7f02100e2000-7f02100e3000 rw-p 0000f000 08:20 58736                      /usr/lib/jvm/java-11-openjdk-amd64/lib/libverify.so
7f02100e3000-7f02100e4000 r--p 00000000 08:20 64951                      /usr/lib/x86_64-linux-gnu/librt.so.1
7f02100e4000-7f02100e5000 r-xp 00001000 08:20 64951                      /usr/lib/x86_64-linux-gnu/librt.so.1
7f02100e5000-7f02100e6000 r--p 00002000 08:20 64951                      /usr/lib/x86_64-linux-gnu/librt.so.1
7f02100e6000-7f02100e7000 r--p 00002000 08:20 64951                      /usr/lib/x86_64-linux-gnu/librt.so.1
7f02100e7000-7f02100e8000 rw-p 00003000 08:20 64951                      /usr/lib/x86_64-linux-gnu/librt.so.1
7f02100e8000-7f02100ec000 ---p 00000000 00:00 0 
7f02100ec000-7f02101e8000 rw-p 00000000 00:00 0 
7f02101e8000-7f02101eb000 r--p 00000000 08:20 6709                       /usr/lib/x86_64-linux-gnu/libgcc_s.so.1
7f02101eb000-7f0210202000 r-xp 00003000 08:20 6709                       /usr/lib/x86_64-linux-gnu/libgcc_s.so.1
7f0210202000-7f0210206000 r--p 0001a000 08:20 6709                       /usr/lib/x86_64-linux-gnu/libgcc_s.so.1
7f0210206000-7f0210207000 r--p 0001d000 08:20 6709                       /usr/lib/x86_64-linux-gnu/libgcc_s.so.1
7f0210207000-7f0210208000 rw-p 0001e000 08:20 6709                       /usr/lib/x86_64-linux-gnu/libgcc_s.so.1
7f0210208000-7f0210216000 r--p 00000000 08:20 64939                      /usr/lib/x86_64-linux-gnu/libm.so.6
7f0210216000-7f0210292000 r-xp 0000e000 08:20 64939                      /usr/lib/x86_64-linux-gnu/libm.so.6
7f0210292000-7f02102ed000 r--p 0008a000 08:20 64939                      /usr/lib/x86_64-linux-gnu/libm.so.6
7f02102ed000-7f02102ee000 r--p 000e4000 08:20 64939                      /usr/lib/x86_64-linux-gnu/libm.so.6
7f02102ee000-7f02102ef000 rw-p 000e5000 08:20 64939                      /usr/lib/x86_64-linux-gnu/libm.so.6
7f02102ef000-7f0210389000 r--p 00000000 08:20 6947                       /usr/lib/x86_64-linux-gnu/libstdc++.so.6.0.30
7f0210389000-7f021049a000 r-xp 0009a000 08:20 6947                       /usr/lib/x86_64-linux-gnu/libstdc++.so.6.0.30
7f021049a000-7f0210509000 r--p 001ab000 08:20 6947                       /usr/lib/x86_64-linux-gnu/libstdc++.so.6.0.30
7f0210509000-7f021050a000 ---p 0021a000 08:20 6947                       /usr/lib/x86_64-linux-gnu/libstdc++.so.6.0.30
7f021050a000-7f0210515000 r--p 0021a000 08:20 6947                       /usr/lib/x86_64-linux-gnu/libstdc++.so.6.0.30
7f0210515000-7f0210518000 rw-p 00225000 08:20 6947                       /usr/lib/x86_64-linux-gnu/libstdc++.so.6.0.30
7f0210518000-7f021051b000 rw-p 00000000 00:00 0 
7f021051b000-7f021079e000 r--p 00000000 08:20 58741                      /usr/lib/jvm/java-11-openjdk-amd64/lib/server/libjvm.so
7f021079e000-7f0211449000 r-xp 00283000 08:20 58741                      /usr/lib/jvm/java-11-openjdk-amd64/lib/server/libjvm.so
7f0211449000-7f02116a5000 r--p 00f2e000 08:20 58741                      /usr/lib/jvm/java-11-openjdk-amd64/lib/server/libjvm.so
7f02116a5000-7f0211769000 r--p 01189000 08:20 58741                      /usr/lib/jvm/java-11-openjdk-amd64/lib/server/libjvm.so
7f0211769000-7f02117a4000 rw-p 0124d000 08:20 58741                      /usr/lib/jvm/java-11-openjdk-amd64/lib/server/libjvm.so
7f02117a4000-7f02117fe000 rw-p 00000000 00:00 0 
7f02117fe000-7f0211826000 r--p 00000000 08:20 64935                      /usr/lib/x86_64-linux-gnu/libc.so.6
7f0211826000-7f02119bb000 r-xp 00028000 08:20 64935                      /usr/lib/x86_64-linux-gnu/libc.so.6
7f02119bb000-7f0211a13000 r--p 001bd000 08:20 64935                      /usr/lib/x86_64-linux-gnu/libc.so.6
7f0211a13000-7f0211a14000 ---p 00215000 08:20 64935                      /usr/lib/x86_64-linux-gnu/libc.so.6
7f0211a14000-7f0211a18000 r--p 00215000 08:20 64935                      /usr/lib/x86_64-linux-gnu/libc.so.6
7f0211a18000-7f0211a1a000 rw-p 00219000 08:20 64935                      /usr/lib/x86_64-linux-gnu/libc.so.6
7f0211a1a000-7f0211a27000 rw-p 00000000 00:00 0 
7f0211a27000-7f0211a2a000 r--p 00000000 08:20 58702                      /usr/lib/jvm/java-11-openjdk-amd64/lib/jli/libjli.so
7f0211a2a000-7f0211a34000 r-xp 00003000 08:20 58702                      /usr/lib/jvm/java-11-openjdk-amd64/lib/jli/libjli.so
7f0211a34000-7f0211a37000 r--p 0000d000 08:20 58702                      /usr/lib/jvm/java-11-openjdk-amd64/lib/jli/libjli.so
7f0211a37000-7f0211a38000 ---p 00010000 08:20 58702                      /usr/lib/jvm/java-11-openjdk-amd64/lib/jli/libjli.so
7f0211a38000-7f0211a39000 r--p 00010000 08:20 58702                      /usr/lib/jvm/java-11-openjdk-amd64/lib/jli/libjli.so
7f0211a39000-7f0211a3a000 rw-p 00011000 08:20 58702                      /usr/lib/jvm/java-11-openjdk-amd64/lib/jli/libjli.so
7f0211a3a000-7f0211a3c000 r--p 00000000 08:20 6997                       /usr/lib/x86_64-linux-gnu/libz.so.1.2.11
7f0211a3c000-7f0211a4d000 r-xp 00002000 08:20 6997                       /usr/lib/x86_64-linux-gnu/libz.so.1.2.11
7f0211a4d000-7f0211a53000 r--p 00013000 08:20 6997                       /usr/lib/x86_64-linux-gnu/libz.so.1.2.11
7f0211a53000-7f0211a54000 ---p 00019000 08:20 6997                       /usr/lib/x86_64-linux-gnu/libz.so.1.2.11
7f0211a54000-7f0211a55000 r--p 00019000 08:20 6997                       /usr/lib/x86_64-linux-gnu/libz.so.1.2.11
7f0211a55000-7f0211a56000 rw-p 0001a000 08:20 6997                       /usr/lib/x86_64-linux-gnu/libz.so.1.2.11
7f0211a59000-7f0211a5a000 ---p 00000000 00:00 0 
7f0211a5a000-7f0211a5b000 r--p 00000000 00:00 0 
7f0211a5b000-7f0211a5d000 r--p 00000000 08:20 58720                      /usr/lib/jvm/java-11-openjdk-amd64/lib/libjimage.so
7f0211a5d000-7f0211a60000 r-xp 00002000 08:20 58720                      /usr/lib/jvm/java-11-openjdk-amd64/lib/libjimage.so
7f0211a60000-7f0211a61000 r--p 00005000 08:20 58720                      /usr/lib/jvm/java-11-openjdk-amd64/lib/libjimage.so
7f0211a61000-7f0211a62000 ---p 00006000 08:20 58720                      /usr/lib/jvm/java-11-openjdk-amd64/lib/libjimage.so
7f0211a62000-7f0211a63000 r--p 00006000 08:20 58720                      /usr/lib/jvm/java-11-openjdk-amd64/lib/libjimage.so
7f0211a63000-7f0211a64000 rw-p 00007000 08:20 58720                      /usr/lib/jvm/java-11-openjdk-amd64/lib/libjimage.so
7f0211a64000-7f0211a66000 rw-p 00000000 00:00 0 
7f0211a66000-7f0211a68000 r--p 00000000 08:20 64930                      /usr/lib/x86_64-linux-gnu/ld-linux-x86-64.so.2
7f0211a68000-7f0211a92000 r-xp 00002000 08:20 64930                      /usr/lib/x86_64-linux-gnu/ld-linux-x86-64.so.2
7f0211a92000-7f0211a9d000 r--p 0002c000 08:20 64930                      /usr/lib/x86_64-linux-gnu/ld-linux-x86-64.so.2
7f0211a9e000-7f0211aa0000 r--p 00037000 08:20 64930                      /usr/lib/x86_64-linux-gnu/ld-linux-x86-64.so.2
7f0211aa0000-7f0211aa2000 rw-p 00039000 08:20 64930                      /usr/lib/x86_64-linux-gnu/ld-linux-x86-64.so.2
7ffc29b0e000-7ffc29b2f000 rw-p 00000000 00:00 0                          [stack]
7ffc29be6000-7ffc29bea000 r--p 00000000 00:00 0                          [vvar]
7ffc29bea000-7ffc29bec000 r-xp 00000000 00:00 0                          [vdso]


VM Arguments:
jvm_args: -agentlib:jdwp=transport=dt_socket,address=0.0.0.0:12345,suspend=y,server=y -Djava.library.path=\\wsl.localhost\Ubuntu\usr\local\lib -Dfile.encoding=UTF-8 
java_command: Main tests/test.sysy tests/test.arm test tests/test.ll
java_class_path (initial): /mnt/e/codes/compiler-principle/Lab_backtrace/Lab/out/production/Lab:/usr/local/lib/antlr-4.9.1-complete.jar:/usr/local/lib/javacpp/javacpp-1.5.7.jar:/usr/local/lib/javacpp/javacpp-1.5.7-linux-x86_64.jar:/usr/local/lib/llvm/llvm-13.0.1-1.5.7.jar:/usr/local/lib/llvm/llvm-13.0.1-1.5.7-linux-x86_64.jar:/usr/local/lib/llvm-platform/llvm-platform-13.0.1-1.5.7.jar:/usr/local/lib/llvm4j/kotlin-stdlib-1.9.0.jar:/usr/local/lib/llvm4j/llvm4j-0.1.2-SNAPSHOT.jar:/usr/local/lib/rars/rars.jar:/mnt/d/IntelliJ IDEA Ultimate/lib/idea_rt.jar
Launcher Type: SUN_STANDARD

[Global flags]
     intx CICompilerCount                          = 12                                        {product} {ergonomic}
     uint ConcGCThreads                            = 4                                         {product} {ergonomic}
     uint G1ConcRefinementThreads                  = 15                                        {product} {ergonomic}
   size_t G1HeapRegionSize                         = 1048576                                   {product} {ergonomic}
    uintx GCDrainStackTargetSize                   = 64                                        {product} {ergonomic}
   size_t InitialHeapSize                          = 127926272                                 {product} {ergonomic}
   size_t MarkStackSize                            = 4194304                                   {product} {ergonomic}
   size_t MaxHeapSize                              = 2046820352                                {product} {ergonomic}
   size_t MaxNewSize                               = 1227882496                                {product} {ergonomic}
   size_t MinHeapDeltaBytes                        = 1048576                                   {product} {ergonomic}
    uintx NonNMethodCodeHeapSize                   = 7594288                                {pd product} {ergonomic}
    uintx NonProfiledCodeHeapSize                  = 122031976                              {pd product} {ergonomic}
    uintx ProfiledCodeHeapSize                     = 122031976                              {pd product} {ergonomic}
    uintx ReservedCodeCacheSize                    = 251658240                              {pd product} {ergonomic}
     bool SegmentedCodeCache                       = true                                      {product} {ergonomic}
     bool UseCompressedClassPointers               = true                                 {lp64_product} {ergonomic}
     bool UseCompressedOops                        = true                                 {lp64_product} {ergonomic}
     bool UseG1GC                                  = true                                      {product} {ergonomic}

Logging:
Log output configuration:
 #0: stdout all=warning uptime,level,tags
 #1: stderr all=off uptime,level,tags

Environment Variables:
PATH=/home/itshandable/.local/bin:/usr/local/sbin:/usr/local/bin:/usr/sbin:/usr/bin:/sbin:/bin:/usr/games:/usr/local/games:/usr/lib/wsl/lib:/mnt/d/VMwareWorkstationPro/bin/:/mnt/c/Program Files/BellSoft/LibericaJDK-17/bin/:/mnt/c/Program Files (x86)/Common Files/Oracle/Java/java8path:/mnt/c/Program Files (x86)/Common Files/Oracle/Java/javapath:/mnt/c/WINDOWS/system32:/mnt/c/WINDOWS:/mnt/c/WINDOWS/System32/Wbem:/mnt/c/WINDOWS/System32/WindowsPowerShell/v1.0/:/mnt/c/WINDOWS/System32/OpenSSH/:/mnt/c/Program Files/dotnet/:/mnt/c/Program Files (x86)/NVIDIA Corporation/PhysX/Common:/mnt/c/Program Files/Git/cmd:/mnt/d/Cruicial Storage Excutive:/mnt/c/Program Files/BellSoft/LibericaJDK-17/bin:/mnt/c/Program Files/BellSoft/LibericaJDK-17/jre/bin:/mnt/c/Users/itshandable/AppData/Local/Programs/Python/Python312:/mnt/c/Users/itshandable/AppData/Local/Programs/Python/Python312/Scripts:/mnt/c/Program Files/Pandoc/:/mnt/c/ProgramData/chocolatey/bin:/mnt/d/Nodejs-nvm:/mnt/c/Program Files/nodejs:/mnt/d/Redis/:/mnt/d/Mathlab/bin:/mnt/d/Lingo-21.0/:/mnt/d/Lingo-18.0/:/mnt/c/Program Files/NVIDIA Corporation/NVIDIA app/NvDLISR:/mnt/d/SPSS-25/JRE/bin:/mnt/d/SPSS Modeler 18.0/ext/bin/spss.TMWBServer/bin:/mnt/d/SPSS Modeler 18.0/MPICH2/bin:/mnt/d/SPSS Modeler 18.0/TABI:/mnt/d/MySQL/bin:/mnt/c/Program Files/Docker/Docker/resources/bin:/mnt/c/Program Files/Tailscale/:/mnt/c/Users/itshandable/AppData/Local/Programs/Python/Launcher/:/mnt/c/Users/itshandable/AppData/Local/Microsoft/WindowsApps:/mnt/d/CLion 2024.2.1/bin:/mnt/d/PyCharm 2024.2.1/bin:/mnt/c/Users/itshandable/AppData/Local/JetBrains/Toolbox/scripts:/mnt/d/IntelliJ IDEA 2024.2.1/bin:/mnt/c/Users/itshandable/AppData/Roaming/npm:/mnt/d/Nodejs-nvm:/mnt/c/Program Files/nodejs:/mnt/d/Microsoft VS Code/bin:/mnt/d/MiKTeX/miktex/bin/x64/:/mnt/c/Users/itshandable/AppData/Local/Microsoft/WindowsApps:/mnt/e/codes/ffmpeg-2025-01-02-git-0457aaf0d3-essentials_build/bin:/mnt/d/Aria2/aria2-1.37.0-win-64bit-build1:/mnt/d/DevEco Studio/bin:/mnt/d/WebStor
SHELL=/bin/bash
DISPLAY=:0
HOSTTYPE=x86_64
LANG=zh_CN.UTF-8
TERM=xterm-256color

Signal Handlers:
SIGSEGV: [libjvm.so+0xebbd40], sa_mask[0]=11111111011111111101111111111110, sa_flags=SA_RESTART|SA_SIGINFO
SIGBUS: [libjvm.so+0xebbd40], sa_mask[0]=11111111011111111101111111111110, sa_flags=SA_RESTART|SA_SIGINFO
SIGFPE: [libjvm.so+0xebbd40], sa_mask[0]=11111111011111111101111111111110, sa_flags=SA_RESTART|SA_SIGINFO
SIGPIPE: [libjvm.so+0xbfe040], sa_mask[0]=11111111011111111101111111111110, sa_flags=SA_RESTART|SA_SIGINFO
SIGXFSZ: [libjvm.so+0xbfe040], sa_mask[0]=11111111011111111101111111111110, sa_flags=SA_RESTART|SA_SIGINFO
SIGILL: [libjvm.so+0xebbd40], sa_mask[0]=11111111011111111101111111111110, sa_flags=SA_RESTART|SA_SIGINFO
SIGUSR2: [libjvm.so+0xbfdee0], sa_mask[0]=00000000000000000000000000000000, sa_flags=SA_RESTART|SA_SIGINFO
SIGHUP: [libjvm.so+0xbfe6a0], sa_mask[0]=11111111011111111101111111111110, sa_flags=SA_RESTART|SA_SIGINFO
SIGINT: [libjvm.so+0xbfe6a0], sa_mask[0]=11111111011111111101111111111110, sa_flags=SA_RESTART|SA_SIGINFO
SIGTERM: [libjvm.so+0xbfe6a0], sa_mask[0]=11111111011111111101111111111110, sa_flags=SA_RESTART|SA_SIGINFO
SIGQUIT: [libjvm.so+0xbfe6a0], sa_mask[0]=11111111011111111101111111111110, sa_flags=SA_RESTART|SA_SIGINFO


---------------  S Y S T E M  ---------------

OS:DISTRIB_ID=Ubuntu
DISTRIB_RELEASE=22.04
DISTRIB_CODENAME=jammy
DISTRIB_DESCRIPTION="Ubuntu 22.04.3 LTS"
uname:Linux 5.15.167.4-microsoft-standard-WSL2 #1 SMP Tue Nov 5 00:21:55 UTC 2024 x86_64
OS uptime: 0 days 0:18 hours
libc:glibc 2.35 NPTL 2.35 
rlimit (soft/hard): STACK 8192k/infinity , CORE 0k/infinity , NPROC 31190/31190 , NOFILE 1048576/1048576 , AS infinity/infinity , CPU infinity/infinity , DATA infinity/infinity , FSIZE infinity/infinity , MEMLOCK 65536k/65536k
load average:0.12 0.07 0.01

/proc/meminfo:
MemTotal:        7991664 kB
MemFree:         6976640 kB
MemAvailable:    7067600 kB
Buffers:            1012 kB
Cached:           290432 kB
SwapCached:            0 kB
Active:            92988 kB
Inactive:         528312 kB
Active(anon):       2176 kB
Inactive(anon):   331336 kB
Active(file):      90812 kB
Inactive(file):   196976 kB
Unevictable:           0 kB
Mlocked:               0 kB
SwapTotal:       2097152 kB
SwapFree:        2097152 kB
Dirty:                52 kB
Writeback:             0 kB
AnonPages:        328608 kB
Mapped:           258580 kB
Shmem:              3664 kB
KReclaimable:      37488 kB
Slab:             110752 kB
SReclaimable:      37488 kB
SUnreclaim:        73264 kB
KernelStack:        7088 kB
PageTables:         6608 kB
NFS_Unstable:          0 kB
Bounce:                0 kB
WritebackTmp:          0 kB
CommitLimit:     6092984 kB
Committed_AS:    1653380 kB
VmallocTotal:   34359738367 kB
VmallocUsed:       29224 kB
VmallocChunk:          0 kB
Percpu:            11520 kB
AnonHugePages:    153600 kB
ShmemHugePages:        0 kB
ShmemPmdMapped:        0 kB
FileHugePages:         0 kB
FilePmdMapped:         0 kB
HugePages_Total:       0
HugePages_Free:        0
HugePages_Rsvd:        0
HugePages_Surp:        0
Hugepagesize:       2048 kB
Hugetlb:               0 kB
DirectMap4k:      101376 kB
DirectMap2M:     4997120 kB
DirectMap1G:    11534336 kB

/sys/kernel/mm/transparent_hugepage/enabled:
[always] madvise never
/sys/kernel/mm/transparent_hugepage/defrag (defrag/compaction efforts parameter):
always defer defer+madvise [madvise] never

Process Memory:
Virtual Size: 5195420K (peak: 13447088K)
Resident Set Size: 104252K (peak: 104252K) (anon: 47760K, file: 56492K, shmem: 0K)
Swapped out: 0K
C-Heap outstanding allocations: 36982K, retained: 8425K
glibc malloc tunables: (default)

/proc/sys/kernel/threads-max (system-wide limit on the number of threads):
62380
/proc/sys/vm/max_map_count (maximum number of memory map areas a process may have):
65530
/proc/sys/kernel/pid_max (system-wide limit on number of process identifiers):
4194304

container (cgroup) information:
container_type: cgroupv1
cpu_cpuset_cpus: 0-19
cpu_memory_nodes: 0
active_processor_count: 20
cpu_quota: no quota
cpu_period: 100000
cpu_shares: no shares
memory_limit_in_bytes: unlimited
memory_and_swap_limit_in_bytes: unlimited
memory_soft_limit_in_bytes: unlimited
memory_usage_in_bytes: 620076 k
memory_max_usage_in_bytes: 496884 k
kernel_memory_limit_in_bytes: unlimited
kernel_memory_usage_in_bytes: 21208 k
kernel_memory_max_usage_in_bytes: 27048 k
maximum number of tasks: not supported
current number of tasks: not supported

Hyper-V virtualization detected
Steal ticks since vm start: 0
Steal ticks percentage since vm start:  0.000

CPU:total 20 (initial active 20) (16 cores per cpu, 2 threads per core) family 6 model 186 stepping 2 microcode 0xffffffff, cmov, cx8, fxsr, mmx, sse, sse2, sse3, ssse3, sse4.1, sse4.2, popcnt, avx, avx2, aes, clmul, erms, 3dnowpref, lzcnt, ht, tsc, tscinvbit, bmi1, bmi2, adx, sha, fma
CPU Model and flags from /proc/cpuinfo:
model name	: 13th Gen Intel(R) Core(TM) i9-13900H
flags		: fpu vme de pse tsc msr pae mce cx8 apic sep mtrr pge mca cmov pat pse36 clflush mmx fxsr sse sse2 ss ht syscall nx pdpe1gb rdtscp lm constant_tsc rep_good nopl xtopology tsc_reliable nonstop_tsc cpuid pni pclmulqdq vmx ssse3 fma cx16 pcid sse4_1 sse4_2 x2apic movbe popcnt tsc_deadline_timer aes xsave avx f16c rdrand hypervisor lahf_lm abm 3dnowprefetch invpcid_single ssbd ibrs ibpb stibp ibrs_enhanced tpr_shadow vnmi ept vpid ept_ad fsgsbase tsc_adjust bmi1 avx2 smep bmi2 erms invpcid rdseed adx smap clflushopt clwb sha_ni xsaveopt xsavec xgetbv1 xsaves avx_vnni umip waitpkg gfni vaes vpclmulqdq rdpid movdiri movdir64b fsrm md_clear serialize flush_l1d arch_capabilities
Online cpus:
0-19
Offline cpus:

BIOS frequency limitation:
<Not Available>
Frequency switch latency (ns):
<Not Available>
Available cpu frequencies:
<Not Available>
Current governor:
<Not Available>
Core performance/turbo boost:
<Not Available>

Memory: 4k page, physical 7991664k(6976640k free), swap 2097152k(2097152k free)

vm_info: OpenJDK 64-Bit Server VM (11.0.27+6-post-Ubuntu-0ubuntu122.04) for linux-amd64 JRE (11.0.27+6-post-Ubuntu-0ubuntu122.04), built on Apr 21 2025 05:59:45 by "unknown" with gcc 11.4.0

END.
