#
# A fatal error has been detected by the Java Runtime Environment:
#
#  SIGSEGV (0xb) at pc=0x00007f685a28eaf8, pid=28042, tid=28046
#
# JRE version: OpenJDK Runtime Environment (11.0.27+6) (build 11.0.27+6-post-Ubuntu-0ubuntu122.04)
# Java VM: OpenJDK 64-Bit Server VM (11.0.27+6-post-Ubuntu-0ubuntu122.04, mixed mode, sharing, tiered, compressed oops, g1 gc, linux-amd64)
# Problematic frame:
# C  [libLLVM-13.so+0xd62af8]  llvm::Value::getName() const+0xb8
#
# No core dump will be written. Core dumps have been disabled. To enable core dumping, try "ulimit -c unlimited" before starting Java again
#
# If you would like to submit a bug report, please visit:
#   https://bugs.launchpad.net/ubuntu/+source/openjdk-lts
# The crash happened outside the Java Virtual Machine in native code.
# See problematic frame for where to report the bug.
#

---------------  S U M M A R Y ------------

Command Line: -agentlib:jdwp=transport=dt_socket,address=0.0.0.0:12345,suspend=y,server=y -Djava.library.path=\\wsl.localhost\Ubuntu\usr\local\lib -Dfile.encoding=UTF-8 Main tests/test.sysy tests/test.arm test tests/test.ll

Host: 13th Gen Intel(R) Core(TM) i9-13900H, 20 cores, 7G, Ubuntu 22.04.3 LTS
Time: Thu May 22 20:10:40 2025 CST elapsed time: 26.535417 seconds (0d 0h 0m 26s)

---------------  T H R E A D  ---------------

Current thread (0x00007f68dc016800):  JavaThread "main" [_thread_in_native, id=28046, stack(0x00007f68e0c9c000,0x00007f68e0d9c000)]

Stack: [0x00007f68e0c9c000,0x00007f68e0d9c000],  sp=0x00007f68e0d99900,  free space=1014k
Native frames: (J=compiled Java code, A=aot compiled Java code, j=interpreted, Vv=VM code, C=native code)
C  [libLLVM-13.so+0xd62af8]  llvm::Value::getName() const+0xb8

Java frames: (J=compiled Java code, j=interpreted, Vv=VM code)
j  org.bytedeco.llvm.global.LLVM.LLVMPrintModuleToFile(Lorg/bytedeco/llvm/LLVM/LLVMModuleRef;Ljava/lang/String;Lorg/bytedeco/javacpp/BytePointer;)I+0
j  MyIrVisitor.mixedOptimization()V+53
j  MyIrVisitor.visitProgram(LSysYParser$ProgramContext;)Lorg/bytedeco/llvm/LLVM/LLVMValueRef;+123
j  MyIrVisitor.visitProgram(LSysYParser$ProgramContext;)Ljava/lang/Object;+2
j  SysYParser$ProgramContext.accept(Lorg/antlr/v4/runtime/tree/ParseTreeVisitor;)Ljava/lang/Object;+12
j  org.antlr.v4.runtime.tree.AbstractParseTreeVisitor.visit(Lorg/antlr/v4/runtime/tree/ParseTree;)Ljava/lang/Object;+2
j  Main.main([Ljava/lang/String;)V+169
v  ~StubRoutines::call_stub

siginfo: si_signo: 11 (SIGSEGV), si_code: 1 (SEGV_MAPERR), si_addr: 0x00000000000000e5

Register to memory mapping:

RAX=0x00000000000000f5 is an unknown value
RBX=0x0000000000000001 is an unknown value
RCX=0x00007f68dc3917a8 points into unknown readable memory: 0x00007f68dc389390 | 90 93 38 dc 68 7f 00 00
RDX=0x00000000000000e5 is an unknown value
RSP=0x00007f68e0d99900 is pointing into the stack for thread: 0x00007f68dc016800
RBP=0x00007f68e0d99c60 is pointing into the stack for thread: 0x00007f68dc016800
RSI=0x00007f68dc389790 points into unknown readable memory: 0x0000000000000000 | 00 00 00 00 00 00 00 00
RDI=0x00007f68e0d99900 is pointing into the stack for thread: 0x00007f68dc016800
R8 =0x0000000000000001 is an unknown value
R9 =0x00007f68dc3917a8 points into unknown readable memory: 0x00007f68dc389390 | 90 93 38 dc 68 7f 00 00
R10=0x000000000000003f is an unknown value
R11=0x0000000000000002 is an unknown value
R12=0x0000000000000002 is an unknown value
R13=0x0000000000000002 is an unknown value
R14=0x0 is NULL
R15=0x00007f68dc36c6d0 points into unknown readable memory: 0x00007f68dc391c08 | 08 1c 39 dc 68 7f 00 00


Registers:
RAX=0x00000000000000f5, RBX=0x0000000000000001, RCX=0x00007f68dc3917a8, RDX=0x00000000000000e5
RSP=0x00007f68e0d99900, RBP=0x00007f68e0d99c60, RSI=0x00007f68dc389790, RDI=0x00007f68e0d99900
R8 =0x0000000000000001, R9 =0x00007f68dc3917a8, R10=0x000000000000003f, R11=0x0000000000000002
R12=0x0000000000000002, R13=0x0000000000000002, R14=0x0000000000000000, R15=0x00007f68dc36c6d0
RIP=0x00007f685a28eaf8, EFLAGS=0x0000000000010202, CSGSFS=0x002b000000000033, ERR=0x0000000000000004
  TRAPNO=0x000000000000000e

Top of Stack: (sp=0x00007f68e0d99900)
0x00007f68e0d99900:   00007f68dc389790 00007f68dc389790
0x00007f68e0d99910:   0000000000000001 00007f685a0cd3f5
0x00007f68e0d99920:   0000000000000001 00007f68e0d99e40
0x00007f68e0d99930:   0000000000000002 00007f685a0de5d8 

Instructions: (pc=0x00007f685a28eaf8)
0x00007f685a28e9f8:   48 bc ff eb b7 48 83 3d ab e8 ce 05 00 74 23 83
0x00007f685a28ea08:   ca ff f0 0f c1 50 f8 85 d2 7f ae 48 8d 74 24 0f
0x00007f685a28ea18:   e8 53 48 bc ff eb a2 8b 50 f8 8d 4a ff 89 48 f8
0x00007f685a28ea28:   eb c3 8b 50 f8 8d 4a ff 89 48 f8 eb da 66 2e 0f
0x00007f685a28ea38:   1f 84 00 00 00 00 00 90 f6 47 17 10 75 0a 48 8d
0x00007f685a28ea48:   05 f2 a0 6c 03 31 d2 c3 48 83 ec 18 48 8b 07 48
0x00007f685a28ea58:   8b 00 48 8b 08 8b 81 98 01 00 00 4c 8b 81 88 01
0x00007f685a28ea68:   00 00 4c 8d 89 88 01 00 00 85 c0 74 5b 89 f9 89
0x00007f685a28ea78:   fa 44 8d 50 ff c1 ea 09 c1 e9 04 31 d1 44 21 d1
0x00007f685a28ea88:   89 ce 48 c1 e6 04 4c 01 c6 48 8b 16 48 39 d7 75
0x00007f685a28ea98:   67 89 c2 48 89 e7 4c 89 c9 48 89 d0 48 c1 e0 04
0x00007f685a28eaa8:   49 8d 14 00 41 b8 01 00 00 00 e8 f9 f4 ff ff 48
0x00007f685a28eab8:   8b 04 24 48 8b 50 08 48 8d 42 10 48 8b 12 48 83
0x00007f685a28eac8:   c4 18 c3 0f 1f 44 00 00 48 c1 e0 04 48 89 e7 4c
0x00007f685a28ead8:   89 c9 49 8d 34 00 41 b8 01 00 00 00 48 89 f2 e8
0x00007f685a28eae8:   c4 f4 ff ff 48 8b 04 24 48 8b 50 08 48 8d 42 10
0x00007f685a28eaf8:   48 8b 12 48 83 c4 18 c3 be 01 00 00 00 48 81 fa
0x00007f685a28eb08:   00 f0 ff ff 74 c2 01 f1 44 8d 5e 01 44 21 d1 89
0x00007f685a28eb18:   ce 48 c1 e6 04 4c 01 c6 48 8b 16 48 39 d7 0f 84
0x00007f685a28eb28:   6d ff ff ff 44 89 de eb d4 66 2e 0f 1f 84 00 00
0x00007f685a28eb38:   00 00 00 0f 1f 44 00 00 66 48 0f 6e c6 66 48 0f
0x00007f685a28eb48:   6e ca 66 0f 6c c1 0f 11 07 45 84 c0 75 29 48 39
0x00007f685a28eb58:   d6 74 24 0f 1f 44 00 00 48 8b 06 48 3d 00 f0 ff
0x00007f685a28eb68:   ff 74 08 48 3d 00 e0 ff ff 75 0c 48 83 c6 10 48
0x00007f685a28eb78:   89 37 48 39 f2 75 e1 c3 41 57 41 56 41 55 41 54
0x00007f685a28eb88:   55 53 48 89 fb 48 83 ec 38 4c 8b 67 10 49 8b 04
0x00007f685a28eb98:   24 48 8b 00 48 8b 28 4c 8b ad 08 09 00 00 44 8b
0x00007f685a28eba8:   bd 18 09 00 00 41 f6 44 24 11 01 0f 85 67 01 00
0x00007f685a28ebb8:   00 45 85 ff 0f 84 fb 01 00 00 45 89 e6 44 89 e0
0x00007f685a28ebc8:   41 8d 77 ff c1 e8 09 41 c1 ee 04 41 31 c6 44 89
0x00007f685a28ebd8:   f1 21 f1 89 c8 48 c1 e0 04 4c 01 e8 48 8b 10 49
0x00007f685a28ebe8:   39 d4 0f 85 7c 03 00 00 48 8b 50 08 4c 89 ee 48 


Stack slot to memory mapping:
stack at sp + 0 slots: 0x00007f68dc389790 points into unknown readable memory: 0x0000000000000000 | 00 00 00 00 00 00 00 00
stack at sp + 1 slots: 0x00007f68dc389790 points into unknown readable memory: 0x0000000000000000 | 00 00 00 00 00 00 00 00
stack at sp + 2 slots: 0x0000000000000001 is an unknown value
stack at sp + 3 slots: 0x00007f685a0cd3f5: <offset 0x0000000000ba13f5> in /home/itshandable/.javacpp/cache/llvm-13.0.1-1.5.7-linux-x86_64.jar/org/bytedeco/llvm/linux-x86_64/libLLVM-13.so at 0x00007f685952c000
stack at sp + 4 slots: 0x0000000000000001 is an unknown value
stack at sp + 5 slots: 0x00007f68e0d99e40 is pointing into the stack for thread: 0x00007f68dc016800
stack at sp + 6 slots: 0x0000000000000002 is an unknown value
stack at sp + 7 slots: 0x00007f685a0de5d8: <offset 0x0000000000bb25d8> in /home/itshandable/.javacpp/cache/llvm-13.0.1-1.5.7-linux-x86_64.jar/org/bytedeco/llvm/linux-x86_64/libLLVM-13.so at 0x00007f685952c000


---------------  P R O C E S S  ---------------

Threads class SMR info:
_java_thread_list=0x00007f6874002190, length=12, elements={
0x00007f68dc016800, 0x00007f68dc13f800, 0x00007f68dc141800, 0x00007f68dc149800,
0x00007f68dc14c000, 0x00007f68dc14e000, 0x00007f68dc150000, 0x00007f68dc199800,
0x00007f68dc19f000, 0x00007f68dc244800, 0x00007f687c001800, 0x00007f6890001000
}

Java Threads: ( => current thread )
=>0x00007f68dc016800 JavaThread "main" [_thread_in_native, id=28046, stack(0x00007f68e0c9c000,0x00007f68e0d9c000)]
  0x00007f68dc13f800 JavaThread "Reference Handler" daemon [_thread_blocked, id=28053, stack(0x00007f68b81a0000,0x00007f68b82a0000)]
  0x00007f68dc141800 JavaThread "Finalizer" daemon [_thread_blocked, id=28054, stack(0x00007f68b80a0000,0x00007f68b81a0000)]
  0x00007f68dc149800 JavaThread "Service Thread" daemon [_thread_blocked, id=28056, stack(0x00007f68ab600000,0x00007f68ab700000)]
  0x00007f68dc14c000 JavaThread "C2 CompilerThread0" daemon [_thread_blocked, id=28057, stack(0x00007f68ab500000,0x00007f68ab600000)]
  0x00007f68dc14e000 JavaThread "C1 CompilerThread0" daemon [_thread_blocked, id=28058, stack(0x00007f68ab400000,0x00007f68ab500000)]
  0x00007f68dc150000 JavaThread "Sweeper thread" daemon [_thread_blocked, id=28059, stack(0x00007f68ab300000,0x00007f68ab400000)]
  0x00007f68dc199800 JavaThread "JDWP Event Helper Thread" daemon [_thread_blocked, id=28063, stack(0x00007f68aaf00000,0x00007f68ab000000)]
  0x00007f68dc19f000 JavaThread "Common-Cleaner" daemon [_thread_blocked, id=28068, stack(0x00007f68aabff000,0x00007f68aacff000)]
  0x00007f68dc244800 JavaThread "JavaCPP Deallocator" daemon [_thread_blocked, id=28072, stack(0x00007f68aaaff000,0x00007f68aabff000)]
  0x00007f687c001800 JavaThread "JDWP Transport Listener: dt_socket" daemon [_thread_in_native, id=28276, stack(0x00007f68aae00000,0x00007f68aaf00000)]
  0x00007f6890001000 JavaThread "SIGINT handler" daemon [_thread_blocked, id=28279, stack(0x00007f68ab000000,0x00007f68ab100000)]

Other Threads:
  0x00007f68dc13c800 VMThread "VM Thread" [stack: 0x00007f68b82a1000,0x00007f68b83a1000] [id=28052] _threads_hazard_ptr=0x00007f6874002190
  0x00007f68dc030800 GCTaskThread "GC Thread#0" [stack: 0x00007f68e0926000,0x00007f68e0a26000] [id=28047]
  0x00007f68dc062000 ConcurrentGCThread "G1 Main Marker" [stack: 0x00007f68bb690000,0x00007f68bb790000] [id=28048]
  0x00007f68dc063800 ConcurrentGCThread "G1 Conc#0" [stack: 0x00007f68bb58f000,0x00007f68bb68f000] [id=28049]
  0x00007f68dc108000 ConcurrentGCThread "G1 Refine#0" [stack: 0x00007f68b857f000,0x00007f68b867f000] [id=28050]
  0x00007f68dc10a000 ConcurrentGCThread "G1 Young RemSet Sampling" [stack: 0x00007f68b847e000,0x00007f68b857e000] [id=28051]

Threads with active compile tasks:

VM state:at safepoint (normal execution)

VM Mutex/Monitor currently owned by a thread:  ([mutex/lock_event])
[0x00007f68dc014240] Threads_lock - owner thread: 0x00007f68dc13c800

Heap address: 0x0000000086000000, size: 1952 MB, Compressed Oops mode: 32-bit
Narrow klass base: 0x0000000800000000, Narrow klass shift: 3
Compressed class space size: 1073741824 Address: 0x0000000840000000

Heap:
 garbage-first heap   total 126976K, used 10960K [0x0000000086000000, 0x0000000100000000)
  region size 1024K, 12 young (12288K), 0 survivors (0K)
 Metaspace       used 3779K, capacity 6579K, committed 6912K, reserved 1056768K
  class space    used 395K, capacity 681K, committed 768K, reserved 1048576K
Heap Regions: E=young(eden), S=young(survivor), O=old, HS=humongous(starts), HC=humongous(continues), CS=collection set, F=free, A=archive, TAMS=top-at-mark-start (previous, next)
|   0|0x0000000086000000, 0x0000000086000000, 0x0000000086100000|  0%| F|  |TAMS 0x0000000086000000, 0x0000000086000000| Untracked 
|   1|0x0000000086100000, 0x0000000086100000, 0x0000000086200000|  0%| F|  |TAMS 0x0000000086100000, 0x0000000086100000| Untracked 
|   2|0x0000000086200000, 0x0000000086200000, 0x0000000086300000|  0%| F|  |TAMS 0x0000000086200000, 0x0000000086200000| Untracked 
|   3|0x0000000086300000, 0x0000000086300000, 0x0000000086400000|  0%| F|  |TAMS 0x0000000086300000, 0x0000000086300000| Untracked 
|   4|0x0000000086400000, 0x0000000086400000, 0x0000000086500000|  0%| F|  |TAMS 0x0000000086400000, 0x0000000086400000| Untracked 
|   5|0x0000000086500000, 0x0000000086500000, 0x0000000086600000|  0%| F|  |TAMS 0x0000000086500000, 0x0000000086500000| Untracked 
|   6|0x0000000086600000, 0x0000000086600000, 0x0000000086700000|  0%| F|  |TAMS 0x0000000086600000, 0x0000000086600000| Untracked 
|   7|0x0000000086700000, 0x0000000086700000, 0x0000000086800000|  0%| F|  |TAMS 0x0000000086700000, 0x0000000086700000| Untracked 
|   8|0x0000000086800000, 0x0000000086800000, 0x0000000086900000|  0%| F|  |TAMS 0x0000000086800000, 0x0000000086800000| Untracked 
|   9|0x0000000086900000, 0x0000000086900000, 0x0000000086a00000|  0%| F|  |TAMS 0x0000000086900000, 0x0000000086900000| Untracked 
|  10|0x0000000086a00000, 0x0000000086a00000, 0x0000000086b00000|  0%| F|  |TAMS 0x0000000086a00000, 0x0000000086a00000| Untracked 
|  11|0x0000000086b00000, 0x0000000086b00000, 0x0000000086c00000|  0%| F|  |TAMS 0x0000000086b00000, 0x0000000086b00000| Untracked 
|  12|0x0000000086c00000, 0x0000000086c00000, 0x0000000086d00000|  0%| F|  |TAMS 0x0000000086c00000, 0x0000000086c00000| Untracked 
|  13|0x0000000086d00000, 0x0000000086d00000, 0x0000000086e00000|  0%| F|  |TAMS 0x0000000086d00000, 0x0000000086d00000| Untracked 
|  14|0x0000000086e00000, 0x0000000086e00000, 0x0000000086f00000|  0%| F|  |TAMS 0x0000000086e00000, 0x0000000086e00000| Untracked 
|  15|0x0000000086f00000, 0x0000000086f00000, 0x0000000087000000|  0%| F|  |TAMS 0x0000000086f00000, 0x0000000086f00000| Untracked 
|  16|0x0000000087000000, 0x0000000087000000, 0x0000000087100000|  0%| F|  |TAMS 0x0000000087000000, 0x0000000087000000| Untracked 
|  17|0x0000000087100000, 0x0000000087100000, 0x0000000087200000|  0%| F|  |TAMS 0x0000000087100000, 0x0000000087100000| Untracked 
|  18|0x0000000087200000, 0x0000000087200000, 0x0000000087300000|  0%| F|  |TAMS 0x0000000087200000, 0x0000000087200000| Untracked 
|  19|0x0000000087300000, 0x0000000087300000, 0x0000000087400000|  0%| F|  |TAMS 0x0000000087300000, 0x0000000087300000| Untracked 
|  20|0x0000000087400000, 0x0000000087400000, 0x0000000087500000|  0%| F|  |TAMS 0x0000000087400000, 0x0000000087400000| Untracked 
|  21|0x0000000087500000, 0x0000000087500000, 0x0000000087600000|  0%| F|  |TAMS 0x0000000087500000, 0x0000000087500000| Untracked 
|  22|0x0000000087600000, 0x0000000087600000, 0x0000000087700000|  0%| F|  |TAMS 0x0000000087600000, 0x0000000087600000| Untracked 
|  23|0x0000000087700000, 0x0000000087700000, 0x0000000087800000|  0%| F|  |TAMS 0x0000000087700000, 0x0000000087700000| Untracked 
|  24|0x0000000087800000, 0x0000000087800000, 0x0000000087900000|  0%| F|  |TAMS 0x0000000087800000, 0x0000000087800000| Untracked 
|  25|0x0000000087900000, 0x0000000087900000, 0x0000000087a00000|  0%| F|  |TAMS 0x0000000087900000, 0x0000000087900000| Untracked 
|  26|0x0000000087a00000, 0x0000000087a00000, 0x0000000087b00000|  0%| F|  |TAMS 0x0000000087a00000, 0x0000000087a00000| Untracked 
|  27|0x0000000087b00000, 0x0000000087b00000, 0x0000000087c00000|  0%| F|  |TAMS 0x0000000087b00000, 0x0000000087b00000| Untracked 
|  28|0x0000000087c00000, 0x0000000087c00000, 0x0000000087d00000|  0%| F|  |TAMS 0x0000000087c00000, 0x0000000087c00000| Untracked 
|  29|0x0000000087d00000, 0x0000000087d00000, 0x0000000087e00000|  0%| F|  |TAMS 0x0000000087d00000, 0x0000000087d00000| Untracked 
|  30|0x0000000087e00000, 0x0000000087e00000, 0x0000000087f00000|  0%| F|  |TAMS 0x0000000087e00000, 0x0000000087e00000| Untracked 
|  31|0x0000000087f00000, 0x0000000087f00000, 0x0000000088000000|  0%| F|  |TAMS 0x0000000087f00000, 0x0000000087f00000| Untracked 
|  32|0x0000000088000000, 0x0000000088000000, 0x0000000088100000|  0%| F|  |TAMS 0x0000000088000000, 0x0000000088000000| Untracked 
|  33|0x0000000088100000, 0x0000000088100000, 0x0000000088200000|  0%| F|  |TAMS 0x0000000088100000, 0x0000000088100000| Untracked 
|  34|0x0000000088200000, 0x0000000088200000, 0x0000000088300000|  0%| F|  |TAMS 0x0000000088200000, 0x0000000088200000| Untracked 
|  35|0x0000000088300000, 0x0000000088300000, 0x0000000088400000|  0%| F|  |TAMS 0x0000000088300000, 0x0000000088300000| Untracked 
|  36|0x0000000088400000, 0x0000000088400000, 0x0000000088500000|  0%| F|  |TAMS 0x0000000088400000, 0x0000000088400000| Untracked 
|  37|0x0000000088500000, 0x0000000088500000, 0x0000000088600000|  0%| F|  |TAMS 0x0000000088500000, 0x0000000088500000| Untracked 
|  38|0x0000000088600000, 0x0000000088600000, 0x0000000088700000|  0%| F|  |TAMS 0x0000000088600000, 0x0000000088600000| Untracked 
|  39|0x0000000088700000, 0x0000000088700000, 0x0000000088800000|  0%| F|  |TAMS 0x0000000088700000, 0x0000000088700000| Untracked 
|  40|0x0000000088800000, 0x0000000088800000, 0x0000000088900000|  0%| F|  |TAMS 0x0000000088800000, 0x0000000088800000| Untracked 
|  41|0x0000000088900000, 0x0000000088900000, 0x0000000088a00000|  0%| F|  |TAMS 0x0000000088900000, 0x0000000088900000| Untracked 
|  42|0x0000000088a00000, 0x0000000088a00000, 0x0000000088b00000|  0%| F|  |TAMS 0x0000000088a00000, 0x0000000088a00000| Untracked 
|  43|0x0000000088b00000, 0x0000000088b00000, 0x0000000088c00000|  0%| F|  |TAMS 0x0000000088b00000, 0x0000000088b00000| Untracked 
|  44|0x0000000088c00000, 0x0000000088c00000, 0x0000000088d00000|  0%| F|  |TAMS 0x0000000088c00000, 0x0000000088c00000| Untracked 
|  45|0x0000000088d00000, 0x0000000088d00000, 0x0000000088e00000|  0%| F|  |TAMS 0x0000000088d00000, 0x0000000088d00000| Untracked 
|  46|0x0000000088e00000, 0x0000000088e00000, 0x0000000088f00000|  0%| F|  |TAMS 0x0000000088e00000, 0x0000000088e00000| Untracked 
|  47|0x0000000088f00000, 0x0000000088f00000, 0x0000000089000000|  0%| F|  |TAMS 0x0000000088f00000, 0x0000000088f00000| Untracked 
|  48|0x0000000089000000, 0x0000000089000000, 0x0000000089100000|  0%| F|  |TAMS 0x0000000089000000, 0x0000000089000000| Untracked 
|  49|0x0000000089100000, 0x0000000089100000, 0x0000000089200000|  0%| F|  |TAMS 0x0000000089100000, 0x0000000089100000| Untracked 
|  50|0x0000000089200000, 0x0000000089200000, 0x0000000089300000|  0%| F|  |TAMS 0x0000000089200000, 0x0000000089200000| Untracked 
|  51|0x0000000089300000, 0x0000000089300000, 0x0000000089400000|  0%| F|  |TAMS 0x0000000089300000, 0x0000000089300000| Untracked 
|  52|0x0000000089400000, 0x0000000089400000, 0x0000000089500000|  0%| F|  |TAMS 0x0000000089400000, 0x0000000089400000| Untracked 
|  53|0x0000000089500000, 0x0000000089500000, 0x0000000089600000|  0%| F|  |TAMS 0x0000000089500000, 0x0000000089500000| Untracked 
|  54|0x0000000089600000, 0x0000000089600000, 0x0000000089700000|  0%| F|  |TAMS 0x0000000089600000, 0x0000000089600000| Untracked 
|  55|0x0000000089700000, 0x0000000089700000, 0x0000000089800000|  0%| F|  |TAMS 0x0000000089700000, 0x0000000089700000| Untracked 
|  56|0x0000000089800000, 0x0000000089800000, 0x0000000089900000|  0%| F|  |TAMS 0x0000000089800000, 0x0000000089800000| Untracked 
|  57|0x0000000089900000, 0x0000000089900000, 0x0000000089a00000|  0%| F|  |TAMS 0x0000000089900000, 0x0000000089900000| Untracked 
|  58|0x0000000089a00000, 0x0000000089a00000, 0x0000000089b00000|  0%| F|  |TAMS 0x0000000089a00000, 0x0000000089a00000| Untracked 
|  59|0x0000000089b00000, 0x0000000089b00000, 0x0000000089c00000|  0%| F|  |TAMS 0x0000000089b00000, 0x0000000089b00000| Untracked 
|  60|0x0000000089c00000, 0x0000000089c00000, 0x0000000089d00000|  0%| F|  |TAMS 0x0000000089c00000, 0x0000000089c00000| Untracked 
|  61|0x0000000089d00000, 0x0000000089d00000, 0x0000000089e00000|  0%| F|  |TAMS 0x0000000089d00000, 0x0000000089d00000| Untracked 
|  62|0x0000000089e00000, 0x0000000089e00000, 0x0000000089f00000|  0%| F|  |TAMS 0x0000000089e00000, 0x0000000089e00000| Untracked 
|  63|0x0000000089f00000, 0x0000000089f00000, 0x000000008a000000|  0%| F|  |TAMS 0x0000000089f00000, 0x0000000089f00000| Untracked 
|  64|0x000000008a000000, 0x000000008a000000, 0x000000008a100000|  0%| F|  |TAMS 0x000000008a000000, 0x000000008a000000| Untracked 
|  65|0x000000008a100000, 0x000000008a100000, 0x000000008a200000|  0%| F|  |TAMS 0x000000008a100000, 0x000000008a100000| Untracked 
|  66|0x000000008a200000, 0x000000008a200000, 0x000000008a300000|  0%| F|  |TAMS 0x000000008a200000, 0x000000008a200000| Untracked 
|  67|0x000000008a300000, 0x000000008a300000, 0x000000008a400000|  0%| F|  |TAMS 0x000000008a300000, 0x000000008a300000| Untracked 
|  68|0x000000008a400000, 0x000000008a400000, 0x000000008a500000|  0%| F|  |TAMS 0x000000008a400000, 0x000000008a400000| Untracked 
|  69|0x000000008a500000, 0x000000008a500000, 0x000000008a600000|  0%| F|  |TAMS 0x000000008a500000, 0x000000008a500000| Untracked 
|  70|0x000000008a600000, 0x000000008a600000, 0x000000008a700000|  0%| F|  |TAMS 0x000000008a600000, 0x000000008a600000| Untracked 
|  71|0x000000008a700000, 0x000000008a700000, 0x000000008a800000|  0%| F|  |TAMS 0x000000008a700000, 0x000000008a700000| Untracked 
|  72|0x000000008a800000, 0x000000008a800000, 0x000000008a900000|  0%| F|  |TAMS 0x000000008a800000, 0x000000008a800000| Untracked 
|  73|0x000000008a900000, 0x000000008a900000, 0x000000008aa00000|  0%| F|  |TAMS 0x000000008a900000, 0x000000008a900000| Untracked 
|  74|0x000000008aa00000, 0x000000008aa00000, 0x000000008ab00000|  0%| F|  |TAMS 0x000000008aa00000, 0x000000008aa00000| Untracked 
|  75|0x000000008ab00000, 0x000000008ab00000, 0x000000008ac00000|  0%| F|  |TAMS 0x000000008ab00000, 0x000000008ab00000| Untracked 
|  76|0x000000008ac00000, 0x000000008ac00000, 0x000000008ad00000|  0%| F|  |TAMS 0x000000008ac00000, 0x000000008ac00000| Untracked 
|  77|0x000000008ad00000, 0x000000008ad00000, 0x000000008ae00000|  0%| F|  |TAMS 0x000000008ad00000, 0x000000008ad00000| Untracked 
|  78|0x000000008ae00000, 0x000000008ae00000, 0x000000008af00000|  0%| F|  |TAMS 0x000000008ae00000, 0x000000008ae00000| Untracked 
|  79|0x000000008af00000, 0x000000008af00000, 0x000000008b000000|  0%| F|  |TAMS 0x000000008af00000, 0x000000008af00000| Untracked 
|  80|0x000000008b000000, 0x000000008b000000, 0x000000008b100000|  0%| F|  |TAMS 0x000000008b000000, 0x000000008b000000| Untracked 
|  81|0x000000008b100000, 0x000000008b100000, 0x000000008b200000|  0%| F|  |TAMS 0x000000008b100000, 0x000000008b100000| Untracked 
|  82|0x000000008b200000, 0x000000008b200000, 0x000000008b300000|  0%| F|  |TAMS 0x000000008b200000, 0x000000008b200000| Untracked 
|  83|0x000000008b300000, 0x000000008b300000, 0x000000008b400000|  0%| F|  |TAMS 0x000000008b300000, 0x000000008b300000| Untracked 
|  84|0x000000008b400000, 0x000000008b400000, 0x000000008b500000|  0%| F|  |TAMS 0x000000008b400000, 0x000000008b400000| Untracked 
|  85|0x000000008b500000, 0x000000008b500000, 0x000000008b600000|  0%| F|  |TAMS 0x000000008b500000, 0x000000008b500000| Untracked 
|  86|0x000000008b600000, 0x000000008b600000, 0x000000008b700000|  0%| F|  |TAMS 0x000000008b600000, 0x000000008b600000| Untracked 
|  87|0x000000008b700000, 0x000000008b700000, 0x000000008b800000|  0%| F|  |TAMS 0x000000008b700000, 0x000000008b700000| Untracked 
|  88|0x000000008b800000, 0x000000008b800000, 0x000000008b900000|  0%| F|  |TAMS 0x000000008b800000, 0x000000008b800000| Untracked 
|  89|0x000000008b900000, 0x000000008b900000, 0x000000008ba00000|  0%| F|  |TAMS 0x000000008b900000, 0x000000008b900000| Untracked 
|  90|0x000000008ba00000, 0x000000008ba00000, 0x000000008bb00000|  0%| F|  |TAMS 0x000000008ba00000, 0x000000008ba00000| Untracked 
|  91|0x000000008bb00000, 0x000000008bb00000, 0x000000008bc00000|  0%| F|  |TAMS 0x000000008bb00000, 0x000000008bb00000| Untracked 
|  92|0x000000008bc00000, 0x000000008bc00000, 0x000000008bd00000|  0%| F|  |TAMS 0x000000008bc00000, 0x000000008bc00000| Untracked 
|  93|0x000000008bd00000, 0x000000008bd00000, 0x000000008be00000|  0%| F|  |TAMS 0x000000008bd00000, 0x000000008bd00000| Untracked 
|  94|0x000000008be00000, 0x000000008be00000, 0x000000008bf00000|  0%| F|  |TAMS 0x000000008be00000, 0x000000008be00000| Untracked 
|  95|0x000000008bf00000, 0x000000008bf00000, 0x000000008c000000|  0%| F|  |TAMS 0x000000008bf00000, 0x000000008bf00000| Untracked 
|  96|0x000000008c000000, 0x000000008c000000, 0x000000008c100000|  0%| F|  |TAMS 0x000000008c000000, 0x000000008c000000| Untracked 
|  97|0x000000008c100000, 0x000000008c100000, 0x000000008c200000|  0%| F|  |TAMS 0x000000008c100000, 0x000000008c100000| Untracked 
|  98|0x000000008c200000, 0x000000008c200000, 0x000000008c300000|  0%| F|  |TAMS 0x000000008c200000, 0x000000008c200000| Untracked 
|  99|0x000000008c300000, 0x000000008c300000, 0x000000008c400000|  0%| F|  |TAMS 0x000000008c300000, 0x000000008c300000| Untracked 
| 100|0x000000008c400000, 0x000000008c400000, 0x000000008c500000|  0%| F|  |TAMS 0x000000008c400000, 0x000000008c400000| Untracked 
| 101|0x000000008c500000, 0x000000008c500000, 0x000000008c600000|  0%| F|  |TAMS 0x000000008c500000, 0x000000008c500000| Untracked 
| 102|0x000000008c600000, 0x000000008c600000, 0x000000008c700000|  0%| F|  |TAMS 0x000000008c600000, 0x000000008c600000| Untracked 
| 103|0x000000008c700000, 0x000000008c700000, 0x000000008c800000|  0%| F|  |TAMS 0x000000008c700000, 0x000000008c700000| Untracked 
| 104|0x000000008c800000, 0x000000008c800000, 0x000000008c900000|  0%| F|  |TAMS 0x000000008c800000, 0x000000008c800000| Untracked 
| 105|0x000000008c900000, 0x000000008c900000, 0x000000008ca00000|  0%| F|  |TAMS 0x000000008c900000, 0x000000008c900000| Untracked 
| 106|0x000000008ca00000, 0x000000008ca00000, 0x000000008cb00000|  0%| F|  |TAMS 0x000000008ca00000, 0x000000008ca00000| Untracked 
| 107|0x000000008cb00000, 0x000000008cb00000, 0x000000008cc00000|  0%| F|  |TAMS 0x000000008cb00000, 0x000000008cb00000| Untracked 
| 108|0x000000008cc00000, 0x000000008cc00000, 0x000000008cd00000|  0%| F|  |TAMS 0x000000008cc00000, 0x000000008cc00000| Untracked 
| 109|0x000000008cd00000, 0x000000008cd00000, 0x000000008ce00000|  0%| F|  |TAMS 0x000000008cd00000, 0x000000008cd00000| Untracked 
| 110|0x000000008ce00000, 0x000000008cf00000, 0x000000008cf00000|100%| E|  |TAMS 0x000000008ce00000, 0x000000008ce00000| Complete 
| 111|0x000000008cf00000, 0x000000008d000000, 0x000000008d000000|100%| E|CS|TAMS 0x000000008cf00000, 0x000000008cf00000| Complete 
| 112|0x000000008d000000, 0x000000008d100000, 0x000000008d100000|100%| E|CS|TAMS 0x000000008d000000, 0x000000008d000000| Complete 
| 113|0x000000008d100000, 0x000000008d200000, 0x000000008d200000|100%| E|CS|TAMS 0x000000008d100000, 0x000000008d100000| Complete 
| 114|0x000000008d200000, 0x000000008d300000, 0x000000008d300000|100%| E|CS|TAMS 0x000000008d200000, 0x000000008d200000| Complete 
| 115|0x000000008d300000, 0x000000008d400000, 0x000000008d400000|100%| E|CS|TAMS 0x000000008d300000, 0x000000008d300000| Complete 
| 116|0x000000008d400000, 0x000000008d500000, 0x000000008d500000|100%| E|CS|TAMS 0x000000008d400000, 0x000000008d400000| Complete 
| 117|0x000000008d500000, 0x000000008d600000, 0x000000008d600000|100%| E|CS|TAMS 0x000000008d500000, 0x000000008d500000| Complete 
| 118|0x000000008d600000, 0x000000008d700000, 0x000000008d700000|100%| E|  |TAMS 0x000000008d600000, 0x000000008d600000| Complete 
| 119|0x000000008d700000, 0x000000008d800000, 0x000000008d800000|100%| E|CS|TAMS 0x000000008d700000, 0x000000008d700000| Complete 
| 120|0x000000008d800000, 0x000000008d900000, 0x000000008d900000|100%| E|CS|TAMS 0x000000008d800000, 0x000000008d800000| Complete 
| 121|0x000000008d900000, 0x000000008da00000, 0x000000008da00000|100%| E|CS|TAMS 0x000000008d900000, 0x000000008d900000| Complete 
|1950|0x00000000ffe00000, 0x00000000ffe48000, 0x00000000fff00000| 28%|OA|  |TAMS 0x00000000ffe00000, 0x00000000ffe00000| Untracked 
|1951|0x00000000fff00000, 0x00000000fff6c000, 0x0000000100000000| 42%|CA|  |TAMS 0x00000000fff00000, 0x00000000fff00000| Untracked 

Card table byte_map: [0x00007f68bf860000,0x00007f68bfc30000] _byte_map_base: 0x00007f68bf430000

Marking Bits (Prev, Next): (CMBitMap*) 0x00007f68dc059478, (CMBitMap*) 0x00007f68dc0594b0
 Prev Bits: [0x00007f68bd610000, 0x00007f68bf490000)
 Next Bits: [0x00007f68bb790000, 0x00007f68bd610000)

Polling page: 0x00007f68e260d000

Metaspace:

Usage:
  Non-class:      5.76 MB capacity,     3.31 MB ( 57%) used,     2.45 MB ( 43%) free+waste,     5.62 KB ( <1%) overhead. 
      Class:    681.00 KB capacity,   395.22 KB ( 58%) used,   282.91 KB ( 42%) free+waste,     2.88 KB ( <1%) overhead. 
       Both:      6.42 MB capacity,     3.69 MB ( 57%) used,     2.73 MB ( 42%) free+waste,     8.50 KB ( <1%) overhead. 

Virtual space:
  Non-class space:        8.00 MB reserved,       6.00 MB ( 75%) committed 
      Class space:        1.00 GB reserved,     768.00 KB ( <1%) committed 
             Both:        1.01 GB reserved,       6.75 MB ( <1%) committed 

Chunk freelists:
   Non-Class:  0 bytes
       Class:  0 bytes
        Both:  0 bytes

MaxMetaspaceSize: unlimited
CompressedClassSpaceSize: 1.00 GB
Initial GC threshold: 20.80 MB
Current GC threshold: 20.80 MB
CDS: on

CodeHeap 'non-profiled nmethods': size=119172Kb used=224Kb max_used=224Kb free=118948Kb
 bounds [0x00007f68cc35e000, 0x00007f68cc5ce000, 0x00007f68d37bf000]
CodeHeap 'profiled nmethods': size=119168Kb used=1784Kb max_used=1784Kb free=117384Kb
 bounds [0x00007f68c4efe000, 0x00007f68c516e000, 0x00007f68cc35e000]
CodeHeap 'non-nmethods': size=7420Kb used=1205Kb max_used=2342Kb free=6214Kb
 bounds [0x00007f68c47bf000, 0x00007f68c4a2f000, 0x00007f68c4efe000]
 total_blobs=1283 nmethods=885 adapters=320
 compilation: enabled
              stopped_count=0, restarted_count=0
 full_count=0

Compilation events (20 events):
Event: 1.517 Thread 0x00007f68dc14c000 nmethod 872 0x00007f68cc395110 code [0x00007f68cc3952a0, 0x00007f68cc395458]
Event: 1.518 Thread 0x00007f68dc14e000 nmethod 868 0x00007f68c50b7c10 code [0x00007f68c50b7f80, 0x00007f68c50b97d0]
Event: 1.523 Thread 0x00007f6884001800  876       3       java.util.regex.Pattern::has (15 bytes)
Event: 1.523 Thread 0x00007f6884001800 nmethod 876 0x00007f68c50b9f90 code [0x00007f68c50ba140, 0x00007f68c50ba2b0]
Event: 1.523 Thread 0x00007f68dc14e000  877       3       java.lang.Character::getType (9 bytes)
Event: 1.524 Thread 0x00007f688808d800  878       3       java.lang.CharacterDataLatin1::getType (11 bytes)
Event: 1.524 Thread 0x00007f688808d800 nmethod 878 0x00007f68c50ba310 code [0x00007f68c50ba4c0, 0x00007f68c50ba690]
Event: 1.524 Thread 0x00007f68dc14e000 nmethod 877 0x00007f68c50ba790 code [0x00007f68c50ba960, 0x00007f68c50bab50]
Event: 1.524 Thread 0x00007f6884001800  879       3       java.lang.Character::charCount (12 bytes)
Event: 1.524 Thread 0x00007f6884001800 nmethod 879 0x00007f68c50bac10 code [0x00007f68c50badc0, 0x00007f68c50baef0]
Event: 3.614 Thread 0x00007f688808d800  882       3       java.util.HashMap$EntryIterator::next (5 bytes)
Event: 3.614 Thread 0x00007f68dc14e000  884       3       org.bytedeco.javacpp.Pointer::hashCode (6 bytes)
Event: 3.614 Thread 0x00007f6884001800  883       3       java.util.HashMap$EntryIterator::next (5 bytes)
Event: 3.614 Thread 0x00007f68dc14e000 nmethod 884 0x00007f68c50baf90 code [0x00007f68c50bb140, 0x00007f68c50bb250]
Event: 3.615 Thread 0x00007f68dc14e000  881       1       java.util.HashMap::size (5 bytes)
Event: 3.615 Thread 0x00007f688808d800 nmethod 882 0x00007f68c50bb310 code [0x00007f68c50bb4e0, 0x00007f68c50bb680]
Event: 3.615 Thread 0x00007f68dc14e000 nmethod 881 0x00007f68cc395d10 code [0x00007f68cc395ec0, 0x00007f68cc395f90]
Event: 3.615 Thread 0x00007f6884001800 nmethod 883 0x00007f68c50bb790 code [0x00007f68c50bb940, 0x00007f68c50bba80]
Event: 4.791 Thread 0x00007f688808d800  885       3       java.lang.Integer::numberOfLeadingZeros (78 bytes)
Event: 4.791 Thread 0x00007f688808d800 nmethod 885 0x00007f68c50bbb10 code [0x00007f68c50bbcc0, 0x00007f68c50bbf50]

GC Heap History (0 events):
No events

Deoptimization events (20 events):
Event: 1.123 Thread 0x00007f68dc016800 DEOPT PACKING pc=0x00007f68cc36e35c sp=0x00007f68e0d98cf0
Event: 1.123 Thread 0x00007f68dc016800 DEOPT UNPACKING pc=0x00007f68c4808ea5 sp=0x00007f68e0d98c80 mode 2
Event: 1.214 Thread 0x00007f68dc016800 DEOPT PACKING pc=0x00007f68c4f88874 sp=0x00007f68e0d997d0
Event: 1.214 Thread 0x00007f68dc016800 DEOPT UNPACKING pc=0x00007f68c480964a sp=0x00007f68e0d98d38 mode 1
Event: 1.216 Thread 0x00007f68dc016800 DEOPT PACKING pc=0x00007f68c4f5bc7e sp=0x00007f68e0d99510
Event: 1.216 Thread 0x00007f68dc016800 DEOPT UNPACKING pc=0x00007f68c480964a sp=0x00007f68e0d98998 mode 0
Event: 1.216 Thread 0x00007f68dc016800 DEOPT PACKING pc=0x00007f68c4f88874 sp=0x00007f68e0d997d0
Event: 1.216 Thread 0x00007f68dc016800 DEOPT UNPACKING pc=0x00007f68c480964a sp=0x00007f68e0d98d38 mode 1
Event: 1.222 Thread 0x00007f68dc016800 Uncommon trap: trap_request=0xffffff4d fr.pc=0x00007f68cc3816dc relative=0x000000000000019c
Event: 1.222 Thread 0x00007f68dc016800 Uncommon trap: reason=unstable_if action=reinterpret pc=0x00007f68cc3816dc method=java.util.zip.ZipFile$Source.isMetaName([BII)Z @ 57 c2
Event: 1.222 Thread 0x00007f68dc016800 DEOPT PACKING pc=0x00007f68cc3816dc sp=0x00007f68e0d961d0
Event: 1.222 Thread 0x00007f68dc016800 DEOPT UNPACKING pc=0x00007f68c4808ea5 sp=0x00007f68e0d96198 mode 2
Event: 1.247 Thread 0x00007f68dc016800 DEOPT PACKING pc=0x00007f68c4fdf00a sp=0x00007f68e0d99460
Event: 1.247 Thread 0x00007f68dc016800 DEOPT UNPACKING pc=0x00007f68c480964a sp=0x00007f68e0d98908 mode 0
Event: 1.414 Thread 0x00007f68dc016800 DEOPT PACKING pc=0x00007f68c4f37162 sp=0x00007f68e0d97ce0
Event: 1.414 Thread 0x00007f68dc016800 DEOPT UNPACKING pc=0x00007f68c480964a sp=0x00007f68e0d971f0 mode 0
Event: 1.503 Thread 0x00007f68dc016800 Uncommon trap: trap_request=0xffffff76 fr.pc=0x00007f68cc3680e8 relative=0x0000000000000148
Event: 1.503 Thread 0x00007f68dc016800 Uncommon trap: reason=loop_limit_check action=maybe_recompile pc=0x00007f68cc3680e8 method=java.lang.StringLatin1.lastIndexOf([BII)I @ 19 c2
Event: 1.503 Thread 0x00007f68dc016800 DEOPT PACKING pc=0x00007f68cc3680e8 sp=0x00007f68e0d9a260
Event: 1.503 Thread 0x00007f68dc016800 DEOPT UNPACKING pc=0x00007f68c4808ea5 sp=0x00007f68e0d9a210 mode 2

Classes redefined (0 events):
No events

Internal exceptions (20 events):
Event: 1.216 Thread 0x00007f68dc016800 Exception <a 'java/security/PrivilegedActionException'{0x000000008d3c9fb8}> (0x000000008d3c9fb8) thrown at [./src/hotspot/share/prims/jvm.cpp, line 1304]
Event: 1.216 Thread 0x00007f68dc016800 Exception <a 'java/security/PrivilegedActionException'{0x000000008d3ca288}> (0x000000008d3ca288) thrown at [./src/hotspot/share/prims/jvm.cpp, line 1304]
Event: 1.216 Thread 0x00007f68dc016800 Exception <a 'java/security/PrivilegedActionException'{0x000000008d3cac98}> (0x000000008d3cac98) thrown at [./src/hotspot/share/prims/jvm.cpp, line 1304]
Event: 1.216 Thread 0x00007f68dc016800 Exception <a 'java/security/PrivilegedActionException'{0x000000008d3caf68}> (0x000000008d3caf68) thrown at [./src/hotspot/share/prims/jvm.cpp, line 1304]
Event: 1.216 Thread 0x00007f68dc016800 Exception <a 'java/security/PrivilegedActionException'{0x000000008d3cb998}> (0x000000008d3cb998) thrown at [./src/hotspot/share/prims/jvm.cpp, line 1304]
Event: 1.216 Thread 0x00007f68dc016800 Exception <a 'java/security/PrivilegedActionException'{0x000000008d3cbc68}> (0x000000008d3cbc68) thrown at [./src/hotspot/share/prims/jvm.cpp, line 1304]
Event: 1.216 Thread 0x00007f68dc016800 Exception <a 'java/security/PrivilegedActionException'{0x000000008d3cc680}> (0x000000008d3cc680) thrown at [./src/hotspot/share/prims/jvm.cpp, line 1304]
Event: 1.216 Thread 0x00007f68dc016800 Exception <a 'java/security/PrivilegedActionException'{0x000000008d3cc950}> (0x000000008d3cc950) thrown at [./src/hotspot/share/prims/jvm.cpp, line 1304]
Event: 1.216 Thread 0x00007f68dc016800 Exception <a 'java/security/PrivilegedActionException'{0x000000008d3cd368}> (0x000000008d3cd368) thrown at [./src/hotspot/share/prims/jvm.cpp, line 1304]
Event: 1.216 Thread 0x00007f68dc016800 Exception <a 'java/security/PrivilegedActionException'{0x000000008d3cd638}> (0x000000008d3cd638) thrown at [./src/hotspot/share/prims/jvm.cpp, line 1304]
Event: 1.216 Thread 0x00007f68dc016800 Exception <a 'java/security/PrivilegedActionException'{0x000000008d3ce070}> (0x000000008d3ce070) thrown at [./src/hotspot/share/prims/jvm.cpp, line 1304]
Event: 1.216 Thread 0x00007f68dc016800 Exception <a 'java/security/PrivilegedActionException'{0x000000008d3ce340}> (0x000000008d3ce340) thrown at [./src/hotspot/share/prims/jvm.cpp, line 1304]
Event: 1.216 Thread 0x00007f68dc016800 Exception <a 'java/security/PrivilegedActionException'{0x000000008d3ced70}> (0x000000008d3ced70) thrown at [./src/hotspot/share/prims/jvm.cpp, line 1304]
Event: 1.216 Thread 0x00007f68dc016800 Exception <a 'java/security/PrivilegedActionException'{0x000000008d3cf040}> (0x000000008d3cf040) thrown at [./src/hotspot/share/prims/jvm.cpp, line 1304]
Event: 1.216 Thread 0x00007f68dc016800 Exception <a 'java/security/PrivilegedActionException'{0x000000008d3cfa78}> (0x000000008d3cfa78) thrown at [./src/hotspot/share/prims/jvm.cpp, line 1304]
Event: 1.216 Thread 0x00007f68dc016800 Exception <a 'java/security/PrivilegedActionException'{0x000000008d3cfd48}> (0x000000008d3cfd48) thrown at [./src/hotspot/share/prims/jvm.cpp, line 1304]
Event: 1.216 Thread 0x00007f68dc016800 Exception <a 'java/security/PrivilegedActionException'{0x000000008d3d0760}> (0x000000008d3d0760) thrown at [./src/hotspot/share/prims/jvm.cpp, line 1304]
Event: 1.216 Thread 0x00007f68dc016800 Exception <a 'java/security/PrivilegedActionException'{0x000000008d3d0a30}> (0x000000008d3d0a30) thrown at [./src/hotspot/share/prims/jvm.cpp, line 1304]
Event: 1.216 Thread 0x00007f68dc016800 Exception <a 'java/security/PrivilegedActionException'{0x000000008d3d1480}> (0x000000008d3d1480) thrown at [./src/hotspot/share/prims/jvm.cpp, line 1304]
Event: 1.216 Thread 0x00007f68dc016800 Exception <a 'java/security/PrivilegedActionException'{0x000000008d3d1750}> (0x000000008d3d1750) thrown at [./src/hotspot/share/prims/jvm.cpp, line 1304]

Events (20 events):
Event: 26.507 Thread 0x00007f687c001800 Thread exited: 0x00007f687c001800
Event: 26.507 Executing VM operation: ChangeBreakpoints
Event: 26.507 Executing VM operation: ChangeBreakpoints done
Event: 26.507 Executing VM operation: ChangeBreakpoints
Event: 26.507 Executing VM operation: ChangeBreakpoints done
Event: 26.507 Executing VM operation: ChangeBreakpoints
Event: 26.508 Executing VM operation: ChangeBreakpoints done
Event: 26.508 Executing VM operation: ChangeBreakpoints
Event: 26.508 Executing VM operation: ChangeBreakpoints done
Event: 26.508 Executing VM operation: ChangeBreakpoints
Event: 26.508 Executing VM operation: ChangeBreakpoints done
Event: 26.508 Executing VM operation: ChangeBreakpoints
Event: 26.508 