#
# A fatal error has been detected by the Java Runtime Environment:
#
#  SIGSEGV (0xb) at pc=0x00007fda3628eaf8, pid=23815, tid=23820
#
# JRE version: OpenJDK Runtime Environment (11.0.27+6) (build 11.0.27+6-post-Ubuntu-0ubuntu122.04)
# Java VM: OpenJDK 64-Bit Server VM (11.0.27+6-post-Ubuntu-0ubuntu122.04, mixed mode, sharing, tiered, compressed oops, g1 gc, linux-amd64)
# Problematic frame:
# C  [libLLVM-13.so+0xd62af8]  llvm::Value::getName() const+0xb8
#
# No core dump will be written. Core dumps have been disabled. To enable core dumping, try "ulimit -c unlimited" before starting Java again
#
# If you would like to submit a bug report, please visit:
#   https://bugs.launchpad.net/ubuntu/+source/openjdk-lts
# The crash happened outside the Java Virtual Machine in native code.
# See problematic frame for where to report the bug.
#

---------------  S U M M A R Y ------------

Command Line: -agentlib:jdwp=transport=dt_socket,address=0.0.0.0:12345,suspend=y,server=y -Djava.library.path=\\wsl.localhost\Ubuntu\usr\local\lib -Dfile.encoding=UTF-8 Main tests/test.sysy tests/test.arm test tests/test.ll

Host: 13th Gen Intel(R) Core(TM) i9-13900H, 20 cores, 7G, Ubuntu 22.04.3 LTS
Time: Thu May 22 20:03:39 2025 CST elapsed time: 3.490962 seconds (0d 0h 0m 3s)

---------------  T H R E A D  ---------------

Current thread (0x00007fdabc016800):  JavaThread "main" [_thread_in_native, id=23820, stack(0x00007fdac086a000,0x00007fdac096a000)]

Stack: [0x00007fdac086a000,0x00007fdac096a000],  sp=0x00007fdac0967190,  free space=1012k
Native frames: (J=compiled Java code, A=aot compiled Java code, j=interpreted, Vv=VM code, C=native code)
C  [libLLVM-13.so+0xd62af8]  llvm::Value::getName() const+0xb8

Java frames: (J=compiled Java code, j=interpreted, Vv=VM code)
j  org.bytedeco.llvm.global.LLVM.LLVMPrintModuleToString(Lorg/bytedeco/llvm/LLVM/LLVMModuleRef;)Lorg/bytedeco/javacpp/BytePointer;+0
v  ~StubRoutines::call_stub
j  MyIrVisitor.mixedOptimization()V+21
j  MyIrVisitor.visitProgram(LSysYParser$ProgramContext;)Lorg/bytedeco/llvm/LLVM/LLVMValueRef;+123
j  MyIrVisitor.visitProgram(LSysYParser$ProgramContext;)Ljava/lang/Object;+2
j  SysYParser$ProgramContext.accept(Lorg/antlr/v4/runtime/tree/ParseTreeVisitor;)Ljava/lang/Object;+12
j  org.antlr.v4.runtime.tree.AbstractParseTreeVisitor.visit(Lorg/antlr/v4/runtime/tree/ParseTree;)Ljava/lang/Object;+2
j  Main.main([Ljava/lang/String;)V+169
v  ~StubRoutines::call_stub

siginfo: si_signo: 11 (SIGSEGV), si_code: 1 (SEGV_MAPERR), si_addr: 0x00000000000000e5

Register to memory mapping:

RAX=0x00000000000000f5 is an unknown value
RBX=0x0000000000000001 is an unknown value
RCX=0x00007fdabc390588 points into unknown readable memory: 0x00007fdabc388170 | 70 81 38 bc da 7f 00 00
RDX=0x00000000000000e5 is an unknown value
RSP=0x00007fdac0967190 is pointing into the stack for thread: 0x00007fdabc016800
RBP=0x00007fdac09674f0 is pointing into the stack for thread: 0x00007fdabc016800
RSI=0x00007fdabc388570 points into unknown readable memory: 0x0000000000000000 | 00 00 00 00 00 00 00 00
RDI=0x00007fdac0967190 is pointing into the stack for thread: 0x00007fdabc016800
R8 =0x0000000000000001 is an unknown value
R9 =0x00007fdabc390588 points into unknown readable memory: 0x00007fdabc388170 | 70 81 38 bc da 7f 00 00
R10=0x000000000000003f is an unknown value
R11=0x0000000000000003 is an unknown value
R12=0x0000000000000002 is an unknown value
R13=0x0000000000000002 is an unknown value
R14=0x0 is NULL
R15=0x00007fdabc36b4f0 points into unknown readable memory: 0x00007fdabc3909e8 | e8 09 39 bc da 7f 00 00


Registers:
RAX=0x00000000000000f5, RBX=0x0000000000000001, RCX=0x00007fdabc390588, RDX=0x00000000000000e5
RSP=0x00007fdac0967190, RBP=0x00007fdac09674f0, RSI=0x00007fdabc388570, RDI=0x00007fdac0967190
R8 =0x0000000000000001, R9 =0x00007fdabc390588, R10=0x000000000000003f, R11=0x0000000000000003
R12=0x0000000000000002, R13=0x0000000000000002, R14=0x0000000000000000, R15=0x00007fdabc36b4f0
RIP=0x00007fda3628eaf8, EFLAGS=0x0000000000010202, CSGSFS=0x002b000000000033, ERR=0x0000000000000004
  TRAPNO=0x000000000000000e

Top of Stack: (sp=0x00007fdac0967190)
0x00007fdac0967190:   00007fdabc388570 00007fdabc388570
0x00007fdac09671a0:   0000000000000001 00007fda360cd3f5
0x00007fdac09671b0:   0000000000000001 00007fdac09676d0
0x00007fdac09671c0:   0000000000000002 00007fda360de5d8 

Instructions: (pc=0x00007fda3628eaf8)
0x00007fda3628e9f8:   48 bc ff eb b7 48 83 3d ab e8 ce 05 00 74 23 83
0x00007fda3628ea08:   ca ff f0 0f c1 50 f8 85 d2 7f ae 48 8d 74 24 0f
0x00007fda3628ea18:   e8 53 48 bc ff eb a2 8b 50 f8 8d 4a ff 89 48 f8
0x00007fda3628ea28:   eb c3 8b 50 f8 8d 4a ff 89 48 f8 eb da 66 2e 0f
0x00007fda3628ea38:   1f 84 00 00 00 00 00 90 f6 47 17 10 75 0a 48 8d
0x00007fda3628ea48:   05 f2 a0 6c 03 31 d2 c3 48 83 ec 18 48 8b 07 48
0x00007fda3628ea58:   8b 00 48 8b 08 8b 81 98 01 00 00 4c 8b 81 88 01
0x00007fda3628ea68:   00 00 4c 8d 89 88 01 00 00 85 c0 74 5b 89 f9 89
0x00007fda3628ea78:   fa 44 8d 50 ff c1 ea 09 c1 e9 04 31 d1 44 21 d1
0x00007fda3628ea88:   89 ce 48 c1 e6 04 4c 01 c6 48 8b 16 48 39 d7 75
0x00007fda3628ea98:   67 89 c2 48 89 e7 4c 89 c9 48 89 d0 48 c1 e0 04
0x00007fda3628eaa8:   49 8d 14 00 41 b8 01 00 00 00 e8 f9 f4 ff ff 48
0x00007fda3628eab8:   8b 04 24 48 8b 50 08 48 8d 42 10 48 8b 12 48 83
0x00007fda3628eac8:   c4 18 c3 0f 1f 44 00 00 48 c1 e0 04 48 89 e7 4c
0x00007fda3628ead8:   89 c9 49 8d 34 00 41 b8 01 00 00 00 48 89 f2 e8
0x00007fda3628eae8:   c4 f4 ff ff 48 8b 04 24 48 8b 50 08 48 8d 42 10
0x00007fda3628eaf8:   48 8b 12 48 83 c4 18 c3 be 01 00 00 00 48 81 fa
0x00007fda3628eb08:   00 f0 ff ff 74 c2 01 f1 44 8d 5e 01 44 21 d1 89
0x00007fda3628eb18:   ce 48 c1 e6 04 4c 01 c6 48 8b 16 48 39 d7 0f 84
0x00007fda3628eb28:   6d ff ff ff 44 89 de eb d4 66 2e 0f 1f 84 00 00
0x00007fda3628eb38:   00 00 00 0f 1f 44 00 00 66 48 0f 6e c6 66 48 0f
0x00007fda3628eb48:   6e ca 66 0f 6c c1 0f 11 07 45 84 c0 75 29 48 39
0x00007fda3628eb58:   d6 74 24 0f 1f 44 00 00 48 8b 06 48 3d 00 f0 ff
0x00007fda3628eb68:   ff 74 08 48 3d 00 e0 ff ff 75 0c 48 83 c6 10 48
0x00007fda3628eb78:   89 37 48 39 f2 75 e1 c3 41 57 41 56 41 55 41 54
0x00007fda3628eb88:   55 53 48 89 fb 48 83 ec 38 4c 8b 67 10 49 8b 04
0x00007fda3628eb98:   24 48 8b 00 48 8b 28 4c 8b ad 08 09 00 00 44 8b
0x00007fda3628eba8:   bd 18 09 00 00 41 f6 44 24 11 01 0f 85 67 01 00
0x00007fda3628ebb8:   00 45 85 ff 0f 84 fb 01 00 00 45 89 e6 44 89 e0
0x00007fda3628ebc8:   41 8d 77 ff c1 e8 09 41 c1 ee 04 41 31 c6 44 89
0x00007fda3628ebd8:   f1 21 f1 89 c8 48 c1 e0 04 4c 01 e8 48 8b 10 49
0x00007fda3628ebe8:   39 d4 0f 85 7c 03 00 00 48 8b 50 08 4c 89 ee 48 


Stack slot to memory mapping:
stack at sp + 0 slots: 0x00007fdabc388570 points into unknown readable memory: 0x0000000000000000 | 00 00 00 00 00 00 00 00
stack at sp + 1 slots: 0x00007fdabc388570 points into unknown readable memory: 0x0000000000000000 | 00 00 00 00 00 00 00 00
stack at sp + 2 slots: 0x0000000000000001 is an unknown value
stack at sp + 3 slots: 0x00007fda360cd3f5: <offset 0x0000000000ba13f5> in /home/itshandable/.javacpp/cache/llvm-13.0.1-1.5.7-linux-x86_64.jar/org/bytedeco/llvm/linux-x86_64/libLLVM-13.so at 0x00007fda3552c000
stack at sp + 4 slots: 0x0000000000000001 is an unknown value
stack at sp + 5 slots: 0x00007fdac09676d0 is pointing into the stack for thread: 0x00007fdabc016800
stack at sp + 6 slots: 0x0000000000000002 is an unknown value
stack at sp + 7 slots: 0x00007fda360de5d8: <offset 0x0000000000bb25d8> in /home/itshandable/.javacpp/cache/llvm-13.0.1-1.5.7-linux-x86_64.jar/org/bytedeco/llvm/linux-x86_64/libLLVM-13.so at 0x00007fda3552c000


---------------  P R O C E S S  ---------------

Threads class SMR info:
_java_thread_list=0x00007fda70094ea0, length=16, elements={
0x00007fdabc016800, 0x00007fdabc13f800, 0x00007fdabc141800, 0x00007fdabc147800,
0x00007fdabc149800, 0x00007fdabc14c000, 0x00007fdabc14e000, 0x00007fdabc150000,
0x00007fda7008d800, 0x00007fdabc194800, 0x00007fdabc199800, 0x00007fda54001800,
0x00007fdabc19f000, 0x00007fdabc243000, 0x00007fda70091800, 0x00007fda70093800
}

Java Threads: ( => current thread )
=>0x00007fdabc016800 JavaThread "main" [_thread_in_native, id=23820, stack(0x00007fdac086a000,0x00007fdac096a000)]
  0x00007fdabc13f800 JavaThread "Reference Handler" daemon [_thread_blocked, id=23827, stack(0x00007fda8b4fe000,0x00007fda8b5fe000)]
  0x00007fdabc141800 JavaThread "Finalizer" daemon [_thread_blocked, id=23828, stack(0x00007fda8b3fe000,0x00007fda8b4fe000)]
  0x00007fdabc147800 JavaThread "Signal Dispatcher" daemon [_thread_blocked, id=23829, stack(0x00007fda8b2fe000,0x00007fda8b3fe000)]
  0x00007fdabc149800 JavaThread "Service Thread" daemon [_thread_blocked, id=23830, stack(0x00007fda8b1fe000,0x00007fda8b2fe000)]
  0x00007fdabc14c000 JavaThread "C2 CompilerThread0" daemon [_thread_blocked, id=23831, stack(0x00007fda8b0fe000,0x00007fda8b1fe000)]
  0x00007fdabc14e000 JavaThread "C1 CompilerThread0" daemon [_thread_blocked, id=23832, stack(0x00007fda8affe000,0x00007fda8b0fe000)]
  0x00007fdabc150000 JavaThread "Sweeper thread" daemon [_thread_blocked, id=23833, stack(0x00007fda8aefe000,0x00007fda8affe000)]
  0x00007fda7008d800 JavaThread "C1 CompilerThread1" daemon [_thread_blocked, id=23834, stack(0x00007fda8adfe000,0x00007fda8aefe000)]
  0x00007fdabc194800 JavaThread "JDWP Transport Listener: dt_socket" daemon [_thread_blocked, id=23836, stack(0x00007fda8abfe000,0x00007fda8acfe000)]
  0x00007fdabc199800 JavaThread "JDWP Event Helper Thread" daemon [_thread_blocked, id=23837, stack(0x00007fda8aafe000,0x00007fda8abfe000)]
  0x00007fda54001800 JavaThread "JDWP Command Reader" daemon [_thread_in_native, id=23843, stack(0x00007fda8a9fe000,0x00007fda8aafe000)]
  0x00007fdabc19f000 JavaThread "Common-Cleaner" daemon [_thread_blocked, id=23845, stack(0x00007fda8acfe000,0x00007fda8adfe000)]
  0x00007fdabc243000 JavaThread "JavaCPP Deallocator" daemon [_thread_blocked, id=23847, stack(0x00007fda8a7fd000,0x00007fda8a8fd000)]
  0x00007fda70091800 JavaThread "C2 CompilerThread1" daemon [_thread_blocked, id=23848, stack(0x00007fda8a6fd000,0x00007fda8a7fd000)]
  0x00007fda70093800 JavaThread "C2 CompilerThread2" daemon [_thread_blocked, id=23849, stack(0x00007fda8a5fd000,0x00007fda8a6fd000)]

Other Threads:
  0x00007fdabc13c800 VMThread "VM Thread" [stack: 0x00007fda8b5ff000,0x00007fda8b6ff000] [id=23826]
  0x00007fdabc19c000 WatcherThread [stack: 0x00007fda8a8fe000,0x00007fda8a9fe000] [id=23844]
  0x00007fdabc030800 GCTaskThread "GC Thread#0" [stack: 0x00007fdac04f4000,0x00007fdac05f4000] [id=23821]
  0x00007fdabc062000 ConcurrentGCThread "G1 Main Marker" [stack: 0x00007fda9b194000,0x00007fda9b294000] [id=23822]
  0x00007fdabc063800 ConcurrentGCThread "G1 Conc#0" [stack: 0x00007fda9b093000,0x00007fda9b193000] [id=23823]
  0x00007fdabc108000 ConcurrentGCThread "G1 Refine#0" [stack: 0x00007fda98083000,0x00007fda98183000] [id=23824]
  0x00007fdabc10a000 ConcurrentGCThread "G1 Young RemSet Sampling" [stack: 0x00007fda8bf00000,0x00007fda8c000000] [id=23825]

Threads with active compile tasks:

VM state:not at safepoint (normal execution)

VM Mutex/Monitor currently owned by a thread: None

Heap address: 0x0000000086000000, size: 1952 MB, Compressed Oops mode: 32-bit
Narrow klass base: 0x0000000800000000, Narrow klass shift: 3
Compressed class space size: 1073741824 Address: 0x0000000840000000

Heap:
 garbage-first heap   total 126976K, used 10960K [0x0000000086000000, 0x0000000100000000)
  region size 1024K, 11 young (11264K), 0 survivors (0K)
 Metaspace       used 3766K, capacity 6579K, committed 6912K, reserved 1056768K
  class space    used 394K, capacity 681K, committed 768K, reserved 1048576K
Heap Regions: E=young(eden), S=young(survivor), O=old, HS=humongous(starts), HC=humongous(continues), CS=collection set, F=free, A=archive, TAMS=top-at-mark-start (previous, next)
|   0|0x0000000086000000, 0x0000000086000000, 0x0000000086100000|  0%| F|  |TAMS 0x0000000086000000, 0x0000000086000000| Untracked 
|   1|0x0000000086100000, 0x0000000086100000, 0x0000000086200000|  0%| F|  |TAMS 0x0000000086100000, 0x0000000086100000| Untracked 
|   2|0x0000000086200000, 0x0000000086200000, 0x0000000086300000|  0%| F|  |TAMS 0x0000000086200000, 0x0000000086200000| Untracked 
|   3|0x0000000086300000, 0x0000000086300000, 0x0000000086400000|  0%| F|  |TAMS 0x0000000086300000, 0x0000000086300000| Untracked 
|   4|0x0000000086400000, 0x0000000086400000, 0x0000000086500000|  0%| F|  |TAMS 0x0000000086400000, 0x0000000086400000| Untracked 
|   5|0x0000000086500000, 0x0000000086500000, 0x0000000086600000|  0%| F|  |TAMS 0x0000000086500000, 0x0000000086500000| Untracked 
|   6|0x0000000086600000, 0x0000000086600000, 0x0000000086700000|  0%| F|  |TAMS 0x0000000086600000, 0x0000000086600000| Untracked 
|   7|0x0000000086700000, 0x0000000086700000, 0x0000000086800000|  0%| F|  |TAMS 0x0000000086700000, 0x0000000086700000| Untracked 
|   8|0x0000000086800000, 0x0000000086800000, 0x0000000086900000|  0%| F|  |TAMS 0x0000000086800000, 0x0000000086800000| Untracked 
|   9|0x0000000086900000, 0x0000000086900000, 0x0000000086a00000|  0%| F|  |TAMS 0x0000000086900000, 0x0000000086900000| Untracked 
|  10|0x0000000086a00000, 0x0000000086a00000, 0x0000000086b00000|  0%| F|  |TAMS 0x0000000086a00000, 0x0000000086a00000| Untracked 
|  11|0x0000000086b00000, 0x0000000086b00000, 0x0000000086c00000|  0%| F|  |TAMS 0x0000000086b00000, 0x0000000086b00000| Untracked 
|  12|0x0000000086c00000, 0x0000000086c00000, 0x0000000086d00000|  0%| F|  |TAMS 0x0000000086c00000, 0x0000000086c00000| Untracked 
|  13|0x0000000086d00000, 0x0000000086d00000, 0x0000000086e00000|  0%| F|  |TAMS 0x0000000086d00000, 0x0000000086d00000| Untracked 
|  14|0x0000000086e00000, 0x0000000086e00000, 0x0000000086f00000|  0%| F|  |TAMS 0x0000000086e00000, 0x0000000086e00000| Untracked 
|  15|0x0000000086f00000, 0x0000000086f00000, 0x0000000087000000|  0%| F|  |TAMS 0x0000000086f00000, 0x0000000086f00000| Untracked 
|  16|0x0000000087000000, 0x0000000087000000, 0x0000000087100000|  0%| F|  |TAMS 0x0000000087000000, 0x0000000087000000| Untracked 
|  17|0x0000000087100000, 0x0000000087100000, 0x0000000087200000|  0%| F|  |TAMS 0x0000000087100000, 0x0000000087100000| Untracked 
|  18|0x0000000087200000, 0x0000000087200000, 0x0000000087300000|  0%| F|  |TAMS 0x0000000087200000, 0x0000000087200000| Untracked 
|  19|0x0000000087300000, 0x0000000087300000, 0x0000000087400000|  0%| F|  |TAMS 0x0000000087300000, 0x0000000087300000| Untracked 
|  20|0x0000000087400000, 0x0000000087400000, 0x0000000087500000|  0%| F|  |TAMS 0x0000000087400000, 0x0000000087400000| Untracked 
|  21|0x0000000087500000, 0x0000000087500000, 0x0000000087600000|  0%| F|  |TAMS 0x0000000087500000, 0x0000000087500000| Untracked 
|  22|0x0000000087600000, 0x0000000087600000, 0x0000000087700000|  0%| F|  |TAMS 0x0000000087600000, 0x0000000087600000| Untracked 
|  23|0x0000000087700000, 0x0000000087700000, 0x0000000087800000|  0%| F|  |TAMS 0x0000000087700000, 0x0000000087700000| Untracked 
|  24|0x0000000087800000, 0x0000000087800000, 0x0000000087900000|  0%| F|  |TAMS 0x0000000087800000, 0x0000000087800000| Untracked 
|  25|0x0000000087900000, 0x0000000087900000, 0x0000000087a00000|  0%| F|  |TAMS 0x0000000087900000, 0x0000000087900000| Untracked 
|  26|0x0000000087a00000, 0x0000000087a00000, 0x0000000087b00000|  0%| F|  |TAMS 0x0000000087a00000, 0x0000000087a00000| Untracked 
|  27|0x0000000087b00000, 0x0000000087b00000, 0x0000000087c00000|  0%| F|  |TAMS 0x0000000087b00000, 0x0000000087b00000| Untracked 
|  28|0x0000000087c00000, 0x0000000087c00000, 0x0000000087d00000|  0%| F|  |TAMS 0x0000000087c00000, 0x0000000087c00000| Untracked 
|  29|0x0000000087d00000, 0x0000000087d00000, 0x0000000087e00000|  0%| F|  |TAMS 0x0000000087d00000, 0x0000000087d00000| Untracked 
|  30|0x0000000087e00000, 0x0000000087e00000, 0x0000000087f00000|  0%| F|  |TAMS 0x0000000087e00000, 0x0000000087e00000| Untracked 
|  31|0x0000000087f00000, 0x0000000087f00000, 0x0000000088000000|  0%| F|  |TAMS 0x0000000087f00000, 0x0000000087f00000| Untracked 
|  32|0x0000000088000000, 0x0000000088000000, 0x0000000088100000|  0%| F|  |TAMS 0x0000000088000000, 0x0000000088000000| Untracked 
|  33|0x0000000088100000, 0x0000000088100000, 0x0000000088200000|  0%| F|  |TAMS 0x0000000088100000, 0x0000000088100000| Untracked 
|  34|0x0000000088200000, 0x0000000088200000, 0x0000000088300000|  0%| F|  |TAMS 0x0000000088200000, 0x0000000088200000| Untracked 
|  35|0x0000000088300000, 0x0000000088300000, 0x0000000088400000|  0%| F|  |TAMS 0x0000000088300000, 0x0000000088300000| Untracked 
|  36|0x0000000088400000, 0x0000000088400000, 0x0000000088500000|  0%| F|  |TAMS 0x0000000088400000, 0x0000000088400000| Untracked 
|  37|0x0000000088500000, 0x0000000088500000, 0x0000000088600000|  0%| F|  |TAMS 0x0000000088500000, 0x0000000088500000| Untracked 
|  38|0x0000000088600000, 0x0000000088600000, 0x0000000088700000|  0%| F|  |TAMS 0x0000000088600000, 0x0000000088600000| Untracked 
|  39|0x0000000088700000, 0x0000000088700000, 0x0000000088800000|  0%| F|  |TAMS 0x0000000088700000, 0x0000000088700000| Untracked 
|  40|0x0000000088800000, 0x0000000088800000, 0x0000000088900000|  0%| F|  |TAMS 0x0000000088800000, 0x0000000088800000| Untracked 
|  41|0x0000000088900000, 0x0000000088900000, 0x0000000088a00000|  0%| F|  |TAMS 0x0000000088900000, 0x0000000088900000| Untracked 
|  42|0x0000000088a00000, 0x0000000088a00000, 0x0000000088b00000|  0%| F|  |TAMS 0x0000000088a00000, 0x0000000088a00000| Untracked 
|  43|0x0000000088b00000, 0x0000000088b00000, 0x0000000088c00000|  0%| F|  |TAMS 0x0000000088b00000, 0x0000000088b00000| Untracked 
|  44|0x0000000088c00000, 0x0000000088c00000, 0x0000000088d00000|  0%| F|  |TAMS 0x0000000088c00000, 0x0000000088c00000| Untracked 
|  45|0x0000000088d00000, 0x0000000088d00000, 0x0000000088e00000|  0%| F|  |TAMS 0x0000000088d00000, 0x0000000088d00000| Untracked 
|  46|0x0000000088e00000, 0x0000000088e00000, 0x0000000088f00000|  0%| F|  |TAMS 0x0000000088e00000, 0x0000000088e00000| Untracked 
|  47|0x0000000088f00000, 0x0000000088f00000, 0x0000000089000000|  0%| F|  |TAMS 0x0000000088f00000, 0x0000000088f00000| Untracked 
|  48|0x0000000089000000, 0x0000000089000000, 0x0000000089100000|  0%| F|  |TAMS 0x0000000089000000, 0x0000000089000000| Untracked 
|  49|0x0000000089100000, 0x0000000089100000, 0x0000000089200000|  0%| F|  |TAMS 0x0000000089100000, 0x0000000089100000| Untracked 
|  50|0x0000000089200000, 0x0000000089200000, 0x0000000089300000|  0%| F|  |TAMS 0x0000000089200000, 0x0000000089200000| Untracked 
|  51|0x0000000089300000, 0x0000000089300000, 0x0000000089400000|  0%| F|  |TAMS 0x0000000089300000, 0x0000000089300000| Untracked 
|  52|0x0000000089400000, 0x0000000089400000, 0x0000000089500000|  0%| F|  |TAMS 0x0000000089400000, 0x0000000089400000| Untracked 
|  53|0x0000000089500000, 0x0000000089500000, 0x0000000089600000|  0%| F|  |TAMS 0x0000000089500000, 0x0000000089500000| Untracked 
|  54|0x0000000089600000, 0x0000000089600000, 0x0000000089700000|  0%| F|  |TAMS 0x0000000089600000, 0x0000000089600000| Untracked 
|  55|0x0000000089700000, 0x0000000089700000, 0x0000000089800000|  0%| F|  |TAMS 0x0000000089700000, 0x0000000089700000| Untracked 
|  56|0x0000000089800000, 0x0000000089800000, 0x0000000089900000|  0%| F|  |TAMS 0x0000000089800000, 0x0000000089800000| Untracked 
|  57|0x0000000089900000, 0x0000000089900000, 0x0000000089a00000|  0%| F|  |TAMS 0x0000000089900000, 0x0000000089900000| Untracked 
|  58|0x0000000089a00000, 0x0000000089a00000, 0x0000000089b00000|  0%| F|  |TAMS 0x0000000089a00000, 0x0000000089a00000| Untracked 
|  59|0x0000000089b00000, 0x0000000089b00000, 0x0000000089c00000|  0%| F|  |TAMS 0x0000000089b00000, 0x0000000089b00000| Untracked 
|  60|0x0000000089c00000, 0x0000000089c00000, 0x0000000089d00000|  0%| F|  |TAMS 0x0000000089c00000, 0x0000000089c00000| Untracked 
|  61|0x0000000089d00000, 0x0000000089d00000, 0x0000000089e00000|  0%| F|  |TAMS 0x0000000089d00000, 0x0000000089d00000| Untracked 
|  62|0x0000000089e00000, 0x0000000089e00000, 0x0000000089f00000|  0%| F|  |TAMS 0x0000000089e00000, 0x0000000089e00000| Untracked 
|  63|0x0000000089f00000, 0x0000000089f00000, 0x000000008a000000|  0%| F|  |TAMS 0x0000000089f00000, 0x0000000089f00000| Untracked 
|  64|0x000000008a000000, 0x000000008a000000, 0x000000008a100000|  0%| F|  |TAMS 0x000000008a000000, 0x000000008a000000| Untracked 
|  65|0x000000008a100000, 0x000000008a100000, 0x000000008a200000|  0%| F|  |TAMS 0x000000008a100000, 0x000000008a100000| Untracked 
|  66|0x000000008a200000, 0x000000008a200000, 0x000000008a300000|  0%| F|  |TAMS 0x000000008a200000, 0x000000008a200000| Untracked 
|  67|0x000000008a300000, 0x000000008a300000, 0x000000008a400000|  0%| F|  |TAMS 0x000000008a300000, 0x000000008a300000| Untracked 
|  68|0x000000008a400000, 0x000000008a400000, 0x000000008a500000|  0%| F|  |TAMS 0x000000008a400000, 0x000000008a400000| Untracked 
|  69|0x000000008a500000, 0x000000008a500000, 0x000000008a600000|  0%| F|  |TAMS 0x000000008a500000, 0x000000008a500000| Untracked 
|  70|0x000000008a600000, 0x000000008a600000, 0x000000008a700000|  0%| F|  |TAMS 0x000000008a600000, 0x000000008a600000| Untracked 
|  71|0x000000008a700000, 0x000000008a700000, 0x000000008a800000|  0%| F|  |TAMS 0x000000008a700000, 0x000000008a700000| Untracked 
|  72|0x000000008a800000, 0x000000008a800000, 0x000000008a900000|  0%| F|  |TAMS 0x000000008a800000, 0x000000008a800000| Untracked 
|  73|0x000000008a900000, 0x000000008a900000, 0x000000008aa00000|  0%| F|  |TAMS 0x000000008a900000, 0x000000008a900000| Untracked 
|  74|0x000000008aa00000, 0x000000008aa00000, 0x000000008ab00000|  0%| F|  |TAMS 0x000000008aa00000, 0x000000008aa00000| Untracked 
|  75|0x000000008ab00000, 0x000000008ab00000, 0x000000008ac00000|  0%| F|  |TAMS 0x000000008ab00000, 0x000000008ab00000| Untracked 
|  76|0x000000008ac00000, 0x000000008ac00000, 0x000000008ad00000|  0%| F|  |TAMS 0x000000008ac00000, 0x000000008ac00000| Untracked 
|  77|0x000000008ad00000, 0x000000008ad00000, 0x000000008ae00000|  0%| F|  |TAMS 0x000000008ad00000, 0x000000008ad00000| Untracked 
|  78|0x000000008ae00000, 0x000000008ae00000, 0x000000008af00000|  0%| F|  |TAMS 0x000000008ae00000, 0x000000008ae00000| Untracked 
|  79|0x000000008af00000, 0x000000008af00000, 0x000000008b000000|  0%| F|  |TAMS 0x000000008af00000, 0x000000008af00000| Untracked 
|  80|0x000000008b000000, 0x000000008b000000, 0x000000008b100000|  0%| F|  |TAMS 0x000000008b000000, 0x000000008b000000| Untracked 
|  81|0x000000008b100000, 0x000000008b100000, 0x000000008b200000|  0%| F|  |TAMS 0x000000008b100000, 0x000000008b100000| Untracked 
|  82|0x000000008b200000, 0x000000008b200000, 0x000000008b300000|  0%| F|  |TAMS 0x000000008b200000, 0x000000008b200000| Untracked 
|  83|0x000000008b300000, 0x000000008b300000, 0x000000008b400000|  0%| F|  |TAMS 0x000000008b300000, 0x000000008b300000| Untracked 
|  84|0x000000008b400000, 0x000000008b400000, 0x000000008b500000|  0%| F|  |TAMS 0x000000008b400000, 0x000000008b400000| Untracked 
|  85|0x000000008b500000, 0x000000008b500000, 0x000000008b600000|  0%| F|  |TAMS 0x000000008b500000, 0x000000008b500000| Untracked 
|  86|0x000000008b600000, 0x000000008b600000, 0x000000008b700000|  0%| F|  |TAMS 0x000000008b600000, 0x000000008b600000| Untracked 
|  87|0x000000008b700000, 0x000000008b700000, 0x000000008b800000|  0%| F|  |TAMS 0x000000008b700000, 0x000000008b700000| Untracked 
|  88|0x000000008b800000, 0x000000008b800000, 0x000000008b900000|  0%| F|  |TAMS 0x000000008b800000, 0x000000008b800000| Untracked 
|  89|0x000000008b900000, 0x000000008b900000, 0x000000008ba00000|  0%| F|  |TAMS 0x000000008b900000, 0x000000008b900000| Untracked 
|  90|0x000000008ba00000, 0x000000008ba00000, 0x000000008bb00000|  0%| F|  |TAMS 0x000000008ba00000, 0x000000008ba00000| Untracked 
|  91|0x000000008bb00000, 0x000000008bb00000, 0x000000008bc00000|  0%| F|  |TAMS 0x000000008bb00000, 0x000000008bb00000| Untracked 
|  92|0x000000008bc00000, 0x000000008bc00000, 0x000000008bd00000|  0%| F|  |TAMS 0x000000008bc00000, 0x000000008bc00000| Untracked 
|  93|0x000000008bd00000, 0x000000008bd00000, 0x000000008be00000|  0%| F|  |TAMS 0x000000008bd00000, 0x000000008bd00000| Untracked 
|  94|0x000000008be00000, 0x000000008be00000, 0x000000008bf00000|  0%| F|  |TAMS 0x000000008be00000, 0x000000008be00000| Untracked 
|  95|0x000000008bf00000, 0x000000008bf00000, 0x000000008c000000|  0%| F|  |TAMS 0x000000008bf00000, 0x000000008bf00000| Untracked 
|  96|0x000000008c000000, 0x000000008c000000, 0x000000008c100000|  0%| F|  |TAMS 0x000000008c000000, 0x000000008c000000| Untracked 
|  97|0x000000008c100000, 0x000000008c100000, 0x000000008c200000|  0%| F|  |TAMS 0x000000008c100000, 0x000000008c100000| Untracked 
|  98|0x000000008c200000, 0x000000008c200000, 0x000000008c300000|  0%| F|  |TAMS 0x000000008c200000, 0x000000008c200000| Untracked 
|  99|0x000000008c300000, 0x000000008c300000, 0x000000008c400000|  0%| F|  |TAMS 0x000000008c300000, 0x000000008c300000| Untracked 
| 100|0x000000008c400000, 0x000000008c400000, 0x000000008c500000|  0%| F|  |TAMS 0x000000008c400000, 0x000000008c400000| Untracked 
| 101|0x000000008c500000, 0x000000008c500000, 0x000000008c600000|  0%| F|  |TAMS 0x000000008c500000, 0x000000008c500000| Untracked 
| 102|0x000000008c600000, 0x000000008c600000, 0x000000008c700000|  0%| F|  |TAMS 0x000000008c600000, 0x000000008c600000| Untracked 
| 103|0x000000008c700000, 0x000000008c700000, 0x000000008c800000|  0%| F|  |TAMS 0x000000008c700000, 0x000000008c700000| Untracked 
| 104|0x000000008c800000, 0x000000008c800000, 0x000000008c900000|  0%| F|  |TAMS 0x000000008c800000, 0x000000008c800000| Untracked 
| 105|0x000000008c900000, 0x000000008c900000, 0x000000008ca00000|  0%| F|  |TAMS 0x000000008c900000, 0x000000008c900000| Untracked 
| 106|0x000000008ca00000, 0x000000008ca00000, 0x000000008cb00000|  0%| F|  |TAMS 0x000000008ca00000, 0x000000008ca00000| Untracked 
| 107|0x000000008cb00000, 0x000000008cb00000, 0x000000008cc00000|  0%| F|  |TAMS 0x000000008cb00000, 0x000000008cb00000| Untracked 
| 108|0x000000008cc00000, 0x000000008cc00000, 0x000000008cd00000|  0%| F|  |TAMS 0x000000008cc00000, 0x000000008cc00000| Untracked 
| 109|0x000000008cd00000, 0x000000008cd00000, 0x000000008ce00000|  0%| F|  |TAMS 0x000000008cd00000, 0x000000008cd00000| Untracked 
| 110|0x000000008ce00000, 0x000000008ce00000, 0x000000008cf00000|  0%| F|  |TAMS 0x000000008ce00000, 0x000000008ce00000| Untracked 
| 111|0x000000008cf00000, 0x000000008cff6470, 0x000000008d000000| 96%| E|  |TAMS 0x000000008cf00000, 0x000000008cf00000| Complete 
| 112|0x000000008d000000, 0x000000008d100000, 0x000000008d100000|100%| E|CS|TAMS 0x000000008d000000, 0x000000008d000000| Complete 
| 113|0x000000008d100000, 0x000000008d200000, 0x000000008d200000|100%| E|CS|TAMS 0x000000008d100000, 0x000000008d100000| Complete 
| 114|0x000000008d200000, 0x000000008d300000, 0x000000008d300000|100%| E|CS|TAMS 0x000000008d200000, 0x000000008d200000| Complete 
| 115|0x000000008d300000, 0x000000008d400000, 0x000000008d400000|100%| E|CS|TAMS 0x000000008d300000, 0x000000008d300000| Complete 
| 116|0x000000008d400000, 0x000000008d500000, 0x000000008d500000|100%| E|CS|TAMS 0x000000008d400000, 0x000000008d400000| Complete 
| 117|0x000000008d500000, 0x000000008d600000, 0x000000008d600000|100%| E|CS|TAMS 0x000000008d500000, 0x000000008d500000| Complete 
| 118|0x000000008d600000, 0x000000008d700000, 0x000000008d700000|100%| E|CS|TAMS 0x000000008d600000, 0x000000008d600000| Complete 
| 119|0x000000008d700000, 0x000000008d800000, 0x000000008d800000|100%| E|CS|TAMS 0x000000008d700000, 0x000000008d700000| Complete 
| 120|0x000000008d800000, 0x000000008d900000, 0x000000008d900000|100%| E|CS|TAMS 0x000000008d800000, 0x000000008d800000| Complete 
| 121|0x000000008d900000, 0x000000008da00000, 0x000000008da00000|100%| E|CS|TAMS 0x000000008d900000, 0x000000008d900000| Complete 
|1950|0x00000000ffe00000, 0x00000000ffe48000, 0x00000000fff00000| 28%|OA|  |TAMS 0x00000000ffe00000, 0x00000000ffe00000| Untracked 
|1951|0x00000000fff00000, 0x00000000fff6c000, 0x0000000100000000| 42%|CA|  |TAMS 0x00000000fff00000, 0x00000000fff00000| Untracked 

Card table byte_map: [0x00007fda9f45c000,0x00007fda9f82c000] _byte_map_base: 0x00007fda9f02c000

Marking Bits (Prev, Next): (CMBitMap*) 0x00007fdabc059478, (CMBitMap*) 0x00007fdabc0594b0
 Prev Bits: [0x00007fda9d20c000, 0x00007fda9f08c000)
 Next Bits: [0x00007fda9b38c000, 0x00007fda9d20c000)

Polling page: 0x00007fdac21db000

Metaspace:

Usage:
  Non-class:      5.76 MB capacity,     3.29 MB ( 57%) used,     2.46 MB ( 43%) free+waste,     5.62 KB ( <1%) overhead. 
      Class:    681.00 KB capacity,   394.67 KB ( 58%) used,   283.45 KB ( 42%) free+waste,     2.88 KB ( <1%) overhead. 
       Both:      6.42 MB capacity,     3.68 MB ( 57%) used,     2.74 MB ( 43%) free+waste,     8.50 KB ( <1%) overhead. 

Virtual space:
  Non-class space:        8.00 MB reserved,       6.00 MB ( 75%) committed 
      Class space:        1.00 GB reserved,     768.00 KB ( <1%) committed 
             Both:        1.01 GB reserved,       6.75 MB ( <1%) committed 

Chunk freelists:
   Non-Class:  0 bytes
       Class:  0 bytes
        Both:  0 bytes

MaxMetaspaceSize: unlimited
CompressedClassSpaceSize: 1.00 GB
Initial GC threshold: 20.80 MB
Current GC threshold: 20.80 MB
CDS: on

CodeHeap 'non-profiled nmethods': size=119172Kb used=218Kb max_used=218Kb free=118953Kb
 bounds [0x00007fdaac35e000, 0x00007fdaac5ce000, 0x00007fdab37bf000]
CodeHeap 'profiled nmethods': size=119168Kb used=1725Kb max_used=1725Kb free=117443Kb
 bounds [0x00007fdaa4efe000, 0x00007fdaa516e000, 0x00007fdaac35e000]
CodeHeap 'non-nmethods': size=7420Kb used=1765Kb max_used=2216Kb free=5654Kb
 bounds [0x00007fdaa47bf000, 0x00007fdaa4a2f000, 0x00007fdaa4efe000]
 total_blobs=1258 nmethods=859 adapters=320
 compilation: enabled
              stopped_count=0, restarted_count=0
 full_count=0

Compilation events (20 events):
Event: 1.687 Thread 0x00007fda7008d800 nmethod 846 0x00007fdaa50a6e90 code [0x00007fdaa50a7080, 0x00007fdaa50a7620]
Event: 1.687 Thread 0x00007fda7008d800  850       3       java.lang.invoke.InvokerBytecodeGenerator::emitImplicitConversion (159 bytes)
Event: 1.687 Thread 0x00007fdabc14e000 nmethod 839 0x00007fdaac394090 code [0x00007fdaac394240, 0x00007fdaac394310]
Event: 1.687 Thread 0x00007fdabc14e000  851       3       jdk.internal.org.objectweb.asm.Frame::get (46 bytes)
Event: 1.688 Thread 0x00007fdabc14e000 nmethod 851 0x00007fdaa50a7810 code [0x00007fdaa50a79c0, 0x00007fdaa50a7bd0]
Event: 1.688 Thread 0x00007fdabc14e000  852   !   3       java.lang.invoke.MemberName::getFieldType (177 bytes)
Event: 1.688 Thread 0x00007fdabc14c000  853       4       java.lang.StringBuilder::<init> (7 bytes)
Event: 1.688 Thread 0x00007fda7008d800 nmethod 850 0x00007fdaa50a7c90 code [0x00007fdaa50a7fe0, 0x00007fdaa50a9070]
Event: 1.688 Thread 0x00007fda7008d800  854       3       org.antlr.v4.runtime.misc.Interval::of (54 bytes)
Event: 1.688 Thread 0x00007fda7008d800 nmethod 854 0x00007fdaa50a9690 code [0x00007fdaa50a9880, 0x00007fdaa50a9eb0]
Event: 1.688 Thread 0x00007fdabc14e000 nmethod 852 0x00007fdaa50aa090 code [0x00007fdaa50aa400, 0x00007fdaa50abc50]
Event: 1.689 Thread 0x00007fdabc14c000 nmethod 853 0x00007fdaac394790 code [0x00007fdaac394920, 0x00007fdaac394ad8]
Event: 1.692 Thread 0x00007fda7008d800  856       3       java.util.regex.Pattern::has (15 bytes)
Event: 1.692 Thread 0x00007fdabc14e000  857       3       java.lang.Character::getType (9 bytes)
Event: 1.692 Thread 0x00007fda7008d800 nmethod 856 0x00007fdaa50ac410 code [0x00007fdaa50ac5c0, 0x00007fdaa50ac730]
Event: 1.692 Thread 0x00007fdabc14e000 nmethod 857 0x00007fdaa50ac790 code [0x00007fdaa50ac960, 0x00007fdaa50acb50]
Event: 1.692 Thread 0x00007fda7008d800  858       3       java.lang.CharacterDataLatin1::getType (11 bytes)
Event: 1.692 Thread 0x00007fda7008d800 nmethod 858 0x00007fdaa50acc10 code [0x00007fdaa50acdc0, 0x00007fdaa50acf90]
Event: 1.692 Thread 0x00007fda7008d800  859       3       java.lang.Character::charCount (12 bytes)
Event: 1.692 Thread 0x00007fda7008d800 nmethod 859 0x00007fdaa50ad090 code [0x00007fdaa50ad240, 0x00007fdaa50ad370]

GC Heap History (0 events):
No events

Deoptimization events (20 events):
Event: 1.390 Thread 0x00007fdabc016800 DEOPT PACKING pc=0x00007fdaac36e05c sp=0x00007fdac0966cf0
Event: 1.390 Thread 0x00007fdabc016800 DEOPT UNPACKING pc=0x00007fdaa4808ea5 sp=0x00007fdac0966c80 mode 2
Event: 1.390 Thread 0x00007fdabc016800 Uncommon trap: trap_request=0xffffffbe fr.pc=0x00007fdaac36e05c relative=0x000000000000029c
Event: 1.390 Thread 0x00007fdabc016800 Uncommon trap: reason=profile_predicate action=maybe_recompile pc=0x00007fdaac36e05c method=java.lang.StringLatin1.indexOf([BI[BII)I @ 18 c2
Event: 1.390 Thread 0x00007fdabc016800 DEOPT PACKING pc=0x00007fdaac36e05c sp=0x00007fdac0966cf0
Event: 1.390 Thread 0x00007fdabc016800 DEOPT UNPACKING pc=0x00007fdaa4808ea5 sp=0x00007fdac0966c80 mode 2
Event: 1.434 Thread 0x00007fdabc016800 DEOPT PACKING pc=0x00007fdaa4f5bbfe sp=0x00007fdac0964210
Event: 1.434 Thread 0x00007fdabc016800 DEOPT UNPACKING pc=0x00007fdaa480964a sp=0x00007fdac0963698 mode 0
Event: 1.459 Thread 0x00007fdabc016800 DEOPT PACKING pc=0x00007fdaa4f87774 sp=0x00007fdac09677d0
Event: 1.459 Thread 0x00007fdabc016800 DEOPT UNPACKING pc=0x00007fdaa480964a sp=0x00007fdac0966d38 mode 1
Event: 1.461 Thread 0x00007fdabc016800 DEOPT PACKING pc=0x00007fdaa4f87774 sp=0x00007fdac09677d0
Event: 1.461 Thread 0x00007fdabc016800 DEOPT UNPACKING pc=0x00007fdaa480964a sp=0x00007fdac0966d38 mode 1
Event: 1.485 Thread 0x00007fdabc016800 DEOPT PACKING pc=0x00007fdaa4fde50a sp=0x00007fdac0967460
Event: 1.485 Thread 0x00007fdabc016800 DEOPT UNPACKING pc=0x00007fdaa480964a sp=0x00007fdac0966908 mode 0
Event: 1.595 Thread 0x00007fdabc016800 DEOPT PACKING pc=0x00007fdaa4f370e2 sp=0x00007fdac0965ce0
Event: 1.595 Thread 0x00007fdabc016800 DEOPT UNPACKING pc=0x00007fdaa480964a sp=0x00007fdac09651f0 mode 0
Event: 1.676 Thread 0x00007fdabc016800 Uncommon trap: trap_request=0xffffff76 fr.pc=0x00007fdaac3680e8 relative=0x0000000000000148
Event: 1.676 Thread 0x00007fdabc016800 Uncommon trap: reason=loop_limit_check action=maybe_recompile pc=0x00007fdaac3680e8 method=java.lang.StringLatin1.lastIndexOf([BII)I @ 19 c2
Event: 1.676 Thread 0x00007fdabc016800 DEOPT PACKING pc=0x00007fdaac3680e8 sp=0x00007fdac0968260
Event: 1.676 Thread 0x00007fdabc016800 DEOPT UNPACKING pc=0x00007fdaa4808ea5 sp=0x00007fdac0968210 mode 2

Classes redefined (0 events):
No events

Internal exceptions (20 events):
Event: 1.461 Thread 0x00007fdabc016800 Exception <a 'java/security/PrivilegedActionException'{0x000000008d34d508}> (0x000000008d34d508) thrown at [./src/hotspot/share/prims/jvm.cpp, line 1304]
Event: 1.461 Thread 0x00007fdabc016800 Exception <a 'java/security/PrivilegedActionException'{0x000000008d34d7d8}> (0x000000008d34d7d8) thrown at [./src/hotspot/share/prims/jvm.cpp, line 1304]
Event: 1.461 Thread 0x00007fdabc016800 Exception <a 'java/security/PrivilegedActionException'{0x000000008d34e1e8}> (0x000000008d34e1e8) thrown at [./src/hotspot/share/prims/jvm.cpp, line 1304]
Event: 1.461 Thread 0x00007fdabc016800 Exception <a 'java/security/PrivilegedActionException'{0x000000008d34e4b8}> (0x000000008d34e4b8) thrown at [./src/hotspot/share/prims/jvm.cpp, line 1304]
Event: 1.461 Thread 0x00007fdabc016800 Exception <a 'java/security/PrivilegedActionException'{0x000000008d34eee8}> (0x000000008d34eee8) thrown at [./src/hotspot/share/prims/jvm.cpp, line 1304]
Event: 1.461 Thread 0x00007fdabc016800 Exception <a 'java/security/PrivilegedActionException'{0x000000008d34f1b8}> (0x000000008d34f1b8) thrown at [./src/hotspot/share/prims/jvm.cpp, line 1304]
Event: 1.461 Thread 0x00007fdabc016800 Exception <a 'java/security/PrivilegedActionException'{0x000000008d34fbd0}> (0x000000008d34fbd0) thrown at [./src/hotspot/share/prims/jvm.cpp, line 1304]
Event: 1.461 Thread 0x00007fdabc016800 Exception <a 'java/security/PrivilegedActionException'{0x000000008d34fea0}> (0x000000008d34fea0) thrown at [./src/hotspot/share/prims/jvm.cpp, line 1304]
Event: 1.461 Thread 0x00007fdabc016800 Exception <a 'java/security/PrivilegedActionException'{0x000000008d3508b8}> (0x000000008d3508b8) thrown at [./src/hotspot/share/prims/jvm.cpp, line 1304]
Event: 1.461 Thread 0x00007fdabc016800 Exception <a 'java/security/PrivilegedActionException'{0x000000008d350b88}> (0x000000008d350b88) thrown at [./src/hotspot/share/prims/jvm.cpp, line 1304]
Event: 1.461 Thread 0x00007fdabc016800 Exception <a 'java/security/PrivilegedActionException'{0x000000008d3515c0}> (0x000000008d3515c0) thrown at [./src/hotspot/share/prims/jvm.cpp, line 1304]
Event: 1.461 Thread 0x00007fdabc016800 Exception <a 'java/security/PrivilegedActionException'{0x000000008d351890}> (0x000000008d351890) thrown at [./src/hotspot/share/prims/jvm.cpp, line 1304]
Event: 1.461 Thread 0x00007fdabc016800 Exception <a 'java/security/PrivilegedActionException'{0x000000008d3522c0}> (0x000000008d3522c0) thrown at [./src/hotspot/share/prims/jvm.cpp, line 1304]
Event: 1.461 Thread 0x00007fdabc016800 Exception <a 'java/security/PrivilegedActionException'{0x000000008d352590}> (0x000000008d352590) thrown at [./src/hotspot/share/prims/jvm.cpp, line 1304]
Event: 1.461 Thread 0x00007fdabc016800 Exception <a 'java/security/PrivilegedActionException'{0x000000008d352fc8}> (0x000000008d352fc8) thrown at [./src/hotspot/share/prims/jvm.cpp, line 1304]
Event: 1.461 Thread 0x00007fdabc016800 Exception <a 'java/security/PrivilegedActionException'{0x000000008d353298}> (0x000000008d353298) thrown at [./src/hotspot/share/prims/jvm.cpp, line 1304]
Event: 1.461 Thread 0x00007fdabc016800 Exception <a 'java/security/PrivilegedActionException'{0x000000008d353cb0}> (0x000000008d353cb0) thrown at [./src/hotspot/share/prims/jvm.cpp, line 1304]
Event: 1.461 Thread 0x00007fdabc016800 Exception <a 'java/security/PrivilegedActionException'{0x000000008d353f80}> (0x000000008d353f80) thrown at [./src/hotspot/share/prims/jvm.cpp, line 1304]
Event: 1.461 Thread 0x00007fdabc016800 Exception <a 'java/security/PrivilegedActionException'{0x000000008d3549d0}> (0x000000008d3549d0) thrown at [./src/hotspot/share/prims/jvm.cpp, line 1304]
Event: 1.461 Thread 0x00007fdabc016800 Exception <a 'java/security/PrivilegedActionException'{0x000000008d354ca0}> (0x000000008d354ca0) thrown at [./src/hotspot/share/prims/jvm.cpp, line 1304]

Events (20 events):
Event: 3.401 Executing VM operation: GetFrameCount
Event: 3.401 Executing VM operation: GetFrameCount done
Event: 3.401 Executing VM operation: GetStackTrace
Event: 3.401 Executing VM operation: GetStackTrace done
Event: 3.404 Executing VM operation: GetOrSetLocal
Event: 3.404 Executing VM operation: GetOrSetLocal done
Event: 3.405 Executing VM operation: GetOrSetLocal
Event: 3.405 Executing VM operation: GetOrSetLocal done
Event: 3.405 Executing VM operation: GetFrameLocation
Event: 3.405 Executing VM operation: GetFrameLocation done
Event: 3.405 Executing VM operation: GetOrSetLocal
Event: 3.405 Executing VM operation: GetOrSetLocal done
Event: 3.407 Executing VM operation: GetFrameCount
Event: 3.407 Executing VM operation: GetFrameCount done
Event: 3.407 Executing VM operation: GetStackTrace
Event: 3.407 Executing VM operation: GetStackTrace done
Event: 3.407 Executing VM operation: GetFrameCount
Event: 3.407 Executing VM operation: GetFrameCount done
Event: 3.407 Executing VM operation: GetStackTrace
Event: 3.407 Executing VM operation: GetStackTrace done


Dynamic libraries:
86000000-8da00000 rw-p 00000000 00:00 0 
8da00000-ffe00000 ---p 00000000 00:00 0 
ffe00000-ffe48000 rw-p 00b14000 08:20 29394                              /usr/lib/jvm/java-11-openjdk-amd64/lib/server/classes.jsa
ffe48000-fff00000 rw-p 00000000 00:00 0 
fff00000-fff6c000 rw-p 00aa8000 08:20 29394                              /usr/lib/jvm/java-11-openjdk-amd64/lib/server/classes.jsa
fff6c000-100000000 rw-p 00000000 00:00 0 
800000000-800002000 rwxp 00001000 08:20 29394                            /usr/lib/jvm/java-11-openjdk-amd64/lib/server/classes.jsa
800002000-800aa7000 rw-p 00003000 08:20 29394                            /usr/lib/jvm/java-11-openjdk-amd64/lib/server/classes.jsa
840000000-8400c0000 rw-p 00000000 00:00 0 
8400c0000-880000000 ---p 00000000 00:00 0 
5615ee553000-5615ee554000 r--p 00000000 08:20 58380                      /usr/lib/jvm/java-11-openjdk-amd64/bin/java
5615ee554000-5615ee555000 r-xp 00001000 08:20 58380                      /usr/lib/jvm/java-11-openjdk-amd64/bin/java
5615ee555000-5615ee556000 r--p 00002000 08:20 58380                      /usr/lib/jvm/java-11-openjdk-amd64/bin/java
5615ee556000-5615ee557000 r--p 00002000 08:20 58380                      /usr/lib/jvm/java-11-openjdk-amd64/bin/java
5615ee557000-5615ee558000 rw-p 00003000 08:20 58380                      /usr/lib/jvm/java-11-openjdk-amd64/bin/java
5615fbd06000-5615fbd27000 rw-p 00000000 00:00 0                          [heap]
7fda3552c000-7fda35e52000 r--p 00000000 08:20 227212                     /home/itshandable/.javacpp/cache/llvm-13.0.1-1.5.7-linux-x86_64.jar/org/bytedeco/llvm/linux-x86_64/libLLVM-13.so
7fda35e52000-7fda39815000 r-xp 00926000 08:20 227212                     /home/itshandable/.javacpp/cache/llvm-13.0.1-1.5.7-linux-x86_64.jar/org/bytedeco/llvm/linux-x86_64/libLLVM-13.so
7fda39815000-7fda3ba6a000 r--p 042e9000 08:20 227212                     /home/itshandable/.javacpp/cache/llvm-13.0.1-1.5.7-linux-x86_64.jar/org/bytedeco/llvm/linux-x86_64/libLLVM-13.so
7fda3ba6a000-7fda3bf7f000 r--p 0653d000 08:20 227212                     /home/itshandable/.javacpp/cache/llvm-13.0.1-1.5.7-linux-x86_64.jar/org/bytedeco/llvm/linux-x86_64/libLLVM-13.so
7fda3bf7f000-7fda3bf8a000 rw-p 06a52000 08:20 227212                     /home/itshandable/.javacpp/cache/llvm-13.0.1-1.5.7-linux-x86_64.jar/org/bytedeco/llvm/linux-x86_64/libLLVM-13.so
7fda3bf8a000-7fda3c000000 rw-p 00000000 00:00 0 
7fda3c000000-7fda3c024000 rw-p 00000000 00:00 0 
7fda3c024000-7fda40000000 ---p 00000000 00:00 0 
7fda44000000-7fda44021000 rw-p 00000000 00:00 0 
7fda44021000-7fda48000000 ---p 00000000 00:00 0 
7fda48000000-7fda4802a000 rw-p 00000000 00:00 0 
7fda4802a000-7fda4c000000 ---p 00000000 00:00 0 
7fda4c000000-7fda4c021000 rw-p 00000000 00:00 0 
7fda4c021000-7fda50000000 ---p 00000000 00:00 0 
7fda50000000-7fda50021000 rw-p 00000000 00:00 0 
7fda50021000-7fda54000000 ---p 00000000 00:00 0 
7fda54000000-7fda5405d000 rw-p 00000000 00:00 0 
7fda5405d000-7fda58000000 ---p 00000000 00:00 0 
7fda58000000-7fda58021000 rw-p 00000000 00:00 0 
7fda58021000-7fda5c000000 ---p 00000000 00:00 0 
7fda5c000000-7fda5c142000 rw-p 00000000 00:00 0 
7fda5c142000-7fda60000000 ---p 00000000 00:00 0 
7fda60000000-7fda60021000 rw-p 00000000 00:00 0 
7fda60021000-7fda64000000 ---p 00000000 00:00 0 
7fda64000000-7fda64480000 rw-p 00000000 00:00 0 
7fda64480000-7fda68000000 ---p 00000000 00:00 0 
7fda68000000-7fda68021000 rw-p 00000000 00:00 0 
7fda68021000-7fda6c000000 ---p 00000000 00:00 0 
7fda6c000000-7fda6c021000 rw-p 00000000 00:00 0 
7fda6c021000-7fda70000000 ---p 00000000 00:00 0 
7fda70000000-7fda70118000 rw-p 00000000 00:00 0 
7fda70118000-7fda74000000 ---p 00000000 00:00 0 
7fda74000000-7fda74021000 rw-p 00000000 00:00 0 
7fda74021000-7fda78000000 ---p 00000000 00:00 0 
7fda78000000-7fda78021000 rw-p 00000000 00:00 0 
7fda78021000-7fda7c000000 ---p 00000000 00:00 0 
7fda7c000000-7fda7c021000 rw-p 00000000 00:00 0 
7fda7c021000-7fda80000000 ---p 00000000 00:00 0 
7fda80000000-7fda80021000 rw-p 00000000 00:00 0 
7fda80021000-7fda84000000 ---p 00000000 00:00 0 
7fda84000000-7fda84021000 rw-p 00000000 00:00 0 
7fda84021000-7fda88000000 ---p 00000000 00:00 0 
7fda8a4f7000-7fda8a55c000 r--p 00000000 08:20 227234                     /home/itshandable/.javacpp/cache/llvm-13.0.1-1.5.7-linux-x86_64.jar/org/bytedeco/llvm/linux-x86_64/libjniLLVM.so
7fda8a55c000-7fda8a5ca000 r-xp 00065000 08:20 227234                     /home/itshandable/.javacpp/cache/llvm-13.0.1-1.5.7-linux-x86_64.jar/org/bytedeco/llvm/linux-x86_64/libjniLLVM.so
7fda8a5ca000-7fda8a5f5000 r--p 000d3000 08:20 227234                     /home/itshandable/.javacpp/cache/llvm-13.0.1-1.5.7-linux-x86_64.jar/org/bytedeco/llvm/linux-x86_64/libjniLLVM.so
7fda8a5f5000-7fda8a5f8000 r--p 000fd000 08:20 227234                     /home/itshandable/.javacpp/cache/llvm-13.0.1-1.5.7-linux-x86_64.jar/org/bytedeco/llvm/linux-x86_64/libjniLLVM.so
7fda8a5f8000-7fda8a5fb000 rw-p 00100000 08:20 227234                     /home/itshandable/.javacpp/cache/llvm-13.0.1-1.5.7-linux-x86_64.jar/org/bytedeco/llvm/linux-x86_64/libjniLLVM.so
7fda8a5fb000-7fda8a5fd000 rw-p 00000000 00:00 0 
7fda8a5fd000-7fda8a601000 ---p 00000000 00:00 0 
7fda8a601000-7fda8a6fd000 rw-p 00000000 00:00 0 
7fda8a6fd000-7fda8a701000 ---p 00000000 00:00 0 
7fda8a701000-7fda8a7fd000 rw-p 00000000 00:00 0 
7fda8a7fd000-7fda8a801000 ---p 00000000 00:00 0 
7fda8a801000-7fda8a8fd000 rw-p 00000000 00:00 0 
7fda8a8fd000-7fda8a8fe000 ---p 00000000 00:00 0 
7fda8a8fe000-7fda8a9fe000 rw-p 00000000 00:00 0 
7fda8a9fe000-7fda8aa02000 ---p 00000000 00:00 0 
7fda8aa02000-7fda8aafe000 rw-p 00000000 00:00 0 
7fda8aafe000-7fda8ab02000 ---p 00000000 00:00 0 
7fda8ab02000-7fda8abfe000 rw-p 00000000 00:00 0 
7fda8abfe000-7fda8ac02000 ---p 00000000 00:00 0 
7fda8ac02000-7fda8acfe000 rw-p 00000000 00:00 0 
7fda8acfe000-7fda8ad02000 ---p 00000000 00:00 0 
7fda8ad02000-7fda8adfe000 rw-p 00000000 00:00 0 
7fda8adfe000-7fda8ae02000 ---p 00000000 00:00 0 
7fda8ae02000-7fda8aefe000 rw-p 00000000 00:00 0 
7fda8aefe000-7fda8af02000 ---p 00000000 00:00 0 
7fda8af02000-7fda8affe000 rw-p 00000000 00:00 0 
7fda8affe000-7fda8b002000 ---p 00000000 00:00 0 
7fda8b002000-7fda8b0fe000 rw-p 00000000 00:00 0 
7fda8b0fe000-7fda8b102000 ---p 00000000 00:00 0 
7fda8b102000-7fda8b1fe000 rw-p 00000000 00:00 0 
7fda8b1fe000-7fda8b202000 ---p 00000000 00:00 0 
7fda8b202000-7fda8b2fe000 rw-p 00000000 00:00 0 
7fda8b2fe000-7fda8b302000 ---p 00000000 00:00 0 
7fda8b302000-7fda8b3fe000 rw-p 00000000 00:00 0 
7fda8b3fe000-7fda8b402000 ---p 00000000 00:00 0 
7fda8b402000-7fda8b4fe000 rw-p 00000000 00:00 0 
7fda8b4fe000-7fda8b502000 ---p 00000000 00:00 0 
7fda8b502000-7fda8b5fe000 rw-p 00000000 00:00 0 
7fda8b5fe000-7fda8b5ff000 ---p 00000000 00:00 0 
7fda8b5ff000-7fda8bcff000 rw-p 00000000 00:00 0 
7fda8bcff000-7fda8beff000 ---p 00000000 00:00 0 
7fda8beff000-7fda8bf00000 ---p 00000000 00:00 0 
7fda8bf00000-7fda8c000000 rw-p 00000000 00:00 0 
7fda8c000000-7fda8c021000 rw-p 00000000 00:00 0 
7fda8c021000-7fda90000000 ---p 00000000 00:00 0 
7fda90000000-7fda90021000 rw-p 00000000 00:00 0 
7fda90021000-7fda94000000 ---p 00000000 00:00 0 
7fda94000000-7fda94021000 rw-p 00000000 00:00 0 
7fda94021000-7fda98000000 ---p 00000000 00:00 0 
7fda9803e000-7fda98045000 r--p 00000000 08:20 227217                     /home/itshandable/.javacpp/cache/llvm-13.0.1-1.5.7-linux-x86_64.jar/org/bytedeco/llvm/linux-x86_64/libLTO.so.13
7fda98045000-7fda9804d000 r-xp 00007000 08:20 227217                     /home/itshandable/.javacpp/cache/llvm-13.0.1-1.5.7-linux-x86_64.jar/org/bytedeco/llvm/linux-x86_64/libLTO.so.13
7fda9804d000-7fda9804f000 r--p 0000f000 08:20 227217                     /home/itshandable/.javacpp/cache/llvm-13.0.1-1.5.7-linux-x86_64.jar/org/bytedeco/llvm/linux-x86_64/libLTO.so.13
7fda9804f000-7fda98050000 r--p 00010000 08:20 227217                     /home/itshandable/.javacpp/cache/llvm-13.0.1-1.5.7-linux-x86_64.jar/org/bytedeco/llvm/linux-x86_64/libLTO.so.13
7fda98050000-7fda98051000 rw-p 00011000 08:20 227217                     /home/itshandable/.javacpp/cache/llvm-13.0.1-1.5.7-linux-x86_64.jar/org/bytedeco/llvm/linux-x86_64/libLTO.so.13
7fda98051000-7fda98082000 rw-p 00000000 00:00 0 
7fda98082000-7fda98083000 ---p 00000000 00:00 0 
7fda98083000-7fda9b092000 rw-p 00000000 00:00 0 
7fda9b092000-7fda9b093000 ---p 00000000 00:00 0 
7fda9b093000-7fda9b193000 rw-p 00000000 00:00 0 
7fda9b193000-7fda9b194000 ---p 00000000 00:00 0 
7fda9b194000-7fda9b574000 rw-p 00000000 00:00 0 
7fda9b574000-7fda9d204000 ---p 00000000 00:00 0 
7fda9d204000-7fda9d3f4000 rw-p 00000000 00:00 0 
7fda9d3f4000-7fda9f084000 ---p 00000000 00:00 0 
7fda9f084000-7fda9f0c9000 rw-p 00000000 00:00 0 
7fda9f0c9000-7fda9f45b000 ---p 00000000 00:00 0 
7fda9f45b000-7fda9f499000 rw-p 00000000 00:00 0 
7fda9f499000-7fda9f82b000 ---p 00000000 00:00 0 
7fda9f82b000-7fda9f869000 rw-p 00000000 00:00 0 
7fda9f869000-7fda9fbfb000 ---p 00000000 00:00 0 
7fda9fbfb000-7fdaa0000000 rw-p 00000000 00:00 0 
7fdaa0000000-7fdaa0021000 rw-p 00000000 00:00 0 
7fdaa0021000-7fdaa4000000 ---p 00000000 00:00 0 
7fdaa4009000-7fdaa400a000 r--p 00000000 08:20 227228                     /home/itshandable/.javacpp/cache/llvm-13.0.1-1.5.7-linux-x86_64.jar/org/bytedeco/llvm/linux-x86_64/libRemarks.so.13
7fdaa400a000-7fdaa400b000 r-xp 00001000 08:20 227228                     /home/itshandable/.javacpp/cache/llvm-13.0.1-1.5.7-linux-x86_64.jar/org/bytedeco/llvm/linux-x86_64/libRemarks.so.13
7fdaa400b000-7fdaa400c000 r--p 00002000 08:20 227228                     /home/itshandable/.javacpp/cache/llvm-13.0.1-1.5.7-linux-x86_64.jar/org/bytedeco/llvm/linux-x86_64/libRemarks.so.13
7fdaa400c000-7fdaa400d000 r--p 00002000 08:20 227228                     /home/itshandable/.javacpp/cache/llvm-13.0.1-1.5.7-linux-x86_64.jar/org/bytedeco/llvm/linux-x86_64/libRemarks.so.13
7fdaa400d000-7fdaa400e000 rw-p 00003000 08:20 227228                     /home/itshandable/.javacpp/cache/llvm-13.0.1-1.5.7-linux-x86_64.jar/org/bytedeco/llvm/linux-x86_64/libRemarks.so.13
7fdaa400e000-7fdaa4012000 r--p 00000000 08:20 227196                     /home/itshandable/.javacpp/cache/javacpp-1.5.7-linux-x86_64.jar/org/bytedeco/javacpp/linux-x86_64/libjnijavacpp.so
7fdaa4012000-7fdaa4019000 r-xp 00004000 08:20 227196                     /home/itshandable/.javacpp/cache/javacpp-1.5.7-linux-x86_64.jar/org/bytedeco/javacpp/linux-x86_64/libjnijavacpp.so
7fdaa4019000-7fdaa401d000 r--p 0000b000 08:20 227196                     /home/itshandable/.javacpp/cache/javacpp-1.5.7-linux-x86_64.jar/org/bytedeco/javacpp/linux-x86_64/libjnijavacpp.so
7fdaa401d000-7fdaa401e000 r--p 0000e000 08:20 227196                     /home/itshandable/.javacpp/cache/javacpp-1.5.7-linux-x86_64.jar/org/bytedeco/javacpp/linux-x86_64/libjnijavacpp.so
7fdaa401e000-7fdaa401f000 rw-p 0000f000 08:20 227196                     /home/itshandable/.javacpp/cache/javacpp-1.5.7-linux-x86_64.jar/org/bytedeco/javacpp/linux-x86_64/libjnijavacpp.so
7fdaa401f000-7fdaa4023000 r--p 00000000 08:20 58728                      /usr/lib/jvm/java-11-openjdk-amd64/lib/libnet.so
7fdaa4023000-7fdaa4031000 r-xp 00004000 08:20 58728                      /usr/lib/jvm/java-11-openjdk-amd64/lib/libnet.so
7fdaa4031000-7fdaa4035000 r--p 00012000 08:20 58728                      /usr/lib/jvm/java-11-openjdk-amd64/lib/libnet.so
7fdaa4035000-7fdaa4036000 r--p 00015000 08:20 58728                      /usr/lib/jvm/java-11-openjdk-amd64/lib/libnet.so
7fdaa4036000-7fdaa4037000 rw-p 00016000 08:20 58728                      /usr/lib/jvm/java-11-openjdk-amd64/lib/libnet.so
7fdaa4037000-7fdaa47bf000 rw-p 00000000 00:00 0 
7fdaa47bf000-7fdaa4a2f000 rwxp 00000000 00:00 0 
7fdaa4a2f000-7fdaa4efe000 ---p 00000000 00:00 0 
7fdaa4efe000-7fdaa516e000 rwxp 00000000 00:00 0 
7fdaa516e000-7fdaac35e000 ---p 00000000 00:00 0 
7fdaac35e000-7fdaac5ce000 rwxp 00000000 00:00 0 
7fdaac5ce000-7fdab37bf000 ---p 00000000 00:00 0 
7fdab37bf000-7fdabc000000 r--s 00000000 08:20 58738                      /usr/lib/jvm/java-11-openjdk-amd64/lib/modules
7fdabc000000-7fdabc3a3000 rw-p 00000000 00:00 0 
7fdabc3a3000-7fdac0000000 ---p 00000000 00:00 0 
7fdac0003000-7fdac0004000 r--p 00000000 08:20 64938                      /usr/lib/x86_64-linux-gnu/libdl.so.2
7fdac0004000-7fdac0005000 r-xp 00001000 08:20 64938                      /usr/lib/x86_64-linux-gnu/libdl.so.2
7fdac0005000-7fdac0006000 r--p 00002000 08:20 64938                      /usr/lib/x86_64-linux-gnu/libdl.so.2
7fdac0006000-7fdac0007000 r--p 00002000 08:20 64938                      /usr/lib/x86_64-linux-gnu/libdl.so.2
7fdac0007000-7fdac0008000 rw-p 00003000 08:20 64938                      /usr/lib/x86_64-linux-gnu/libdl.so.2
7fdac0008000-7fdac0009000 r--p 00000000 08:20 64948                      /usr/lib/x86_64-linux-gnu/libpthread.so.0
7fdac0009000-7fdac000a000 r-xp 00001000 08:20 64948                      /usr/lib/x86_64-linux-gnu/libpthread.so.0
7fdac000a000-7fdac000b000 r--p 00002000 08:20 64948                      /usr/lib/x86_64-linux-gnu/libpthread.so.0
7fdac000b000-7fdac000c000 r--p 00002000 08:20 64948                      /usr/lib/x86_64-linux-gnu/libpthread.so.0
7fdac000c000-7fdac000d000 rw-p 00003000 08:20 64948                      /usr/lib/x86_64-linux-gnu/libpthread.so.0
7fdac000d000-7fdac0014000 r--p 00000000 08:20 58729                      /usr/lib/jvm/java-11-openjdk-amd64/lib/libnio.so
7fdac0014000-7fdac001c000 r-xp 00007000 08:20 58729                      /usr/lib/jvm/java-11-openjdk-amd64/lib/libnio.so
7fdac001c000-7fdac001f000 r--p 0000f000 08:20 58729                      /usr/lib/jvm/java-11-openjdk-amd64/lib/libnio.so
7fdac001f000-7fdac0020000 r--p 00011000 08:20 58729                      /usr/lib/jvm/java-11-openjdk-amd64/lib/libnio.so
7fdac0020000-7fdac0021000 rw-p 00012000 08:20 58729                      /usr/lib/jvm/java-11-openjdk-amd64/lib/libnio.so
7fdac0021000-7fdac0023000 r--p 00000000 08:20 58709                      /usr/lib/jvm/java-11-openjdk-amd64/lib/libdt_socket.so
7fdac0023000-7fdac0026000 r-xp 00002000 08:20 58709                      /usr/lib/jvm/java-11-openjdk-amd64/lib/libdt_socket.so
7fdac0026000-7fdac0027000 r--p 00005000 08:20 58709                      /usr/lib/jvm/java-11-openjdk-amd64/lib/libdt_socket.so
7fdac0027000-7fdac0028000 ---p 00006000 08:20 58709                      /usr/lib/jvm/java-11-openjdk-amd64/lib/libdt_socket.so
7fdac0028000-7fdac0029000 r--p 00006000 08:20 58709                      /usr/lib/jvm/java-11-openjdk-amd64/lib/libdt_socket.so
7fdac0029000-7fdac002a000 rw-p 00007000 08:20 58709                      /usr/lib/jvm/java-11-openjdk-amd64/lib/libdt_socket.so
7fdac002a000-7fdac04f3000 rw-p 00000000 00:00 0 
7fdac04f3000-7fdac04f4000 ---p 00000000 00:00 0 
7fdac04f4000-7fdac05f9000 rw-p 00000000 00:00 0 
7fdac05f9000-7fdac06dd000 ---p 00000000 00:00 0 
7fdac06dd000-7fdac06e2000 rw-p 00000000 00:00 0 
7fdac06e2000-7fdac07c6000 ---p 00000000 00:00 0 
7fdac07c6000-7fdac07cb000 rw-p 00000000 00:00 0 
7fdac07cb000-7fdac07d5000 ---p 00000000 00:00 0 
7fdac07d5000-7fdac07d7000 r--p 00000000 08:20 58737                      /usr/lib/jvm/java-11-openjdk-amd64/lib/libzip.so
7fdac07d7000-7fdac07dc000 r-xp 00002000 08:20 58737                      /usr/lib/jvm/java-11-openjdk-amd64/lib/libzip.so
7fdac07dc000-7fdac07de000 r--p 00007000 08:20 58737                      /usr/lib/jvm/java-11-openjdk-amd64/lib/libzip.so
7fdac07de000-7fdac07df000 r--p 00008000 08:20 58737                      /usr/lib/jvm/java-11-openjdk-amd64/lib/libzip.so
7fdac07df000-7fdac07e0000 rw-p 00009000 08:20 58737                      /usr/lib/jvm/java-11-openjdk-amd64/lib/libzip.so
7fdac07e0000-7fdac07e8000 rw-s 00000000 08:20 2331                       /tmp/hsperfdata_itshandable/23815
7fdac07e8000-7fdac07ea000 r--p 00000000 08:20 58719                      /usr/lib/jvm/java-11-openjdk-amd64/lib/libjdwp.so
7fdac07ea000-7fdac0816000 r-xp 00002000 08:20 58719                      /usr/lib/jvm/java-11-openjdk-amd64/lib/libjdwp.so
7fdac0816000-7fdac0824000 r--p 0002e000 08:20 58719                      /usr/lib/jvm/java-11-openjdk-amd64/lib/libjdwp.so
7fdac0824000-7fdac0825000 r--p 0003b000 08:20 58719                      /usr/lib/jvm/java-11-openjdk-amd64/lib/libjdwp.so
7fdac0825000-7fdac0826000 rw-p 0003c000 08:20 58719                      /usr/lib/jvm/java-11-openjdk-amd64/lib/libjdwp.so
7fdac0826000-7fdac0834000 r--p 00000000 08:20 58717                      /usr/lib/jvm/java-11-openjdk-amd64/lib/libjava.so
7fdac0834000-7fdac084a000 r-xp 0000e000 08:20 58717                      /usr/lib/jvm/java-11-openjdk-amd64/lib/libjava.so
7fdac084a000-7fdac0851000 r--p 00024000 08:20 58717                      /usr/lib/jvm/java-11-openjdk-amd64/lib/libjava.so
7fdac0851000-7fdac0852000 r--p 0002a000 08:20 58717                      /usr/lib/jvm/java-11-openjdk-amd64/lib/libjava.so
7fdac0852000-7fdac0853000 rw-p 0002b000 08:20 58717                      /usr/lib/jvm/java-11-openjdk-amd64/lib/libjava.so
7fdac0853000-7fdac0854000 rw-p 00000000 00:00 0 
7fdac0854000-7fdac0859000 r--p 00000000 08:20 58736                      /usr/lib/jvm/java-11-openjdk-amd64/lib/libverify.so
7fdac0859000-7fdac0860000 r-xp 00005000 08:20 58736                      /usr/lib/jvm/java-11-openjdk-amd64/lib/libverify.so
7fdac0860000-7fdac0862000 r--p 0000c000 08:20 58736                      /usr/lib/jvm/java-11-openjdk-amd64/lib/libverify.so
7fdac0862000-7fdac0864000 r--p 0000d000 08:20 58736                      /usr/lib/jvm/java-11-openjdk-amd64/lib/libverify.so
7fdac0864000-7fdac0865000 rw-p 0000f000 08:20 58736                      /usr/lib/jvm/java-11-openjdk-amd64/lib/libverify.so
7fdac0865000-7fdac0866000 r--p 00000000 08:20 64951                      /usr/lib/x86_64-linux-gnu/librt.so.1
7fdac0866000-7fdac0867000 r-xp 00001000 08:20 64951                      /usr/lib/x86_64-linux-gnu/librt.so.1
7fdac0867000-7fdac0868000 r--p 00002000 08:20 64951                      /usr/lib/x86_64-linux-gnu/librt.so.1
7fdac0868000-7fdac0869000 r--p 00002000 08:20 64951                      /usr/lib/x86_64-linux-gnu/librt.so.1
7fdac0869000-7fdac086a000 rw-p 00003000 08:20 64951                      /usr/lib/x86_64-linux-gnu/librt.so.1
7fdac086a000-7fdac086e000 ---p 00000000 00:00 0 
7fdac086e000-7fdac096a000 rw-p 00000000 00:00 0 
7fdac096a000-7fdac096d000 r--p 00000000 08:20 6709                       /usr/lib/x86_64-linux-gnu/libgcc_s.so.1
7fdac096d000-7fdac0984000 r-xp 00003000 08:20 6709                       /usr/lib/x86_64-linux-gnu/libgcc_s.so.1
7fdac0984000-7fdac0988000 r--p 0001a000 08:20 6709                       /usr/lib/x86_64-linux-gnu/libgcc_s.so.1
7fdac0988000-7fdac0989000 r--p 0001d000 08:20 6709                       /usr/lib/x86_64-linux-gnu/libgcc_s.so.1
7fdac0989000-7fdac098a000 rw-p 0001e000 08:20 6709                       /usr/lib/x86_64-linux-gnu/libgcc_s.so.1
7fdac098a000-7fdac0998000 r--p 00000000 08:20 64939                      /usr/lib/x86_64-linux-gnu/libm.so.6
7fdac0998000-7fdac0a14000 r-xp 0000e000 08:20 64939                      /usr/lib/x86_64-linux-gnu/libm.so.6
7fdac0a14000-7fdac0a6f000 r--p 0008a000 08:20 64939                      /usr/lib/x86_64-linux-gnu/libm.so.6
7fdac0a6f000-7fdac0a70000 r--p 000e4000 08:20 64939                      /usr/lib/x86_64-linux-gnu/libm.so.6
7fdac0a70000-7fdac0a71000 rw-p 000e5000 08:20 64939                      /usr/lib/x86_64-linux-gnu/libm.so.6
7fdac0a71000-7fdac0b0b000 r--p 00000000 08:20 6947                       /usr/lib/x86_64-linux-gnu/libstdc++.so.6.0.30
7fdac0b0b000-7fdac0c1c000 r-xp 0009a000 08:20 6947                       /usr/lib/x86_64-linux-gnu/libstdc++.so.6.0.30
7fdac0c1c000-7fdac0c8b000 r--p 001ab000 08:20 6947                       /usr/lib/x86_64-linux-gnu/libstdc++.so.6.0.30
7fdac0c8b000-7fdac0c8c000 ---p 0021a000 08:20 6947                       /usr/lib/x86_64-linux-gnu/libstdc++.so.6.0.30
7fdac0c8c000-7fdac0c97000 r--p 0021a000 08:20 6947                       /usr/lib/x86_64-linux-gnu/libstdc++.so.6.0.30
7fdac0c97000-7fdac0c9a000 rw-p 00225000 08:20 6947                       /usr/lib/x86_64-linux-gnu/libstdc++.so.6.0.30
7fdac0c9a000-7fdac0c9d000 rw-p 00000000 00:00 0 
7fdac0c9d000-7fdac0f20000 r--p 00000000 08:20 58741                      /usr/lib/jvm/java-11-openjdk-amd64/lib/server/libjvm.so
7fdac0f20000-7fdac1bcb000 r-xp 00283000 08:20 58741                      /usr/lib/jvm/java-11-openjdk-amd64/lib/server/libjvm.so
7fdac1bcb000-7fdac1e27000 r--p 00f2e000 08:20 58741                      /usr/lib/jvm/java-11-openjdk-amd64/lib/server/libjvm.so
7fdac1e27000-7fdac1eeb000 r--p 01189000 08:20 58741                      /usr/lib/jvm/java-11-openjdk-amd64/lib/server/libjvm.so
7fdac1eeb000-7fdac1f26000 rw-p 0124d000 08:20 58741                      /usr/lib/jvm/java-11-openjdk-amd64/lib/server/libjvm.so
7fdac1f26000-7fdac1f80000 rw-p 00000000 00:00 0 
7fdac1f80000-7fdac1fa8000 r--p 00000000 08:20 64935                      /usr/lib/x86_64-linux-gnu/libc.so.6
7fdac1fa8000-7fdac213d000 r-xp 00028000 08:20 64935                      /usr/lib/x86_64-linux-gnu/libc.so.6
7fdac213d000-7fdac2195000 r--p 001bd000 08:20 64935                      /usr/lib/x86_64-linux-gnu/libc.so.6
7fdac2195000-7fdac2196000 ---p 00215000 08:20 64935                      /usr/lib/x86_64-linux-gnu/libc.so.6
7fdac2196000-7fdac219a000 r--p 00215000 08:20 64935                      /usr/lib/x86_64-linux-gnu/libc.so.6
7fdac219a000-7fdac219c000 rw-p 00219000 08:20 64935                      /usr/lib/x86_64-linux-gnu/libc.so.6
7fdac219c000-7fdac21a9000 rw-p 00000000 00:00 0 
7fdac21a9000-7fdac21ac000 r--p 00000000 08:20 58702                      /usr/lib/jvm/java-11-openjdk-amd64/lib/jli/libjli.so
7fdac21ac000-7fdac21b6000 r-xp 00003000 08:20 58702                      /usr/lib/jvm/java-11-openjdk-amd64/lib/jli/libjli.so
7fdac21b6000-7fdac21b9000 r--p 0000d000 08:20 58702                      /usr/lib/jvm/java-11-openjdk-amd64/lib/jli/libjli.so
7fdac21b9000-7fdac21ba000 ---p 00010000 08:20 58702                      /usr/lib/jvm/java-11-openjdk-amd64/lib/jli/libjli.so
7fdac21ba000-7fdac21bb000 r--p 00010000 08:20 58702                      /usr/lib/jvm/java-11-openjdk-amd64/lib/jli/libjli.so
7fdac21bb000-7fdac21bc000 rw-p 00011000 08:20 58702                      /usr/lib/jvm/java-11-openjdk-amd64/lib/jli/libjli.so
7fdac21bc000-7fdac21be000 r--p 00000000 08:20 6997                       /usr/lib/x86_64-linux-gnu/libz.so.1.2.11
7fdac21be000-7fdac21cf000 r-xp 00002000 08:20 6997                       /usr/lib/x86_64-linux-gnu/libz.so.1.2.11
7fdac21cf000-7fdac21d5000 r--p 00013000 08:20 6997                       /usr/lib/x86_64-linux-gnu/libz.so.1.2.11
7fdac21d5000-7fdac21d6000 ---p 00019000 08:20 6997                       /usr/lib/x86_64-linux-gnu/libz.so.1.2.11
7fdac21d6000-7fdac21d7000 r--p 00019000 08:20 6997                       /usr/lib/x86_64-linux-gnu/libz.so.1.2.11
7fdac21d7000-7fdac21d8000 rw-p 0001a000 08:20 6997                       /usr/lib/x86_64-linux-gnu/libz.so.1.2.11
7fdac21db000-7fdac21dc000 ---p 00000000 00:00 0 
7fdac21dc000-7fdac21dd000 r--p 00000000 00:00 0 
7fdac21dd000-7fdac21df000 r--p 00000000 08:20 58720                      /usr/lib/jvm/java-11-openjdk-amd64/lib/libjimage.so
7fdac21df000-7fdac21e2000 r-xp 00002000 08:20 58720                      /usr/lib/jvm/java-11-openjdk-amd64/lib/libjimage.so
7fdac21e2000-7fdac21e3000 r--p 00005000 08:20 58720                      /usr/lib/jvm/java-11-openjdk-amd64/lib/libjimage.so
7fdac21e3000-7fdac21e4000 ---p 00006000 08:20 58720                      /usr/lib/jvm/java-11-openjdk-amd64/lib/libjimage.so
7fdac21e4000-7fdac21e5000 r--p 00006000 08:20 58720                      /usr/lib/jvm/java-11-openjdk-amd64/lib/libjimage.so
7fdac21e5000-7fdac21e6000 rw-p 00007000 08:20 58720                      /usr/lib/jvm/java-11-openjdk-amd64/lib/libjimage.so
7fdac21e6000-7fdac21e8000 rw-p 00000000 00:00 0 
7fdac21e8000-7fdac21ea000 r--p 00000000 08:20 64930                      /usr/lib/x86_64-linux-gnu/ld-linux-x86-64.so.2
7fdac21ea000-7fdac2214000 r-xp 00002000 08:20 64930                      /usr/lib/x86_64-linux-gnu/ld-linux-x86-64.so.2
7fdac2214000-7fdac221f000 r--p 0002c000 08:20 64930                      /usr/lib/x86_64-linux-gnu/ld-linux-x86-64.so.2
7fdac2220000-7fdac2222000 r--p 00037000 08:20 64930                      /usr/lib/x86_64-linux-gnu/ld-linux-x86-64.so.2
7fdac2222000-7fdac2224000 rw-p 00039000 08:20 64930                      /usr/lib/x86_64-linux-gnu/ld-linux-x86-64.so.2
7ffc559f4000-7ffc55a15000 rw-p 00000000 00:00 0                          [stack]
7ffc55abe000-7ffc55ac2000 r--p 00000000 00:00 0                          [vvar]
7ffc55ac2000-7ffc55ac4000 r-xp 00000000 00:00 0                          [vdso]


VM Arguments:
jvm_args: -agentlib:jdwp=transport=dt_socket,address=0.0.0.0:12345,suspend=y,server=y -Djava.library.path=\\wsl.localhost\Ubuntu\usr\local\lib -Dfile.encoding=UTF-8 
java_command: Main tests/test.sysy tests/test.arm test tests/test.ll
java_class_path (initial): /mnt/e/codes/compiler-principle/Lab_backtrace/Lab/out/production/Lab:/usr/local/lib/antlr-4.9.1-complete.jar:/usr/local/lib/javacpp/javacpp-1.5.7.jar:/usr/local/lib/javacpp/javacpp-1.5.7-linux-x86_64.jar:/usr/local/lib/llvm/llvm-13.0.1-1.5.7.jar:/usr/local/lib/llvm/llvm-13.0.1-1.5.7-linux-x86_64.jar:/usr/local/lib/llvm-platform/llvm-platform-13.0.1-1.5.7.jar:/usr/local/lib/llvm4j/kotlin-stdlib-1.9.0.jar:/usr/local/lib/llvm4j/llvm4j-0.1.2-SNAPSHOT.jar:/usr/local/lib/rars/rars.jar:/mnt/d/IntelliJ IDEA Ultimate/lib/idea_rt.jar
Launcher Type: SUN_STANDARD

[Global flags]
     intx CICompilerCount                          = 12                                        {product} {ergonomic}
     uint ConcGCThreads                            = 4                                         {product} {ergonomic}
     uint G1ConcRefinementThreads                  = 15                                        {product} {ergonomic}
   size_t G1HeapRegionSize                         = 1048576                                   {product} {ergonomic}
    uintx GCDrainStackTargetSize                   = 64                                        {product} {ergonomic}
   size_t InitialHeapSize                          = 127926272                                 {product} {ergonomic}
   size_t MarkStackSize                            = 4194304                                   {product} {ergonomic}
   size_t MaxHeapSize                              = 2046820352                                {product} {ergonomic}
   size_t MaxNewSize                               = 1227882496                                {product} {ergonomic}
   size_t MinHeapDeltaBytes                        = 1048576                                   {product} {ergonomic}
    uintx NonNMethodCodeHeapSize                   = 7594288                                {pd product} {ergonomic}
    uintx NonProfiledCodeHeapSize                  = 122031976                              {pd product} {ergonomic}
    uintx ProfiledCodeHeapSize                     = 122031976                              {pd product} {ergonomic}
    uintx ReservedCodeCacheSize                    = 251658240                              {pd product} {ergonomic}
     bool SegmentedCodeCache                       = true                                      {product} {ergonomic}
     bool UseCompressedClassPointers               = true                                 {lp64_product} {ergonomic}
     bool UseCompressedOops                        = true                                 {lp64_product} {ergonomic}
     bool UseG1GC                                  = true                                      {product} {ergonomic}

Logging:
Log output configuration:
 #0: stdout all=warning uptime,level,tags
 #1: stderr all=off uptime,level,tags

Environment Variables:
PATH=/home/itshandable/.local/bin:/usr/local/sbin:/usr/local/bin:/usr/sbin:/usr/bin:/sbin:/bin:/usr/games:/usr/local/games:/usr/lib/wsl/lib:/mnt/d/VMwareWorkstationPro/bin/:/mnt/c/Program Files/BellSoft/LibericaJDK-17/bin/:/mnt/c/Program Files (x86)/Common Files/Oracle/Java/java8path:/mnt/c/Program Files (x86)/Common Files/Oracle/Java/javapath:/mnt/c/WINDOWS/system32:/mnt/c/WINDOWS:/mnt/c/WINDOWS/System32/Wbem:/mnt/c/WINDOWS/System32/WindowsPowerShell/v1.0/:/mnt/c/WINDOWS/System32/OpenSSH/:/mnt/c/Program Files/dotnet/:/mnt/c/Program Files (x86)/NVIDIA Corporation/PhysX/Common:/mnt/c/Program Files/Git/cmd:/mnt/d/Cruicial Storage Excutive:/mnt/c/Program Files/BellSoft/LibericaJDK-17/bin:/mnt/c/Program Files/BellSoft/LibericaJDK-17/jre/bin:/mnt/c/Users/itshandable/AppData/Local/Programs/Python/Python312:/mnt/c/Users/itshandable/AppData/Local/Programs/Python/Python312/Scripts:/mnt/c/Program Files/Pandoc/:/mnt/c/ProgramData/chocolatey/bin:/mnt/d/Nodejs-nvm:/mnt/c/Program Files/nodejs:/mnt/d/Redis/:/mnt/d/Mathlab/bin:/mnt/d/Lingo-21.0/:/mnt/d/Lingo-18.0/:/mnt/c/Program Files/NVIDIA Corporation/NVIDIA app/NvDLISR:/mnt/d/SPSS-25/JRE/bin:/mnt/d/SPSS Modeler 18.0/ext/bin/spss.TMWBServer/bin:/mnt/d/SPSS Modeler 18.0/MPICH2/bin:/mnt/d/SPSS Modeler 18.0/TABI:/mnt/d/MySQL/bin:/mnt/c/Program Files/Docker/Docker/resources/bin:/mnt/c/Program Files/Tailscale/:/mnt/c/Users/itshandable/AppData/Local/Programs/Python/Launcher/:/mnt/c/Users/itshandable/AppData/Local/Microsoft/WindowsApps:/mnt/d/CLion 2024.2.1/bin:/mnt/d/PyCharm 2024.2.1/bin:/mnt/c/Users/itshandable/AppData/Local/JetBrains/Toolbox/scripts:/mnt/d/IntelliJ IDEA 2024.2.1/bin:/mnt/c/Users/itshandable/AppData/Roaming/npm:/mnt/d/Nodejs-nvm:/mnt/c/Program Files/nodejs:/mnt/d/Microsoft VS Code/bin:/mnt/d/MiKTeX/miktex/bin/x64/:/mnt/c/Users/itshandable/AppData/Local/Microsoft/WindowsApps:/mnt/e/codes/ffmpeg-2025-01-02-git-0457aaf0d3-essentials_build/bin:/mnt/d/Aria2/aria2-1.37.0-win-64bit-build1:/mnt/d/DevEco Studio/bin:/mnt/d/WebStor
SHELL=/bin/bash
DISPLAY=:0
HOSTTYPE=x86_64
LANG=zh_CN.UTF-8
TERM=xterm-256color

Signal Handlers:
SIGSEGV: [libjvm.so+0xebbd40], sa_mask[0]=11111111011111111101111111111110, sa_flags=SA_RESTART|SA_SIGINFO
SIGBUS: [libjvm.so+0xebbd40], sa_mask[0]=11111111011111111101111111111110, sa_flags=SA_RESTART|SA_SIGINFO
SIGFPE: [libjvm.so+0xebbd40], sa_mask[0]=11111111011111111101111111111110, sa_flags=SA_RESTART|SA_SIGINFO
SIGPIPE: [libjvm.so+0xbfe040], sa_mask[0]=11111111011111111101111111111110, sa_flags=SA_RESTART|SA_SIGINFO
SIGXFSZ: [libjvm.so+0xbfe040], sa_mask[0]=11111111011111111101111111111110, sa_flags=SA_RESTART|SA_SIGINFO
SIGILL: [libjvm.so+0xebbd40], sa_mask[0]=11111111011111111101111111111110, sa_flags=SA_RESTART|SA_SIGINFO
SIGUSR2: [libjvm.so+0xbfdee0], sa_mask[0]=00000000000000000000000000000000, sa_flags=SA_RESTART|SA_SIGINFO
SIGHUP: [libjvm.so+0xbfe6a0], sa_mask[0]=11111111011111111101111111111110, sa_flags=SA_RESTART|SA_SIGINFO
SIGINT: [libjvm.so+0xbfe6a0], sa_mask[0]=11111111011111111101111111111110, sa_flags=SA_RESTART|SA_SIGINFO
SIGTERM: [libjvm.so+0xbfe6a0], sa_mask[0]=11111111011111111101111111111110, sa_flags=SA_RESTART|SA_SIGINFO
SIGQUIT: [libjvm.so+0xbfe6a0], sa_mask[0]=11111111011111111101111111111110, sa_flags=SA_RESTART|SA_SIGINFO


---------------  S Y S T E M  ---------------

OS:DISTRIB_ID=Ubuntu
DISTRIB_RELEASE=22.04
DISTRIB_CODENAME=jammy
DISTRIB_DESCRIPTION="Ubuntu 22.04.3 LTS"
uname:Linux 5.15.167.4-microsoft-standard-WSL2 #1 SMP Tue Nov 5 00:21:55 UTC 2024 x86_64
OS uptime: 0 days 0:41 hours
libc:glibc 2.35 NPTL 2.35 
rlimit (soft/hard): STACK 8192k/infinity , CORE 0k/infinity , NPROC 31190/31190 , NOFILE 1048576/1048576 , AS infinity/infinity , CPU infinity/infinity , DATA infinity/infinity , FSIZE infinity/infinity , MEMLOCK 65536k/65536k
load average:0.08 0.08 0.03

/proc/meminfo:
MemTotal:        7991664 kB
MemFree:         6891700 kB
MemAvailable:    7071904 kB
Buffers:            3892 kB
Cached:           376656 kB
SwapCached:            0 kB
Active:           164272 kB
Inactive:         544144 kB
Active(anon):       2180 kB
Inactive(anon):   329340 kB
Active(file):     162092 kB
Inactive(file):   214804 kB
Unevictable:           0 kB
Mlocked:               0 kB
SwapTotal:       2097152 kB
SwapFree:        2097152 kB
Dirty:               228 kB
Writeback:             0 kB
AnonPages:        327732 kB
Mapped:           258684 kB
Shmem:              3668 kB
KReclaimable:      37760 kB
Slab:             113028 kB
SReclaimable:      37760 kB
SUnreclaim:        75268 kB
KernelStack:        7120 kB
PageTables:         6852 kB
NFS_Unstable:          0 kB
Bounce:                0 kB
WritebackTmp:          0 kB
CommitLimit:     6092984 kB
Committed_AS:    1661120 kB
VmallocTotal:   34359738367 kB
VmallocUsed:       29288 kB
VmallocChunk:          0 kB
Percpu:            11520 kB
AnonHugePages:    151552 kB
ShmemHugePages:        0 kB
ShmemPmdMapped:        0 kB
FileHugePages:         0 kB
FilePmdMapped:         0 kB
HugePages_Total:       0
HugePages_Free:        0
HugePages_Rsvd:        0
HugePages_Surp:        0
Hugepagesize:       2048 kB
Hugetlb:               0 kB
DirectMap4k:      101376 kB
DirectMap2M:     4997120 kB
DirectMap1G:    11534336 kB

/sys/kernel/mm/transparent_hugepage/enabled:
[always] madvise never
/sys/kernel/mm/transparent_hugepage/defrag (defrag/compaction efforts parameter):
always defer defer+madvise [madvise] never

Process Memory:
Virtual Size: 5261980K (peak: 13447088K)
Resident Set Size: 101400K (peak: 101400K) (anon: 44808K, file: 56592K, shmem: 0K)
Swapped out: 0K
C-Heap outstanding allocations: 42813K, retained: 2990K
glibc malloc tunables: (default)

/proc/sys/kernel/threads-max (system-wide limit on the number of threads):
62380
/proc/sys/vm/max_map_count (maximum number of memory map areas a process may have):
65530
/proc/sys/kernel/pid_max (system-wide limit on number of process identifiers):
4194304

container (cgroup) information:
container_type: cgroupv1
cpu_cpuset_cpus: 0-19
cpu_memory_nodes: 0
active_processor_count: 20
cpu_quota: no quota
cpu_period: 100000
cpu_shares: no shares
memory_limit_in_bytes: unlimited
memory_and_swap_limit_in_bytes: unlimited
memory_soft_limit_in_bytes: unlimited
memory_usage_in_bytes: 708300 k
memory_max_usage_in_bytes: 496884 k
kernel_memory_limit_in_bytes: unlimited
kernel_memory_usage_in_bytes: 21784 k
kernel_memory_max_usage_in_bytes: 27048 k
maximum number of tasks: not supported
current number of tasks: not supported

Hyper-V virtualization detected
Steal ticks since vm start: 0
Steal ticks percentage since vm start:  0.000

CPU:total 20 (initial active 20) (16 cores per cpu, 2 threads per core) family 6 model 186 stepping 2 microcode 0xffffffff, cmov, cx8, fxsr, mmx, sse, sse2, sse3, ssse3, sse4.1, sse4.2, popcnt, avx, avx2, aes, clmul, erms, 3dnowpref, lzcnt, ht, tsc, tscinvbit, bmi1, bmi2, adx, sha, fma
CPU Model and flags from /proc/cpuinfo:
model name	: 13th Gen Intel(R) Core(TM) i9-13900H
flags		: fpu vme de pse tsc msr pae mce cx8 apic sep mtrr pge mca cmov pat pse36 clflush mmx fxsr sse sse2 ss ht syscall nx pdpe1gb rdtscp lm constant_tsc rep_good nopl xtopology tsc_reliable nonstop_tsc cpuid pni pclmulqdq vmx ssse3 fma cx16 pcid sse4_1 sse4_2 x2apic movbe popcnt tsc_deadline_timer aes xsave avx f16c rdrand hypervisor lahf_lm abm 3dnowprefetch invpcid_single ssbd ibrs ibpb stibp ibrs_enhanced tpr_shadow vnmi ept vpid ept_ad fsgsbase tsc_adjust bmi1 avx2 smep bmi2 erms invpcid rdseed adx smap clflushopt clwb sha_ni xsaveopt xsavec xgetbv1 xsaves avx_vnni umip waitpkg gfni vaes vpclmulqdq rdpid movdiri movdir64b fsrm md_clear serialize flush_l1d arch_capabilities
Online cpus:
0-19
Offline cpus:

BIOS frequency limitation:
<Not Available>
Frequency switch latency (ns):
<Not Available>
Available cpu frequencies:
<Not Available>
Current governor:
<Not Available>
Core performance/turbo boost:
<Not Available>

Memory: 4k page, physical 7991664k(6891700k free), swap 2097152k(2097152k free)

vm_info: OpenJDK 64-Bit Server VM (11.0.27+6-post-Ubuntu-0ubuntu122.04) for linux-amd64 JRE (11.0.27+6-post-Ubuntu-0ubuntu122.04), built on Apr 21 2025 05:59:45 by "unknown" with gcc 11.4.0

END.
