#
# A fatal error has been detected by the Java Runtime Environment:
#
#  SIGSEGV (0xb) at pc=0x00007f18ee28eaf8, pid=9651, tid=9655
#
# JRE version: OpenJDK Runtime Environment (11.0.27+6) (build 11.0.27+6-post-Ubuntu-0ubuntu122.04)
# Java VM: OpenJDK 64-Bit Server VM (11.0.27+6-post-Ubuntu-0ubuntu122.04, mixed mode, sharing, tiered, compressed oops, g1 gc, linux-amd64)
# Problematic frame:
# C  [libLLVM-13.so+0xd62af8]  llvm::Value::getName() const+0xb8
#
# No core dump will be written. Core dumps have been disabled. To enable core dumping, try "ulimit -c unlimited" before starting Java again
#
# If you would like to submit a bug report, please visit:
#   https://bugs.launchpad.net/ubuntu/+source/openjdk-lts
# The crash happened outside the Java Virtual Machine in native code.
# See problematic frame for where to report the bug.
#

---------------  S U M M A R Y ------------

Command Line: -Djava.library.path=\\wsl.localhost\Ubuntu\usr\local\lib -Dfile.encoding=UTF-8 Main tests/test.sysy tests/test.arm test tests/test.ll

Host: 13th Gen Intel(R) Core(TM) i9-13900H, 20 cores, 7G, Ubuntu 22.04.3 LTS
Time: Thu May 22 19:39:20 2025 CST elapsed time: 0.950044 seconds (0d 0h 0m 0s)

---------------  T H R E A D  ---------------

Current thread (0x00007f1968015800):  JavaThread "main" [_thread_in_native, id=9655, stack(0x00007f196c0f7000,0x00007f196c1f7000)]

Stack: [0x00007f196c0f7000,0x00007f196c1f7000],  sp=0x00007f196c1f4970,  free space=1014k
Native frames: (J=compiled Java code, A=aot compiled Java code, j=interpreted, Vv=VM code, C=native code)
C  [libLLVM-13.so+0xd62af8]  llvm::Value::getName() const+0xb8

Java frames: (J=compiled Java code, j=interpreted, Vv=VM code)
j  org.bytedeco.llvm.global.LLVM.LLVMPrintModuleToString(Lorg/bytedeco/llvm/LLVM/LLVMModuleRef;)Lorg/bytedeco/javacpp/BytePointer;+0
j  MyIrVisitor.mixedOptimization()V+29
j  MyIrVisitor.visitProgram(LSysYParser$ProgramContext;)Lorg/bytedeco/llvm/LLVM/LLVMValueRef;+127
j  MyIrVisitor.visitProgram(LSysYParser$ProgramContext;)Ljava/lang/Object;+2
j  SysYParser$ProgramContext.accept(Lorg/antlr/v4/runtime/tree/ParseTreeVisitor;)Ljava/lang/Object;+12
j  org.antlr.v4.runtime.tree.AbstractParseTreeVisitor.visit(Lorg/antlr/v4/runtime/tree/ParseTree;)Ljava/lang/Object;+2
j  Main.main([Ljava/lang/String;)V+169
v  ~StubRoutines::call_stub

siginfo: si_signo: 11 (SIGSEGV), si_code: 1 (SEGV_MAPERR), si_addr: 0x00000000000000e5

Register to memory mapping:

RAX=0x00000000000000f5 is an unknown value
RBX=0x0 is NULL
RCX=0x00007f196836dfe8 points into unknown readable memory: 0x00007f1968364e20 | 20 4e 36 68 19 7f 00 00
RDX=0x00000000000000e5 is an unknown value
RSP=0x00007f196c1f4970 is pointing into the stack for thread: 0x00007f1968015800
RBP=0x00007f196c1f4cd0 is pointing into the stack for thread: 0x00007f1968015800
RSI=0x00007f1968365220 points into unknown readable memory: 0x0000000000000000 | 00 00 00 00 00 00 00 00
RDI=0x00007f196c1f4970 is pointing into the stack for thread: 0x00007f1968015800
R8 =0x0000000000000001 is an unknown value
R9 =0x00007f196836dfe8 points into unknown readable memory: 0x00007f1968364e20 | 20 4e 36 68 19 7f 00 00
R10=0x000000000000003f is an unknown value
R11=0x0000000000000004 is an unknown value
R12=0x0000000000000001 is an unknown value
R13=0x0000000000000002 is an unknown value
R14=0x0 is NULL
R15=0x00007f1968349210 points into unknown readable memory: 0x00007f196836e580 | 80 e5 36 68 19 7f 00 00


Registers:
RAX=0x00000000000000f5, RBX=0x0000000000000000, RCX=0x00007f196836dfe8, RDX=0x00000000000000e5
RSP=0x00007f196c1f4970, RBP=0x00007f196c1f4cd0, RSI=0x00007f1968365220, RDI=0x00007f196c1f4970
R8 =0x0000000000000001, R9 =0x00007f196836dfe8, R10=0x000000000000003f, R11=0x0000000000000004
R12=0x0000000000000001, R13=0x0000000000000002, R14=0x0000000000000000, R15=0x00007f1968349210
RIP=0x00007f18ee28eaf8, EFLAGS=0x0000000000010202, CSGSFS=0x002b000000000033, ERR=0x0000000000000004
  TRAPNO=0x000000000000000e

Top of Stack: (sp=0x00007f196c1f4970)
0x00007f196c1f4970:   00007f1968365220 00007f1968365220
0x00007f196c1f4980:   0000000000000000 00007f18ee0cd3f5
0x00007f196c1f4990:   0000000000000000 00007f196c1f4eb0
0x00007f196c1f49a0:   0000000000000001 00007f18ee0de5d8 

Instructions: (pc=0x00007f18ee28eaf8)
0x00007f18ee28e9f8:   48 bc ff eb b7 48 83 3d ab e8 ce 05 00 74 23 83
0x00007f18ee28ea08:   ca ff f0 0f c1 50 f8 85 d2 7f ae 48 8d 74 24 0f
0x00007f18ee28ea18:   e8 53 48 bc ff eb a2 8b 50 f8 8d 4a ff 89 48 f8
0x00007f18ee28ea28:   eb c3 8b 50 f8 8d 4a ff 89 48 f8 eb da 66 2e 0f
0x00007f18ee28ea38:   1f 84 00 00 00 00 00 90 f6 47 17 10 75 0a 48 8d
0x00007f18ee28ea48:   05 f2 a0 6c 03 31 d2 c3 48 83 ec 18 48 8b 07 48
0x00007f18ee28ea58:   8b 00 48 8b 08 8b 81 98 01 00 00 4c 8b 81 88 01
0x00007f18ee28ea68:   00 00 4c 8d 89 88 01 00 00 85 c0 74 5b 89 f9 89
0x00007f18ee28ea78:   fa 44 8d 50 ff c1 ea 09 c1 e9 04 31 d1 44 21 d1
0x00007f18ee28ea88:   89 ce 48 c1 e6 04 4c 01 c6 48 8b 16 48 39 d7 75
0x00007f18ee28ea98:   67 89 c2 48 89 e7 4c 89 c9 48 89 d0 48 c1 e0 04
0x00007f18ee28eaa8:   49 8d 14 00 41 b8 01 00 00 00 e8 f9 f4 ff ff 48
0x00007f18ee28eab8:   8b 04 24 48 8b 50 08 48 8d 42 10 48 8b 12 48 83
0x00007f18ee28eac8:   c4 18 c3 0f 1f 44 00 00 48 c1 e0 04 48 89 e7 4c
0x00007f18ee28ead8:   89 c9 49 8d 34 00 41 b8 01 00 00 00 48 89 f2 e8
0x00007f18ee28eae8:   c4 f4 ff ff 48 8b 04 24 48 8b 50 08 48 8d 42 10
0x00007f18ee28eaf8:   48 8b 12 48 83 c4 18 c3 be 01 00 00 00 48 81 fa
0x00007f18ee28eb08:   00 f0 ff ff 74 c2 01 f1 44 8d 5e 01 44 21 d1 89
0x00007f18ee28eb18:   ce 48 c1 e6 04 4c 01 c6 48 8b 16 48 39 d7 0f 84
0x00007f18ee28eb28:   6d ff ff ff 44 89 de eb d4 66 2e 0f 1f 84 00 00
0x00007f18ee28eb38:   00 00 00 0f 1f 44 00 00 66 48 0f 6e c6 66 48 0f
0x00007f18ee28eb48:   6e ca 66 0f 6c c1 0f 11 07 45 84 c0 75 29 48 39
0x00007f18ee28eb58:   d6 74 24 0f 1f 44 00 00 48 8b 06 48 3d 00 f0 ff
0x00007f18ee28eb68:   ff 74 08 48 3d 00 e0 ff ff 75 0c 48 83 c6 10 48
0x00007f18ee28eb78:   89 37 48 39 f2 75 e1 c3 41 57 41 56 41 55 41 54
0x00007f18ee28eb88:   55 53 48 89 fb 48 83 ec 38 4c 8b 67 10 49 8b 04
0x00007f18ee28eb98:   24 48 8b 00 48 8b 28 4c 8b ad 08 09 00 00 44 8b
0x00007f18ee28eba8:   bd 18 09 00 00 41 f6 44 24 11 01 0f 85 67 01 00
0x00007f18ee28ebb8:   00 45 85 ff 0f 84 fb 01 00 00 45 89 e6 44 89 e0
0x00007f18ee28ebc8:   41 8d 77 ff c1 e8 09 41 c1 ee 04 41 31 c6 44 89
0x00007f18ee28ebd8:   f1 21 f1 89 c8 48 c1 e0 04 4c 01 e8 48 8b 10 49
0x00007f18ee28ebe8:   39 d4 0f 85 7c 03 00 00 48 8b 50 08 4c 89 ee 48 


Stack slot to memory mapping:
stack at sp + 0 slots: 0x00007f1968365220 points into unknown readable memory: 0x0000000000000000 | 00 00 00 00 00 00 00 00
stack at sp + 1 slots: 0x00007f1968365220 points into unknown readable memory: 0x0000000000000000 | 00 00 00 00 00 00 00 00
stack at sp + 2 slots: 0x0 is NULL
stack at sp + 3 slots: 0x00007f18ee0cd3f5: <offset 0x0000000000ba13f5> in /home/itshandable/.javacpp/cache/llvm-13.0.1-1.5.7-linux-x86_64.jar/org/bytedeco/llvm/linux-x86_64/libLLVM-13.so at 0x00007f18ed52c000
stack at sp + 4 slots: 0x0 is NULL
stack at sp + 5 slots: 0x00007f196c1f4eb0 is pointing into the stack for thread: 0x00007f1968015800
stack at sp + 6 slots: 0x0000000000000001 is an unknown value
stack at sp + 7 slots: 0x00007f18ee0de5d8: <offset 0x0000000000bb25d8> in /home/itshandable/.javacpp/cache/llvm-13.0.1-1.5.7-linux-x86_64.jar/org/bytedeco/llvm/linux-x86_64/libLLVM-13.so at 0x00007f18ed52c000


---------------  P R O C E S S  ---------------

Threads class SMR info:
_java_thread_list=0x00007f1900000b70, length=11, elements={
0x00007f1968015800, 0x00007f196813e800, 0x00007f1968140800, 0x00007f1968146800,
0x00007f1968148800, 0x00007f196814b000, 0x00007f196814d000, 0x00007f196814f000,
0x00007f19140b5800, 0x00007f1968182000, 0x00007f1968228000
}

Java Threads: ( => current thread )
=>0x00007f1968015800 JavaThread "main" [_thread_in_native, id=9655, stack(0x00007f196c0f7000,0x00007f196c1f7000)]
  0x00007f196813e800 JavaThread "Reference Handler" daemon [_thread_blocked, id=9662, stack(0x00007f193edf7000,0x00007f193eef7000)]
  0x00007f1968140800 JavaThread "Finalizer" daemon [_thread_blocked, id=9663, stack(0x00007f193ecf7000,0x00007f193edf7000)]
  0x00007f1968146800 JavaThread "Signal Dispatcher" daemon [_thread_blocked, id=9664, stack(0x00007f193ebf7000,0x00007f193ecf7000)]
  0x00007f1968148800 JavaThread "Service Thread" daemon [_thread_blocked, id=9665, stack(0x00007f193eaf7000,0x00007f193ebf7000)]
  0x00007f196814b000 JavaThread "C2 CompilerThread0" daemon [_thread_blocked, id=9666, stack(0x00007f193e9f7000,0x00007f193eaf7000)]
  0x00007f196814d000 JavaThread "C1 CompilerThread0" daemon [_thread_blocked, id=9667, stack(0x00007f193e8f7000,0x00007f193e9f7000)]
  0x00007f196814f000 JavaThread "Sweeper thread" daemon [_thread_blocked, id=9668, stack(0x00007f193e7f7000,0x00007f193e8f7000)]
  0x00007f19140b5800 JavaThread "C1 CompilerThread1" daemon [_thread_blocked, id=9669, stack(0x00007f193e6f7000,0x00007f193e7f7000)]
  0x00007f1968182000 JavaThread "Common-Cleaner" daemon [_thread_blocked, id=9671, stack(0x00007f193e4f6000,0x00007f193e5f6000)]
  0x00007f1968228000 JavaThread "JavaCPP Deallocator" daemon [_thread_blocked, id=9673, stack(0x00007f193e3f6000,0x00007f193e4f6000)]

Other Threads:
  0x00007f196813b800 VMThread "VM Thread" [stack: 0x00007f193eef8000,0x00007f193eff8000] [id=9661]
  0x00007f196817f800 WatcherThread [stack: 0x00007f193e5f7000,0x00007f193e6f7000] [id=9670]
  0x00007f196802f800 GCTaskThread "GC Thread#0" [stack: 0x00007f19504ed000,0x00007f19505ed000] [id=9656]
  0x00007f1968061000 ConcurrentGCThread "G1 Main Marker" [stack: 0x00007f1946a8d000,0x00007f1946b8d000] [id=9657]
  0x00007f1968062800 ConcurrentGCThread "G1 Conc#0" [stack: 0x00007f194698c000,0x00007f1946a8c000] [id=9658]
  0x00007f1968107000 ConcurrentGCThread "G1 Refine#0" [stack: 0x00007f193f8fa000,0x00007f193f9fa000] [id=9659]
  0x00007f1968109000 ConcurrentGCThread "G1 Young RemSet Sampling" [stack: 0x00007f193f7f9000,0x00007f193f8f9000] [id=9660]

Threads with active compile tasks:

VM state:not at safepoint (normal execution)

VM Mutex/Monitor currently owned by a thread: None

Heap address: 0x0000000086000000, size: 1952 MB, Compressed Oops mode: 32-bit
Narrow klass base: 0x0000000800000000, Narrow klass shift: 3
Compressed class space size: 1073741824 Address: 0x0000000840000000

Heap:
 garbage-first heap   total 126976K, used 11984K [0x0000000086000000, 0x0000000100000000)
  region size 1024K, 12 young (12288K), 0 survivors (0K)
 Metaspace       used 3741K, capacity 6578K, committed 6912K, reserved 1056768K
  class space    used 392K, capacity 681K, committed 768K, reserved 1048576K
Heap Regions: E=young(eden), S=young(survivor), O=old, HS=humongous(starts), HC=humongous(continues), CS=collection set, F=free, A=archive, TAMS=top-at-mark-start (previous, next)
|   0|0x0000000086000000, 0x0000000086000000, 0x0000000086100000|  0%| F|  |TAMS 0x0000000086000000, 0x0000000086000000| Untracked 
|   1|0x0000000086100000, 0x0000000086100000, 0x0000000086200000|  0%| F|  |TAMS 0x0000000086100000, 0x0000000086100000| Untracked 
|   2|0x0000000086200000, 0x0000000086200000, 0x0000000086300000|  0%| F|  |TAMS 0x0000000086200000, 0x0000000086200000| Untracked 
|   3|0x0000000086300000, 0x0000000086300000, 0x0000000086400000|  0%| F|  |TAMS 0x0000000086300000, 0x0000000086300000| Untracked 
|   4|0x0000000086400000, 0x0000000086400000, 0x0000000086500000|  0%| F|  |TAMS 0x0000000086400000, 0x0000000086400000| Untracked 
|   5|0x0000000086500000, 0x0000000086500000, 0x0000000086600000|  0%| F|  |TAMS 0x0000000086500000, 0x0000000086500000| Untracked 
|   6|0x0000000086600000, 0x0000000086600000, 0x0000000086700000|  0%| F|  |TAMS 0x0000000086600000, 0x0000000086600000| Untracked 
|   7|0x0000000086700000, 0x0000000086700000, 0x0000000086800000|  0%| F|  |TAMS 0x0000000086700000, 0x0000000086700000| Untracked 
|   8|0x0000000086800000, 0x0000000086800000, 0x0000000086900000|  0%| F|  |TAMS 0x0000000086800000, 0x0000000086800000| Untracked 
|   9|0x0000000086900000, 0x0000000086900000, 0x0000000086a00000|  0%| F|  |TAMS 0x0000000086900000, 0x0000000086900000| Untracked 
|  10|0x0000000086a00000, 0x0000000086a00000, 0x0000000086b00000|  0%| F|  |TAMS 0x0000000086a00000, 0x0000000086a00000| Untracked 
|  11|0x0000000086b00000, 0x0000000086b00000, 0x0000000086c00000|  0%| F|  |TAMS 0x0000000086b00000, 0x0000000086b00000| Untracked 
|  12|0x0000000086c00000, 0x0000000086c00000, 0x0000000086d00000|  0%| F|  |TAMS 0x0000000086c00000, 0x0000000086c00000| Untracked 
|  13|0x0000000086d00000, 0x0000000086d00000, 0x0000000086e00000|  0%| F|  |TAMS 0x0000000086d00000, 0x0000000086d00000| Untracked 
|  14|0x0000000086e00000, 0x0000000086e00000, 0x0000000086f00000|  0%| F|  |TAMS 0x0000000086e00000, 0x0000000086e00000| Untracked 
|  15|0x0000000086f00000, 0x0000000086f00000, 0x0000000087000000|  0%| F|  |TAMS 0x0000000086f00000, 0x0000000086f00000| Untracked 
|  16|0x0000000087000000, 0x0000000087000000, 0x0000000087100000|  0%| F|  |TAMS 0x0000000087000000, 0x0000000087000000| Untracked 
|  17|0x0000000087100000, 0x0000000087100000, 0x0000000087200000|  0%| F|  |TAMS 0x0000000087100000, 0x0000000087100000| Untracked 
|  18|0x0000000087200000, 0x0000000087200000, 0x0000000087300000|  0%| F|  |TAMS 0x0000000087200000, 0x0000000087200000| Untracked 
|  19|0x0000000087300000, 0x0000000087300000, 0x0000000087400000|  0%| F|  |TAMS 0x0000000087300000, 0x0000000087300000| Untracked 
|  20|0x0000000087400000, 0x0000000087400000, 0x0000000087500000|  0%| F|  |TAMS 0x0000000087400000, 0x0000000087400000| Untracked 
|  21|0x0000000087500000, 0x0000000087500000, 0x0000000087600000|  0%| F|  |TAMS 0x0000000087500000, 0x0000000087500000| Untracked 
|  22|0x0000000087600000, 0x0000000087600000, 0x0000000087700000|  0%| F|  |TAMS 0x0000000087600000, 0x0000000087600000| Untracked 
|  23|0x0000000087700000, 0x0000000087700000, 0x0000000087800000|  0%| F|  |TAMS 0x0000000087700000, 0x0000000087700000| Untracked 
|  24|0x0000000087800000, 0x0000000087800000, 0x0000000087900000|  0%| F|  |TAMS 0x0000000087800000, 0x0000000087800000| Untracked 
|  25|0x0000000087900000, 0x0000000087900000, 0x0000000087a00000|  0%| F|  |TAMS 0x0000000087900000, 0x0000000087900000| Untracked 
|  26|0x0000000087a00000, 0x0000000087a00000, 0x0000000087b00000|  0%| F|  |TAMS 0x0000000087a00000, 0x0000000087a00000| Untracked 
|  27|0x0000000087b00000, 0x0000000087b00000, 0x0000000087c00000|  0%| F|  |TAMS 0x0000000087b00000, 0x0000000087b00000| Untracked 
|  28|0x0000000087c00000, 0x0000000087c00000, 0x0000000087d00000|  0%| F|  |TAMS 0x0000000087c00000, 0x0000000087c00000| Untracked 
|  29|0x0000000087d00000, 0x0000000087d00000, 0x0000000087e00000|  0%| F|  |TAMS 0x0000000087d00000, 0x0000000087d00000| Untracked 
|  30|0x0000000087e00000, 0x0000000087e00000, 0x0000000087f00000|  0%| F|  |TAMS 0x0000000087e00000, 0x0000000087e00000| Untracked 
|  31|0x0000000087f00000, 0x0000000087f00000, 0x0000000088000000|  0%| F|  |TAMS 0x0000000087f00000, 0x0000000087f00000| Untracked 
|  32|0x0000000088000000, 0x0000000088000000, 0x0000000088100000|  0%| F|  |TAMS 0x0000000088000000, 0x0000000088000000| Untracked 
|  33|0x0000000088100000, 0x0000000088100000, 0x0000000088200000|  0%| F|  |TAMS 0x0000000088100000, 0x0000000088100000| Untracked 
|  34|0x0000000088200000, 0x0000000088200000, 0x0000000088300000|  0%| F|  |TAMS 0x0000000088200000, 0x0000000088200000| Untracked 
|  35|0x0000000088300000, 0x0000000088300000, 0x0000000088400000|  0%| F|  |TAMS 0x0000000088300000, 0x0000000088300000| Untracked 
|  36|0x0000000088400000, 0x0000000088400000, 0x0000000088500000|  0%| F|  |TAMS 0x0000000088400000, 0x0000000088400000| Untracked 
|  37|0x0000000088500000, 0x0000000088500000, 0x0000000088600000|  0%| F|  |TAMS 0x0000000088500000, 0x0000000088500000| Untracked 
|  38|0x0000000088600000, 0x0000000088600000, 0x0000000088700000|  0%| F|  |TAMS 0x0000000088600000, 0x0000000088600000| Untracked 
|  39|0x0000000088700000, 0x0000000088700000, 0x0000000088800000|  0%| F|  |TAMS 0x0000000088700000, 0x0000000088700000| Untracked 
|  40|0x0000000088800000, 0x0000000088800000, 0x0000000088900000|  0%| F|  |TAMS 0x0000000088800000, 0x0000000088800000| Untracked 
|  41|0x0000000088900000, 0x0000000088900000, 0x0000000088a00000|  0%| F|  |TAMS 0x0000000088900000, 0x0000000088900000| Untracked 
|  42|0x0000000088a00000, 0x0000000088a00000, 0x0000000088b00000|  0%| F|  |TAMS 0x0000000088a00000, 0x0000000088a00000| Untracked 
|  43|0x0000000088b00000, 0x0000000088b00000, 0x0000000088c00000|  0%| F|  |TAMS 0x0000000088b00000, 0x0000000088b00000| Untracked 
|  44|0x0000000088c00000, 0x0000000088c00000, 0x0000000088d00000|  0%| F|  |TAMS 0x0000000088c00000, 0x0000000088c00000| Untracked 
|  45|0x0000000088d00000, 0x0000000088d00000, 0x0000000088e00000|  0%| F|  |TAMS 0x0000000088d00000, 0x0000000088d00000| Untracked 
|  46|0x0000000088e00000, 0x0000000088e00000, 0x0000000088f00000|  0%| F|  |TAMS 0x0000000088e00000, 0x0000000088e00000| Untracked 
|  47|0x0000000088f00000, 0x0000000088f00000, 0x0000000089000000|  0%| F|  |TAMS 0x0000000088f00000, 0x0000000088f00000| Untracked 
|  48|0x0000000089000000, 0x0000000089000000, 0x0000000089100000|  0%| F|  |TAMS 0x0000000089000000, 0x0000000089000000| Untracked 
|  49|0x0000000089100000, 0x0000000089100000, 0x0000000089200000|  0%| F|  |TAMS 0x0000000089100000, 0x0000000089100000| Untracked 
|  50|0x0000000089200000, 0x0000000089200000, 0x0000000089300000|  0%| F|  |TAMS 0x0000000089200000, 0x0000000089200000| Untracked 
|  51|0x0000000089300000, 0x0000000089300000, 0x0000000089400000|  0%| F|  |TAMS 0x0000000089300000, 0x0000000089300000| Untracked 
|  52|0x0000000089400000, 0x0000000089400000, 0x0000000089500000|  0%| F|  |TAMS 0x0000000089400000, 0x0000000089400000| Untracked 
|  53|0x0000000089500000, 0x0000000089500000, 0x0000000089600000|  0%| F|  |TAMS 0x0000000089500000, 0x0000000089500000| Untracked 
|  54|0x0000000089600000, 0x0000000089600000, 0x0000000089700000|  0%| F|  |TAMS 0x0000000089600000, 0x0000000089600000| Untracked 
|  55|0x0000000089700000, 0x0000000089700000, 0x0000000089800000|  0%| F|  |TAMS 0x0000000089700000, 0x0000000089700000| Untracked 
|  56|0x0000000089800000, 0x0000000089800000, 0x0000000089900000|  0%| F|  |TAMS 0x0000000089800000, 0x0000000089800000| Untracked 
|  57|0x0000000089900000, 0x0000000089900000, 0x0000000089a00000|  0%| F|  |TAMS 0x0000000089900000, 0x0000000089900000| Untracked 
|  58|0x0000000089a00000, 0x0000000089a00000, 0x0000000089b00000|  0%| F|  |TAMS 0x0000000089a00000, 0x0000000089a00000| Untracked 
|  59|0x0000000089b00000, 0x0000000089b00000, 0x0000000089c00000|  0%| F|  |TAMS 0x0000000089b00000, 0x0000000089b00000| Untracked 
|  60|0x0000000089c00000, 0x0000000089c00000, 0x0000000089d00000|  0%| F|  |TAMS 0x0000000089c00000, 0x0000000089c00000| Untracked 
|  61|0x0000000089d00000, 0x0000000089d00000, 0x0000000089e00000|  0%| F|  |TAMS 0x0000000089d00000, 0x0000000089d00000| Untracked 
|  62|0x0000000089e00000, 0x0000000089e00000, 0x0000000089f00000|  0%| F|  |TAMS 0x0000000089e00000, 0x0000000089e00000| Untracked 
|  63|0x0000000089f00000, 0x0000000089f00000, 0x000000008a000000|  0%| F|  |TAMS 0x0000000089f00000, 0x0000000089f00000| Untracked 
|  64|0x000000008a000000, 0x000000008a000000, 0x000000008a100000|  0%| F|  |TAMS 0x000000008a000000, 0x000000008a000000| Untracked 
|  65|0x000000008a100000, 0x000000008a100000, 0x000000008a200000|  0%| F|  |TAMS 0x000000008a100000, 0x000000008a100000| Untracked 
|  66|0x000000008a200000, 0x000000008a200000, 0x000000008a300000|  0%| F|  |TAMS 0x000000008a200000, 0x000000008a200000| Untracked 
|  67|0x000000008a300000, 0x000000008a300000, 0x000000008a400000|  0%| F|  |TAMS 0x000000008a300000, 0x000000008a300000| Untracked 
|  68|0x000000008a400000, 0x000000008a400000, 0x000000008a500000|  0%| F|  |TAMS 0x000000008a400000, 0x000000008a400000| Untracked 
|  69|0x000000008a500000, 0x000000008a500000, 0x000000008a600000|  0%| F|  |TAMS 0x000000008a500000, 0x000000008a500000| Untracked 
|  70|0x000000008a600000, 0x000000008a600000, 0x000000008a700000|  0%| F|  |TAMS 0x000000008a600000, 0x000000008a600000| Untracked 
|  71|0x000000008a700000, 0x000000008a700000, 0x000000008a800000|  0%| F|  |TAMS 0x000000008a700000, 0x000000008a700000| Untracked 
|  72|0x000000008a800000, 0x000000008a800000, 0x000000008a900000|  0%| F|  |TAMS 0x000000008a800000, 0x000000008a800000| Untracked 
|  73|0x000000008a900000, 0x000000008a900000, 0x000000008aa00000|  0%| F|  |TAMS 0x000000008a900000, 0x000000008a900000| Untracked 
|  74|0x000000008aa00000, 0x000000008aa00000, 0x000000008ab00000|  0%| F|  |TAMS 0x000000008aa00000, 0x000000008aa00000| Untracked 
|  75|0x000000008ab00000, 0x000000008ab00000, 0x000000008ac00000|  0%| F|  |TAMS 0x000000008ab00000, 0x000000008ab00000| Untracked 
|  76|0x000000008ac00000, 0x000000008ac00000, 0x000000008ad00000|  0%| F|  |TAMS 0x000000008ac00000, 0x000000008ac00000| Untracked 
|  77|0x000000008ad00000, 0x000000008ad00000, 0x000000008ae00000|  0%| F|  |TAMS 0x000000008ad00000, 0x000000008ad00000| Untracked 
|  78|0x000000008ae00000, 0x000000008ae00000, 0x000000008af00000|  0%| F|  |TAMS 0x000000008ae00000, 0x000000008ae00000| Untracked 
|  79|0x000000008af00000, 0x000000008af00000, 0x000000008b000000|  0%| F|  |TAMS 0x000000008af00000, 0x000000008af00000| Untracked 
|  80|0x000000008b000000, 0x000000008b000000, 0x000000008b100000|  0%| F|  |TAMS 0x000000008b000000, 0x000000008b000000| Untracked 
|  81|0x000000008b100000, 0x000000008b100000, 0x000000008b200000|  0%| F|  |TAMS 0x000000008b100000, 0x000000008b100000| Untracked 
|  82|0x000000008b200000, 0x000000008b200000, 0x000000008b300000|  0%| F|  |TAMS 0x000000008b200000, 0x000000008b200000| Untracked 
|  83|0x000000008b300000, 0x000000008b300000, 0x000000008b400000|  0%| F|  |TAMS 0x000000008b300000, 0x000000008b300000| Untracked 
|  84|0x000000008b400000, 0x000000008b400000, 0x000000008b500000|  0%| F|  |TAMS 0x000000008b400000, 0x000000008b400000| Untracked 
|  85|0x000000008b500000, 0x000000008b500000, 0x000000008b600000|  0%| F|  |TAMS 0x000000008b500000, 0x000000008b500000| Untracked 
|  86|0x000000008b600000, 0x000000008b600000, 0x000000008b700000|  0%| F|  |TAMS 0x000000008b600000, 0x000000008b600000| Untracked 
|  87|0x000000008b700000, 0x000000008b700000, 0x000000008b800000|  0%| F|  |TAMS 0x000000008b700000, 0x000000008b700000| Untracked 
|  88|0x000000008b800000, 0x000000008b800000, 0x000000008b900000|  0%| F|  |TAMS 0x000000008b800000, 0x000000008b800000| Untracked 
|  89|0x000000008b900000, 0x000000008b900000, 0x000000008ba00000|  0%| F|  |TAMS 0x000000008b900000, 0x000000008b900000| Untracked 
|  90|0x000000008ba00000, 0x000000008ba00000, 0x000000008bb00000|  0%| F|  |TAMS 0x000000008ba00000, 0x000000008ba00000| Untracked 
|  91|0x000000008bb00000, 0x000000008bb00000, 0x000000008bc00000|  0%| F|  |TAMS 0x000000008bb00000, 0x000000008bb00000| Untracked 
|  92|0x000000008bc00000, 0x000000008bc00000, 0x000000008bd00000|  0%| F|  |TAMS 0x000000008bc00000, 0x000000008bc00000| Untracked 
|  93|0x000000008bd00000, 0x000000008bd00000, 0x000000008be00000|  0%| F|  |TAMS 0x000000008bd00000, 0x000000008bd00000| Untracked 
|  94|0x000000008be00000, 0x000000008be00000, 0x000000008bf00000|  0%| F|  |TAMS 0x000000008be00000, 0x000000008be00000| Untracked 
|  95|0x000000008bf00000, 0x000000008bf00000, 0x000000008c000000|  0%| F|  |TAMS 0x000000008bf00000, 0x000000008bf00000| Untracked 
|  96|0x000000008c000000, 0x000000008c000000, 0x000000008c100000|  0%| F|  |TAMS 0x000000008c000000, 0x000000008c000000| Untracked 
|  97|0x000000008c100000, 0x000000008c100000, 0x000000008c200000|  0%| F|  |TAMS 0x000000008c100000, 0x000000008c100000| Untracked 
|  98|0x000000008c200000, 0x000000008c200000, 0x000000008c300000|  0%| F|  |TAMS 0x000000008c200000, 0x000000008c200000| Untracked 
|  99|0x000000008c300000, 0x000000008c300000, 0x000000008c400000|  0%| F|  |TAMS 0x000000008c300000, 0x000000008c300000| Untracked 
| 100|0x000000008c400000, 0x000000008c400000, 0x000000008c500000|  0%| F|  |TAMS 0x000000008c400000, 0x000000008c400000| Untracked 
| 101|0x000000008c500000, 0x000000008c500000, 0x000000008c600000|  0%| F|  |TAMS 0x000000008c500000, 0x000000008c500000| Untracked 
| 102|0x000000008c600000, 0x000000008c600000, 0x000000008c700000|  0%| F|  |TAMS 0x000000008c600000, 0x000000008c600000| Untracked 
| 103|0x000000008c700000, 0x000000008c700000, 0x000000008c800000|  0%| F|  |TAMS 0x000000008c700000, 0x000000008c700000| Untracked 
| 104|0x000000008c800000, 0x000000008c800000, 0x000000008c900000|  0%| F|  |TAMS 0x000000008c800000, 0x000000008c800000| Untracked 
| 105|0x000000008c900000, 0x000000008c900000, 0x000000008ca00000|  0%| F|  |TAMS 0x000000008c900000, 0x000000008c900000| Untracked 
| 106|0x000000008ca00000, 0x000000008ca00000, 0x000000008cb00000|  0%| F|  |TAMS 0x000000008ca00000, 0x000000008ca00000| Untracked 
| 107|0x000000008cb00000, 0x000000008cb00000, 0x000000008cc00000|  0%| F|  |TAMS 0x000000008cb00000, 0x000000008cb00000| Untracked 
| 108|0x000000008cc00000, 0x000000008cc00000, 0x000000008cd00000|  0%| F|  |TAMS 0x000000008cc00000, 0x000000008cc00000| Untracked 
| 109|0x000000008cd00000, 0x000000008cd00000, 0x000000008ce00000|  0%| F|  |TAMS 0x000000008cd00000, 0x000000008cd00000| Untracked 
| 110|0x000000008ce00000, 0x000000008ce7b640, 0x000000008cf00000| 48%| E|  |TAMS 0x000000008ce00000, 0x000000008ce00000| Complete 
| 111|0x000000008cf00000, 0x000000008d000000, 0x000000008d000000|100%| E|CS|TAMS 0x000000008cf00000, 0x000000008cf00000| Complete 
| 112|0x000000008d000000, 0x000000008d100000, 0x000000008d100000|100%| E|CS|TAMS 0x000000008d000000, 0x000000008d000000| Complete 
| 113|0x000000008d100000, 0x000000008d200000, 0x000000008d200000|100%| E|CS|TAMS 0x000000008d100000, 0x000000008d100000| Complete 
| 114|0x000000008d200000, 0x000000008d300000, 0x000000008d300000|100%| E|CS|TAMS 0x000000008d200000, 0x000000008d200000| Complete 
| 115|0x000000008d300000, 0x000000008d400000, 0x000000008d400000|100%| E|CS|TAMS 0x000000008d300000, 0x000000008d300000| Complete 
| 116|0x000000008d400000, 0x000000008d500000, 0x000000008d500000|100%| E|CS|TAMS 0x000000008d400000, 0x000000008d400000| Complete 
| 117|0x000000008d500000, 0x000000008d600000, 0x000000008d600000|100%| E|CS|TAMS 0x000000008d500000, 0x000000008d500000| Complete 
| 118|0x000000008d600000, 0x000000008d700000, 0x000000008d700000|100%| E|CS|TAMS 0x000000008d600000, 0x000000008d600000| Complete 
| 119|0x000000008d700000, 0x000000008d800000, 0x000000008d800000|100%| E|CS|TAMS 0x000000008d700000, 0x000000008d700000| Complete 
| 120|0x000000008d800000, 0x000000008d900000, 0x000000008d900000|100%| E|CS|TAMS 0x000000008d800000, 0x000000008d800000| Complete 
| 121|0x000000008d900000, 0x000000008da00000, 0x000000008da00000|100%| E|CS|TAMS 0x000000008d900000, 0x000000008d900000| Complete 
|1950|0x00000000ffe00000, 0x00000000ffe48000, 0x00000000fff00000| 28%|OA|  |TAMS 0x00000000ffe00000, 0x00000000ffe00000| Untracked 
|1951|0x00000000fff00000, 0x00000000fff6c000, 0x0000000100000000| 42%|CA|  |TAMS 0x00000000fff00000, 0x00000000fff00000| Untracked 

Card table byte_map: [0x00007f194ad55000,0x00007f194b125000] _byte_map_base: 0x00007f194a925000

Marking Bits (Prev, Next): (CMBitMap*) 0x00007f1968058448, (CMBitMap*) 0x00007f1968058480
 Prev Bits: [0x00007f1948b05000, 0x00007f194a985000)
 Next Bits: [0x00007f1946c85000, 0x00007f1948b05000)

Polling page: 0x00007f196da68000

Metaspace:

Usage:
  Non-class:      5.76 MB capacity,     3.27 MB ( 57%) used,     2.48 MB ( 43%) free+waste,     5.56 KB ( <1%) overhead. 
      Class:    681.00 KB capacity,   392.60 KB ( 58%) used,   285.52 KB ( 42%) free+waste,     2.88 KB ( <1%) overhead. 
       Both:      6.42 MB capacity,     3.65 MB ( 57%) used,     2.76 MB ( 43%) free+waste,     8.44 KB ( <1%) overhead. 

Virtual space:
  Non-class space:        8.00 MB reserved,       6.00 MB ( 75%) committed 
      Class space:        1.00 GB reserved,     768.00 KB ( <1%) committed 
             Both:        1.01 GB reserved,       6.75 MB ( <1%) committed 

Chunk freelists:
   Non-Class:  23.00 KB
       Class:  0 bytes
        Both:  23.00 KB

MaxMetaspaceSize: unlimited
CompressedClassSpaceSize: 1.00 GB
Initial GC threshold: 20.80 MB
Current GC threshold: 20.80 MB
CDS: on

CodeHeap 'non-profiled nmethods': size=119172Kb used=240Kb max_used=240Kb free=118931Kb
 bounds [0x00007f195835e000, 0x00007f19585ce000, 0x00007f195f7bf000]
CodeHeap 'profiled nmethods': size=119168Kb used=1703Kb max_used=1703Kb free=117464Kb
 bounds [0x00007f1950efe000, 0x00007f195116e000, 0x00007f195835e000]
CodeHeap 'non-nmethods': size=7420Kb used=1709Kb max_used=1730Kb free=5710Kb
 bounds [0x00007f19507bf000, 0x00007f1950a2f000, 0x00007f1950efe000]
 total_blobs=1321 nmethods=914 adapters=320
 compilation: enabled
              stopped_count=0, restarted_count=0
 full_count=0

Compilation events (20 events):
Event: 0.931 Thread 0x00007f19140b5800 nmethod 894 0x00007f19510a0290 code [0x00007f19510a0440, 0x00007f19510a05e0]
Event: 0.931 Thread 0x00007f19140b5800  897       3       java.util.HashMap::keySet (25 bytes)
Event: 0.931 Thread 0x00007f196814d000 nmethod 893 0x00007f19510a0690 code [0x00007f19510a0860, 0x00007f19510a0ae0]
Event: 0.931 Thread 0x00007f196814d000  898       3       java.util.HashMap$KeySet::iterator (12 bytes)
Event: 0.931 Thread 0x00007f196814d000 nmethod 898 0x00007f19510a0c10 code [0x00007f19510a0de0, 0x00007f19510a1060]
Event: 0.931 Thread 0x00007f196814d000  899       3       java.util.HashMap$KeyIterator::<init> (11 bytes)
Event: 0.931 Thread 0x00007f19140b5800 nmethod 897 0x00007f19510a1190 code [0x00007f19510a1360, 0x00007f19510a1750]
Event: 0.931 Thread 0x00007f19140b5800  901       3       java.util.HashMap::tableSizeFor (32 bytes)
Event: 0.931 Thread 0x00007f19140b5800 nmethod 901 0x00007f19510a1890 code [0x00007f19510a1a60, 0x00007f19510a1c40]
Event: 0.931 Thread 0x00007f19140b5800  905   !   3       java.nio.charset.Charset::defaultCharset (53 bytes)
Event: 0.931 Thread 0x00007f196814d000 nmethod 899 0x00007f19510a1d10 code [0x00007f19510a1ec0, 0x00007f19510a2060]
Event: 0.931 Thread 0x00007f196814d000  902       3       java.util.HashMap::isEmpty (13 bytes)
Event: 0.931 Thread 0x00007f196814d000 nmethod 902 0x00007f19510a2110 code [0x00007f19510a22c0, 0x00007f19510a2430]
Event: 0.931 Thread 0x00007f196814d000  903       3       java.util.HashSet::remove (20 bytes)
Event: 0.931 Thread 0x00007f196814d000 nmethod 903 0x00007f19510a2490 code [0x00007f19510a2680, 0x00007f19510a2b50]
Event: 0.931 Thread 0x00007f196814d000  910       3       java.util.HashSet::<init> (16 bytes)
Event: 0.931 Thread 0x00007f196814d000 nmethod 910 0x00007f19510a2d10 code [0x00007f19510a2f00, 0x00007f19510a3330]
Event: 0.931 Thread 0x00007f196814d000  912       3       java.util.AbstractCollection::addAll (42 bytes)
Event: 0.931 Thread 0x00007f19140b5800 nmethod 905 0x00007f19510a3490 code [0x00007f19510a3740, 0x00007f19510a4410]
Event: 0.931 Thread 0x00007f19140b5800  909       3       org.bytedeco.llvm.LLVM.LLVMValueRef::<init> (6 bytes)

GC Heap History (0 events):
No events

Deoptimization events (20 events):
Event: 0.443 Thread 0x00007f1968015800 DEOPT PACKING pc=0x00007f195836ea2c sp=0x00007f196c1f3d30
Event: 0.443 Thread 0x00007f1968015800 DEOPT UNPACKING pc=0x00007f1950808ea5 sp=0x00007f196c1f3cb0 mode 2
Event: 0.520 Thread 0x00007f1968015800 DEOPT PACKING pc=0x00007f1950f56e24 sp=0x00007f196c1f4550
Event: 0.520 Thread 0x00007f1968015800 DEOPT UNPACKING pc=0x00007f195080964a sp=0x00007f196c1f39c8 mode 0
Event: 0.544 Thread 0x00007f1968015800 DEOPT PACKING pc=0x00007f1950fdabe2 sp=0x00007f196c1f44d0
Event: 0.544 Thread 0x00007f1968015800 DEOPT UNPACKING pc=0x00007f195080964a sp=0x00007f196c1f3968 mode 0
Event: 0.768 Thread 0x00007f1968015800 DEOPT PACKING pc=0x00007f1950f35c16 sp=0x00007f196c1f2de0
Event: 0.768 Thread 0x00007f1968015800 DEOPT UNPACKING pc=0x00007f195080964a sp=0x00007f196c1f22f0 mode 0
Event: 0.895 Thread 0x00007f1968015800 Uncommon trap: trap_request=0xffffff76 fr.pc=0x00007f1958367de0 relative=0x0000000000000140
Event: 0.895 Thread 0x00007f1968015800 Uncommon trap: reason=loop_limit_check action=maybe_recompile pc=0x00007f1958367de0 method=java.lang.StringLatin1.lastIndexOf([BII)I @ 19 c2
Event: 0.895 Thread 0x00007f1968015800 DEOPT PACKING pc=0x00007f1958367de0 sp=0x00007f196c1f5280
Event: 0.895 Thread 0x00007f1968015800 DEOPT UNPACKING pc=0x00007f1950808ea5 sp=0x00007f196c1f5220 mode 2
Event: 0.916 Thread 0x00007f1968015800 Uncommon trap: trap_request=0xffffff4d fr.pc=0x00007f19583815c0 relative=0x0000000000000200
Event: 0.916 Thread 0x00007f1968015800 Uncommon trap: reason=unstable_if action=reinterpret pc=0x00007f19583815c0 method=java.util.HashMap.getNode(ILjava/lang/Object;)Ljava/util/HashMap$Node; @ 84 c2
Event: 0.916 Thread 0x00007f1968015800 DEOPT PACKING pc=0x00007f19583815c0 sp=0x00007f196c1f5440
Event: 0.916 Thread 0x00007f1968015800 DEOPT UNPACKING pc=0x00007f1950808ea5 sp=0x00007f196c1f5370 mode 2
Event: 0.916 Thread 0x00007f1968015800 Uncommon trap: trap_request=0xffffff4d fr.pc=0x00007f195837f1f0 relative=0x00000000000001b0
Event: 0.916 Thread 0x00007f1968015800 Uncommon trap: reason=unstable_if action=reinterpret pc=0x00007f195837f1f0 method=java.util.HashMap.getNode(ILjava/lang/Object;)Ljava/util/HashMap$Node; @ 84 c2
Event: 0.916 Thread 0x00007f1968015800 DEOPT PACKING pc=0x00007f195837f1f0 sp=0x00007f196c1f53d0
Event: 0.916 Thread 0x00007f1968015800 DEOPT UNPACKING pc=0x00007f1950808ea5 sp=0x00007f196c1f5378 mode 2

Classes redefined (0 events):
No events

Internal exceptions (20 events):
Event: 0.520 Thread 0x00007f1968015800 Exception <a 'java/security/PrivilegedActionException'{0x000000008d350268}> (0x000000008d350268) thrown at [./src/hotspot/share/prims/jvm.cpp, line 1304]
Event: 0.520 Thread 0x00007f1968015800 Exception <a 'java/security/PrivilegedActionException'{0x000000008d350538}> (0x000000008d350538) thrown at [./src/hotspot/share/prims/jvm.cpp, line 1304]
Event: 0.520 Thread 0x00007f1968015800 Exception <a 'java/security/PrivilegedActionException'{0x000000008d350f48}> (0x000000008d350f48) thrown at [./src/hotspot/share/prims/jvm.cpp, line 1304]
Event: 0.520 Thread 0x00007f1968015800 Exception <a 'java/security/PrivilegedActionException'{0x000000008d351218}> (0x000000008d351218) thrown at [./src/hotspot/share/prims/jvm.cpp, line 1304]
Event: 0.520 Thread 0x00007f1968015800 Exception <a 'java/security/PrivilegedActionException'{0x000000008d351c48}> (0x000000008d351c48) thrown at [./src/hotspot/share/prims/jvm.cpp, line 1304]
Event: 0.520 Thread 0x00007f1968015800 Exception <a 'java/security/PrivilegedActionException'{0x000000008d351f18}> (0x000000008d351f18) thrown at [./src/hotspot/share/prims/jvm.cpp, line 1304]
Event: 0.520 Thread 0x00007f1968015800 Exception <a 'java/security/PrivilegedActionException'{0x000000008d352930}> (0x000000008d352930) thrown at [./src/hotspot/share/prims/jvm.cpp, line 1304]
Event: 0.520 Thread 0x00007f1968015800 Exception <a 'java/security/PrivilegedActionException'{0x000000008d352c00}> (0x000000008d352c00) thrown at [./src/hotspot/share/prims/jvm.cpp, line 1304]
Event: 0.520 Thread 0x00007f1968015800 Exception <a 'java/security/PrivilegedActionException'{0x000000008d353618}> (0x000000008d353618) thrown at [./src/hotspot/share/prims/jvm.cpp, line 1304]
Event: 0.520 Thread 0x00007f1968015800 Exception <a 'java/security/PrivilegedActionException'{0x000000008d3538e8}> (0x000000008d3538e8) thrown at [./src/hotspot/share/prims/jvm.cpp, line 1304]
Event: 0.520 Thread 0x00007f1968015800 Exception <a 'java/security/PrivilegedActionException'{0x000000008d354320}> (0x000000008d354320) thrown at [./src/hotspot/share/prims/jvm.cpp, line 1304]
Event: 0.520 Thread 0x00007f1968015800 Exception <a 'java/security/PrivilegedActionException'{0x000000008d3545f0}> (0x000000008d3545f0) thrown at [./src/hotspot/share/prims/jvm.cpp, line 1304]
Event: 0.520 Thread 0x00007f1968015800 Exception <a 'java/security/PrivilegedActionException'{0x000000008d355020}> (0x000000008d355020) thrown at [./src/hotspot/share/prims/jvm.cpp, line 1304]
Event: 0.520 Thread 0x00007f1968015800 Exception <a 'java/security/PrivilegedActionException'{0x000000008d3552f0}> (0x000000008d3552f0) thrown at [./src/hotspot/share/prims/jvm.cpp, line 1304]
Event: 0.520 Thread 0x00007f1968015800 Exception <a 'java/security/PrivilegedActionException'{0x000000008d355d28}> (0x000000008d355d28) thrown at [./src/hotspot/share/prims/jvm.cpp, line 1304]
Event: 0.520 Thread 0x00007f1968015800 Exception <a 'java/security/PrivilegedActionException'{0x000000008d355ff8}> (0x000000008d355ff8) thrown at [./src/hotspot/share/prims/jvm.cpp, line 1304]
Event: 0.520 Thread 0x00007f1968015800 Exception <a 'java/security/PrivilegedActionException'{0x000000008d356a10}> (0x000000008d356a10) thrown at [./src/hotspot/share/prims/jvm.cpp, line 1304]
Event: 0.520 Thread 0x00007f1968015800 Exception <a 'java/security/PrivilegedActionException'{0x000000008d356ce0}> (0x000000008d356ce0) thrown at [./src/hotspot/share/prims/jvm.cpp, line 1304]
Event: 0.520 Thread 0x00007f1968015800 Exception <a 'java/security/PrivilegedActionException'{0x000000008d357730}> (0x000000008d357730) thrown at [./src/hotspot/share/prims/jvm.cpp, line 1304]
Event: 0.520 Thread 0x00007f1968015800 Exception <a 'java/security/PrivilegedActionException'{0x000000008d357a00}> (0x000000008d357a00) thrown at [./src/hotspot/share/prims/jvm.cpp, line 1304]

Events (20 events):
Event: 0.906 loading class java/lang/invoke/BoundMethodHandle$Species_LLLLLLII
Event: 0.906 loading class java/lang/invoke/BoundMethodHandle$Species_LLLLLLII done
Event: 0.906 loading class java/lang/invoke/BoundMethodHandle$Species_LLLLLLIIL
Event: 0.906 loading class java/lang/invoke/BoundMethodHandle$Species_LLLLLLIIL done
Event: 0.913 loading class java/io/BufferedReader
Event: 0.913 loading class java/io/BufferedReader done
Event: 0.914 loading class java/util/regex/Pattern$Bound
Event: 0.914 loading class java/util/regex/Pattern$Bound done
Event: 0.916 loading class java/util/LinkedHashSet
Event: 0.916 loading class java/util/LinkedHashSet done
Event: 0.916 Executing VM operation: Deoptimize
Event: 0.916 Executing VM operation: Deoptimize done
Event: 0.917 loading class ConstValue
Event: 0.917 loading class ConstValue done
Event: 0.923 loading class ConstStatus
Event: 0.923 loading class ConstStatus done
Event: 0.929 loading class java/util/LinkedHashMap$LinkedKeySet
Event: 0.929 loading class java/util/LinkedHashMap$LinkedKeySet done
Event: 0.929 loading class java/util/LinkedHashMap$LinkedKeyIterator
Event: 0.929 loading class java/util/LinkedHashMap$LinkedKeyIterator done


Dynamic libraries:
86000000-8da00000 rw-p 00000000 00:00 0 
8da00000-ffe00000 ---p 00000000 00:00 0 
ffe00000-ffe48000 rw-p 00b14000 08:20 29394                              /usr/lib/jvm/java-11-openjdk-amd64/lib/server/classes.jsa
ffe48000-fff00000 rw-p 00000000 00:00 0 
fff00000-fff6c000 rw-p 00aa8000 08:20 29394                              /usr/lib/jvm/java-11-openjdk-amd64/lib/server/classes.jsa
fff6c000-100000000 rw-p 00000000 00:00 0 
800000000-800002000 rwxp 00001000 08:20 29394                            /usr/lib/jvm/java-11-openjdk-amd64/lib/server/classes.jsa
800002000-8003ce000 rw-p 00003000 08:20 29394                            /usr/lib/jvm/java-11-openjdk-amd64/lib/server/classes.jsa
8003ce000-800aa6000 r--p 003cf000 08:20 29394                            /usr/lib/jvm/java-11-openjdk-amd64/lib/server/classes.jsa
800aa6000-800aa7000 rw-p 00aa7000 08:20 29394                            /usr/lib/jvm/java-11-openjdk-amd64/lib/server/classes.jsa
840000000-8400c0000 rw-p 00000000 00:00 0 
8400c0000-880000000 ---p 00000000 00:00 0 
55e629a77000-55e629a78000 r--p 00000000 08:20 58380                      /usr/lib/jvm/java-11-openjdk-amd64/bin/java
55e629a78000-55e629a79000 r-xp 00001000 08:20 58380                      /usr/lib/jvm/java-11-openjdk-amd64/bin/java
55e629a79000-55e629a7a000 r--p 00002000 08:20 58380                      /usr/lib/jvm/java-11-openjdk-amd64/bin/java
55e629a7a000-55e629a7b000 r--p 00002000 08:20 58380                      /usr/lib/jvm/java-11-openjdk-amd64/bin/java
55e629a7b000-55e629a7c000 rw-p 00003000 08:20 58380                      /usr/lib/jvm/java-11-openjdk-amd64/bin/java
55e64de6a000-55e64de8b000 rw-p 00000000 00:00 0                          [heap]
7f18ed52c000-7f18ede52000 r--p 00000000 08:20 227212                     /home/itshandable/.javacpp/cache/llvm-13.0.1-1.5.7-linux-x86_64.jar/org/bytedeco/llvm/linux-x86_64/libLLVM-13.so
7f18ede52000-7f18f1815000 r-xp 00926000 08:20 227212                     /home/itshandable/.javacpp/cache/llvm-13.0.1-1.5.7-linux-x86_64.jar/org/bytedeco/llvm/linux-x86_64/libLLVM-13.so
7f18f1815000-7f18f3a6a000 r--p 042e9000 08:20 227212                     /home/itshandable/.javacpp/cache/llvm-13.0.1-1.5.7-linux-x86_64.jar/org/bytedeco/llvm/linux-x86_64/libLLVM-13.so
7f18f3a6a000-7f18f3f7f000 r--p 0653d000 08:20 227212                     /home/itshandable/.javacpp/cache/llvm-13.0.1-1.5.7-linux-x86_64.jar/org/bytedeco/llvm/linux-x86_64/libLLVM-13.so
7f18f3f7f000-7f18f3f8a000 rw-p 06a52000 08:20 227212                     /home/itshandable/.javacpp/cache/llvm-13.0.1-1.5.7-linux-x86_64.jar/org/bytedeco/llvm/linux-x86_64/libLLVM-13.so
7f18f3f8a000-7f18f4000000 rw-p 00000000 00:00 0 
7f18f4000000-7f18f402e000 rw-p 00000000 00:00 0 
7f18f402e000-7f18f8000000 ---p 00000000 00:00 0 
7f18fc000000-7f18fc021000 rw-p 00000000 00:00 0 
7f18fc021000-7f1900000000 ---p 00000000 00:00 0 
7f1900000000-7f1900025000 rw-p 00000000 00:00 0 
7f1900025000-7f1904000000 ---p 00000000 00:00 0 
7f1904000000-7f1904021000 rw-p 00000000 00:00 0 
7f1904021000-7f1908000000 ---p 00000000 00:00 0 
7f1908000000-7f1908021000 rw-p 00000000 00:00 0 
7f1908021000-7f190c000000 ---p 00000000 00:00 0 
7f190c000000-7f190c021000 rw-p 00000000 00:00 0 
7f190c021000-7f1910000000 ---p 00000000 00:00 0 
7f1910000000-7f19103a5000 rw-p 00000000 00:00 0 
7f19103a5000-7f1914000000 ---p 00000000 00:00 0 
7f1914000000-7f191413b000 rw-p 00000000 00:00 0 
7f191413b000-7f1918000000 ---p 00000000 00:00 0 
7f1918000000-7f19181c9000 rw-p 00000000 00:00 0 
7f19181c9000-7f191c000000 ---p 00000000 00:00 0 
7f191c000000-7f191c021000 rw-p 00000000 00:00 0 
7f191c021000-7f1920000000 ---p 00000000 00:00 0 
7f1920000000-7f1920021000 rw-p 00000000 00:00 0 
7f1920021000-7f1924000000 ---p 00000000 00:00 0 
7f1924000000-7f1924021000 rw-p 00000000 00:00 0 
7f1924021000-7f1928000000 ---p 00000000 00:00 0 
7f1928000000-7f1928021000 rw-p 00000000 00:00 0 
7f1928021000-7f192c000000 ---p 00000000 00:00 0 
7f192c000000-7f192c021000 rw-p 00000000 00:00 0 
7f192c021000-7f1930000000 ---p 00000000 00:00 0 
7f1930000000-7f1930021000 rw-p 00000000 00:00 0 
7f1930021000-7f1934000000 ---p 00000000 00:00 0 
7f1934000000-7f1934021000 rw-p 00000000 00:00 0 
7f1934021000-7f1938000000 ---p 00000000 00:00 0 
7f1938000000-7f1938021000 rw-p 00000000 00:00 0 
7f1938021000-7f193c000000 ---p 00000000 00:00 0 
7f193e0f0000-7f193e155000 r--p 00000000 08:20 227234                     /home/itshandable/.javacpp/cache/llvm-13.0.1-1.5.7-linux-x86_64.jar/org/bytedeco/llvm/linux-x86_64/libjniLLVM.so
7f193e155000-7f193e1c3000 r-xp 00065000 08:20 227234                     /home/itshandable/.javacpp/cache/llvm-13.0.1-1.5.7-linux-x86_64.jar/org/bytedeco/llvm/linux-x86_64/libjniLLVM.so
7f193e1c3000-7f193e1ee000 r--p 000d3000 08:20 227234                     /home/itshandable/.javacpp/cache/llvm-13.0.1-1.5.7-linux-x86_64.jar/org/bytedeco/llvm/linux-x86_64/libjniLLVM.so
7f193e1ee000-7f193e1f1000 r--p 000fd000 08:20 227234                     /home/itshandable/.javacpp/cache/llvm-13.0.1-1.5.7-linux-x86_64.jar/org/bytedeco/llvm/linux-x86_64/libjniLLVM.so
7f193e1f1000-7f193e1f4000 rw-p 00100000 08:20 227234                     /home/itshandable/.javacpp/cache/llvm-13.0.1-1.5.7-linux-x86_64.jar/org/bytedeco/llvm/linux-x86_64/libjniLLVM.so
7f193e1f4000-7f193e1f6000 rw-p 00000000 00:00 0 
7f193e1f6000-7f193e1fa000 ---p 00000000 00:00 0 
7f193e1fa000-7f193e2f6000 rw-p 00000000 00:00 0 
7f193e2f6000-7f193e2fa000 ---p 00000000 00:00 0 
7f193e2fa000-7f193e3f6000 rw-p 00000000 00:00 0 
7f193e3f6000-7f193e3fa000 ---p 00000000 00:00 0 
7f193e3fa000-7f193e4f6000 rw-p 00000000 00:00 0 
7f193e4f6000-7f193e4fa000 ---p 00000000 00:00 0 
7f193e4fa000-7f193e5f6000 rw-p 00000000 00:00 0 
7f193e5f6000-7f193e5f7000 ---p 00000000 00:00 0 
7f193e5f7000-7f193e6f7000 rw-p 00000000 00:00 0 
7f193e6f7000-7f193e6fb000 ---p 00000000 00:00 0 
7f193e6fb000-7f193e7f7000 rw-p 00000000 00:00 0 
7f193e7f7000-7f193e7fb000 ---p 00000000 00:00 0 
7f193e7fb000-7f193e8f7000 rw-p 00000000 00:00 0 
7f193e8f7000-7f193e8fb000 ---p 00000000 00:00 0 
7f193e8fb000-7f193e9f7000 rw-p 00000000 00:00 0 
7f193e9f7000-7f193e9fb000 ---p 00000000 00:00 0 
7f193e9fb000-7f193eaf7000 rw-p 00000000 00:00 0 
7f193eaf7000-7f193eafb000 ---p 00000000 00:00 0 
7f193eafb000-7f193ebf7000 rw-p 00000000 00:00 0 
7f193ebf7000-7f193ebfb000 ---p 00000000 00:00 0 
7f193ebfb000-7f193ecf7000 rw-p 00000000 00:00 0 
7f193ecf7000-7f193ecfb000 ---p 00000000 00:00 0 
7f193ecfb000-7f193edf7000 rw-p 00000000 00:00 0 
7f193edf7000-7f193edfb000 ---p 00000000 00:00 0 
7f193edfb000-7f193eef7000 rw-p 00000000 00:00 0 
7f193eef7000-7f193eef8000 ---p 00000000 00:00 0 
7f193eef8000-7f193f5f8000 rw-p 00000000 00:00 0 
7f193f5f8000-7f193f7f8000 ---p 00000000 00:00 0 
7f193f7f8000-7f193f7f9000 ---p 00000000 00:00 0 
7f193f7f9000-7f193f8f9000 rw-p 00000000 00:00 0 
7f193f8f9000-7f193f8fa000 ---p 00000000 00:00 0 
7f193f8fa000-7f1940000000 rw-p 00000000 00:00 0 
7f1940000000-7f1940021000 rw-p 00000000 00:00 0 
7f1940021000-7f1944000000 ---p 00000000 00:00 0 
7f1944021000-7f1944022000 r--p 00000000 08:20 227228                     /home/itshandable/.javacpp/cache/llvm-13.0.1-1.5.7-linux-x86_64.jar/org/bytedeco/llvm/linux-x86_64/libRemarks.so.13
7f1944022000-7f1944023000 r-xp 00001000 08:20 227228                     /home/itshandable/.javacpp/cache/llvm-13.0.1-1.5.7-linux-x86_64.jar/org/bytedeco/llvm/linux-x86_64/libRemarks.so.13
7f1944023000-7f1944024000 r--p 00002000 08:20 227228                     /home/itshandable/.javacpp/cache/llvm-13.0.1-1.5.7-linux-x86_64.jar/org/bytedeco/llvm/linux-x86_64/libRemarks.so.13
7f1944024000-7f1944025000 r--p 00002000 08:20 227228                     /home/itshandable/.javacpp/cache/llvm-13.0.1-1.5.7-linux-x86_64.jar/org/bytedeco/llvm/linux-x86_64/libRemarks.so.13
7f1944025000-7f1944026000 rw-p 00003000 08:20 227228                     /home/itshandable/.javacpp/cache/llvm-13.0.1-1.5.7-linux-x86_64.jar/org/bytedeco/llvm/linux-x86_64/libRemarks.so.13
7f1944026000-7f194402d000 r--p 00000000 08:20 227217                     /home/itshandable/.javacpp/cache/llvm-13.0.1-1.5.7-linux-x86_64.jar/org/bytedeco/llvm/linux-x86_64/libLTO.so.13
7f194402d000-7f1944035000 r-xp 00007000 08:20 227217                     /home/itshandable/.javacpp/cache/llvm-13.0.1-1.5.7-linux-x86_64.jar/org/bytedeco/llvm/linux-x86_64/libLTO.so.13
7f1944035000-7f1944037000 r--p 0000f000 08:20 227217                     /home/itshandable/.javacpp/cache/llvm-13.0.1-1.5.7-linux-x86_64.jar/org/bytedeco/llvm/linux-x86_64/libLTO.so.13
7f1944037000-7f1944038000 r--p 00010000 08:20 227217                     /home/itshandable/.javacpp/cache/llvm-13.0.1-1.5.7-linux-x86_64.jar/org/bytedeco/llvm/linux-x86_64/libLTO.so.13
7f1944038000-7f1944039000 rw-p 00011000 08:20 227217                     /home/itshandable/.javacpp/cache/llvm-13.0.1-1.5.7-linux-x86_64.jar/org/bytedeco/llvm/linux-x86_64/libLTO.so.13
7f1944039000-7f194406a000 rw-p 00000000 00:00 0 
7f194406a000-7f194406e000 r--p 00000000 08:20 58728                      /usr/lib/jvm/java-11-openjdk-amd64/lib/libnet.so
7f194406e000-7f194407c000 r-xp 00004000 08:20 58728                      /usr/lib/jvm/java-11-openjdk-amd64/lib/libnet.so
7f194407c000-7f1944080000 r--p 00012000 08:20 58728                      /usr/lib/jvm/java-11-openjdk-amd64/lib/libnet.so
7f1944080000-7f1944081000 r--p 00015000 08:20 58728                      /usr/lib/jvm/java-11-openjdk-amd64/lib/libnet.so
7f1944081000-7f1944082000 rw-p 00016000 08:20 58728                      /usr/lib/jvm/java-11-openjdk-amd64/lib/libnet.so
7f1944082000-7f194698b000 rw-p 00000000 00:00 0 
7f194698b000-7f194698c000 ---p 00000000 00:00 0 
7f194698c000-7f1946a8c000 rw-p 00000000 00:00 0 
7f1946a8c000-7f1946a8d000 ---p 00000000 00:00 0 
7f1946a8d000-7f1946e6d000 rw-p 00000000 00:00 0 
7f1946e6d000-7f1948afd000 ---p 00000000 00:00 0 
7f1948afd000-7f1948ced000 rw-p 00000000 00:00 0 
7f1948ced000-7f194a97d000 ---p 00000000 00:00 0 
7f194a97d000-7f194a9c2000 rw-p 00000000 00:00 0 
7f194a9c2000-7f194ad54000 ---p 00000000 00:00 0 
7f194ad54000-7f194ad92000 rw-p 00000000 00:00 0 
7f194ad92000-7f194b124000 ---p 00000000 00:00 0 
7f194b124000-7f194b162000 rw-p 00000000 00:00 0 
7f194b162000-7f194b4f4000 ---p 00000000 00:00 0 
7f194b4f4000-7f194c000000 rw-p 00000000 00:00 0 
7f194c000000-7f194c021000 rw-p 00000000 00:00 0 
7f194c021000-7f1950000000 ---p 00000000 00:00 0 
7f1950002000-7f1950003000 r--p 00000000 08:20 64938                      /usr/lib/x86_64-linux-gnu/libdl.so.2
7f1950003000-7f1950004000 r-xp 00001000 08:20 64938                      /usr/lib/x86_64-linux-gnu/libdl.so.2
7f1950004000-7f1950005000 r--p 00002000 08:20 64938                      /usr/lib/x86_64-linux-gnu/libdl.so.2
7f1950005000-7f1950006000 r--p 00002000 08:20 64938                      /usr/lib/x86_64-linux-gnu/libdl.so.2
7f1950006000-7f1950007000 rw-p 00003000 08:20 64938                      /usr/lib/x86_64-linux-gnu/libdl.so.2
7f1950007000-7f1950008000 r--p 00000000 08:20 64948                      /usr/lib/x86_64-linux-gnu/libpthread.so.0
7f1950008000-7f1950009000 r-xp 00001000 08:20 64948                      /usr/lib/x86_64-linux-gnu/libpthread.so.0
7f1950009000-7f195000a000 r--p 00002000 08:20 64948                      /usr/lib/x86_64-linux-gnu/libpthread.so.0
7f195000a000-7f195000b000 r--p 00002000 08:20 64948                      /usr/lib/x86_64-linux-gnu/libpthread.so.0
7f195000b000-7f195000c000 rw-p 00003000 08:20 64948                      /usr/lib/x86_64-linux-gnu/libpthread.so.0
7f195000c000-7f19504ec000 rw-p 00000000 00:00 0 
7f19504ec000-7f19504ed000 ---p 00000000 00:00 0 
7f19504ed000-7f19505f2000 rw-p 00000000 00:00 0 
7f19505f2000-7f19506d6000 ---p 00000000 00:00 0 
7f19506d6000-7f19506db000 rw-p 00000000 00:00 0 
7f19506db000-7f19507bf000 ---p 00000000 00:00 0 
7f19507bf000-7f1950a2f000 rwxp 00000000 00:00 0 
7f1950a2f000-7f1950efe000 ---p 00000000 00:00 0 
7f1950efe000-7f195116e000 rwxp 00000000 00:00 0 
7f195116e000-7f195835e000 ---p 00000000 00:00 0 
7f195835e000-7f19585ce000 rwxp 00000000 00:00 0 
7f19585ce000-7f195f7bf000 ---p 00000000 00:00 0 
7f195f7bf000-7f1968000000 r--s 00000000 08:20 58738                      /usr/lib/jvm/java-11-openjdk-amd64/lib/modules
7f1968000000-7f1968382000 rw-p 00000000 00:00 0 
7f1968382000-7f196c000000 ---p 00000000 00:00 0 
7f196c002000-7f196c006000 r--p 00000000 08:20 227196                     /home/itshandable/.javacpp/cache/javacpp-1.5.7-linux-x86_64.jar/org/bytedeco/javacpp/linux-x86_64/libjnijavacpp.so
7f196c006000-7f196c00d000 r-xp 00004000 08:20 227196                     /home/itshandable/.javacpp/cache/javacpp-1.5.7-linux-x86_64.jar/org/bytedeco/javacpp/linux-x86_64/libjnijavacpp.so
7f196c00d000-7f196c011000 r--p 0000b000 08:20 227196                     /home/itshandable/.javacpp/cache/javacpp-1.5.7-linux-x86_64.jar/org/bytedeco/javacpp/linux-x86_64/libjnijavacpp.so
7f196c011000-7f196c012000 r--p 0000e000 08:20 227196                     /home/itshandable/.javacpp/cache/javacpp-1.5.7-linux-x86_64.jar/org/bytedeco/javacpp/linux-x86_64/libjnijavacpp.so
7f196c012000-7f196c013000 rw-p 0000f000 08:20 227196                     /home/itshandable/.javacpp/cache/javacpp-1.5.7-linux-x86_64.jar/org/bytedeco/javacpp/linux-x86_64/libjnijavacpp.so
7f196c013000-7f196c01a000 r--p 00000000 08:20 58729                      /usr/lib/jvm/java-11-openjdk-amd64/lib/libnio.so
7f196c01a000-7f196c022000 r-xp 00007000 08:20 58729                      /usr/lib/jvm/java-11-openjdk-amd64/lib/libnio.so
7f196c022000-7f196c025000 r--p 0000f000 08:20 58729                      /usr/lib/jvm/java-11-openjdk-amd64/lib/libnio.so
7f196c025000-7f196c026000 r--p 00011000 08:20 58729                      /usr/lib/jvm/java-11-openjdk-amd64/lib/libnio.so
7f196c026000-7f196c027000 rw-p 00012000 08:20 58729                      /usr/lib/jvm/java-11-openjdk-amd64/lib/libnio.so
7f196c027000-7f196c096000 rw-p 00000000 00:00 0 
7f196c096000-7f196c0a0000 ---p 00000000 00:00 0 
7f196c0a0000-7f196c0a2000 r--p 00000000 08:20 58737                      /usr/lib/jvm/java-11-openjdk-amd64/lib/libzip.so
7f196c0a2000-7f196c0a7000 r-xp 00002000 08:20 58737                      /usr/lib/jvm/java-11-openjdk-amd64/lib/libzip.so
7f196c0a7000-7f196c0a9000 r--p 00007000 08:20 58737                      /usr/lib/jvm/java-11-openjdk-amd64/lib/libzip.so
7f196c0a9000-7f196c0aa000 r--p 00008000 08:20 58737                      /usr/lib/jvm/java-11-openjdk-amd64/lib/libzip.so
7f196c0aa000-7f196c0ab000 rw-p 00009000 08:20 58737                      /usr/lib/jvm/java-11-openjdk-amd64/lib/libzip.so
7f196c0ab000-7f196c0b3000 rw-s 00000000 08:20 2331                       /tmp/hsperfdata_itshandable/9651
7f196c0b3000-7f196c0c1000 r--p 00000000 08:20 58717                      /usr/lib/jvm/java-11-openjdk-amd64/lib/libjava.so
7f196c0c1000-7f196c0d7000 r-xp 0000e000 08:20 58717                      /usr/lib/jvm/java-11-openjdk-amd64/lib/libjava.so
7f196c0d7000-7f196c0de000 r--p 00024000 08:20 58717                      /usr/lib/jvm/java-11-openjdk-amd64/lib/libjava.so
7f196c0de000-7f196c0df000 r--p 0002a000 08:20 58717                      /usr/lib/jvm/java-11-openjdk-amd64/lib/libjava.so
7f196c0df000-7f196c0e0000 rw-p 0002b000 08:20 58717                      /usr/lib/jvm/java-11-openjdk-amd64/lib/libjava.so
7f196c0e0000-7f196c0e1000 rw-p 00000000 00:00 0 
7f196c0e1000-7f196c0e6000 r--p 00000000 08:20 58736                      /usr/lib/jvm/java-11-openjdk-amd64/lib/libverify.so
7f196c0e6000-7f196c0ed000 r-xp 00005000 08:20 58736                      /usr/lib/jvm/java-11-openjdk-amd64/lib/libverify.so
7f196c0ed000-7f196c0ef000 r--p 0000c000 08:20 58736                      /usr/lib/jvm/java-11-openjdk-amd64/lib/libverify.so
7f196c0ef000-7f196c0f1000 r--p 0000d000 08:20 58736                      /usr/lib/jvm/java-11-openjdk-amd64/lib/libverify.so
7f196c0f1000-7f196c0f2000 rw-p 0000f000 08:20 58736                      /usr/lib/jvm/java-11-openjdk-amd64/lib/libverify.so
7f196c0f2000-7f196c0f3000 r--p 00000000 08:20 64951                      /usr/lib/x86_64-linux-gnu/librt.so.1
7f196c0f3000-7f196c0f4000 r-xp 00001000 08:20 64951                      /usr/lib/x86_64-linux-gnu/librt.so.1
7f196c0f4000-7f196c0f5000 r--p 00002000 08:20 64951                      /usr/lib/x86_64-linux-gnu/librt.so.1
7f196c0f5000-7f196c0f6000 r--p 00002000 08:20 64951                      /usr/lib/x86_64-linux-gnu/librt.so.1
7f196c0f6000-7f196c0f7000 rw-p 00003000 08:20 64951                      /usr/lib/x86_64-linux-gnu/librt.so.1
7f196c0f7000-7f196c0fb000 ---p 00000000 00:00 0 
7f196c0fb000-7f196c1f7000 rw-p 00000000 00:00 0 
7f196c1f7000-7f196c1fa000 r--p 00000000 08:20 6709                       /usr/lib/x86_64-linux-gnu/libgcc_s.so.1
7f196c1fa000-7f196c211000 r-xp 00003000 08:20 6709                       /usr/lib/x86_64-linux-gnu/libgcc_s.so.1
7f196c211000-7f196c215000 r--p 0001a000 08:20 6709                       /usr/lib/x86_64-linux-gnu/libgcc_s.so.1
7f196c215000-7f196c216000 r--p 0001d000 08:20 6709                       /usr/lib/x86_64-linux-gnu/libgcc_s.so.1
7f196c216000-7f196c217000 rw-p 0001e000 08:20 6709                       /usr/lib/x86_64-linux-gnu/libgcc_s.so.1
7f196c217000-7f196c225000 r--p 00000000 08:20 64939                      /usr/lib/x86_64-linux-gnu/libm.so.6
7f196c225000-7f196c2a1000 r-xp 0000e000 08:20 64939                      /usr/lib/x86_64-linux-gnu/libm.so.6
7f196c2a1000-7f196c2fc000 r--p 0008a000 08:20 64939                      /usr/lib/x86_64-linux-gnu/libm.so.6
7f196c2fc000-7f196c2fd000 r--p 000e4000 08:20 64939                      /usr/lib/x86_64-linux-gnu/libm.so.6
7f196c2fd000-7f196c2fe000 rw-p 000e5000 08:20 64939                      /usr/lib/x86_64-linux-gnu/libm.so.6
7f196c2fe000-7f196c398000 r--p 00000000 08:20 6947                       /usr/lib/x86_64-linux-gnu/libstdc++.so.6.0.30
7f196c398000-7f196c4a9000 r-xp 0009a000 08:20 6947                       /usr/lib/x86_64-linux-gnu/libstdc++.so.6.0.30
7f196c4a9000-7f196c518000 r--p 001ab000 08:20 6947                       /usr/lib/x86_64-linux-gnu/libstdc++.so.6.0.30
7f196c518000-7f196c519000 ---p 0021a000 08:20 6947                       /usr/lib/x86_64-linux-gnu/libstdc++.so.6.0.30
7f196c519000-7f196c524000 r--p 0021a000 08:20 6947                       /usr/lib/x86_64-linux-gnu/libstdc++.so.6.0.30
7f196c524000-7f196c527000 rw-p 00225000 08:20 6947                       /usr/lib/x86_64-linux-gnu/libstdc++.so.6.0.30
7f196c527000-7f196c52a000 rw-p 00000000 00:00 0 
7f196c52a000-7f196c7ad000 r--p 00000000 08:20 58741                      /usr/lib/jvm/java-11-openjdk-amd64/lib/server/libjvm.so
7f196c7ad000-7f196d458000 r-xp 00283000 08:20 58741                      /usr/lib/jvm/java-11-openjdk-amd64/lib/server/libjvm.so
7f196d458000-7f196d6b4000 r--p 00f2e000 08:20 58741                      /usr/lib/jvm/java-11-openjdk-amd64/lib/server/libjvm.so
7f196d6b4000-7f196d778000 r--p 01189000 08:20 58741                      /usr/lib/jvm/java-11-openjdk-amd64/lib/server/libjvm.so
7f196d778000-7f196d7b3000 rw-p 0124d000 08:20 58741                      /usr/lib/jvm/java-11-openjdk-amd64/lib/server/libjvm.so
7f196d7b3000-7f196d80d000 rw-p 00000000 00:00 0 
7f196d80d000-7f196d835000 r--p 00000000 08:20 64935                      /usr/lib/x86_64-linux-gnu/libc.so.6
7f196d835000-7f196d9ca000 r-xp 00028000 08:20 64935                      /usr/lib/x86_64-linux-gnu/libc.so.6
7f196d9ca000-7f196da22000 r--p 001bd000 08:20 64935                      /usr/lib/x86_64-linux-gnu/libc.so.6
7f196da22000-7f196da23000 ---p 00215000 08:20 64935                      /usr/lib/x86_64-linux-gnu/libc.so.6
7f196da23000-7f196da27000 r--p 00215000 08:20 64935                      /usr/lib/x86_64-linux-gnu/libc.so.6
7f196da27000-7f196da29000 rw-p 00219000 08:20 64935                      /usr/lib/x86_64-linux-gnu/libc.so.6
7f196da29000-7f196da36000 rw-p 00000000 00:00 0 
7f196da36000-7f196da39000 r--p 00000000 08:20 58702                      /usr/lib/jvm/java-11-openjdk-amd64/lib/jli/libjli.so
7f196da39000-7f196da43000 r-xp 00003000 08:20 58702                      /usr/lib/jvm/java-11-openjdk-amd64/lib/jli/libjli.so
7f196da43000-7f196da46000 r--p 0000d000 08:20 58702                      /usr/lib/jvm/java-11-openjdk-amd64/lib/jli/libjli.so
7f196da46000-7f196da47000 ---p 00010000 08:20 58702                      /usr/lib/jvm/java-11-openjdk-amd64/lib/jli/libjli.so
7f196da47000-7f196da48000 r--p 00010000 08:20 58702                      /usr/lib/jvm/java-11-openjdk-amd64/lib/jli/libjli.so
7f196da48000-7f196da49000 rw-p 00011000 08:20 58702                      /usr/lib/jvm/java-11-openjdk-amd64/lib/jli/libjli.so
7f196da49000-7f196da4b000 r--p 00000000 08:20 6997                       /usr/lib/x86_64-linux-gnu/libz.so.1.2.11
7f196da4b000-7f196da5c000 r-xp 00002000 08:20 6997                       /usr/lib/x86_64-linux-gnu/libz.so.1.2.11
7f196da5c000-7f196da62000 r--p 00013000 08:20 6997                       /usr/lib/x86_64-linux-gnu/libz.so.1.2.11
7f196da62000-7f196da63000 ---p 00019000 08:20 6997                       /usr/lib/x86_64-linux-gnu/libz.so.1.2.11
7f196da63000-7f196da64000 r--p 00019000 08:20 6997                       /usr/lib/x86_64-linux-gnu/libz.so.1.2.11
7f196da64000-7f196da65000 rw-p 0001a000 08:20 6997                       /usr/lib/x86_64-linux-gnu/libz.so.1.2.11
7f196da68000-7f196da69000 ---p 00000000 00:00 0 
7f196da69000-7f196da6a000 r--p 00000000 00:00 0 
7f196da6a000-7f196da6c000 r--p 00000000 08:20 58720                      /usr/lib/jvm/java-11-openjdk-amd64/lib/libjimage.so
7f196da6c000-7f196da6f000 r-xp 00002000 08:20 58720                      /usr/lib/jvm/java-11-openjdk-amd64/lib/libjimage.so
7f196da6f000-7f196da70000 r--p 00005000 08:20 58720                      /usr/lib/jvm/java-11-openjdk-amd64/lib/libjimage.so
7f196da70000-7f196da71000 ---p 00006000 08:20 58720                      /usr/lib/jvm/java-11-openjdk-amd64/lib/libjimage.so
7f196da71000-7f196da72000 r--p 00006000 08:20 58720                      /usr/lib/jvm/java-11-openjdk-amd64/lib/libjimage.so
7f196da72000-7f196da73000 rw-p 00007000 08:20 58720                      /usr/lib/jvm/java-11-openjdk-amd64/lib/libjimage.so
7f196da73000-7f196da75000 rw-p 00000000 00:00 0 
7f196da75000-7f196da77000 r--p 00000000 08:20 64930                      /usr/lib/x86_64-linux-gnu/ld-linux-x86-64.so.2
7f196da77000-7f196daa1000 r-xp 00002000 08:20 64930                      /usr/lib/x86_64-linux-gnu/ld-linux-x86-64.so.2
7f196daa1000-7f196daac000 r--p 0002c000 08:20 64930                      /usr/lib/x86_64-linux-gnu/ld-linux-x86-64.so.2
7f196daad000-7f196daaf000 r--p 00037000 08:20 64930                      /usr/lib/x86_64-linux-gnu/ld-linux-x86-64.so.2
7f196daaf000-7f196dab1000 rw-p 00039000 08:20 64930                      /usr/lib/x86_64-linux-gnu/ld-linux-x86-64.so.2
7ffdb77b5000-7ffdb77d6000 rw-p 00000000 00:00 0                          [stack]
7ffdb77dd000-7ffdb77e1000 r--p 00000000 00:00 0                          [vvar]
7ffdb77e1000-7ffdb77e3000 r-xp 00000000 00:00 0                          [vdso]


VM Arguments:
jvm_args: -Djava.library.path=\\wsl.localhost\Ubuntu\usr\local\lib -Dfile.encoding=UTF-8 
java_command: Main tests/test.sysy tests/test.arm test tests/test.ll
java_class_path (initial): /mnt/e/codes/compiler-principle/Lab_backtrace/Lab/out/production/Lab:/usr/local/lib/antlr-4.9.1-complete.jar:/usr/local/lib/javacpp/javacpp-1.5.7.jar:/usr/local/lib/javacpp/javacpp-1.5.7-linux-x86_64.jar:/usr/local/lib/llvm/llvm-13.0.1-1.5.7.jar:/usr/local/lib/llvm/llvm-13.0.1-1.5.7-linux-x86_64.jar:/usr/local/lib/llvm-platform/llvm-platform-13.0.1-1.5.7.jar:/usr/local/lib/llvm4j/kotlin-stdlib-1.9.0.jar:/usr/local/lib/llvm4j/llvm4j-0.1.2-SNAPSHOT.jar:/usr/local/lib/rars/rars.jar
Launcher Type: SUN_STANDARD

[Global flags]
     intx CICompilerCount                          = 12                                        {product} {ergonomic}
     uint ConcGCThreads                            = 4                                         {product} {ergonomic}
     uint G1ConcRefinementThreads                  = 15                                        {product} {ergonomic}
   size_t G1HeapRegionSize                         = 1048576                                   {product} {ergonomic}
    uintx GCDrainStackTargetSize                   = 64                                        {product} {ergonomic}
   size_t InitialHeapSize                          = 127926272                                 {product} {ergonomic}
   size_t MarkStackSize                            = 4194304                                   {product} {ergonomic}
   size_t MaxHeapSize                              = 2046820352                                {product} {ergonomic}
   size_t MaxNewSize                               = 1227882496                                {product} {ergonomic}
   size_t MinHeapDeltaBytes                        = 1048576                                   {product} {ergonomic}
    uintx NonNMethodCodeHeapSize                   = 7594288                                {pd product} {ergonomic}
    uintx NonProfiledCodeHeapSize                  = 122031976                              {pd product} {ergonomic}
    uintx ProfiledCodeHeapSize                     = 122031976                              {pd product} {ergonomic}
    uintx ReservedCodeCacheSize                    = 251658240                              {pd product} {ergonomic}
     bool SegmentedCodeCache                       = true                                      {product} {ergonomic}
     bool UseCompressedClassPointers               = true                                 {lp64_product} {ergonomic}
     bool UseCompressedOops                        = true                                 {lp64_product} {ergonomic}
     bool UseG1GC                                  = true                                      {product} {ergonomic}

Logging:
Log output configuration:
 #0: stdout all=warning uptime,level,tags
 #1: stderr all=off uptime,level,tags

Environment Variables:
PATH=/home/itshandable/.local/bin:/usr/local/sbin:/usr/local/bin:/usr/sbin:/usr/bin:/sbin:/bin:/usr/games:/usr/local/games:/usr/lib/wsl/lib:/mnt/d/VMwareWorkstationPro/bin/:/mnt/c/Program Files/BellSoft/LibericaJDK-17/bin/:/mnt/c/Program Files (x86)/Common Files/Oracle/Java/java8path:/mnt/c/Program Files (x86)/Common Files/Oracle/Java/javapath:/mnt/c/WINDOWS/system32:/mnt/c/WINDOWS:/mnt/c/WINDOWS/System32/Wbem:/mnt/c/WINDOWS/System32/WindowsPowerShell/v1.0/:/mnt/c/WINDOWS/System32/OpenSSH/:/mnt/c/Program Files/dotnet/:/mnt/c/Program Files (x86)/NVIDIA Corporation/PhysX/Common:/mnt/c/Program Files/Git/cmd:/mnt/d/Cruicial Storage Excutive:/mnt/c/Program Files/BellSoft/LibericaJDK-17/bin:/mnt/c/Program Files/BellSoft/LibericaJDK-17/jre/bin:/mnt/c/Users/itshandable/AppData/Local/Programs/Python/Python312:/mnt/c/Users/itshandable/AppData/Local/Programs/Python/Python312/Scripts:/mnt/c/Program Files/Pandoc/:/mnt/c/ProgramData/chocolatey/bin:/mnt/d/Nodejs-nvm:/mnt/c/Program Files/nodejs:/mnt/d/Redis/:/mnt/d/Mathlab/bin:/mnt/d/Lingo-21.0/:/mnt/d/Lingo-18.0/:/mnt/c/Program Files/NVIDIA Corporation/NVIDIA app/NvDLISR:/mnt/d/SPSS-25/JRE/bin:/mnt/d/SPSS Modeler 18.0/ext/bin/spss.TMWBServer/bin:/mnt/d/SPSS Modeler 18.0/MPICH2/bin:/mnt/d/SPSS Modeler 18.0/TABI:/mnt/d/MySQL/bin:/mnt/c/Program Files/Docker/Docker/resources/bin:/mnt/c/Program Files/Tailscale/:/mnt/c/Users/itshandable/AppData/Local/Programs/Python/Launcher/:/mnt/c/Users/itshandable/AppData/Local/Microsoft/WindowsApps:/mnt/d/CLion 2024.2.1/bin:/mnt/d/PyCharm 2024.2.1/bin:/mnt/c/Users/itshandable/AppData/Local/JetBrains/Toolbox/scripts:/mnt/d/IntelliJ IDEA 2024.2.1/bin:/mnt/c/Users/itshandable/AppData/Roaming/npm:/mnt/d/Nodejs-nvm:/mnt/c/Program Files/nodejs:/mnt/d/Microsoft VS Code/bin:/mnt/d/MiKTeX/miktex/bin/x64/:/mnt/c/Users/itshandable/AppData/Local/Microsoft/WindowsApps:/mnt/e/codes/ffmpeg-2025-01-02-git-0457aaf0d3-essentials_build/bin:/mnt/d/Aria2/aria2-1.37.0-win-64bit-build1:/mnt/d/DevEco Studio/bin:/mnt/d/WebStor
SHELL=/bin/bash
DISPLAY=:0
HOSTTYPE=x86_64
LANG=zh_CN.UTF-8
TERM=xterm-256color

Signal Handlers:
SIGSEGV: [libjvm.so+0xebbd40], sa_mask[0]=11111111011111111101111111111110, sa_flags=SA_RESTART|SA_SIGINFO
SIGBUS: [libjvm.so+0xebbd40], sa_mask[0]=11111111011111111101111111111110, sa_flags=SA_RESTART|SA_SIGINFO
SIGFPE: [libjvm.so+0xebbd40], sa_mask[0]=11111111011111111101111111111110, sa_flags=SA_RESTART|SA_SIGINFO
SIGPIPE: [libjvm.so+0xbfe040], sa_mask[0]=11111111011111111101111111111110, sa_flags=SA_RESTART|SA_SIGINFO
SIGXFSZ: [libjvm.so+0xbfe040], sa_mask[0]=11111111011111111101111111111110, sa_flags=SA_RESTART|SA_SIGINFO
SIGILL: [libjvm.so+0xebbd40], sa_mask[0]=11111111011111111101111111111110, sa_flags=SA_RESTART|SA_SIGINFO
SIGUSR2: [libjvm.so+0xbfdee0], sa_mask[0]=00000000000000000000000000000000, sa_flags=SA_RESTART|SA_SIGINFO
SIGHUP: [libjvm.so+0xbfe6a0], sa_mask[0]=11111111011111111101111111111110, sa_flags=SA_RESTART|SA_SIGINFO
SIGINT: [libjvm.so+0xbfe6a0], sa_mask[0]=11111111011111111101111111111110, sa_flags=SA_RESTART|SA_SIGINFO
SIGTERM: [libjvm.so+0xbfe6a0], sa_mask[0]=11111111011111111101111111111110, sa_flags=SA_RESTART|SA_SIGINFO
SIGQUIT: [libjvm.so+0xbfe6a0], sa_mask[0]=11111111011111111101111111111110, sa_flags=SA_RESTART|SA_SIGINFO


---------------  S Y S T E M  ---------------

OS:DISTRIB_ID=Ubuntu
DISTRIB_RELEASE=22.04
DISTRIB_CODENAME=jammy
DISTRIB_DESCRIPTION="Ubuntu 22.04.3 LTS"
uname:Linux 5.15.167.4-microsoft-standard-WSL2 #1 SMP Tue Nov 5 00:21:55 UTC 2024 x86_64
OS uptime: 0 days 0:17 hours
libc:glibc 2.35 NPTL 2.35 
rlimit (soft/hard): STACK 8192k/infinity , CORE 0k/infinity , NPROC 31190/31190 , NOFILE 1048576/1048576 , AS infinity/infinity , CPU infinity/infinity , DATA infinity/infinity , FSIZE infinity/infinity , MEMLOCK 65536k/65536k
load average:0.14 0.07 0.01

/proc/meminfo:
MemTotal:        7991664 kB
MemFree:         6984948 kB
MemAvailable:    7074936 kB
Buffers:             668 kB
Cached:           289804 kB
SwapCached:            0 kB
Active:            39592 kB
Inactive:         581244 kB
Active(anon):       2172 kB
Inactive(anon):   331844 kB
Active(file):      37420 kB
Inactive(file):   249400 kB
Unevictable:           0 kB
Mlocked:               0 kB
SwapTotal:       2097152 kB
SwapFree:        2097152 kB
Dirty:                44 kB
Writeback:             0 kB
AnonPages:        329336 kB
Mapped:           258236 kB
Shmem:              3664 kB
KReclaimable:      37480 kB
Slab:             110408 kB
SReclaimable:      37480 kB
SUnreclaim:        72928 kB
KernelStack:        7056 kB
PageTables:         6824 kB
NFS_Unstable:          0 kB
Bounce:                0 kB
WritebackTmp:          0 kB
CommitLimit:     6092984 kB
Committed_AS:    1650708 kB
VmallocTotal:   34359738367 kB
VmallocUsed:       29192 kB
VmallocChunk:          0 kB
Percpu:            11520 kB
AnonHugePages:    153600 kB
ShmemHugePages:        0 kB
ShmemPmdMapped:        0 kB
FileHugePages:         0 kB
FilePmdMapped:         0 kB
HugePages_Total:       0
HugePages_Free:        0
HugePages_Rsvd:        0
HugePages_Surp:        0
Hugepagesize:       2048 kB
Hugetlb:               0 kB
DirectMap4k:      101376 kB
DirectMap2M:     4997120 kB
DirectMap1G:    11534336 kB

/sys/kernel/mm/transparent_hugepage/enabled:
[always] madvise never
/sys/kernel/mm/transparent_hugepage/defrag (defrag/compaction efforts parameter):
always defer defer+madvise [madvise] never

Process Memory:
Virtual Size: 5062016K (peak: 13446840K)
Resident Set Size: 103176K (peak: 103176K) (anon: 47224K, file: 55952K, shmem: 0K)
Swapped out: 0K
C-Heap outstanding allocations: 42222K, retained: 2693K
glibc malloc tunables: (default)

/proc/sys/kernel/threads-max (system-wide limit on the number of threads):
62380
/proc/sys/vm/max_map_count (maximum number of memory map areas a process may have):
65530
/proc/sys/kernel/pid_max (system-wide limit on number of process identifiers):
4194304

container (cgroup) information:
container_type: cgroupv1
cpu_cpuset_cpus: 0-19
cpu_memory_nodes: 0
active_processor_count: 20
cpu_quota: no quota
cpu_period: 100000
cpu_shares: no shares
memory_limit_in_bytes: unlimited
memory_and_swap_limit_in_bytes: unlimited
memory_soft_limit_in_bytes: unlimited
memory_usage_in_bytes: 620032 k
memory_max_usage_in_bytes: 496884 k
kernel_memory_limit_in_bytes: unlimited
kernel_memory_usage_in_bytes: 21688 k
kernel_memory_max_usage_in_bytes: 27048 k
maximum number of tasks: not supported
current number of tasks: not supported

Hyper-V virtualization detected
Steal ticks since vm start: 0
Steal ticks percentage since vm start:  0.000

CPU:total 20 (initial active 20) (16 cores per cpu, 2 threads per core) family 6 model 186 stepping 2 microcode 0xffffffff, cmov, cx8, fxsr, mmx, sse, sse2, sse3, ssse3, sse4.1, sse4.2, popcnt, avx, avx2, aes, clmul, erms, 3dnowpref, lzcnt, ht, tsc, tscinvbit, bmi1, bmi2, adx, sha, fma
CPU Model and flags from /proc/cpuinfo:
model name	: 13th Gen Intel(R) Core(TM) i9-13900H
flags		: fpu vme de pse tsc msr pae mce cx8 apic sep mtrr pge mca cmov pat pse36 clflush mmx fxsr sse sse2 ss ht syscall nx pdpe1gb rdtscp lm constant_tsc rep_good nopl xtopology tsc_reliable nonstop_tsc cpuid pni pclmulqdq vmx ssse3 fma cx16 pcid sse4_1 sse4_2 x2apic movbe popcnt tsc_deadline_timer aes xsave avx f16c rdrand hypervisor lahf_lm abm 3dnowprefetch invpcid_single ssbd ibrs ibpb stibp ibrs_enhanced tpr_shadow vnmi ept vpid ept_ad fsgsbase tsc_adjust bmi1 avx2 smep bmi2 erms invpcid rdseed adx smap clflushopt clwb sha_ni xsaveopt xsavec xgetbv1 xsaves avx_vnni umip waitpkg gfni vaes vpclmulqdq rdpid movdiri movdir64b fsrm md_clear serialize flush_l1d arch_capabilities
Online cpus:
0-19
Offline cpus:

BIOS frequency limitation:
<Not Available>
Frequency switch latency (ns):
<Not Available>
Available cpu frequencies:
<Not Available>
Current governor:
<Not Available>
Core performance/turbo boost:
<Not Available>

Memory: 4k page, physical 7991664k(6984948k free), swap 2097152k(2097152k free)

vm_info: OpenJDK 64-Bit Server VM (11.0.27+6-post-Ubuntu-0ubuntu122.04) for linux-amd64 JRE (11.0.27+6-post-Ubuntu-0ubuntu122.04), built on Apr 21 2025 05:59:45 by "unknown" with gcc 11.4.0

END.
