#
# A fatal error has been detected by the Java Runtime Environment:
#
#  SIGSEGV (0xb) at pc=0x00007f2d6a28eaf8, pid=14324, tid=14328
#
# JRE version: OpenJDK Runtime Environment (11.0.27+6) (build 11.0.27+6-post-Ubuntu-0ubuntu122.04)
# Java VM: OpenJDK 64-Bit Server VM (11.0.27+6-post-Ubuntu-0ubuntu122.04, mixed mode, sharing, tiered, compressed oops, g1 gc, linux-amd64)
# Problematic frame:
# C  [libLLVM-13.so+0xd62af8]  llvm::Value::getName() const+0xb8
#
# No core dump will be written. Core dumps have been disabled. To enable core dumping, try "ulimit -c unlimited" before starting Java again
#
# If you would like to submit a bug report, please visit:
#   https://bugs.launchpad.net/ubuntu/+source/openjdk-lts
# The crash happened outside the Java Virtual Machine in native code.
# See problematic frame for where to report the bug.
#

---------------  S U M M A R Y ------------

Command Line: -agentlib:jdwp=transport=dt_socket,address=0.0.0.0:12345,suspend=y,server=y -Djava.library.path=\\wsl.localhost\Ubuntu\usr\local\lib -Dfile.encoding=UTF-8 Main tests/test.sysy tests/test.arm test tests/test.ll

Host: 13th Gen Intel(R) Core(TM) i9-13900H, 20 cores, 7G, Ubuntu 22.04.3 LTS
Time: Thu May 22 19:46:52 2025 CST elapsed time: 12.267485 seconds (0d 0h 0m 12s)

---------------  T H R E A D  ---------------

Current thread (0x00007f2de8016800):  JavaThread "main" [_thread_in_native, id=14328, stack(0x00007f2defaba000,0x00007f2defbba000)]

Stack: [0x00007f2defaba000,0x00007f2defbba000],  sp=0x00007f2defbb70f0,  free space=1012k
Native frames: (J=compiled Java code, A=aot compiled Java code, j=interpreted, Vv=VM code, C=native code)
C  [libLLVM-13.so+0xd62af8]  llvm::Value::getName() const+0xb8

Java frames: (J=compiled Java code, j=interpreted, Vv=VM code)
j  org.bytedeco.llvm.global.LLVM.LLVMPrintModuleToString(Lorg/bytedeco/llvm/LLVM/LLVMModuleRef;)Lorg/bytedeco/javacpp/BytePointer;+0
v  ~StubRoutines::call_stub
j  MyIrVisitor.unusedVariableDelete()V+1315
j  MyIrVisitor.mixedOptimization()V+18
j  MyIrVisitor.visitProgram(LSysYParser$ProgramContext;)Lorg/bytedeco/llvm/LLVM/LLVMValueRef;+123
j  MyIrVisitor.visitProgram(LSysYParser$ProgramContext;)Ljava/lang/Object;+2
j  SysYParser$ProgramContext.accept(Lorg/antlr/v4/runtime/tree/ParseTreeVisitor;)Ljava/lang/Object;+12
j  org.antlr.v4.runtime.tree.AbstractParseTreeVisitor.visit(Lorg/antlr/v4/runtime/tree/ParseTree;)Ljava/lang/Object;+2
j  Main.main([Ljava/lang/String;)V+169
v  ~StubRoutines::call_stub

siginfo: si_signo: 11 (SIGSEGV), si_code: 1 (SEGV_MAPERR), si_addr: 0x0000000000000615

Register to memory mapping:

RAX=0x0000000000000625 is an unknown value
RBX=0x0 is NULL
RCX=0x00007f2de8390d28 points into unknown readable memory: 0x00007f2de83881a0 | a0 81 38 e8 2d 7f 00 00
RDX=0x0000000000000615 is an unknown value
RSP=0x00007f2defbb70f0 is pointing into the stack for thread: 0x00007f2de8016800
RBP=0x00007f2defbb7450 is pointing into the stack for thread: 0x00007f2de8016800
RSI=0x00007f2de83885a0 points into unknown readable memory: 0x0000000000000000 | 00 00 00 00 00 00 00 00
RDI=0x00007f2defbb70f0 is pointing into the stack for thread: 0x00007f2de8016800
R8 =0x0000000000000001 is an unknown value
R9 =0x00007f2de8390d28 points into unknown readable memory: 0x00007f2de83881a0 | a0 81 38 e8 2d 7f 00 00
R10=0x000000000000003f is an unknown value
R11=0x0000000000000008 is an unknown value
R12=0x0000000000000001 is an unknown value
R13=0x0000000000000002 is an unknown value
R14=0x0 is NULL
R15=0x00007f2de83a0f30 points into unknown readable memory: 0x00007f2de83912c0 | c0 12 39 e8 2d 7f 00 00


Registers:
RAX=0x0000000000000625, RBX=0x0000000000000000, RCX=0x00007f2de8390d28, RDX=0x0000000000000615
RSP=0x00007f2defbb70f0, RBP=0x00007f2defbb7450, RSI=0x00007f2de83885a0, RDI=0x00007f2defbb70f0
R8 =0x0000000000000001, R9 =0x00007f2de8390d28, R10=0x000000000000003f, R11=0x0000000000000008
R12=0x0000000000000001, R13=0x0000000000000002, R14=0x0000000000000000, R15=0x00007f2de83a0f30
RIP=0x00007f2d6a28eaf8, EFLAGS=0x0000000000010202, CSGSFS=0x002b000000000033, ERR=0x0000000000000004
  TRAPNO=0x000000000000000e

Top of Stack: (sp=0x00007f2defbb70f0)
0x00007f2defbb70f0:   00007f2de83885a0 00007f2de83885a0
0x00007f2defbb7100:   0000000000000000 00007f2d6a0cd3f5
0x00007f2defbb7110:   0000000000000000 00007f2defbb7630
0x00007f2defbb7120:   0000000000000001 00007f2d6a0de5d8 

Instructions: (pc=0x00007f2d6a28eaf8)
0x00007f2d6a28e9f8:   48 bc ff eb b7 48 83 3d ab e8 ce 05 00 74 23 83
0x00007f2d6a28ea08:   ca ff f0 0f c1 50 f8 85 d2 7f ae 48 8d 74 24 0f
0x00007f2d6a28ea18:   e8 53 48 bc ff eb a2 8b 50 f8 8d 4a ff 89 48 f8
0x00007f2d6a28ea28:   eb c3 8b 50 f8 8d 4a ff 89 48 f8 eb da 66 2e 0f
0x00007f2d6a28ea38:   1f 84 00 00 00 00 00 90 f6 47 17 10 75 0a 48 8d
0x00007f2d6a28ea48:   05 f2 a0 6c 03 31 d2 c3 48 83 ec 18 48 8b 07 48
0x00007f2d6a28ea58:   8b 00 48 8b 08 8b 81 98 01 00 00 4c 8b 81 88 01
0x00007f2d6a28ea68:   00 00 4c 8d 89 88 01 00 00 85 c0 74 5b 89 f9 89
0x00007f2d6a28ea78:   fa 44 8d 50 ff c1 ea 09 c1 e9 04 31 d1 44 21 d1
0x00007f2d6a28ea88:   89 ce 48 c1 e6 04 4c 01 c6 48 8b 16 48 39 d7 75
0x00007f2d6a28ea98:   67 89 c2 48 89 e7 4c 89 c9 48 89 d0 48 c1 e0 04
0x00007f2d6a28eaa8:   49 8d 14 00 41 b8 01 00 00 00 e8 f9 f4 ff ff 48
0x00007f2d6a28eab8:   8b 04 24 48 8b 50 08 48 8d 42 10 48 8b 12 48 83
0x00007f2d6a28eac8:   c4 18 c3 0f 1f 44 00 00 48 c1 e0 04 48 89 e7 4c
0x00007f2d6a28ead8:   89 c9 49 8d 34 00 41 b8 01 00 00 00 48 89 f2 e8
0x00007f2d6a28eae8:   c4 f4 ff ff 48 8b 04 24 48 8b 50 08 48 8d 42 10
0x00007f2d6a28eaf8:   48 8b 12 48 83 c4 18 c3 be 01 00 00 00 48 81 fa
0x00007f2d6a28eb08:   00 f0 ff ff 74 c2 01 f1 44 8d 5e 01 44 21 d1 89
0x00007f2d6a28eb18:   ce 48 c1 e6 04 4c 01 c6 48 8b 16 48 39 d7 0f 84
0x00007f2d6a28eb28:   6d ff ff ff 44 89 de eb d4 66 2e 0f 1f 84 00 00
0x00007f2d6a28eb38:   00 00 00 0f 1f 44 00 00 66 48 0f 6e c6 66 48 0f
0x00007f2d6a28eb48:   6e ca 66 0f 6c c1 0f 11 07 45 84 c0 75 29 48 39
0x00007f2d6a28eb58:   d6 74 24 0f 1f 44 00 00 48 8b 06 48 3d 00 f0 ff
0x00007f2d6a28eb68:   ff 74 08 48 3d 00 e0 ff ff 75 0c 48 83 c6 10 48
0x00007f2d6a28eb78:   89 37 48 39 f2 75 e1 c3 41 57 41 56 41 55 41 54
0x00007f2d6a28eb88:   55 53 48 89 fb 48 83 ec 38 4c 8b 67 10 49 8b 04
0x00007f2d6a28eb98:   24 48 8b 00 48 8b 28 4c 8b ad 08 09 00 00 44 8b
0x00007f2d6a28eba8:   bd 18 09 00 00 41 f6 44 24 11 01 0f 85 67 01 00
0x00007f2d6a28ebb8:   00 45 85 ff 0f 84 fb 01 00 00 45 89 e6 44 89 e0
0x00007f2d6a28ebc8:   41 8d 77 ff c1 e8 09 41 c1 ee 04 41 31 c6 44 89
0x00007f2d6a28ebd8:   f1 21 f1 89 c8 48 c1 e0 04 4c 01 e8 48 8b 10 49
0x00007f2d6a28ebe8:   39 d4 0f 85 7c 03 00 00 48 8b 50 08 4c 89 ee 48 


Stack slot to memory mapping:
stack at sp + 0 slots: 0x00007f2de83885a0 points into unknown readable memory: 0x0000000000000000 | 00 00 00 00 00 00 00 00
stack at sp + 1 slots: 0x00007f2de83885a0 points into unknown readable memory: 0x0000000000000000 | 00 00 00 00 00 00 00 00
stack at sp + 2 slots: 0x0 is NULL
stack at sp + 3 slots: 0x00007f2d6a0cd3f5: <offset 0x0000000000ba13f5> in /home/itshandable/.javacpp/cache/llvm-13.0.1-1.5.7-linux-x86_64.jar/org/bytedeco/llvm/linux-x86_64/libLLVM-13.so at 0x00007f2d6952c000
stack at sp + 4 slots: 0x0 is NULL
stack at sp + 5 slots: 0x00007f2defbb7630 is pointing into the stack for thread: 0x00007f2de8016800
stack at sp + 6 slots: 0x0000000000000001 is an unknown value
stack at sp + 7 slots: 0x00007f2d6a0de5d8: <offset 0x0000000000bb25d8> in /home/itshandable/.javacpp/cache/llvm-13.0.1-1.5.7-linux-x86_64.jar/org/bytedeco/llvm/linux-x86_64/libLLVM-13.so at 0x00007f2d6952c000


---------------  P R O C E S S  ---------------

Threads class SMR info:
_java_thread_list=0x00007f2d70001480, length=13, elements={
0x00007f2de8016800, 0x00007f2de813f800, 0x00007f2de8141800, 0x00007f2de8147800,
0x00007f2de8149800, 0x00007f2de814c000, 0x00007f2de814e000, 0x00007f2de8150000,
0x00007f2de8194800, 0x00007f2de8199000, 0x00007f2d88001800, 0x00007f2de819f000,
0x00007f2de8243800
}

Java Threads: ( => current thread )
=>0x00007f2de8016800 JavaThread "main" [_thread_in_native, id=14328, stack(0x00007f2defaba000,0x00007f2defbba000)]
  0x00007f2de813f800 JavaThread "Reference Handler" daemon [_thread_blocked, id=14335, stack(0x00007f2dd04e2000,0x00007f2dd05e2000)]
  0x00007f2de8141800 JavaThread "Finalizer" daemon [_thread_blocked, id=14336, stack(0x00007f2dd03e2000,0x00007f2dd04e2000)]
  0x00007f2de8147800 JavaThread "Signal Dispatcher" daemon [_thread_blocked, id=14337, stack(0x00007f2dd02e2000,0x00007f2dd03e2000)]
  0x00007f2de8149800 JavaThread "Service Thread" daemon [_thread_blocked, id=14338, stack(0x00007f2dd01e2000,0x00007f2dd02e2000)]
  0x00007f2de814c000 JavaThread "C2 CompilerThread0" daemon [_thread_blocked, id=14339, stack(0x00007f2dd00e2000,0x00007f2dd01e2000)]
  0x00007f2de814e000 JavaThread "C1 CompilerThread0" daemon [_thread_blocked, id=14340, stack(0x00007f2dc8200000,0x00007f2dc8300000)]
  0x00007f2de8150000 JavaThread "Sweeper thread" daemon [_thread_blocked, id=14341, stack(0x00007f2dc8100000,0x00007f2dc8200000)]
  0x00007f2de8194800 JavaThread "JDWP Transport Listener: dt_socket" daemon [_thread_blocked, id=14343, stack(0x00007f2dc1f00000,0x00007f2dc2000000)]
  0x00007f2de8199000 JavaThread "JDWP Event Helper Thread" daemon [_thread_blocked, id=14344, stack(0x00007f2dc1e00000,0x00007f2dc1f00000)]
  0x00007f2d88001800 JavaThread "JDWP Command Reader" daemon [_thread_in_native, id=14379, stack(0x00007f2dc1d00000,0x00007f2dc1e00000)]
  0x00007f2de819f000 JavaThread "Common-Cleaner" daemon [_thread_blocked, id=14381, stack(0x00007f2dc1aff000,0x00007f2dc1bff000)]
  0x00007f2de8243800 JavaThread "JavaCPP Deallocator" daemon [_thread_blocked, id=14385, stack(0x00007f2dc19ff000,0x00007f2dc1aff000)]

Other Threads:
  0x00007f2de813c800 VMThread "VM Thread" [stack: 0x00007f2dd05e3000,0x00007f2dd06e3000] [id=14334]
  0x00007f2de819b800 WatcherThread [stack: 0x00007f2dc1c00000,0x00007f2dc1d00000] [id=14380]
  0x00007f2de8030800 GCTaskThread "GC Thread#0" [stack: 0x00007f2def744000,0x00007f2def844000] [id=14329]
  0x00007f2de8062000 ConcurrentGCThread "G1 Main Marker" [stack: 0x00007f2dedacc000,0x00007f2dedbcc000] [id=14330]
  0x00007f2de8063800 ConcurrentGCThread "G1 Conc#0" [stack: 0x00007f2ded9cb000,0x00007f2dedacb000] [id=14331]
  0x00007f2de8108000 ConcurrentGCThread "G1 Refine#0" [stack: 0x00007f2dec9bb000,0x00007f2decabb000] [id=14332]
  0x00007f2de810a000 ConcurrentGCThread "G1 Young RemSet Sampling" [stack: 0x00007f2dec8ba000,0x00007f2dec9ba000] [id=14333]

Threads with active compile tasks:

VM state:not at safepoint (normal execution)

VM Mutex/Monitor currently owned by a thread: None

Heap address: 0x0000000086000000, size: 1952 MB, Compressed Oops mode: 32-bit
Narrow klass base: 0x0000000800000000, Narrow klass shift: 3
Compressed class space size: 1073741824 Address: 0x0000000840000000

Heap:
 garbage-first heap   total 126976K, used 10960K [0x0000000086000000, 0x0000000100000000)
  region size 1024K, 12 young (12288K), 0 survivors (0K)
 Metaspace       used 3805K, capacity 6643K, committed 6912K, reserved 1056768K
  class space    used 395K, capacity 681K, committed 768K, reserved 1048576K
Heap Regions: E=young(eden), S=young(survivor), O=old, HS=humongous(starts), HC=humongous(continues), CS=collection set, F=free, A=archive, TAMS=top-at-mark-start (previous, next)
|   0|0x0000000086000000, 0x0000000086000000, 0x0000000086100000|  0%| F|  |TAMS 0x0000000086000000, 0x0000000086000000| Untracked 
|   1|0x0000000086100000, 0x0000000086100000, 0x0000000086200000|  0%| F|  |TAMS 0x0000000086100000, 0x0000000086100000| Untracked 
|   2|0x0000000086200000, 0x0000000086200000, 0x0000000086300000|  0%| F|  |TAMS 0x0000000086200000, 0x0000000086200000| Untracked 
|   3|0x0000000086300000, 0x0000000086300000, 0x0000000086400000|  0%| F|  |TAMS 0x0000000086300000, 0x0000000086300000| Untracked 
|   4|0x0000000086400000, 0x0000000086400000, 0x0000000086500000|  0%| F|  |TAMS 0x0000000086400000, 0x0000000086400000| Untracked 
|   5|0x0000000086500000, 0x0000000086500000, 0x0000000086600000|  0%| F|  |TAMS 0x0000000086500000, 0x0000000086500000| Untracked 
|   6|0x0000000086600000, 0x0000000086600000, 0x0000000086700000|  0%| F|  |TAMS 0x0000000086600000, 0x0000000086600000| Untracked 
|   7|0x0000000086700000, 0x0000000086700000, 0x0000000086800000|  0%| F|  |TAMS 0x0000000086700000, 0x0000000086700000| Untracked 
|   8|0x0000000086800000, 0x0000000086800000, 0x0000000086900000|  0%| F|  |TAMS 0x0000000086800000, 0x0000000086800000| Untracked 
|   9|0x0000000086900000, 0x0000000086900000, 0x0000000086a00000|  0%| F|  |TAMS 0x0000000086900000, 0x0000000086900000| Untracked 
|  10|0x0000000086a00000, 0x0000000086a00000, 0x0000000086b00000|  0%| F|  |TAMS 0x0000000086a00000, 0x0000000086a00000| Untracked 
|  11|0x0000000086b00000, 0x0000000086b00000, 0x0000000086c00000|  0%| F|  |TAMS 0x0000000086b00000, 0x0000000086b00000| Untracked 
|  12|0x0000000086c00000, 0x0000000086c00000, 0x0000000086d00000|  0%| F|  |TAMS 0x0000000086c00000, 0x0000000086c00000| Untracked 
|  13|0x0000000086d00000, 0x0000000086d00000, 0x0000000086e00000|  0%| F|  |TAMS 0x0000000086d00000, 0x0000000086d00000| Untracked 
|  14|0x0000000086e00000, 0x0000000086e00000, 0x0000000086f00000|  0%| F|  |TAMS 0x0000000086e00000, 0x0000000086e00000| Untracked 
|  15|0x0000000086f00000, 0x0000000086f00000, 0x0000000087000000|  0%| F|  |TAMS 0x0000000086f00000, 0x0000000086f00000| Untracked 
|  16|0x0000000087000000, 0x0000000087000000, 0x0000000087100000|  0%| F|  |TAMS 0x0000000087000000, 0x0000000087000000| Untracked 
|  17|0x0000000087100000, 0x0000000087100000, 0x0000000087200000|  0%| F|  |TAMS 0x0000000087100000, 0x0000000087100000| Untracked 
|  18|0x0000000087200000, 0x0000000087200000, 0x0000000087300000|  0%| F|  |TAMS 0x0000000087200000, 0x0000000087200000| Untracked 
|  19|0x0000000087300000, 0x0000000087300000, 0x0000000087400000|  0%| F|  |TAMS 0x0000000087300000, 0x0000000087300000| Untracked 
|  20|0x0000000087400000, 0x0000000087400000, 0x0000000087500000|  0%| F|  |TAMS 0x0000000087400000, 0x0000000087400000| Untracked 
|  21|0x0000000087500000, 0x0000000087500000, 0x0000000087600000|  0%| F|  |TAMS 0x0000000087500000, 0x0000000087500000| Untracked 
|  22|0x0000000087600000, 0x0000000087600000, 0x0000000087700000|  0%| F|  |TAMS 0x0000000087600000, 0x0000000087600000| Untracked 
|  23|0x0000000087700000, 0x0000000087700000, 0x0000000087800000|  0%| F|  |TAMS 0x0000000087700000, 0x0000000087700000| Untracked 
|  24|0x0000000087800000, 0x0000000087800000, 0x0000000087900000|  0%| F|  |TAMS 0x0000000087800000, 0x0000000087800000| Untracked 
|  25|0x0000000087900000, 0x0000000087900000, 0x0000000087a00000|  0%| F|  |TAMS 0x0000000087900000, 0x0000000087900000| Untracked 
|  26|0x0000000087a00000, 0x0000000087a00000, 0x0000000087b00000|  0%| F|  |TAMS 0x0000000087a00000, 0x0000000087a00000| Untracked 
|  27|0x0000000087b00000, 0x0000000087b00000, 0x0000000087c00000|  0%| F|  |TAMS 0x0000000087b00000, 0x0000000087b00000| Untracked 
|  28|0x0000000087c00000, 0x0000000087c00000, 0x0000000087d00000|  0%| F|  |TAMS 0x0000000087c00000, 0x0000000087c00000| Untracked 
|  29|0x0000000087d00000, 0x0000000087d00000, 0x0000000087e00000|  0%| F|  |TAMS 0x0000000087d00000, 0x0000000087d00000| Untracked 
|  30|0x0000000087e00000, 0x0000000087e00000, 0x0000000087f00000|  0%| F|  |TAMS 0x0000000087e00000, 0x0000000087e00000| Untracked 
|  31|0x0000000087f00000, 0x0000000087f00000, 0x0000000088000000|  0%| F|  |TAMS 0x0000000087f00000, 0x0000000087f00000| Untracked 
|  32|0x0000000088000000, 0x0000000088000000, 0x0000000088100000|  0%| F|  |TAMS 0x0000000088000000, 0x0000000088000000| Untracked 
|  33|0x0000000088100000, 0x0000000088100000, 0x0000000088200000|  0%| F|  |TAMS 0x0000000088100000, 0x0000000088100000| Untracked 
|  34|0x0000000088200000, 0x0000000088200000, 0x0000000088300000|  0%| F|  |TAMS 0x0000000088200000, 0x0000000088200000| Untracked 
|  35|0x0000000088300000, 0x0000000088300000, 0x0000000088400000|  0%| F|  |TAMS 0x0000000088300000, 0x0000000088300000| Untracked 
|  36|0x0000000088400000, 0x0000000088400000, 0x0000000088500000|  0%| F|  |TAMS 0x0000000088400000, 0x0000000088400000| Untracked 
|  37|0x0000000088500000, 0x0000000088500000, 0x0000000088600000|  0%| F|  |TAMS 0x0000000088500000, 0x0000000088500000| Untracked 
|  38|0x0000000088600000, 0x0000000088600000, 0x0000000088700000|  0%| F|  |TAMS 0x0000000088600000, 0x0000000088600000| Untracked 
|  39|0x0000000088700000, 0x0000000088700000, 0x0000000088800000|  0%| F|  |TAMS 0x0000000088700000, 0x0000000088700000| Untracked 
|  40|0x0000000088800000, 0x0000000088800000, 0x0000000088900000|  0%| F|  |TAMS 0x0000000088800000, 0x0000000088800000| Untracked 
|  41|0x0000000088900000, 0x0000000088900000, 0x0000000088a00000|  0%| F|  |TAMS 0x0000000088900000, 0x0000000088900000| Untracked 
|  42|0x0000000088a00000, 0x0000000088a00000, 0x0000000088b00000|  0%| F|  |TAMS 0x0000000088a00000, 0x0000000088a00000| Untracked 
|  43|0x0000000088b00000, 0x0000000088b00000, 0x0000000088c00000|  0%| F|  |TAMS 0x0000000088b00000, 0x0000000088b00000| Untracked 
|  44|0x0000000088c00000, 0x0000000088c00000, 0x0000000088d00000|  0%| F|  |TAMS 0x0000000088c00000, 0x0000000088c00000| Untracked 
|  45|0x0000000088d00000, 0x0000000088d00000, 0x0000000088e00000|  0%| F|  |TAMS 0x0000000088d00000, 0x0000000088d00000| Untracked 
|  46|0x0000000088e00000, 0x0000000088e00000, 0x0000000088f00000|  0%| F|  |TAMS 0x0000000088e00000, 0x0000000088e00000| Untracked 
|  47|0x0000000088f00000, 0x0000000088f00000, 0x0000000089000000|  0%| F|  |TAMS 0x0000000088f00000, 0x0000000088f00000| Untracked 
|  48|0x0000000089000000, 0x0000000089000000, 0x0000000089100000|  0%| F|  |TAMS 0x0000000089000000, 0x0000000089000000| Untracked 
|  49|0x0000000089100000, 0x0000000089100000, 0x0000000089200000|  0%| F|  |TAMS 0x0000000089100000, 0x0000000089100000| Untracked 
|  50|0x0000000089200000, 0x0000000089200000, 0x0000000089300000|  0%| F|  |TAMS 0x0000000089200000, 0x0000000089200000| Untracked 
|  51|0x0000000089300000, 0x0000000089300000, 0x0000000089400000|  0%| F|  |TAMS 0x0000000089300000, 0x0000000089300000| Untracked 
|  52|0x0000000089400000, 0x0000000089400000, 0x0000000089500000|  0%| F|  |TAMS 0x0000000089400000, 0x0000000089400000| Untracked 
|  53|0x0000000089500000, 0x0000000089500000, 0x0000000089600000|  0%| F|  |TAMS 0x0000000089500000, 0x0000000089500000| Untracked 
|  54|0x0000000089600000, 0x0000000089600000, 0x0000000089700000|  0%| F|  |TAMS 0x0000000089600000, 0x0000000089600000| Untracked 
|  55|0x0000000089700000, 0x0000000089700000, 0x0000000089800000|  0%| F|  |TAMS 0x0000000089700000, 0x0000000089700000| Untracked 
|  56|0x0000000089800000, 0x0000000089800000, 0x0000000089900000|  0%| F|  |TAMS 0x0000000089800000, 0x0000000089800000| Untracked 
|  57|0x0000000089900000, 0x0000000089900000, 0x0000000089a00000|  0%| F|  |TAMS 0x0000000089900000, 0x0000000089900000| Untracked 
|  58|0x0000000089a00000, 0x0000000089a00000, 0x0000000089b00000|  0%| F|  |TAMS 0x0000000089a00000, 0x0000000089a00000| Untracked 
|  59|0x0000000089b00000, 0x0000000089b00000, 0x0000000089c00000|  0%| F|  |TAMS 0x0000000089b00000, 0x0000000089b00000| Untracked 
|  60|0x0000000089c00000, 0x0000000089c00000, 0x0000000089d00000|  0%| F|  |TAMS 0x0000000089c00000, 0x0000000089c00000| Untracked 
|  61|0x0000000089d00000, 0x0000000089d00000, 0x0000000089e00000|  0%| F|  |TAMS 0x0000000089d00000, 0x0000000089d00000| Untracked 
|  62|0x0000000089e00000, 0x0000000089e00000, 0x0000000089f00000|  0%| F|  |TAMS 0x0000000089e00000, 0x0000000089e00000| Untracked 
|  63|0x0000000089f00000, 0x0000000089f00000, 0x000000008a000000|  0%| F|  |TAMS 0x0000000089f00000, 0x0000000089f00000| Untracked 
|  64|0x000000008a000000, 0x000000008a000000, 0x000000008a100000|  0%| F|  |TAMS 0x000000008a000000, 0x000000008a000000| Untracked 
|  65|0x000000008a100000, 0x000000008a100000, 0x000000008a200000|  0%| F|  |TAMS 0x000000008a100000, 0x000000008a100000| Untracked 
|  66|0x000000008a200000, 0x000000008a200000, 0x000000008a300000|  0%| F|  |TAMS 0x000000008a200000, 0x000000008a200000| Untracked 
|  67|0x000000008a300000, 0x000000008a300000, 0x000000008a400000|  0%| F|  |TAMS 0x000000008a300000, 0x000000008a300000| Untracked 
|  68|0x000000008a400000, 0x000000008a400000, 0x000000008a500000|  0%| F|  |TAMS 0x000000008a400000, 0x000000008a400000| Untracked 
|  69|0x000000008a500000, 0x000000008a500000, 0x000000008a600000|  0%| F|  |TAMS 0x000000008a500000, 0x000000008a500000| Untracked 
|  70|0x000000008a600000, 0x000000008a600000, 0x000000008a700000|  0%| F|  |TAMS 0x000000008a600000, 0x000000008a600000| Untracked 
|  71|0x000000008a700000, 0x000000008a700000, 0x000000008a800000|  0%| F|  |TAMS 0x000000008a700000, 0x000000008a700000| Untracked 
|  72|0x000000008a800000, 0x000000008a800000, 0x000000008a900000|  0%| F|  |TAMS 0x000000008a800000, 0x000000008a800000| Untracked 
|  73|0x000000008a900000, 0x000000008a900000, 0x000000008aa00000|  0%| F|  |TAMS 0x000000008a900000, 0x000000008a900000| Untracked 
|  74|0x000000008aa00000, 0x000000008aa00000, 0x000000008ab00000|  0%| F|  |TAMS 0x000000008aa00000, 0x000000008aa00000| Untracked 
|  75|0x000000008ab00000, 0x000000008ab00000, 0x000000008ac00000|  0%| F|  |TAMS 0x000000008ab00000, 0x000000008ab00000| Untracked 
|  76|0x000000008ac00000, 0x000000008ac00000, 0x000000008ad00000|  0%| F|  |TAMS 0x000000008ac00000, 0x000000008ac00000| Untracked 
|  77|0x000000008ad00000, 0x000000008ad00000, 0x000000008ae00000|  0%| F|  |TAMS 0x000000008ad00000, 0x000000008ad00000| Untracked 
|  78|0x000000008ae00000, 0x000000008ae00000, 0x000000008af00000|  0%| F|  |TAMS 0x000000008ae00000, 0x000000008ae00000| Untracked 
|  79|0x000000008af00000, 0x000000008af00000, 0x000000008b000000|  0%| F|  |TAMS 0x000000008af00000, 0x000000008af00000| Untracked 
|  80|0x000000008b000000, 0x000000008b000000, 0x000000008b100000|  0%| F|  |TAMS 0x000000008b000000, 0x000000008b000000| Untracked 
|  81|0x000000008b100000, 0x000000008b100000, 0x000000008b200000|  0%| F|  |TAMS 0x000000008b100000, 0x000000008b100000| Untracked 
|  82|0x000000008b200000, 0x000000008b200000, 0x000000008b300000|  0%| F|  |TAMS 0x000000008b200000, 0x000000008b200000| Untracked 
|  83|0x000000008b300000, 0x000000008b300000, 0x000000008b400000|  0%| F|  |TAMS 0x000000008b300000, 0x000000008b300000| Untracked 
|  84|0x000000008b400000, 0x000000008b400000, 0x000000008b500000|  0%| F|  |TAMS 0x000000008b400000, 0x000000008b400000| Untracked 
|  85|0x000000008b500000, 0x000000008b500000, 0x000000008b600000|  0%| F|  |TAMS 0x000000008b500000, 0x000000008b500000| Untracked 
|  86|0x000000008b600000, 0x000000008b600000, 0x000000008b700000|  0%| F|  |TAMS 0x000000008b600000, 0x000000008b600000| Untracked 
|  87|0x000000008b700000, 0x000000008b700000, 0x000000008b800000|  0%| F|  |TAMS 0x000000008b700000, 0x000000008b700000| Untracked 
|  88|0x000000008b800000, 0x000000008b800000, 0x000000008b900000|  0%| F|  |TAMS 0x000000008b800000, 0x000000008b800000| Untracked 
|  89|0x000000008b900000, 0x000000008b900000, 0x000000008ba00000|  0%| F|  |TAMS 0x000000008b900000, 0x000000008b900000| Untracked 
|  90|0x000000008ba00000, 0x000000008ba00000, 0x000000008bb00000|  0%| F|  |TAMS 0x000000008ba00000, 0x000000008ba00000| Untracked 
|  91|0x000000008bb00000, 0x000000008bb00000, 0x000000008bc00000|  0%| F|  |TAMS 0x000000008bb00000, 0x000000008bb00000| Untracked 
|  92|0x000000008bc00000, 0x000000008bc00000, 0x000000008bd00000|  0%| F|  |TAMS 0x000000008bc00000, 0x000000008bc00000| Untracked 
|  93|0x000000008bd00000, 0x000000008bd00000, 0x000000008be00000|  0%| F|  |TAMS 0x000000008bd00000, 0x000000008bd00000| Untracked 
|  94|0x000000008be00000, 0x000000008be00000, 0x000000008bf00000|  0%| F|  |TAMS 0x000000008be00000, 0x000000008be00000| Untracked 
|  95|0x000000008bf00000, 0x000000008bf00000, 0x000000008c000000|  0%| F|  |TAMS 0x000000008bf00000, 0x000000008bf00000| Untracked 
|  96|0x000000008c000000, 0x000000008c000000, 0x000000008c100000|  0%| F|  |TAMS 0x000000008c000000, 0x000000008c000000| Untracked 
|  97|0x000000008c100000, 0x000000008c100000, 0x000000008c200000|  0%| F|  |TAMS 0x000000008c100000, 0x000000008c100000| Untracked 
|  98|0x000000008c200000, 0x000000008c200000, 0x000000008c300000|  0%| F|  |TAMS 0x000000008c200000, 0x000000008c200000| Untracked 
|  99|0x000000008c300000, 0x000000008c300000, 0x000000008c400000|  0%| F|  |TAMS 0x000000008c300000, 0x000000008c300000| Untracked 
| 100|0x000000008c400000, 0x000000008c400000, 0x000000008c500000|  0%| F|  |TAMS 0x000000008c400000, 0x000000008c400000| Untracked 
| 101|0x000000008c500000, 0x000000008c500000, 0x000000008c600000|  0%| F|  |TAMS 0x000000008c500000, 0x000000008c500000| Untracked 
| 102|0x000000008c600000, 0x000000008c600000, 0x000000008c700000|  0%| F|  |TAMS 0x000000008c600000, 0x000000008c600000| Untracked 
| 103|0x000000008c700000, 0x000000008c700000, 0x000000008c800000|  0%| F|  |TAMS 0x000000008c700000, 0x000000008c700000| Untracked 
| 104|0x000000008c800000, 0x000000008c800000, 0x000000008c900000|  0%| F|  |TAMS 0x000000008c800000, 0x000000008c800000| Untracked 
| 105|0x000000008c900000, 0x000000008c900000, 0x000000008ca00000|  0%| F|  |TAMS 0x000000008c900000, 0x000000008c900000| Untracked 
| 106|0x000000008ca00000, 0x000000008ca00000, 0x000000008cb00000|  0%| F|  |TAMS 0x000000008ca00000, 0x000000008ca00000| Untracked 
| 107|0x000000008cb00000, 0x000000008cb00000, 0x000000008cc00000|  0%| F|  |TAMS 0x000000008cb00000, 0x000000008cb00000| Untracked 
| 108|0x000000008cc00000, 0x000000008cc00000, 0x000000008cd00000|  0%| F|  |TAMS 0x000000008cc00000, 0x000000008cc00000| Untracked 
| 109|0x000000008cd00000, 0x000000008cd00000, 0x000000008ce00000|  0%| F|  |TAMS 0x000000008cd00000, 0x000000008cd00000| Untracked 
| 110|0x000000008ce00000, 0x000000008ce7b640, 0x000000008cf00000| 48%| E|  |TAMS 0x000000008ce00000, 0x000000008ce00000| Complete 
| 111|0x000000008cf00000, 0x000000008d000000, 0x000000008d000000|100%| E|CS|TAMS 0x000000008cf00000, 0x000000008cf00000| Complete 
| 112|0x000000008d000000, 0x000000008d100000, 0x000000008d100000|100%| E|CS|TAMS 0x000000008d000000, 0x000000008d000000| Complete 
| 113|0x000000008d100000, 0x000000008d200000, 0x000000008d200000|100%| E|CS|TAMS 0x000000008d100000, 0x000000008d100000| Complete 
| 114|0x000000008d200000, 0x000000008d300000, 0x000000008d300000|100%| E|CS|TAMS 0x000000008d200000, 0x000000008d200000| Complete 
| 115|0x000000008d300000, 0x000000008d400000, 0x000000008d400000|100%| E|CS|TAMS 0x000000008d300000, 0x000000008d300000| Complete 
| 116|0x000000008d400000, 0x000000008d500000, 0x000000008d500000|100%| E|  |TAMS 0x000000008d400000, 0x000000008d400000| Complete 
| 117|0x000000008d500000, 0x000000008d600000, 0x000000008d600000|100%| E|CS|TAMS 0x000000008d500000, 0x000000008d500000| Complete 
| 118|0x000000008d600000, 0x000000008d700000, 0x000000008d700000|100%| E|CS|TAMS 0x000000008d600000, 0x000000008d600000| Complete 
| 119|0x000000008d700000, 0x000000008d800000, 0x000000008d800000|100%| E|CS|TAMS 0x000000008d700000, 0x000000008d700000| Complete 
| 120|0x000000008d800000, 0x000000008d900000, 0x000000008d900000|100%| E|CS|TAMS 0x000000008d800000, 0x000000008d800000| Complete 
| 121|0x000000008d900000, 0x000000008da00000, 0x000000008da00000|100%| E|CS|TAMS 0x000000008d900000, 0x000000008d900000| Complete 
|1950|0x00000000ffe00000, 0x00000000ffe48000, 0x00000000fff00000| 28%|OA|  |TAMS 0x00000000ffe00000, 0x00000000ffe00000| Untracked 
|1951|0x00000000fff00000, 0x00000000fff6c000, 0x0000000100000000| 42%|CA|  |TAMS 0x00000000fff00000, 0x00000000fff00000| Untracked 

Card table byte_map: [0x00007f2dee094000,0x00007f2dee464000] _byte_map_base: 0x00007f2dedc64000

Marking Bits (Prev, Next): (CMBitMap*) 0x00007f2de8059478, (CMBitMap*) 0x00007f2de80594b0
 Prev Bits: [0x00007f2dca180000, 0x00007f2dcc000000)
 Next Bits: [0x00007f2dc8300000, 0x00007f2dca180000)

Polling page: 0x00007f2df142b000

Metaspace:

Usage:
  Non-class:      5.82 MB capacity,     3.33 MB ( 57%) used,     2.49 MB ( 43%) free+waste,     5.69 KB ( <1%) overhead. 
      Class:    681.00 KB capacity,   395.27 KB ( 58%) used,   282.86 KB ( 42%) free+waste,     2.88 KB ( <1%) overhead. 
       Both:      6.49 MB capacity,     3.72 MB ( 57%) used,     2.76 MB ( 43%) free+waste,     8.56 KB ( <1%) overhead. 

Virtual space:
  Non-class space:        8.00 MB reserved,       6.00 MB ( 75%) committed 
      Class space:        1.00 GB reserved,     768.00 KB ( <1%) committed 
             Both:        1.01 GB reserved,       6.75 MB ( <1%) committed 

Chunk freelists:
   Non-Class:  26.00 KB
       Class:  0 bytes
        Both:  26.00 KB

MaxMetaspaceSize: unlimited
CompressedClassSpaceSize: 1.00 GB
Initial GC threshold: 20.80 MB
Current GC threshold: 20.80 MB
CDS: on

CodeHeap 'non-profiled nmethods': size=119172Kb used=245Kb max_used=245Kb free=118926Kb
 bounds [0x00007f2dd835e000, 0x00007f2dd85ce000, 0x00007f2ddf7bf000]
CodeHeap 'profiled nmethods': size=119168Kb used=1788Kb max_used=1788Kb free=117379Kb
 bounds [0x00007f2dd0efe000, 0x00007f2dd116e000, 0x00007f2dd835e000]
CodeHeap 'non-nmethods': size=7420Kb used=1203Kb max_used=1783Kb free=6216Kb
 bounds [0x00007f2dd07bf000, 0x00007f2dd0a2f000, 0x00007f2dd0efe000]
 total_blobs=1329 nmethods=931 adapters=320
 compilation: enabled
              stopped_count=0, restarted_count=0
 full_count=0

Compilation events (20 events):
Event: 1.336 Thread 0x00007f2de814e000  918       3       java.util.HashMap$KeyIterator::<init> (11 bytes)
Event: 1.336 Thread 0x00007f2d980a6000 nmethod 917 0x00007f2dd10b9b10 code [0x00007f2dd10b9ce0, 0x00007f2dd10b9f60]
Event: 1.336 Thread 0x00007f2d980a6000  919       3       org.bytedeco.javacpp.BytePointer::getString (12 bytes)
Event: 1.336 Thread 0x00007f2de814e000 nmethod 918 0x00007f2dd10ba090 code [0x00007f2dd10ba240, 0x00007f2dd10ba400]
Event: 1.336 Thread 0x00007f2de814e000  920       3       org.bytedeco.javacpp.BytePointer::getStringBytes (40 bytes)
Event: 1.336 Thread 0x00007f2d980a6000 nmethod 919 0x00007f2dd10ba490 code [0x00007f2dd10ba660, 0x00007f2dd10ba8f0]
Event: 1.336 Thread 0x00007f2d980a6000  923       3       java.util.AbstractCollection::addAll (42 bytes)
Event: 1.336 Thread 0x00007f2de814e000 nmethod 920 0x00007f2dd10baa10 code [0x00007f2dd10bac00, 0x00007f2dd10bafd0]
Event: 1.336 Thread 0x00007f2de814e000  921       3       java.util.HashMap::getOrDefault (23 bytes)
Event: 1.336 Thread 0x00007f2d980a6000 nmethod 923 0x00007f2dd10bb190 code [0x00007f2dd10bb380, 0x00007f2dd10bb8f0]
Event: 1.337 Thread 0x00007f2d980a6000  922       3       ConstValue::meet (73 bytes)
Event: 1.337 Thread 0x00007f2de814e000 nmethod 921 0x00007f2dd10bba90 code [0x00007f2dd10bbc60, 0x00007f2dd10bbfd0]
Event: 1.337 Thread 0x00007f2d980a6000 nmethod 922 0x00007f2dd10bc110 code [0x00007f2dd10bc2e0, 0x00007f2dd10bc5f0]
Event: 1.337 Thread 0x00007f2d980a6000  928       3       java.lang.String::contains (19 bytes)
Event: 1.337 Thread 0x00007f2de814c000  929       4       java.util.HashMap$HashIterator::hasNext (13 bytes)
Event: 1.337 Thread 0x00007f2de814e000  927       3       java.util.HashMap::tableSizeFor (32 bytes)
Event: 1.337 Thread 0x00007f2d980a6000 nmethod 928 0x00007f2dd10bc710 code [0x00007f2dd10bc8e0, 0x00007f2dd10bcb70]
Event: 1.337 Thread 0x00007f2de814c000 nmethod 929 0x00007f2dd839a410 code [0x00007f2dd839a5a0, 0x00007f2dd839a618]
Event: 1.337 Thread 0x00007f2de814e000 nmethod 927 0x00007f2dd10bcc90 code [0x00007f2dd10bce60, 0x00007f2dd10bd040]
Event: 1.337 Thread 0x00007f2d980aa000 nmethod 915 0x00007f2dd839a710 code [0x00007f2dd839a8a0, 0x00007f2dd839abb8]

GC Heap History (0 events):
No events

Deoptimization events (20 events):
Event: 1.016 Thread 0x00007f2de8016800 DEOPT PACKING pc=0x00007f2dd836e65c sp=0x00007f2defbb6cf0
Event: 1.016 Thread 0x00007f2de8016800 DEOPT UNPACKING pc=0x00007f2dd0808ea5 sp=0x00007f2defbb6c80 mode 2
Event: 1.016 Thread 0x00007f2de8016800 Uncommon trap: trap_request=0xffffffbe fr.pc=0x00007f2dd836e65c relative=0x000000000000029c
Event: 1.016 Thread 0x00007f2de8016800 Uncommon trap: reason=profile_predicate action=maybe_recompile pc=0x00007f2dd836e65c method=java.lang.StringLatin1.indexOf([BI[BII)I @ 18 c2
Event: 1.016 Thread 0x00007f2de8016800 DEOPT PACKING pc=0x00007f2dd836e65c sp=0x00007f2defbb6cf0
Event: 1.016 Thread 0x00007f2de8016800 DEOPT UNPACKING pc=0x00007f2dd0808ea5 sp=0x00007f2defbb6c80 mode 2
Event: 1.057 Thread 0x00007f2de8016800 DEOPT PACKING pc=0x00007f2dd0f5c6fe sp=0x00007f2defbb4210
Event: 1.057 Thread 0x00007f2de8016800 DEOPT UNPACKING pc=0x00007f2dd080964a sp=0x00007f2defbb3698 mode 0
Event: 1.081 Thread 0x00007f2de8016800 DEOPT PACKING pc=0x00007f2dd0f864f4 sp=0x00007f2defbb77d0
Event: 1.081 Thread 0x00007f2de8016800 DEOPT UNPACKING pc=0x00007f2dd080964a sp=0x00007f2defbb6d38 mode 1
Event: 1.083 Thread 0x00007f2de8016800 DEOPT PACKING pc=0x00007f2dd0f864f4 sp=0x00007f2defbb77d0
Event: 1.083 Thread 0x00007f2de8016800 DEOPT UNPACKING pc=0x00007f2dd080964a sp=0x00007f2defbb6d38 mode 1
Event: 1.106 Thread 0x00007f2de8016800 DEOPT PACKING pc=0x00007f2dd0fe188a sp=0x00007f2defbb7460
Event: 1.106 Thread 0x00007f2de8016800 DEOPT UNPACKING pc=0x00007f2dd080964a sp=0x00007f2defbb6908 mode 0
Event: 1.231 Thread 0x00007f2de8016800 DEOPT PACKING pc=0x00007f2dd0f37f62 sp=0x00007f2defbb5ce0
Event: 1.231 Thread 0x00007f2de8016800 DEOPT UNPACKING pc=0x00007f2dd080964a sp=0x00007f2defbb51f0 mode 0
Event: 1.306 Thread 0x00007f2de8016800 Uncommon trap: trap_request=0xffffff76 fr.pc=0x00007f2dd8367de8 relative=0x0000000000000148
Event: 1.306 Thread 0x00007f2de8016800 Uncommon trap: reason=loop_limit_check action=maybe_recompile pc=0x00007f2dd8367de8 method=java.lang.StringLatin1.lastIndexOf([BII)I @ 19 c2
Event: 1.306 Thread 0x00007f2de8016800 DEOPT PACKING pc=0x00007f2dd8367de8 sp=0x00007f2defbb8260
Event: 1.306 Thread 0x00007f2de8016800 DEOPT UNPACKING pc=0x00007f2dd0808ea5 sp=0x00007f2defbb8210 mode 2

Classes redefined (0 events):
No events

Internal exceptions (20 events):
Event: 1.083 Thread 0x00007f2de8016800 Exception <a 'java/security/PrivilegedActionException'{0x000000008d355140}> (0x000000008d355140) thrown at [./src/hotspot/share/prims/jvm.cpp, line 1304]
Event: 1.083 Thread 0x00007f2de8016800 Exception <a 'java/security/PrivilegedActionException'{0x000000008d355410}> (0x000000008d355410) thrown at [./src/hotspot/share/prims/jvm.cpp, line 1304]
Event: 1.083 Thread 0x00007f2de8016800 Exception <a 'java/security/PrivilegedActionException'{0x000000008d355e20}> (0x000000008d355e20) thrown at [./src/hotspot/share/prims/jvm.cpp, line 1304]
Event: 1.083 Thread 0x00007f2de8016800 Exception <a 'java/security/PrivilegedActionException'{0x000000008d3560f0}> (0x000000008d3560f0) thrown at [./src/hotspot/share/prims/jvm.cpp, line 1304]
Event: 1.083 Thread 0x00007f2de8016800 Exception <a 'java/security/PrivilegedActionException'{0x000000008d356b20}> (0x000000008d356b20) thrown at [./src/hotspot/share/prims/jvm.cpp, line 1304]
Event: 1.083 Thread 0x00007f2de8016800 Exception <a 'java/security/PrivilegedActionException'{0x000000008d356df0}> (0x000000008d356df0) thrown at [./src/hotspot/share/prims/jvm.cpp, line 1304]
Event: 1.083 Thread 0x00007f2de8016800 Exception <a 'java/security/PrivilegedActionException'{0x000000008d357808}> (0x000000008d357808) thrown at [./src/hotspot/share/prims/jvm.cpp, line 1304]
Event: 1.083 Thread 0x00007f2de8016800 Exception <a 'java/security/PrivilegedActionException'{0x000000008d357ad8}> (0x000000008d357ad8) thrown at [./src/hotspot/share/prims/jvm.cpp, line 1304]
Event: 1.083 Thread 0x00007f2de8016800 Exception <a 'java/security/PrivilegedActionException'{0x000000008d3584f0}> (0x000000008d3584f0) thrown at [./src/hotspot/share/prims/jvm.cpp, line 1304]
Event: 1.083 Thread 0x00007f2de8016800 Exception <a 'java/security/PrivilegedActionException'{0x000000008d3587c0}> (0x000000008d3587c0) thrown at [./src/hotspot/share/prims/jvm.cpp, line 1304]
Event: 1.083 Thread 0x00007f2de8016800 Exception <a 'java/security/PrivilegedActionException'{0x000000008d3591f8}> (0x000000008d3591f8) thrown at [./src/hotspot/share/prims/jvm.cpp, line 1304]
Event: 1.083 Thread 0x00007f2de8016800 Exception <a 'java/security/PrivilegedActionException'{0x000000008d3594c8}> (0x000000008d3594c8) thrown at [./src/hotspot/share/prims/jvm.cpp, line 1304]
Event: 1.083 Thread 0x00007f2de8016800 Exception <a 'java/security/PrivilegedActionException'{0x000000008d359ef8}> (0x000000008d359ef8) thrown at [./src/hotspot/share/prims/jvm.cpp, line 1304]
Event: 1.083 Thread 0x00007f2de8016800 Exception <a 'java/security/PrivilegedActionException'{0x000000008d35a1c8}> (0x000000008d35a1c8) thrown at [./src/hotspot/share/prims/jvm.cpp, line 1304]
Event: 1.083 Thread 0x00007f2de8016800 Exception <a 'java/security/PrivilegedActionException'{0x000000008d35ac00}> (0x000000008d35ac00) thrown at [./src/hotspot/share/prims/jvm.cpp, line 1304]
Event: 1.083 Thread 0x00007f2de8016800 Exception <a 'java/security/PrivilegedActionException'{0x000000008d35aed0}> (0x000000008d35aed0) thrown at [./src/hotspot/share/prims/jvm.cpp, line 1304]
Event: 1.083 Thread 0x00007f2de8016800 Exception <a 'java/security/PrivilegedActionException'{0x000000008d35b8e8}> (0x000000008d35b8e8) thrown at [./src/hotspot/share/prims/jvm.cpp, line 1304]
Event: 1.083 Thread 0x00007f2de8016800 Exception <a 'java/security/PrivilegedActionException'{0x000000008d35bbb8}> (0x000000008d35bbb8) thrown at [./src/hotspot/share/prims/jvm.cpp, line 1304]
Event: 1.083 Thread 0x00007f2de8016800 Exception <a 'java/security/PrivilegedActionException'{0x000000008d35c608}> (0x000000008d35c608) thrown at [./src/hotspot/share/prims/jvm.cpp, line 1304]
Event: 1.083 Thread 0x00007f2de8016800 Exception <a 'java/security/PrivilegedActionException'{0x000000008d35c8d8}> (0x000000008d35c8d8) thrown at [./src/hotspot/share/prims/jvm.cpp, line 1304]

Events (20 events):
Event: 12.233 Executing VM operation: ThreadsSuspendJVMTI
Event: 12.233 Executing VM operation: ThreadsSuspendJVMTI done
Event: 12.234 Executing VM operation: GetFrameCount
Event: 12.234 Executing VM operation: GetFrameCount done
Event: 12.234 Executing VM operation: GetFrameCount
Event: 12.234 Executing VM operation: GetFrameCount done
Event: 12.234 Executing VM operation: GetStackTrace
Event: 12.234 Executing VM operation: GetStackTrace done
Event: 12.236 Executing VM operation: GetFrameCount
Event: 12.236 Executing VM operation: GetFrameCount done
Event: 12.236 Executing VM operation: GetStackTrace
Event: 12.236 Executing VM operation: GetStackTrace done
Event: 12.236 Executing VM operation: GetFrameCount
Event: 12.236 Executing VM operation: GetFrameCount done
Event: 12.236 Executing VM operation: GetStackTrace
Event: 12.236 Executing VM operation: GetStackTrace done
Event: 12.239 Executing VM operation: GetFrameLocation
Event: 12.239 Executing VM operation: GetFrameLocation done
Event: 12.239 Executing VM operation: GetOrSetLocal
Event: 12.239 Executing VM operation: GetOrSetLocal done


Dynamic libraries:
86000000-8da00000 rw-p 00000000 00:00 0 
8da00000-ffe00000 ---p 00000000 00:00 0 
ffe00000-ffe48000 rw-p 00b14000 08:20 29394                              /usr/lib/jvm/java-11-openjdk-amd64/lib/server/classes.jsa
ffe48000-fff00000 rw-p 00000000 00:00 0 
fff00000-fff6c000 rw-p 00aa8000 08:20 29394                              /usr/lib/jvm/java-11-openjdk-amd64/lib/server/classes.jsa
fff6c000-100000000 rw-p 00000000 00:00 0 
800000000-800002000 rwxp 00001000 08:20 29394                            /usr/lib/jvm/java-11-openjdk-amd64/lib/server/classes.jsa
800002000-800aa7000 rw-p 00003000 08:20 29394                            /usr/lib/jvm/java-11-openjdk-amd64/lib/server/classes.jsa
840000000-8400c0000 rw-p 00000000 00:00 0 
8400c0000-880000000 ---p 00000000 00:00 0 
5623a5a79000-5623a5a7a000 r--p 00000000 08:20 58380                      /usr/lib/jvm/java-11-openjdk-amd64/bin/java
5623a5a7a000-5623a5a7b000 r-xp 00001000 08:20 58380                      /usr/lib/jvm/java-11-openjdk-amd64/bin/java
5623a5a7b000-5623a5a7c000 r--p 00002000 08:20 58380                      /usr/lib/jvm/java-11-openjdk-amd64/bin/java
5623a5a7c000-5623a5a7d000 r--p 00002000 08:20 58380                      /usr/lib/jvm/java-11-openjdk-amd64/bin/java
5623a5a7d000-5623a5a7e000 rw-p 00003000 08:20 58380                      /usr/lib/jvm/java-11-openjdk-amd64/bin/java
5623c665e000-5623c667f000 rw-p 00000000 00:00 0                          [heap]
7f2d6952c000-7f2d69e52000 r--p 00000000 08:20 227212                     /home/itshandable/.javacpp/cache/llvm-13.0.1-1.5.7-linux-x86_64.jar/org/bytedeco/llvm/linux-x86_64/libLLVM-13.so
7f2d69e52000-7f2d6d815000 r-xp 00926000 08:20 227212                     /home/itshandable/.javacpp/cache/llvm-13.0.1-1.5.7-linux-x86_64.jar/org/bytedeco/llvm/linux-x86_64/libLLVM-13.so
7f2d6d815000-7f2d6fa6a000 r--p 042e9000 08:20 227212                     /home/itshandable/.javacpp/cache/llvm-13.0.1-1.5.7-linux-x86_64.jar/org/bytedeco/llvm/linux-x86_64/libLLVM-13.so
7f2d6fa6a000-7f2d6ff7f000 r--p 0653d000 08:20 227212                     /home/itshandable/.javacpp/cache/llvm-13.0.1-1.5.7-linux-x86_64.jar/org/bytedeco/llvm/linux-x86_64/libLLVM-13.so
7f2d6ff7f000-7f2d6ff8a000 rw-p 06a52000 08:20 227212                     /home/itshandable/.javacpp/cache/llvm-13.0.1-1.5.7-linux-x86_64.jar/org/bytedeco/llvm/linux-x86_64/libLLVM-13.so
7f2d6ff8a000-7f2d70000000 rw-p 00000000 00:00 0 
7f2d70000000-7f2d70084000 rw-p 00000000 00:00 0 
7f2d70084000-7f2d74000000 ---p 00000000 00:00 0 
7f2d74000000-7f2d74026000 rw-p 00000000 00:00 0 
7f2d74026000-7f2d78000000 ---p 00000000 00:00 0 
7f2d78000000-7f2d78021000 rw-p 00000000 00:00 0 
7f2d78021000-7f2d7c000000 ---p 00000000 00:00 0 
7f2d7c000000-7f2d7c021000 rw-p 00000000 00:00 0 
7f2d7c021000-7f2d80000000 ---p 00000000 00:00 0 
7f2d80000000-7f2d80021000 rw-p 00000000 00:00 0 
7f2d80021000-7f2d84000000 ---p 00000000 00:00 0 
7f2d84000000-7f2d84021000 rw-p 00000000 00:00 0 
7f2d84021000-7f2d88000000 ---p 00000000 00:00 0 
7f2d88000000-7f2d8805d000 rw-p 00000000 00:00 0 
7f2d8805d000-7f2d8c000000 ---p 00000000 00:00 0 
7f2d8c000000-7f2d8c021000 rw-p 00000000 00:00 0 
7f2d8c021000-7f2d90000000 ---p 00000000 00:00 0 
7f2d90000000-7f2d90021000 rw-p 00000000 00:00 0 
7f2d90021000-7f2d94000000 ---p 00000000 00:00 0 
7f2d94000000-7f2d940bf000 rw-p 00000000 00:00 0 
7f2d940bf000-7f2d98000000 ---p 00000000 00:00 0 
7f2d98000000-7f2d980d5000 rw-p 00000000 00:00 0 
7f2d980d5000-7f2d9c000000 ---p 00000000 00:00 0 
7f2d9c000000-7f2d9c4e9000 rw-p 00000000 00:00 0 
7f2d9c4e9000-7f2da0000000 ---p 00000000 00:00 0 
7f2da0000000-7f2da0021000 rw-p 00000000 00:00 0 
7f2da0021000-7f2da4000000 ---p 00000000 00:00 0 
7f2da4000000-7f2da4021000 rw-p 00000000 00:00 0 
7f2da4021000-7f2da8000000 ---p 00000000 00:00 0 
7f2da8000000-7f2da8021000 rw-p 00000000 00:00 0 
7f2da8021000-7f2dac000000 ---p 00000000 00:00 0 
7f2dac000000-7f2dac021000 rw-p 00000000 00:00 0 
7f2dac021000-7f2db0000000 ---p 00000000 00:00 0 
7f2db0000000-7f2db0021000 rw-p 00000000 00:00 0 
7f2db0021000-7f2db4000000 ---p 00000000 00:00 0 
7f2db4000000-7f2db4021000 rw-p 00000000 00:00 0 
7f2db4021000-7f2db8000000 ---p 00000000 00:00 0 
7f2db8000000-7f2db8021000 rw-p 00000000 00:00 0 
7f2db8021000-7f2dbc000000 ---p 00000000 00:00 0 
7f2dbc000000-7f2dbc021000 rw-p 00000000 00:00 0 
7f2dbc021000-7f2dc0000000 ---p 00000000 00:00 0 
7f2dc16f9000-7f2dc175e000 r--p 00000000 08:20 227234                     /home/itshandable/.javacpp/cache/llvm-13.0.1-1.5.7-linux-x86_64.jar/org/bytedeco/llvm/linux-x86_64/libjniLLVM.so
7f2dc175e000-7f2dc17cc000 r-xp 00065000 08:20 227234                     /home/itshandable/.javacpp/cache/llvm-13.0.1-1.5.7-linux-x86_64.jar/org/bytedeco/llvm/linux-x86_64/libjniLLVM.so
7f2dc17cc000-7f2dc17f7000 r--p 000d3000 08:20 227234                     /home/itshandable/.javacpp/cache/llvm-13.0.1-1.5.7-linux-x86_64.jar/org/bytedeco/llvm/linux-x86_64/libjniLLVM.so
7f2dc17f7000-7f2dc17fa000 r--p 000fd000 08:20 227234                     /home/itshandable/.javacpp/cache/llvm-13.0.1-1.5.7-linux-x86_64.jar/org/bytedeco/llvm/linux-x86_64/libjniLLVM.so
7f2dc17fa000-7f2dc17fd000 rw-p 00100000 08:20 227234                     /home/itshandable/.javacpp/cache/llvm-13.0.1-1.5.7-linux-x86_64.jar/org/bytedeco/llvm/linux-x86_64/libjniLLVM.so
7f2dc17fd000-7f2dc17ff000 rw-p 00000000 00:00 0 
7f2dc17ff000-7f2dc1803000 ---p 00000000 00:00 0 
7f2dc1803000-7f2dc18ff000 rw-p 00000000 00:00 0 
7f2dc18ff000-7f2dc1903000 ---p 00000000 00:00 0 
7f2dc1903000-7f2dc19ff000 rw-p 00000000 00:00 0 
7f2dc19ff000-7f2dc1a03000 ---p 00000000 00:00 0 
7f2dc1a03000-7f2dc1aff000 rw-p 00000000 00:00 0 
7f2dc1aff000-7f2dc1b03000 ---p 00000000 00:00 0 
7f2dc1b03000-7f2dc1bff000 rw-p 00000000 00:00 0 
7f2dc1bff000-7f2dc1c00000 ---p 00000000 00:00 0 
7f2dc1c00000-7f2dc1d00000 rw-p 00000000 00:00 0 
7f2dc1d00000-7f2dc1d04000 ---p 00000000 00:00 0 
7f2dc1d04000-7f2dc1e00000 rw-p 00000000 00:00 0 
7f2dc1e00000-7f2dc1e04000 ---p 00000000 00:00 0 
7f2dc1e04000-7f2dc1f00000 rw-p 00000000 00:00 0 
7f2dc1f00000-7f2dc1f04000 ---p 00000000 00:00 0 
7f2dc1f04000-7f2dc4000000 rw-p 00000000 00:00 0 
7f2dc4000000-7f2dc4021000 rw-p 00000000 00:00 0 
7f2dc4021000-7f2dc8004000 ---p 00000000 00:00 0 
7f2dc8004000-7f2dc8100000 rw-p 00000000 00:00 0 
7f2dc8100000-7f2dc8104000 ---p 00000000 00:00 0 
7f2dc8104000-7f2dc8200000 rw-p 00000000 00:00 0 
7f2dc8200000-7f2dc8204000 ---p 00000000 00:00 0 
7f2dc8204000-7f2dc84e8000 rw-p 00000000 00:00 0 
7f2dc84e8000-7f2dca178000 ---p 00000000 00:00 0 
7f2dca178000-7f2dca368000 rw-p 00000000 00:00 0 
7f2dca368000-7f2dcbff8000 ---p 00000000 00:00 0 
7f2dcbff8000-7f2dcc000000 rw-p 00000000 00:00 0 
7f2dcc000000-7f2dcc021000 rw-p 00000000 00:00 0 
7f2dcc021000-7f2dd0000000 ---p 00000000 00:00 0 
7f2dd008b000-7f2dd0092000 r--p 00000000 08:20 227217                     /home/itshandable/.javacpp/cache/llvm-13.0.1-1.5.7-linux-x86_64.jar/org/bytedeco/llvm/linux-x86_64/libLTO.so.13
7f2dd0092000-7f2dd009a000 r-xp 00007000 08:20 227217                     /home/itshandable/.javacpp/cache/llvm-13.0.1-1.5.7-linux-x86_64.jar/org/bytedeco/llvm/linux-x86_64/libLTO.so.13
7f2dd009a000-7f2dd009c000 r--p 0000f000 08:20 227217                     /home/itshandable/.javacpp/cache/llvm-13.0.1-1.5.7-linux-x86_64.jar/org/bytedeco/llvm/linux-x86_64/libLTO.so.13
7f2dd009c000-7f2dd009d000 r--p 00010000 08:20 227217                     /home/itshandable/.javacpp/cache/llvm-13.0.1-1.5.7-linux-x86_64.jar/org/bytedeco/llvm/linux-x86_64/libLTO.so.13
7f2dd009d000-7f2dd009e000 rw-p 00011000 08:20 227217                     /home/itshandable/.javacpp/cache/llvm-13.0.1-1.5.7-linux-x86_64.jar/org/bytedeco/llvm/linux-x86_64/libLTO.so.13
7f2dd009e000-7f2dd009f000 r--p 00000000 08:20 64938                      /usr/lib/x86_64-linux-gnu/libdl.so.2
7f2dd009f000-7f2dd00a0000 r-xp 00001000 08:20 64938                      /usr/lib/x86_64-linux-gnu/libdl.so.2
7f2dd00a0000-7f2dd00a1000 r--p 00002000 08:20 64938                      /usr/lib/x86_64-linux-gnu/libdl.so.2
7f2dd00a1000-7f2dd00a2000 r--p 00002000 08:20 64938                      /usr/lib/x86_64-linux-gnu/libdl.so.2
7f2dd00a2000-7f2dd00a3000 rw-p 00003000 08:20 64938                      /usr/lib/x86_64-linux-gnu/libdl.so.2
7f2dd00ac000-7f2dd00ad000 r--p 00000000 08:20 227228                     /home/itshandable/.javacpp/cache/llvm-13.0.1-1.5.7-linux-x86_64.jar/org/bytedeco/llvm/linux-x86_64/libRemarks.so.13
7f2dd00ad000-7f2dd00ae000 r-xp 00001000 08:20 227228                     /home/itshandable/.javacpp/cache/llvm-13.0.1-1.5.7-linux-x86_64.jar/org/bytedeco/llvm/linux-x86_64/libRemarks.so.13
7f2dd00ae000-7f2dd00af000 r--p 00002000 08:20 227228                     /home/itshandable/.javacpp/cache/llvm-13.0.1-1.5.7-linux-x86_64.jar/org/bytedeco/llvm/linux-x86_64/libRemarks.so.13
7f2dd00af000-7f2dd00b0000 r--p 00002000 08:20 227228                     /home/itshandable/.javacpp/cache/llvm-13.0.1-1.5.7-linux-x86_64.jar/org/bytedeco/llvm/linux-x86_64/libRemarks.so.13
7f2dd00b0000-7f2dd00b1000 rw-p 00003000 08:20 227228                     /home/itshandable/.javacpp/cache/llvm-13.0.1-1.5.7-linux-x86_64.jar/org/bytedeco/llvm/linux-x86_64/libRemarks.so.13
7f2dd00b1000-7f2dd00e2000 rw-p 00000000 00:00 0 
7f2dd00e2000-7f2dd00e6000 ---p 00000000 00:00 0 
7f2dd00e6000-7f2dd01e2000 rw-p 00000000 00:00 0 
7f2dd01e2000-7f2dd01e6000 ---p 00000000 00:00 0 
7f2dd01e6000-7f2dd02e2000 rw-p 00000000 00:00 0 
7f2dd02e2000-7f2dd02e6000 ---p 00000000 00:00 0 
7f2dd02e6000-7f2dd03e2000 rw-p 00000000 00:00 0 
7f2dd03e2000-7f2dd03e6000 ---p 00000000 00:00 0 
7f2dd03e6000-7f2dd04e2000 rw-p 00000000 00:00 0 
7f2dd04e2000-7f2dd04e6000 ---p 00000000 00:00 0 
7f2dd04e6000-7f2dd05e2000 rw-p 00000000 00:00 0 
7f2dd05e2000-7f2dd05e3000 ---p 00000000 00:00 0 
7f2dd05e3000-7f2dd07bf000 rw-p 00000000 00:00 0 
7f2dd07bf000-7f2dd0a2f000 rwxp 00000000 00:00 0 
7f2dd0a2f000-7f2dd0efe000 ---p 00000000 00:00 0 
7f2dd0efe000-7f2dd116e000 rwxp 00000000 00:00 0 
7f2dd116e000-7f2dd835e000 ---p 00000000 00:00 0 
7f2dd835e000-7f2dd85ce000 rwxp 00000000 00:00 0 
7f2dd85ce000-7f2ddf7bf000 ---p 00000000 00:00 0 
7f2ddf7bf000-7f2de8000000 r--s 00000000 08:20 58738                      /usr/lib/jvm/java-11-openjdk-amd64/lib/modules
7f2de8000000-7f2de83ad000 rw-p 00000000 00:00 0 
7f2de83ad000-7f2dec000000 ---p 00000000 00:00 0 
7f2dec004000-7f2dec005000 r--p 00000000 08:20 64948                      /usr/lib/x86_64-linux-gnu/libpthread.so.0
7f2dec005000-7f2dec006000 r-xp 00001000 08:20 64948                      /usr/lib/x86_64-linux-gnu/libpthread.so.0
7f2dec006000-7f2dec007000 r--p 00002000 08:20 64948                      /usr/lib/x86_64-linux-gnu/libpthread.so.0
7f2dec007000-7f2dec008000 r--p 00002000 08:20 64948                      /usr/lib/x86_64-linux-gnu/libpthread.so.0
7f2dec008000-7f2dec009000 rw-p 00003000 08:20 64948                      /usr/lib/x86_64-linux-gnu/libpthread.so.0
7f2dec009000-7f2dec00d000 r--p 00000000 08:20 227196                     /home/itshandable/.javacpp/cache/javacpp-1.5.7-linux-x86_64.jar/org/bytedeco/javacpp/linux-x86_64/libjnijavacpp.so
7f2dec00d000-7f2dec014000 r-xp 00004000 08:20 227196                     /home/itshandable/.javacpp/cache/javacpp-1.5.7-linux-x86_64.jar/org/bytedeco/javacpp/linux-x86_64/libjnijavacpp.so
7f2dec014000-7f2dec018000 r--p 0000b000 08:20 227196                     /home/itshandable/.javacpp/cache/javacpp-1.5.7-linux-x86_64.jar/org/bytedeco/javacpp/linux-x86_64/libjnijavacpp.so
7f2dec018000-7f2dec019000 r--p 0000e000 08:20 227196                     /home/itshandable/.javacpp/cache/javacpp-1.5.7-linux-x86_64.jar/org/bytedeco/javacpp/linux-x86_64/libjnijavacpp.so
7f2dec019000-7f2dec01a000 rw-p 0000f000 08:20 227196                     /home/itshandable/.javacpp/cache/javacpp-1.5.7-linux-x86_64.jar/org/bytedeco/javacpp/linux-x86_64/libjnijavacpp.so
7f2dec01a000-7f2dec01e000 r--p 00000000 08:20 58728                      /usr/lib/jvm/java-11-openjdk-amd64/lib/libnet.so
7f2dec01e000-7f2dec02c000 r-xp 00004000 08:20 58728                      /usr/lib/jvm/java-11-openjdk-amd64/lib/libnet.so
7f2dec02c000-7f2dec030000 r--p 00012000 08:20 58728                      /usr/lib/jvm/java-11-openjdk-amd64/lib/libnet.so
7f2dec030000-7f2dec031000 r--p 00015000 08:20 58728                      /usr/lib/jvm/java-11-openjdk-amd64/lib/libnet.so
7f2dec031000-7f2dec032000 rw-p 00016000 08:20 58728                      /usr/lib/jvm/java-11-openjdk-amd64/lib/libnet.so
7f2dec032000-7f2dec039000 r--p 00000000 08:20 58729                      /usr/lib/jvm/java-11-openjdk-amd64/lib/libnio.so
7f2dec039000-7f2dec041000 r-xp 00007000 08:20 58729                      /usr/lib/jvm/java-11-openjdk-amd64/lib/libnio.so
7f2dec041000-7f2dec044000 r--p 0000f000 08:20 58729                      /usr/lib/jvm/java-11-openjdk-amd64/lib/libnio.so
7f2dec044000-7f2dec045000 r--p 00011000 08:20 58729                      /usr/lib/jvm/java-11-openjdk-amd64/lib/libnio.so
7f2dec045000-7f2dec046000 rw-p 00012000 08:20 58729                      /usr/lib/jvm/java-11-openjdk-amd64/lib/libnio.so
7f2dec046000-7f2dec048000 r--p 00000000 08:20 58709                      /usr/lib/jvm/java-11-openjdk-amd64/lib/libdt_socket.so
7f2dec048000-7f2dec04b000 r-xp 00002000 08:20 58709                      /usr/lib/jvm/java-11-openjdk-amd64/lib/libdt_socket.so
7f2dec04b000-7f2dec04c000 r--p 00005000 08:20 58709                      /usr/lib/jvm/java-11-openjdk-amd64/lib/libdt_socket.so
7f2dec04c000-7f2dec04d000 ---p 00006000 08:20 58709                      /usr/lib/jvm/java-11-openjdk-amd64/lib/libdt_socket.so
7f2dec04d000-7f2dec04e000 r--p 00006000 08:20 58709                      /usr/lib/jvm/java-11-openjdk-amd64/lib/libdt_socket.so
7f2dec04e000-7f2dec04f000 rw-p 00007000 08:20 58709                      /usr/lib/jvm/java-11-openjdk-amd64/lib/libdt_socket.so
7f2dec04f000-7f2dec677000 rw-p 00000000 00:00 0 
7f2dec677000-7f2dec877000 ---p 00000000 00:00 0 
7f2dec877000-7f2dec8b9000 rw-p 00000000 00:00 0 
7f2dec8b9000-7f2dec8ba000 ---p 00000000 00:00 0 
7f2dec8ba000-7f2dec9ba000 rw-p 00000000 00:00 0 
7f2dec9ba000-7f2dec9bb000 ---p 00000000 00:00 0 
7f2dec9bb000-7f2ded9ca000 rw-p 00000000 00:00 0 
7f2ded9ca000-7f2ded9cb000 ---p 00000000 00:00 0 
7f2ded9cb000-7f2dedacb000 rw-p 00000000 00:00 0 
7f2dedacb000-7f2dedacc000 ---p 00000000 00:00 0 
7f2dedacc000-7f2dedd01000 rw-p 00000000 00:00 0 
7f2dedd01000-7f2dee093000 ---p 00000000 00:00 0 
7f2dee093000-7f2dee0d1000 rw-p 00000000 00:00 0 
7f2dee0d1000-7f2dee463000 ---p 00000000 00:00 0 
7f2dee463000-7f2dee4a1000 rw-p 00000000 00:00 0 
7f2dee4a1000-7f2dee833000 ---p 00000000 00:00 0 
7f2dee833000-7f2def743000 rw-p 00000000 00:00 0 
7f2def743000-7f2def744000 ---p 00000000 00:00 0 
7f2def744000-7f2def849000 rw-p 00000000 00:00 0 
7f2def849000-7f2def92d000 ---p 00000000 00:00 0 
7f2def92d000-7f2def932000 rw-p 00000000 00:00 0 
7f2def932000-7f2defa16000 ---p 00000000 00:00 0 
7f2defa16000-7f2defa1b000 rw-p 00000000 00:00 0 
7f2defa1b000-7f2defa25000 ---p 00000000 00:00 0 
7f2defa25000-7f2defa27000 r--p 00000000 08:20 58737                      /usr/lib/jvm/java-11-openjdk-amd64/lib/libzip.so
7f2defa27000-7f2defa2c000 r-xp 00002000 08:20 58737                      /usr/lib/jvm/java-11-openjdk-amd64/lib/libzip.so
7f2defa2c000-7f2defa2e000 r--p 00007000 08:20 58737                      /usr/lib/jvm/java-11-openjdk-amd64/lib/libzip.so
7f2defa2e000-7f2defa2f000 r--p 00008000 08:20 58737                      /usr/lib/jvm/java-11-openjdk-amd64/lib/libzip.so
7f2defa2f000-7f2defa30000 rw-p 00009000 08:20 58737                      /usr/lib/jvm/java-11-openjdk-amd64/lib/libzip.so
7f2defa30000-7f2defa38000 rw-s 00000000 08:20 2331                       /tmp/hsperfdata_itshandable/14324
7f2defa38000-7f2defa3a000 r--p 00000000 08:20 58719                      /usr/lib/jvm/java-11-openjdk-amd64/lib/libjdwp.so
7f2defa3a000-7f2defa66000 r-xp 00002000 08:20 58719                      /usr/lib/jvm/java-11-openjdk-amd64/lib/libjdwp.so
7f2defa66000-7f2defa74000 r--p 0002e000 08:20 58719                      /usr/lib/jvm/java-11-openjdk-amd64/lib/libjdwp.so
7f2defa74000-7f2defa75000 r--p 0003b000 08:20 58719                      /usr/lib/jvm/java-11-openjdk-amd64/lib/libjdwp.so
7f2defa75000-7f2defa76000 rw-p 0003c000 08:20 58719                      /usr/lib/jvm/java-11-openjdk-amd64/lib/libjdwp.so
7f2defa76000-7f2defa84000 r--p 00000000 08:20 58717                      /usr/lib/jvm/java-11-openjdk-amd64/lib/libjava.so
7f2defa84000-7f2defa9a000 r-xp 0000e000 08:20 58717                      /usr/lib/jvm/java-11-openjdk-amd64/lib/libjava.so
7f2defa9a000-7f2defaa1000 r--p 00024000 08:20 58717                      /usr/lib/jvm/java-11-openjdk-amd64/lib/libjava.so
7f2defaa1000-7f2defaa2000 r--p 0002a000 08:20 58717                      /usr/lib/jvm/java-11-openjdk-amd64/lib/libjava.so
7f2defaa2000-7f2defaa3000 rw-p 0002b000 08:20 58717                      /usr/lib/jvm/java-11-openjdk-amd64/lib/libjava.so
7f2defaa3000-7f2defaa4000 rw-p 00000000 00:00 0 
7f2defaa4000-7f2defaa9000 r--p 00000000 08:20 58736                      /usr/lib/jvm/java-11-openjdk-amd64/lib/libverify.so
7f2defaa9000-7f2defab0000 r-xp 00005000 08:20 58736                      /usr/lib/jvm/java-11-openjdk-amd64/lib/libverify.so
7f2defab0000-7f2defab2000 r--p 0000c000 08:20 58736                      /usr/lib/jvm/java-11-openjdk-amd64/lib/libverify.so
7f2defab2000-7f2defab4000 r--p 0000d000 08:20 58736                      /usr/lib/jvm/java-11-openjdk-amd64/lib/libverify.so
7f2defab4000-7f2defab5000 rw-p 0000f000 08:20 58736                      /usr/lib/jvm/java-11-openjdk-amd64/lib/libverify.so
7f2defab5000-7f2defab6000 r--p 00000000 08:20 64951                      /usr/lib/x86_64-linux-gnu/librt.so.1
7f2defab6000-7f2defab7000 r-xp 00001000 08:20 64951                      /usr/lib/x86_64-linux-gnu/librt.so.1
7f2defab7000-7f2defab8000 r--p 00002000 08:20 64951                      /usr/lib/x86_64-linux-gnu/librt.so.1
7f2defab8000-7f2defab9000 r--p 00002000 08:20 64951                      /usr/lib/x86_64-linux-gnu/librt.so.1
7f2defab9000-7f2defaba000 rw-p 00003000 08:20 64951                      /usr/lib/x86_64-linux-gnu/librt.so.1
7f2defaba000-7f2defabe000 ---p 00000000 00:00 0 
7f2defabe000-7f2defbba000 rw-p 00000000 00:00 0 
7f2defbba000-7f2defbbd000 r--p 00000000 08:20 6709                       /usr/lib/x86_64-linux-gnu/libgcc_s.so.1
7f2defbbd000-7f2defbd4000 r-xp 00003000 08:20 6709                       /usr/lib/x86_64-linux-gnu/libgcc_s.so.1
7f2defbd4000-7f2defbd8000 r--p 0001a000 08:20 6709                       /usr/lib/x86_64-linux-gnu/libgcc_s.so.1
7f2defbd8000-7f2defbd9000 r--p 0001d000 08:20 6709                       /usr/lib/x86_64-linux-gnu/libgcc_s.so.1
7f2defbd9000-7f2defbda000 rw-p 0001e000 08:20 6709                       /usr/lib/x86_64-linux-gnu/libgcc_s.so.1
7f2defbda000-7f2defbe8000 r--p 00000000 08:20 64939                      /usr/lib/x86_64-linux-gnu/libm.so.6
7f2defbe8000-7f2defc64000 r-xp 0000e000 08:20 64939                      /usr/lib/x86_64-linux-gnu/libm.so.6
7f2defc64000-7f2defcbf000 r--p 0008a000 08:20 64939                      /usr/lib/x86_64-linux-gnu/libm.so.6
7f2defcbf000-7f2defcc0000 r--p 000e4000 08:20 64939                      /usr/lib/x86_64-linux-gnu/libm.so.6
7f2defcc0000-7f2defcc1000 rw-p 000e5000 08:20 64939                      /usr/lib/x86_64-linux-gnu/libm.so.6
7f2defcc1000-7f2defd5b000 r--p 00000000 08:20 6947                       /usr/lib/x86_64-linux-gnu/libstdc++.so.6.0.30
7f2defd5b000-7f2defe6c000 r-xp 0009a000 08:20 6947                       /usr/lib/x86_64-linux-gnu/libstdc++.so.6.0.30
7f2defe6c000-7f2defedb000 r--p 001ab000 08:20 6947                       /usr/lib/x86_64-linux-gnu/libstdc++.so.6.0.30
7f2defedb000-7f2defedc000 ---p 0021a000 08:20 6947                       /usr/lib/x86_64-linux-gnu/libstdc++.so.6.0.30
7f2defedc000-7f2defee7000 r--p 0021a000 08:20 6947                       /usr/lib/x86_64-linux-gnu/libstdc++.so.6.0.30
7f2defee7000-7f2defeea000 rw-p 00225000 08:20 6947                       /usr/lib/x86_64-linux-gnu/libstdc++.so.6.0.30
7f2defeea000-7f2defeed000 rw-p 00000000 00:00 0 
7f2defeed000-7f2df0170000 r--p 00000000 08:20 58741                      /usr/lib/jvm/java-11-openjdk-amd64/lib/server/libjvm.so
7f2df0170000-7f2df0e1b000 r-xp 00283000 08:20 58741                      /usr/lib/jvm/java-11-openjdk-amd64/lib/server/libjvm.so
7f2df0e1b000-7f2df1077000 r--p 00f2e000 08:20 58741                      /usr/lib/jvm/java-11-openjdk-amd64/lib/server/libjvm.so
7f2df1077000-7f2df113b000 r--p 01189000 08:20 58741                      /usr/lib/jvm/java-11-openjdk-amd64/lib/server/libjvm.so
7f2df113b000-7f2df1176000 rw-p 0124d000 08:20 58741                      /usr/lib/jvm/java-11-openjdk-amd64/lib/server/libjvm.so
7f2df1176000-7f2df11d0000 rw-p 00000000 00:00 0 
7f2df11d0000-7f2df11f8000 r--p 00000000 08:20 64935                      /usr/lib/x86_64-linux-gnu/libc.so.6
7f2df11f8000-7f2df138d000 r-xp 00028000 08:20 64935                      /usr/lib/x86_64-linux-gnu/libc.so.6
7f2df138d000-7f2df13e5000 r--p 001bd000 08:20 64935                      /usr/lib/x86_64-linux-gnu/libc.so.6
7f2df13e5000-7f2df13e6000 ---p 00215000 08:20 64935                      /usr/lib/x86_64-linux-gnu/libc.so.6
7f2df13e6000-7f2df13ea000 r--p 00215000 08:20 64935                      /usr/lib/x86_64-linux-gnu/libc.so.6
7f2df13ea000-7f2df13ec000 rw-p 00219000 08:20 64935                      /usr/lib/x86_64-linux-gnu/libc.so.6
7f2df13ec000-7f2df13f9000 rw-p 00000000 00:00 0 
7f2df13f9000-7f2df13fc000 r--p 00000000 08:20 58702                      /usr/lib/jvm/java-11-openjdk-amd64/lib/jli/libjli.so
7f2df13fc000-7f2df1406000 r-xp 00003000 08:20 58702                      /usr/lib/jvm/java-11-openjdk-amd64/lib/jli/libjli.so
7f2df1406000-7f2df1409000 r--p 0000d000 08:20 58702                      /usr/lib/jvm/java-11-openjdk-amd64/lib/jli/libjli.so
7f2df1409000-7f2df140a000 ---p 00010000 08:20 58702                      /usr/lib/jvm/java-11-openjdk-amd64/lib/jli/libjli.so
7f2df140a000-7f2df140b000 r--p 00010000 08:20 58702                      /usr/lib/jvm/java-11-openjdk-amd64/lib/jli/libjli.so
7f2df140b000-7f2df140c000 rw-p 00011000 08:20 58702                      /usr/lib/jvm/java-11-openjdk-amd64/lib/jli/libjli.so
7f2df140c000-7f2df140e000 r--p 00000000 08:20 6997                       /usr/lib/x86_64-linux-gnu/libz.so.1.2.11
7f2df140e000-7f2df141f000 r-xp 00002000 08:20 6997                       /usr/lib/x86_64-linux-gnu/libz.so.1.2.11
7f2df141f000-7f2df1425000 r--p 00013000 08:20 6997                       /usr/lib/x86_64-linux-gnu/libz.so.1.2.11
7f2df1425000-7f2df1426000 ---p 00019000 08:20 6997                       /usr/lib/x86_64-linux-gnu/libz.so.1.2.11
7f2df1426000-7f2df1427000 r--p 00019000 08:20 6997                       /usr/lib/x86_64-linux-gnu/libz.so.1.2.11
7f2df1427000-7f2df1428000 rw-p 0001a000 08:20 6997                       /usr/lib/x86_64-linux-gnu/libz.so.1.2.11
7f2df142b000-7f2df142c000 ---p 00000000 00:00 0 
7f2df142c000-7f2df142d000 r--p 00000000 00:00 0 
7f2df142d000-7f2df142f000 r--p 00000000 08:20 58720                      /usr/lib/jvm/java-11-openjdk-amd64/lib/libjimage.so
7f2df142f000-7f2df1432000 r-xp 00002000 08:20 58720                      /usr/lib/jvm/java-11-openjdk-amd64/lib/libjimage.so
7f2df1432000-7f2df1433000 r--p 00005000 08:20 58720                      /usr/lib/jvm/java-11-openjdk-amd64/lib/libjimage.so
7f2df1433000-7f2df1434000 ---p 00006000 08:20 58720                      /usr/lib/jvm/java-11-openjdk-amd64/lib/libjimage.so
7f2df1434000-7f2df1435000 r--p 00006000 08:20 58720                      /usr/lib/jvm/java-11-openjdk-amd64/lib/libjimage.so
7f2df1435000-7f2df1436000 rw-p 00007000 08:20 58720                      /usr/lib/jvm/java-11-openjdk-amd64/lib/libjimage.so
7f2df1436000-7f2df1438000 rw-p 00000000 00:00 0 
7f2df1438000-7f2df143a000 r--p 00000000 08:20 64930                      /usr/lib/x86_64-linux-gnu/ld-linux-x86-64.so.2
7f2df143a000-7f2df1464000 r-xp 00002000 08:20 64930                      /usr/lib/x86_64-linux-gnu/ld-linux-x86-64.so.2
7f2df1464000-7f2df146f000 r--p 0002c000 08:20 64930                      /usr/lib/x86_64-linux-gnu/ld-linux-x86-64.so.2
7f2df1470000-7f2df1472000 r--p 00037000 08:20 64930                      /usr/lib/x86_64-linux-gnu/ld-linux-x86-64.so.2
7f2df1472000-7f2df1474000 rw-p 00039000 08:20 64930                      /usr/lib/x86_64-linux-gnu/ld-linux-x86-64.so.2
7ffd445cc000-7ffd445ed000 rw-p 00000000 00:00 0                          [stack]
7ffd445ee000-7ffd445f2000 r--p 00000000 00:00 0                          [vvar]
7ffd445f2000-7ffd445f4000 r-xp 00000000 00:00 0                          [vdso]


VM Arguments:
jvm_args: -agentlib:jdwp=transport=dt_socket,address=0.0.0.0:12345,suspend=y,server=y -Djava.library.path=\\wsl.localhost\Ubuntu\usr\local\lib -Dfile.encoding=UTF-8 
java_command: Main tests/test.sysy tests/test.arm test tests/test.ll
java_class_path (initial): /mnt/e/codes/compiler-principle/Lab_backtrace/Lab/out/production/Lab:/usr/local/lib/antlr-4.9.1-complete.jar:/usr/local/lib/javacpp/javacpp-1.5.7.jar:/usr/local/lib/javacpp/javacpp-1.5.7-linux-x86_64.jar:/usr/local/lib/llvm/llvm-13.0.1-1.5.7.jar:/usr/local/lib/llvm/llvm-13.0.1-1.5.7-linux-x86_64.jar:/usr/local/lib/llvm-platform/llvm-platform-13.0.1-1.5.7.jar:/usr/local/lib/llvm4j/kotlin-stdlib-1.9.0.jar:/usr/local/lib/llvm4j/llvm4j-0.1.2-SNAPSHOT.jar:/usr/local/lib/rars/rars.jar:/mnt/d/IntelliJ IDEA Ultimate/lib/idea_rt.jar
Launcher Type: SUN_STANDARD

[Global flags]
     intx CICompilerCount                          = 12                                        {product} {ergonomic}
     uint ConcGCThreads                            = 4                                         {product} {ergonomic}
     uint G1ConcRefinementThreads                  = 15                                        {product} {ergonomic}
   size_t G1HeapRegionSize                         = 1048576                                   {product} {ergonomic}
    uintx GCDrainStackTargetSize                   = 64                                        {product} {ergonomic}
   size_t InitialHeapSize                          = 127926272                                 {product} {ergonomic}
   size_t MarkStackSize                            = 4194304                                   {product} {ergonomic}
   size_t MaxHeapSize                              = 2046820352                                {product} {ergonomic}
   size_t MaxNewSize                               = 1227882496                                {product} {ergonomic}
   size_t MinHeapDeltaBytes                        = 1048576                                   {product} {ergonomic}
    uintx NonNMethodCodeHeapSize                   = 7594288                                {pd product} {ergonomic}
    uintx NonProfiledCodeHeapSize                  = 122031976                              {pd product} {ergonomic}
    uintx ProfiledCodeHeapSize                     = 122031976                              {pd product} {ergonomic}
    uintx ReservedCodeCacheSize                    = 251658240                              {pd product} {ergonomic}
     bool SegmentedCodeCache                       = true                                      {product} {ergonomic}
     bool UseCompressedClassPointers               = true                                 {lp64_product} {ergonomic}
     bool UseCompressedOops                        = true                                 {lp64_product} {ergonomic}
     bool UseG1GC                                  = true                                      {product} {ergonomic}

Logging:
Log output configuration:
 #0: stdout all=warning uptime,level,tags
 #1: stderr all=off uptime,level,tags

Environment Variables:
PATH=/home/itshandable/.local/bin:/usr/local/sbin:/usr/local/bin:/usr/sbin:/usr/bin:/sbin:/bin:/usr/games:/usr/local/games:/usr/lib/wsl/lib:/mnt/d/VMwareWorkstationPro/bin/:/mnt/c/Program Files/BellSoft/LibericaJDK-17/bin/:/mnt/c/Program Files (x86)/Common Files/Oracle/Java/java8path:/mnt/c/Program Files (x86)/Common Files/Oracle/Java/javapath:/mnt/c/WINDOWS/system32:/mnt/c/WINDOWS:/mnt/c/WINDOWS/System32/Wbem:/mnt/c/WINDOWS/System32/WindowsPowerShell/v1.0/:/mnt/c/WINDOWS/System32/OpenSSH/:/mnt/c/Program Files/dotnet/:/mnt/c/Program Files (x86)/NVIDIA Corporation/PhysX/Common:/mnt/c/Program Files/Git/cmd:/mnt/d/Cruicial Storage Excutive:/mnt/c/Program Files/BellSoft/LibericaJDK-17/bin:/mnt/c/Program Files/BellSoft/LibericaJDK-17/jre/bin:/mnt/c/Users/itshandable/AppData/Local/Programs/Python/Python312:/mnt/c/Users/itshandable/AppData/Local/Programs/Python/Python312/Scripts:/mnt/c/Program Files/Pandoc/:/mnt/c/ProgramData/chocolatey/bin:/mnt/d/Nodejs-nvm:/mnt/c/Program Files/nodejs:/mnt/d/Redis/:/mnt/d/Mathlab/bin:/mnt/d/Lingo-21.0/:/mnt/d/Lingo-18.0/:/mnt/c/Program Files/NVIDIA Corporation/NVIDIA app/NvDLISR:/mnt/d/SPSS-25/JRE/bin:/mnt/d/SPSS Modeler 18.0/ext/bin/spss.TMWBServer/bin:/mnt/d/SPSS Modeler 18.0/MPICH2/bin:/mnt/d/SPSS Modeler 18.0/TABI:/mnt/d/MySQL/bin:/mnt/c/Program Files/Docker/Docker/resources/bin:/mnt/c/Program Files/Tailscale/:/mnt/c/Users/itshandable/AppData/Local/Programs/Python/Launcher/:/mnt/c/Users/itshandable/AppData/Local/Microsoft/WindowsApps:/mnt/d/CLion 2024.2.1/bin:/mnt/d/PyCharm 2024.2.1/bin:/mnt/c/Users/itshandable/AppData/Local/JetBrains/Toolbox/scripts:/mnt/d/IntelliJ IDEA 2024.2.1/bin:/mnt/c/Users/itshandable/AppData/Roaming/npm:/mnt/d/Nodejs-nvm:/mnt/c/Program Files/nodejs:/mnt/d/Microsoft VS Code/bin:/mnt/d/MiKTeX/miktex/bin/x64/:/mnt/c/Users/itshandable/AppData/Local/Microsoft/WindowsApps:/mnt/e/codes/ffmpeg-2025-01-02-git-0457aaf0d3-essentials_build/bin:/mnt/d/Aria2/aria2-1.37.0-win-64bit-build1:/mnt/d/DevEco Studio/bin:/mnt/d/WebStor
SHELL=/bin/bash
DISPLAY=:0
HOSTTYPE=x86_64
LANG=zh_CN.UTF-8
TERM=xterm-256color

Signal Handlers:
SIGSEGV: [libjvm.so+0xebbd40], sa_mask[0]=11111111011111111101111111111110, sa_flags=SA_RESTART|SA_SIGINFO
SIGBUS: [libjvm.so+0xebbd40], sa_mask[0]=11111111011111111101111111111110, sa_flags=SA_RESTART|SA_SIGINFO
SIGFPE: [libjvm.so+0xebbd40], sa_mask[0]=11111111011111111101111111111110, sa_flags=SA_RESTART|SA_SIGINFO
SIGPIPE: [libjvm.so+0xbfe040], sa_mask[0]=11111111011111111101111111111110, sa_flags=SA_RESTART|SA_SIGINFO
SIGXFSZ: [libjvm.so+0xbfe040], sa_mask[0]=11111111011111111101111111111110, sa_flags=SA_RESTART|SA_SIGINFO
SIGILL: [libjvm.so+0xebbd40], sa_mask[0]=11111111011111111101111111111110, sa_flags=SA_RESTART|SA_SIGINFO
SIGUSR2: [libjvm.so+0xbfdee0], sa_mask[0]=00000000000000000000000000000000, sa_flags=SA_RESTART|SA_SIGINFO
SIGHUP: [libjvm.so+0xbfe6a0], sa_mask[0]=11111111011111111101111111111110, sa_flags=SA_RESTART|SA_SIGINFO
SIGINT: [libjvm.so+0xbfe6a0], sa_mask[0]=11111111011111111101111111111110, sa_flags=SA_RESTART|SA_SIGINFO
SIGTERM: [libjvm.so+0xbfe6a0], sa_mask[0]=11111111011111111101111111111110, sa_flags=SA_RESTART|SA_SIGINFO
SIGQUIT: [libjvm.so+0xbfe6a0], sa_mask[0]=11111111011111111101111111111110, sa_flags=SA_RESTART|SA_SIGINFO


---------------  S Y S T E M  ---------------

OS:DISTRIB_ID=Ubuntu
DISTRIB_RELEASE=22.04
DISTRIB_CODENAME=jammy
DISTRIB_DESCRIPTION="Ubuntu 22.04.3 LTS"
uname:Linux 5.15.167.4-microsoft-standard-WSL2 #1 SMP Tue Nov 5 00:21:55 UTC 2024 x86_64
OS uptime: 0 days 0:24 hours
libc:glibc 2.35 NPTL 2.35 
rlimit (soft/hard): STACK 8192k/infinity , CORE 0k/infinity , NPROC 31190/31190 , NOFILE 1048576/1048576 , AS infinity/infinity , CPU infinity/infinity , DATA infinity/infinity , FSIZE infinity/infinity , MEMLOCK 65536k/65536k
load average:0.04 0.03 0.00

/proc/meminfo:
MemTotal:        7991664 kB
MemFree:         6977300 kB
MemAvailable:    7071236 kB
Buffers:            1240 kB
Cached:           293128 kB
SwapCached:            0 kB
Active:            96248 kB
Inactive:         530024 kB
Active(anon):       2176 kB
Inactive(anon):   333376 kB
Active(file):      94072 kB
Inactive(file):   196648 kB
Unevictable:           0 kB
Mlocked:               0 kB
SwapTotal:       2097152 kB
SwapFree:        2097152 kB
Dirty:               244 kB
Writeback:             0 kB
AnonPages:        329284 kB
Mapped:           258604 kB
Shmem:              3664 kB
KReclaimable:      37576 kB
Slab:             111936 kB
SReclaimable:      37576 kB
SUnreclaim:        74360 kB
KernelStack:        7104 kB
PageTables:         6828 kB
NFS_Unstable:          0 kB
Bounce:                0 kB
WritebackTmp:          0 kB
CommitLimit:     6092984 kB
Committed_AS:    1660808 kB
VmallocTotal:   34359738367 kB
VmallocUsed:       29304 kB
VmallocChunk:          0 kB
Percpu:            11520 kB
AnonHugePages:    149504 kB
ShmemHugePages:        0 kB
ShmemPmdMapped:        0 kB
FileHugePages:         0 kB
FilePmdMapped:         0 kB
HugePages_Total:       0
HugePages_Free:        0
HugePages_Rsvd:        0
HugePages_Surp:        0
Hugepagesize:       2048 kB
Hugetlb:               0 kB
DirectMap4k:      101376 kB
DirectMap2M:     4997120 kB
DirectMap1G:    11534336 kB

/sys/kernel/mm/transparent_hugepage/enabled:
[always] madvise never
/sys/kernel/mm/transparent_hugepage/defrag (defrag/compaction efforts parameter):
always defer defer+madvise [madvise] never

Process Memory:
Virtual Size: 5261980K (peak: 13447088K)
Resident Set Size: 103740K (peak: 103740K) (anon: 47812K, file: 55928K, shmem: 0K)
Swapped out: 0K
C-Heap outstanding allocations: 37081K, retained: 8774K
glibc malloc tunables: (default)

/proc/sys/kernel/threads-max (system-wide limit on the number of threads):
62380
/proc/sys/vm/max_map_count (maximum number of memory map areas a process may have):
65530
/proc/sys/kernel/pid_max (system-wide limit on number of process identifiers):
4194304

container (cgroup) information:
container_type: cgroupv1
cpu_cpuset_cpus: 0-19
cpu_memory_nodes: 0
active_processor_count: 20
cpu_quota: no quota
cpu_period: 100000
cpu_shares: no shares
memory_limit_in_bytes: unlimited
memory_and_swap_limit_in_bytes: unlimited
memory_soft_limit_in_bytes: unlimited
memory_usage_in_bytes: 623652 k
memory_max_usage_in_bytes: 496884 k
kernel_memory_limit_in_bytes: unlimited
kernel_memory_usage_in_bytes: 21708 k
kernel_memory_max_usage_in_bytes: 27048 k
maximum number of tasks: not supported
current number of tasks: not supported

Hyper-V virtualization detected
Steal ticks since vm start: 0
Steal ticks percentage since vm start:  0.000

CPU:total 20 (initial active 20) (16 cores per cpu, 2 threads per core) family 6 model 186 stepping 2 microcode 0xffffffff, cmov, cx8, fxsr, mmx, sse, sse2, sse3, ssse3, sse4.1, sse4.2, popcnt, avx, avx2, aes, clmul, erms, 3dnowpref, lzcnt, ht, tsc, tscinvbit, bmi1, bmi2, adx, sha, fma
CPU Model and flags from /proc/cpuinfo:
model name	: 13th Gen Intel(R) Core(TM) i9-13900H
flags		: fpu vme de pse tsc msr pae mce cx8 apic sep mtrr pge mca cmov pat pse36 clflush mmx fxsr sse sse2 ss ht syscall nx pdpe1gb rdtscp lm constant_tsc rep_good nopl xtopology tsc_reliable nonstop_tsc cpuid pni pclmulqdq vmx ssse3 fma cx16 pcid sse4_1 sse4_2 x2apic movbe popcnt tsc_deadline_timer aes xsave avx f16c rdrand hypervisor lahf_lm abm 3dnowprefetch invpcid_single ssbd ibrs ibpb stibp ibrs_enhanced tpr_shadow vnmi ept vpid ept_ad fsgsbase tsc_adjust bmi1 avx2 smep bmi2 erms invpcid rdseed adx smap clflushopt clwb sha_ni xsaveopt xsavec xgetbv1 xsaves avx_vnni umip waitpkg gfni vaes vpclmulqdq rdpid movdiri movdir64b fsrm md_clear serialize flush_l1d arch_capabilities
Online cpus:
0-19
Offline cpus:

BIOS frequency limitation:
<Not Available>
Frequency switch latency (ns):
<Not Available>
Available cpu frequencies:
<Not Available>
Current governor:
<Not Available>
Core performance/turbo boost:
<Not Available>

Memory: 4k page, physical 7991664k(6977300k free), swap 2097152k(2097152k free)

vm_info: OpenJDK 64-Bit Server VM (11.0.27+6-post-Ubuntu-0ubuntu122.04) for linux-amd64 JRE (11.0.27+6-post-Ubuntu-0ubuntu122.04), built on Apr 21 2025 05:59:45 by "unknown" with gcc 11.4.0

END.
