#
# A fatal error has been detected by the Java Runtime Environment:
#
#  SIGSEGV (0xb) at pc=0x00007f9b7a28eaf8, pid=10768, tid=10772
#
# JRE version: OpenJDK Runtime Environment (11.0.27+6) (build 11.0.27+6-post-Ubuntu-0ubuntu122.04)
# Java VM: OpenJDK 64-Bit Server VM (11.0.27+6-post-Ubuntu-0ubuntu122.04, mixed mode, sharing, tiered, compressed oops, g1 gc, linux-amd64)
# Problematic frame:
# C  [libLLVM-13.so+0xd62af8]  llvm::Value::getName() const+0xb8
#
# No core dump will be written. Core dumps have been disabled. To enable core dumping, try "ulimit -c unlimited" before starting Java again
#
# If you would like to submit a bug report, please visit:
#   https://bugs.launchpad.net/ubuntu/+source/openjdk-lts
# The crash happened outside the Java Virtual Machine in native code.
# See problematic frame for where to report the bug.
#

---------------  S U M M A R Y ------------

Command Line: -agentlib:jdwp=transport=dt_socket,address=0.0.0.0:12345,suspend=y,server=y -Djava.library.path=\\wsl.localhost\Ubuntu\usr\local\lib -Dfile.encoding=UTF-8 Main tests/test.sysy tests/test.arm test tests/test.ll

Host: 13th Gen Intel(R) Core(TM) i9-13900H, 20 cores, 7G, Ubuntu 22.04.3 LTS
Time: Thu May 22 19:40:39 2025 CST elapsed time: 12.208980 seconds (0d 0h 0m 12s)

---------------  T H R E A D  ---------------

Current thread (0x00007f9bfc016800):  JavaThread "main" [_thread_in_native, id=10772, stack(0x00007f9c01136000,0x00007f9c01236000)]

Stack: [0x00007f9c01136000,0x00007f9c01236000],  sp=0x00007f9c01233970,  free space=1014k
Native frames: (J=compiled Java code, A=aot compiled Java code, j=interpreted, Vv=VM code, C=native code)
C  [libLLVM-13.so+0xd62af8]  llvm::Value::getName() const+0xb8

Java frames: (J=compiled Java code, j=interpreted, Vv=VM code)
j  org.bytedeco.llvm.global.LLVM.LLVMPrintModuleToString(Lorg/bytedeco/llvm/LLVM/LLVMModuleRef;)Lorg/bytedeco/javacpp/BytePointer;+0
j  MyIrVisitor.mixedOptimization()V+29
j  MyIrVisitor.visitProgram(LSysYParser$ProgramContext;)Lorg/bytedeco/llvm/LLVM/LLVMValueRef;+123
j  MyIrVisitor.visitProgram(LSysYParser$ProgramContext;)Ljava/lang/Object;+2
j  SysYParser$ProgramContext.accept(Lorg/antlr/v4/runtime/tree/ParseTreeVisitor;)Ljava/lang/Object;+12
j  org.antlr.v4.runtime.tree.AbstractParseTreeVisitor.visit(Lorg/antlr/v4/runtime/tree/ParseTree;)Ljava/lang/Object;+2
j  Main.main([Ljava/lang/String;)V+169
v  ~StubRoutines::call_stub

siginfo: si_signo: 11 (SIGSEGV), si_code: 1 (SEGV_MAPERR), si_addr: 0x00000000000000e5

Register to memory mapping:

RAX=0x00000000000000f5 is an unknown value
RBX=0x0 is NULL
RCX=0x00007f9bfc397fb8 points into unknown readable memory: 0x00007f9bfc38fc40 | 40 fc 38 fc 9b 7f 00 00
RDX=0x00000000000000e5 is an unknown value
RSP=0x00007f9c01233970 is pointing into the stack for thread: 0x00007f9bfc016800
RBP=0x00007f9c01233cd0 is pointing into the stack for thread: 0x00007f9bfc016800
RSI=0x00007f9bfc390040 points into unknown readable memory: 0x0000000000000000 | 00 00 00 00 00 00 00 00
RDI=0x00007f9c01233970 is pointing into the stack for thread: 0x00007f9bfc016800
R8 =0x0000000000000001 is an unknown value
R9 =0x00007f9bfc397fb8 points into unknown readable memory: 0x00007f9bfc38fc40 | 40 fc 38 fc 9b 7f 00 00
R10=0x000000000000003f is an unknown value
R11=0x0000000000000007 is an unknown value
R12=0x0000000000000001 is an unknown value
R13=0x0000000000000002 is an unknown value
R14=0x0 is NULL
R15=0x00007f9bfc3731f0 points into unknown readable memory: 0x00007f9bfc398550 | 50 85 39 fc 9b 7f 00 00


Registers:
RAX=0x00000000000000f5, RBX=0x0000000000000000, RCX=0x00007f9bfc397fb8, RDX=0x00000000000000e5
RSP=0x00007f9c01233970, RBP=0x00007f9c01233cd0, RSI=0x00007f9bfc390040, RDI=0x00007f9c01233970
R8 =0x0000000000000001, R9 =0x00007f9bfc397fb8, R10=0x000000000000003f, R11=0x0000000000000007
R12=0x0000000000000001, R13=0x0000000000000002, R14=0x0000000000000000, R15=0x00007f9bfc3731f0
RIP=0x00007f9b7a28eaf8, EFLAGS=0x0000000000010202, CSGSFS=0x002b000000000033, ERR=0x0000000000000004
  TRAPNO=0x000000000000000e

Top of Stack: (sp=0x00007f9c01233970)
0x00007f9c01233970:   00007f9bfc390040 00007f9bfc390040
0x00007f9c01233980:   0000000000000000 00007f9b7a0cd3f5
0x00007f9c01233990:   0000000000000000 00007f9c01233eb0
0x00007f9c012339a0:   0000000000000001 00007f9b7a0de5d8 

Instructions: (pc=0x00007f9b7a28eaf8)
0x00007f9b7a28e9f8:   48 bc ff eb b7 48 83 3d ab e8 ce 05 00 74 23 83
0x00007f9b7a28ea08:   ca ff f0 0f c1 50 f8 85 d2 7f ae 48 8d 74 24 0f
0x00007f9b7a28ea18:   e8 53 48 bc ff eb a2 8b 50 f8 8d 4a ff 89 48 f8
0x00007f9b7a28ea28:   eb c3 8b 50 f8 8d 4a ff 89 48 f8 eb da 66 2e 0f
0x00007f9b7a28ea38:   1f 84 00 00 00 00 00 90 f6 47 17 10 75 0a 48 8d
0x00007f9b7a28ea48:   05 f2 a0 6c 03 31 d2 c3 48 83 ec 18 48 8b 07 48
0x00007f9b7a28ea58:   8b 00 48 8b 08 8b 81 98 01 00 00 4c 8b 81 88 01
0x00007f9b7a28ea68:   00 00 4c 8d 89 88 01 00 00 85 c0 74 5b 89 f9 89
0x00007f9b7a28ea78:   fa 44 8d 50 ff c1 ea 09 c1 e9 04 31 d1 44 21 d1
0x00007f9b7a28ea88:   89 ce 48 c1 e6 04 4c 01 c6 48 8b 16 48 39 d7 75
0x00007f9b7a28ea98:   67 89 c2 48 89 e7 4c 89 c9 48 89 d0 48 c1 e0 04
0x00007f9b7a28eaa8:   49 8d 14 00 41 b8 01 00 00 00 e8 f9 f4 ff ff 48
0x00007f9b7a28eab8:   8b 04 24 48 8b 50 08 48 8d 42 10 48 8b 12 48 83
0x00007f9b7a28eac8:   c4 18 c3 0f 1f 44 00 00 48 c1 e0 04 48 89 e7 4c
0x00007f9b7a28ead8:   89 c9 49 8d 34 00 41 b8 01 00 00 00 48 89 f2 e8
0x00007f9b7a28eae8:   c4 f4 ff ff 48 8b 04 24 48 8b 50 08 48 8d 42 10
0x00007f9b7a28eaf8:   48 8b 12 48 83 c4 18 c3 be 01 00 00 00 48 81 fa
0x00007f9b7a28eb08:   00 f0 ff ff 74 c2 01 f1 44 8d 5e 01 44 21 d1 89
0x00007f9b7a28eb18:   ce 48 c1 e6 04 4c 01 c6 48 8b 16 48 39 d7 0f 84
0x00007f9b7a28eb28:   6d ff ff ff 44 89 de eb d4 66 2e 0f 1f 84 00 00
0x00007f9b7a28eb38:   00 00 00 0f 1f 44 00 00 66 48 0f 6e c6 66 48 0f
0x00007f9b7a28eb48:   6e ca 66 0f 6c c1 0f 11 07 45 84 c0 75 29 48 39
0x00007f9b7a28eb58:   d6 74 24 0f 1f 44 00 00 48 8b 06 48 3d 00 f0 ff
0x00007f9b7a28eb68:   ff 74 08 48 3d 00 e0 ff ff 75 0c 48 83 c6 10 48
0x00007f9b7a28eb78:   89 37 48 39 f2 75 e1 c3 41 57 41 56 41 55 41 54
0x00007f9b7a28eb88:   55 53 48 89 fb 48 83 ec 38 4c 8b 67 10 49 8b 04
0x00007f9b7a28eb98:   24 48 8b 00 48 8b 28 4c 8b ad 08 09 00 00 44 8b
0x00007f9b7a28eba8:   bd 18 09 00 00 41 f6 44 24 11 01 0f 85 67 01 00
0x00007f9b7a28ebb8:   00 45 85 ff 0f 84 fb 01 00 00 45 89 e6 44 89 e0
0x00007f9b7a28ebc8:   41 8d 77 ff c1 e8 09 41 c1 ee 04 41 31 c6 44 89
0x00007f9b7a28ebd8:   f1 21 f1 89 c8 48 c1 e0 04 4c 01 e8 48 8b 10 49
0x00007f9b7a28ebe8:   39 d4 0f 85 7c 03 00 00 48 8b 50 08 4c 89 ee 48 


Stack slot to memory mapping:
stack at sp + 0 slots: 0x00007f9bfc390040 points into unknown readable memory: 0x0000000000000000 | 00 00 00 00 00 00 00 00
stack at sp + 1 slots: 0x00007f9bfc390040 points into unknown readable memory: 0x0000000000000000 | 00 00 00 00 00 00 00 00
stack at sp + 2 slots: 0x0 is NULL
stack at sp + 3 slots: 0x00007f9b7a0cd3f5: <offset 0x0000000000ba13f5> in /home/itshandable/.javacpp/cache/llvm-13.0.1-1.5.7-linux-x86_64.jar/org/bytedeco/llvm/linux-x86_64/libLLVM-13.so at 0x00007f9b7952c000
stack at sp + 4 slots: 0x0 is NULL
stack at sp + 5 slots: 0x00007f9c01233eb0 is pointing into the stack for thread: 0x00007f9bfc016800
stack at sp + 6 slots: 0x0000000000000001 is an unknown value
stack at sp + 7 slots: 0x00007f9b7a0de5d8: <offset 0x0000000000bb25d8> in /home/itshandable/.javacpp/cache/llvm-13.0.1-1.5.7-linux-x86_64.jar/org/bytedeco/llvm/linux-x86_64/libLLVM-13.so at 0x00007f9b7952c000


---------------  P R O C E S S  ---------------

Threads class SMR info:
_java_thread_list=0x00007f9ba410dfb0, length=13, elements={
0x00007f9bfc016800, 0x00007f9bfc13f800, 0x00007f9bfc141800, 0x00007f9bfc147800,
0x00007f9bfc149800, 0x00007f9bfc14c000, 0x00007f9bfc14e000, 0x00007f9bfc150000,
0x00007f9bfc1a4800, 0x00007f9bfc1a9800, 0x00007f9b90001800, 0x00007f9bfc1af800,
0x00007f9bfc24b800
}

Java Threads: ( => current thread )
=>0x00007f9bfc016800 JavaThread "main" [_thread_in_native, id=10772, stack(0x00007f9c01136000,0x00007f9c01236000)]
  0x00007f9bfc13f800 JavaThread "Reference Handler" daemon [_thread_blocked, id=10779, stack(0x00007f9bcbdff000,0x00007f9bcbeff000)]
  0x00007f9bfc141800 JavaThread "Finalizer" daemon [_thread_blocked, id=10780, stack(0x00007f9bcbcff000,0x00007f9bcbdff000)]
  0x00007f9bfc147800 JavaThread "Signal Dispatcher" daemon [_thread_blocked, id=10781, stack(0x00007f9bcbbff000,0x00007f9bcbcff000)]
  0x00007f9bfc149800 JavaThread "Service Thread" daemon [_thread_blocked, id=10782, stack(0x00007f9bcbaff000,0x00007f9bcbbff000)]
  0x00007f9bfc14c000 JavaThread "C2 CompilerThread0" daemon [_thread_blocked, id=10783, stack(0x00007f9bcb9ff000,0x00007f9bcbaff000)]
  0x00007f9bfc14e000 JavaThread "C1 CompilerThread0" daemon [_thread_blocked, id=10784, stack(0x00007f9bcb8ff000,0x00007f9bcb9ff000)]
  0x00007f9bfc150000 JavaThread "Sweeper thread" daemon [_thread_blocked, id=10785, stack(0x00007f9bcb7ff000,0x00007f9bcb8ff000)]
  0x00007f9bfc1a4800 JavaThread "JDWP Transport Listener: dt_socket" daemon [_thread_blocked, id=10789, stack(0x00007f9bcb3ff000,0x00007f9bcb4ff000)]
  0x00007f9bfc1a9800 JavaThread "JDWP Event Helper Thread" daemon [_thread_blocked, id=10790, stack(0x00007f9bcb2ff000,0x00007f9bcb3ff000)]
  0x00007f9b90001800 JavaThread "JDWP Command Reader" daemon [_thread_in_native, id=10796, stack(0x00007f9bcb1ff000,0x00007f9bcb2ff000)]
  0x00007f9bfc1af800 JavaThread "Common-Cleaner" daemon [_thread_blocked, id=10798, stack(0x00007f9bcb5ff000,0x00007f9bcb6ff000)]
  0x00007f9bfc24b800 JavaThread "JavaCPP Deallocator" daemon [_thread_blocked, id=10801, stack(0x00007f9bcb4ff000,0x00007f9bcb5ff000)]

Other Threads:
  0x00007f9bfc13c800 VMThread "VM Thread" [stack: 0x00007f9bcbf00000,0x00007f9bcc000000] [id=10778]
  0x00007f9bfc1ac800 WatcherThread [stack: 0x00007f9bcb0ff000,0x00007f9bcb1ff000] [id=10797]
  0x00007f9bfc030800 GCTaskThread "GC Thread#0" [stack: 0x00007f9c00dc0000,0x00007f9c00ec0000] [id=10773]
  0x00007f9bfc062000 ConcurrentGCThread "G1 Main Marker" [stack: 0x00007f9bdba60000,0x00007f9bdbb60000] [id=10774]
  0x00007f9bfc063800 ConcurrentGCThread "G1 Conc#0" [stack: 0x00007f9bdb95f000,0x00007f9bdba5f000] [id=10775]
  0x00007f9bfc108000 ConcurrentGCThread "G1 Refine#0" [stack: 0x00007f9bd894f000,0x00007f9bd8a4f000] [id=10776]
  0x00007f9bfc10a000 ConcurrentGCThread "G1 Young RemSet Sampling" [stack: 0x00007f9bd884e000,0x00007f9bd894e000] [id=10777]

Threads with active compile tasks:

VM state:not at safepoint (normal execution)

VM Mutex/Monitor currently owned by a thread: None

Heap address: 0x0000000086000000, size: 1952 MB, Compressed Oops mode: 32-bit
Narrow klass base: 0x0000000800000000, Narrow klass shift: 3
Compressed class space size: 1073741824 Address: 0x0000000840000000

Heap:
 garbage-first heap   total 126976K, used 10960K [0x0000000086000000, 0x0000000100000000)
  region size 1024K, 12 young (12288K), 0 survivors (0K)
 Metaspace       used 3806K, capacity 6643K, committed 6912K, reserved 1056768K
  class space    used 395K, capacity 681K, committed 768K, reserved 1048576K
Heap Regions: E=young(eden), S=young(survivor), O=old, HS=humongous(starts), HC=humongous(continues), CS=collection set, F=free, A=archive, TAMS=top-at-mark-start (previous, next)
|   0|0x0000000086000000, 0x0000000086000000, 0x0000000086100000|  0%| F|  |TAMS 0x0000000086000000, 0x0000000086000000| Untracked 
|   1|0x0000000086100000, 0x0000000086100000, 0x0000000086200000|  0%| F|  |TAMS 0x0000000086100000, 0x0000000086100000| Untracked 
|   2|0x0000000086200000, 0x0000000086200000, 0x0000000086300000|  0%| F|  |TAMS 0x0000000086200000, 0x0000000086200000| Untracked 
|   3|0x0000000086300000, 0x0000000086300000, 0x0000000086400000|  0%| F|  |TAMS 0x0000000086300000, 0x0000000086300000| Untracked 
|   4|0x0000000086400000, 0x0000000086400000, 0x0000000086500000|  0%| F|  |TAMS 0x0000000086400000, 0x0000000086400000| Untracked 
|   5|0x0000000086500000, 0x0000000086500000, 0x0000000086600000|  0%| F|  |TAMS 0x0000000086500000, 0x0000000086500000| Untracked 
|   6|0x0000000086600000, 0x0000000086600000, 0x0000000086700000|  0%| F|  |TAMS 0x0000000086600000, 0x0000000086600000| Untracked 
|   7|0x0000000086700000, 0x0000000086700000, 0x0000000086800000|  0%| F|  |TAMS 0x0000000086700000, 0x0000000086700000| Untracked 
|   8|0x0000000086800000, 0x0000000086800000, 0x0000000086900000|  0%| F|  |TAMS 0x0000000086800000, 0x0000000086800000| Untracked 
|   9|0x0000000086900000, 0x0000000086900000, 0x0000000086a00000|  0%| F|  |TAMS 0x0000000086900000, 0x0000000086900000| Untracked 
|  10|0x0000000086a00000, 0x0000000086a00000, 0x0000000086b00000|  0%| F|  |TAMS 0x0000000086a00000, 0x0000000086a00000| Untracked 
|  11|0x0000000086b00000, 0x0000000086b00000, 0x0000000086c00000|  0%| F|  |TAMS 0x0000000086b00000, 0x0000000086b00000| Untracked 
|  12|0x0000000086c00000, 0x0000000086c00000, 0x0000000086d00000|  0%| F|  |TAMS 0x0000000086c00000, 0x0000000086c00000| Untracked 
|  13|0x0000000086d00000, 0x0000000086d00000, 0x0000000086e00000|  0%| F|  |TAMS 0x0000000086d00000, 0x0000000086d00000| Untracked 
|  14|0x0000000086e00000, 0x0000000086e00000, 0x0000000086f00000|  0%| F|  |TAMS 0x0000000086e00000, 0x0000000086e00000| Untracked 
|  15|0x0000000086f00000, 0x0000000086f00000, 0x0000000087000000|  0%| F|  |TAMS 0x0000000086f00000, 0x0000000086f00000| Untracked 
|  16|0x0000000087000000, 0x0000000087000000, 0x0000000087100000|  0%| F|  |TAMS 0x0000000087000000, 0x0000000087000000| Untracked 
|  17|0x0000000087100000, 0x0000000087100000, 0x0000000087200000|  0%| F|  |TAMS 0x0000000087100000, 0x0000000087100000| Untracked 
|  18|0x0000000087200000, 0x0000000087200000, 0x0000000087300000|  0%| F|  |TAMS 0x0000000087200000, 0x0000000087200000| Untracked 
|  19|0x0000000087300000, 0x0000000087300000, 0x0000000087400000|  0%| F|  |TAMS 0x0000000087300000, 0x0000000087300000| Untracked 
|  20|0x0000000087400000, 0x0000000087400000, 0x0000000087500000|  0%| F|  |TAMS 0x0000000087400000, 0x0000000087400000| Untracked 
|  21|0x0000000087500000, 0x0000000087500000, 0x0000000087600000|  0%| F|  |TAMS 0x0000000087500000, 0x0000000087500000| Untracked 
|  22|0x0000000087600000, 0x0000000087600000, 0x0000000087700000|  0%| F|  |TAMS 0x0000000087600000, 0x0000000087600000| Untracked 
|  23|0x0000000087700000, 0x0000000087700000, 0x0000000087800000|  0%| F|  |TAMS 0x0000000087700000, 0x0000000087700000| Untracked 
|  24|0x0000000087800000, 0x0000000087800000, 0x0000000087900000|  0%| F|  |TAMS 0x0000000087800000, 0x0000000087800000| Untracked 
|  25|0x0000000087900000, 0x0000000087900000, 0x0000000087a00000|  0%| F|  |TAMS 0x0000000087900000, 0x0000000087900000| Untracked 
|  26|0x0000000087a00000, 0x0000000087a00000, 0x0000000087b00000|  0%| F|  |TAMS 0x0000000087a00000, 0x0000000087a00000| Untracked 
|  27|0x0000000087b00000, 0x0000000087b00000, 0x0000000087c00000|  0%| F|  |TAMS 0x0000000087b00000, 0x0000000087b00000| Untracked 
|  28|0x0000000087c00000, 0x0000000087c00000, 0x0000000087d00000|  0%| F|  |TAMS 0x0000000087c00000, 0x0000000087c00000| Untracked 
|  29|0x0000000087d00000, 0x0000000087d00000, 0x0000000087e00000|  0%| F|  |TAMS 0x0000000087d00000, 0x0000000087d00000| Untracked 
|  30|0x0000000087e00000, 0x0000000087e00000, 0x0000000087f00000|  0%| F|  |TAMS 0x0000000087e00000, 0x0000000087e00000| Untracked 
|  31|0x0000000087f00000, 0x0000000087f00000, 0x0000000088000000|  0%| F|  |TAMS 0x0000000087f00000, 0x0000000087f00000| Untracked 
|  32|0x0000000088000000, 0x0000000088000000, 0x0000000088100000|  0%| F|  |TAMS 0x0000000088000000, 0x0000000088000000| Untracked 
|  33|0x0000000088100000, 0x0000000088100000, 0x0000000088200000|  0%| F|  |TAMS 0x0000000088100000, 0x0000000088100000| Untracked 
|  34|0x0000000088200000, 0x0000000088200000, 0x0000000088300000|  0%| F|  |TAMS 0x0000000088200000, 0x0000000088200000| Untracked 
|  35|0x0000000088300000, 0x0000000088300000, 0x0000000088400000|  0%| F|  |TAMS 0x0000000088300000, 0x0000000088300000| Untracked 
|  36|0x0000000088400000, 0x0000000088400000, 0x0000000088500000|  0%| F|  |TAMS 0x0000000088400000, 0x0000000088400000| Untracked 
|  37|0x0000000088500000, 0x0000000088500000, 0x0000000088600000|  0%| F|  |TAMS 0x0000000088500000, 0x0000000088500000| Untracked 
|  38|0x0000000088600000, 0x0000000088600000, 0x0000000088700000|  0%| F|  |TAMS 0x0000000088600000, 0x0000000088600000| Untracked 
|  39|0x0000000088700000, 0x0000000088700000, 0x0000000088800000|  0%| F|  |TAMS 0x0000000088700000, 0x0000000088700000| Untracked 
|  40|0x0000000088800000, 0x0000000088800000, 0x0000000088900000|  0%| F|  |TAMS 0x0000000088800000, 0x0000000088800000| Untracked 
|  41|0x0000000088900000, 0x0000000088900000, 0x0000000088a00000|  0%| F|  |TAMS 0x0000000088900000, 0x0000000088900000| Untracked 
|  42|0x0000000088a00000, 0x0000000088a00000, 0x0000000088b00000|  0%| F|  |TAMS 0x0000000088a00000, 0x0000000088a00000| Untracked 
|  43|0x0000000088b00000, 0x0000000088b00000, 0x0000000088c00000|  0%| F|  |TAMS 0x0000000088b00000, 0x0000000088b00000| Untracked 
|  44|0x0000000088c00000, 0x0000000088c00000, 0x0000000088d00000|  0%| F|  |TAMS 0x0000000088c00000, 0x0000000088c00000| Untracked 
|  45|0x0000000088d00000, 0x0000000088d00000, 0x0000000088e00000|  0%| F|  |TAMS 0x0000000088d00000, 0x0000000088d00000| Untracked 
|  46|0x0000000088e00000, 0x0000000088e00000, 0x0000000088f00000|  0%| F|  |TAMS 0x0000000088e00000, 0x0000000088e00000| Untracked 
|  47|0x0000000088f00000, 0x0000000088f00000, 0x0000000089000000|  0%| F|  |TAMS 0x0000000088f00000, 0x0000000088f00000| Untracked 
|  48|0x0000000089000000, 0x0000000089000000, 0x0000000089100000|  0%| F|  |TAMS 0x0000000089000000, 0x0000000089000000| Untracked 
|  49|0x0000000089100000, 0x0000000089100000, 0x0000000089200000|  0%| F|  |TAMS 0x0000000089100000, 0x0000000089100000| Untracked 
|  50|0x0000000089200000, 0x0000000089200000, 0x0000000089300000|  0%| F|  |TAMS 0x0000000089200000, 0x0000000089200000| Untracked 
|  51|0x0000000089300000, 0x0000000089300000, 0x0000000089400000|  0%| F|  |TAMS 0x0000000089300000, 0x0000000089300000| Untracked 
|  52|0x0000000089400000, 0x0000000089400000, 0x0000000089500000|  0%| F|  |TAMS 0x0000000089400000, 0x0000000089400000| Untracked 
|  53|0x0000000089500000, 0x0000000089500000, 0x0000000089600000|  0%| F|  |TAMS 0x0000000089500000, 0x0000000089500000| Untracked 
|  54|0x0000000089600000, 0x0000000089600000, 0x0000000089700000|  0%| F|  |TAMS 0x0000000089600000, 0x0000000089600000| Untracked 
|  55|0x0000000089700000, 0x0000000089700000, 0x0000000089800000|  0%| F|  |TAMS 0x0000000089700000, 0x0000000089700000| Untracked 
|  56|0x0000000089800000, 0x0000000089800000, 0x0000000089900000|  0%| F|  |TAMS 0x0000000089800000, 0x0000000089800000| Untracked 
|  57|0x0000000089900000, 0x0000000089900000, 0x0000000089a00000|  0%| F|  |TAMS 0x0000000089900000, 0x0000000089900000| Untracked 
|  58|0x0000000089a00000, 0x0000000089a00000, 0x0000000089b00000|  0%| F|  |TAMS 0x0000000089a00000, 0x0000000089a00000| Untracked 
|  59|0x0000000089b00000, 0x0000000089b00000, 0x0000000089c00000|  0%| F|  |TAMS 0x0000000089b00000, 0x0000000089b00000| Untracked 
|  60|0x0000000089c00000, 0x0000000089c00000, 0x0000000089d00000|  0%| F|  |TAMS 0x0000000089c00000, 0x0000000089c00000| Untracked 
|  61|0x0000000089d00000, 0x0000000089d00000, 0x0000000089e00000|  0%| F|  |TAMS 0x0000000089d00000, 0x0000000089d00000| Untracked 
|  62|0x0000000089e00000, 0x0000000089e00000, 0x0000000089f00000|  0%| F|  |TAMS 0x0000000089e00000, 0x0000000089e00000| Untracked 
|  63|0x0000000089f00000, 0x0000000089f00000, 0x000000008a000000|  0%| F|  |TAMS 0x0000000089f00000, 0x0000000089f00000| Untracked 
|  64|0x000000008a000000, 0x000000008a000000, 0x000000008a100000|  0%| F|  |TAMS 0x000000008a000000, 0x000000008a000000| Untracked 
|  65|0x000000008a100000, 0x000000008a100000, 0x000000008a200000|  0%| F|  |TAMS 0x000000008a100000, 0x000000008a100000| Untracked 
|  66|0x000000008a200000, 0x000000008a200000, 0x000000008a300000|  0%| F|  |TAMS 0x000000008a200000, 0x000000008a200000| Untracked 
|  67|0x000000008a300000, 0x000000008a300000, 0x000000008a400000|  0%| F|  |TAMS 0x000000008a300000, 0x000000008a300000| Untracked 
|  68|0x000000008a400000, 0x000000008a400000, 0x000000008a500000|  0%| F|  |TAMS 0x000000008a400000, 0x000000008a400000| Untracked 
|  69|0x000000008a500000, 0x000000008a500000, 0x000000008a600000|  0%| F|  |TAMS 0x000000008a500000, 0x000000008a500000| Untracked 
|  70|0x000000008a600000, 0x000000008a600000, 0x000000008a700000|  0%| F|  |TAMS 0x000000008a600000, 0x000000008a600000| Untracked 
|  71|0x000000008a700000, 0x000000008a700000, 0x000000008a800000|  0%| F|  |TAMS 0x000000008a700000, 0x000000008a700000| Untracked 
|  72|0x000000008a800000, 0x000000008a800000, 0x000000008a900000|  0%| F|  |TAMS 0x000000008a800000, 0x000000008a800000| Untracked 
|  73|0x000000008a900000, 0x000000008a900000, 0x000000008aa00000|  0%| F|  |TAMS 0x000000008a900000, 0x000000008a900000| Untracked 
|  74|0x000000008aa00000, 0x000000008aa00000, 0x000000008ab00000|  0%| F|  |TAMS 0x000000008aa00000, 0x000000008aa00000| Untracked 
|  75|0x000000008ab00000, 0x000000008ab00000, 0x000000008ac00000|  0%| F|  |TAMS 0x000000008ab00000, 0x000000008ab00000| Untracked 
|  76|0x000000008ac00000, 0x000000008ac00000, 0x000000008ad00000|  0%| F|  |TAMS 0x000000008ac00000, 0x000000008ac00000| Untracked 
|  77|0x000000008ad00000, 0x000000008ad00000, 0x000000008ae00000|  0%| F|  |TAMS 0x000000008ad00000, 0x000000008ad00000| Untracked 
|  78|0x000000008ae00000, 0x000000008ae00000, 0x000000008af00000|  0%| F|  |TAMS 0x000000008ae00000, 0x000000008ae00000| Untracked 
|  79|0x000000008af00000, 0x000000008af00000, 0x000000008b000000|  0%| F|  |TAMS 0x000000008af00000, 0x000000008af00000| Untracked 
|  80|0x000000008b000000, 0x000000008b000000, 0x000000008b100000|  0%| F|  |TAMS 0x000000008b000000, 0x000000008b000000| Untracked 
|  81|0x000000008b100000, 0x000000008b100000, 0x000000008b200000|  0%| F|  |TAMS 0x000000008b100000, 0x000000008b100000| Untracked 
|  82|0x000000008b200000, 0x000000008b200000, 0x000000008b300000|  0%| F|  |TAMS 0x000000008b200000, 0x000000008b200000| Untracked 
|  83|0x000000008b300000, 0x000000008b300000, 0x000000008b400000|  0%| F|  |TAMS 0x000000008b300000, 0x000000008b300000| Untracked 
|  84|0x000000008b400000, 0x000000008b400000, 0x000000008b500000|  0%| F|  |TAMS 0x000000008b400000, 0x000000008b400000| Untracked 
|  85|0x000000008b500000, 0x000000008b500000, 0x000000008b600000|  0%| F|  |TAMS 0x000000008b500000, 0x000000008b500000| Untracked 
|  86|0x000000008b600000, 0x000000008b600000, 0x000000008b700000|  0%| F|  |TAMS 0x000000008b600000, 0x000000008b600000| Untracked 
|  87|0x000000008b700000, 0x000000008b700000, 0x000000008b800000|  0%| F|  |TAMS 0x000000008b700000, 0x000000008b700000| Untracked 
|  88|0x000000008b800000, 0x000000008b800000, 0x000000008b900000|  0%| F|  |TAMS 0x000000008b800000, 0x000000008b800000| Untracked 
|  89|0x000000008b900000, 0x000000008b900000, 0x000000008ba00000|  0%| F|  |TAMS 0x000000008b900000, 0x000000008b900000| Untracked 
|  90|0x000000008ba00000, 0x000000008ba00000, 0x000000008bb00000|  0%| F|  |TAMS 0x000000008ba00000, 0x000000008ba00000| Untracked 
|  91|0x000000008bb00000, 0x000000008bb00000, 0x000000008bc00000|  0%| F|  |TAMS 0x000000008bb00000, 0x000000008bb00000| Untracked 
|  92|0x000000008bc00000, 0x000000008bc00000, 0x000000008bd00000|  0%| F|  |TAMS 0x000000008bc00000, 0x000000008bc00000| Untracked 
|  93|0x000000008bd00000, 0x000000008bd00000, 0x000000008be00000|  0%| F|  |TAMS 0x000000008bd00000, 0x000000008bd00000| Untracked 
|  94|0x000000008be00000, 0x000000008be00000, 0x000000008bf00000|  0%| F|  |TAMS 0x000000008be00000, 0x000000008be00000| Untracked 
|  95|0x000000008bf00000, 0x000000008bf00000, 0x000000008c000000|  0%| F|  |TAMS 0x000000008bf00000, 0x000000008bf00000| Untracked 
|  96|0x000000008c000000, 0x000000008c000000, 0x000000008c100000|  0%| F|  |TAMS 0x000000008c000000, 0x000000008c000000| Untracked 
|  97|0x000000008c100000, 0x000000008c100000, 0x000000008c200000|  0%| F|  |TAMS 0x000000008c100000, 0x000000008c100000| Untracked 
|  98|0x000000008c200000, 0x000000008c200000, 0x000000008c300000|  0%| F|  |TAMS 0x000000008c200000, 0x000000008c200000| Untracked 
|  99|0x000000008c300000, 0x000000008c300000, 0x000000008c400000|  0%| F|  |TAMS 0x000000008c300000, 0x000000008c300000| Untracked 
| 100|0x000000008c400000, 0x000000008c400000, 0x000000008c500000|  0%| F|  |TAMS 0x000000008c400000, 0x000000008c400000| Untracked 
| 101|0x000000008c500000, 0x000000008c500000, 0x000000008c600000|  0%| F|  |TAMS 0x000000008c500000, 0x000000008c500000| Untracked 
| 102|0x000000008c600000, 0x000000008c600000, 0x000000008c700000|  0%| F|  |TAMS 0x000000008c600000, 0x000000008c600000| Untracked 
| 103|0x000000008c700000, 0x000000008c700000, 0x000000008c800000|  0%| F|  |TAMS 0x000000008c700000, 0x000000008c700000| Untracked 
| 104|0x000000008c800000, 0x000000008c800000, 0x000000008c900000|  0%| F|  |TAMS 0x000000008c800000, 0x000000008c800000| Untracked 
| 105|0x000000008c900000, 0x000000008c900000, 0x000000008ca00000|  0%| F|  |TAMS 0x000000008c900000, 0x000000008c900000| Untracked 
| 106|0x000000008ca00000, 0x000000008ca00000, 0x000000008cb00000|  0%| F|  |TAMS 0x000000008ca00000, 0x000000008ca00000| Untracked 
| 107|0x000000008cb00000, 0x000000008cb00000, 0x000000008cc00000|  0%| F|  |TAMS 0x000000008cb00000, 0x000000008cb00000| Untracked 
| 108|0x000000008cc00000, 0x000000008cc00000, 0x000000008cd00000|  0%| F|  |TAMS 0x000000008cc00000, 0x000000008cc00000| Untracked 
| 109|0x000000008cd00000, 0x000000008cd00000, 0x000000008ce00000|  0%| F|  |TAMS 0x000000008cd00000, 0x000000008cd00000| Untracked 
| 110|0x000000008ce00000, 0x000000008ce7b640, 0x000000008cf00000| 48%| E|  |TAMS 0x000000008ce00000, 0x000000008ce00000| Complete 
| 111|0x000000008cf00000, 0x000000008d000000, 0x000000008d000000|100%| E|CS|TAMS 0x000000008cf00000, 0x000000008cf00000| Complete 
| 112|0x000000008d000000, 0x000000008d100000, 0x000000008d100000|100%| E|CS|TAMS 0x000000008d000000, 0x000000008d000000| Complete 
| 113|0x000000008d100000, 0x000000008d200000, 0x000000008d200000|100%| E|CS|TAMS 0x000000008d100000, 0x000000008d100000| Complete 
| 114|0x000000008d200000, 0x000000008d300000, 0x000000008d300000|100%| E|CS|TAMS 0x000000008d200000, 0x000000008d200000| Complete 
| 115|0x000000008d300000, 0x000000008d400000, 0x000000008d400000|100%| E|CS|TAMS 0x000000008d300000, 0x000000008d300000| Complete 
| 116|0x000000008d400000, 0x000000008d500000, 0x000000008d500000|100%| E|  |TAMS 0x000000008d400000, 0x000000008d400000| Complete 
| 117|0x000000008d500000, 0x000000008d600000, 0x000000008d600000|100%| E|CS|TAMS 0x000000008d500000, 0x000000008d500000| Complete 
| 118|0x000000008d600000, 0x000000008d700000, 0x000000008d700000|100%| E|CS|TAMS 0x000000008d600000, 0x000000008d600000| Complete 
| 119|0x000000008d700000, 0x000000008d800000, 0x000000008d800000|100%| E|CS|TAMS 0x000000008d700000, 0x000000008d700000| Complete 
| 120|0x000000008d800000, 0x000000008d900000, 0x000000008d900000|100%| E|CS|TAMS 0x000000008d800000, 0x000000008d800000| Complete 
| 121|0x000000008d900000, 0x000000008da00000, 0x000000008da00000|100%| E|CS|TAMS 0x000000008d900000, 0x000000008d900000| Complete 
|1950|0x00000000ffe00000, 0x00000000ffe48000, 0x00000000fff00000| 28%|OA|  |TAMS 0x00000000ffe00000, 0x00000000ffe00000| Untracked 
|1951|0x00000000fff00000, 0x00000000fff6c000, 0x0000000100000000| 42%|CA|  |TAMS 0x00000000fff00000, 0x00000000fff00000| Untracked 

Card table byte_map: [0x00007f9bdfc30000,0x00007f9be0000000] _byte_map_base: 0x00007f9bdf800000

Marking Bits (Prev, Next): (CMBitMap*) 0x00007f9bfc059478, (CMBitMap*) 0x00007f9bfc0594b0
 Prev Bits: [0x00007f9bdd9e0000, 0x00007f9bdf860000)
 Next Bits: [0x00007f9bdbb60000, 0x00007f9bdd9e0000)

Polling page: 0x00007f9c02aa7000

Metaspace:

Usage:
  Non-class:      5.82 MB capacity,     3.33 MB ( 57%) used,     2.49 MB ( 43%) free+waste,     5.69 KB ( <1%) overhead. 
      Class:    681.00 KB capacity,   395.77 KB ( 58%) used,   282.35 KB ( 41%) free+waste,     2.88 KB ( <1%) overhead. 
       Both:      6.49 MB capacity,     3.72 MB ( 57%) used,     2.76 MB ( 43%) free+waste,     8.56 KB ( <1%) overhead. 

Virtual space:
  Non-class space:        8.00 MB reserved,       6.00 MB ( 75%) committed 
      Class space:        1.00 GB reserved,     768.00 KB ( <1%) committed 
             Both:        1.01 GB reserved,       6.75 MB ( <1%) committed 

Chunk freelists:
   Non-Class:  2.00 KB
       Class:  0 bytes
        Both:  2.00 KB

MaxMetaspaceSize: unlimited
CompressedClassSpaceSize: 1.00 GB
Initial GC threshold: 20.80 MB
Current GC threshold: 20.80 MB
CDS: on

CodeHeap 'non-profiled nmethods': size=119172Kb used=242Kb max_used=242Kb free=118929Kb
 bounds [0x00007f9bec35e000, 0x00007f9bec5ce000, 0x00007f9bf37bf000]
CodeHeap 'profiled nmethods': size=119168Kb used=1805Kb max_used=1805Kb free=117362Kb
 bounds [0x00007f9be4efe000, 0x00007f9be516e000, 0x00007f9bec35e000]
CodeHeap 'non-nmethods': size=7420Kb used=1202Kb max_used=2779Kb free=6217Kb
 bounds [0x00007f9be47bf000, 0x00007f9be4a7f000, 0x00007f9be4efe000]
 total_blobs=1323 nmethods=925 adapters=320
 compilation: enabled
              stopped_count=0, restarted_count=0
 full_count=0

Compilation events (20 events):
Event: 12.194 Thread 0x00007f9bfc14e000 nmethod 911 0x00007f9be50b9390 code [0x00007f9be50b9560, 0x00007f9be50b98c0]
Event: 12.194 Thread 0x00007f9bfc14e000  912       3       java.util.HashSet::iterator (13 bytes)
Event: 12.194 Thread 0x00007f9bfc14e000 nmethod 912 0x00007f9be50b9a10 code [0x00007f9be50b9be0, 0x00007f9be50b9e90]
Event: 12.194 Thread 0x00007f9bfc14e000  909       3       java.util.HashMap$EntrySet::iterator (12 bytes)
Event: 12.194 Thread 0x00007f9bfc14e000 nmethod 909 0x00007f9be50b9f90 code [0x00007f9be50ba160, 0x00007f9be50ba3e0]
Event: 12.194 Thread 0x00007f9bfc14e000  910       3       java.util.HashMap$EntryIterator::<init> (11 bytes)
Event: 12.194 Thread 0x00007f9bfc14e000 nmethod 910 0x00007f9be50ba510 code [0x00007f9be50ba6c0, 0x00007f9be50ba880]
Event: 12.194 Thread 0x00007f9bfc14e000  913       3       java.util.HashMap::keySet (25 bytes)
Event: 12.194 Thread 0x00007f9bfc14e000 nmethod 913 0x00007f9be50ba910 code [0x00007f9be50baae0, 0x00007f9be50baed0]
Event: 12.194 Thread 0x00007f9bfc14e000  914       3       java.util.HashMap$KeySet::iterator (12 bytes)
Event: 12.194 Thread 0x00007f9bfc14e000 nmethod 914 0x00007f9be50bb010 code [0x00007f9be50bb1e0, 0x00007f9be50bb460]
Event: 12.194 Thread 0x00007f9bfc14e000  916       3       java.util.HashMap::tableSizeFor (32 bytes)
Event: 12.194 Thread 0x00007f9bfc14e000 nmethod 916 0x00007f9be50bb590 code [0x00007f9be50bb760, 0x00007f9be50bb940]
Event: 12.194 Thread 0x00007f9bfc14e000  919   !   3       java.nio.charset.Charset::defaultCharset (53 bytes)
Event: 12.194 Thread 0x00007f9bfc14e000 nmethod 919 0x00007f9be50bba10 code [0x00007f9be50bbcc0, 0x00007f9be50bc990]
Event: 12.194 Thread 0x00007f9bfc14e000  923       3       org.bytedeco.llvm.LLVM.LLVMValueRef::<init> (6 bytes)
Event: 12.195 Thread 0x00007f9bfc14e000 nmethod 923 0x00007f9be50bce90 code [0x00007f9be50bd040, 0x00007f9be50bd1a0]
Event: 12.195 Thread 0x00007f9bfc14e000  924       3       java.util.HashSet::<init> (16 bytes)
Event: 12.195 Thread 0x00007f9bfc14e000 nmethod 924 0x00007f9be50bd290 code [0x00007f9be50bd480, 0x00007f9be50bd8b0]
Event: 12.195 Thread 0x00007f9bfc14e000  925       3       java.util.AbstractCollection::addAll (42 bytes)

GC Heap History (0 events):
No events

Deoptimization events (20 events):
Event: 1.525 Thread 0x00007f9bfc016800 DEOPT PACKING pc=0x00007f9be4f5b7fe sp=0x00007f9c01233510
Event: 1.525 Thread 0x00007f9bfc016800 DEOPT UNPACKING pc=0x00007f9be480964a sp=0x00007f9c01232998 mode 0
Event: 1.525 Thread 0x00007f9bfc016800 DEOPT PACKING pc=0x00007f9be4f87cf4 sp=0x00007f9c012337d0
Event: 1.525 Thread 0x00007f9bfc016800 DEOPT UNPACKING pc=0x00007f9be480964a sp=0x00007f9c01232d38 mode 1
Event: 1.530 Thread 0x00007f9bfc016800 Uncommon trap: trap_request=0xffffff4d fr.pc=0x00007f9bec382d5c relative=0x000000000000019c
Event: 1.530 Thread 0x00007f9bfc016800 Uncommon trap: reason=unstable_if action=reinterpret pc=0x00007f9bec382d5c method=java.util.zip.ZipFile$Source.isMetaName([BII)Z @ 57 c2
Event: 1.530 Thread 0x00007f9bfc016800 DEOPT PACKING pc=0x00007f9bec382d5c sp=0x00007f9c012301d0
Event: 1.530 Thread 0x00007f9bfc016800 DEOPT UNPACKING pc=0x00007f9be4808ea5 sp=0x00007f9c01230198 mode 2
Event: 1.550 Thread 0x00007f9bfc016800 DEOPT PACKING pc=0x00007f9be4fe400a sp=0x00007f9c01233460
Event: 1.550 Thread 0x00007f9bfc016800 DEOPT UNPACKING pc=0x00007f9be480964a sp=0x00007f9c01232908 mode 0
Event: 1.707 Thread 0x00007f9bfc016800 DEOPT PACKING pc=0x00007f9be4f36ce2 sp=0x00007f9c01231ce0
Event: 1.707 Thread 0x00007f9bfc016800 DEOPT UNPACKING pc=0x00007f9be480964a sp=0x00007f9c012311f0 mode 0
Event: 1.811 Thread 0x00007f9bfc016800 Uncommon trap: trap_request=0xffffff76 fr.pc=0x00007f9bec3683e8 relative=0x0000000000000148
Event: 1.811 Thread 0x00007f9bfc016800 Uncommon trap: reason=loop_limit_check action=maybe_recompile pc=0x00007f9bec3683e8 method=java.lang.StringLatin1.lastIndexOf([BII)I @ 19 c2
Event: 1.811 Thread 0x00007f9bfc016800 DEOPT PACKING pc=0x00007f9bec3683e8 sp=0x00007f9c01234260
Event: 1.811 Thread 0x00007f9bfc016800 DEOPT UNPACKING pc=0x00007f9be4808ea5 sp=0x00007f9c01234210 mode 2
Event: 12.171 Thread 0x00007f9bfc016800 Uncommon trap: trap_request=0xffffff4d fr.pc=0x00007f9bec37f480 relative=0x0000000000000240
Event: 12.171 Thread 0x00007f9bfc016800 Uncommon trap: reason=unstable_if action=reinterpret pc=0x00007f9bec37f480 method=java.util.HashMap.getNode(ILjava/lang/Object;)Ljava/util/HashMap$Node; @ 84 c2
Event: 12.171 Thread 0x00007f9bfc016800 DEOPT PACKING pc=0x00007f9bec37f480 sp=0x00007f9c012343b0
Event: 12.171 Thread 0x00007f9bfc016800 DEOPT UNPACKING pc=0x00007f9be4808ea5 sp=0x00007f9c01234360 mode 2

Classes redefined (0 events):
No events

Internal exceptions (20 events):
Event: 1.525 Thread 0x00007f9bfc016800 Exception <a 'java/security/PrivilegedActionException'{0x000000008d356d28}> (0x000000008d356d28) thrown at [./src/hotspot/share/prims/jvm.cpp, line 1304]
Event: 1.525 Thread 0x00007f9bfc016800 Exception <a 'java/security/PrivilegedActionException'{0x000000008d356ff8}> (0x000000008d356ff8) thrown at [./src/hotspot/share/prims/jvm.cpp, line 1304]
Event: 1.525 Thread 0x00007f9bfc016800 Exception <a 'java/security/PrivilegedActionException'{0x000000008d357a08}> (0x000000008d357a08) thrown at [./src/hotspot/share/prims/jvm.cpp, line 1304]
Event: 1.525 Thread 0x00007f9bfc016800 Exception <a 'java/security/PrivilegedActionException'{0x000000008d357cd8}> (0x000000008d357cd8) thrown at [./src/hotspot/share/prims/jvm.cpp, line 1304]
Event: 1.525 Thread 0x00007f9bfc016800 Exception <a 'java/security/PrivilegedActionException'{0x000000008d358708}> (0x000000008d358708) thrown at [./src/hotspot/share/prims/jvm.cpp, line 1304]
Event: 1.525 Thread 0x00007f9bfc016800 Exception <a 'java/security/PrivilegedActionException'{0x000000008d3589d8}> (0x000000008d3589d8) thrown at [./src/hotspot/share/prims/jvm.cpp, line 1304]
Event: 1.525 Thread 0x00007f9bfc016800 Exception <a 'java/security/PrivilegedActionException'{0x000000008d3593f0}> (0x000000008d3593f0) thrown at [./src/hotspot/share/prims/jvm.cpp, line 1304]
Event: 1.525 Thread 0x00007f9bfc016800 Exception <a 'java/security/PrivilegedActionException'{0x000000008d3596c0}> (0x000000008d3596c0) thrown at [./src/hotspot/share/prims/jvm.cpp, line 1304]
Event: 1.525 Thread 0x00007f9bfc016800 Exception <a 'java/security/PrivilegedActionException'{0x000000008d35a0d8}> (0x000000008d35a0d8) thrown at [./src/hotspot/share/prims/jvm.cpp, line 1304]
Event: 1.525 Thread 0x00007f9bfc016800 Exception <a 'java/security/PrivilegedActionException'{0x000000008d35a3a8}> (0x000000008d35a3a8) thrown at [./src/hotspot/share/prims/jvm.cpp, line 1304]
Event: 1.525 Thread 0x00007f9bfc016800 Exception <a 'java/security/PrivilegedActionException'{0x000000008d35ade0}> (0x000000008d35ade0) thrown at [./src/hotspot/share/prims/jvm.cpp, line 1304]
Event: 1.525 Thread 0x00007f9bfc016800 Exception <a 'java/security/PrivilegedActionException'{0x000000008d35b0b0}> (0x000000008d35b0b0) thrown at [./src/hotspot/share/prims/jvm.cpp, line 1304]
Event: 1.525 Thread 0x00007f9bfc016800 Exception <a 'java/security/PrivilegedActionException'{0x000000008d35bae0}> (0x000000008d35bae0) thrown at [./src/hotspot/share/prims/jvm.cpp, line 1304]
Event: 1.525 Thread 0x00007f9bfc016800 Exception <a 'java/security/PrivilegedActionException'{0x000000008d35bdb0}> (0x000000008d35bdb0) thrown at [./src/hotspot/share/prims/jvm.cpp, line 1304]
Event: 1.525 Thread 0x00007f9bfc016800 Exception <a 'java/security/PrivilegedActionException'{0x000000008d35c7e8}> (0x000000008d35c7e8) thrown at [./src/hotspot/share/prims/jvm.cpp, line 1304]
Event: 1.525 Thread 0x00007f9bfc016800 Exception <a 'java/security/PrivilegedActionException'{0x000000008d35cab8}> (0x000000008d35cab8) thrown at [./src/hotspot/share/prims/jvm.cpp, line 1304]
Event: 1.525 Thread 0x00007f9bfc016800 Exception <a 'java/security/PrivilegedActionException'{0x000000008d35d4d0}> (0x000000008d35d4d0) thrown at [./src/hotspot/share/prims/jvm.cpp, line 1304]
Event: 1.525 Thread 0x00007f9bfc016800 Exception <a 'java/security/PrivilegedActionException'{0x000000008d35d7a0}> (0x000000008d35d7a0) thrown at [./src/hotspot/share/prims/jvm.cpp, line 1304]
Event: 1.525 Thread 0x00007f9bfc016800 Exception <a 'java/security/PrivilegedActionException'{0x000000008d35e1f0}> (0x000000008d35e1f0) thrown at [./src/hotspot/share/prims/jvm.cpp, line 1304]
Event: 1.525 Thread 0x00007f9bfc016800 Exception <a 'java/security/PrivilegedActionException'{0x000000008d35e4c0}> (0x000000008d35e4c0) thrown at [./src/hotspot/share/prims/jvm.cpp, line 1304]

Events (20 events):
Event: 10.487 Executing VM operation: GetFrameCount
Event: 10.487 Executing VM operation: GetFrameCount done
Event: 10.487 Executing VM operation: GetStackTrace
Event: 10.487 Executing VM operation: GetStackTrace done
Event: 10.487 Executing VM operation: GetFrameCount
Event: 10.487 Executing VM operation: GetFrameCount done
Event: 10.487 Executing VM operation: GetStackTrace
Event: 10.488 Executing VM operation: GetStackTrace done
Event: 12.171 loading class java/util/LinkedHashSet
Event: 12.171 loading class java/util/LinkedHashSet done
Event: 12.171 Executing VM operation: Deoptimize
Event: 12.172 Executing VM operation: Deoptimize done
Event: 12.172 loading class ConstValue
Event: 12.172 loading class ConstValue done
Event: 12.186 loading class ConstStatus
Event: 12.186 loading class ConstStatus done
Event: 12.192 loading class java/util/LinkedHashMap$LinkedKeySet
Event: 12.192 loading class java/util/LinkedHashMap$LinkedKeySet done
Event: 12.192 loading class java/util/LinkedHashMap$LinkedKeyIterator
Event: 12.192 loading class java/util/LinkedHashMap$LinkedKeyIterator done


Dynamic libraries:
86000000-8da00000 rw-p 00000000 00:00 0 
8da00000-ffe00000 ---p 00000000 00:00 0 
ffe00000-ffe48000 rw-p 00b14000 08:20 29394                              /usr/lib/jvm/java-11-openjdk-amd64/lib/server/classes.jsa
ffe48000-fff00000 rw-p 00000000 00:00 0 
fff00000-fff6c000 rw-p 00aa8000 08:20 29394                              /usr/lib/jvm/java-11-openjdk-amd64/lib/server/classes.jsa
fff6c000-100000000 rw-p 00000000 00:00 0 
800000000-800002000 rwxp 00001000 08:20 29394                            /usr/lib/jvm/java-11-openjdk-amd64/lib/server/classes.jsa
800002000-800aa7000 rw-p 00003000 08:20 29394                            /usr/lib/jvm/java-11-openjdk-amd64/lib/server/classes.jsa
840000000-8400c0000 rw-p 00000000 00:00 0 
8400c0000-880000000 ---p 00000000 00:00 0 
55ed9e767000-55ed9e768000 r--p 00000000 08:20 58380                      /usr/lib/jvm/java-11-openjdk-amd64/bin/java
55ed9e768000-55ed9e769000 r-xp 00001000 08:20 58380                      /usr/lib/jvm/java-11-openjdk-amd64/bin/java
55ed9e769000-55ed9e76a000 r--p 00002000 08:20 58380                      /usr/lib/jvm/java-11-openjdk-amd64/bin/java
55ed9e76a000-55ed9e76b000 r--p 00002000 08:20 58380                      /usr/lib/jvm/java-11-openjdk-amd64/bin/java
55ed9e76b000-55ed9e76c000 rw-p 00003000 08:20 58380                      /usr/lib/jvm/java-11-openjdk-amd64/bin/java
55eda27c0000-55eda27e1000 rw-p 00000000 00:00 0                          [heap]
7f9b7952c000-7f9b79e52000 r--p 00000000 08:20 227212                     /home/itshandable/.javacpp/cache/llvm-13.0.1-1.5.7-linux-x86_64.jar/org/bytedeco/llvm/linux-x86_64/libLLVM-13.so
7f9b79e52000-7f9b7d815000 r-xp 00926000 08:20 227212                     /home/itshandable/.javacpp/cache/llvm-13.0.1-1.5.7-linux-x86_64.jar/org/bytedeco/llvm/linux-x86_64/libLLVM-13.so
7f9b7d815000-7f9b7fa6a000 r--p 042e9000 08:20 227212                     /home/itshandable/.javacpp/cache/llvm-13.0.1-1.5.7-linux-x86_64.jar/org/bytedeco/llvm/linux-x86_64/libLLVM-13.so
7f9b7fa6a000-7f9b7ff7f000 r--p 0653d000 08:20 227212                     /home/itshandable/.javacpp/cache/llvm-13.0.1-1.5.7-linux-x86_64.jar/org/bytedeco/llvm/linux-x86_64/libLLVM-13.so
7f9b7ff7f000-7f9b7ff8a000 rw-p 06a52000 08:20 227212                     /home/itshandable/.javacpp/cache/llvm-13.0.1-1.5.7-linux-x86_64.jar/org/bytedeco/llvm/linux-x86_64/libLLVM-13.so
7f9b7ff8a000-7f9b80000000 rw-p 00000000 00:00 0 
7f9b80000000-7f9b8004c000 rw-p 00000000 00:00 0 
7f9b8004c000-7f9b84000000 ---p 00000000 00:00 0 
7f9b88000000-7f9b88021000 rw-p 00000000 00:00 0 
7f9b88021000-7f9b8c000000 ---p 00000000 00:00 0 
7f9b8c000000-7f9b8c021000 rw-p 00000000 00:00 0 
7f9b8c021000-7f9b90000000 ---p 00000000 00:00 0 
7f9b90000000-7f9b90023000 rw-p 00000000 00:00 0 
7f9b90023000-7f9b94000000 ---p 00000000 00:00 0 
7f9b94000000-7f9b94021000 rw-p 00000000 00:00 0 
7f9b94021000-7f9b98000000 ---p 00000000 00:00 0 
7f9b98000000-7f9b98021000 rw-p 00000000 00:00 0 
7f9b98021000-7f9b9c000000 ---p 00000000 00:00 0 
7f9b9c000000-7f9b9c021000 rw-p 00000000 00:00 0 
7f9b9c021000-7f9ba0000000 ---p 00000000 00:00 0 
7f9ba0000000-7f9ba0021000 rw-p 00000000 00:00 0 
7f9ba0021000-7f9ba4000000 ---p 00000000 00:00 0 
7f9ba4000000-7f9ba41a7000 rw-p 00000000 00:00 0 
7f9ba41a7000-7f9ba8000000 ---p 00000000 00:00 0 
7f9ba8000000-7f9ba8136000 rw-p 00000000 00:00 0 
7f9ba8136000-7f9bac000000 ---p 00000000 00:00 0 
7f9bac000000-7f9bac412000 rw-p 00000000 00:00 0 
7f9bac412000-7f9bb0000000 ---p 00000000 00:00 0 
7f9bb0000000-7f9bb0021000 rw-p 00000000 00:00 0 
7f9bb0021000-7f9bb4000000 ---p 00000000 00:00 0 
7f9bb4000000-7f9bb4021000 rw-p 00000000 00:00 0 
7f9bb4021000-7f9bb8000000 ---p 00000000 00:00 0 
7f9bb8000000-7f9bb8021000 rw-p 00000000 00:00 0 
7f9bb8021000-7f9bbc000000 ---p 00000000 00:00 0 
7f9bbc000000-7f9bbc021000 rw-p 00000000 00:00 0 
7f9bbc021000-7f9bc0000000 ---p 00000000 00:00 0 
7f9bc0000000-7f9bc0021000 rw-p 00000000 00:00 0 
7f9bc0021000-7f9bc4000000 ---p 00000000 00:00 0 
7f9bc4000000-7f9bc4021000 rw-p 00000000 00:00 0 
7f9bc4021000-7f9bc8000000 ---p 00000000 00:00 0 
7f9bcaef8000-7f9bcaf5d000 r--p 00000000 08:20 227234                     /home/itshandable/.javacpp/cache/llvm-13.0.1-1.5.7-linux-x86_64.jar/org/bytedeco/llvm/linux-x86_64/libjniLLVM.so
7f9bcaf5d000-7f9bcafcb000 r-xp 00065000 08:20 227234                     /home/itshandable/.javacpp/cache/llvm-13.0.1-1.5.7-linux-x86_64.jar/org/bytedeco/llvm/linux-x86_64/libjniLLVM.so
7f9bcafcb000-7f9bcaff6000 r--p 000d3000 08:20 227234                     /home/itshandable/.javacpp/cache/llvm-13.0.1-1.5.7-linux-x86_64.jar/org/bytedeco/llvm/linux-x86_64/libjniLLVM.so
7f9bcaff6000-7f9bcaff9000 r--p 000fd000 08:20 227234                     /home/itshandable/.javacpp/cache/llvm-13.0.1-1.5.7-linux-x86_64.jar/org/bytedeco/llvm/linux-x86_64/libjniLLVM.so
7f9bcaff9000-7f9bcaffc000 rw-p 00100000 08:20 227234                     /home/itshandable/.javacpp/cache/llvm-13.0.1-1.5.7-linux-x86_64.jar/org/bytedeco/llvm/linux-x86_64/libjniLLVM.so
7f9bcaffc000-7f9bcaffe000 rw-p 00000000 00:00 0 
7f9bcaffe000-7f9bcb002000 ---p 00000000 00:00 0 
7f9bcb002000-7f9bcb0fe000 rw-p 00000000 00:00 0 
7f9bcb0fe000-7f9bcb0ff000 ---p 00000000 00:00 0 
7f9bcb0ff000-7f9bcb1ff000 rw-p 00000000 00:00 0 
7f9bcb1ff000-7f9bcb203000 ---p 00000000 00:00 0 
7f9bcb203000-7f9bcb2ff000 rw-p 00000000 00:00 0 
7f9bcb2ff000-7f9bcb303000 ---p 00000000 00:00 0 
7f9bcb303000-7f9bcb3ff000 rw-p 00000000 00:00 0 
7f9bcb3ff000-7f9bcb403000 ---p 00000000 00:00 0 
7f9bcb403000-7f9bcb4ff000 rw-p 00000000 00:00 0 
7f9bcb4ff000-7f9bcb503000 ---p 00000000 00:00 0 
7f9bcb503000-7f9bcb5ff000 rw-p 00000000 00:00 0 
7f9bcb5ff000-7f9bcb603000 ---p 00000000 00:00 0 
7f9bcb603000-7f9bcb6ff000 rw-p 00000000 00:00 0 
7f9bcb6ff000-7f9bcb703000 ---p 00000000 00:00 0 
7f9bcb703000-7f9bcb7ff000 rw-p 00000000 00:00 0 
7f9bcb7ff000-7f9bcb803000 ---p 00000000 00:00 0 
7f9bcb803000-7f9bcb8ff000 rw-p 00000000 00:00 0 
7f9bcb8ff000-7f9bcb903000 ---p 00000000 00:00 0 
7f9bcb903000-7f9bcb9ff000 rw-p 00000000 00:00 0 
7f9bcb9ff000-7f9bcba03000 ---p 00000000 00:00 0 
7f9bcba03000-7f9bcbaff000 rw-p 00000000 00:00 0 
7f9bcbaff000-7f9bcbb03000 ---p 00000000 00:00 0 
7f9bcbb03000-7f9bcbbff000 rw-p 00000000 00:00 0 
7f9bcbbff000-7f9bcbc03000 ---p 00000000 00:00 0 
7f9bcbc03000-7f9bcbcff000 rw-p 00000000 00:00 0 
7f9bcbcff000-7f9bcbd03000 ---p 00000000 00:00 0 
7f9bcbd03000-7f9bcbdff000 rw-p 00000000 00:00 0 
7f9bcbdff000-7f9bcbe03000 ---p 00000000 00:00 0 
7f9bcbe03000-7f9bcbeff000 rw-p 00000000 00:00 0 
7f9bcbeff000-7f9bcbf00000 ---p 00000000 00:00 0 
7f9bcbf00000-7f9bcc000000 rw-p 00000000 00:00 0 
7f9bcc000000-7f9bcc021000 rw-p 00000000 00:00 0 
7f9bcc021000-7f9bd0000000 ---p 00000000 00:00 0 
7f9bd0000000-7f9bd0021000 rw-p 00000000 00:00 0 
7f9bd0021000-7f9bd4000000 ---p 00000000 00:00 0 
7f9bd4000000-7f9bd4021000 rw-p 00000000 00:00 0 
7f9bd4021000-7f9bd8000000 ---p 00000000 00:00 0 
7f9bd8009000-7f9bd8010000 r--p 00000000 08:20 227217                     /home/itshandable/.javacpp/cache/llvm-13.0.1-1.5.7-linux-x86_64.jar/org/bytedeco/llvm/linux-x86_64/libLTO.so.13
7f9bd8010000-7f9bd8018000 r-xp 00007000 08:20 227217                     /home/itshandable/.javacpp/cache/llvm-13.0.1-1.5.7-linux-x86_64.jar/org/bytedeco/llvm/linux-x86_64/libLTO.so.13
7f9bd8018000-7f9bd801a000 r--p 0000f000 08:20 227217                     /home/itshandable/.javacpp/cache/llvm-13.0.1-1.5.7-linux-x86_64.jar/org/bytedeco/llvm/linux-x86_64/libLTO.so.13
7f9bd801a000-7f9bd801b000 r--p 00010000 08:20 227217                     /home/itshandable/.javacpp/cache/llvm-13.0.1-1.5.7-linux-x86_64.jar/org/bytedeco/llvm/linux-x86_64/libLTO.so.13
7f9bd801b000-7f9bd801c000 rw-p 00011000 08:20 227217                     /home/itshandable/.javacpp/cache/llvm-13.0.1-1.5.7-linux-x86_64.jar/org/bytedeco/llvm/linux-x86_64/libLTO.so.13
7f9bd801c000-7f9bd864d000 rw-p 00000000 00:00 0 
7f9bd864d000-7f9bd884d000 ---p 00000000 00:00 0 
7f9bd884d000-7f9bd884e000 ---p 00000000 00:00 0 
7f9bd884e000-7f9bd894e000 rw-p 00000000 00:00 0 
7f9bd894e000-7f9bd894f000 ---p 00000000 00:00 0 
7f9bd894f000-7f9bdb95e000 rw-p 00000000 00:00 0 
7f9bdb95e000-7f9bdb95f000 ---p 00000000 00:00 0 
7f9bdb95f000-7f9bdba5f000 rw-p 00000000 00:00 0 
7f9bdba5f000-7f9bdba60000 ---p 00000000 00:00 0 
7f9bdba60000-7f9bdbd48000 rw-p 00000000 00:00 0 
7f9bdbd48000-7f9bdd9d8000 ---p 00000000 00:00 0 
7f9bdd9d8000-7f9bddbc8000 rw-p 00000000 00:00 0 
7f9bddbc8000-7f9bdf858000 ---p 00000000 00:00 0 
7f9bdf858000-7f9bdf89d000 rw-p 00000000 00:00 0 
7f9bdf89d000-7f9bdfc2f000 ---p 00000000 00:00 0 
7f9bdfc2f000-7f9bdfc6d000 rw-p 00000000 00:00 0 
7f9bdfc6d000-7f9bdffff000 ---p 00000000 00:00 0 
7f9bdffff000-7f9be0000000 rw-p 00000000 00:00 0 
7f9be0000000-7f9be0021000 rw-p 00000000 00:00 0 
7f9be0021000-7f9be4000000 ---p 00000000 00:00 0 
7f9be4001000-7f9be4002000 r--p 00000000 08:20 64938                      /usr/lib/x86_64-linux-gnu/libdl.so.2
7f9be4002000-7f9be4003000 r-xp 00001000 08:20 64938                      /usr/lib/x86_64-linux-gnu/libdl.so.2
7f9be4003000-7f9be4004000 r--p 00002000 08:20 64938                      /usr/lib/x86_64-linux-gnu/libdl.so.2
7f9be4004000-7f9be4005000 r--p 00002000 08:20 64938                      /usr/lib/x86_64-linux-gnu/libdl.so.2
7f9be4005000-7f9be4006000 rw-p 00003000 08:20 64938                      /usr/lib/x86_64-linux-gnu/libdl.so.2
7f9be4006000-7f9be4007000 r--p 00000000 08:20 64948                      /usr/lib/x86_64-linux-gnu/libpthread.so.0
7f9be4007000-7f9be4008000 r-xp 00001000 08:20 64948                      /usr/lib/x86_64-linux-gnu/libpthread.so.0
7f9be4008000-7f9be4009000 r--p 00002000 08:20 64948                      /usr/lib/x86_64-linux-gnu/libpthread.so.0
7f9be4009000-7f9be400a000 r--p 00002000 08:20 64948                      /usr/lib/x86_64-linux-gnu/libpthread.so.0
7f9be400a000-7f9be400b000 rw-p 00003000 08:20 64948                      /usr/lib/x86_64-linux-gnu/libpthread.so.0
7f9be4014000-7f9be4015000 r--p 00000000 08:20 227228                     /home/itshandable/.javacpp/cache/llvm-13.0.1-1.5.7-linux-x86_64.jar/org/bytedeco/llvm/linux-x86_64/libRemarks.so.13
7f9be4015000-7f9be4016000 r-xp 00001000 08:20 227228                     /home/itshandable/.javacpp/cache/llvm-13.0.1-1.5.7-linux-x86_64.jar/org/bytedeco/llvm/linux-x86_64/libRemarks.so.13
7f9be4016000-7f9be4017000 r--p 00002000 08:20 227228                     /home/itshandable/.javacpp/cache/llvm-13.0.1-1.5.7-linux-x86_64.jar/org/bytedeco/llvm/linux-x86_64/libRemarks.so.13
7f9be4017000-7f9be4018000 r--p 00002000 08:20 227228                     /home/itshandable/.javacpp/cache/llvm-13.0.1-1.5.7-linux-x86_64.jar/org/bytedeco/llvm/linux-x86_64/libRemarks.so.13
7f9be4018000-7f9be4019000 rw-p 00003000 08:20 227228                     /home/itshandable/.javacpp/cache/llvm-13.0.1-1.5.7-linux-x86_64.jar/org/bytedeco/llvm/linux-x86_64/libRemarks.so.13
7f9be4019000-7f9be422a000 rw-p 00000000 00:00 0 
7f9be422a000-7f9be45bc000 ---p 00000000 00:00 0 
7f9be45bc000-7f9be47bf000 rw-p 00000000 00:00 0 
7f9be47bf000-7f9be4a7f000 rwxp 00000000 00:00 0 
7f9be4a7f000-7f9be4efe000 ---p 00000000 00:00 0 
7f9be4efe000-7f9be516e000 rwxp 00000000 00:00 0 
7f9be516e000-7f9bec35e000 ---p 00000000 00:00 0 
7f9bec35e000-7f9bec5ce000 rwxp 00000000 00:00 0 
7f9bec5ce000-7f9bf37bf000 ---p 00000000 00:00 0 
7f9bf37bf000-7f9bfc000000 r--s 00000000 08:20 58738                      /usr/lib/jvm/java-11-openjdk-amd64/lib/modules
7f9bfc000000-7f9bfc3aa000 rw-p 00000000 00:00 0 
7f9bfc3aa000-7f9c00000000 ---p 00000000 00:00 0 
7f9c00002000-7f9c00006000 r--p 00000000 08:20 227196                     /home/itshandable/.javacpp/cache/javacpp-1.5.7-linux-x86_64.jar/org/bytedeco/javacpp/linux-x86_64/libjnijavacpp.so
7f9c00006000-7f9c0000d000 r-xp 00004000 08:20 227196                     /home/itshandable/.javacpp/cache/javacpp-1.5.7-linux-x86_64.jar/org/bytedeco/javacpp/linux-x86_64/libjnijavacpp.so
7f9c0000d000-7f9c00011000 r--p 0000b000 08:20 227196                     /home/itshandable/.javacpp/cache/javacpp-1.5.7-linux-x86_64.jar/org/bytedeco/javacpp/linux-x86_64/libjnijavacpp.so
7f9c00011000-7f9c00012000 r--p 0000e000 08:20 227196                     /home/itshandable/.javacpp/cache/javacpp-1.5.7-linux-x86_64.jar/org/bytedeco/javacpp/linux-x86_64/libjnijavacpp.so
7f9c00012000-7f9c00013000 rw-p 0000f000 08:20 227196                     /home/itshandable/.javacpp/cache/javacpp-1.5.7-linux-x86_64.jar/org/bytedeco/javacpp/linux-x86_64/libjnijavacpp.so
7f9c00013000-7f9c00017000 r--p 00000000 08:20 58728                      /usr/lib/jvm/java-11-openjdk-amd64/lib/libnet.so
7f9c00017000-7f9c00025000 r-xp 00004000 08:20 58728                      /usr/lib/jvm/java-11-openjdk-amd64/lib/libnet.so
7f9c00025000-7f9c00029000 r--p 00012000 08:20 58728                      /usr/lib/jvm/java-11-openjdk-amd64/lib/libnet.so
7f9c00029000-7f9c0002a000 r--p 00015000 08:20 58728                      /usr/lib/jvm/java-11-openjdk-amd64/lib/libnet.so
7f9c0002a000-7f9c0002b000 rw-p 00016000 08:20 58728                      /usr/lib/jvm/java-11-openjdk-amd64/lib/libnet.so
7f9c0002b000-7f9c00032000 r--p 00000000 08:20 58729                      /usr/lib/jvm/java-11-openjdk-amd64/lib/libnio.so
7f9c00032000-7f9c0003a000 r-xp 00007000 08:20 58729                      /usr/lib/jvm/java-11-openjdk-amd64/lib/libnio.so
7f9c0003a000-7f9c0003d000 r--p 0000f000 08:20 58729                      /usr/lib/jvm/java-11-openjdk-amd64/lib/libnio.so
7f9c0003d000-7f9c0003e000 r--p 00011000 08:20 58729                      /usr/lib/jvm/java-11-openjdk-amd64/lib/libnio.so
7f9c0003e000-7f9c0003f000 rw-p 00012000 08:20 58729                      /usr/lib/jvm/java-11-openjdk-amd64/lib/libnio.so
7f9c0003f000-7f9c00041000 r--p 00000000 08:20 58709                      /usr/lib/jvm/java-11-openjdk-amd64/lib/libdt_socket.so
7f9c00041000-7f9c00044000 r-xp 00002000 08:20 58709                      /usr/lib/jvm/java-11-openjdk-amd64/lib/libdt_socket.so
7f9c00044000-7f9c00045000 r--p 00005000 08:20 58709                      /usr/lib/jvm/java-11-openjdk-amd64/lib/libdt_socket.so
7f9c00045000-7f9c00046000 ---p 00006000 08:20 58709                      /usr/lib/jvm/java-11-openjdk-amd64/lib/libdt_socket.so
7f9c00046000-7f9c00047000 r--p 00006000 08:20 58709                      /usr/lib/jvm/java-11-openjdk-amd64/lib/libdt_socket.so
7f9c00047000-7f9c00048000 rw-p 00007000 08:20 58709                      /usr/lib/jvm/java-11-openjdk-amd64/lib/libdt_socket.so
7f9c00048000-7f9c00dbf000 rw-p 00000000 00:00 0 
7f9c00dbf000-7f9c00dc0000 ---p 00000000 00:00 0 
7f9c00dc0000-7f9c00ec5000 rw-p 00000000 00:00 0 
7f9c00ec5000-7f9c00fa9000 ---p 00000000 00:00 0 
7f9c00fa9000-7f9c00fae000 rw-p 00000000 00:00 0 
7f9c00fae000-7f9c01092000 ---p 00000000 00:00 0 
7f9c01092000-7f9c01098000 rw-p 00000000 00:00 0 
7f9c01098000-7f9c010a1000 ---p 00000000 00:00 0 
7f9c010a1000-7f9c010a3000 r--p 00000000 08:20 58737                      /usr/lib/jvm/java-11-openjdk-amd64/lib/libzip.so
7f9c010a3000-7f9c010a8000 r-xp 00002000 08:20 58737                      /usr/lib/jvm/java-11-openjdk-amd64/lib/libzip.so
7f9c010a8000-7f9c010aa000 r--p 00007000 08:20 58737                      /usr/lib/jvm/java-11-openjdk-amd64/lib/libzip.so
7f9c010aa000-7f9c010ab000 r--p 00008000 08:20 58737                      /usr/lib/jvm/java-11-openjdk-amd64/lib/libzip.so
7f9c010ab000-7f9c010ac000 rw-p 00009000 08:20 58737                      /usr/lib/jvm/java-11-openjdk-amd64/lib/libzip.so
7f9c010ac000-7f9c010b4000 rw-s 00000000 08:20 2331                       /tmp/hsperfdata_itshandable/10768
7f9c010b4000-7f9c010b6000 r--p 00000000 08:20 58719                      /usr/lib/jvm/java-11-openjdk-amd64/lib/libjdwp.so
7f9c010b6000-7f9c010e2000 r-xp 00002000 08:20 58719                      /usr/lib/jvm/java-11-openjdk-amd64/lib/libjdwp.so
7f9c010e2000-7f9c010f0000 r--p 0002e000 08:20 58719                      /usr/lib/jvm/java-11-openjdk-amd64/lib/libjdwp.so
7f9c010f0000-7f9c010f1000 r--p 0003b000 08:20 58719                      /usr/lib/jvm/java-11-openjdk-amd64/lib/libjdwp.so
7f9c010f1000-7f9c010f2000 rw-p 0003c000 08:20 58719                      /usr/lib/jvm/java-11-openjdk-amd64/lib/libjdwp.so
7f9c010f2000-7f9c01100000 r--p 00000000 08:20 58717                      /usr/lib/jvm/java-11-openjdk-amd64/lib/libjava.so
7f9c01100000-7f9c01116000 r-xp 0000e000 08:20 58717                      /usr/lib/jvm/java-11-openjdk-amd64/lib/libjava.so
7f9c01116000-7f9c0111d000 r--p 00024000 08:20 58717                      /usr/lib/jvm/java-11-openjdk-amd64/lib/libjava.so
7f9c0111d000-7f9c0111e000 r--p 0002a000 08:20 58717                      /usr/lib/jvm/java-11-openjdk-amd64/lib/libjava.so
7f9c0111e000-7f9c0111f000 rw-p 0002b000 08:20 58717                      /usr/lib/jvm/java-11-openjdk-amd64/lib/libjava.so
7f9c0111f000-7f9c01120000 rw-p 00000000 00:00 0 
7f9c01120000-7f9c01125000 r--p 00000000 08:20 58736                      /usr/lib/jvm/java-11-openjdk-amd64/lib/libverify.so
7f9c01125000-7f9c0112c000 r-xp 00005000 08:20 58736                      /usr/lib/jvm/java-11-openjdk-amd64/lib/libverify.so
7f9c0112c000-7f9c0112e000 r--p 0000c000 08:20 58736                      /usr/lib/jvm/java-11-openjdk-amd64/lib/libverify.so
7f9c0112e000-7f9c01130000 r--p 0000d000 08:20 58736                      /usr/lib/jvm/java-11-openjdk-amd64/lib/libverify.so
7f9c01130000-7f9c01131000 rw-p 0000f000 08:20 58736                      /usr/lib/jvm/java-11-openjdk-amd64/lib/libverify.so
7f9c01131000-7f9c01132000 r--p 00000000 08:20 64951                      /usr/lib/x86_64-linux-gnu/librt.so.1
7f9c01132000-7f9c01133000 r-xp 00001000 08:20 64951                      /usr/lib/x86_64-linux-gnu/librt.so.1
7f9c01133000-7f9c01134000 r--p 00002000 08:20 64951                      /usr/lib/x86_64-linux-gnu/librt.so.1
7f9c01134000-7f9c01135000 r--p 00002000 08:20 64951                      /usr/lib/x86_64-linux-gnu/librt.so.1
7f9c01135000-7f9c01136000 rw-p 00003000 08:20 64951                      /usr/lib/x86_64-linux-gnu/librt.so.1
7f9c01136000-7f9c0113a000 ---p 00000000 00:00 0 
7f9c0113a000-7f9c01236000 rw-p 00000000 00:00 0 
7f9c01236000-7f9c01239000 r--p 00000000 08:20 6709                       /usr/lib/x86_64-linux-gnu/libgcc_s.so.1
7f9c01239000-7f9c01250000 r-xp 00003000 08:20 6709                       /usr/lib/x86_64-linux-gnu/libgcc_s.so.1
7f9c01250000-7f9c01254000 r--p 0001a000 08:20 6709                       /usr/lib/x86_64-linux-gnu/libgcc_s.so.1
7f9c01254000-7f9c01255000 r--p 0001d000 08:20 6709                       /usr/lib/x86_64-linux-gnu/libgcc_s.so.1
7f9c01255000-7f9c01256000 rw-p 0001e000 08:20 6709                       /usr/lib/x86_64-linux-gnu/libgcc_s.so.1
7f9c01256000-7f9c01264000 r--p 00000000 08:20 64939                      /usr/lib/x86_64-linux-gnu/libm.so.6
7f9c01264000-7f9c012e0000 r-xp 0000e000 08:20 64939                      /usr/lib/x86_64-linux-gnu/libm.so.6
7f9c012e0000-7f9c0133b000 r--p 0008a000 08:20 64939                      /usr/lib/x86_64-linux-gnu/libm.so.6
7f9c0133b000-7f9c0133c000 r--p 000e4000 08:20 64939                      /usr/lib/x86_64-linux-gnu/libm.so.6
7f9c0133c000-7f9c0133d000 rw-p 000e5000 08:20 64939                      /usr/lib/x86_64-linux-gnu/libm.so.6
7f9c0133d000-7f9c013d7000 r--p 00000000 08:20 6947                       /usr/lib/x86_64-linux-gnu/libstdc++.so.6.0.30
7f9c013d7000-7f9c014e8000 r-xp 0009a000 08:20 6947                       /usr/lib/x86_64-linux-gnu/libstdc++.so.6.0.30
7f9c014e8000-7f9c01557000 r--p 001ab000 08:20 6947                       /usr/lib/x86_64-linux-gnu/libstdc++.so.6.0.30
7f9c01557000-7f9c01558000 ---p 0021a000 08:20 6947                       /usr/lib/x86_64-linux-gnu/libstdc++.so.6.0.30
7f9c01558000-7f9c01563000 r--p 0021a000 08:20 6947                       /usr/lib/x86_64-linux-gnu/libstdc++.so.6.0.30
7f9c01563000-7f9c01566000 rw-p 00225000 08:20 6947                       /usr/lib/x86_64-linux-gnu/libstdc++.so.6.0.30
7f9c01566000-7f9c01569000 rw-p 00000000 00:00 0 
7f9c01569000-7f9c017ec000 r--p 00000000 08:20 58741                      /usr/lib/jvm/java-11-openjdk-amd64/lib/server/libjvm.so
7f9c017ec000-7f9c02497000 r-xp 00283000 08:20 58741                      /usr/lib/jvm/java-11-openjdk-amd64/lib/server/libjvm.so
7f9c02497000-7f9c026f3000 r--p 00f2e000 08:20 58741                      /usr/lib/jvm/java-11-openjdk-amd64/lib/server/libjvm.so
7f9c026f3000-7f9c027b7000 r--p 01189000 08:20 58741                      /usr/lib/jvm/java-11-openjdk-amd64/lib/server/libjvm.so
7f9c027b7000-7f9c027f2000 rw-p 0124d000 08:20 58741                      /usr/lib/jvm/java-11-openjdk-amd64/lib/server/libjvm.so
7f9c027f2000-7f9c0284c000 rw-p 00000000 00:00 0 
7f9c0284c000-7f9c02874000 r--p 00000000 08:20 64935                      /usr/lib/x86_64-linux-gnu/libc.so.6
7f9c02874000-7f9c02a09000 r-xp 00028000 08:20 64935                      /usr/lib/x86_64-linux-gnu/libc.so.6
7f9c02a09000-7f9c02a61000 r--p 001bd000 08:20 64935                      /usr/lib/x86_64-linux-gnu/libc.so.6
7f9c02a61000-7f9c02a62000 ---p 00215000 08:20 64935                      /usr/lib/x86_64-linux-gnu/libc.so.6
7f9c02a62000-7f9c02a66000 r--p 00215000 08:20 64935                      /usr/lib/x86_64-linux-gnu/libc.so.6
7f9c02a66000-7f9c02a68000 rw-p 00219000 08:20 64935                      /usr/lib/x86_64-linux-gnu/libc.so.6
7f9c02a68000-7f9c02a75000 rw-p 00000000 00:00 0 
7f9c02a75000-7f9c02a78000 r--p 00000000 08:20 58702                      /usr/lib/jvm/java-11-openjdk-amd64/lib/jli/libjli.so
7f9c02a78000-7f9c02a82000 r-xp 00003000 08:20 58702                      /usr/lib/jvm/java-11-openjdk-amd64/lib/jli/libjli.so
7f9c02a82000-7f9c02a85000 r--p 0000d000 08:20 58702                      /usr/lib/jvm/java-11-openjdk-amd64/lib/jli/libjli.so
7f9c02a85000-7f9c02a86000 ---p 00010000 08:20 58702                      /usr/lib/jvm/java-11-openjdk-amd64/lib/jli/libjli.so
7f9c02a86000-7f9c02a87000 r--p 00010000 08:20 58702                      /usr/lib/jvm/java-11-openjdk-amd64/lib/jli/libjli.so
7f9c02a87000-7f9c02a88000 rw-p 00011000 08:20 58702                      /usr/lib/jvm/java-11-openjdk-amd64/lib/jli/libjli.so
7f9c02a88000-7f9c02a8a000 r--p 00000000 08:20 6997                       /usr/lib/x86_64-linux-gnu/libz.so.1.2.11
7f9c02a8a000-7f9c02a9b000 r-xp 00002000 08:20 6997                       /usr/lib/x86_64-linux-gnu/libz.so.1.2.11
7f9c02a9b000-7f9c02aa1000 r--p 00013000 08:20 6997                       /usr/lib/x86_64-linux-gnu/libz.so.1.2.11
7f9c02aa1000-7f9c02aa2000 ---p 00019000 08:20 6997                       /usr/lib/x86_64-linux-gnu/libz.so.1.2.11
7f9c02aa2000-7f9c02aa3000 r--p 00019000 08:20 6997                       /usr/lib/x86_64-linux-gnu/libz.so.1.2.11
7f9c02aa3000-7f9c02aa4000 rw-p 0001a000 08:20 6997                       /usr/lib/x86_64-linux-gnu/libz.so.1.2.11
7f9c02aa7000-7f9c02aa8000 ---p 00000000 00:00 0 
7f9c02aa8000-7f9c02aa9000 r--p 00000000 00:00 0 
7f9c02aa9000-7f9c02aab000 r--p 00000000 08:20 58720                      /usr/lib/jvm/java-11-openjdk-amd64/lib/libjimage.so
7f9c02aab000-7f9c02aae000 r-xp 00002000 08:20 58720                      /usr/lib/jvm/java-11-openjdk-amd64/lib/libjimage.so
7f9c02aae000-7f9c02aaf000 r--p 00005000 08:20 58720                      /usr/lib/jvm/java-11-openjdk-amd64/lib/libjimage.so
7f9c02aaf000-7f9c02ab0000 ---p 00006000 08:20 58720                      /usr/lib/jvm/java-11-openjdk-amd64/lib/libjimage.so
7f9c02ab0000-7f9c02ab1000 r--p 00006000 08:20 58720                      /usr/lib/jvm/java-11-openjdk-amd64/lib/libjimage.so
7f9c02ab1000-7f9c02ab2000 rw-p 00007000 08:20 58720                      /usr/lib/jvm/java-11-openjdk-amd64/lib/libjimage.so
7f9c02ab2000-7f9c02ab4000 rw-p 00000000 00:00 0 
7f9c02ab4000-7f9c02ab6000 r--p 00000000 08:20 64930                      /usr/lib/x86_64-linux-gnu/ld-linux-x86-64.so.2
7f9c02ab6000-7f9c02ae0000 r-xp 00002000 08:20 64930                      /usr/lib/x86_64-linux-gnu/ld-linux-x86-64.so.2
7f9c02ae0000-7f9c02aeb000 r--p 0002c000 08:20 64930                      /usr/lib/x86_64-linux-gnu/ld-linux-x86-64.so.2
7f9c02aec000-7f9c02aee000 r--p 00037000 08:20 64930                      /usr/lib/x86_64-linux-gnu/ld-linux-x86-64.so.2
7f9c02aee000-7f9c02af0000 rw-p 00039000 08:20 64930                      /usr/lib/x86_64-linux-gnu/ld-linux-x86-64.so.2
7ffe81e2c000-7ffe81e4d000 rw-p 00000000 00:00 0                          [stack]
7ffe81ea0000-7ffe81ea4000 r--p 00000000 00:00 0                          [vvar]
7ffe81ea4000-7ffe81ea6000 r-xp 00000000 00:00 0                          [vdso]


VM Arguments:
jvm_args: -agentlib:jdwp=transport=dt_socket,address=0.0.0.0:12345,suspend=y,server=y -Djava.library.path=\\wsl.localhost\Ubuntu\usr\local\lib -Dfile.encoding=UTF-8 
java_command: Main tests/test.sysy tests/test.arm test tests/test.ll
java_class_path (initial): /mnt/e/codes/compiler-principle/Lab_backtrace/Lab/out/production/Lab:/usr/local/lib/antlr-4.9.1-complete.jar:/usr/local/lib/javacpp/javacpp-1.5.7.jar:/usr/local/lib/javacpp/javacpp-1.5.7-linux-x86_64.jar:/usr/local/lib/llvm/llvm-13.0.1-1.5.7.jar:/usr/local/lib/llvm/llvm-13.0.1-1.5.7-linux-x86_64.jar:/usr/local/lib/llvm-platform/llvm-platform-13.0.1-1.5.7.jar:/usr/local/lib/llvm4j/kotlin-stdlib-1.9.0.jar:/usr/local/lib/llvm4j/llvm4j-0.1.2-SNAPSHOT.jar:/usr/local/lib/rars/rars.jar:/mnt/d/IntelliJ IDEA Ultimate/lib/idea_rt.jar
Launcher Type: SUN_STANDARD

[Global flags]
     intx CICompilerCount                          = 12                                        {product} {ergonomic}
     uint ConcGCThreads                            = 4                                         {product} {ergonomic}
     uint G1ConcRefinementThreads                  = 15                                        {product} {ergonomic}
   size_t G1HeapRegionSize                         = 1048576                                   {product} {ergonomic}
    uintx GCDrainStackTargetSize                   = 64                                        {product} {ergonomic}
   size_t InitialHeapSize                          = 127926272                                 {product} {ergonomic}
   size_t MarkStackSize                            = 4194304                                   {product} {ergonomic}
   size_t MaxHeapSize                              = 2046820352                                {product} {ergonomic}
   size_t MaxNewSize                               = 1227882496                                {product} {ergonomic}
   size_t MinHeapDeltaBytes                        = 1048576                                   {product} {ergonomic}
    uintx NonNMethodCodeHeapSize                   = 7594288                                {pd product} {ergonomic}
    uintx NonProfiledCodeHeapSize                  = 122031976                              {pd product} {ergonomic}
    uintx ProfiledCodeHeapSize                     = 122031976                              {pd product} {ergonomic}
    uintx ReservedCodeCacheSize                    = 251658240                              {pd product} {ergonomic}
     bool SegmentedCodeCache                       = true                                      {product} {ergonomic}
     bool UseCompressedClassPointers               = true                                 {lp64_product} {ergonomic}
     bool UseCompressedOops                        = true                                 {lp64_product} {ergonomic}
     bool UseG1GC                                  = true                                      {product} {ergonomic}

Logging:
Log output configuration:
 #0: stdout all=warning uptime,level,tags
 #1: stderr all=off uptime,level,tags

Environment Variables:
PATH=/home/itshandable/.local/bin:/usr/local/sbin:/usr/local/bin:/usr/sbin:/usr/bin:/sbin:/bin:/usr/games:/usr/local/games:/usr/lib/wsl/lib:/mnt/d/VMwareWorkstationPro/bin/:/mnt/c/Program Files/BellSoft/LibericaJDK-17/bin/:/mnt/c/Program Files (x86)/Common Files/Oracle/Java/java8path:/mnt/c/Program Files (x86)/Common Files/Oracle/Java/javapath:/mnt/c/WINDOWS/system32:/mnt/c/WINDOWS:/mnt/c/WINDOWS/System32/Wbem:/mnt/c/WINDOWS/System32/WindowsPowerShell/v1.0/:/mnt/c/WINDOWS/System32/OpenSSH/:/mnt/c/Program Files/dotnet/:/mnt/c/Program Files (x86)/NVIDIA Corporation/PhysX/Common:/mnt/c/Program Files/Git/cmd:/mnt/d/Cruicial Storage Excutive:/mnt/c/Program Files/BellSoft/LibericaJDK-17/bin:/mnt/c/Program Files/BellSoft/LibericaJDK-17/jre/bin:/mnt/c/Users/itshandable/AppData/Local/Programs/Python/Python312:/mnt/c/Users/itshandable/AppData/Local/Programs/Python/Python312/Scripts:/mnt/c/Program Files/Pandoc/:/mnt/c/ProgramData/chocolatey/bin:/mnt/d/Nodejs-nvm:/mnt/c/Program Files/nodejs:/mnt/d/Redis/:/mnt/d/Mathlab/bin:/mnt/d/Lingo-21.0/:/mnt/d/Lingo-18.0/:/mnt/c/Program Files/NVIDIA Corporation/NVIDIA app/NvDLISR:/mnt/d/SPSS-25/JRE/bin:/mnt/d/SPSS Modeler 18.0/ext/bin/spss.TMWBServer/bin:/mnt/d/SPSS Modeler 18.0/MPICH2/bin:/mnt/d/SPSS Modeler 18.0/TABI:/mnt/d/MySQL/bin:/mnt/c/Program Files/Docker/Docker/resources/bin:/mnt/c/Program Files/Tailscale/:/mnt/c/Users/itshandable/AppData/Local/Programs/Python/Launcher/:/mnt/c/Users/itshandable/AppData/Local/Microsoft/WindowsApps:/mnt/d/CLion 2024.2.1/bin:/mnt/d/PyCharm 2024.2.1/bin:/mnt/c/Users/itshandable/AppData/Local/JetBrains/Toolbox/scripts:/mnt/d/IntelliJ IDEA 2024.2.1/bin:/mnt/c/Users/itshandable/AppData/Roaming/npm:/mnt/d/Nodejs-nvm:/mnt/c/Program Files/nodejs:/mnt/d/Microsoft VS Code/bin:/mnt/d/MiKTeX/miktex/bin/x64/:/mnt/c/Users/itshandable/AppData/Local/Microsoft/WindowsApps:/mnt/e/codes/ffmpeg-2025-01-02-git-0457aaf0d3-essentials_build/bin:/mnt/d/Aria2/aria2-1.37.0-win-64bit-build1:/mnt/d/DevEco Studio/bin:/mnt/d/WebStor
SHELL=/bin/bash
DISPLAY=:0
HOSTTYPE=x86_64
LANG=zh_CN.UTF-8
TERM=xterm-256color

Signal Handlers:
SIGSEGV: [libjvm.so+0xebbd40], sa_mask[0]=11111111011111111101111111111110, sa_flags=SA_RESTART|SA_SIGINFO
SIGBUS: [libjvm.so+0xebbd40], sa_mask[0]=11111111011111111101111111111110, sa_flags=SA_RESTART|SA_SIGINFO
SIGFPE: [libjvm.so+0xebbd40], sa_mask[0]=11111111011111111101111111111110, sa_flags=SA_RESTART|SA_SIGINFO
SIGPIPE: [libjvm.so+0xbfe040], sa_mask[0]=11111111011111111101111111111110, sa_flags=SA_RESTART|SA_SIGINFO
SIGXFSZ: [libjvm.so+0xbfe040], sa_mask[0]=11111111011111111101111111111110, sa_flags=SA_RESTART|SA_SIGINFO
SIGILL: [libjvm.so+0xebbd40], sa_mask[0]=11111111011111111101111111111110, sa_flags=SA_RESTART|SA_SIGINFO
SIGUSR2: [libjvm.so+0xbfdee0], sa_mask[0]=00000000000000000000000000000000, sa_flags=SA_RESTART|SA_SIGINFO
SIGHUP: [libjvm.so+0xbfe6a0], sa_mask[0]=11111111011111111101111111111110, sa_flags=SA_RESTART|SA_SIGINFO
SIGINT: [libjvm.so+0xbfe6a0], sa_mask[0]=11111111011111111101111111111110, sa_flags=SA_RESTART|SA_SIGINFO
SIGTERM: [libjvm.so+0xbfe6a0], sa_mask[0]=11111111011111111101111111111110, sa_flags=SA_RESTART|SA_SIGINFO
SIGQUIT: [libjvm.so+0xbfe6a0], sa_mask[0]=11111111011111111101111111111110, sa_flags=SA_RESTART|SA_SIGINFO


---------------  S Y S T E M  ---------------

OS:DISTRIB_ID=Ubuntu
DISTRIB_RELEASE=22.04
DISTRIB_CODENAME=jammy
DISTRIB_DESCRIPTION="Ubuntu 22.04.3 LTS"
uname:Linux 5.15.167.4-microsoft-standard-WSL2 #1 SMP Tue Nov 5 00:21:55 UTC 2024 x86_64
OS uptime: 0 days 0:18 hours
libc:glibc 2.35 NPTL 2.35 
rlimit (soft/hard): STACK 8192k/infinity , CORE 0k/infinity , NPROC 31190/31190 , NOFILE 1048576/1048576 , AS infinity/infinity , CPU infinity/infinity , DATA infinity/infinity , FSIZE infinity/infinity , MEMLOCK 65536k/65536k
load average:0.09 0.06 0.01

/proc/meminfo:
MemTotal:        7991664 kB
MemFree:         6983844 kB
MemAvailable:    7074860 kB
Buffers:            1032 kB
Cached:           290444 kB
SwapCached:            0 kB
Active:            93152 kB
Inactive:         525832 kB
Active(anon):       2176 kB
Inactive(anon):   328980 kB
Active(file):      90976 kB
Inactive(file):   196852 kB
Unevictable:           0 kB
Mlocked:               0 kB
SwapTotal:       2097152 kB
SwapFree:        2097152 kB
Dirty:                 0 kB
Writeback:            24 kB
AnonPages:        326308 kB
Mapped:           258688 kB
Shmem:              3664 kB
KReclaimable:      37516 kB
Slab:             111108 kB
SReclaimable:      37516 kB
SUnreclaim:        73592 kB
KernelStack:        7200 kB
PageTables:         6792 kB
NFS_Unstable:          0 kB
Bounce:                0 kB
WritebackTmp:          0 kB
CommitLimit:     6092984 kB
Committed_AS:    1660132 kB
VmallocTotal:   34359738367 kB
VmallocUsed:       29352 kB
VmallocChunk:          0 kB
Percpu:            11520 kB
AnonHugePages:    147456 kB
ShmemHugePages:        0 kB
ShmemPmdMapped:        0 kB
FileHugePages:         0 kB
FilePmdMapped:         0 kB
HugePages_Total:       0
HugePages_Free:        0
HugePages_Rsvd:        0
HugePages_Surp:        0
Hugepagesize:       2048 kB
Hugetlb:               0 kB
DirectMap4k:      101376 kB
DirectMap2M:     4997120 kB
DirectMap1G:    11534336 kB

/sys/kernel/mm/transparent_hugepage/enabled:
[always] madvise never
/sys/kernel/mm/transparent_hugepage/defrag (defrag/compaction efforts parameter):
always defer defer+madvise [madvise] never

Process Memory:
Virtual Size: 5195420K (peak: 13447088K)
Resident Set Size: 99592K (peak: 99592K) (anon: 43700K, file: 55892K, shmem: 0K)
Swapped out: 0K
C-Heap outstanding allocations: 38397K, retained: 7490K
glibc malloc tunables: (default)

/proc/sys/kernel/threads-max (system-wide limit on the number of threads):
62380
/proc/sys/vm/max_map_count (maximum number of memory map areas a process may have):
65530
/proc/sys/kernel/pid_max (system-wide limit on number of process identifiers):
4194304

container (cgroup) information:
container_type: cgroupv1
cpu_cpuset_cpus: 0-19
cpu_memory_nodes: 0
active_processor_count: 20
cpu_quota: no quota
cpu_period: 100000
cpu_shares: no shares
memory_limit_in_bytes: unlimited
memory_and_swap_limit_in_bytes: unlimited
memory_soft_limit_in_bytes: unlimited
memory_usage_in_bytes: 617812 k
memory_max_usage_in_bytes: 496884 k
kernel_memory_limit_in_bytes: unlimited
kernel_memory_usage_in_bytes: 21680 k
kernel_memory_max_usage_in_bytes: 27048 k
maximum number of tasks: not supported
current number of tasks: not supported

Hyper-V virtualization detected
Steal ticks since vm start: 0
Steal ticks percentage since vm start:  0.000

CPU:total 20 (initial active 20) (16 cores per cpu, 2 threads per core) family 6 model 186 stepping 2 microcode 0xffffffff, cmov, cx8, fxsr, mmx, sse, sse2, sse3, ssse3, sse4.1, sse4.2, popcnt, avx, avx2, aes, clmul, erms, 3dnowpref, lzcnt, ht, tsc, tscinvbit, bmi1, bmi2, adx, sha, fma
CPU Model and flags from /proc/cpuinfo:
model name	: 13th Gen Intel(R) Core(TM) i9-13900H
flags		: fpu vme de pse tsc msr pae mce cx8 apic sep mtrr pge mca cmov pat pse36 clflush mmx fxsr sse sse2 ss ht syscall nx pdpe1gb rdtscp lm constant_tsc rep_good nopl xtopology tsc_reliable nonstop_tsc cpuid pni pclmulqdq vmx ssse3 fma cx16 pcid sse4_1 sse4_2 x2apic movbe popcnt tsc_deadline_timer aes xsave avx f16c rdrand hypervisor lahf_lm abm 3dnowprefetch invpcid_single ssbd ibrs ibpb stibp ibrs_enhanced tpr_shadow vnmi ept vpid ept_ad fsgsbase tsc_adjust bmi1 avx2 smep bmi2 erms invpcid rdseed adx smap clflushopt clwb sha_ni xsaveopt xsavec xgetbv1 xsaves avx_vnni umip waitpkg gfni vaes vpclmulqdq rdpid movdiri movdir64b fsrm md_clear serialize flush_l1d arch_capabilities
Online cpus:
0-19
Offline cpus:

BIOS frequency limitation:
<Not Available>
Frequency switch latency (ns):
<Not Available>
Available cpu frequencies:
<Not Available>
Current governor:
<Not Available>
Core performance/turbo boost:
<Not Available>

Memory: 4k page, physical 7991664k(6983844k free), swap 2097152k(2097152k free)

vm_info: OpenJDK 64-Bit Server VM (11.0.27+6-post-Ubuntu-0ubuntu122.04) for linux-amd64 JRE (11.0.27+6-post-Ubuntu-0ubuntu122.04), built on Apr 21 2025 05:59:45 by "unknown" with gcc 11.4.0

END.
