#
# A fatal error has been detected by the Java Runtime Environment:
#
#  SIGSEGV (0xb) at pc=0x00007f4ffe28eaf8, pid=24170, tid=24174
#
# JRE version: OpenJDK Runtime Environment (11.0.27+6) (build 11.0.27+6-post-Ubuntu-0ubuntu122.04)
# Java VM: OpenJDK 64-Bit Server VM (11.0.27+6-post-Ubuntu-0ubuntu122.04, mixed mode, sharing, tiered, compressed oops, g1 gc, linux-amd64)
# Problematic frame:
# C  [libLLVM-13.so+0xd62af8]  llvm::Value::getName() const+0xb8
#
# No core dump will be written. Core dumps have been disabled. To enable core dumping, try "ulimit -c unlimited" before starting Java again
#
# If you would like to submit a bug report, please visit:
#   https://bugs.launchpad.net/ubuntu/+source/openjdk-lts
# The crash happened outside the Java Virtual Machine in native code.
# See problematic frame for where to report the bug.
#

---------------  S U M M A R Y ------------

Command Line: -agentlib:jdwp=transport=dt_socket,address=0.0.0.0:12345,suspend=y,server=y -Djava.library.path=\\wsl.localhost\Ubuntu\usr\local\lib -Dfile.encoding=UTF-8 Main tests/test.sysy tests/test.arm test tests/test.ll

Host: 13th Gen Intel(R) Core(TM) i9-13900H, 20 cores, 7G, Ubuntu 22.04.3 LTS
Time: Thu May 22 20:05:27 2025 CST elapsed time: 74.421223 seconds (0d 0h 1m 14s)

---------------  T H R E A D  ---------------

Current thread (0x00007f5080016800):  JavaThread "main" [_thread_in_native, id=24174, stack(0x00007f508450b000,0x00007f508460b000)]

Stack: [0x00007f508450b000,0x00007f508460b000],  sp=0x00007f5084608900,  free space=1014k
Native frames: (J=compiled Java code, A=aot compiled Java code, j=interpreted, Vv=VM code, C=native code)
C  [libLLVM-13.so+0xd62af8]  llvm::Value::getName() const+0xb8

Java frames: (J=compiled Java code, j=interpreted, Vv=VM code)
j  org.bytedeco.llvm.global.LLVM.LLVMPrintModuleToFile(Lorg/bytedeco/llvm/LLVM/LLVMModuleRef;Ljava/lang/String;Lorg/bytedeco/javacpp/BytePointer;)I+0
j  MyIrVisitor.mixedOptimization()V+53
j  MyIrVisitor.visitProgram(LSysYParser$ProgramContext;)Lorg/bytedeco/llvm/LLVM/LLVMValueRef;+123
j  MyIrVisitor.visitProgram(LSysYParser$ProgramContext;)Ljava/lang/Object;+2
j  SysYParser$ProgramContext.accept(Lorg/antlr/v4/runtime/tree/ParseTreeVisitor;)Ljava/lang/Object;+12
j  org.antlr.v4.runtime.tree.AbstractParseTreeVisitor.visit(Lorg/antlr/v4/runtime/tree/ParseTree;)Ljava/lang/Object;+2
j  Main.main([Ljava/lang/String;)V+169
v  ~StubRoutines::call_stub

siginfo: si_signo: 11 (SIGSEGV), si_code: 1 (SEGV_MAPERR), si_addr: 0x00000000000000e5

Register to memory mapping:

RAX=0x00000000000000f5 is an unknown value
RBX=0x0000000000000001 is an unknown value
RCX=0x00007f5080391088 points into unknown readable memory: 0x00007f5080388c70 | 70 8c 38 80 50 7f 00 00
RDX=0x00000000000000e5 is an unknown value
RSP=0x00007f5084608900 is pointing into the stack for thread: 0x00007f5080016800
RBP=0x00007f5084608c60 is pointing into the stack for thread: 0x00007f5080016800
RSI=0x00007f5080389070 points into unknown readable memory: 0x0000000000000000 | 00 00 00 00 00 00 00 00
RDI=0x00007f5084608900 is pointing into the stack for thread: 0x00007f5080016800
R8 =0x0000000000000001 is an unknown value
R9 =0x00007f5080391088 points into unknown readable memory: 0x00007f5080388c70 | 70 8c 38 80 50 7f 00 00
R10=0x000000000000003f is an unknown value
R11=0x0000000000000003 is an unknown value
R12=0x0000000000000002 is an unknown value
R13=0x0000000000000002 is an unknown value
R14=0x0 is NULL
R15=0x00007f508036bfe0 points into unknown readable memory: 0x00007f50803914e8 | e8 14 39 80 50 7f 00 00


Registers:
RAX=0x00000000000000f5, RBX=0x0000000000000001, RCX=0x00007f5080391088, RDX=0x00000000000000e5
RSP=0x00007f5084608900, RBP=0x00007f5084608c60, RSI=0x00007f5080389070, RDI=0x00007f5084608900
R8 =0x0000000000000001, R9 =0x00007f5080391088, R10=0x000000000000003f, R11=0x0000000000000003
R12=0x0000000000000002, R13=0x0000000000000002, R14=0x0000000000000000, R15=0x00007f508036bfe0
RIP=0x00007f4ffe28eaf8, EFLAGS=0x0000000000010202, CSGSFS=0x002b000000000033, ERR=0x0000000000000004
  TRAPNO=0x000000000000000e

Top of Stack: (sp=0x00007f5084608900)
0x00007f5084608900:   00007f5080389070 00007f5080389070
0x00007f5084608910:   0000000000000001 00007f4ffe0cd3f5
0x00007f5084608920:   0000000000000001 00007f5084608e40
0x00007f5084608930:   0000000000000002 00007f4ffe0de5d8 

Instructions: (pc=0x00007f4ffe28eaf8)
0x00007f4ffe28e9f8:   48 bc ff eb b7 48 83 3d ab e8 ce 05 00 74 23 83
0x00007f4ffe28ea08:   ca ff f0 0f c1 50 f8 85 d2 7f ae 48 8d 74 24 0f
0x00007f4ffe28ea18:   e8 53 48 bc ff eb a2 8b 50 f8 8d 4a ff 89 48 f8
0x00007f4ffe28ea28:   eb c3 8b 50 f8 8d 4a ff 89 48 f8 eb da 66 2e 0f
0x00007f4ffe28ea38:   1f 84 00 00 00 00 00 90 f6 47 17 10 75 0a 48 8d
0x00007f4ffe28ea48:   05 f2 a0 6c 03 31 d2 c3 48 83 ec 18 48 8b 07 48
0x00007f4ffe28ea58:   8b 00 48 8b 08 8b 81 98 01 00 00 4c 8b 81 88 01
0x00007f4ffe28ea68:   00 00 4c 8d 89 88 01 00 00 85 c0 74 5b 89 f9 89
0x00007f4ffe28ea78:   fa 44 8d 50 ff c1 ea 09 c1 e9 04 31 d1 44 21 d1
0x00007f4ffe28ea88:   89 ce 48 c1 e6 04 4c 01 c6 48 8b 16 48 39 d7 75
0x00007f4ffe28ea98:   67 89 c2 48 89 e7 4c 89 c9 48 89 d0 48 c1 e0 04
0x00007f4ffe28eaa8:   49 8d 14 00 41 b8 01 00 00 00 e8 f9 f4 ff ff 48
0x00007f4ffe28eab8:   8b 04 24 48 8b 50 08 48 8d 42 10 48 8b 12 48 83
0x00007f4ffe28eac8:   c4 18 c3 0f 1f 44 00 00 48 c1 e0 04 48 89 e7 4c
0x00007f4ffe28ead8:   89 c9 49 8d 34 00 41 b8 01 00 00 00 48 89 f2 e8
0x00007f4ffe28eae8:   c4 f4 ff ff 48 8b 04 24 48 8b 50 08 48 8d 42 10
0x00007f4ffe28eaf8:   48 8b 12 48 83 c4 18 c3 be 01 00 00 00 48 81 fa
0x00007f4ffe28eb08:   00 f0 ff ff 74 c2 01 f1 44 8d 5e 01 44 21 d1 89
0x00007f4ffe28eb18:   ce 48 c1 e6 04 4c 01 c6 48 8b 16 48 39 d7 0f 84
0x00007f4ffe28eb28:   6d ff ff ff 44 89 de eb d4 66 2e 0f 1f 84 00 00
0x00007f4ffe28eb38:   00 00 00 0f 1f 44 00 00 66 48 0f 6e c6 66 48 0f
0x00007f4ffe28eb48:   6e ca 66 0f 6c c1 0f 11 07 45 84 c0 75 29 48 39
0x00007f4ffe28eb58:   d6 74 24 0f 1f 44 00 00 48 8b 06 48 3d 00 f0 ff
0x00007f4ffe28eb68:   ff 74 08 48 3d 00 e0 ff ff 75 0c 48 83 c6 10 48
0x00007f4ffe28eb78:   89 37 48 39 f2 75 e1 c3 41 57 41 56 41 55 41 54
0x00007f4ffe28eb88:   55 53 48 89 fb 48 83 ec 38 4c 8b 67 10 49 8b 04
0x00007f4ffe28eb98:   24 48 8b 00 48 8b 28 4c 8b ad 08 09 00 00 44 8b
0x00007f4ffe28eba8:   bd 18 09 00 00 41 f6 44 24 11 01 0f 85 67 01 00
0x00007f4ffe28ebb8:   00 45 85 ff 0f 84 fb 01 00 00 45 89 e6 44 89 e0
0x00007f4ffe28ebc8:   41 8d 77 ff c1 e8 09 41 c1 ee 04 41 31 c6 44 89
0x00007f4ffe28ebd8:   f1 21 f1 89 c8 48 c1 e0 04 4c 01 e8 48 8b 10 49
0x00007f4ffe28ebe8:   39 d4 0f 85 7c 03 00 00 48 8b 50 08 4c 89 ee 48 


Stack slot to memory mapping:
stack at sp + 0 slots: 0x00007f5080389070 points into unknown readable memory: 0x0000000000000000 | 00 00 00 00 00 00 00 00
stack at sp + 1 slots: 0x00007f5080389070 points into unknown readable memory: 0x0000000000000000 | 00 00 00 00 00 00 00 00
stack at sp + 2 slots: 0x0000000000000001 is an unknown value
stack at sp + 3 slots: 0x00007f4ffe0cd3f5: <offset 0x0000000000ba13f5> in /home/itshandable/.javacpp/cache/llvm-13.0.1-1.5.7-linux-x86_64.jar/org/bytedeco/llvm/linux-x86_64/libLLVM-13.so at 0x00007f4ffd52c000
stack at sp + 4 slots: 0x0000000000000001 is an unknown value
stack at sp + 5 slots: 0x00007f5084608e40 is pointing into the stack for thread: 0x00007f5080016800
stack at sp + 6 slots: 0x0000000000000002 is an unknown value
stack at sp + 7 slots: 0x00007f4ffe0de5d8: <offset 0x0000000000bb25d8> in /home/itshandable/.javacpp/cache/llvm-13.0.1-1.5.7-linux-x86_64.jar/org/bytedeco/llvm/linux-x86_64/libLLVM-13.so at 0x00007f4ffd52c000


---------------  P R O C E S S  ---------------

Threads class SMR info:
_java_thread_list=0x00007f50340020e0, length=13, elements={
0x00007f5080016800, 0x00007f508013f800, 0x00007f5080141800, 0x00007f5080147800,
0x00007f5080149800, 0x00007f508014c000, 0x00007f508014e000, 0x00007f5080150000,
0x00007f5080199000, 0x00007f508019f000, 0x00007f5080244000, 0x00007f501c001800,
0x00007f5034001000
}

Java Threads: ( => current thread )
=>0x00007f5080016800 JavaThread "main" [_thread_in_native, id=24174, stack(0x00007f508450b000,0x00007f508460b000)]
  0x00007f508013f800 JavaThread "Reference Handler" daemon [_thread_blocked, id=24181, stack(0x00007f50571fb000,0x00007f50572fb000)]
  0x00007f5080141800 JavaThread "Finalizer" daemon [_thread_blocked, id=24182, stack(0x00007f50570fb000,0x00007f50571fb000)]
  0x00007f5080147800 JavaThread "Signal Dispatcher" daemon [_thread_blocked, id=24183, stack(0x00007f5056ffb000,0x00007f50570fb000)]
  0x00007f5080149800 JavaThread "Service Thread" daemon [_thread_blocked, id=24184, stack(0x00007f5056efb000,0x00007f5056ffb000)]
  0x00007f508014c000 JavaThread "C2 CompilerThread0" daemon [_thread_blocked, id=24185, stack(0x00007f5056dfb000,0x00007f5056efb000)]
  0x00007f508014e000 JavaThread "C1 CompilerThread0" daemon [_thread_blocked, id=24186, stack(0x00007f5056cfb000,0x00007f5056dfb000)]
  0x00007f5080150000 JavaThread "Sweeper thread" daemon [_thread_blocked, id=24187, stack(0x00007f5056bfb000,0x00007f5056cfb000)]
  0x00007f5080199000 JavaThread "JDWP Event Helper Thread" daemon [_thread_blocked, id=24190, stack(0x00007f50568fb000,0x00007f50569fb000)]
  0x00007f508019f000 JavaThread "Common-Cleaner" daemon [_thread_blocked, id=24195, stack(0x00007f50565fa000,0x00007f50566fa000)]
  0x00007f5080244000 JavaThread "JavaCPP Deallocator" daemon [_thread_blocked, id=24230, stack(0x00007f50564fa000,0x00007f50565fa000)]
  0x00007f501c001800 JavaThread "JDWP Transport Listener: dt_socket" daemon [_thread_in_native, id=24748, stack(0x00007f50567fb000,0x00007f50568fb000)]
  0x00007f5034001000 JavaThread "SIGINT handler" daemon [_thread_blocked, id=24751, stack(0x00007f50569fb000,0x00007f5056afb000)]

Other Threads:
  0x00007f508013c800 VMThread "VM Thread" [stack: 0x00007f50572fc000,0x00007f50573fc000] [id=24180]
  0x00007f508019b800 WatcherThread [stack: 0x00007f50566fb000,0x00007f50567fb000] [id=24194]
  0x00007f5080030800 GCTaskThread "GC Thread#0" [stack: 0x00007f5084195000,0x00007f5084295000] [id=24175]
  0x00007f5080062000 ConcurrentGCThread "G1 Main Marker" [stack: 0x00007f505ee91000,0x00007f505ef91000] [id=24176]
  0x00007f5080063800 ConcurrentGCThread "G1 Conc#0" [stack: 0x00007f505ed90000,0x00007f505ee90000] [id=24177]
  0x00007f5080108000 ConcurrentGCThread "G1 Refine#0" [stack: 0x00007f5057cfe000,0x00007f5057dfe000] [id=24178]
  0x00007f508010a000 ConcurrentGCThread "G1 Young RemSet Sampling" [stack: 0x00007f5057bfd000,0x00007f5057cfd000] [id=24179]

Threads with active compile tasks:

VM state:not at safepoint (normal execution)

VM Mutex/Monitor currently owned by a thread: None

Heap address: 0x0000000086000000, size: 1952 MB, Compressed Oops mode: 32-bit
Narrow klass base: 0x0000000800000000, Narrow klass shift: 3
Compressed class space size: 1073741824 Address: 0x0000000840000000

Heap:
 garbage-first heap   total 126976K, used 10960K [0x0000000086000000, 0x0000000100000000)
  region size 1024K, 12 young (12288K), 0 survivors (0K)
 Metaspace       used 3774K, capacity 6579K, committed 6912K, reserved 1056768K
  class space    used 395K, capacity 681K, committed 768K, reserved 1048576K
Heap Regions: E=young(eden), S=young(survivor), O=old, HS=humongous(starts), HC=humongous(continues), CS=collection set, F=free, A=archive, TAMS=top-at-mark-start (previous, next)
|   0|0x0000000086000000, 0x0000000086000000, 0x0000000086100000|  0%| F|  |TAMS 0x0000000086000000, 0x0000000086000000| Untracked 
|   1|0x0000000086100000, 0x0000000086100000, 0x0000000086200000|  0%| F|  |TAMS 0x0000000086100000, 0x0000000086100000| Untracked 
|   2|0x0000000086200000, 0x0000000086200000, 0x0000000086300000|  0%| F|  |TAMS 0x0000000086200000, 0x0000000086200000| Untracked 
|   3|0x0000000086300000, 0x0000000086300000, 0x0000000086400000|  0%| F|  |TAMS 0x0000000086300000, 0x0000000086300000| Untracked 
|   4|0x0000000086400000, 0x0000000086400000, 0x0000000086500000|  0%| F|  |TAMS 0x0000000086400000, 0x0000000086400000| Untracked 
|   5|0x0000000086500000, 0x0000000086500000, 0x0000000086600000|  0%| F|  |TAMS 0x0000000086500000, 0x0000000086500000| Untracked 
|   6|0x0000000086600000, 0x0000000086600000, 0x0000000086700000|  0%| F|  |TAMS 0x0000000086600000, 0x0000000086600000| Untracked 
|   7|0x0000000086700000, 0x0000000086700000, 0x0000000086800000|  0%| F|  |TAMS 0x0000000086700000, 0x0000000086700000| Untracked 
|   8|0x0000000086800000, 0x0000000086800000, 0x0000000086900000|  0%| F|  |TAMS 0x0000000086800000, 0x0000000086800000| Untracked 
|   9|0x0000000086900000, 0x0000000086900000, 0x0000000086a00000|  0%| F|  |TAMS 0x0000000086900000, 0x0000000086900000| Untracked 
|  10|0x0000000086a00000, 0x0000000086a00000, 0x0000000086b00000|  0%| F|  |TAMS 0x0000000086a00000, 0x0000000086a00000| Untracked 
|  11|0x0000000086b00000, 0x0000000086b00000, 0x0000000086c00000|  0%| F|  |TAMS 0x0000000086b00000, 0x0000000086b00000| Untracked 
|  12|0x0000000086c00000, 0x0000000086c00000, 0x0000000086d00000|  0%| F|  |TAMS 0x0000000086c00000, 0x0000000086c00000| Untracked 
|  13|0x0000000086d00000, 0x0000000086d00000, 0x0000000086e00000|  0%| F|  |TAMS 0x0000000086d00000, 0x0000000086d00000| Untracked 
|  14|0x0000000086e00000, 0x0000000086e00000, 0x0000000086f00000|  0%| F|  |TAMS 0x0000000086e00000, 0x0000000086e00000| Untracked 
|  15|0x0000000086f00000, 0x0000000086f00000, 0x0000000087000000|  0%| F|  |TAMS 0x0000000086f00000, 0x0000000086f00000| Untracked 
|  16|0x0000000087000000, 0x0000000087000000, 0x0000000087100000|  0%| F|  |TAMS 0x0000000087000000, 0x0000000087000000| Untracked 
|  17|0x0000000087100000, 0x0000000087100000, 0x0000000087200000|  0%| F|  |TAMS 0x0000000087100000, 0x0000000087100000| Untracked 
|  18|0x0000000087200000, 0x0000000087200000, 0x0000000087300000|  0%| F|  |TAMS 0x0000000087200000, 0x0000000087200000| Untracked 
|  19|0x0000000087300000, 0x0000000087300000, 0x0000000087400000|  0%| F|  |TAMS 0x0000000087300000, 0x0000000087300000| Untracked 
|  20|0x0000000087400000, 0x0000000087400000, 0x0000000087500000|  0%| F|  |TAMS 0x0000000087400000, 0x0000000087400000| Untracked 
|  21|0x0000000087500000, 0x0000000087500000, 0x0000000087600000|  0%| F|  |TAMS 0x0000000087500000, 0x0000000087500000| Untracked 
|  22|0x0000000087600000, 0x0000000087600000, 0x0000000087700000|  0%| F|  |TAMS 0x0000000087600000, 0x0000000087600000| Untracked 
|  23|0x0000000087700000, 0x0000000087700000, 0x0000000087800000|  0%| F|  |TAMS 0x0000000087700000, 0x0000000087700000| Untracked 
|  24|0x0000000087800000, 0x0000000087800000, 0x0000000087900000|  0%| F|  |TAMS 0x0000000087800000, 0x0000000087800000| Untracked 
|  25|0x0000000087900000, 0x0000000087900000, 0x0000000087a00000|  0%| F|  |TAMS 0x0000000087900000, 0x0000000087900000| Untracked 
|  26|0x0000000087a00000, 0x0000000087a00000, 0x0000000087b00000|  0%| F|  |TAMS 0x0000000087a00000, 0x0000000087a00000| Untracked 
|  27|0x0000000087b00000, 0x0000000087b00000, 0x0000000087c00000|  0%| F|  |TAMS 0x0000000087b00000, 0x0000000087b00000| Untracked 
|  28|0x0000000087c00000, 0x0000000087c00000, 0x0000000087d00000|  0%| F|  |TAMS 0x0000000087c00000, 0x0000000087c00000| Untracked 
|  29|0x0000000087d00000, 0x0000000087d00000, 0x0000000087e00000|  0%| F|  |TAMS 0x0000000087d00000, 0x0000000087d00000| Untracked 
|  30|0x0000000087e00000, 0x0000000087e00000, 0x0000000087f00000|  0%| F|  |TAMS 0x0000000087e00000, 0x0000000087e00000| Untracked 
|  31|0x0000000087f00000, 0x0000000087f00000, 0x0000000088000000|  0%| F|  |TAMS 0x0000000087f00000, 0x0000000087f00000| Untracked 
|  32|0x0000000088000000, 0x0000000088000000, 0x0000000088100000|  0%| F|  |TAMS 0x0000000088000000, 0x0000000088000000| Untracked 
|  33|0x0000000088100000, 0x0000000088100000, 0x0000000088200000|  0%| F|  |TAMS 0x0000000088100000, 0x0000000088100000| Untracked 
|  34|0x0000000088200000, 0x0000000088200000, 0x0000000088300000|  0%| F|  |TAMS 0x0000000088200000, 0x0000000088200000| Untracked 
|  35|0x0000000088300000, 0x0000000088300000, 0x0000000088400000|  0%| F|  |TAMS 0x0000000088300000, 0x0000000088300000| Untracked 
|  36|0x0000000088400000, 0x0000000088400000, 0x0000000088500000|  0%| F|  |TAMS 0x0000000088400000, 0x0000000088400000| Untracked 
|  37|0x0000000088500000, 0x0000000088500000, 0x0000000088600000|  0%| F|  |TAMS 0x0000000088500000, 0x0000000088500000| Untracked 
|  38|0x0000000088600000, 0x0000000088600000, 0x0000000088700000|  0%| F|  |TAMS 0x0000000088600000, 0x0000000088600000| Untracked 
|  39|0x0000000088700000, 0x0000000088700000, 0x0000000088800000|  0%| F|  |TAMS 0x0000000088700000, 0x0000000088700000| Untracked 
|  40|0x0000000088800000, 0x0000000088800000, 0x0000000088900000|  0%| F|  |TAMS 0x0000000088800000, 0x0000000088800000| Untracked 
|  41|0x0000000088900000, 0x0000000088900000, 0x0000000088a00000|  0%| F|  |TAMS 0x0000000088900000, 0x0000000088900000| Untracked 
|  42|0x0000000088a00000, 0x0000000088a00000, 0x0000000088b00000|  0%| F|  |TAMS 0x0000000088a00000, 0x0000000088a00000| Untracked 
|  43|0x0000000088b00000, 0x0000000088b00000, 0x0000000088c00000|  0%| F|  |TAMS 0x0000000088b00000, 0x0000000088b00000| Untracked 
|  44|0x0000000088c00000, 0x0000000088c00000, 0x0000000088d00000|  0%| F|  |TAMS 0x0000000088c00000, 0x0000000088c00000| Untracked 
|  45|0x0000000088d00000, 0x0000000088d00000, 0x0000000088e00000|  0%| F|  |TAMS 0x0000000088d00000, 0x0000000088d00000| Untracked 
|  46|0x0000000088e00000, 0x0000000088e00000, 0x0000000088f00000|  0%| F|  |TAMS 0x0000000088e00000, 0x0000000088e00000| Untracked 
|  47|0x0000000088f00000, 0x0000000088f00000, 0x0000000089000000|  0%| F|  |TAMS 0x0000000088f00000, 0x0000000088f00000| Untracked 
|  48|0x0000000089000000, 0x0000000089000000, 0x0000000089100000|  0%| F|  |TAMS 0x0000000089000000, 0x0000000089000000| Untracked 
|  49|0x0000000089100000, 0x0000000089100000, 0x0000000089200000|  0%| F|  |TAMS 0x0000000089100000, 0x0000000089100000| Untracked 
|  50|0x0000000089200000, 0x0000000089200000, 0x0000000089300000|  0%| F|  |TAMS 0x0000000089200000, 0x0000000089200000| Untracked 
|  51|0x0000000089300000, 0x0000000089300000, 0x0000000089400000|  0%| F|  |TAMS 0x0000000089300000, 0x0000000089300000| Untracked 
|  52|0x0000000089400000, 0x0000000089400000, 0x0000000089500000|  0%| F|  |TAMS 0x0000000089400000, 0x0000000089400000| Untracked 
|  53|0x0000000089500000, 0x0000000089500000, 0x0000000089600000|  0%| F|  |TAMS 0x0000000089500000, 0x0000000089500000| Untracked 
|  54|0x0000000089600000, 0x0000000089600000, 0x0000000089700000|  0%| F|  |TAMS 0x0000000089600000, 0x0000000089600000| Untracked 
|  55|0x0000000089700000, 0x0000000089700000, 0x0000000089800000|  0%| F|  |TAMS 0x0000000089700000, 0x0000000089700000| Untracked 
|  56|0x0000000089800000, 0x0000000089800000, 0x0000000089900000|  0%| F|  |TAMS 0x0000000089800000, 0x0000000089800000| Untracked 
|  57|0x0000000089900000, 0x0000000089900000, 0x0000000089a00000|  0%| F|  |TAMS 0x0000000089900000, 0x0000000089900000| Untracked 
|  58|0x0000000089a00000, 0x0000000089a00000, 0x0000000089b00000|  0%| F|  |TAMS 0x0000000089a00000, 0x0000000089a00000| Untracked 
|  59|0x0000000089b00000, 0x0000000089b00000, 0x0000000089c00000|  0%| F|  |TAMS 0x0000000089b00000, 0x0000000089b00000| Untracked 
|  60|0x0000000089c00000, 0x0000000089c00000, 0x0000000089d00000|  0%| F|  |TAMS 0x0000000089c00000, 0x0000000089c00000| Untracked 
|  61|0x0000000089d00000, 0x0000000089d00000, 0x0000000089e00000|  0%| F|  |TAMS 0x0000000089d00000, 0x0000000089d00000| Untracked 
|  62|0x0000000089e00000, 0x0000000089e00000, 0x0000000089f00000|  0%| F|  |TAMS 0x0000000089e00000, 0x0000000089e00000| Untracked 
|  63|0x0000000089f00000, 0x0000000089f00000, 0x000000008a000000|  0%| F|  |TAMS 0x0000000089f00000, 0x0000000089f00000| Untracked 
|  64|0x000000008a000000, 0x000000008a000000, 0x000000008a100000|  0%| F|  |TAMS 0x000000008a000000, 0x000000008a000000| Untracked 
|  65|0x000000008a100000, 0x000000008a100000, 0x000000008a200000|  0%| F|  |TAMS 0x000000008a100000, 0x000000008a100000| Untracked 
|  66|0x000000008a200000, 0x000000008a200000, 0x000000008a300000|  0%| F|  |TAMS 0x000000008a200000, 0x000000008a200000| Untracked 
|  67|0x000000008a300000, 0x000000008a300000, 0x000000008a400000|  0%| F|  |TAMS 0x000000008a300000, 0x000000008a300000| Untracked 
|  68|0x000000008a400000, 0x000000008a400000, 0x000000008a500000|  0%| F|  |TAMS 0x000000008a400000, 0x000000008a400000| Untracked 
|  69|0x000000008a500000, 0x000000008a500000, 0x000000008a600000|  0%| F|  |TAMS 0x000000008a500000, 0x000000008a500000| Untracked 
|  70|0x000000008a600000, 0x000000008a600000, 0x000000008a700000|  0%| F|  |TAMS 0x000000008a600000, 0x000000008a600000| Untracked 
|  71|0x000000008a700000, 0x000000008a700000, 0x000000008a800000|  0%| F|  |TAMS 0x000000008a700000, 0x000000008a700000| Untracked 
|  72|0x000000008a800000, 0x000000008a800000, 0x000000008a900000|  0%| F|  |TAMS 0x000000008a800000, 0x000000008a800000| Untracked 
|  73|0x000000008a900000, 0x000000008a900000, 0x000000008aa00000|  0%| F|  |TAMS 0x000000008a900000, 0x000000008a900000| Untracked 
|  74|0x000000008aa00000, 0x000000008aa00000, 0x000000008ab00000|  0%| F|  |TAMS 0x000000008aa00000, 0x000000008aa00000| Untracked 
|  75|0x000000008ab00000, 0x000000008ab00000, 0x000000008ac00000|  0%| F|  |TAMS 0x000000008ab00000, 0x000000008ab00000| Untracked 
|  76|0x000000008ac00000, 0x000000008ac00000, 0x000000008ad00000|  0%| F|  |TAMS 0x000000008ac00000, 0x000000008ac00000| Untracked 
|  77|0x000000008ad00000, 0x000000008ad00000, 0x000000008ae00000|  0%| F|  |TAMS 0x000000008ad00000, 0x000000008ad00000| Untracked 
|  78|0x000000008ae00000, 0x000000008ae00000, 0x000000008af00000|  0%| F|  |TAMS 0x000000008ae00000, 0x000000008ae00000| Untracked 
|  79|0x000000008af00000, 0x000000008af00000, 0x000000008b000000|  0%| F|  |TAMS 0x000000008af00000, 0x000000008af00000| Untracked 
|  80|0x000000008b000000, 0x000000008b000000, 0x000000008b100000|  0%| F|  |TAMS 0x000000008b000000, 0x000000008b000000| Untracked 
|  81|0x000000008b100000, 0x000000008b100000, 0x000000008b200000|  0%| F|  |TAMS 0x000000008b100000, 0x000000008b100000| Untracked 
|  82|0x000000008b200000, 0x000000008b200000, 0x000000008b300000|  0%| F|  |TAMS 0x000000008b200000, 0x000000008b200000| Untracked 
|  83|0x000000008b300000, 0x000000008b300000, 0x000000008b400000|  0%| F|  |TAMS 0x000000008b300000, 0x000000008b300000| Untracked 
|  84|0x000000008b400000, 0x000000008b400000, 0x000000008b500000|  0%| F|  |TAMS 0x000000008b400000, 0x000000008b400000| Untracked 
|  85|0x000000008b500000, 0x000000008b500000, 0x000000008b600000|  0%| F|  |TAMS 0x000000008b500000, 0x000000008b500000| Untracked 
|  86|0x000000008b600000, 0x000000008b600000, 0x000000008b700000|  0%| F|  |TAMS 0x000000008b600000, 0x000000008b600000| Untracked 
|  87|0x000000008b700000, 0x000000008b700000, 0x000000008b800000|  0%| F|  |TAMS 0x000000008b700000, 0x000000008b700000| Untracked 
|  88|0x000000008b800000, 0x000000008b800000, 0x000000008b900000|  0%| F|  |TAMS 0x000000008b800000, 0x000000008b800000| Untracked 
|  89|0x000000008b900000, 0x000000008b900000, 0x000000008ba00000|  0%| F|  |TAMS 0x000000008b900000, 0x000000008b900000| Untracked 
|  90|0x000000008ba00000, 0x000000008ba00000, 0x000000008bb00000|  0%| F|  |TAMS 0x000000008ba00000, 0x000000008ba00000| Untracked 
|  91|0x000000008bb00000, 0x000000008bb00000, 0x000000008bc00000|  0%| F|  |TAMS 0x000000008bb00000, 0x000000008bb00000| Untracked 
|  92|0x000000008bc00000, 0x000000008bc00000, 0x000000008bd00000|  0%| F|  |TAMS 0x000000008bc00000, 0x000000008bc00000| Untracked 
|  93|0x000000008bd00000, 0x000000008bd00000, 0x000000008be00000|  0%| F|  |TAMS 0x000000008bd00000, 0x000000008bd00000| Untracked 
|  94|0x000000008be00000, 0x000000008be00000, 0x000000008bf00000|  0%| F|  |TAMS 0x000000008be00000, 0x000000008be00000| Untracked 
|  95|0x000000008bf00000, 0x000000008bf00000, 0x000000008c000000|  0%| F|  |TAMS 0x000000008bf00000, 0x000000008bf00000| Untracked 
|  96|0x000000008c000000, 0x000000008c000000, 0x000000008c100000|  0%| F|  |TAMS 0x000000008c000000, 0x000000008c000000| Untracked 
|  97|0x000000008c100000, 0x000000008c100000, 0x000000008c200000|  0%| F|  |TAMS 0x000000008c100000, 0x000000008c100000| Untracked 
|  98|0x000000008c200000, 0x000000008c200000, 0x000000008c300000|  0%| F|  |TAMS 0x000000008c200000, 0x000000008c200000| Untracked 
|  99|0x000000008c300000, 0x000000008c300000, 0x000000008c400000|  0%| F|  |TAMS 0x000000008c300000, 0x000000008c300000| Untracked 
| 100|0x000000008c400000, 0x000000008c400000, 0x000000008c500000|  0%| F|  |TAMS 0x000000008c400000, 0x000000008c400000| Untracked 
| 101|0x000000008c500000, 0x000000008c500000, 0x000000008c600000|  0%| F|  |TAMS 0x000000008c500000, 0x000000008c500000| Untracked 
| 102|0x000000008c600000, 0x000000008c600000, 0x000000008c700000|  0%| F|  |TAMS 0x000000008c600000, 0x000000008c600000| Untracked 
| 103|0x000000008c700000, 0x000000008c700000, 0x000000008c800000|  0%| F|  |TAMS 0x000000008c700000, 0x000000008c700000| Untracked 
| 104|0x000000008c800000, 0x000000008c800000, 0x000000008c900000|  0%| F|  |TAMS 0x000000008c800000, 0x000000008c800000| Untracked 
| 105|0x000000008c900000, 0x000000008c900000, 0x000000008ca00000|  0%| F|  |TAMS 0x000000008c900000, 0x000000008c900000| Untracked 
| 106|0x000000008ca00000, 0x000000008ca00000, 0x000000008cb00000|  0%| F|  |TAMS 0x000000008ca00000, 0x000000008ca00000| Untracked 
| 107|0x000000008cb00000, 0x000000008cb00000, 0x000000008cc00000|  0%| F|  |TAMS 0x000000008cb00000, 0x000000008cb00000| Untracked 
| 108|0x000000008cc00000, 0x000000008cc00000, 0x000000008cd00000|  0%| F|  |TAMS 0x000000008cc00000, 0x000000008cc00000| Untracked 
| 109|0x000000008cd00000, 0x000000008cd00000, 0x000000008ce00000|  0%| F|  |TAMS 0x000000008cd00000, 0x000000008cd00000| Untracked 
| 110|0x000000008ce00000, 0x000000008cf00000, 0x000000008cf00000|100%| E|  |TAMS 0x000000008ce00000, 0x000000008ce00000| Complete 
| 111|0x000000008cf00000, 0x000000008d000000, 0x000000008d000000|100%| E|CS|TAMS 0x000000008cf00000, 0x000000008cf00000| Complete 
| 112|0x000000008d000000, 0x000000008d100000, 0x000000008d100000|100%| E|CS|TAMS 0x000000008d000000, 0x000000008d000000| Complete 
| 113|0x000000008d100000, 0x000000008d200000, 0x000000008d200000|100%| E|CS|TAMS 0x000000008d100000, 0x000000008d100000| Complete 
| 114|0x000000008d200000, 0x000000008d300000, 0x000000008d300000|100%| E|CS|TAMS 0x000000008d200000, 0x000000008d200000| Complete 
| 115|0x000000008d300000, 0x000000008d400000, 0x000000008d400000|100%| E|  |TAMS 0x000000008d300000, 0x000000008d300000| Complete 
| 116|0x000000008d400000, 0x000000008d500000, 0x000000008d500000|100%| E|CS|TAMS 0x000000008d400000, 0x000000008d400000| Complete 
| 117|0x000000008d500000, 0x000000008d600000, 0x000000008d600000|100%| E|CS|TAMS 0x000000008d500000, 0x000000008d500000| Complete 
| 118|0x000000008d600000, 0x000000008d700000, 0x000000008d700000|100%| E|CS|TAMS 0x000000008d600000, 0x000000008d600000| Complete 
| 119|0x000000008d700000, 0x000000008d800000, 0x000000008d800000|100%| E|CS|TAMS 0x000000008d700000, 0x000000008d700000| Complete 
| 120|0x000000008d800000, 0x000000008d900000, 0x000000008d900000|100%| E|CS|TAMS 0x000000008d800000, 0x000000008d800000| Complete 
| 121|0x000000008d900000, 0x000000008da00000, 0x000000008da00000|100%| E|CS|TAMS 0x000000008d900000, 0x000000008d900000| Complete 
|1950|0x00000000ffe00000, 0x00000000ffe48000, 0x00000000fff00000| 28%|OA|  |TAMS 0x00000000ffe00000, 0x00000000ffe00000| Untracked 
|1951|0x00000000fff00000, 0x00000000fff6c000, 0x0000000100000000| 42%|CA|  |TAMS 0x00000000fff00000, 0x00000000fff00000| Untracked 

Card table byte_map: [0x00007f5063159000,0x00007f5063529000] _byte_map_base: 0x00007f5062d29000

Marking Bits (Prev, Next): (CMBitMap*) 0x00007f5080059478, (CMBitMap*) 0x00007f50800594b0
 Prev Bits: [0x00007f5060f09000, 0x00007f5062d89000)
 Next Bits: [0x00007f505f089000, 0x00007f5060f09000)

Polling page: 0x00007f5085e7c000

Metaspace:

Usage:
  Non-class:      5.76 MB capacity,     3.30 MB ( 57%) used,     2.45 MB ( 43%) free+waste,     5.62 KB ( <1%) overhead. 
      Class:    681.00 KB capacity,   395.22 KB ( 58%) used,   282.91 KB ( 42%) free+waste,     2.88 KB ( <1%) overhead. 
       Both:      6.42 MB capacity,     3.69 MB ( 57%) used,     2.73 MB ( 42%) free+waste,     8.50 KB ( <1%) overhead. 

Virtual space:
  Non-class space:        8.00 MB reserved,       6.00 MB ( 75%) committed 
      Class space:        1.00 GB reserved,     768.00 KB ( <1%) committed 
             Both:        1.01 GB reserved,       6.75 MB ( <1%) committed 

Chunk freelists:
   Non-Class:  6.00 KB
       Class:  0 bytes
        Both:  6.00 KB

MaxMetaspaceSize: unlimited
CompressedClassSpaceSize: 1.00 GB
Initial GC threshold: 20.80 MB
Current GC threshold: 20.80 MB
CDS: on

CodeHeap 'non-profiled nmethods': size=119172Kb used=224Kb max_used=224Kb free=118947Kb
 bounds [0x00007f507035e000, 0x00007f50705ce000, 0x00007f50777bf000]
CodeHeap 'profiled nmethods': size=119168Kb used=1758Kb max_used=1758Kb free=117409Kb
 bounds [0x00007f5068efe000, 0x00007f506916e000, 0x00007f507035e000]
CodeHeap 'non-nmethods': size=7420Kb used=1204Kb max_used=2341Kb free=6216Kb
 bounds [0x00007f50687bf000, 0x00007f5068a2f000, 0x00007f5068efe000]
 total_blobs=1277 nmethods=879 adapters=320
 compilation: enabled
              stopped_count=0, restarted_count=0
 full_count=0

Compilation events (20 events):
Event: 1.365 Thread 0x00007f5028097000 nmethod 858 0x00007f50690af090 code [0x00007f50690af420, 0x00007f50690b0cb0]
Event: 1.365 Thread 0x00007f502c09e000 nmethod 861 0x00007f50690b1710 code [0x00007f50690b1a80, 0x00007f50690b32d0]
Event: 1.368 Thread 0x00007f508014e000  870       3       java.util.regex.Pattern::has (15 bytes)
Event: 1.369 Thread 0x00007f502c09e000  871       3       java.lang.Character::getType (9 bytes)
Event: 1.369 Thread 0x00007f5028097000  872       3       java.lang.CharacterDataLatin1::getType (11 bytes)
Event: 1.369 Thread 0x00007f508014e000 nmethod 870 0x00007f50690b3a90 code [0x00007f50690b3c40, 0x00007f50690b3db0]
Event: 1.369 Thread 0x00007f502c09e000 nmethod 871 0x00007f50690b3e10 code [0x00007f50690b3fe0, 0x00007f50690b41d0]
Event: 1.369 Thread 0x00007f5028097000 nmethod 872 0x00007f50690b4290 code [0x00007f50690b4440, 0x00007f50690b4610]
Event: 1.369 Thread 0x00007f502c09e000  873       3       java.lang.Character::charCount (12 bytes)
Event: 1.369 Thread 0x00007f502c09e000 nmethod 873 0x00007f50690b4710 code [0x00007f50690b48c0, 0x00007f50690b49f0]
Event: 3.115 Thread 0x00007f508014e000  876       3       java.util.HashMap$EntryIterator::next (5 bytes)
Event: 3.115 Thread 0x00007f5028097000  878       3       org.bytedeco.javacpp.Pointer::hashCode (6 bytes)
Event: 3.115 Thread 0x00007f502c09e000  877       3       java.util.HashMap$EntryIterator::next (5 bytes)
Event: 3.115 Thread 0x00007f5028097000 nmethod 878 0x00007f50690b4a90 code [0x00007f50690b4c40, 0x00007f50690b4d50]
Event: 3.115 Thread 0x00007f502c09e000 nmethod 877 0x00007f50690b4e10 code [0x00007f50690b4fc0, 0x00007f50690b5100]
Event: 3.115 Thread 0x00007f508014e000 nmethod 876 0x00007f50690b5190 code [0x00007f50690b5360, 0x00007f50690b5500]
Event: 3.115 Thread 0x00007f502c09e000  875       1       java.util.HashMap::size (5 bytes)
Event: 3.115 Thread 0x00007f502c09e000 nmethod 875 0x00007f5070395f90 code [0x00007f5070396140, 0x00007f5070396210]
Event: 4.405 Thread 0x00007f5028097000  879       3       java.lang.Integer::numberOfLeadingZeros (78 bytes)
Event: 4.405 Thread 0x00007f5028097000 nmethod 879 0x00007f50690b5610 code [0x00007f50690b57c0, 0x00007f50690b5a50]

GC Heap History (0 events):
No events

Deoptimization events (20 events):
Event: 1.028 Thread 0x00007f5080016800 DEOPT PACKING pc=0x00007f507036e95c sp=0x00007f5084607cf0
Event: 1.028 Thread 0x00007f5080016800 DEOPT UNPACKING pc=0x00007f5068808ea5 sp=0x00007f5084607c80 mode 2
Event: 1.088 Thread 0x00007f5080016800 DEOPT PACKING pc=0x00007f5068f5cdfe sp=0x00007f50846086d0
Event: 1.088 Thread 0x00007f5080016800 DEOPT UNPACKING pc=0x00007f506880964a sp=0x00007f5084607b58 mode 0
Event: 1.093 Thread 0x00007f5080016800 DEOPT PACKING pc=0x00007f5068f88df4 sp=0x00007f50846087d0
Event: 1.093 Thread 0x00007f5080016800 DEOPT UNPACKING pc=0x00007f506880964a sp=0x00007f5084607d38 mode 1
Event: 1.095 Thread 0x00007f5080016800 DEOPT PACKING pc=0x00007f5068f88df4 sp=0x00007f50846087d0
Event: 1.095 Thread 0x00007f5080016800 DEOPT UNPACKING pc=0x00007f506880964a sp=0x00007f5084607d38 mode 1
Event: 1.100 Thread 0x00007f5080016800 Uncommon trap: trap_request=0xffffff4d fr.pc=0x00007f50703823dc relative=0x000000000000019c
Event: 1.100 Thread 0x00007f5080016800 Uncommon trap: reason=unstable_if action=reinterpret pc=0x00007f50703823dc method=java.util.zip.ZipFile$Source.isMetaName([BII)Z @ 57 c2
Event: 1.100 Thread 0x00007f5080016800 DEOPT PACKING pc=0x00007f50703823dc sp=0x00007f50846051d0
Event: 1.100 Thread 0x00007f5080016800 DEOPT UNPACKING pc=0x00007f5068808ea5 sp=0x00007f5084605198 mode 2
Event: 1.117 Thread 0x00007f5080016800 DEOPT PACKING pc=0x00007f5068fdfd0a sp=0x00007f5084608460
Event: 1.117 Thread 0x00007f5080016800 DEOPT UNPACKING pc=0x00007f506880964a sp=0x00007f5084607908 mode 0
Event: 1.265 Thread 0x00007f5080016800 DEOPT PACKING pc=0x00007f5068f37ee2 sp=0x00007f5084606ce0
Event: 1.265 Thread 0x00007f5080016800 DEOPT UNPACKING pc=0x00007f506880964a sp=0x00007f50846061f0 mode 0
Event: 1.351 Thread 0x00007f5080016800 Uncommon trap: trap_request=0xffffff76 fr.pc=0x00007f50703683e8 relative=0x0000000000000148
Event: 1.351 Thread 0x00007f5080016800 Uncommon trap: reason=loop_limit_check action=maybe_recompile pc=0x00007f50703683e8 method=java.lang.StringLatin1.lastIndexOf([BII)I @ 19 c2
Event: 1.351 Thread 0x00007f5080016800 DEOPT PACKING pc=0x00007f50703683e8 sp=0x00007f5084609260
Event: 1.351 Thread 0x00007f5080016800 DEOPT UNPACKING pc=0x00007f5068808ea5 sp=0x00007f5084609210 mode 2

Classes redefined (0 events):
No events

Internal exceptions (20 events):
Event: 1.095 Thread 0x00007f5080016800 Exception <a 'java/security/PrivilegedActionException'{0x000000008d3bb0f0}> (0x000000008d3bb0f0) thrown at [./src/hotspot/share/prims/jvm.cpp, line 1304]
Event: 1.095 Thread 0x00007f5080016800 Exception <a 'java/security/PrivilegedActionException'{0x000000008d3bb3c0}> (0x000000008d3bb3c0) thrown at [./src/hotspot/share/prims/jvm.cpp, line 1304]
Event: 1.095 Thread 0x00007f5080016800 Exception <a 'java/security/PrivilegedActionException'{0x000000008d3bbdd0}> (0x000000008d3bbdd0) thrown at [./src/hotspot/share/prims/jvm.cpp, line 1304]
Event: 1.095 Thread 0x00007f5080016800 Exception <a 'java/security/PrivilegedActionException'{0x000000008d3bc0a0}> (0x000000008d3bc0a0) thrown at [./src/hotspot/share/prims/jvm.cpp, line 1304]
Event: 1.095 Thread 0x00007f5080016800 Exception <a 'java/security/PrivilegedActionException'{0x000000008d3bcad0}> (0x000000008d3bcad0) thrown at [./src/hotspot/share/prims/jvm.cpp, line 1304]
Event: 1.095 Thread 0x00007f5080016800 Exception <a 'java/security/PrivilegedActionException'{0x000000008d3bcda0}> (0x000000008d3bcda0) thrown at [./src/hotspot/share/prims/jvm.cpp, line 1304]
Event: 1.095 Thread 0x00007f5080016800 Exception <a 'java/security/PrivilegedActionException'{0x000000008d3bd7b8}> (0x000000008d3bd7b8) thrown at [./src/hotspot/share/prims/jvm.cpp, line 1304]
Event: 1.095 Thread 0x00007f5080016800 Exception <a 'java/security/PrivilegedActionException'{0x000000008d3bda88}> (0x000000008d3bda88) thrown at [./src/hotspot/share/prims/jvm.cpp, line 1304]
Event: 1.095 Thread 0x00007f5080016800 Exception <a 'java/security/PrivilegedActionException'{0x000000008d3be4a0}> (0x000000008d3be4a0) thrown at [./src/hotspot/share/prims/jvm.cpp, line 1304]
Event: 1.095 Thread 0x00007f5080016800 Exception <a 'java/security/PrivilegedActionException'{0x000000008d3be770}> (0x000000008d3be770) thrown at [./src/hotspot/share/prims/jvm.cpp, line 1304]
Event: 1.095 Thread 0x00007f5080016800 Exception <a 'java/security/PrivilegedActionException'{0x000000008d3bf1a8}> (0x000000008d3bf1a8) thrown at [./src/hotspot/share/prims/jvm.cpp, line 1304]
Event: 1.095 Thread 0x00007f5080016800 Exception <a 'java/security/PrivilegedActionException'{0x000000008d3bf478}> (0x000000008d3bf478) thrown at [./src/hotspot/share/prims/jvm.cpp, line 1304]
Event: 1.095 Thread 0x00007f5080016800 Exception <a 'java/security/PrivilegedActionException'{0x000000008d3bfea8}> (0x000000008d3bfea8) thrown at [./src/hotspot/share/prims/jvm.cpp, line 1304]
Event: 1.095 Thread 0x00007f5080016800 Exception <a 'java/security/PrivilegedActionException'{0x000000008d3c0178}> (0x000000008d3c0178) thrown at [./src/hotspot/share/prims/jvm.cpp, line 1304]
Event: 1.095 Thread 0x00007f5080016800 Exception <a 'java/security/PrivilegedActionException'{0x000000008d3c0bb0}> (0x000000008d3c0bb0) thrown at [./src/hotspot/share/prims/jvm.cpp, line 1304]
Event: 1.095 Thread 0x00007f5080016800 Exception <a 'java/security/PrivilegedActionException'{0x000000008d3c0e80}> (0x000000008d3c0e80) thrown at [./src/hotspot/share/prims/jvm.cpp, line 1304]
Event: 1.095 Thread 0x00007f5080016800 Exception <a 'java/security/PrivilegedActionException'{0x000000008d3c1898}> (0x000000008d3c1898) thrown at [./src/hotspot/share/prims/jvm.cpp, line 1304]
Event: 1.095 Thread 0x00007f5080016800 Exception <a 'java/security/PrivilegedActionException'{0x000000008d3c1b68}> (0x000000008d3c1b68) thrown at [./src/hotspot/share/prims/jvm.cpp, line 1304]
Event: 1.095 Thread 0x00007f5080016800 Exception <a 'java/security/PrivilegedActionException'{0x000000008d3c25b8}> (0x000000008d3c25b8) thrown at [./src/hotspot/share/prims/jvm.cpp, line 1304]
Event: 1.095 Thread 0x00007f5080016800 Exception <a 'java/security/PrivilegedActionException'{0x000000008d3c2888}> (0x000000008d3c2888) thrown at [./src/hotspot/share/prims/jvm.cpp, line 1304]

Events (20 events):
Event: 74.390 Executing VM operation: ChangeBreakpoints
Event: 74.390 Executing VM operation: ChangeBreakpoints done
Event: 74.391 Executing VM operation: ChangeBreakpoints
Event: 74.391 Executing VM operation: ChangeBreakpoints done
Event: 74.391 Executing VM operation: ChangeBreakpoints
Event: 74.391 Executing VM operation: ChangeBreakpoints done
Event: 74.391 Executing VM operation: ChangeBreakpoints
Event: 74.391 Executing VM operation: ChangeBreakpoints done
Event: 74.391 Executing VM operation: ChangeBreakpoints
Event: 74.391 Executing VM operation: ChangeBreakpoints done
Event: 74.391 Executing VM operation: ChangeBreakpoints
Event: 74.392 Executing VM operation: ChangeBreakpoints done
Event: 74.392 Executing VM operation: ChangeBreakpoints
Event: 74.392 Executing VM operation: ChangeBreakpoints done
Event: 74.392 Thread 0x00007f501c001800 Thread exited: 0x00007f501c001800
Event: 74.393 Thread 0x00007f501c001800 Thread added: 0x00007f501c001800
Event: 74.393 Protecting memory [0x00007f50567fb000,0x00007f50567ff000] with protection modes 0
Event: 74.393 Thread 0x00007f5080194800 Thread exited: 0x00007f5080194800
Event: 74.396 loading class jdk/internal/misc/Signal$1
Event: 74.396 loading class jdk/internal/misc/Signal$1 done


Dynamic libraries:
86000000-8da00000 rw-p 00000000 00:00 0 
8da00000-ffe00000 ---p 00000000 00:00 0 
ffe00000-ffe48000 rw-p 00b14000 08:20 29394                              /usr/lib/jvm/java-11-openjdk-amd64/lib/server/classes.jsa
ffe48000-fff00000 rw-p 00000000 00:00 0 
fff00000-fff6c000 rw-p 00aa8000 08:20 29394                              /usr/lib/jvm/java-11-openjdk-amd64/lib/server/classes.jsa
fff6c000-100000000 rw-p 00000000 00:00 0 
800000000-800002000 rwxp 00001000 08:20 29394                            /usr/lib/jvm/java-11-openjdk-amd64/lib/server/classes.jsa
800002000-800aa7000 rw-p 00003000 08:20 29394                            /usr/lib/jvm/java-11-openjdk-amd64/lib/server/classes.jsa
840000000-8400c0000 rw-p 00000000 00:00 0 
8400c0000-880000000 ---p 00000000 00:00 0 
55d8ef321000-55d8ef322000 r--p 00000000 08:20 58380                      /usr/lib/jvm/java-11-openjdk-amd64/bin/java
55d8ef322000-55d8ef323000 r-xp 00001000 08:20 58380                      /usr/lib/jvm/java-11-openjdk-amd64/bin/java
55d8ef323000-55d8ef324000 r--p 00002000 08:20 58380                      /usr/lib/jvm/java-11-openjdk-amd64/bin/java
55d8ef324000-55d8ef325000 r--p 00002000 08:20 58380                      /usr/lib/jvm/java-11-openjdk-amd64/bin/java
55d8ef325000-55d8ef326000 rw-p 00003000 08:20 58380                      /usr/lib/jvm/java-11-openjdk-amd64/bin/java
55d8f1045000-55d8f1066000 rw-p 00000000 00:00 0                          [heap]
7f4ffd52c000-7f4ffde52000 r--p 00000000 08:20 227212                     /home/itshandable/.javacpp/cache/llvm-13.0.1-1.5.7-linux-x86_64.jar/org/bytedeco/llvm/linux-x86_64/libLLVM-13.so
7f4ffde52000-7f5001815000 r-xp 00926000 08:20 227212                     /home/itshandable/.javacpp/cache/llvm-13.0.1-1.5.7-linux-x86_64.jar/org/bytedeco/llvm/linux-x86_64/libLLVM-13.so
7f5001815000-7f5003a6a000 r--p 042e9000 08:20 227212                     /home/itshandable/.javacpp/cache/llvm-13.0.1-1.5.7-linux-x86_64.jar/org/bytedeco/llvm/linux-x86_64/libLLVM-13.so
7f5003a6a000-7f5003f7f000 r--p 0653d000 08:20 227212                     /home/itshandable/.javacpp/cache/llvm-13.0.1-1.5.7-linux-x86_64.jar/org/bytedeco/llvm/linux-x86_64/libLLVM-13.so
7f5003f7f000-7f5003f8a000 rw-p 06a52000 08:20 227212                     /home/itshandable/.javacpp/cache/llvm-13.0.1-1.5.7-linux-x86_64.jar/org/bytedeco/llvm/linux-x86_64/libLLVM-13.so
7f5003f8a000-7f5004000000 rw-p 00000000 00:00 0 
7f5004000000-7f500404c000 rw-p 00000000 00:00 0 
7f500404c000-7f5008000000 ---p 00000000 00:00 0 
7f5008000000-7f5008021000 rw-p 00000000 00:00 0 
7f5008021000-7f500c000000 ---p 00000000 00:00 0 
7f500c000000-7f500c021000 rw-p 00000000 00:00 0 
7f500c021000-7f5010000000 ---p 00000000 00:00 0 
7f5010000000-7f5010021000 rw-p 00000000 00:00 0 
7f5010021000-7f5014000000 ---p 00000000 00:00 0 
7f5014000000-7f5014021000 rw-p 00000000 00:00 0 
7f5014021000-7f5018000000 ---p 00000000 00:00 0 
7f5018000000-7f5018021000 rw-p 00000000 00:00 0 
7f5018021000-7f501c000000 ---p 00000000 00:00 0 
7f501c000000-7f501c05d000 rw-p 00000000 00:00 0 
7f501c05d000-7f5020000000 ---p 00000000 00:00 0 
7f5020000000-7f5020021000 rw-p 00000000 00:00 0 
7f5020021000-7f5024000000 ---p 00000000 00:00 0 
7f5024000000-7f5024021000 rw-p 00000000 00:00 0 
7f5024021000-7f5028000000 ---p 00000000 00:00 0 
7f5028000000-7f502809f000 rw-p 00000000 00:00 0 
7f502809f000-7f502c000000 ---p 00000000 00:00 0 
7f502c000000-7f502c123000 rw-p 00000000 00:00 0 
7f502c123000-7f5030000000 ---p 00000000 00:00 0 
7f5030000000-7f5030519000 rw-p 00000000 00:00 0 
7f5030519000-7f5034000000 ---p 00000000 00:00 0 
7f5034000000-7f5034021000 rw-p 00000000 00:00 0 
7f5034021000-7f5038000000 ---p 00000000 00:00 0 
7f5038000000-7f5038021000 rw-p 00000000 00:00 0 
7f5038021000-7f503c000000 ---p 00000000 00:00 0 
7f503c000000-7f503c021000 rw-p 00000000 00:00 0 
7f503c021000-7f5040000000 ---p 00000000 00:00 0 
7f5040000000-7f5040021000 rw-p 00000000 00:00 0 
7f5040021000-7f5044000000 ---p 00000000 00:00 0 
7f5044000000-7f5044021000 rw-p 00000000 00:00 0 
7f5044021000-7f5048000000 ---p 00000000 00:00 0 
7f5048000000-7f5048021000 rw-p 00000000 00:00 0 
7f5048021000-7f504c000000 ---p 00000000 00:00 0 
7f504c000000-7f504c021000 rw-p 00000000 00:00 0 
7f504c021000-7f5050000000 ---p 00000000 00:00 0 
7f5050000000-7f5050021000 rw-p 00000000 00:00 0 
7f5050021000-7f5054000000 ---p 00000000 00:00 0 
7f50561dc000-7f5056241000 r--p 00000000 08:20 227234                     /home/itshandable/.javacpp/cache/llvm-13.0.1-1.5.7-linux-x86_64.jar/org/bytedeco/llvm/linux-x86_64/libjniLLVM.so
7f5056241000-7f50562af000 r-xp 00065000 08:20 227234                     /home/itshandable/.javacpp/cache/llvm-13.0.1-1.5.7-linux-x86_64.jar/org/bytedeco/llvm/linux-x86_64/libjniLLVM.so
7f50562af000-7f50562da000 r--p 000d3000 08:20 227234                     /home/itshandable/.javacpp/cache/llvm-13.0.1-1.5.7-linux-x86_64.jar/org/bytedeco/llvm/linux-x86_64/libjniLLVM.so
7f50562da000-7f50562dd000 r--p 000fd000 08:20 227234                     /home/itshandable/.javacpp/cache/llvm-13.0.1-1.5.7-linux-x86_64.jar/org/bytedeco/llvm/linux-x86_64/libjniLLVM.so
7f50562dd000-7f50562e0000 rw-p 00100000 08:20 227234                     /home/itshandable/.javacpp/cache/llvm-13.0.1-1.5.7-linux-x86_64.jar/org/bytedeco/llvm/linux-x86_64/libjniLLVM.so
7f50562e0000-7f50562e2000 rw-p 00000000 00:00 0 
7f50562e2000-7f50562e3000 r--p 00000000 08:20 227228                     /home/itshandable/.javacpp/cache/llvm-13.0.1-1.5.7-linux-x86_64.jar/org/bytedeco/llvm/linux-x86_64/libRemarks.so.13
7f50562e3000-7f50562e4000 r-xp 00001000 08:20 227228                     /home/itshandable/.javacpp/cache/llvm-13.0.1-1.5.7-linux-x86_64.jar/org/bytedeco/llvm/linux-x86_64/libRemarks.so.13
7f50562e4000-7f50562e5000 r--p 00002000 08:20 227228                     /home/itshandable/.javacpp/cache/llvm-13.0.1-1.5.7-linux-x86_64.jar/org/bytedeco/llvm/linux-x86_64/libRemarks.so.13
7f50562e5000-7f50562e6000 r--p 00002000 08:20 227228                     /home/itshandable/.javacpp/cache/llvm-13.0.1-1.5.7-linux-x86_64.jar/org/bytedeco/llvm/linux-x86_64/libRemarks.so.13
7f50562e6000-7f50562e7000 rw-p 00003000 08:20 227228                     /home/itshandable/.javacpp/cache/llvm-13.0.1-1.5.7-linux-x86_64.jar/org/bytedeco/llvm/linux-x86_64/libRemarks.so.13
7f50562e7000-7f50562ee000 r--p 00000000 08:20 227217                     /home/itshandable/.javacpp/cache/llvm-13.0.1-1.5.7-linux-x86_64.jar/org/bytedeco/llvm/linux-x86_64/libLTO.so.13
7f50562ee000-7f50562f6000 r-xp 00007000 08:20 227217                     /home/itshandable/.javacpp/cache/llvm-13.0.1-1.5.7-linux-x86_64.jar/org/bytedeco/llvm/linux-x86_64/libLTO.so.13
7f50562f6000-7f50562f8000 r--p 0000f000 08:20 227217                     /home/itshandable/.javacpp/cache/llvm-13.0.1-1.5.7-linux-x86_64.jar/org/bytedeco/llvm/linux-x86_64/libLTO.so.13
7f50562f8000-7f50562f9000 r--p 00010000 08:20 227217                     /home/itshandable/.javacpp/cache/llvm-13.0.1-1.5.7-linux-x86_64.jar/org/bytedeco/llvm/linux-x86_64/libLTO.so.13
7f50562f9000-7f50562fa000 rw-p 00011000 08:20 227217                     /home/itshandable/.javacpp/cache/llvm-13.0.1-1.5.7-linux-x86_64.jar/org/bytedeco/llvm/linux-x86_64/libLTO.so.13
7f50562fa000-7f50562fe000 ---p 00000000 00:00 0 
7f50562fe000-7f50563fa000 rw-p 00000000 00:00 0 
7f50563fa000-7f50563fe000 ---p 00000000 00:00 0 
7f50563fe000-7f50564fa000 rw-p 00000000 00:00 0 
7f50564fa000-7f50564fe000 ---p 00000000 00:00 0 
7f50564fe000-7f50565fa000 rw-p 00000000 00:00 0 
7f50565fa000-7f50565fe000 ---p 00000000 00:00 0 
7f50565fe000-7f50566fa000 rw-p 00000000 00:00 0 
7f50566fa000-7f50566fb000 ---p 00000000 00:00 0 
7f50566fb000-7f50567fb000 rw-p 00000000 00:00 0 
7f50567fb000-7f50567ff000 ---p 00000000 00:00 0 
7f50567ff000-7f50568fb000 rw-p 00000000 00:00 0 
7f50568fb000-7f50568ff000 ---p 00000000 00:00 0 
7f50568ff000-7f50569fb000 rw-p 00000000 00:00 0 
7f50569fb000-7f50569ff000 ---p 00000000 00:00 0 
7f50569ff000-7f5056afb000 rw-p 00000000 00:00 0 
7f5056afb000-7f5056aff000 ---p 00000000 00:00 0 
7f5056aff000-7f5056bfb000 rw-p 00000000 00:00 0 
7f5056bfb000-7f5056bff000 ---p 00000000 00:00 0 
7f5056bff000-7f5056cfb000 rw-p 00000000 00:00 0 
7f5056cfb000-7f5056cff000 ---p 00000000 00:00 0 
7f5056cff000-7f5056dfb000 rw-p 00000000 00:00 0 
7f5056dfb000-7f5056dff000 ---p 00000000 00:00 0 
7f5056dff000-7f5056efb000 rw-p 00000000 00:00 0 
7f5056efb000-7f5056eff000 ---p 00000000 00:00 0 
7f5056eff000-7f5056ffb000 rw-p 00000000 00:00 0 
7f5056ffb000-7f5056fff000 ---p 00000000 00:00 0 
7f5056fff000-7f50570fb000 rw-p 00000000 00:00 0 
7f50570fb000-7f50570ff000 ---p 00000000 00:00 0 
7f50570ff000-7f50571fb000 rw-p 00000000 00:00 0 
7f50571fb000-7f50571ff000 ---p 00000000 00:00 0 
7f50571ff000-7f50572fb000 rw-p 00000000 00:00 0 
7f50572fb000-7f50572fc000 ---p 00000000 00:00 0 
7f50572fc000-7f50579fc000 rw-p 00000000 00:00 0 
7f50579fc000-7f5057bfc000 ---p 00000000 00:00 0 
7f5057bfc000-7f5057bfd000 ---p 00000000 00:00 0 
7f5057bfd000-7f5057cfd000 rw-p 00000000 00:00 0 
7f5057cfd000-7f5057cfe000 ---p 00000000 00:00 0 
7f5057cfe000-7f5058000000 rw-p 00000000 00:00 0 
7f5058000000-7f5058021000 rw-p 00000000 00:00 0 
7f5058021000-7f505c000000 ---p 00000000 00:00 0 
7f505c001000-7f505ed8f000 rw-p 00000000 00:00 0 
7f505ed8f000-7f505ed90000 ---p 00000000 00:00 0 
7f505ed90000-7f505ee90000 rw-p 00000000 00:00 0 
7f505ee90000-7f505ee91000 ---p 00000000 00:00 0 
7f505ee91000-7f505f271000 rw-p 00000000 00:00 0 
7f505f271000-7f5060f01000 ---p 00000000 00:00 0 
7f5060f01000-7f50610f1000 rw-p 00000000 00:00 0 
7f50610f1000-7f5062d81000 ---p 00000000 00:00 0 
7f5062d81000-7f5062dc6000 rw-p 00000000 00:00 0 
7f5062dc6000-7f5063158000 ---p 00000000 00:00 0 
7f5063158000-7f5063196000 rw-p 00000000 00:00 0 
7f5063196000-7f5063528000 ---p 00000000 00:00 0 
7f5063528000-7f5063566000 rw-p 00000000 00:00 0 
7f5063566000-7f50638f8000 ---p 00000000 00:00 0 
7f50638f8000-7f5064000000 rw-p 00000000 00:00 0 
7f5064000000-7f5064021000 rw-p 00000000 00:00 0 
7f5064021000-7f5068000000 ---p 00000000 00:00 0 
7f5068003000-7f5068007000 r--p 00000000 08:20 227196                     /home/itshandable/.javacpp/cache/javacpp-1.5.7-linux-x86_64.jar/org/bytedeco/javacpp/linux-x86_64/libjnijavacpp.so
7f5068007000-7f506800e000 r-xp 00004000 08:20 227196                     /home/itshandable/.javacpp/cache/javacpp-1.5.7-linux-x86_64.jar/org/bytedeco/javacpp/linux-x86_64/libjnijavacpp.so
7f506800e000-7f5068012000 r--p 0000b000 08:20 227196                     /home/itshandable/.javacpp/cache/javacpp-1.5.7-linux-x86_64.jar/org/bytedeco/javacpp/linux-x86_64/libjnijavacpp.so
7f5068012000-7f5068013000 r--p 0000e000 08:20 227196                     /home/itshandable/.javacpp/cache/javacpp-1.5.7-linux-x86_64.jar/org/bytedeco/javacpp/linux-x86_64/libjnijavacpp.so
7f5068013000-7f5068014000 rw-p 0000f000 08:20 227196                     /home/itshandable/.javacpp/cache/javacpp-1.5.7-linux-x86_64.jar/org/bytedeco/javacpp/linux-x86_64/libjnijavacpp.so
7f5068014000-7f5068045000 rw-p 00000000 00:00 0 
7f5068045000-7f5068049000 r--p 00000000 08:20 58728                      /usr/lib/jvm/java-11-openjdk-amd64/lib/libnet.so
7f5068049000-7f5068057000 r-xp 00004000 08:20 58728                      /usr/lib/jvm/java-11-openjdk-amd64/lib/libnet.so
7f5068057000-7f506805b000 r--p 00012000 08:20 58728                      /usr/lib/jvm/java-11-openjdk-amd64/lib/libnet.so
7f506805b000-7f506805c000 r--p 00015000 08:20 58728                      /usr/lib/jvm/java-11-openjdk-amd64/lib/libnet.so
7f506805c000-7f506805d000 rw-p 00016000 08:20 58728                      /usr/lib/jvm/java-11-openjdk-amd64/lib/libnet.so
7f506805d000-7f50687bf000 rw-p 00000000 00:00 0 
7f50687bf000-7f5068a2f000 rwxp 00000000 00:00 0 
7f5068a2f000-7f5068efe000 ---p 00000000 00:00 0 
7f5068efe000-7f506916e000 rwxp 00000000 00:00 0 
7f506916e000-7f507035e000 ---p 00000000 00:00 0 
7f507035e000-7f50705ce000 rwxp 00000000 00:00 0 
7f50705ce000-7f50777bf000 ---p 00000000 00:00 0 
7f50777bf000-7f5080000000 r--s 00000000 08:20 58738                      /usr/lib/jvm/java-11-openjdk-amd64/lib/modules
7f5080000000-7f50803a3000 rw-p 00000000 00:00 0 
7f50803a3000-7f5084000000 ---p 00000000 00:00 0 
7f5084002000-7f5084003000 r--p 00000000 08:20 64938                      /usr/lib/x86_64-linux-gnu/libdl.so.2
7f5084003000-7f5084004000 r-xp 00001000 08:20 64938                      /usr/lib/x86_64-linux-gnu/libdl.so.2
7f5084004000-7f5084005000 r--p 00002000 08:20 64938                      /usr/lib/x86_64-linux-gnu/libdl.so.2
7f5084005000-7f5084006000 r--p 00002000 08:20 64938                      /usr/lib/x86_64-linux-gnu/libdl.so.2
7f5084006000-7f5084007000 rw-p 00003000 08:20 64938                      /usr/lib/x86_64-linux-gnu/libdl.so.2
7f5084007000-7f5084008000 r--p 00000000 08:20 64948                      /usr/lib/x86_64-linux-gnu/libpthread.so.0
7f5084008000-7f5084009000 r-xp 00001000 08:20 64948                      /usr/lib/x86_64-linux-gnu/libpthread.so.0
7f5084009000-7f508400a000 r--p 00002000 08:20 64948                      /usr/lib/x86_64-linux-gnu/libpthread.so.0
7f508400a000-7f508400b000 r--p 00002000 08:20 64948                      /usr/lib/x86_64-linux-gnu/libpthread.so.0
7f508400b000-7f508400c000 rw-p 00003000 08:20 64948                      /usr/lib/x86_64-linux-gnu/libpthread.so.0
7f508400c000-7f5084013000 r--p 00000000 08:20 58729                      /usr/lib/jvm/java-11-openjdk-amd64/lib/libnio.so
7f5084013000-7f508401b000 r-xp 00007000 08:20 58729                      /usr/lib/jvm/java-11-openjdk-amd64/lib/libnio.so
7f508401b000-7f508401e000 r--p 0000f000 08:20 58729                      /usr/lib/jvm/java-11-openjdk-amd64/lib/libnio.so
7f508401e000-7f508401f000 r--p 00011000 08:20 58729                      /usr/lib/jvm/java-11-openjdk-amd64/lib/libnio.so
7f508401f000-7f5084020000 rw-p 00012000 08:20 58729                      /usr/lib/jvm/java-11-openjdk-amd64/lib/libnio.so
7f5084020000-7f5084022000 r--p 00000000 08:20 58709                      /usr/lib/jvm/java-11-openjdk-amd64/lib/libdt_socket.so
7f5084022000-7f5084025000 r-xp 00002000 08:20 58709                      /usr/lib/jvm/java-11-openjdk-amd64/lib/libdt_socket.so
7f5084025000-7f5084026000 r--p 00005000 08:20 58709                      /usr/lib/jvm/java-11-openjdk-amd64/lib/libdt_socket.so
7f5084026000-7f5084027000 ---p 00006000 08:20 58709                      /usr/lib/jvm/java-11-openjdk-amd64/lib/libdt_socket.so
7f5084027000-7f5084028000 r--p 00006000 08:20 58709                      /usr/lib/jvm/java-11-openjdk-amd64/lib/libdt_socket.so
7f5084028000-7f5084029000 rw-p 00007000 08:20 58709                      /usr/lib/jvm/java-11-openjdk-amd64/lib/libdt_socket.so
7f5084029000-7f5084194000 rw-p 00000000 00:00 0 
7f5084194000-7f5084195000 ---p 00000000 00:00 0 
7f5084195000-7f508429a000 rw-p 00000000 00:00 0 
7f508429a000-7f508437e000 ---p 00000000 00:00 0 
7f508437e000-7f5084383000 rw-p 00000000 00:00 0 
7f5084383000-7f5084467000 ---p 00000000 00:00 0 
7f5084467000-7f508446c000 rw-p 00000000 00:00 0 
7f508446c000-7f5084476000 ---p 00000000 00:00 0 
7f5084476000-7f5084478000 r--p 00000000 08:20 58737                      /usr/lib/jvm/java-11-openjdk-amd64/lib/libzip.so
7f5084478000-7f508447d000 r-xp 00002000 08:20 58737                      /usr/lib/jvm/java-11-openjdk-amd64/lib/libzip.so
7f508447d000-7f508447f000 r--p 00007000 08:20 58737                      /usr/lib/jvm/java-11-openjdk-amd64/lib/libzip.so
7f508447f000-7f5084480000 r--p 00008000 08:20 58737                      /usr/lib/jvm/java-11-openjdk-amd64/lib/libzip.so
7f5084480000-7f5084481000 rw-p 00009000 08:20 58737                      /usr/lib/jvm/java-11-openjdk-amd64/lib/libzip.so
7f5084481000-7f5084489000 rw-s 00000000 08:20 2331                       /tmp/hsperfdata_itshandable/24170
7f5084489000-7f508448b000 r--p 00000000 08:20 58719                      /usr/lib/jvm/java-11-openjdk-amd64/lib/libjdwp.so
7f508448b000-7f50844b7000 r-xp 00002000 08:20 58719                      /usr/lib/jvm/java-11-openjdk-amd64/lib/libjdwp.so
7f50844b7000-7f50844c5000 r--p 0002e000 08:20 58719                      /usr/lib/jvm/java-11-openjdk-amd64/lib/libjdwp.so
7f50844c5000-7f50844c6000 r--p 0003b000 08:20 58719                      /usr/lib/jvm/java-11-openjdk-amd64/lib/libjdwp.so
7f50844c6000-7f50844c7000 rw-p 0003c000 08:20 58719                      /usr/lib/jvm/java-11-openjdk-amd64/lib/libjdwp.so
7f50844c7000-7f50844d5000 r--p 00000000 08:20 58717                      /usr/lib/jvm/java-11-openjdk-amd64/lib/libjava.so
7f50844d5000-7f50844eb000 r-xp 0000e000 08:20 58717                      /usr/lib/jvm/java-11-openjdk-amd64/lib/libjava.so
7f50844eb000-7f50844f2000 r--p 00024000 08:20 58717                      /usr/lib/jvm/java-11-openjdk-amd64/lib/libjava.so
7f50844f2000-7f50844f3000 r--p 0002a000 08:20 58717                      /usr/lib/jvm/java-11-openjdk-amd64/lib/libjava.so
7f50844f3000-7f50844f4000 rw-p 0002b000 08:20 58717                      /usr/lib/jvm/java-11-openjdk-amd64/lib/libjava.so
7f50844f4000-7f50844f5000 rw-p 00000000 00:00 0 
7f50844f5000-7f50844fa000 r--p 00000000 08:20 58736                      /usr/lib/jvm/java-11-openjdk-amd64/lib/libverify.so
7f50844fa000-7f5084501000 r-xp 00005000 08:20 58736                      /usr/lib/jvm/java-11-openjdk-amd64/lib/libverify.so
7f5084501000-7f5084503000 r--p 0000c000 08:20 58736                      /usr/lib/jvm/java-11-openjdk-amd64/lib/libverify.so
7f5084503000-7f5084505000 r--p 0000d000 08:20 58736                      /usr/lib/jvm/java-11-openjdk-amd64/lib/libverify.so
7f5084505000-7f5084506000 rw-p 0000f000 08:20 58736                      /usr/lib/jvm/java-11-openjdk-amd64/lib/libverify.so
7f5084506000-7f5084507000 r--p 00000000 08:20 64951                      /usr/lib/x86_64-linux-gnu/librt.so.1
7f5084507000-7f5084508000 r-xp 00001000 08:20 64951                      /usr/lib/x86_64-linux-gnu/librt.so.1
7f5084508000-7f5084509000 r--p 00002000 08:20 64951                      /usr/lib/x86_64-linux-gnu/librt.so.1
7f5084509000-7f508450a000 r--p 00002000 08:20 64951                      /usr/lib/x86_64-linux-gnu/librt.so.1
7f508450a000-7f508450b000 rw-p 00003000 08:20 64951                      /usr/lib/x86_64-linux-gnu/librt.so.1
7f508450b000-7f508450f000 ---p 00000000 00:00 0 
7f508450f000-7f508460b000 rw-p 00000000 00:00 0 
7f508460b000-7f508460e000 r--p 00000000 08:20 6709                       /usr/lib/x86_64-linux-gnu/libgcc_s.so.1
7f508460e000-7f5084625000 r-xp 00003000 08:20 6709                       /usr/lib/x86_64-linux-gnu/libgcc_s.so.1
7f5084625000-7f5084629000 r--p 0001a000 08:20 6709                       /usr/lib/x86_64-linux-gnu/libgcc_s.so.1
7f5084629000-7f508462a000 r--p 0001d000 08:20 6709                       /usr/lib/x86_64-linux-gnu/libgcc_s.so.1
7f508462a000-7f508462b000 rw-p 0001e000 08:20 6709                       /usr/lib/x86_64-linux-gnu/libgcc_s.so.1
7f508462b000-7f5084639000 r--p 00000000 08:20 64939                      /usr/lib/x86_64-linux-gnu/libm.so.6
7f5084639000-7f50846b5000 r-xp 0000e000 08:20 64939                      /usr/lib/x86_64-linux-gnu/libm.so.6
7f50846b5000-7f5084710000 r--p 0008a000 08:20 64939                      /usr/lib/x86_64-linux-gnu/libm.so.6
7f5084710000-7f5084711000 r--p 000e4000 08:20 64939                      /usr/lib/x86_64-linux-gnu/libm.so.6
7f5084711000-7f5084712000 rw-p 000e5000 08:20 64939                      /usr/lib/x86_64-linux-gnu/libm.so.6
7f5084712000-7f50847ac000 r--p 00000000 08:20 6947                       /usr/lib/x86_64-linux-gnu/libstdc++.so.6.0.30
7f50847ac000-7f50848bd000 r-xp 0009a000 08:20 6947                       /usr/lib/x86_64-linux-gnu/libstdc++.so.6.0.30
7f50848bd000-7f508492c000 r--p 001ab000 08:20 6947                       /usr/lib/x86_64-linux-gnu/libstdc++.so.6.0.30
7f508492c000-7f508492d000 ---p 0021a000 08:20 6947                       /usr/lib/x86_64-linux-gnu/libstdc++.so.6.0.30
7f508492d000-7f5084938000 r--p 0021a000 08:20 6947                       /usr/lib/x86_64-linux-gnu/libstdc++.so.6.0.30
7f5084938000-7f508493b000 rw-p 00225000 08:20 6947                       /usr/lib/x86_64-linux-gnu/libstdc++.so.6.0.30
7f508493b000-7f508493e000 rw-p 00000000 00:00 0 
7f508493e000-7f5084bc1000 r--p 00000000 08:20 58741                      /usr/lib/jvm/java-11-openjdk-amd64/lib/server/libjvm.so
7f5084bc1000-7f508586c000 r-xp 00283000 08:20 58741                      /usr/lib/jvm/java-11-openjdk-amd64/lib/server/libjvm.so
7f508586c000-7f5085ac8000 r--p 00f2e000 08:20 58741                      /usr/lib/jvm/java-11-openjdk-amd64/lib/server/libjvm.so
7f5085ac8000-7f5085b8c000 r--p 01189000 08:20 58741                      /usr/lib/jvm/java-11-openjdk-amd64/lib/server/libjvm.so
7f5085b8c000-7f5085bc7000 rw-p 0124d000 08:20 58741                      /usr/lib/jvm/java-11-openjdk-amd64/lib/server/libjvm.so
7f5085bc7000-7f5085c21000 rw-p 00000000 00:00 0 
7f5085c21000-7f5085c49000 r--p 00000000 08:20 64935                      /usr/lib/x86_64-linux-gnu/libc.so.6
7f5085c49000-7f5085dde000 r-xp 00028000 08:20 64935                      /usr/lib/x86_64-linux-gnu/libc.so.6
7f5085dde000-7f5085e36000 r--p 001bd000 08:20 64935                      /usr/lib/x86_64-linux-gnu/libc.so.6
7f5085e36000-7f5085e37000 ---p 00215000 08:20 64935                      /usr/lib/x86_64-linux-gnu/libc.so.6
7f5085e37000-7f5085e3b000 r--p 00215000 08:20 64935                      /usr/lib/x86_64-linux-gnu/libc.so.6
7f5085e3b000-7f5085e3d000 rw-p 00219000 08:20 64935                      /usr/lib/x86_64-linux-gnu/libc.so.6
7f5085e3d000-7f5085e4a000 rw-p 00000000 00:00 0 
7f5085e4a000-7f5085e4d000 r--p 00000000 08:20 58702                      /usr/lib/jvm/java-11-openjdk-amd64/lib/jli/libjli.so
7f5085e4d000-7f5085e57000 r-xp 00003000 08:20 58702                      /usr/lib/jvm/java-11-openjdk-amd64/lib/jli/libjli.so
7f5085e57000-7f5085e5a000 r--p 0000d000 08:20 58702                      /usr/lib/jvm/java-11-openjdk-amd64/lib/jli/libjli.so
7f5085e5a000-7f5085e5b000 ---p 00010000 08:20 58702                      /usr/lib/jvm/java-11-openjdk-amd64/lib/jli/libjli.so
7f5085e5b000-7f5085e5c000 r--p 00010000 08:20 58702                      /usr/lib/jvm/java-11-openjdk-amd64/lib/jli/libjli.so
7f5085e5c000-7f5085e5d000 rw-p 00011000 08:20 58702                      /usr/lib/jvm/java-11-openjdk-amd64/lib/jli/libjli.so
7f5085e5d000-7f5085e5f000 r--p 00000000 08:20 6997                       /usr/lib/x86_64-linux-gnu/libz.so.1.2.11
7f5085e5f000-7f5085e70000 r-xp 00002000 08:20 6997                       /usr/lib/x86_64-linux-gnu/libz.so.1.2.11
7f5085e70000-7f5085e76000 r--p 00013000 08:20 6997                       /usr/lib/x86_64-linux-gnu/libz.so.1.2.11
7f5085e76000-7f5085e77000 ---p 00019000 08:20 6997                       /usr/lib/x86_64-linux-gnu/libz.so.1.2.11
7f5085e77000-7f5085e78000 r--p 00019000 08:20 6997                       /usr/lib/x86_64-linux-gnu/libz.so.1.2.11
7f5085e78000-7f5085e79000 rw-p 0001a000 08:20 6997                       /usr/lib/x86_64-linux-gnu/libz.so.1.2.11
7f5085e7c000-7f5085e7d000 ---p 00000000 00:00 0 
7f5085e7d000-7f5085e7e000 r--p 00000000 00:00 0 
7f5085e7e000-7f5085e80000 r--p 00000000 08:20 58720                      /usr/lib/jvm/java-11-openjdk-amd64/lib/libjimage.so
7f5085e80000-7f5085e83000 r-xp 00002000 08:20 58720                      /usr/lib/jvm/java-11-openjdk-amd64/lib/libjimage.so
7f5085e83000-7f5085e84000 r--p 00005000 08:20 58720                      /usr/lib/jvm/java-11-openjdk-amd64/lib/libjimage.so
7f5085e84000-7f5085e85000 ---p 00006000 08:20 58720                      /usr/lib/jvm/java-11-openjdk-amd64/lib/libjimage.so
7f5085e85000-7f5085e86000 r--p 00006000 08:20 58720                      /usr/lib/jvm/java-11-openjdk-amd64/lib/libjimage.so
7f5085e86000-7f5085e87000 rw-p 00007000 08:20 58720                      /usr/lib/jvm/java-11-openjdk-amd64/lib/libjimage.so
7f5085e87000-7f5085e89000 rw-p 00000000 00:00 0 
7f5085e89000-7f5085e8b000 r--p 00000000 08:20 64930                      /usr/lib/x86_64-linux-gnu/ld-linux-x86-64.so.2
7f5085e8b000-7f5085eb5000 r-xp 00002000 08:20 64930                      /usr/lib/x86_64-linux-gnu/ld-linux-x86-64.so.2
7f5085eb5000-7f5085ec0000 r--p 0002c000 08:20 64930                      /usr/lib/x86_64-linux-gnu/ld-linux-x86-64.so.2
7f5085ec1000-7f5085ec3000 r--p 00037000 08:20 64930                      /usr/lib/x86_64-linux-gnu/ld-linux-x86-64.so.2
7f5085ec3000-7f5085ec5000 rw-p 00039000 08:20 64930                      /usr/lib/x86_64-linux-gnu/ld-linux-x86-64.so.2
7ffde6eb1000-7ffde6ed2000 rw-p 00000000 00:00 0                          [stack]
7ffde6f26000-7ffde6f2a000 r--p 00000000 00:00 0                          [vvar]
7ffde6f2a000-7ffde6f2c000 r-xp 00000000 00:00 0                          [vdso]


VM Arguments:
jvm_args: -agentlib:jdwp=transport=dt_socket,address=0.0.0.0:12345,suspend=y,server=y -Djava.library.path=\\wsl.localhost\Ubuntu\usr\local\lib -Dfile.encoding=UTF-8 
java_command: Main tests/test.sysy tests/test.arm test tests/test.ll
java_class_path (initial): /mnt/e/codes/compiler-principle/Lab_backtrace/Lab/out/production/Lab:/usr/local/lib/antlr-4.9.1-complete.jar:/usr/local/lib/javacpp/javacpp-1.5.7.jar:/usr/local/lib/javacpp/javacpp-1.5.7-linux-x86_64.jar:/usr/local/lib/llvm/llvm-13.0.1-1.5.7.jar:/usr/local/lib/llvm/llvm-13.0.1-1.5.7-linux-x86_64.jar:/usr/local/lib/llvm-platform/llvm-platform-13.0.1-1.5.7.jar:/usr/local/lib/llvm4j/kotlin-stdlib-1.9.0.jar:/usr/local/lib/llvm4j/llvm4j-0.1.2-SNAPSHOT.jar:/usr/local/lib/rars/rars.jar:/mnt/d/IntelliJ IDEA Ultimate/lib/idea_rt.jar
Launcher Type: SUN_STANDARD

[Global flags]
     intx CICompilerCount                          = 12                                        {product} {ergonomic}
     uint ConcGCThreads                            = 4                                         {product} {ergonomic}
     uint G1ConcRefinementThreads                  = 15                                        {product} {ergonomic}
   size_t G1HeapRegionSize                         = 1048576                                   {product} {ergonomic}
    uintx GCDrainStackTargetSize                   = 64                                        {product} {ergonomic}
   size_t InitialHeapSize                          = 127926272                                 {product} {ergonomic}
   size_t MarkStackSize                            = 4194304                                   {product} {ergonomic}
   size_t MaxHeapSize                              = 2046820352                                {product} {ergonomic}
   size_t MaxNewSize                               = 1227882496                                {product} {ergonomic}
   size_t MinHeapDeltaBytes                        = 1048576                                   {product} {ergonomic}
    uintx NonNMethodCodeHeapSize                   = 7594288                                {pd product} {ergonomic}
    uintx NonProfiledCodeHeapSize                  = 122031976                              {pd product} {ergonomic}
    uintx ProfiledCodeHeapSize                     = 122031976                              {pd product} {ergonomic}
    uintx ReservedCodeCacheSize                    = 251658240                              {pd product} {ergonomic}
     bool SegmentedCodeCache                       = true                                      {product} {ergonomic}
     bool UseCompressedClassPointers               = true                                 {lp64_product} {ergonomic}
     bool UseCompressedOops                        = true                                 {lp64_product} {ergonomic}
     bool UseG1GC                                  = true                                      {product} {ergonomic}

Logging:
Log output configuration:
 #0: stdout all=warning uptime,level,tags
 #1: stderr all=off uptime,level,tags

Environment Variables:
PATH=/home/itshandable/.local/bin:/usr/local/sbin:/usr/local/bin:/usr/sbin:/usr/bin:/sbin:/bin:/usr/games:/usr/local/games:/usr/lib/wsl/lib:/mnt/d/VMwareWorkstationPro/bin/:/mnt/c/Program Files/BellSoft/LibericaJDK-17/bin/:/mnt/c/Program Files (x86)/Common Files/Oracle/Java/java8path:/mnt/c/Program Files (x86)/Common Files/Oracle/Java/javapath:/mnt/c/WINDOWS/system32:/mnt/c/WINDOWS:/mnt/c/WINDOWS/System32/Wbem:/mnt/c/WINDOWS/System32/WindowsPowerShell/v1.0/:/mnt/c/WINDOWS/System32/OpenSSH/:/mnt/c/Program Files/dotnet/:/mnt/c/Program Files (x86)/NVIDIA Corporation/PhysX/Common:/mnt/c/Program Files/Git/cmd:/mnt/d/Cruicial Storage Excutive:/mnt/c/Program Files/BellSoft/LibericaJDK-17/bin:/mnt/c/Program Files/BellSoft/LibericaJDK-17/jre/bin:/mnt/c/Users/itshandable/AppData/Local/Programs/Python/Python312:/mnt/c/Users/itshandable/AppData/Local/Programs/Python/Python312/Scripts:/mnt/c/Program Files/Pandoc/:/mnt/c/ProgramData/chocolatey/bin:/mnt/d/Nodejs-nvm:/mnt/c/Program Files/nodejs:/mnt/d/Redis/:/mnt/d/Mathlab/bin:/mnt/d/Lingo-21.0/:/mnt/d/Lingo-18.0/:/mnt/c/Program Files/NVIDIA Corporation/NVIDIA app/NvDLISR:/mnt/d/SPSS-25/JRE/bin:/mnt/d/SPSS Modeler 18.0/ext/bin/spss.TMWBServer/bin:/mnt/d/SPSS Modeler 18.0/MPICH2/bin:/mnt/d/SPSS Modeler 18.0/TABI:/mnt/d/MySQL/bin:/mnt/c/Program Files/Docker/Docker/resources/bin:/mnt/c/Program Files/Tailscale/:/mnt/c/Users/itshandable/AppData/Local/Programs/Python/Launcher/:/mnt/c/Users/itshandable/AppData/Local/Microsoft/WindowsApps:/mnt/d/CLion 2024.2.1/bin:/mnt/d/PyCharm 2024.2.1/bin:/mnt/c/Users/itshandable/AppData/Local/JetBrains/Toolbox/scripts:/mnt/d/IntelliJ IDEA 2024.2.1/bin:/mnt/c/Users/itshandable/AppData/Roaming/npm:/mnt/d/Nodejs-nvm:/mnt/c/Program Files/nodejs:/mnt/d/Microsoft VS Code/bin:/mnt/d/MiKTeX/miktex/bin/x64/:/mnt/c/Users/itshandable/AppData/Local/Microsoft/WindowsApps:/mnt/e/codes/ffmpeg-2025-01-02-git-0457aaf0d3-essentials_build/bin:/mnt/d/Aria2/aria2-1.37.0-win-64bit-build1:/mnt/d/DevEco Studio/bin:/mnt/d/WebStor
SHELL=/bin/bash
DISPLAY=:0
HOSTTYPE=x86_64
LANG=zh_CN.UTF-8
TERM=xterm-256color

Signal Handlers:
SIGSEGV: [libjvm.so+0xebbd40], sa_mask[0]=11111111011111111101111111111110, sa_flags=SA_RESTART|SA_SIGINFO
SIGBUS: [libjvm.so+0xebbd40], sa_mask[0]=11111111011111111101111111111110, sa_flags=SA_RESTART|SA_SIGINFO
SIGFPE: [libjvm.so+0xebbd40], sa_mask[0]=11111111011111111101111111111110, sa_flags=SA_RESTART|SA_SIGINFO
SIGPIPE: [libjvm.so+0xbfe040], sa_mask[0]=11111111011111111101111111111110, sa_flags=SA_RESTART|SA_SIGINFO
SIGXFSZ: [libjvm.so+0xbfe040], sa_mask[0]=11111111011111111101111111111110, sa_flags=SA_RESTART|SA_SIGINFO
SIGILL: [libjvm.so+0xebbd40], sa_mask[0]=11111111011111111101111111111110, sa_flags=SA_RESTART|SA_SIGINFO
SIGUSR2: [libjvm.so+0xbfdee0], sa_mask[0]=00000000000000000000000000000000, sa_flags=SA_RESTART|SA_SIGINFO
SIGHUP: [libjvm.so+0xbfe6a0], sa_mask[0]=11111111011111111101111111111110, sa_flags=SA_RESTART|SA_SIGINFO
SIGINT: [libjvm.so+0xbfe6a0], sa_mask[0]=11111111011111111101111111111110, sa_flags=SA_RESTART|SA_SIGINFO
SIGTERM: [libjvm.so+0xbfe6a0], sa_mask[0]=11111111011111111101111111111110, sa_flags=SA_RESTART|SA_SIGINFO
SIGQUIT: [libjvm.so+0xbfe6a0], sa_mask[0]=11111111011111111101111111111110, sa_flags=SA_RESTART|SA_SIGINFO


---------------  S Y S T E M  ---------------

OS:DISTRIB_ID=Ubuntu
DISTRIB_RELEASE=22.04
DISTRIB_CODENAME=jammy
DISTRIB_DESCRIPTION="Ubuntu 22.04.3 LTS"
uname:Linux 5.15.167.4-microsoft-standard-WSL2 #1 SMP Tue Nov 5 00:21:55 UTC 2024 x86_64
OS uptime: 0 days 0:43 hours
libc:glibc 2.35 NPTL 2.35 
rlimit (soft/hard): STACK 8192k/infinity , CORE 0k/infinity , NPROC 31190/31190 , NOFILE 1048576/1048576 , AS infinity/infinity , CPU infinity/infinity , DATA infinity/infinity , FSIZE infinity/infinity , MEMLOCK 65536k/65536k
load average:0.03 0.07 0.03

/proc/meminfo:
MemTotal:        7991664 kB
MemFree:         6886936 kB
MemAvailable:    7067228 kB
Buffers:            3960 kB
Cached:           376660 kB
SwapCached:            0 kB
Active:           164344 kB
Inactive:         546328 kB
Active(anon):       2180 kB
Inactive(anon):   331516 kB
Active(file):     162164 kB
Inactive(file):   214812 kB
Unevictable:           0 kB
Mlocked:               0 kB
SwapTotal:       2097152 kB
SwapFree:        2097152 kB
Dirty:                16 kB
Writeback:             0 kB
AnonPages:        329780 kB
Mapped:           258628 kB
Shmem:              3668 kB
KReclaimable:      37772 kB
Slab:             113188 kB
SReclaimable:      37772 kB
SUnreclaim:        75416 kB
KernelStack:        7008 kB
PageTables:         6724 kB
NFS_Unstable:          0 kB
Bounce:                0 kB
WritebackTmp:          0 kB
CommitLimit:     6092984 kB
Committed_AS:    1657116 kB
VmallocTotal:   34359738367 kB
VmallocUsed:       29208 kB
VmallocChunk:          0 kB
Percpu:            11520 kB
AnonHugePages:    155648 kB
ShmemHugePages:        0 kB
ShmemPmdMapped:        0 kB
FileHugePages:         0 kB
FilePmdMapped:         0 kB
HugePages_Total:       0
HugePages_Free:        0
HugePages_Rsvd:        0
HugePages_Surp:        0
Hugepagesize:       2048 kB
Hugetlb:               0 kB
DirectMap4k:      101376 kB
DirectMap2M:     4997120 kB
DirectMap1G:    11534336 kB

/sys/kernel/mm/transparent_hugepage/enabled:
[always] madvise never
/sys/kernel/mm/transparent_hugepage/defrag (defrag/compaction efforts parameter):
always defer defer+madvise [madvise] never

Process Memory:
Virtual Size: 5261980K (peak: 13447088K)
Resident Set Size: 104944K (peak: 105068K) (anon: 48232K, file: 56712K, shmem: 0K)
Swapped out: 0K
C-Heap outstanding allocations: 36909K, retained: 8846K
glibc malloc tunables: (default)

/proc/sys/kernel/threads-max (system-wide limit on the number of threads):
62380
/proc/sys/vm/max_map_count (maximum number of memory map areas a process may have):
65530
/proc/sys/kernel/pid_max (system-wide limit on number of process identifiers):
4194304

container (cgroup) information:
container_type: cgroupv1
cpu_cpuset_cpus: 0-19
cpu_memory_nodes: 0
active_processor_count: 20
cpu_quota: no quota
cpu_period: 100000
cpu_shares: no shares
memory_limit_in_bytes: unlimited
memory_and_swap_limit_in_bytes: unlimited
memory_soft_limit_in_bytes: unlimited
memory_usage_in_bytes: 710400 k
memory_max_usage_in_bytes: 496884 k
kernel_memory_limit_in_bytes: unlimited
kernel_memory_usage_in_bytes: 21536 k
kernel_memory_max_usage_in_bytes: 27048 k
maximum number of tasks: not supported
current number of tasks: not supported

Hyper-V virtualization detected
Steal ticks since vm start: 0
Steal ticks percentage since vm start:  0.000

CPU:total 20 (initial active 20) (16 cores per cpu, 2 threads per core) family 6 model 186 stepping 2 microcode 0xffffffff, cmov, cx8, fxsr, mmx, sse, sse2, sse3, ssse3, sse4.1, sse4.2, popcnt, avx, avx2, aes, clmul, erms, 3dnowpref, lzcnt, ht, tsc, tscinvbit, bmi1, bmi2, adx, sha, fma
CPU Model and flags from /proc/cpuinfo:
model name	: 13th Gen Intel(R) Core(TM) i9-13900H
flags		: fpu vme de pse tsc msr pae mce cx8 apic sep mtrr pge mca cmov pat pse36 clflush mmx fxsr sse sse2 ss ht syscall nx pdpe1gb rdtscp lm constant_tsc rep_good nopl xtopology tsc_reliable nonstop_tsc cpuid pni pclmulqdq vmx ssse3 fma cx16 pcid sse4_1 sse4_2 x2apic movbe popcnt tsc_deadline_timer aes xsave avx f16c rdrand hypervisor lahf_lm abm 3dnowprefetch invpcid_single ssbd ibrs ibpb stibp ibrs_enhanced tpr_shadow vnmi ept vpid ept_ad fsgsbase tsc_adjust bmi1 avx2 smep bmi2 erms invpcid rdseed adx smap clflushopt clwb sha_ni xsaveopt xsavec xgetbv1 xsaves avx_vnni umip waitpkg gfni vaes vpclmulqdq rdpid movdiri movdir64b fsrm md_clear serialize flush_l1d arch_capabilities
Online cpus:
0-19
Offline cpus:

BIOS frequency limitation:
<Not Available>
Frequency switch latency (ns):
<Not Available>
Available cpu frequencies:
<Not Available>
Current governor:
<Not Available>
Core performance/turbo boost:
<Not Available>

Memory: 4k page, physical 7991664k(6886936k free), swap 2097152k(2097152k free)

vm_info: OpenJDK 64-Bit Server VM (11.0.27+6-post-Ubuntu-0ubuntu122.04) for linux-amd64 JRE (11.0.27+6-post-Ubuntu-0ubuntu122.04), built on Apr 21 2025 05:59:45 by "unknown" with gcc 11.4.0

END.
