#
# A fatal error has been detected by the Java Runtime Environment:
#
#  SIGSEGV (0xb) at pc=0x00007f793a28eaf8, pid=11034, tid=11038
#
# JRE version: OpenJDK Runtime Environment (11.0.27+6) (build 11.0.27+6-post-Ubuntu-0ubuntu122.04)
# Java VM: OpenJDK 64-Bit Server VM (11.0.27+6-post-Ubuntu-0ubuntu122.04, mixed mode, sharing, tiered, compressed oops, g1 gc, linux-amd64)
# Problematic frame:
# C  [libLLVM-13.so+0xd62af8]  llvm::Value::getName() const+0xb8
#
# No core dump will be written. Core dumps have been disabled. To enable core dumping, try "ulimit -c unlimited" before starting Java again
#
# If you would like to submit a bug report, please visit:
#   https://bugs.launchpad.net/ubuntu/+source/openjdk-lts
# The crash happened outside the Java Virtual Machine in native code.
# See problematic frame for where to report the bug.
#

---------------  S U M M A R Y ------------

Command Line: -agentlib:jdwp=transport=dt_socket,address=0.0.0.0:12345,suspend=y,server=y -Djava.library.path=\\wsl.localhost\Ubuntu\usr\local\lib -Dfile.encoding=UTF-8 Main tests/test.sysy tests/test.arm test tests/test.ll

Host: 13th Gen Intel(R) Core(TM) i9-13900H, 20 cores, 7G, Ubuntu 22.04.3 LTS
Time: Thu May 22 19:41:11 2025 CST elapsed time: 20.883065 seconds (0d 0h 0m 20s)

---------------  T H R E A D  ---------------

Current thread (0x00007f79bc016800):  JavaThread "main" [_thread_in_native, id=11038, stack(0x00007f79c19fb000,0x00007f79c1afb000)]

Stack: [0x00007f79c19fb000,0x00007f79c1afb000],  sp=0x00007f79c1af82c0,  free space=1012k
Native frames: (J=compiled Java code, A=aot compiled Java code, j=interpreted, Vv=VM code, C=native code)
C  [libLLVM-13.so+0xd62af8]  llvm::Value::getName() const+0xb8

Java frames: (J=compiled Java code, j=interpreted, Vv=VM code)
j  org.bytedeco.llvm.global.LLVM.LLVMPrintModuleToString(Lorg/bytedeco/llvm/LLVM/LLVMModuleRef;)Lorg/bytedeco/javacpp/BytePointer;+0
v  ~StubRoutines::call_stub
j  MyIrVisitor.mixedOptimization()V+25
j  MyIrVisitor.visitProgram(LSysYParser$ProgramContext;)Lorg/bytedeco/llvm/LLVM/LLVMValueRef;+123
j  MyIrVisitor.visitProgram(LSysYParser$ProgramContext;)Ljava/lang/Object;+2
j  SysYParser$ProgramContext.accept(Lorg/antlr/v4/runtime/tree/ParseTreeVisitor;)Ljava/lang/Object;+12
j  org.antlr.v4.runtime.tree.AbstractParseTreeVisitor.visit(Lorg/antlr/v4/runtime/tree/ParseTree;)Ljava/lang/Object;+2
j  Main.main([Ljava/lang/String;)V+169
v  ~StubRoutines::call_stub

siginfo: si_signo: 11 (SIGSEGV), si_code: 1 (SEGV_MAPERR), si_addr: 0x00000000000000e5

Register to memory mapping:

RAX=0x00000000000000f5 is an unknown value
RBX=0x0 is NULL
RCX=0x00007f79bc390bd8 points into unknown readable memory: 0x00007f79bc3887c0 | c0 87 38 bc 79 7f 00 00
RDX=0x00000000000000e5 is an unknown value
RSP=0x00007f79c1af82c0 is pointing into the stack for thread: 0x00007f79bc016800
RBP=0x00007f79c1af8620 is pointing into the stack for thread: 0x00007f79bc016800
RSI=0x00007f79bc388bc0 points into unknown readable memory: 0x0000000000000000 | 00 00 00 00 00 00 00 00
RDI=0x00007f79c1af82c0 is pointing into the stack for thread: 0x00007f79bc016800
R8 =0x0000000000000001 is an unknown value
R9 =0x00007f79bc390bd8 points into unknown readable memory: 0x00007f79bc3887c0 | c0 87 38 bc 79 7f 00 00
R10=0x000000000000003f is an unknown value
R11=0x0000000000000004 is an unknown value
R12=0x0000000000000001 is an unknown value
R13=0x0000000000000002 is an unknown value
R14=0x0 is NULL
R15=0x00007f79bc36be60 points into unknown readable memory: 0x00007f79bc391170 | 70 11 39 bc 79 7f 00 00


Registers:
RAX=0x00000000000000f5, RBX=0x0000000000000000, RCX=0x00007f79bc390bd8, RDX=0x00000000000000e5
RSP=0x00007f79c1af82c0, RBP=0x00007f79c1af8620, RSI=0x00007f79bc388bc0, RDI=0x00007f79c1af82c0
R8 =0x0000000000000001, R9 =0x00007f79bc390bd8, R10=0x000000000000003f, R11=0x0000000000000004
R12=0x0000000000000001, R13=0x0000000000000002, R14=0x0000000000000000, R15=0x00007f79bc36be60
RIP=0x00007f793a28eaf8, EFLAGS=0x0000000000010202, CSGSFS=0x002b000000000033, ERR=0x0000000000000004
  TRAPNO=0x000000000000000e

Top of Stack: (sp=0x00007f79c1af82c0)
0x00007f79c1af82c0:   00007f79bc388bc0 00007f79bc388bc0
0x00007f79c1af82d0:   0000000000000000 00007f793a0cd3f5
0x00007f79c1af82e0:   0000000000000000 00007f79c1af8800
0x00007f79c1af82f0:   0000000000000001 00007f793a0de5d8 

Instructions: (pc=0x00007f793a28eaf8)
0x00007f793a28e9f8:   48 bc ff eb b7 48 83 3d ab e8 ce 05 00 74 23 83
0x00007f793a28ea08:   ca ff f0 0f c1 50 f8 85 d2 7f ae 48 8d 74 24 0f
0x00007f793a28ea18:   e8 53 48 bc ff eb a2 8b 50 f8 8d 4a ff 89 48 f8
0x00007f793a28ea28:   eb c3 8b 50 f8 8d 4a ff 89 48 f8 eb da 66 2e 0f
0x00007f793a28ea38:   1f 84 00 00 00 00 00 90 f6 47 17 10 75 0a 48 8d
0x00007f793a28ea48:   05 f2 a0 6c 03 31 d2 c3 48 83 ec 18 48 8b 07 48
0x00007f793a28ea58:   8b 00 48 8b 08 8b 81 98 01 00 00 4c 8b 81 88 01
0x00007f793a28ea68:   00 00 4c 8d 89 88 01 00 00 85 c0 74 5b 89 f9 89
0x00007f793a28ea78:   fa 44 8d 50 ff c1 ea 09 c1 e9 04 31 d1 44 21 d1
0x00007f793a28ea88:   89 ce 48 c1 e6 04 4c 01 c6 48 8b 16 48 39 d7 75
0x00007f793a28ea98:   67 89 c2 48 89 e7 4c 89 c9 48 89 d0 48 c1 e0 04
0x00007f793a28eaa8:   49 8d 14 00 41 b8 01 00 00 00 e8 f9 f4 ff ff 48
0x00007f793a28eab8:   8b 04 24 48 8b 50 08 48 8d 42 10 48 8b 12 48 83
0x00007f793a28eac8:   c4 18 c3 0f 1f 44 00 00 48 c1 e0 04 48 89 e7 4c
0x00007f793a28ead8:   89 c9 49 8d 34 00 41 b8 01 00 00 00 48 89 f2 e8
0x00007f793a28eae8:   c4 f4 ff ff 48 8b 04 24 48 8b 50 08 48 8d 42 10
0x00007f793a28eaf8:   48 8b 12 48 83 c4 18 c3 be 01 00 00 00 48 81 fa
0x00007f793a28eb08:   00 f0 ff ff 74 c2 01 f1 44 8d 5e 01 44 21 d1 89
0x00007f793a28eb18:   ce 48 c1 e6 04 4c 01 c6 48 8b 16 48 39 d7 0f 84
0x00007f793a28eb28:   6d ff ff ff 44 89 de eb d4 66 2e 0f 1f 84 00 00
0x00007f793a28eb38:   00 00 00 0f 1f 44 00 00 66 48 0f 6e c6 66 48 0f
0x00007f793a28eb48:   6e ca 66 0f 6c c1 0f 11 07 45 84 c0 75 29 48 39
0x00007f793a28eb58:   d6 74 24 0f 1f 44 00 00 48 8b 06 48 3d 00 f0 ff
0x00007f793a28eb68:   ff 74 08 48 3d 00 e0 ff ff 75 0c 48 83 c6 10 48
0x00007f793a28eb78:   89 37 48 39 f2 75 e1 c3 41 57 41 56 41 55 41 54
0x00007f793a28eb88:   55 53 48 89 fb 48 83 ec 38 4c 8b 67 10 49 8b 04
0x00007f793a28eb98:   24 48 8b 00 48 8b 28 4c 8b ad 08 09 00 00 44 8b
0x00007f793a28eba8:   bd 18 09 00 00 41 f6 44 24 11 01 0f 85 67 01 00
0x00007f793a28ebb8:   00 45 85 ff 0f 84 fb 01 00 00 45 89 e6 44 89 e0
0x00007f793a28ebc8:   41 8d 77 ff c1 e8 09 41 c1 ee 04 41 31 c6 44 89
0x00007f793a28ebd8:   f1 21 f1 89 c8 48 c1 e0 04 4c 01 e8 48 8b 10 49
0x00007f793a28ebe8:   39 d4 0f 85 7c 03 00 00 48 8b 50 08 4c 89 ee 48 


Stack slot to memory mapping:
stack at sp + 0 slots: 0x00007f79bc388bc0 points into unknown readable memory: 0x0000000000000000 | 00 00 00 00 00 00 00 00
stack at sp + 1 slots: 0x00007f79bc388bc0 points into unknown readable memory: 0x0000000000000000 | 00 00 00 00 00 00 00 00
stack at sp + 2 slots: 0x0 is NULL
stack at sp + 3 slots: 0x00007f793a0cd3f5: <offset 0x0000000000ba13f5> in /home/itshandable/.javacpp/cache/llvm-13.0.1-1.5.7-linux-x86_64.jar/org/bytedeco/llvm/linux-x86_64/libLLVM-13.so at 0x00007f793952c000
stack at sp + 4 slots: 0x0 is NULL
stack at sp + 5 slots: 0x00007f79c1af8800 is pointing into the stack for thread: 0x00007f79bc016800
stack at sp + 6 slots: 0x0000000000000001 is an unknown value
stack at sp + 7 slots: 0x00007f793a0de5d8: <offset 0x0000000000bb25d8> in /home/itshandable/.javacpp/cache/llvm-13.0.1-1.5.7-linux-x86_64.jar/org/bytedeco/llvm/linux-x86_64/libLLVM-13.so at 0x00007f793952c000


---------------  P R O C E S S  ---------------

Threads class SMR info:
_java_thread_list=0x00007f7960157a10, length=13, elements={
0x00007f79bc016800, 0x00007f79bc13f800, 0x00007f79bc141800, 0x00007f79bc147800,
0x00007f79bc149800, 0x00007f79bc14c000, 0x00007f79bc14e000, 0x00007f79bc150000,
0x00007f79bc194800, 0x00007f79bc199000, 0x00007f7958001800, 0x00007f79bc19f000,
0x00007f79bc243800
}

Java Threads: ( => current thread )
=>0x00007f79bc016800 JavaThread "main" [_thread_in_native, id=11038, stack(0x00007f79c19fb000,0x00007f79c1afb000)]
  0x00007f79bc13f800 JavaThread "Reference Handler" daemon [_thread_blocked, id=11045, stack(0x00007f79946f0000,0x00007f79947f0000)]
  0x00007f79bc141800 JavaThread "Finalizer" daemon [_thread_blocked, id=11046, stack(0x00007f79945f0000,0x00007f79946f0000)]
  0x00007f79bc147800 JavaThread "Signal Dispatcher" daemon [_thread_blocked, id=11047, stack(0x00007f79944f0000,0x00007f79945f0000)]
  0x00007f79bc149800 JavaThread "Service Thread" daemon [_thread_blocked, id=11048, stack(0x00007f79943f0000,0x00007f79944f0000)]
  0x00007f79bc14c000 JavaThread "C2 CompilerThread0" daemon [_thread_blocked, id=11049, stack(0x00007f79942f0000,0x00007f79943f0000)]
  0x00007f79bc14e000 JavaThread "C1 CompilerThread0" daemon [_thread_blocked, id=11050, stack(0x00007f79941f0000,0x00007f79942f0000)]
  0x00007f79bc150000 JavaThread "Sweeper thread" daemon [_thread_blocked, id=11051, stack(0x00007f79940f0000,0x00007f79941f0000)]
  0x00007f79bc194800 JavaThread "JDWP Transport Listener: dt_socket" daemon [_thread_blocked, id=11053, stack(0x00007f796be00000,0x00007f796bf00000)]
  0x00007f79bc199000 JavaThread "JDWP Event Helper Thread" daemon [_thread_blocked, id=11054, stack(0x00007f796bd00000,0x00007f796be00000)]
  0x00007f7958001800 JavaThread "JDWP Command Reader" daemon [_thread_in_native, id=11059, stack(0x00007f796bc00000,0x00007f796bd00000)]
  0x00007f79bc19f000 JavaThread "Common-Cleaner" daemon [_thread_blocked, id=11061, stack(0x00007f796b9ff000,0x00007f796baff000)]
  0x00007f79bc243800 JavaThread "JavaCPP Deallocator" daemon [_thread_blocked, id=11064, stack(0x00007f796b8ff000,0x00007f796b9ff000)]

Other Threads:
  0x00007f79bc13c800 VMThread "VM Thread" [stack: 0x00007f79947f1000,0x00007f79948f1000] [id=11044]
  0x00007f79bc19c000 WatcherThread [stack: 0x00007f796bb00000,0x00007f796bc00000] [id=11060]
  0x00007f79bc030800 GCTaskThread "GC Thread#0" [stack: 0x00007f79c1685000,0x00007f79c1785000] [id=11039]
  0x00007f79bc062000 ConcurrentGCThread "G1 Main Marker" [stack: 0x00007f79c01ad000,0x00007f79c02ad000] [id=11040]
  0x00007f79bc063800 ConcurrentGCThread "G1 Conc#0" [stack: 0x00007f79c00ac000,0x00007f79c01ac000] [id=11041]
  0x00007f79bc108000 ConcurrentGCThread "G1 Refine#0" [stack: 0x00007f79951f3000,0x00007f79952f3000] [id=11042]
  0x00007f79bc10a000 ConcurrentGCThread "G1 Young RemSet Sampling" [stack: 0x00007f79950f2000,0x00007f79951f2000] [id=11043]

Threads with active compile tasks:

VM state:not at safepoint (normal execution)

VM Mutex/Monitor currently owned by a thread: None

Heap address: 0x0000000086000000, size: 1952 MB, Compressed Oops mode: 32-bit
Narrow klass base: 0x0000000800000000, Narrow klass shift: 3
Compressed class space size: 1073741824 Address: 0x0000000840000000

Heap:
 garbage-first heap   total 126976K, used 10960K [0x0000000086000000, 0x0000000100000000)
  region size 1024K, 12 young (12288K), 0 survivors (0K)
 Metaspace       used 3805K, capacity 6643K, committed 6912K, reserved 1056768K
  class space    used 395K, capacity 681K, committed 768K, reserved 1048576K
Heap Regions: E=young(eden), S=young(survivor), O=old, HS=humongous(starts), HC=humongous(continues), CS=collection set, F=free, A=archive, TAMS=top-at-mark-start (previous, next)
|   0|0x0000000086000000, 0x0000000086000000, 0x0000000086100000|  0%| F|  |TAMS 0x0000000086000000, 0x0000000086000000| Untracked 
|   1|0x0000000086100000, 0x0000000086100000, 0x0000000086200000|  0%| F|  |TAMS 0x0000000086100000, 0x0000000086100000| Untracked 
|   2|0x0000000086200000, 0x0000000086200000, 0x0000000086300000|  0%| F|  |TAMS 0x0000000086200000, 0x0000000086200000| Untracked 
|   3|0x0000000086300000, 0x0000000086300000, 0x0000000086400000|  0%| F|  |TAMS 0x0000000086300000, 0x0000000086300000| Untracked 
|   4|0x0000000086400000, 0x0000000086400000, 0x0000000086500000|  0%| F|  |TAMS 0x0000000086400000, 0x0000000086400000| Untracked 
|   5|0x0000000086500000, 0x0000000086500000, 0x0000000086600000|  0%| F|  |TAMS 0x0000000086500000, 0x0000000086500000| Untracked 
|   6|0x0000000086600000, 0x0000000086600000, 0x0000000086700000|  0%| F|  |TAMS 0x0000000086600000, 0x0000000086600000| Untracked 
|   7|0x0000000086700000, 0x0000000086700000, 0x0000000086800000|  0%| F|  |TAMS 0x0000000086700000, 0x0000000086700000| Untracked 
|   8|0x0000000086800000, 0x0000000086800000, 0x0000000086900000|  0%| F|  |TAMS 0x0000000086800000, 0x0000000086800000| Untracked 
|   9|0x0000000086900000, 0x0000000086900000, 0x0000000086a00000|  0%| F|  |TAMS 0x0000000086900000, 0x0000000086900000| Untracked 
|  10|0x0000000086a00000, 0x0000000086a00000, 0x0000000086b00000|  0%| F|  |TAMS 0x0000000086a00000, 0x0000000086a00000| Untracked 
|  11|0x0000000086b00000, 0x0000000086b00000, 0x0000000086c00000|  0%| F|  |TAMS 0x0000000086b00000, 0x0000000086b00000| Untracked 
|  12|0x0000000086c00000, 0x0000000086c00000, 0x0000000086d00000|  0%| F|  |TAMS 0x0000000086c00000, 0x0000000086c00000| Untracked 
|  13|0x0000000086d00000, 0x0000000086d00000, 0x0000000086e00000|  0%| F|  |TAMS 0x0000000086d00000, 0x0000000086d00000| Untracked 
|  14|0x0000000086e00000, 0x0000000086e00000, 0x0000000086f00000|  0%| F|  |TAMS 0x0000000086e00000, 0x0000000086e00000| Untracked 
|  15|0x0000000086f00000, 0x0000000086f00000, 0x0000000087000000|  0%| F|  |TAMS 0x0000000086f00000, 0x0000000086f00000| Untracked 
|  16|0x0000000087000000, 0x0000000087000000, 0x0000000087100000|  0%| F|  |TAMS 0x0000000087000000, 0x0000000087000000| Untracked 
|  17|0x0000000087100000, 0x0000000087100000, 0x0000000087200000|  0%| F|  |TAMS 0x0000000087100000, 0x0000000087100000| Untracked 
|  18|0x0000000087200000, 0x0000000087200000, 0x0000000087300000|  0%| F|  |TAMS 0x0000000087200000, 0x0000000087200000| Untracked 
|  19|0x0000000087300000, 0x0000000087300000, 0x0000000087400000|  0%| F|  |TAMS 0x0000000087300000, 0x0000000087300000| Untracked 
|  20|0x0000000087400000, 0x0000000087400000, 0x0000000087500000|  0%| F|  |TAMS 0x0000000087400000, 0x0000000087400000| Untracked 
|  21|0x0000000087500000, 0x0000000087500000, 0x0000000087600000|  0%| F|  |TAMS 0x0000000087500000, 0x0000000087500000| Untracked 
|  22|0x0000000087600000, 0x0000000087600000, 0x0000000087700000|  0%| F|  |TAMS 0x0000000087600000, 0x0000000087600000| Untracked 
|  23|0x0000000087700000, 0x0000000087700000, 0x0000000087800000|  0%| F|  |TAMS 0x0000000087700000, 0x0000000087700000| Untracked 
|  24|0x0000000087800000, 0x0000000087800000, 0x0000000087900000|  0%| F|  |TAMS 0x0000000087800000, 0x0000000087800000| Untracked 
|  25|0x0000000087900000, 0x0000000087900000, 0x0000000087a00000|  0%| F|  |TAMS 0x0000000087900000, 0x0000000087900000| Untracked 
|  26|0x0000000087a00000, 0x0000000087a00000, 0x0000000087b00000|  0%| F|  |TAMS 0x0000000087a00000, 0x0000000087a00000| Untracked 
|  27|0x0000000087b00000, 0x0000000087b00000, 0x0000000087c00000|  0%| F|  |TAMS 0x0000000087b00000, 0x0000000087b00000| Untracked 
|  28|0x0000000087c00000, 0x0000000087c00000, 0x0000000087d00000|  0%| F|  |TAMS 0x0000000087c00000, 0x0000000087c00000| Untracked 
|  29|0x0000000087d00000, 0x0000000087d00000, 0x0000000087e00000|  0%| F|  |TAMS 0x0000000087d00000, 0x0000000087d00000| Untracked 
|  30|0x0000000087e00000, 0x0000000087e00000, 0x0000000087f00000|  0%| F|  |TAMS 0x0000000087e00000, 0x0000000087e00000| Untracked 
|  31|0x0000000087f00000, 0x0000000087f00000, 0x0000000088000000|  0%| F|  |TAMS 0x0000000087f00000, 0x0000000087f00000| Untracked 
|  32|0x0000000088000000, 0x0000000088000000, 0x0000000088100000|  0%| F|  |TAMS 0x0000000088000000, 0x0000000088000000| Untracked 
|  33|0x0000000088100000, 0x0000000088100000, 0x0000000088200000|  0%| F|  |TAMS 0x0000000088100000, 0x0000000088100000| Untracked 
|  34|0x0000000088200000, 0x0000000088200000, 0x0000000088300000|  0%| F|  |TAMS 0x0000000088200000, 0x0000000088200000| Untracked 
|  35|0x0000000088300000, 0x0000000088300000, 0x0000000088400000|  0%| F|  |TAMS 0x0000000088300000, 0x0000000088300000| Untracked 
|  36|0x0000000088400000, 0x0000000088400000, 0x0000000088500000|  0%| F|  |TAMS 0x0000000088400000, 0x0000000088400000| Untracked 
|  37|0x0000000088500000, 0x0000000088500000, 0x0000000088600000|  0%| F|  |TAMS 0x0000000088500000, 0x0000000088500000| Untracked 
|  38|0x0000000088600000, 0x0000000088600000, 0x0000000088700000|  0%| F|  |TAMS 0x0000000088600000, 0x0000000088600000| Untracked 
|  39|0x0000000088700000, 0x0000000088700000, 0x0000000088800000|  0%| F|  |TAMS 0x0000000088700000, 0x0000000088700000| Untracked 
|  40|0x0000000088800000, 0x0000000088800000, 0x0000000088900000|  0%| F|  |TAMS 0x0000000088800000, 0x0000000088800000| Untracked 
|  41|0x0000000088900000, 0x0000000088900000, 0x0000000088a00000|  0%| F|  |TAMS 0x0000000088900000, 0x0000000088900000| Untracked 
|  42|0x0000000088a00000, 0x0000000088a00000, 0x0000000088b00000|  0%| F|  |TAMS 0x0000000088a00000, 0x0000000088a00000| Untracked 
|  43|0x0000000088b00000, 0x0000000088b00000, 0x0000000088c00000|  0%| F|  |TAMS 0x0000000088b00000, 0x0000000088b00000| Untracked 
|  44|0x0000000088c00000, 0x0000000088c00000, 0x0000000088d00000|  0%| F|  |TAMS 0x0000000088c00000, 0x0000000088c00000| Untracked 
|  45|0x0000000088d00000, 0x0000000088d00000, 0x0000000088e00000|  0%| F|  |TAMS 0x0000000088d00000, 0x0000000088d00000| Untracked 
|  46|0x0000000088e00000, 0x0000000088e00000, 0x0000000088f00000|  0%| F|  |TAMS 0x0000000088e00000, 0x0000000088e00000| Untracked 
|  47|0x0000000088f00000, 0x0000000088f00000, 0x0000000089000000|  0%| F|  |TAMS 0x0000000088f00000, 0x0000000088f00000| Untracked 
|  48|0x0000000089000000, 0x0000000089000000, 0x0000000089100000|  0%| F|  |TAMS 0x0000000089000000, 0x0000000089000000| Untracked 
|  49|0x0000000089100000, 0x0000000089100000, 0x0000000089200000|  0%| F|  |TAMS 0x0000000089100000, 0x0000000089100000| Untracked 
|  50|0x0000000089200000, 0x0000000089200000, 0x0000000089300000|  0%| F|  |TAMS 0x0000000089200000, 0x0000000089200000| Untracked 
|  51|0x0000000089300000, 0x0000000089300000, 0x0000000089400000|  0%| F|  |TAMS 0x0000000089300000, 0x0000000089300000| Untracked 
|  52|0x0000000089400000, 0x0000000089400000, 0x0000000089500000|  0%| F|  |TAMS 0x0000000089400000, 0x0000000089400000| Untracked 
|  53|0x0000000089500000, 0x0000000089500000, 0x0000000089600000|  0%| F|  |TAMS 0x0000000089500000, 0x0000000089500000| Untracked 
|  54|0x0000000089600000, 0x0000000089600000, 0x0000000089700000|  0%| F|  |TAMS 0x0000000089600000, 0x0000000089600000| Untracked 
|  55|0x0000000089700000, 0x0000000089700000, 0x0000000089800000|  0%| F|  |TAMS 0x0000000089700000, 0x0000000089700000| Untracked 
|  56|0x0000000089800000, 0x0000000089800000, 0x0000000089900000|  0%| F|  |TAMS 0x0000000089800000, 0x0000000089800000| Untracked 
|  57|0x0000000089900000, 0x0000000089900000, 0x0000000089a00000|  0%| F|  |TAMS 0x0000000089900000, 0x0000000089900000| Untracked 
|  58|0x0000000089a00000, 0x0000000089a00000, 0x0000000089b00000|  0%| F|  |TAMS 0x0000000089a00000, 0x0000000089a00000| Untracked 
|  59|0x0000000089b00000, 0x0000000089b00000, 0x0000000089c00000|  0%| F|  |TAMS 0x0000000089b00000, 0x0000000089b00000| Untracked 
|  60|0x0000000089c00000, 0x0000000089c00000, 0x0000000089d00000|  0%| F|  |TAMS 0x0000000089c00000, 0x0000000089c00000| Untracked 
|  61|0x0000000089d00000, 0x0000000089d00000, 0x0000000089e00000|  0%| F|  |TAMS 0x0000000089d00000, 0x0000000089d00000| Untracked 
|  62|0x0000000089e00000, 0x0000000089e00000, 0x0000000089f00000|  0%| F|  |TAMS 0x0000000089e00000, 0x0000000089e00000| Untracked 
|  63|0x0000000089f00000, 0x0000000089f00000, 0x000000008a000000|  0%| F|  |TAMS 0x0000000089f00000, 0x0000000089f00000| Untracked 
|  64|0x000000008a000000, 0x000000008a000000, 0x000000008a100000|  0%| F|  |TAMS 0x000000008a000000, 0x000000008a000000| Untracked 
|  65|0x000000008a100000, 0x000000008a100000, 0x000000008a200000|  0%| F|  |TAMS 0x000000008a100000, 0x000000008a100000| Untracked 
|  66|0x000000008a200000, 0x000000008a200000, 0x000000008a300000|  0%| F|  |TAMS 0x000000008a200000, 0x000000008a200000| Untracked 
|  67|0x000000008a300000, 0x000000008a300000, 0x000000008a400000|  0%| F|  |TAMS 0x000000008a300000, 0x000000008a300000| Untracked 
|  68|0x000000008a400000, 0x000000008a400000, 0x000000008a500000|  0%| F|  |TAMS 0x000000008a400000, 0x000000008a400000| Untracked 
|  69|0x000000008a500000, 0x000000008a500000, 0x000000008a600000|  0%| F|  |TAMS 0x000000008a500000, 0x000000008a500000| Untracked 
|  70|0x000000008a600000, 0x000000008a600000, 0x000000008a700000|  0%| F|  |TAMS 0x000000008a600000, 0x000000008a600000| Untracked 
|  71|0x000000008a700000, 0x000000008a700000, 0x000000008a800000|  0%| F|  |TAMS 0x000000008a700000, 0x000000008a700000| Untracked 
|  72|0x000000008a800000, 0x000000008a800000, 0x000000008a900000|  0%| F|  |TAMS 0x000000008a800000, 0x000000008a800000| Untracked 
|  73|0x000000008a900000, 0x000000008a900000, 0x000000008aa00000|  0%| F|  |TAMS 0x000000008a900000, 0x000000008a900000| Untracked 
|  74|0x000000008aa00000, 0x000000008aa00000, 0x000000008ab00000|  0%| F|  |TAMS 0x000000008aa00000, 0x000000008aa00000| Untracked 
|  75|0x000000008ab00000, 0x000000008ab00000, 0x000000008ac00000|  0%| F|  |TAMS 0x000000008ab00000, 0x000000008ab00000| Untracked 
|  76|0x000000008ac00000, 0x000000008ac00000, 0x000000008ad00000|  0%| F|  |TAMS 0x000000008ac00000, 0x000000008ac00000| Untracked 
|  77|0x000000008ad00000, 0x000000008ad00000, 0x000000008ae00000|  0%| F|  |TAMS 0x000000008ad00000, 0x000000008ad00000| Untracked 
|  78|0x000000008ae00000, 0x000000008ae00000, 0x000000008af00000|  0%| F|  |TAMS 0x000000008ae00000, 0x000000008ae00000| Untracked 
|  79|0x000000008af00000, 0x000000008af00000, 0x000000008b000000|  0%| F|  |TAMS 0x000000008af00000, 0x000000008af00000| Untracked 
|  80|0x000000008b000000, 0x000000008b000000, 0x000000008b100000|  0%| F|  |TAMS 0x000000008b000000, 0x000000008b000000| Untracked 
|  81|0x000000008b100000, 0x000000008b100000, 0x000000008b200000|  0%| F|  |TAMS 0x000000008b100000, 0x000000008b100000| Untracked 
|  82|0x000000008b200000, 0x000000008b200000, 0x000000008b300000|  0%| F|  |TAMS 0x000000008b200000, 0x000000008b200000| Untracked 
|  83|0x000000008b300000, 0x000000008b300000, 0x000000008b400000|  0%| F|  |TAMS 0x000000008b300000, 0x000000008b300000| Untracked 
|  84|0x000000008b400000, 0x000000008b400000, 0x000000008b500000|  0%| F|  |TAMS 0x000000008b400000, 0x000000008b400000| Untracked 
|  85|0x000000008b500000, 0x000000008b500000, 0x000000008b600000|  0%| F|  |TAMS 0x000000008b500000, 0x000000008b500000| Untracked 
|  86|0x000000008b600000, 0x000000008b600000, 0x000000008b700000|  0%| F|  |TAMS 0x000000008b600000, 0x000000008b600000| Untracked 
|  87|0x000000008b700000, 0x000000008b700000, 0x000000008b800000|  0%| F|  |TAMS 0x000000008b700000, 0x000000008b700000| Untracked 
|  88|0x000000008b800000, 0x000000008b800000, 0x000000008b900000|  0%| F|  |TAMS 0x000000008b800000, 0x000000008b800000| Untracked 
|  89|0x000000008b900000, 0x000000008b900000, 0x000000008ba00000|  0%| F|  |TAMS 0x000000008b900000, 0x000000008b900000| Untracked 
|  90|0x000000008ba00000, 0x000000008ba00000, 0x000000008bb00000|  0%| F|  |TAMS 0x000000008ba00000, 0x000000008ba00000| Untracked 
|  91|0x000000008bb00000, 0x000000008bb00000, 0x000000008bc00000|  0%| F|  |TAMS 0x000000008bb00000, 0x000000008bb00000| Untracked 
|  92|0x000000008bc00000, 0x000000008bc00000, 0x000000008bd00000|  0%| F|  |TAMS 0x000000008bc00000, 0x000000008bc00000| Untracked 
|  93|0x000000008bd00000, 0x000000008bd00000, 0x000000008be00000|  0%| F|  |TAMS 0x000000008bd00000, 0x000000008bd00000| Untracked 
|  94|0x000000008be00000, 0x000000008be00000, 0x000000008bf00000|  0%| F|  |TAMS 0x000000008be00000, 0x000000008be00000| Untracked 
|  95|0x000000008bf00000, 0x000000008bf00000, 0x000000008c000000|  0%| F|  |TAMS 0x000000008bf00000, 0x000000008bf00000| Untracked 
|  96|0x000000008c000000, 0x000000008c000000, 0x000000008c100000|  0%| F|  |TAMS 0x000000008c000000, 0x000000008c000000| Untracked 
|  97|0x000000008c100000, 0x000000008c100000, 0x000000008c200000|  0%| F|  |TAMS 0x000000008c100000, 0x000000008c100000| Untracked 
|  98|0x000000008c200000, 0x000000008c200000, 0x000000008c300000|  0%| F|  |TAMS 0x000000008c200000, 0x000000008c200000| Untracked 
|  99|0x000000008c300000, 0x000000008c300000, 0x000000008c400000|  0%| F|  |TAMS 0x000000008c300000, 0x000000008c300000| Untracked 
| 100|0x000000008c400000, 0x000000008c400000, 0x000000008c500000|  0%| F|  |TAMS 0x000000008c400000, 0x000000008c400000| Untracked 
| 101|0x000000008c500000, 0x000000008c500000, 0x000000008c600000|  0%| F|  |TAMS 0x000000008c500000, 0x000000008c500000| Untracked 
| 102|0x000000008c600000, 0x000000008c600000, 0x000000008c700000|  0%| F|  |TAMS 0x000000008c600000, 0x000000008c600000| Untracked 
| 103|0x000000008c700000, 0x000000008c700000, 0x000000008c800000|  0%| F|  |TAMS 0x000000008c700000, 0x000000008c700000| Untracked 
| 104|0x000000008c800000, 0x000000008c800000, 0x000000008c900000|  0%| F|  |TAMS 0x000000008c800000, 0x000000008c800000| Untracked 
| 105|0x000000008c900000, 0x000000008c900000, 0x000000008ca00000|  0%| F|  |TAMS 0x000000008c900000, 0x000000008c900000| Untracked 
| 106|0x000000008ca00000, 0x000000008ca00000, 0x000000008cb00000|  0%| F|  |TAMS 0x000000008ca00000, 0x000000008ca00000| Untracked 
| 107|0x000000008cb00000, 0x000000008cb00000, 0x000000008cc00000|  0%| F|  |TAMS 0x000000008cb00000, 0x000000008cb00000| Untracked 
| 108|0x000000008cc00000, 0x000000008cc00000, 0x000000008cd00000|  0%| F|  |TAMS 0x000000008cc00000, 0x000000008cc00000| Untracked 
| 109|0x000000008cd00000, 0x000000008cd00000, 0x000000008ce00000|  0%| F|  |TAMS 0x000000008cd00000, 0x000000008cd00000| Untracked 
| 110|0x000000008ce00000, 0x000000008ce7b638, 0x000000008cf00000| 48%| E|  |TAMS 0x000000008ce00000, 0x000000008ce00000| Complete 
| 111|0x000000008cf00000, 0x000000008d000000, 0x000000008d000000|100%| E|CS|TAMS 0x000000008cf00000, 0x000000008cf00000| Complete 
| 112|0x000000008d000000, 0x000000008d100000, 0x000000008d100000|100%| E|CS|TAMS 0x000000008d000000, 0x000000008d000000| Complete 
| 113|0x000000008d100000, 0x000000008d200000, 0x000000008d200000|100%| E|CS|TAMS 0x000000008d100000, 0x000000008d100000| Complete 
| 114|0x000000008d200000, 0x000000008d300000, 0x000000008d300000|100%| E|CS|TAMS 0x000000008d200000, 0x000000008d200000| Complete 
| 115|0x000000008d300000, 0x000000008d400000, 0x000000008d400000|100%| E|  |TAMS 0x000000008d300000, 0x000000008d300000| Complete 
| 116|0x000000008d400000, 0x000000008d500000, 0x000000008d500000|100%| E|CS|TAMS 0x000000008d400000, 0x000000008d400000| Complete 
| 117|0x000000008d500000, 0x000000008d600000, 0x000000008d600000|100%| E|CS|TAMS 0x000000008d500000, 0x000000008d500000| Complete 
| 118|0x000000008d600000, 0x000000008d700000, 0x000000008d700000|100%| E|CS|TAMS 0x000000008d600000, 0x000000008d600000| Complete 
| 119|0x000000008d700000, 0x000000008d800000, 0x000000008d800000|100%| E|CS|TAMS 0x000000008d700000, 0x000000008d700000| Complete 
| 120|0x000000008d800000, 0x000000008d900000, 0x000000008d900000|100%| E|CS|TAMS 0x000000008d800000, 0x000000008d800000| Complete 
| 121|0x000000008d900000, 0x000000008da00000, 0x000000008da00000|100%| E|CS|TAMS 0x000000008d900000, 0x000000008d900000| Complete 
|1950|0x00000000ffe00000, 0x00000000ffe48000, 0x00000000fff00000| 28%|OA|  |TAMS 0x00000000ffe00000, 0x00000000ffe00000| Untracked 
|1951|0x00000000fff00000, 0x00000000fff6c000, 0x0000000100000000| 42%|CA|  |TAMS 0x00000000fff00000, 0x00000000fff00000| Untracked 

Card table byte_map: [0x00007f79a43ef000,0x00007f79a47bf000] _byte_map_base: 0x00007f79a3fbf000

Marking Bits (Prev, Next): (CMBitMap*) 0x00007f79bc059478, (CMBitMap*) 0x00007f79bc0594b0
 Prev Bits: [0x00007f799e180000, 0x00007f79a0000000)
 Next Bits: [0x00007f799c300000, 0x00007f799e180000)

Polling page: 0x00007f79c336c000

Metaspace:

Usage:
  Non-class:      5.82 MB capacity,     3.33 MB ( 57%) used,     2.49 MB ( 43%) free+waste,     5.69 KB ( <1%) overhead. 
      Class:    681.00 KB capacity,   395.27 KB ( 58%) used,   282.86 KB ( 42%) free+waste,     2.88 KB ( <1%) overhead. 
       Both:      6.49 MB capacity,     3.72 MB ( 57%) used,     2.76 MB ( 43%) free+waste,     8.56 KB ( <1%) overhead. 

Virtual space:
  Non-class space:        8.00 MB reserved,       6.00 MB ( 75%) committed 
      Class space:        1.00 GB reserved,     768.00 KB ( <1%) committed 
             Both:        1.01 GB reserved,       6.75 MB ( <1%) committed 

Chunk freelists:
   Non-Class:  50.00 KB
       Class:  0 bytes
        Both:  50.00 KB

MaxMetaspaceSize: unlimited
CompressedClassSpaceSize: 1.00 GB
Initial GC threshold: 20.80 MB
Current GC threshold: 20.80 MB
CDS: on

CodeHeap 'non-profiled nmethods': size=119172Kb used=246Kb max_used=246Kb free=118925Kb
 bounds [0x00007f79ac35e000, 0x00007f79ac5ce000, 0x00007f79b37bf000]
CodeHeap 'profiled nmethods': size=119168Kb used=1793Kb max_used=1793Kb free=117374Kb
 bounds [0x00007f79a4efe000, 0x00007f79a516e000, 0x00007f79ac35e000]
CodeHeap 'non-nmethods': size=7420Kb used=1203Kb max_used=1777Kb free=6216Kb
 bounds [0x00007f79a47bf000, 0x00007f79a4a2f000, 0x00007f79a4efe000]
 total_blobs=1316 nmethods=918 adapters=320
 compilation: enabled
              stopped_count=0, restarted_count=0
 full_count=0

Compilation events (20 events):
Event: 3.892 Thread 0x00007f79bc14e000 nmethod 906 0x00007f79a50b9290 code [0x00007f79a50b9460, 0x00007f79a50b96e0]
Event: 3.892 Thread 0x00007f79bc14e000  907       3       java.util.HashMap::isEmpty (13 bytes)
Event: 3.892 Thread 0x00007f79bc14e000 nmethod 907 0x00007f79a50b9810 code [0x00007f79a50b99c0, 0x00007f79a50b9b30]
Event: 3.892 Thread 0x00007f79bc14e000  909   !   3       java.nio.charset.Charset::defaultCharset (53 bytes)
Event: 3.892 Thread 0x00007f79bc14e000 nmethod 909 0x00007f79a50b9b90 code [0x00007f79a50b9e40, 0x00007f79a50bab10]
Event: 3.892 Thread 0x00007f79bc14e000  915       3       java.util.HashSet::<init> (16 bytes)
Event: 3.893 Thread 0x00007f79bc14e000 nmethod 915 0x00007f79a50bb010 code [0x00007f79a50bb200, 0x00007f79a50bb630]
Event: 3.893 Thread 0x00007f79bc14e000  914       3       org.bytedeco.llvm.LLVM.LLVMValueRef::<init> (6 bytes)
Event: 3.893 Thread 0x00007f79bc14c000 nmethod 910 0x00007f79ac39b190 code [0x00007f79ac39b340, 0x00007f79ac39b468]
Event: 3.893 Thread 0x00007f79bc14c000  916       4       java.util.HashMap::newNode (13 bytes)
Event: 3.893 Thread 0x00007f79bc14e000 nmethod 914 0x00007f79a50bb790 code [0x00007f79a50bb940, 0x00007f79a50bbaa0]
Event: 3.893 Thread 0x00007f79bc14e000  908       3       java.util.HashSet::remove (20 bytes)
Event: 3.893 Thread 0x00007f79bc14e000 nmethod 908 0x00007f79a50bbb90 code [0x00007f79a50bbd80, 0x00007f79a50bc270]
Event: 3.893 Thread 0x00007f79bc14e000  911       3       java.lang.String::<init> (9 bytes)
Event: 3.893 Thread 0x00007f79bc14e000 nmethod 911 0x00007f79a50bc410 code [0x00007f79a50bc5c0, 0x00007f79a50bc720]
Event: 3.893 Thread 0x00007f79bc14e000  912       3       java.lang.String::<init> (38 bytes)
Event: 3.893 Thread 0x00007f79bc14e000 nmethod 912 0x00007f79a50bc810 code [0x00007f79a50bc9e0, 0x00007f79a50bcc50]
Event: 3.893 Thread 0x00007f79bc14e000  913       3       java.lang.StringCoding::decode (112 bytes)
Event: 3.894 Thread 0x00007f79bc14e000 nmethod 913 0x00007f79a50bcd90 code [0x00007f79a50bd080, 0x00007f79a50be0d0]
Event: 3.895 Thread 0x00007f79bc14c000 nmethod 916 0x00007f79ac39b590 code [0x00007f79ac39b720, 0x00007f79ac39ba38]

GC Heap History (0 events):
No events

Deoptimization events (20 events):
Event: 1.415 Thread 0x00007f79bc016800 DEOPT PACKING pc=0x00007f79ac36ec5c sp=0x00007f79c1af7cf0
Event: 1.415 Thread 0x00007f79bc016800 DEOPT UNPACKING pc=0x00007f79a4808ea5 sp=0x00007f79c1af7c80 mode 2
Event: 1.469 Thread 0x00007f79bc016800 DEOPT PACKING pc=0x00007f79a4f5c5fe sp=0x00007f79c1af8880
Event: 1.469 Thread 0x00007f79bc016800 DEOPT UNPACKING pc=0x00007f79a480964a sp=0x00007f79c1af7d08 mode 0
Event: 1.484 Thread 0x00007f79bc016800 DEOPT PACKING pc=0x00007f79a4f88af4 sp=0x00007f79c1af87d0
Event: 1.484 Thread 0x00007f79bc016800 DEOPT UNPACKING pc=0x00007f79a480964a sp=0x00007f79c1af7d38 mode 1
Event: 1.486 Thread 0x00007f79bc016800 DEOPT PACKING pc=0x00007f79a4f88af4 sp=0x00007f79c1af87d0
Event: 1.486 Thread 0x00007f79bc016800 DEOPT UNPACKING pc=0x00007f79a480964a sp=0x00007f79c1af7d38 mode 1
Event: 1.490 Thread 0x00007f79bc016800 Uncommon trap: trap_request=0xffffff4d fr.pc=0x00007f79ac38275c relative=0x000000000000019c
Event: 1.490 Thread 0x00007f79bc016800 Uncommon trap: reason=unstable_if action=reinterpret pc=0x00007f79ac38275c method=java.util.zip.ZipFile$Source.isMetaName([BII)Z @ 57 c2
Event: 1.490 Thread 0x00007f79bc016800 DEOPT PACKING pc=0x00007f79ac38275c sp=0x00007f79c1af51d0
Event: 1.490 Thread 0x00007f79bc016800 DEOPT UNPACKING pc=0x00007f79a4808ea5 sp=0x00007f79c1af5198 mode 2
Event: 1.509 Thread 0x00007f79bc016800 DEOPT PACKING pc=0x00007f79a4fe448a sp=0x00007f79c1af8460
Event: 1.509 Thread 0x00007f79bc016800 DEOPT UNPACKING pc=0x00007f79a480964a sp=0x00007f79c1af7908 mode 0
Event: 1.659 Thread 0x00007f79bc016800 DEOPT PACKING pc=0x00007f79a4f37ae2 sp=0x00007f79c1af6ce0
Event: 1.659 Thread 0x00007f79bc016800 DEOPT UNPACKING pc=0x00007f79a480964a sp=0x00007f79c1af61f0 mode 0
Event: 1.751 Thread 0x00007f79bc016800 Uncommon trap: trap_request=0xffffff76 fr.pc=0x00007f79ac367ae8 relative=0x0000000000000148
Event: 1.751 Thread 0x00007f79bc016800 Uncommon trap: reason=loop_limit_check action=maybe_recompile pc=0x00007f79ac367ae8 method=java.lang.StringLatin1.lastIndexOf([BII)I @ 19 c2
Event: 1.751 Thread 0x00007f79bc016800 DEOPT PACKING pc=0x00007f79ac367ae8 sp=0x00007f79c1af9260
Event: 1.751 Thread 0x00007f79bc016800 DEOPT UNPACKING pc=0x00007f79a4808ea5 sp=0x00007f79c1af9210 mode 2

Classes redefined (0 events):
No events

Internal exceptions (20 events):
Event: 1.486 Thread 0x00007f79bc016800 Exception <a 'java/security/PrivilegedActionException'{0x000000008d3b6688}> (0x000000008d3b6688) thrown at [./src/hotspot/share/prims/jvm.cpp, line 1304]
Event: 1.486 Thread 0x00007f79bc016800 Exception <a 'java/security/PrivilegedActionException'{0x000000008d3b6958}> (0x000000008d3b6958) thrown at [./src/hotspot/share/prims/jvm.cpp, line 1304]
Event: 1.486 Thread 0x00007f79bc016800 Exception <a 'java/security/PrivilegedActionException'{0x000000008d3b7368}> (0x000000008d3b7368) thrown at [./src/hotspot/share/prims/jvm.cpp, line 1304]
Event: 1.486 Thread 0x00007f79bc016800 Exception <a 'java/security/PrivilegedActionException'{0x000000008d3b7638}> (0x000000008d3b7638) thrown at [./src/hotspot/share/prims/jvm.cpp, line 1304]
Event: 1.486 Thread 0x00007f79bc016800 Exception <a 'java/security/PrivilegedActionException'{0x000000008d3b8068}> (0x000000008d3b8068) thrown at [./src/hotspot/share/prims/jvm.cpp, line 1304]
Event: 1.486 Thread 0x00007f79bc016800 Exception <a 'java/security/PrivilegedActionException'{0x000000008d3b8338}> (0x000000008d3b8338) thrown at [./src/hotspot/share/prims/jvm.cpp, line 1304]
Event: 1.486 Thread 0x00007f79bc016800 Exception <a 'java/security/PrivilegedActionException'{0x000000008d3b8d50}> (0x000000008d3b8d50) thrown at [./src/hotspot/share/prims/jvm.cpp, line 1304]
Event: 1.486 Thread 0x00007f79bc016800 Exception <a 'java/security/PrivilegedActionException'{0x000000008d3b9020}> (0x000000008d3b9020) thrown at [./src/hotspot/share/prims/jvm.cpp, line 1304]
Event: 1.486 Thread 0x00007f79bc016800 Exception <a 'java/security/PrivilegedActionException'{0x000000008d3b9a38}> (0x000000008d3b9a38) thrown at [./src/hotspot/share/prims/jvm.cpp, line 1304]
Event: 1.486 Thread 0x00007f79bc016800 Exception <a 'java/security/PrivilegedActionException'{0x000000008d3b9d08}> (0x000000008d3b9d08) thrown at [./src/hotspot/share/prims/jvm.cpp, line 1304]
Event: 1.486 Thread 0x00007f79bc016800 Exception <a 'java/security/PrivilegedActionException'{0x000000008d3ba740}> (0x000000008d3ba740) thrown at [./src/hotspot/share/prims/jvm.cpp, line 1304]
Event: 1.486 Thread 0x00007f79bc016800 Exception <a 'java/security/PrivilegedActionException'{0x000000008d3baa10}> (0x000000008d3baa10) thrown at [./src/hotspot/share/prims/jvm.cpp, line 1304]
Event: 1.486 Thread 0x00007f79bc016800 Exception <a 'java/security/PrivilegedActionException'{0x000000008d3bb440}> (0x000000008d3bb440) thrown at [./src/hotspot/share/prims/jvm.cpp, line 1304]
Event: 1.486 Thread 0x00007f79bc016800 Exception <a 'java/security/PrivilegedActionException'{0x000000008d3bb710}> (0x000000008d3bb710) thrown at [./src/hotspot/share/prims/jvm.cpp, line 1304]
Event: 1.486 Thread 0x00007f79bc016800 Exception <a 'java/security/PrivilegedActionException'{0x000000008d3bc148}> (0x000000008d3bc148) thrown at [./src/hotspot/share/prims/jvm.cpp, line 1304]
Event: 1.486 Thread 0x00007f79bc016800 Exception <a 'java/security/PrivilegedActionException'{0x000000008d3bc418}> (0x000000008d3bc418) thrown at [./src/hotspot/share/prims/jvm.cpp, line 1304]
Event: 1.486 Thread 0x00007f79bc016800 Exception <a 'java/security/PrivilegedActionException'{0x000000008d3bce30}> (0x000000008d3bce30) thrown at [./src/hotspot/share/prims/jvm.cpp, line 1304]
Event: 1.486 Thread 0x00007f79bc016800 Exception <a 'java/security/PrivilegedActionException'{0x000000008d3bd100}> (0x000000008d3bd100) thrown at [./src/hotspot/share/prims/jvm.cpp, line 1304]
Event: 1.486 Thread 0x00007f79bc016800 Exception <a 'java/security/PrivilegedActionException'{0x000000008d3bdb50}> (0x000000008d3bdb50) thrown at [./src/hotspot/share/prims/jvm.cpp, line 1304]
Event: 1.486 Thread 0x00007f79bc016800 Exception <a 'java/security/PrivilegedActionException'{0x000000008d3bde20}> (0x000000008d3bde20) thrown at [./src/hotspot/share/prims/jvm.cpp, line 1304]

Events (20 events):
Event: 13.240 Executing VM operation: GetFrameCount
Event: 13.240 Executing VM operation: GetFrameCount done
Event: 13.241 Executing VM operation: GetFrameCount
Event: 13.241 Executing VM operation: GetFrameCount done
Event: 13.241 Executing VM operation: GetStackTrace
Event: 13.241 Executing VM operation: GetStackTrace done
Event: 13.243 Executing VM operation: GetFrameLocation
Event: 13.243 Executing VM operation: GetFrameLocation done
Event: 13.243 Executing VM operation: GetOrSetLocal
Event: 13.243 Executing VM operation: GetOrSetLocal done
Event: 20.859 Executing VM operation: GetFrameCount
Event: 20.859 Executing VM operation: GetFrameCount done
Event: 20.860 Executing VM operation: GetFrameCount
Event: 20.860 Executing VM operation: GetFrameCount done
Event: 20.860 Executing VM operation: GetStackTrace
Event: 20.860 Executing VM operation: GetStackTrace done
Event: 20.863 Executing VM operation: GetFrameLocation
Event: 20.863 Executing VM operation: GetFrameLocation done
Event: 20.863 Executing VM operation: GetOrSetLocal
Event: 20.863 Executing VM operation: GetOrSetLocal done


Dynamic libraries:
86000000-8da00000 rw-p 00000000 00:00 0 
8da00000-ffe00000 ---p 00000000 00:00 0 
ffe00000-ffe48000 rw-p 00b14000 08:20 29394                              /usr/lib/jvm/java-11-openjdk-amd64/lib/server/classes.jsa
ffe48000-fff00000 rw-p 00000000 00:00 0 
fff00000-fff6c000 rw-p 00aa8000 08:20 29394                              /usr/lib/jvm/java-11-openjdk-amd64/lib/server/classes.jsa
fff6c000-100000000 rw-p 00000000 00:00 0 
800000000-800002000 rwxp 00001000 08:20 29394                            /usr/lib/jvm/java-11-openjdk-amd64/lib/server/classes.jsa
800002000-800aa7000 rw-p 00003000 08:20 29394                            /usr/lib/jvm/java-11-openjdk-amd64/lib/server/classes.jsa
840000000-8400c0000 rw-p 00000000 00:00 0 
8400c0000-880000000 ---p 00000000 00:00 0 
5596431c7000-5596431c8000 r--p 00000000 08:20 58380                      /usr/lib/jvm/java-11-openjdk-amd64/bin/java
5596431c8000-5596431c9000 r-xp 00001000 08:20 58380                      /usr/lib/jvm/java-11-openjdk-amd64/bin/java
5596431c9000-5596431ca000 r--p 00002000 08:20 58380                      /usr/lib/jvm/java-11-openjdk-amd64/bin/java
5596431ca000-5596431cb000 r--p 00002000 08:20 58380                      /usr/lib/jvm/java-11-openjdk-amd64/bin/java
5596431cb000-5596431cc000 rw-p 00003000 08:20 58380                      /usr/lib/jvm/java-11-openjdk-amd64/bin/java
559668307000-559668328000 rw-p 00000000 00:00 0                          [heap]
7f793952c000-7f7939e52000 r--p 00000000 08:20 227212                     /home/itshandable/.javacpp/cache/llvm-13.0.1-1.5.7-linux-x86_64.jar/org/bytedeco/llvm/linux-x86_64/libLLVM-13.so
7f7939e52000-7f793d815000 r-xp 00926000 08:20 227212                     /home/itshandable/.javacpp/cache/llvm-13.0.1-1.5.7-linux-x86_64.jar/org/bytedeco/llvm/linux-x86_64/libLLVM-13.so
7f793d815000-7f793fa6a000 r--p 042e9000 08:20 227212                     /home/itshandable/.javacpp/cache/llvm-13.0.1-1.5.7-linux-x86_64.jar/org/bytedeco/llvm/linux-x86_64/libLLVM-13.so
7f793fa6a000-7f793ff7f000 r--p 0653d000 08:20 227212                     /home/itshandable/.javacpp/cache/llvm-13.0.1-1.5.7-linux-x86_64.jar/org/bytedeco/llvm/linux-x86_64/libLLVM-13.so
7f793ff7f000-7f793ff8a000 rw-p 06a52000 08:20 227212                     /home/itshandable/.javacpp/cache/llvm-13.0.1-1.5.7-linux-x86_64.jar/org/bytedeco/llvm/linux-x86_64/libLLVM-13.so
7f793ff8a000-7f7940000000 rw-p 00000000 00:00 0 
7f7940000000-7f7940029000 rw-p 00000000 00:00 0 
7f7940029000-7f7944000000 ---p 00000000 00:00 0 
7f7948000000-7f7948021000 rw-p 00000000 00:00 0 
7f7948021000-7f794c000000 ---p 00000000 00:00 0 
7f794c000000-7f794c021000 rw-p 00000000 00:00 0 
7f794c021000-7f7950000000 ---p 00000000 00:00 0 
7f7950000000-7f7950021000 rw-p 00000000 00:00 0 
7f7950021000-7f7954000000 ---p 00000000 00:00 0 
7f7954000000-7f7954021000 rw-p 00000000 00:00 0 
7f7954021000-7f7958000000 ---p 00000000 00:00 0 
7f7958000000-7f7958060000 rw-p 00000000 00:00 0 
7f7958060000-7f795c000000 ---p 00000000 00:00 0 
7f795c000000-7f795c021000 rw-p 00000000 00:00 0 
7f795c021000-7f7960000000 ---p 00000000 00:00 0 
7f7960000000-7f796015a000 rw-p 00000000 00:00 0 
7f796015a000-7f7964000000 ---p 00000000 00:00 0 
7f7964000000-7f7964021000 rw-p 00000000 00:00 0 
7f7964021000-7f7968000000 ---p 00000000 00:00 0 
7f796b6f9000-7f796b75e000 r--p 00000000 08:20 227234                     /home/itshandable/.javacpp/cache/llvm-13.0.1-1.5.7-linux-x86_64.jar/org/bytedeco/llvm/linux-x86_64/libjniLLVM.so
7f796b75e000-7f796b7cc000 r-xp 00065000 08:20 227234                     /home/itshandable/.javacpp/cache/llvm-13.0.1-1.5.7-linux-x86_64.jar/org/bytedeco/llvm/linux-x86_64/libjniLLVM.so
7f796b7cc000-7f796b7f7000 r--p 000d3000 08:20 227234                     /home/itshandable/.javacpp/cache/llvm-13.0.1-1.5.7-linux-x86_64.jar/org/bytedeco/llvm/linux-x86_64/libjniLLVM.so
7f796b7f7000-7f796b7fa000 r--p 000fd000 08:20 227234                     /home/itshandable/.javacpp/cache/llvm-13.0.1-1.5.7-linux-x86_64.jar/org/bytedeco/llvm/linux-x86_64/libjniLLVM.so
7f796b7fa000-7f796b7fd000 rw-p 00100000 08:20 227234                     /home/itshandable/.javacpp/cache/llvm-13.0.1-1.5.7-linux-x86_64.jar/org/bytedeco/llvm/linux-x86_64/libjniLLVM.so
7f796b7fd000-7f796b7ff000 rw-p 00000000 00:00 0 
7f796b7ff000-7f796b803000 ---p 00000000 00:00 0 
7f796b803000-7f796b8ff000 rw-p 00000000 00:00 0 
7f796b8ff000-7f796b903000 ---p 00000000 00:00 0 
7f796b903000-7f796b9ff000 rw-p 00000000 00:00 0 
7f796b9ff000-7f796ba03000 ---p 00000000 00:00 0 
7f796ba03000-7f796baff000 rw-p 00000000 00:00 0 
7f796baff000-7f796bb00000 ---p 00000000 00:00 0 
7f796bb00000-7f796bc00000 rw-p 00000000 00:00 0 
7f796bc00000-7f796bc04000 ---p 00000000 00:00 0 
7f796bc04000-7f796bd00000 rw-p 00000000 00:00 0 
7f796bd00000-7f796bd04000 ---p 00000000 00:00 0 
7f796bd04000-7f796be00000 rw-p 00000000 00:00 0 
7f796be00000-7f796be04000 ---p 00000000 00:00 0 
7f796be04000-7f796bf00000 rw-p 00000000 00:00 0 
7f796bf00000-7f796bf04000 ---p 00000000 00:00 0 
7f796bf04000-7f796c000000 rw-p 00000000 00:00 0 
7f796c000000-7f796c113000 rw-p 00000000 00:00 0 
7f796c113000-7f7970000000 ---p 00000000 00:00 0 
7f7970000000-7f7970467000 rw-p 00000000 00:00 0 
7f7970467000-7f7974000000 ---p 00000000 00:00 0 
7f7974000000-7f7974021000 rw-p 00000000 00:00 0 
7f7974021000-7f7978000000 ---p 00000000 00:00 0 
7f7978000000-7f7978021000 rw-p 00000000 00:00 0 
7f7978021000-7f797c000000 ---p 00000000 00:00 0 
7f797c000000-7f797c021000 rw-p 00000000 00:00 0 
7f797c021000-7f7980000000 ---p 00000000 00:00 0 
7f7980000000-7f7980021000 rw-p 00000000 00:00 0 
7f7980021000-7f7984000000 ---p 00000000 00:00 0 
7f7984000000-7f7984021000 rw-p 00000000 00:00 0 
7f7984021000-7f7988000000 ---p 00000000 00:00 0 
7f7988000000-7f7988021000 rw-p 00000000 00:00 0 
7f7988021000-7f798c000000 ---p 00000000 00:00 0 
7f798c000000-7f798c021000 rw-p 00000000 00:00 0 
7f798c021000-7f7990000000 ---p 00000000 00:00 0 
7f7990000000-7f7990021000 rw-p 00000000 00:00 0 
7f7990021000-7f7994000000 ---p 00000000 00:00 0 
7f79940bf000-7f79940f0000 rw-p 00000000 00:00 0 
7f79940f0000-7f79940f4000 ---p 00000000 00:00 0 
7f79940f4000-7f79941f0000 rw-p 00000000 00:00 0 
7f79941f0000-7f79941f4000 ---p 00000000 00:00 0 
7f79941f4000-7f79942f0000 rw-p 00000000 00:00 0 
7f79942f0000-7f79942f4000 ---p 00000000 00:00 0 
7f79942f4000-7f79943f0000 rw-p 00000000 00:00 0 
7f79943f0000-7f79943f4000 ---p 00000000 00:00 0 
7f79943f4000-7f79944f0000 rw-p 00000000 00:00 0 
7f79944f0000-7f79944f4000 ---p 00000000 00:00 0 
7f79944f4000-7f79945f0000 rw-p 00000000 00:00 0 
7f79945f0000-7f79945f4000 ---p 00000000 00:00 0 
7f79945f4000-7f79946f0000 rw-p 00000000 00:00 0 
7f79946f0000-7f79946f4000 ---p 00000000 00:00 0 
7f79946f4000-7f79947f0000 rw-p 00000000 00:00 0 
7f79947f0000-7f79947f1000 ---p 00000000 00:00 0 
7f79947f1000-7f7994ef1000 rw-p 00000000 00:00 0 
7f7994ef1000-7f79950f1000 ---p 00000000 00:00 0 
7f79950f1000-7f79950f2000 ---p 00000000 00:00 0 
7f79950f2000-7f79951f2000 rw-p 00000000 00:00 0 
7f79951f2000-7f79951f3000 ---p 00000000 00:00 0 
7f79951f3000-7f7998000000 rw-p 00000000 00:00 0 
7f7998000000-7f7998021000 rw-p 00000000 00:00 0 
7f7998021000-7f799c000000 ---p 00000000 00:00 0 
7f799c00f000-7f799c016000 r--p 00000000 08:20 227217                     /home/itshandable/.javacpp/cache/llvm-13.0.1-1.5.7-linux-x86_64.jar/org/bytedeco/llvm/linux-x86_64/libLTO.so.13
7f799c016000-7f799c01e000 r-xp 00007000 08:20 227217                     /home/itshandable/.javacpp/cache/llvm-13.0.1-1.5.7-linux-x86_64.jar/org/bytedeco/llvm/linux-x86_64/libLTO.so.13
7f799c01e000-7f799c020000 r--p 0000f000 08:20 227217                     /home/itshandable/.javacpp/cache/llvm-13.0.1-1.5.7-linux-x86_64.jar/org/bytedeco/llvm/linux-x86_64/libLTO.so.13
7f799c020000-7f799c021000 r--p 00010000 08:20 227217                     /home/itshandable/.javacpp/cache/llvm-13.0.1-1.5.7-linux-x86_64.jar/org/bytedeco/llvm/linux-x86_64/libLTO.so.13
7f799c021000-7f799c022000 rw-p 00011000 08:20 227217                     /home/itshandable/.javacpp/cache/llvm-13.0.1-1.5.7-linux-x86_64.jar/org/bytedeco/llvm/linux-x86_64/libLTO.so.13
7f799c022000-7f799c4e8000 rw-p 00000000 00:00 0 
7f799c4e8000-7f799e178000 ---p 00000000 00:00 0 
7f799e178000-7f799e368000 rw-p 00000000 00:00 0 
7f799e368000-7f799fff8000 ---p 00000000 00:00 0 
7f799fff8000-7f79a0000000 rw-p 00000000 00:00 0 
7f79a0000000-7f79a0021000 rw-p 00000000 00:00 0 
7f79a0021000-7f79a4000000 ---p 00000000 00:00 0 
7f79a4009000-7f79a400a000 r--p 00000000 08:20 227228                     /home/itshandable/.javacpp/cache/llvm-13.0.1-1.5.7-linux-x86_64.jar/org/bytedeco/llvm/linux-x86_64/libRemarks.so.13
7f79a400a000-7f79a400b000 r-xp 00001000 08:20 227228                     /home/itshandable/.javacpp/cache/llvm-13.0.1-1.5.7-linux-x86_64.jar/org/bytedeco/llvm/linux-x86_64/libRemarks.so.13
7f79a400b000-7f79a400c000 r--p 00002000 08:20 227228                     /home/itshandable/.javacpp/cache/llvm-13.0.1-1.5.7-linux-x86_64.jar/org/bytedeco/llvm/linux-x86_64/libRemarks.so.13
7f79a400c000-7f79a400d000 r--p 00002000 08:20 227228                     /home/itshandable/.javacpp/cache/llvm-13.0.1-1.5.7-linux-x86_64.jar/org/bytedeco/llvm/linux-x86_64/libRemarks.so.13
7f79a400d000-7f79a400e000 rw-p 00003000 08:20 227228                     /home/itshandable/.javacpp/cache/llvm-13.0.1-1.5.7-linux-x86_64.jar/org/bytedeco/llvm/linux-x86_64/libRemarks.so.13
7f79a400e000-7f79a4012000 r--p 00000000 08:20 227196                     /home/itshandable/.javacpp/cache/javacpp-1.5.7-linux-x86_64.jar/org/bytedeco/javacpp/linux-x86_64/libjnijavacpp.so
7f79a4012000-7f79a4019000 r-xp 00004000 08:20 227196                     /home/itshandable/.javacpp/cache/javacpp-1.5.7-linux-x86_64.jar/org/bytedeco/javacpp/linux-x86_64/libjnijavacpp.so
7f79a4019000-7f79a401d000 r--p 0000b000 08:20 227196                     /home/itshandable/.javacpp/cache/javacpp-1.5.7-linux-x86_64.jar/org/bytedeco/javacpp/linux-x86_64/libjnijavacpp.so
7f79a401d000-7f79a401e000 r--p 0000e000 08:20 227196                     /home/itshandable/.javacpp/cache/javacpp-1.5.7-linux-x86_64.jar/org/bytedeco/javacpp/linux-x86_64/libjnijavacpp.so
7f79a401e000-7f79a401f000 rw-p 0000f000 08:20 227196                     /home/itshandable/.javacpp/cache/javacpp-1.5.7-linux-x86_64.jar/org/bytedeco/javacpp/linux-x86_64/libjnijavacpp.so
7f79a401f000-7f79a405c000 rw-p 00000000 00:00 0 
7f79a405c000-7f79a43ee000 ---p 00000000 00:00 0 
7f79a43ee000-7f79a442c000 rw-p 00000000 00:00 0 
7f79a442c000-7f79a47be000 ---p 00000000 00:00 0 
7f79a47be000-7f79a47bf000 rw-p 00000000 00:00 0 
7f79a47bf000-7f79a4a2f000 rwxp 00000000 00:00 0 
7f79a4a2f000-7f79a4efe000 ---p 00000000 00:00 0 
7f79a4efe000-7f79a516e000 rwxp 00000000 00:00 0 
7f79a516e000-7f79ac35e000 ---p 00000000 00:00 0 
7f79ac35e000-7f79ac5ce000 rwxp 00000000 00:00 0 
7f79ac5ce000-7f79b37bf000 ---p 00000000 00:00 0 
7f79b37bf000-7f79bc000000 r--s 00000000 08:20 58738                      /usr/lib/jvm/java-11-openjdk-amd64/lib/modules
7f79bc000000-7f79bc3a7000 rw-p 00000000 00:00 0 
7f79bc3a7000-7f79c0000000 ---p 00000000 00:00 0 
7f79c0002000-7f79c0003000 r--p 00000000 08:20 64938                      /usr/lib/x86_64-linux-gnu/libdl.so.2
7f79c0003000-7f79c0004000 r-xp 00001000 08:20 64938                      /usr/lib/x86_64-linux-gnu/libdl.so.2
7f79c0004000-7f79c0005000 r--p 00002000 08:20 64938                      /usr/lib/x86_64-linux-gnu/libdl.so.2
7f79c0005000-7f79c0006000 r--p 00002000 08:20 64938                      /usr/lib/x86_64-linux-gnu/libdl.so.2
7f79c0006000-7f79c0007000 rw-p 00003000 08:20 64938                      /usr/lib/x86_64-linux-gnu/libdl.so.2
7f79c0007000-7f79c0008000 r--p 00000000 08:20 64948                      /usr/lib/x86_64-linux-gnu/libpthread.so.0
7f79c0008000-7f79c0009000 r-xp 00001000 08:20 64948                      /usr/lib/x86_64-linux-gnu/libpthread.so.0
7f79c0009000-7f79c000a000 r--p 00002000 08:20 64948                      /usr/lib/x86_64-linux-gnu/libpthread.so.0
7f79c000a000-7f79c000b000 r--p 00002000 08:20 64948                      /usr/lib/x86_64-linux-gnu/libpthread.so.0
7f79c000b000-7f79c000c000 rw-p 00003000 08:20 64948                      /usr/lib/x86_64-linux-gnu/libpthread.so.0
7f79c000c000-7f79c0010000 r--p 00000000 08:20 58728                      /usr/lib/jvm/java-11-openjdk-amd64/lib/libnet.so
7f79c0010000-7f79c001e000 r-xp 00004000 08:20 58728                      /usr/lib/jvm/java-11-openjdk-amd64/lib/libnet.so
7f79c001e000-7f79c0022000 r--p 00012000 08:20 58728                      /usr/lib/jvm/java-11-openjdk-amd64/lib/libnet.so
7f79c0022000-7f79c0023000 r--p 00015000 08:20 58728                      /usr/lib/jvm/java-11-openjdk-amd64/lib/libnet.so
7f79c0023000-7f79c0024000 rw-p 00016000 08:20 58728                      /usr/lib/jvm/java-11-openjdk-amd64/lib/libnet.so
7f79c0024000-7f79c002b000 r--p 00000000 08:20 58729                      /usr/lib/jvm/java-11-openjdk-amd64/lib/libnio.so
7f79c002b000-7f79c0033000 r-xp 00007000 08:20 58729                      /usr/lib/jvm/java-11-openjdk-amd64/lib/libnio.so
7f79c0033000-7f79c0036000 r--p 0000f000 08:20 58729                      /usr/lib/jvm/java-11-openjdk-amd64/lib/libnio.so
7f79c0036000-7f79c0037000 r--p 00011000 08:20 58729                      /usr/lib/jvm/java-11-openjdk-amd64/lib/libnio.so
7f79c0037000-7f79c0038000 rw-p 00012000 08:20 58729                      /usr/lib/jvm/java-11-openjdk-amd64/lib/libnio.so
7f79c0038000-7f79c003a000 r--p 00000000 08:20 58709                      /usr/lib/jvm/java-11-openjdk-amd64/lib/libdt_socket.so
7f79c003a000-7f79c003d000 r-xp 00002000 08:20 58709                      /usr/lib/jvm/java-11-openjdk-amd64/lib/libdt_socket.so
7f79c003d000-7f79c003e000 r--p 00005000 08:20 58709                      /usr/lib/jvm/java-11-openjdk-amd64/lib/libdt_socket.so
7f79c003e000-7f79c003f000 ---p 00006000 08:20 58709                      /usr/lib/jvm/java-11-openjdk-amd64/lib/libdt_socket.so
7f79c003f000-7f79c0040000 r--p 00006000 08:20 58709                      /usr/lib/jvm/java-11-openjdk-amd64/lib/libdt_socket.so
7f79c0040000-7f79c0041000 rw-p 00007000 08:20 58709                      /usr/lib/jvm/java-11-openjdk-amd64/lib/libdt_socket.so
7f79c0041000-7f79c00ab000 rw-p 00000000 00:00 0 
7f79c00ab000-7f79c00ac000 ---p 00000000 00:00 0 
7f79c00ac000-7f79c01ac000 rw-p 00000000 00:00 0 
7f79c01ac000-7f79c01ad000 ---p 00000000 00:00 0 
7f79c01ad000-7f79c03e2000 rw-p 00000000 00:00 0 
7f79c03e2000-7f79c0774000 ---p 00000000 00:00 0 
7f79c0774000-7f79c1684000 rw-p 00000000 00:00 0 
7f79c1684000-7f79c1685000 ---p 00000000 00:00 0 
7f79c1685000-7f79c178a000 rw-p 00000000 00:00 0 
7f79c178a000-7f79c186e000 ---p 00000000 00:00 0 
7f79c186e000-7f79c1873000 rw-p 00000000 00:00 0 
7f79c1873000-7f79c1957000 ---p 00000000 00:00 0 
7f79c1957000-7f79c195c000 rw-p 00000000 00:00 0 
7f79c195c000-7f79c1966000 ---p 00000000 00:00 0 
7f79c1966000-7f79c1968000 r--p 00000000 08:20 58737                      /usr/lib/jvm/java-11-openjdk-amd64/lib/libzip.so
7f79c1968000-7f79c196d000 r-xp 00002000 08:20 58737                      /usr/lib/jvm/java-11-openjdk-amd64/lib/libzip.so
7f79c196d000-7f79c196f000 r--p 00007000 08:20 58737                      /usr/lib/jvm/java-11-openjdk-amd64/lib/libzip.so
7f79c196f000-7f79c1970000 r--p 00008000 08:20 58737                      /usr/lib/jvm/java-11-openjdk-amd64/lib/libzip.so
7f79c1970000-7f79c1971000 rw-p 00009000 08:20 58737                      /usr/lib/jvm/java-11-openjdk-amd64/lib/libzip.so
7f79c1971000-7f79c1979000 rw-s 00000000 08:20 2331                       /tmp/hsperfdata_itshandable/11034
7f79c1979000-7f79c197b000 r--p 00000000 08:20 58719                      /usr/lib/jvm/java-11-openjdk-amd64/lib/libjdwp.so
7f79c197b000-7f79c19a7000 r-xp 00002000 08:20 58719                      /usr/lib/jvm/java-11-openjdk-amd64/lib/libjdwp.so
7f79c19a7000-7f79c19b5000 r--p 0002e000 08:20 58719                      /usr/lib/jvm/java-11-openjdk-amd64/lib/libjdwp.so
7f79c19b5000-7f79c19b6000 r--p 0003b000 08:20 58719                      /usr/lib/jvm/java-11-openjdk-amd64/lib/libjdwp.so
7f79c19b6000-7f79c19b7000 rw-p 0003c000 08:20 58719                      /usr/lib/jvm/java-11-openjdk-amd64/lib/libjdwp.so
7f79c19b7000-7f79c19c5000 r--p 00000000 08:20 58717                      /usr/lib/jvm/java-11-openjdk-amd64/lib/libjava.so
7f79c19c5000-7f79c19db000 r-xp 0000e000 08:20 58717                      /usr/lib/jvm/java-11-openjdk-amd64/lib/libjava.so
7f79c19db000-7f79c19e2000 r--p 00024000 08:20 58717                      /usr/lib/jvm/java-11-openjdk-amd64/lib/libjava.so
7f79c19e2000-7f79c19e3000 r--p 0002a000 08:20 58717                      /usr/lib/jvm/java-11-openjdk-amd64/lib/libjava.so
7f79c19e3000-7f79c19e4000 rw-p 0002b000 08:20 58717                      /usr/lib/jvm/java-11-openjdk-amd64/lib/libjava.so
7f79c19e4000-7f79c19e5000 rw-p 00000000 00:00 0 
7f79c19e5000-7f79c19ea000 r--p 00000000 08:20 58736                      /usr/lib/jvm/java-11-openjdk-amd64/lib/libverify.so
7f79c19ea000-7f79c19f1000 r-xp 00005000 08:20 58736                      /usr/lib/jvm/java-11-openjdk-amd64/lib/libverify.so
7f79c19f1000-7f79c19f3000 r--p 0000c000 08:20 58736                      /usr/lib/jvm/java-11-openjdk-amd64/lib/libverify.so
7f79c19f3000-7f79c19f5000 r--p 0000d000 08:20 58736                      /usr/lib/jvm/java-11-openjdk-amd64/lib/libverify.so
7f79c19f5000-7f79c19f6000 rw-p 0000f000 08:20 58736                      /usr/lib/jvm/java-11-openjdk-amd64/lib/libverify.so
7f79c19f6000-7f79c19f7000 r--p 00000000 08:20 64951                      /usr/lib/x86_64-linux-gnu/librt.so.1
7f79c19f7000-7f79c19f8000 r-xp 00001000 08:20 64951                      /usr/lib/x86_64-linux-gnu/librt.so.1
7f79c19f8000-7f79c19f9000 r--p 00002000 08:20 64951                      /usr/lib/x86_64-linux-gnu/librt.so.1
7f79c19f9000-7f79c19fa000 r--p 00002000 08:20 64951                      /usr/lib/x86_64-linux-gnu/librt.so.1
7f79c19fa000-7f79c19fb000 rw-p 00003000 08:20 64951                      /usr/lib/x86_64-linux-gnu/librt.so.1
7f79c19fb000-7f79c19ff000 ---p 00000000 00:00 0 
7f79c19ff000-7f79c1afb000 rw-p 00000000 00:00 0 
7f79c1afb000-7f79c1afe000 r--p 00000000 08:20 6709                       /usr/lib/x86_64-linux-gnu/libgcc_s.so.1
7f79c1afe000-7f79c1b15000 r-xp 00003000 08:20 6709                       /usr/lib/x86_64-linux-gnu/libgcc_s.so.1
7f79c1b15000-7f79c1b19000 r--p 0001a000 08:20 6709                       /usr/lib/x86_64-linux-gnu/libgcc_s.so.1
7f79c1b19000-7f79c1b1a000 r--p 0001d000 08:20 6709                       /usr/lib/x86_64-linux-gnu/libgcc_s.so.1
7f79c1b1a000-7f79c1b1b000 rw-p 0001e000 08:20 6709                       /usr/lib/x86_64-linux-gnu/libgcc_s.so.1
7f79c1b1b000-7f79c1b29000 r--p 00000000 08:20 64939                      /usr/lib/x86_64-linux-gnu/libm.so.6
7f79c1b29000-7f79c1ba5000 r-xp 0000e000 08:20 64939                      /usr/lib/x86_64-linux-gnu/libm.so.6
7f79c1ba5000-7f79c1c00000 r--p 0008a000 08:20 64939                      /usr/lib/x86_64-linux-gnu/libm.so.6
7f79c1c00000-7f79c1c01000 r--p 000e4000 08:20 64939                      /usr/lib/x86_64-linux-gnu/libm.so.6
7f79c1c01000-7f79c1c02000 rw-p 000e5000 08:20 64939                      /usr/lib/x86_64-linux-gnu/libm.so.6
7f79c1c02000-7f79c1c9c000 r--p 00000000 08:20 6947                       /usr/lib/x86_64-linux-gnu/libstdc++.so.6.0.30
7f79c1c9c000-7f79c1dad000 r-xp 0009a000 08:20 6947                       /usr/lib/x86_64-linux-gnu/libstdc++.so.6.0.30
7f79c1dad000-7f79c1e1c000 r--p 001ab000 08:20 6947                       /usr/lib/x86_64-linux-gnu/libstdc++.so.6.0.30
7f79c1e1c000-7f79c1e1d000 ---p 0021a000 08:20 6947                       /usr/lib/x86_64-linux-gnu/libstdc++.so.6.0.30
7f79c1e1d000-7f79c1e28000 r--p 0021a000 08:20 6947                       /usr/lib/x86_64-linux-gnu/libstdc++.so.6.0.30
7f79c1e28000-7f79c1e2b000 rw-p 00225000 08:20 6947                       /usr/lib/x86_64-linux-gnu/libstdc++.so.6.0.30
7f79c1e2b000-7f79c1e2e000 rw-p 00000000 00:00 0 
7f79c1e2e000-7f79c20b1000 r--p 00000000 08:20 58741                      /usr/lib/jvm/java-11-openjdk-amd64/lib/server/libjvm.so
7f79c20b1000-7f79c2d5c000 r-xp 00283000 08:20 58741                      /usr/lib/jvm/java-11-openjdk-amd64/lib/server/libjvm.so
7f79c2d5c000-7f79c2fb8000 r--p 00f2e000 08:20 58741                      /usr/lib/jvm/java-11-openjdk-amd64/lib/server/libjvm.so
7f79c2fb8000-7f79c307c000 r--p 01189000 08:20 58741                      /usr/lib/jvm/java-11-openjdk-amd64/lib/server/libjvm.so
7f79c307c000-7f79c30b7000 rw-p 0124d000 08:20 58741                      /usr/lib/jvm/java-11-openjdk-amd64/lib/server/libjvm.so
7f79c30b7000-7f79c3111000 rw-p 00000000 00:00 0 
7f79c3111000-7f79c3139000 r--p 00000000 08:20 64935                      /usr/lib/x86_64-linux-gnu/libc.so.6
7f79c3139000-7f79c32ce000 r-xp 00028000 08:20 64935                      /usr/lib/x86_64-linux-gnu/libc.so.6
7f79c32ce000-7f79c3326000 r--p 001bd000 08:20 64935                      /usr/lib/x86_64-linux-gnu/libc.so.6
7f79c3326000-7f79c3327000 ---p 00215000 08:20 64935                      /usr/lib/x86_64-linux-gnu/libc.so.6
7f79c3327000-7f79c332b000 r--p 00215000 08:20 64935                      /usr/lib/x86_64-linux-gnu/libc.so.6
7f79c332b000-7f79c332d000 rw-p 00219000 08:20 64935                      /usr/lib/x86_64-linux-gnu/libc.so.6
7f79c332d000-7f79c333a000 rw-p 00000000 00:00 0 
7f79c333a000-7f79c333d000 r--p 00000000 08:20 58702                      /usr/lib/jvm/java-11-openjdk-amd64/lib/jli/libjli.so
7f79c333d000-7f79c3347000 r-xp 00003000 08:20 58702                      /usr/lib/jvm/java-11-openjdk-amd64/lib/jli/libjli.so
7f79c3347000-7f79c334a000 r--p 0000d000 08:20 58702                      /usr/lib/jvm/java-11-openjdk-amd64/lib/jli/libjli.so
7f79c334a000-7f79c334b000 ---p 00010000 08:20 58702                      /usr/lib/jvm/java-11-openjdk-amd64/lib/jli/libjli.so
7f79c334b000-7f79c334c000 r--p 00010000 08:20 58702                      /usr/lib/jvm/java-11-openjdk-amd64/lib/jli/libjli.so
7f79c334c000-7f79c334d000 rw-p 00011000 08:20 58702                      /usr/lib/jvm/java-11-openjdk-amd64/lib/jli/libjli.so
7f79c334d000-7f79c334f000 r--p 00000000 08:20 6997                       /usr/lib/x86_64-linux-gnu/libz.so.1.2.11
7f79c334f000-7f79c3360000 r-xp 00002000 08:20 6997                       /usr/lib/x86_64-linux-gnu/libz.so.1.2.11
7f79c3360000-7f79c3366000 r--p 00013000 08:20 6997                       /usr/lib/x86_64-linux-gnu/libz.so.1.2.11
7f79c3366000-7f79c3367000 ---p 00019000 08:20 6997                       /usr/lib/x86_64-linux-gnu/libz.so.1.2.11
7f79c3367000-7f79c3368000 r--p 00019000 08:20 6997                       /usr/lib/x86_64-linux-gnu/libz.so.1.2.11
7f79c3368000-7f79c3369000 rw-p 0001a000 08:20 6997                       /usr/lib/x86_64-linux-gnu/libz.so.1.2.11
7f79c336c000-7f79c336d000 ---p 00000000 00:00 0 
7f79c336d000-7f79c336e000 r--p 00000000 00:00 0 
7f79c336e000-7f79c3370000 r--p 00000000 08:20 58720                      /usr/lib/jvm/java-11-openjdk-amd64/lib/libjimage.so
7f79c3370000-7f79c3373000 r-xp 00002000 08:20 58720                      /usr/lib/jvm/java-11-openjdk-amd64/lib/libjimage.so
7f79c3373000-7f79c3374000 r--p 00005000 08:20 58720                      /usr/lib/jvm/java-11-openjdk-amd64/lib/libjimage.so
7f79c3374000-7f79c3375000 ---p 00006000 08:20 58720                      /usr/lib/jvm/java-11-openjdk-amd64/lib/libjimage.so
7f79c3375000-7f79c3376000 r--p 00006000 08:20 58720                      /usr/lib/jvm/java-11-openjdk-amd64/lib/libjimage.so
7f79c3376000-7f79c3377000 rw-p 00007000 08:20 58720                      /usr/lib/jvm/java-11-openjdk-amd64/lib/libjimage.so
7f79c3377000-7f79c3379000 rw-p 00000000 00:00 0 
7f79c3379000-7f79c337b000 r--p 00000000 08:20 64930                      /usr/lib/x86_64-linux-gnu/ld-linux-x86-64.so.2
7f79c337b000-7f79c33a5000 r-xp 00002000 08:20 64930                      /usr/lib/x86_64-linux-gnu/ld-linux-x86-64.so.2
7f79c33a5000-7f79c33b0000 r--p 0002c000 08:20 64930                      /usr/lib/x86_64-linux-gnu/ld-linux-x86-64.so.2
7f79c33b1000-7f79c33b3000 r--p 00037000 08:20 64930                      /usr/lib/x86_64-linux-gnu/ld-linux-x86-64.so.2
7f79c33b3000-7f79c33b5000 rw-p 00039000 08:20 64930                      /usr/lib/x86_64-linux-gnu/ld-linux-x86-64.so.2
7fff47943000-7fff47964000 rw-p 00000000 00:00 0                          [stack]
7fff479f4000-7fff479f8000 r--p 00000000 00:00 0                          [vvar]
7fff479f8000-7fff479fa000 r-xp 00000000 00:00 0                          [vdso]


VM Arguments:
jvm_args: -agentlib:jdwp=transport=dt_socket,address=0.0.0.0:12345,suspend=y,server=y -Djava.library.path=\\wsl.localhost\Ubuntu\usr\local\lib -Dfile.encoding=UTF-8 
java_command: Main tests/test.sysy tests/test.arm test tests/test.ll
java_class_path (initial): /mnt/e/codes/compiler-principle/Lab_backtrace/Lab/out/production/Lab:/usr/local/lib/antlr-4.9.1-complete.jar:/usr/local/lib/javacpp/javacpp-1.5.7.jar:/usr/local/lib/javacpp/javacpp-1.5.7-linux-x86_64.jar:/usr/local/lib/llvm/llvm-13.0.1-1.5.7.jar:/usr/local/lib/llvm/llvm-13.0.1-1.5.7-linux-x86_64.jar:/usr/local/lib/llvm-platform/llvm-platform-13.0.1-1.5.7.jar:/usr/local/lib/llvm4j/kotlin-stdlib-1.9.0.jar:/usr/local/lib/llvm4j/llvm4j-0.1.2-SNAPSHOT.jar:/usr/local/lib/rars/rars.jar:/mnt/d/IntelliJ IDEA Ultimate/lib/idea_rt.jar
Launcher Type: SUN_STANDARD

[Global flags]
     intx CICompilerCount                          = 12                                        {product} {ergonomic}
     uint ConcGCThreads                            = 4                                         {product} {ergonomic}
     uint G1ConcRefinementThreads                  = 15                                        {product} {ergonomic}
   size_t G1HeapRegionSize                         = 1048576                                   {product} {ergonomic}
    uintx GCDrainStackTargetSize                   = 64                                        {product} {ergonomic}
   size_t InitialHeapSize                          = 127926272                                 {product} {ergonomic}
   size_t MarkStackSize                            = 4194304                                   {product} {ergonomic}
   size_t MaxHeapSize                              = 2046820352                                {product} {ergonomic}
   size_t MaxNewSize                               = 1227882496                                {product} {ergonomic}
   size_t MinHeapDeltaBytes                        = 1048576                                   {product} {ergonomic}
    uintx NonNMethodCodeHeapSize                   = 7594288                                {pd product} {ergonomic}
    uintx NonProfiledCodeHeapSize                  = 122031976                              {pd product} {ergonomic}
    uintx ProfiledCodeHeapSize                     = 122031976                              {pd product} {ergonomic}
    uintx ReservedCodeCacheSize                    = 251658240                              {pd product} {ergonomic}
     bool SegmentedCodeCache                       = true                                      {product} {ergonomic}
     bool UseCompressedClassPointers               = true                                 {lp64_product} {ergonomic}
     bool UseCompressedOops                        = true                                 {lp64_product} {ergonomic}
     bool UseG1GC                                  = true                                      {product} {ergonomic}

Logging:
Log output configuration:
 #0: stdout all=warning uptime,level,tags
 #1: stderr all=off uptime,level,tags

Environment Variables:
PATH=/home/itshandable/.local/bin:/usr/local/sbin:/usr/local/bin:/usr/sbin:/usr/bin:/sbin:/bin:/usr/games:/usr/local/games:/usr/lib/wsl/lib:/mnt/d/VMwareWorkstationPro/bin/:/mnt/c/Program Files/BellSoft/LibericaJDK-17/bin/:/mnt/c/Program Files (x86)/Common Files/Oracle/Java/java8path:/mnt/c/Program Files (x86)/Common Files/Oracle/Java/javapath:/mnt/c/WINDOWS/system32:/mnt/c/WINDOWS:/mnt/c/WINDOWS/System32/Wbem:/mnt/c/WINDOWS/System32/WindowsPowerShell/v1.0/:/mnt/c/WINDOWS/System32/OpenSSH/:/mnt/c/Program Files/dotnet/:/mnt/c/Program Files (x86)/NVIDIA Corporation/PhysX/Common:/mnt/c/Program Files/Git/cmd:/mnt/d/Cruicial Storage Excutive:/mnt/c/Program Files/BellSoft/LibericaJDK-17/bin:/mnt/c/Program Files/BellSoft/LibericaJDK-17/jre/bin:/mnt/c/Users/itshandable/AppData/Local/Programs/Python/Python312:/mnt/c/Users/itshandable/AppData/Local/Programs/Python/Python312/Scripts:/mnt/c/Program Files/Pandoc/:/mnt/c/ProgramData/chocolatey/bin:/mnt/d/Nodejs-nvm:/mnt/c/Program Files/nodejs:/mnt/d/Redis/:/mnt/d/Mathlab/bin:/mnt/d/Lingo-21.0/:/mnt/d/Lingo-18.0/:/mnt/c/Program Files/NVIDIA Corporation/NVIDIA app/NvDLISR:/mnt/d/SPSS-25/JRE/bin:/mnt/d/SPSS Modeler 18.0/ext/bin/spss.TMWBServer/bin:/mnt/d/SPSS Modeler 18.0/MPICH2/bin:/mnt/d/SPSS Modeler 18.0/TABI:/mnt/d/MySQL/bin:/mnt/c/Program Files/Docker/Docker/resources/bin:/mnt/c/Program Files/Tailscale/:/mnt/c/Users/itshandable/AppData/Local/Programs/Python/Launcher/:/mnt/c/Users/itshandable/AppData/Local/Microsoft/WindowsApps:/mnt/d/CLion 2024.2.1/bin:/mnt/d/PyCharm 2024.2.1/bin:/mnt/c/Users/itshandable/AppData/Local/JetBrains/Toolbox/scripts:/mnt/d/IntelliJ IDEA 2024.2.1/bin:/mnt/c/Users/itshandable/AppData/Roaming/npm:/mnt/d/Nodejs-nvm:/mnt/c/Program Files/nodejs:/mnt/d/Microsoft VS Code/bin:/mnt/d/MiKTeX/miktex/bin/x64/:/mnt/c/Users/itshandable/AppData/Local/Microsoft/WindowsApps:/mnt/e/codes/ffmpeg-2025-01-02-git-0457aaf0d3-essentials_build/bin:/mnt/d/Aria2/aria2-1.37.0-win-64bit-build1:/mnt/d/DevEco Studio/bin:/mnt/d/WebStor
SHELL=/bin/bash
DISPLAY=:0
HOSTTYPE=x86_64
LANG=zh_CN.UTF-8
TERM=xterm-256color

Signal Handlers:
SIGSEGV: [libjvm.so+0xebbd40], sa_mask[0]=11111111011111111101111111111110, sa_flags=SA_RESTART|SA_SIGINFO
SIGBUS: [libjvm.so+0xebbd40], sa_mask[0]=11111111011111111101111111111110, sa_flags=SA_RESTART|SA_SIGINFO
SIGFPE: [libjvm.so+0xebbd40], sa_mask[0]=11111111011111111101111111111110, sa_flags=SA_RESTART|SA_SIGINFO
SIGPIPE: [libjvm.so+0xbfe040], sa_mask[0]=11111111011111111101111111111110, sa_flags=SA_RESTART|SA_SIGINFO
SIGXFSZ: [libjvm.so+0xbfe040], sa_mask[0]=11111111011111111101111111111110, sa_flags=SA_RESTART|SA_SIGINFO
SIGILL: [libjvm.so+0xebbd40], sa_mask[0]=11111111011111111101111111111110, sa_flags=SA_RESTART|SA_SIGINFO
SIGUSR2: [libjvm.so+0xbfdee0], sa_mask[0]=00000000000000000000000000000000, sa_flags=SA_RESTART|SA_SIGINFO
SIGHUP: [libjvm.so+0xbfe6a0], sa_mask[0]=11111111011111111101111111111110, sa_flags=SA_RESTART|SA_SIGINFO
SIGINT: [libjvm.so+0xbfe6a0], sa_mask[0]=11111111011111111101111111111110, sa_flags=SA_RESTART|SA_SIGINFO
SIGTERM: [libjvm.so+0xbfe6a0], sa_mask[0]=11111111011111111101111111111110, sa_flags=SA_RESTART|SA_SIGINFO
SIGQUIT: [libjvm.so+0xbfe6a0], sa_mask[0]=11111111011111111101111111111110, sa_flags=SA_RESTART|SA_SIGINFO


---------------  S Y S T E M  ---------------

OS:DISTRIB_ID=Ubuntu
DISTRIB_RELEASE=22.04
DISTRIB_CODENAME=jammy
DISTRIB_DESCRIPTION="Ubuntu 22.04.3 LTS"
uname:Linux 5.15.167.4-microsoft-standard-WSL2 #1 SMP Tue Nov 5 00:21:55 UTC 2024 x86_64
OS uptime: 0 days 0:18 hours
libc:glibc 2.35 NPTL 2.35 
rlimit (soft/hard): STACK 8192k/infinity , CORE 0k/infinity , NPROC 31190/31190 , NOFILE 1048576/1048576 , AS infinity/infinity , CPU infinity/infinity , DATA infinity/infinity , FSIZE infinity/infinity , MEMLOCK 65536k/65536k
load average:0.11 0.07 0.02

/proc/meminfo:
MemTotal:        7991664 kB
MemFree:         6980896 kB
MemAvailable:    7071996 kB
Buffers:            1104 kB
Cached:           290464 kB
SwapCached:            0 kB
Active:            93808 kB
Inactive:         525056 kB
Active(anon):       2176 kB
Inactive(anon):   328776 kB
Active(file):      91632 kB
Inactive(file):   196280 kB
Unevictable:           0 kB
Mlocked:               0 kB
SwapTotal:       2097152 kB
SwapFree:        2097152 kB
Dirty:                16 kB
Writeback:             0 kB
AnonPages:        326028 kB
Mapped:           258624 kB
Shmem:              3664 kB
KReclaimable:      37516 kB
Slab:             110924 kB
SReclaimable:      37516 kB
SUnreclaim:        73408 kB
KernelStack:        7056 kB
PageTables:         6608 kB
NFS_Unstable:          0 kB
Bounce:                0 kB
WritebackTmp:          0 kB
CommitLimit:     6092984 kB
Committed_AS:    1653120 kB
VmallocTotal:   34359738367 kB
VmallocUsed:       29304 kB
VmallocChunk:          0 kB
Percpu:            11520 kB
AnonHugePages:    149504 kB
ShmemHugePages:        0 kB
ShmemPmdMapped:        0 kB
FileHugePages:         0 kB
FilePmdMapped:         0 kB
HugePages_Total:       0
HugePages_Free:        0
HugePages_Rsvd:        0
HugePages_Surp:        0
Hugepagesize:       2048 kB
Hugetlb:               0 kB
DirectMap4k:      101376 kB
DirectMap2M:     4997120 kB
DirectMap1G:    11534336 kB

/sys/kernel/mm/transparent_hugepage/enabled:
[always] madvise never
/sys/kernel/mm/transparent_hugepage/defrag (defrag/compaction efforts parameter):
always defer defer+madvise [madvise] never

Process Memory:
Virtual Size: 5195420K (peak: 13447088K)
Resident Set Size: 100904K (peak: 100964K) (anon: 44976K, file: 55928K, shmem: 0K)
Swapped out: 0K
C-Heap outstanding allocations: 37002K, retained: 8669K
glibc malloc tunables: (default)

/proc/sys/kernel/threads-max (system-wide limit on the number of threads):
62380
/proc/sys/vm/max_map_count (maximum number of memory map areas a process may have):
65530
/proc/sys/kernel/pid_max (system-wide limit on number of process identifiers):
4194304

container (cgroup) information:
container_type: cgroupv1
cpu_cpuset_cpus: 0-19
cpu_memory_nodes: 0
active_processor_count: 20
cpu_quota: no quota
cpu_period: 100000
cpu_shares: no shares
memory_limit_in_bytes: unlimited
memory_and_swap_limit_in_bytes: unlimited
memory_soft_limit_in_bytes: unlimited
memory_usage_in_bytes: 617388 k
memory_max_usage_in_bytes: 496884 k
kernel_memory_limit_in_bytes: unlimited
kernel_memory_usage_in_bytes: 21176 k
kernel_memory_max_usage_in_bytes: 27048 k
maximum number of tasks: not supported
current number of tasks: not supported

Hyper-V virtualization detected
Steal ticks since vm start: 0
Steal ticks percentage since vm start:  0.000

CPU:total 20 (initial active 20) (16 cores per cpu, 2 threads per core) family 6 model 186 stepping 2 microcode 0xffffffff, cmov, cx8, fxsr, mmx, sse, sse2, sse3, ssse3, sse4.1, sse4.2, popcnt, avx, avx2, aes, clmul, erms, 3dnowpref, lzcnt, ht, tsc, tscinvbit, bmi1, bmi2, adx, sha, fma
CPU Model and flags from /proc/cpuinfo:
model name	: 13th Gen Intel(R) Core(TM) i9-13900H
flags		: fpu vme de pse tsc msr pae mce cx8 apic sep mtrr pge mca cmov pat pse36 clflush mmx fxsr sse sse2 ss ht syscall nx pdpe1gb rdtscp lm constant_tsc rep_good nopl xtopology tsc_reliable nonstop_tsc cpuid pni pclmulqdq vmx ssse3 fma cx16 pcid sse4_1 sse4_2 x2apic movbe popcnt tsc_deadline_timer aes xsave avx f16c rdrand hypervisor lahf_lm abm 3dnowprefetch invpcid_single ssbd ibrs ibpb stibp ibrs_enhanced tpr_shadow vnmi ept vpid ept_ad fsgsbase tsc_adjust bmi1 avx2 smep bmi2 erms invpcid rdseed adx smap clflushopt clwb sha_ni xsaveopt xsavec xgetbv1 xsaves avx_vnni umip waitpkg gfni vaes vpclmulqdq rdpid movdiri movdir64b fsrm md_clear serialize flush_l1d arch_capabilities
Online cpus:
0-19
Offline cpus:

BIOS frequency limitation:
<Not Available>
Frequency switch latency (ns):
<Not Available>
Available cpu frequencies:
<Not Available>
Current governor:
<Not Available>
Core performance/turbo boost:
<Not Available>

Memory: 4k page, physical 7991664k(6980896k free), swap 2097152k(2097152k free)

vm_info: OpenJDK 64-Bit Server VM (11.0.27+6-post-Ubuntu-0ubuntu122.04) for linux-amd64 JRE (11.0.27+6-post-Ubuntu-0ubuntu122.04), built on Apr 21 2025 05:59:45 by "unknown" with gcc 11.4.0

END.
