#
# A fatal error has been detected by the Java Runtime Environment:
#
#  EXCEPTION_ACCESS_VIOLATION (0xc0000005) at pc=0x00007ff906828748, pid=16064, tid=38072
#
# JRE version: OpenJDK Runtime Environment (11.0.23+10) (build 11.0.23+10-LTS)
# Java VM: OpenJDK 64-Bit Server VM (11.0.23+10-LTS, mixed mode, tiered, compressed oops, g1 gc, windows-amd64)
# Problematic frame:
# C  [jniLLVM.dll+0xea8748]
#
# No core dump will be written. Minidumps are not enabled by default on client versions of Windows
#
# If you would like to submit a bug report, please visit:
#   https://bell-sw.com/support
# The crash happened outside the Java Virtual Machine in native code.
# See problematic frame for where to report the bug.
#

---------------  S U M M A R Y ------------

Command Line: -javaagent:E:\software\IntelliJ\IntelliJ IDEA 2023.3.4\lib\idea_rt.jar=60327:E:\software\IntelliJ\IntelliJ IDEA 2023.3.4\bin -Dfile.encoding=UTF-8 Main ./tests/test1.sysy ./tests/test1.ll

Host: 13th Gen Intel(R) Core(TM) i9-13900HX, 32 cores, 15G,  Windows 11 , 64 bit Build 26100 (10.0.26100.3775)
Time: Fri May 23 16:59:11 2025  Windows 11 , 64 bit Build 26100 (10.0.26100.3775) elapsed time: 0.751436 seconds (0d 0h 0m 0s)

---------------  T H R E A D  ---------------

Current thread (0x0000015937f0b800):  JavaThread "main" [_thread_in_native, id=38072, stack(0x0000004ad8300000,0x0000004ad8400000)]

Stack: [0x0000004ad8300000,0x0000004ad8400000],  sp=0x0000004ad83fe620,  free space=1017k
Native frames: (J=compiled Java code, j=interpreted, Vv=VM code, C=native code)
C  [jniLLVM.dll+0xea8748]

Java frames: (J=compiled Java code, j=interpreted, Vv=VM code)
j  org.bytedeco.llvm.global.LLVM.LLVMBuildLoad(Lorg/bytedeco/llvm/LLVM/LLVMBuilderRef;Lorg/bytedeco/llvm/LLVM/LLVMValueRef;Ljava/lang/String;)Lorg/bytedeco/llvm/LLVM/LLVMValueRef;+0
j  MyIrVisitor.visitExp(LSysYParser$ExpContext;)Lorg/bytedeco/llvm/LLVM/LLVMValueRef;+74
j  MyIrVisitor.visitExp(LSysYParser$ExpContext;)Ljava/lang/Object;+2
j  SysYParser$ExpContext.accept(Lorg/antlr/v4/runtime/tree/ParseTreeVisitor;)Ljava/lang/Object;+12
j  org.antlr.v4.runtime.tree.AbstractParseTreeVisitor.visit(Lorg/antlr/v4/runtime/tree/ParseTree;)Ljava/lang/Object;+2
j  MyIrVisitor.visitExp(LSysYParser$ExpContext;)Lorg/bytedeco/llvm/LLVM/LLVMValueRef;+361
j  MyIrVisitor.visitExp(LSysYParser$ExpContext;)Ljava/lang/Object;+2
j  SysYParser$ExpContext.accept(Lorg/antlr/v4/runtime/tree/ParseTreeVisitor;)Ljava/lang/Object;+12
j  org.antlr.v4.runtime.tree.AbstractParseTreeVisitor.visit(Lorg/antlr/v4/runtime/tree/ParseTree;)Ljava/lang/Object;+2
j  MyIrVisitor.visitStmt(LSysYParser$StmtContext;)Lorg/bytedeco/llvm/LLVM/LLVMValueRef;+181
j  MyIrVisitor.visitStmt(LSysYParser$StmtContext;)Ljava/lang/Object;+2
j  SysYParser$StmtContext.accept(Lorg/antlr/v4/runtime/tree/ParseTreeVisitor;)Ljava/lang/Object;+12
j  org.antlr.v4.runtime.tree.AbstractParseTreeVisitor.visit(Lorg/antlr/v4/runtime/tree/ParseTree;)Ljava/lang/Object;+2
j  MyIrVisitor.visitBlockItem(LSysYParser$BlockItemContext;)Lorg/bytedeco/llvm/LLVM/LLVMValueRef;+31
j  MyIrVisitor.visitBlockItem(LSysYParser$BlockItemContext;)Ljava/lang/Object;+2
j  SysYParser$BlockItemContext.accept(Lorg/antlr/v4/runtime/tree/ParseTreeVisitor;)Ljava/lang/Object;+12
j  org.antlr.v4.runtime.tree.AbstractParseTreeVisitor.visit(Lorg/antlr/v4/runtime/tree/ParseTree;)Ljava/lang/Object;+2
j  MyIrVisitor.visitBlock(LSysYParser$BlockContext;)Lorg/bytedeco/llvm/LLVM/LLVMValueRef;+31
j  MyIrVisitor.visitBlock(LSysYParser$BlockContext;)Ljava/lang/Object;+2
j  SysYParser$BlockContext.accept(Lorg/antlr/v4/runtime/tree/ParseTreeVisitor;)Ljava/lang/Object;+12
j  org.antlr.v4.runtime.tree.AbstractParseTreeVisitor.visit(Lorg/antlr/v4/runtime/tree/ParseTree;)Ljava/lang/Object;+2
j  MyIrVisitor.visitFuncDef(LSysYParser$FuncDefContext;)Lorg/bytedeco/llvm/LLVM/LLVMValueRef;+465
j  MyIrVisitor.visitFuncDef(LSysYParser$FuncDefContext;)Ljava/lang/Object;+2
j  SysYParser$FuncDefContext.accept(Lorg/antlr/v4/runtime/tree/ParseTreeVisitor;)Ljava/lang/Object;+12
j  org.antlr.v4.runtime.tree.AbstractParseTreeVisitor.visitChildren(Lorg/antlr/v4/runtime/tree/RuleNode;)Ljava/lang/Object;+46
j  MyIrVisitor.visitCompUnit(LSysYParser$CompUnitContext;)Lorg/bytedeco/llvm/LLVM/LLVMValueRef;+2
j  MyIrVisitor.visitCompUnit(LSysYParser$CompUnitContext;)Ljava/lang/Object;+2
j  SysYParser$CompUnitContext.accept(Lorg/antlr/v4/runtime/tree/ParseTreeVisitor;)Ljava/lang/Object;+12
j  org.antlr.v4.runtime.tree.AbstractParseTreeVisitor.visit(Lorg/antlr/v4/runtime/tree/ParseTree;)Ljava/lang/Object;+2
j  MyIrVisitor.visitProgram(LSysYParser$ProgramContext;)Lorg/bytedeco/llvm/LLVM/LLVMValueRef;+5
j  MyIrVisitor.visitProgram(LSysYParser$ProgramContext;)Ljava/lang/Object;+2
j  SysYParser$ProgramContext.accept(Lorg/antlr/v4/runtime/tree/ParseTreeVisitor;)Ljava/lang/Object;+12
j  org.antlr.v4.runtime.tree.AbstractParseTreeVisitor.visit(Lorg/antlr/v4/runtime/tree/ParseTree;)Ljava/lang/Object;+2
j  Main.main([Ljava/lang/String;)V+201
v  ~StubRoutines::call_stub

siginfo: EXCEPTION_ACCESS_VIOLATION (0xc0000005), reading address 0x0000000000000000


Register to memory mapping:

RIP=0x00007ff906828748 jniLLVM.dll
RAX=0x000001596083dc20 points into unknown readable memory: 0x2800007961720061 | 61 00 72 61 79 00 00 28
RBX=0x0 is NULL
RCX=0x00000159613dcd40 points into unknown readable memory: 0x00000159613dcd50 | 50 cd 3d 61 59 01 00 00
RDX=0x0 is NULL
RSP=0x0000004ad83fe620 is pointing into the stack for thread: 0x0000015937f0b800
RBP=0x00000159613dcd40 points into unknown readable memory: 0x00000159613dcd50 | 50 cd 3d 61 59 01 00 00
RSI=0x0 is NULL
RDI=0x0000015937f0bb50 points into unknown readable memory: 0x00007ff938634e80 | 80 4e 63 38 f9 7f 00 00
R8 =0x000001596083dc20 points into unknown readable memory: 0x2800007961720061 | 61 00 72 61 79 00 00 28
R9 =0x00007ff9a8981404 VCRUNTIME140.dll
R10=0x00007ff9a8980000 VCRUNTIME140.dll
R11=0x0000004ad83fe590 is pointing into the stack for thread: 0x0000015937f0b800
R12=0x0 is NULL
R13={method} {0x0000015961e7fbc0} 'LLVMBuildLoad' '(Lorg/bytedeco/llvm/LLVM/LLVMBuilderRef;Lorg/bytedeco/llvm/LLVM/LLVMValueRef;Ljava/lang/String;)Lorg/bytedeco/llvm/LLVM/LLVMValueRef;' in 'org/bytedeco/llvm/global/LLVM'
R14=0x0 is NULL
R15=0x000001596083dc20 points into unknown readable memory: 0x2800007961720061 | 61 00 72 61 79 00 00 28


Registers:
RAX=0x000001596083dc20, RBX=0x0000000000000000, RCX=0x00000159613dcd40, RDX=0x0000000000000000
RSP=0x0000004ad83fe620, RBP=0x00000159613dcd40, RSI=0x0000000000000000, RDI=0x0000015937f0bb50
R8 =0x000001596083dc20, R9 =0x00007ff9a8981404, R10=0x00007ff9a8980000, R11=0x0000004ad83fe590
R12=0x0000000000000000, R13=0x0000015961e7fbb8, R14=0x0000000000000000, R15=0x000001596083dc20
RIP=0x00007ff906828748, EFLAGS=0x0000000000010202

Top of Stack: (sp=0x0000004ad83fe620)
0x0000004ad83fe620:   0000015937f0b800 00000159613dcd40
0x0000004ad83fe630:   0000015937f0b800 0000000000000000
0x0000004ad83fe640:   000001596083dc20 00007ff905a418a1
0x0000004ad83fe650:   0000015937f0bb50 0000000000000001
0x0000004ad83fe660:   0000015936314f70 0000000713c88b98
0x0000004ad83fe670:   000001596083dc20 0000004ad83fe6f0
0x0000004ad83fe680:   0000000000000000 00007ff905a50b53
0x0000004ad83fe690:   00000159613dcd40 0000000000000000
0x0000004ad83fe6a0:   0000015937f0bb50 0000004ad83fe6a8
0x0000004ad83fe6b0:   0000015937f0b800 0000004ad83fe780
0x0000004ad83fe6c0:   0000000000000000 0000015941e6f777
0x0000004ad83fe6d0:   0000015961e7fbb8 0000004ad83fe750
0x0000004ad83fe6e0:   0000000713a3bf38 0000004ad83fe710
0x0000004ad83fe6f0:   0000004ad83fe770 0000015941e6a362
0x0000004ad83fe700:   0000000000000116 0000004ad83fe708
0x0000004ad83fe710:   0000000000000000 0000004ad83fe780 

Instructions: (pc=0x00007ff906828748)
0x00007ff906828648:   48 8b b4 24 98 00 00 00 48 8b 9c 24 90 00 00 00
0x00007ff906828658:   48 81 c4 80 00 00 00 41 5e c3 cc cc cc cc cc cc
0x00007ff906828668:   cc cc cc cc cc cc cc cc 48 89 5c 24 08 48 89 74
0x00007ff906828678:   24 10 57 48 81 ec 80 00 00 00 41 8b d9 48 8b fa
0x00007ff906828688:   48 8b f1 4d 85 c0 74 10 48 8b 49 30 49 8b d0 48
0x00007ff906828698:   8b 49 48 e8 b0 48 05 00 48 8b 84 24 b0 00 00 00
0x00007ff9068286a8:   c6 44 24 51 01 80 38 00 74 0c 48 89 44 24 30 c6
0x00007ff9068286b8:   44 24 50 03 eb 05 c6 44 24 50 01 45 33 c9 66 c7
0x00007ff9068286c8:   44 24 78 01 01 4c 8d 44 24 58 8b d3 48 8b cf e8
0x00007ff9068286d8:   f4 8f 06 00 48 8b 56 38 4c 8d 44 24 30 48 8b 4e
0x00007ff9068286e8:   50 48 8b f8 4c 8b 4e 30 48 89 54 24 20 48 8b d0
0x00007ff9068286f8:   4c 8b 11 41 ff 52 08 48 8b 1e 8b 76 08 48 c1 e6
0x00007ff906828708:   04 48 03 f3 48 3b de 74 17 4c 8b 43 08 48 8b cf
0x00007ff906828718:   8b 13 e8 41 74 09 00 48 83 c3 10 48 3b de 75 e9
0x00007ff906828728:   4c 8d 9c 24 80 00 00 00 48 8b c7 49 8b 5b 10 49
0x00007ff906828738:   8b 73 18 49 8b e3 5f c3 48 83 ec 68 41 80 38 00
0x00007ff906828748:   48 8b 02 66 c7 44 24 78 00 00 c6 44 24 51 01 74
0x00007ff906828758:   0c 4c 89 44 24 30 c6 44 24 50 03 eb 05 c6 44 24
0x00007ff906828768:   50 01 44 0f b7 4c 24 78 4c 8d 44 24 30 4c 89 44
0x00007ff906828778:   24 28 4c 8b c2 48 8b 50 18 c6 44 24 20 00 e8 55
0x00007ff906828788:   bc 4f ff 48 83 c4 68 c3 48 83 ec 68 41 80 39 00
0x00007ff906828798:   66 c7 84 24 88 00 00 00 00 00 c6 44 24 51 01 74
0x00007ff9068287a8:   0c 4c 89 4c 24 30 c6 44 24 50 03 eb 05 c6 44 24
0x00007ff9068287b8:   50 01 44 0f b7 8c 24 88 00 00 00 48 8d 44 24 30
0x00007ff9068287c8:   48 89 44 24 28 c6 44 24 20 00 e8 09 bc 4f ff 48
0x00007ff9068287d8:   83 c4 68 c3 cc cc cc cc 48 89 5c 24 08 48 89 6c
0x00007ff9068287e8:   24 10 48 89 74 24 18 48 89 7c 24 20 41 56 48 81
0x00007ff9068287f8:   ec 90 00 00 00 4c 8b f1 49 8b e8 48 8b 49 30 48
0x00007ff906828808:   8b fa e8 71 4f fd ff 48 8b c8 e8 b9 31 0b 00 48
0x00007ff906828818:   8b cf 48 8b d8 e8 8e 49 ff ff 48 8b d3 48 8b c8
0x00007ff906828828:   e8 43 58 ff ff 48 8d 4c 24 68 66 c7 84 24 88 00
0x00007ff906828838:   00 00 01 01 48 89 4c 24 30 4c 8b c8 33 c9 4c 8b 


Stack slot to memory mapping:
stack at sp + 0 slots: 0x0000015937f0b800 is a thread
stack at sp + 1 slots: 0x00000159613dcd40 points into unknown readable memory: 0x00000159613dcd50 | 50 cd 3d 61 59 01 00 00
stack at sp + 2 slots: 0x0000015937f0b800 is a thread
stack at sp + 3 slots: 0x0 is NULL
stack at sp + 4 slots: 0x000001596083dc20 points into unknown readable memory: 0x2800007961720061 | 61 00 72 61 79 00 00 28
stack at sp + 5 slots: 0x00007ff905a418a1 jniLLVM.dll
stack at sp + 6 slots: 0x0000015937f0bb50 points into unknown readable memory: 0x00007ff938634e80 | 80 4e 63 38 f9 7f 00 00
stack at sp + 7 slots: 0x0000000000000001 is an unknown value


---------------  P R O C E S S  ---------------

Threads class SMR info:
_java_thread_list=0x00000159609d0af0, length=19, elements={
0x0000015937f0b800, 0x0000015960326000, 0x0000015960327000, 0x0000015960399000,
0x000001596039c000, 0x000001596039f800, 0x00000159603a2800, 0x00000159603a6000,
0x00000159603b4000, 0x00000159604c4800, 0x000001596057d000, 0x000001596057e800,
0x0000015960596000, 0x000001596059a000, 0x00000159605e5000, 0x00000159605f2800,
0x00000159603ab800, 0x0000015960821000, 0x00000159609d1800
}

Java Threads: ( => current thread )
=>0x0000015937f0b800 JavaThread "main" [_thread_in_native, id=38072, stack(0x0000004ad8300000,0x0000004ad8400000)]
  0x0000015960326000 JavaThread "Reference Handler" daemon [_thread_blocked, id=38436, stack(0x0000004ad8a00000,0x0000004ad8b00000)]
  0x0000015960327000 JavaThread "Finalizer" daemon [_thread_blocked, id=38204, stack(0x0000004ad8b00000,0x0000004ad8c00000)]
  0x0000015960399000 JavaThread "Signal Dispatcher" daemon [_thread_blocked, id=30636, stack(0x0000004ad8c00000,0x0000004ad8d00000)]
  0x000001596039c000 JavaThread "Attach Listener" daemon [_thread_blocked, id=27636, stack(0x0000004ad8d00000,0x0000004ad8e00000)]
  0x000001596039f800 JavaThread "Service Thread" daemon [_thread_blocked, id=32988, stack(0x0000004ad8e00000,0x0000004ad8f00000)]
  0x00000159603a2800 JavaThread "C2 CompilerThread0" daemon [_thread_blocked, id=36744, stack(0x0000004ad8f00000,0x0000004ad9000000)]
  0x00000159603a6000 JavaThread "C1 CompilerThread0" daemon [_thread_blocked, id=26048, stack(0x0000004ad9000000,0x0000004ad9100000)]
  0x00000159603b4000 JavaThread "Sweeper thread" daemon [_thread_blocked, id=20268, stack(0x0000004ad9100000,0x0000004ad9200000)]
  0x00000159604c4800 JavaThread "Common-Cleaner" daemon [_thread_blocked, id=23448, stack(0x0000004ad9200000,0x0000004ad9300000)]
  0x000001596057d000 JavaThread "C1 CompilerThread1" daemon [_thread_blocked, id=22264, stack(0x0000004ad9300000,0x0000004ad9400000)]
  0x000001596057e800 JavaThread "C1 CompilerThread2" daemon [_thread_blocked, id=38224, stack(0x0000004ad9400000,0x0000004ad9500000)]
  0x0000015960596000 JavaThread "C1 CompilerThread3" daemon [_thread_blocked, id=29360, stack(0x0000004ad9500000,0x0000004ad9600000)]
  0x000001596059a000 JavaThread "C1 CompilerThread4" daemon [_thread_blocked, id=18440, stack(0x0000004ad9600000,0x0000004ad9700000)]
  0x00000159605e5000 JavaThread "C2 CompilerThread1" daemon [_thread_blocked, id=14308, stack(0x0000004ad9700000,0x0000004ad9800000)]
  0x00000159605f2800 JavaThread "C2 CompilerThread2" daemon [_thread_blocked, id=23768, stack(0x0000004ad9800000,0x0000004ad9900000)]
  0x00000159603ab800 JavaThread "C2 CompilerThread3" daemon [_thread_blocked, id=10132, stack(0x0000004ad9900000,0x0000004ad9a00000)]
  0x0000015960821000 JavaThread "Monitor Ctrl-Break" daemon [_thread_in_native, id=24540, stack(0x0000004ad9a00000,0x0000004ad9b00000)]
  0x00000159609d1800 JavaThread "JavaCPP Deallocator" daemon [_thread_blocked, id=31452, stack(0x0000004ad9c00000,0x0000004ad9d00000)]

Other Threads:
  0x0000015960304800 VMThread "VM Thread" [stack: 0x0000004ad8900000,0x0000004ad8a00000] [id=37808]
  0x0000015960824000 WatcherThread [stack: 0x0000004ad9b00000,0x0000004ad9c00000] [id=18764]
  0x0000015937f25000 GCTaskThread "GC Thread#0" [stack: 0x0000004ad8400000,0x0000004ad8500000] [id=38376]
  0x0000015960e41000 GCTaskThread "GC Thread#1" [stack: 0x0000004ad9d00000,0x0000004ad9e00000] [id=14288]
  0x0000015960d2c800 GCTaskThread "GC Thread#2" [stack: 0x0000004ad9e00000,0x0000004ad9f00000] [id=35428]
  0x00000159610b8000 GCTaskThread "GC Thread#3" [stack: 0x0000004ad9f00000,0x0000004ada000000] [id=4904]
  0x00000159610b8800 GCTaskThread "GC Thread#4" [stack: 0x0000004ada000000,0x0000004ada100000] [id=12772]
  0x00000159612cb800 GCTaskThread "GC Thread#5" [stack: 0x0000004ada100000,0x0000004ada200000] [id=38892]
  0x00000159363da800 ConcurrentGCThread "G1 Main Marker" [stack: 0x0000004ad8500000,0x0000004ad8600000] [id=22304]
  0x00000159363dc800 ConcurrentGCThread "G1 Conc#0" [stack: 0x0000004ad8600000,0x0000004ad8700000] [id=34548]
  0x000001595f40c000 ConcurrentGCThread "G1 Refine#0" [stack: 0x0000004ad8700000,0x0000004ad8800000] [id=21128]
  0x000001595f40d000 ConcurrentGCThread "G1 Young RemSet Sampling" [stack: 0x0000004ad8800000,0x0000004ad8900000] [id=19744]

Threads with active compile tasks:

VM state:not at safepoint (normal execution)

VM Mutex/Monitor currently owned by a thread: None

Heap address: 0x0000000704c00000, size: 4020 MB, Compressed Oops mode: Zero based, Oop shift amount: 3
Narrow klass base: 0x0000000800000000, Narrow klass shift: 0
Compressed class space size: 1073741824 Address: 0x0000000800000000

Heap:
 garbage-first heap   total 258048K, used 15901K [0x0000000704c00000, 0x0000000800000000)
  region size 1024K, 17 young (17408K), 3 survivors (3072K)
 Metaspace       used 10648K, capacity 10863K, committed 11136K, reserved 1058816K
  class space    used 985K, capacity 1066K, committed 1152K, reserved 1048576K
Heap Regions: E=young(eden), S=young(survivor), O=old, HS=humongous(starts), HC=humongous(continues), CS=collection set, F=free, A=archive, TAMS=top-at-mark-start (previous, next)
|   0|0x0000000704c00000, 0x0000000704c00000, 0x0000000704d00000|  0%| F|  |TAMS 0x0000000704c00000, 0x0000000704c00000| Untracked 
|   1|0x0000000704d00000, 0x0000000704d00000, 0x0000000704e00000|  0%| F|  |TAMS 0x0000000704d00000, 0x0000000704d00000| Untracked 
|   2|0x0000000704e00000, 0x0000000704e00000, 0x0000000704f00000|  0%| F|  |TAMS 0x0000000704e00000, 0x0000000704e00000| Untracked 
|   3|0x0000000704f00000, 0x0000000704f00000, 0x0000000705000000|  0%| F|  |TAMS 0x0000000704f00000, 0x0000000704f00000| Untracked 
|   4|0x0000000705000000, 0x0000000705000000, 0x0000000705100000|  0%| F|  |TAMS 0x0000000705000000, 0x0000000705000000| Untracked 
|   5|0x0000000705100000, 0x0000000705100000, 0x0000000705200000|  0%| F|  |TAMS 0x0000000705100000, 0x0000000705100000| Untracked 
|   6|0x0000000705200000, 0x0000000705200000, 0x0000000705300000|  0%| F|  |TAMS 0x0000000705200000, 0x0000000705200000| Untracked 
|   7|0x0000000705300000, 0x0000000705300000, 0x0000000705400000|  0%| F|  |TAMS 0x0000000705300000, 0x0000000705300000| Untracked 
|   8|0x0000000705400000, 0x0000000705400000, 0x0000000705500000|  0%| F|  |TAMS 0x0000000705400000, 0x0000000705400000| Untracked 
|   9|0x0000000705500000, 0x0000000705500000, 0x0000000705600000|  0%| F|  |TAMS 0x0000000705500000, 0x0000000705500000| Untracked 
|  10|0x0000000705600000, 0x0000000705600000, 0x0000000705700000|  0%| F|  |TAMS 0x0000000705600000, 0x0000000705600000| Untracked 
|  11|0x0000000705700000, 0x0000000705700000, 0x0000000705800000|  0%| F|  |TAMS 0x0000000705700000, 0x0000000705700000| Untracked 
|  12|0x0000000705800000, 0x0000000705800000, 0x0000000705900000|  0%| F|  |TAMS 0x0000000705800000, 0x0000000705800000| Untracked 
|  13|0x0000000705900000, 0x0000000705900000, 0x0000000705a00000|  0%| F|  |TAMS 0x0000000705900000, 0x0000000705900000| Untracked 
|  14|0x0000000705a00000, 0x0000000705a00000, 0x0000000705b00000|  0%| F|  |TAMS 0x0000000705a00000, 0x0000000705a00000| Untracked 
|  15|0x0000000705b00000, 0x0000000705b00000, 0x0000000705c00000|  0%| F|  |TAMS 0x0000000705b00000, 0x0000000705b00000| Untracked 
|  16|0x0000000705c00000, 0x0000000705c00000, 0x0000000705d00000|  0%| F|  |TAMS 0x0000000705c00000, 0x0000000705c00000| Untracked 
|  17|0x0000000705d00000, 0x0000000705d00000, 0x0000000705e00000|  0%| F|  |TAMS 0x0000000705d00000, 0x0000000705d00000| Untracked 
|  18|0x0000000705e00000, 0x0000000705e00000, 0x0000000705f00000|  0%| F|  |TAMS 0x0000000705e00000, 0x0000000705e00000| Untracked 
|  19|0x0000000705f00000, 0x0000000705f00000, 0x0000000706000000|  0%| F|  |TAMS 0x0000000705f00000, 0x0000000705f00000| Untracked 
|  20|0x0000000706000000, 0x0000000706000000, 0x0000000706100000|  0%| F|  |TAMS 0x0000000706000000, 0x0000000706000000| Untracked 
|  21|0x0000000706100000, 0x0000000706100000, 0x0000000706200000|  0%| F|  |TAMS 0x0000000706100000, 0x0000000706100000| Untracked 
|  22|0x0000000706200000, 0x0000000706200000, 0x0000000706300000|  0%| F|  |TAMS 0x0000000706200000, 0x0000000706200000| Untracked 
|  23|0x0000000706300000, 0x0000000706300000, 0x0000000706400000|  0%| F|  |TAMS 0x0000000706300000, 0x0000000706300000| Untracked 
|  24|0x0000000706400000, 0x0000000706400000, 0x0000000706500000|  0%| F|  |TAMS 0x0000000706400000, 0x0000000706400000| Untracked 
|  25|0x0000000706500000, 0x0000000706500000, 0x0000000706600000|  0%| F|  |TAMS 0x0000000706500000, 0x0000000706500000| Untracked 
|  26|0x0000000706600000, 0x0000000706600000, 0x0000000706700000|  0%| F|  |TAMS 0x0000000706600000, 0x0000000706600000| Untracked 
|  27|0x0000000706700000, 0x0000000706700000, 0x0000000706800000|  0%| F|  |TAMS 0x0000000706700000, 0x0000000706700000| Untracked 
|  28|0x0000000706800000, 0x0000000706800000, 0x0000000706900000|  0%| F|  |TAMS 0x0000000706800000, 0x0000000706800000| Untracked 
|  29|0x0000000706900000, 0x0000000706900000, 0x0000000706a00000|  0%| F|  |TAMS 0x0000000706900000, 0x0000000706900000| Untracked 
|  30|0x0000000706a00000, 0x0000000706a00000, 0x0000000706b00000|  0%| F|  |TAMS 0x0000000706a00000, 0x0000000706a00000| Untracked 
|  31|0x0000000706b00000, 0x0000000706b00000, 0x0000000706c00000|  0%| F|  |TAMS 0x0000000706b00000, 0x0000000706b00000| Untracked 
|  32|0x0000000706c00000, 0x0000000706c00000, 0x0000000706d00000|  0%| F|  |TAMS 0x0000000706c00000, 0x0000000706c00000| Untracked 
|  33|0x0000000706d00000, 0x0000000706d00000, 0x0000000706e00000|  0%| F|  |TAMS 0x0000000706d00000, 0x0000000706d00000| Untracked 
|  34|0x0000000706e00000, 0x0000000706e00000, 0x0000000706f00000|  0%| F|  |TAMS 0x0000000706e00000, 0x0000000706e00000| Untracked 
|  35|0x0000000706f00000, 0x0000000706f00000, 0x0000000707000000|  0%| F|  |TAMS 0x0000000706f00000, 0x0000000706f00000| Untracked 
|  36|0x0000000707000000, 0x0000000707000000, 0x0000000707100000|  0%| F|  |TAMS 0x0000000707000000, 0x0000000707000000| Untracked 
|  37|0x0000000707100000, 0x0000000707100000, 0x0000000707200000|  0%| F|  |TAMS 0x0000000707100000, 0x0000000707100000| Untracked 
|  38|0x0000000707200000, 0x0000000707200000, 0x0000000707300000|  0%| F|  |TAMS 0x0000000707200000, 0x0000000707200000| Untracked 
|  39|0x0000000707300000, 0x0000000707300000, 0x0000000707400000|  0%| F|  |TAMS 0x0000000707300000, 0x0000000707300000| Untracked 
|  40|0x0000000707400000, 0x0000000707400000, 0x0000000707500000|  0%| F|  |TAMS 0x0000000707400000, 0x0000000707400000| Untracked 
|  41|0x0000000707500000, 0x0000000707500000, 0x0000000707600000|  0%| F|  |TAMS 0x0000000707500000, 0x0000000707500000| Untracked 
|  42|0x0000000707600000, 0x0000000707600000, 0x0000000707700000|  0%| F|  |TAMS 0x0000000707600000, 0x0000000707600000| Untracked 
|  43|0x0000000707700000, 0x0000000707700000, 0x0000000707800000|  0%| F|  |TAMS 0x0000000707700000, 0x0000000707700000| Untracked 
|  44|0x0000000707800000, 0x0000000707800000, 0x0000000707900000|  0%| F|  |TAMS 0x0000000707800000, 0x0000000707800000| Untracked 
|  45|0x0000000707900000, 0x0000000707900000, 0x0000000707a00000|  0%| F|  |TAMS 0x0000000707900000, 0x0000000707900000| Untracked 
|  46|0x0000000707a00000, 0x0000000707a00000, 0x0000000707b00000|  0%| F|  |TAMS 0x0000000707a00000, 0x0000000707a00000| Untracked 
|  47|0x0000000707b00000, 0x0000000707b00000, 0x0000000707c00000|  0%| F|  |TAMS 0x0000000707b00000, 0x0000000707b00000| Untracked 
|  48|0x0000000707c00000, 0x0000000707c00000, 0x0000000707d00000|  0%| F|  |TAMS 0x0000000707c00000, 0x0000000707c00000| Untracked 
|  49|0x0000000707d00000, 0x0000000707d00000, 0x0000000707e00000|  0%| F|  |TAMS 0x0000000707d00000, 0x0000000707d00000| Untracked 
|  50|0x0000000707e00000, 0x0000000707e00000, 0x0000000707f00000|  0%| F|  |TAMS 0x0000000707e00000, 0x0000000707e00000| Untracked 
|  51|0x0000000707f00000, 0x0000000707f00000, 0x0000000708000000|  0%| F|  |TAMS 0x0000000707f00000, 0x0000000707f00000| Untracked 
|  52|0x0000000708000000, 0x0000000708000000, 0x0000000708100000|  0%| F|  |TAMS 0x0000000708000000, 0x0000000708000000| Untracked 
|  53|0x0000000708100000, 0x0000000708100000, 0x0000000708200000|  0%| F|  |TAMS 0x0000000708100000, 0x0000000708100000| Untracked 
|  54|0x0000000708200000, 0x0000000708200000, 0x0000000708300000|  0%| F|  |TAMS 0x0000000708200000, 0x0000000708200000| Untracked 
|  55|0x0000000708300000, 0x0000000708300000, 0x0000000708400000|  0%| F|  |TAMS 0x0000000708300000, 0x0000000708300000| Untracked 
|  56|0x0000000708400000, 0x0000000708400000, 0x0000000708500000|  0%| F|  |TAMS 0x0000000708400000, 0x0000000708400000| Untracked 
|  57|0x0000000708500000, 0x0000000708500000, 0x0000000708600000|  0%| F|  |TAMS 0x0000000708500000, 0x0000000708500000| Untracked 
|  58|0x0000000708600000, 0x0000000708600000, 0x0000000708700000|  0%| F|  |TAMS 0x0000000708600000, 0x0000000708600000| Untracked 
|  59|0x0000000708700000, 0x0000000708700000, 0x0000000708800000|  0%| F|  |TAMS 0x0000000708700000, 0x0000000708700000| Untracked 
|  60|0x0000000708800000, 0x0000000708800000, 0x0000000708900000|  0%| F|  |TAMS 0x0000000708800000, 0x0000000708800000| Untracked 
|  61|0x0000000708900000, 0x0000000708900000, 0x0000000708a00000|  0%| F|  |TAMS 0x0000000708900000, 0x0000000708900000| Untracked 
|  62|0x0000000708a00000, 0x0000000708a00000, 0x0000000708b00000|  0%| F|  |TAMS 0x0000000708a00000, 0x0000000708a00000| Untracked 
|  63|0x0000000708b00000, 0x0000000708b00000, 0x0000000708c00000|  0%| F|  |TAMS 0x0000000708b00000, 0x0000000708b00000| Untracked 
|  64|0x0000000708c00000, 0x0000000708c00000, 0x0000000708d00000|  0%| F|  |TAMS 0x0000000708c00000, 0x0000000708c00000| Untracked 
|  65|0x0000000708d00000, 0x0000000708d00000, 0x0000000708e00000|  0%| F|  |TAMS 0x0000000708d00000, 0x0000000708d00000| Untracked 
|  66|0x0000000708e00000, 0x0000000708e00000, 0x0000000708f00000|  0%| F|  |TAMS 0x0000000708e00000, 0x0000000708e00000| Untracked 
|  67|0x0000000708f00000, 0x0000000708f00000, 0x0000000709000000|  0%| F|  |TAMS 0x0000000708f00000, 0x0000000708f00000| Untracked 
|  68|0x0000000709000000, 0x0000000709000000, 0x0000000709100000|  0%| F|  |TAMS 0x0000000709000000, 0x0000000709000000| Untracked 
|  69|0x0000000709100000, 0x0000000709100000, 0x0000000709200000|  0%| F|  |TAMS 0x0000000709100000, 0x0000000709100000| Untracked 
|  70|0x0000000709200000, 0x0000000709200000, 0x0000000709300000|  0%| F|  |TAMS 0x0000000709200000, 0x0000000709200000| Untracked 
|  71|0x0000000709300000, 0x0000000709300000, 0x0000000709400000|  0%| F|  |TAMS 0x0000000709300000, 0x0000000709300000| Untracked 
|  72|0x0000000709400000, 0x0000000709400000, 0x0000000709500000|  0%| F|  |TAMS 0x0000000709400000, 0x0000000709400000| Untracked 
|  73|0x0000000709500000, 0x0000000709500000, 0x0000000709600000|  0%| F|  |TAMS 0x0000000709500000, 0x0000000709500000| Untracked 
|  74|0x0000000709600000, 0x0000000709600000, 0x0000000709700000|  0%| F|  |TAMS 0x0000000709600000, 0x0000000709600000| Untracked 
|  75|0x0000000709700000, 0x0000000709700000, 0x0000000709800000|  0%| F|  |TAMS 0x0000000709700000, 0x0000000709700000| Untracked 
|  76|0x0000000709800000, 0x0000000709800000, 0x0000000709900000|  0%| F|  |TAMS 0x0000000709800000, 0x0000000709800000| Untracked 
|  77|0x0000000709900000, 0x0000000709900000, 0x0000000709a00000|  0%| F|  |TAMS 0x0000000709900000, 0x0000000709900000| Untracked 
|  78|0x0000000709a00000, 0x0000000709a00000, 0x0000000709b00000|  0%| F|  |TAMS 0x0000000709a00000, 0x0000000709a00000| Untracked 
|  79|0x0000000709b00000, 0x0000000709b00000, 0x0000000709c00000|  0%| F|  |TAMS 0x0000000709b00000, 0x0000000709b00000| Untracked 
|  80|0x0000000709c00000, 0x0000000709c00000, 0x0000000709d00000|  0%| F|  |TAMS 0x0000000709c00000, 0x0000000709c00000| Untracked 
|  81|0x0000000709d00000, 0x0000000709d00000, 0x0000000709e00000|  0%| F|  |TAMS 0x0000000709d00000, 0x0000000709d00000| Untracked 
|  82|0x0000000709e00000, 0x0000000709e00000, 0x0000000709f00000|  0%| F|  |TAMS 0x0000000709e00000, 0x0000000709e00000| Untracked 
|  83|0x0000000709f00000, 0x0000000709f00000, 0x000000070a000000|  0%| F|  |TAMS 0x0000000709f00000, 0x0000000709f00000| Untracked 
|  84|0x000000070a000000, 0x000000070a000000, 0x000000070a100000|  0%| F|  |TAMS 0x000000070a000000, 0x000000070a000000| Untracked 
|  85|0x000000070a100000, 0x000000070a100000, 0x000000070a200000|  0%| F|  |TAMS 0x000000070a100000, 0x000000070a100000| Untracked 
|  86|0x000000070a200000, 0x000000070a200000, 0x000000070a300000|  0%| F|  |TAMS 0x000000070a200000, 0x000000070a200000| Untracked 
|  87|0x000000070a300000, 0x000000070a300000, 0x000000070a400000|  0%| F|  |TAMS 0x000000070a300000, 0x000000070a300000| Untracked 
|  88|0x000000070a400000, 0x000000070a400000, 0x000000070a500000|  0%| F|  |TAMS 0x000000070a400000, 0x000000070a400000| Untracked 
|  89|0x000000070a500000, 0x000000070a500000, 0x000000070a600000|  0%| F|  |TAMS 0x000000070a500000, 0x000000070a500000| Untracked 
|  90|0x000000070a600000, 0x000000070a600000, 0x000000070a700000|  0%| F|  |TAMS 0x000000070a600000, 0x000000070a600000| Untracked 
|  91|0x000000070a700000, 0x000000070a700000, 0x000000070a800000|  0%| F|  |TAMS 0x000000070a700000, 0x000000070a700000| Untracked 
|  92|0x000000070a800000, 0x000000070a800000, 0x000000070a900000|  0%| F|  |TAMS 0x000000070a800000, 0x000000070a800000| Untracked 
|  93|0x000000070a900000, 0x000000070a900000, 0x000000070aa00000|  0%| F|  |TAMS 0x000000070a900000, 0x000000070a900000| Untracked 
|  94|0x000000070aa00000, 0x000000070aa00000, 0x000000070ab00000|  0%| F|  |TAMS 0x000000070aa00000, 0x000000070aa00000| Untracked 
|  95|0x000000070ab00000, 0x000000070ab00000, 0x000000070ac00000|  0%| F|  |TAMS 0x000000070ab00000, 0x000000070ab00000| Untracked 
|  96|0x000000070ac00000, 0x000000070ac00000, 0x000000070ad00000|  0%| F|  |TAMS 0x000000070ac00000, 0x000000070ac00000| Untracked 
|  97|0x000000070ad00000, 0x000000070ad00000, 0x000000070ae00000|  0%| F|  |TAMS 0x000000070ad00000, 0x000000070ad00000| Untracked 
|  98|0x000000070ae00000, 0x000000070ae00000, 0x000000070af00000|  0%| F|  |TAMS 0x000000070ae00000, 0x000000070ae00000| Untracked 
|  99|0x000000070af00000, 0x000000070af00000, 0x000000070b000000|  0%| F|  |TAMS 0x000000070af00000, 0x000000070af00000| Untracked 
| 100|0x000000070b000000, 0x000000070b000000, 0x000000070b100000|  0%| F|  |TAMS 0x000000070b000000, 0x000000070b000000| Untracked 
| 101|0x000000070b100000, 0x000000070b100000, 0x000000070b200000|  0%| F|  |TAMS 0x000000070b100000, 0x000000070b100000| Untracked 
| 102|0x000000070b200000, 0x000000070b200000, 0x000000070b300000|  0%| F|  |TAMS 0x000000070b200000, 0x000000070b200000| Untracked 
| 103|0x000000070b300000, 0x000000070b300000, 0x000000070b400000|  0%| F|  |TAMS 0x000000070b300000, 0x000000070b300000| Untracked 
| 104|0x000000070b400000, 0x000000070b400000, 0x000000070b500000|  0%| F|  |TAMS 0x000000070b400000, 0x000000070b400000| Untracked 
| 105|0x000000070b500000, 0x000000070b500000, 0x000000070b600000|  0%| F|  |TAMS 0x000000070b500000, 0x000000070b500000| Untracked 
| 106|0x000000070b600000, 0x000000070b600000, 0x000000070b700000|  0%| F|  |TAMS 0x000000070b600000, 0x000000070b600000| Untracked 
| 107|0x000000070b700000, 0x000000070b700000, 0x000000070b800000|  0%| F|  |TAMS 0x000000070b700000, 0x000000070b700000| Untracked 
| 108|0x000000070b800000, 0x000000070b800000, 0x000000070b900000|  0%| F|  |TAMS 0x000000070b800000, 0x000000070b800000| Untracked 
| 109|0x000000070b900000, 0x000000070b900000, 0x000000070ba00000|  0%| F|  |TAMS 0x000000070b900000, 0x000000070b900000| Untracked 
| 110|0x000000070ba00000, 0x000000070ba00000, 0x000000070bb00000|  0%| F|  |TAMS 0x000000070ba00000, 0x000000070ba00000| Untracked 
| 111|0x000000070bb00000, 0x000000070bb00000, 0x000000070bc00000|  0%| F|  |TAMS 0x000000070bb00000, 0x000000070bb00000| Untracked 
| 112|0x000000070bc00000, 0x000000070bc00000, 0x000000070bd00000|  0%| F|  |TAMS 0x000000070bc00000, 0x000000070bc00000| Untracked 
| 113|0x000000070bd00000, 0x000000070bd00000, 0x000000070be00000|  0%| F|  |TAMS 0x000000070bd00000, 0x000000070bd00000| Untracked 
| 114|0x000000070be00000, 0x000000070be00000, 0x000000070bf00000|  0%| F|  |TAMS 0x000000070be00000, 0x000000070be00000| Untracked 
| 115|0x000000070bf00000, 0x000000070bf00000, 0x000000070c000000|  0%| F|  |TAMS 0x000000070bf00000, 0x000000070bf00000| Untracked 
| 116|0x000000070c000000, 0x000000070c000000, 0x000000070c100000|  0%| F|  |TAMS 0x000000070c000000, 0x000000070c000000| Untracked 
| 117|0x000000070c100000, 0x000000070c100000, 0x000000070c200000|  0%| F|  |TAMS 0x000000070c100000, 0x000000070c100000| Untracked 
| 118|0x000000070c200000, 0x000000070c200000, 0x000000070c300000|  0%| F|  |TAMS 0x000000070c200000, 0x000000070c200000| Untracked 
| 119|0x000000070c300000, 0x000000070c300000, 0x000000070c400000|  0%| F|  |TAMS 0x000000070c300000, 0x000000070c300000| Untracked 
| 120|0x000000070c400000, 0x000000070c400000, 0x000000070c500000|  0%| F|  |TAMS 0x000000070c400000, 0x000000070c400000| Untracked 
| 121|0x000000070c500000, 0x000000070c500000, 0x000000070c600000|  0%| F|  |TAMS 0x000000070c500000, 0x000000070c500000| Untracked 
| 122|0x000000070c600000, 0x000000070c600000, 0x000000070c700000|  0%| F|  |TAMS 0x000000070c600000, 0x000000070c600000| Untracked 
| 123|0x000000070c700000, 0x000000070c700000, 0x000000070c800000|  0%| F|  |TAMS 0x000000070c700000, 0x000000070c700000| Untracked 
| 124|0x000000070c800000, 0x000000070c800000, 0x000000070c900000|  0%| F|  |TAMS 0x000000070c800000, 0x000000070c800000| Untracked 
| 125|0x000000070c900000, 0x000000070c900000, 0x000000070ca00000|  0%| F|  |TAMS 0x000000070c900000, 0x000000070c900000| Untracked 
| 126|0x000000070ca00000, 0x000000070ca00000, 0x000000070cb00000|  0%| F|  |TAMS 0x000000070ca00000, 0x000000070ca00000| Untracked 
| 127|0x000000070cb00000, 0x000000070cb00000, 0x000000070cc00000|  0%| F|  |TAMS 0x000000070cb00000, 0x000000070cb00000| Untracked 
| 128|0x000000070cc00000, 0x000000070cc00000, 0x000000070cd00000|  0%| F|  |TAMS 0x000000070cc00000, 0x000000070cc00000| Untracked 
| 129|0x000000070cd00000, 0x000000070cd00000, 0x000000070ce00000|  0%| F|  |TAMS 0x000000070cd00000, 0x000000070cd00000| Untracked 
| 130|0x000000070ce00000, 0x000000070ce00000, 0x000000070cf00000|  0%| F|  |TAMS 0x000000070ce00000, 0x000000070ce00000| Untracked 
| 131|0x000000070cf00000, 0x000000070cf00000, 0x000000070d000000|  0%| F|  |TAMS 0x000000070cf00000, 0x000000070cf00000| Untracked 
| 132|0x000000070d000000, 0x000000070d000000, 0x000000070d100000|  0%| F|  |TAMS 0x000000070d000000, 0x000000070d000000| Untracked 
| 133|0x000000070d100000, 0x000000070d100000, 0x000000070d200000|  0%| F|  |TAMS 0x000000070d100000, 0x000000070d100000| Untracked 
| 134|0x000000070d200000, 0x000000070d200000, 0x000000070d300000|  0%| F|  |TAMS 0x000000070d200000, 0x000000070d200000| Untracked 
| 135|0x000000070d300000, 0x000000070d300000, 0x000000070d400000|  0%| F|  |TAMS 0x000000070d300000, 0x000000070d300000| Untracked 
| 136|0x000000070d400000, 0x000000070d400000, 0x000000070d500000|  0%| F|  |TAMS 0x000000070d400000, 0x000000070d400000| Untracked 
| 137|0x000000070d500000, 0x000000070d500000, 0x000000070d600000|  0%| F|  |TAMS 0x000000070d500000, 0x000000070d500000| Untracked 
| 138|0x000000070d600000, 0x000000070d600000, 0x000000070d700000|  0%| F|  |TAMS 0x000000070d600000, 0x000000070d600000| Untracked 
| 139|0x000000070d700000, 0x000000070d700000, 0x000000070d800000|  0%| F|  |TAMS 0x000000070d700000, 0x000000070d700000| Untracked 
| 140|0x000000070d800000, 0x000000070d800000, 0x000000070d900000|  0%| F|  |TAMS 0x000000070d800000, 0x000000070d800000| Untracked 
| 141|0x000000070d900000, 0x000000070d900000, 0x000000070da00000|  0%| F|  |TAMS 0x000000070d900000, 0x000000070d900000| Untracked 
| 142|0x000000070da00000, 0x000000070da00000, 0x000000070db00000|  0%| F|  |TAMS 0x000000070da00000, 0x000000070da00000| Untracked 
| 143|0x000000070db00000, 0x000000070db00000, 0x000000070dc00000|  0%| F|  |TAMS 0x000000070db00000, 0x000000070db00000| Untracked 
| 144|0x000000070dc00000, 0x000000070dc00000, 0x000000070dd00000|  0%| F|  |TAMS 0x000000070dc00000, 0x000000070dc00000| Untracked 
| 145|0x000000070dd00000, 0x000000070dd00000, 0x000000070de00000|  0%| F|  |TAMS 0x000000070dd00000, 0x000000070dd00000| Untracked 
| 146|0x000000070de00000, 0x000000070de00000, 0x000000070df00000|  0%| F|  |TAMS 0x000000070de00000, 0x000000070de00000| Untracked 
| 147|0x000000070df00000, 0x000000070df00000, 0x000000070e000000|  0%| F|  |TAMS 0x000000070df00000, 0x000000070df00000| Untracked 
| 148|0x000000070e000000, 0x000000070e000000, 0x000000070e100000|  0%| F|  |TAMS 0x000000070e000000, 0x000000070e000000| Untracked 
| 149|0x000000070e100000, 0x000000070e100000, 0x000000070e200000|  0%| F|  |TAMS 0x000000070e100000, 0x000000070e100000| Untracked 
| 150|0x000000070e200000, 0x000000070e200000, 0x000000070e300000|  0%| F|  |TAMS 0x000000070e200000, 0x000000070e200000| Untracked 
| 151|0x000000070e300000, 0x000000070e300000, 0x000000070e400000|  0%| F|  |TAMS 0x000000070e300000, 0x000000070e300000| Untracked 
| 152|0x000000070e400000, 0x000000070e400000, 0x000000070e500000|  0%| F|  |TAMS 0x000000070e400000, 0x000000070e400000| Untracked 
| 153|0x000000070e500000, 0x000000070e500000, 0x000000070e600000|  0%| F|  |TAMS 0x000000070e500000, 0x000000070e500000| Untracked 
| 154|0x000000070e600000, 0x000000070e600000, 0x000000070e700000|  0%| F|  |TAMS 0x000000070e600000, 0x000000070e600000| Untracked 
| 155|0x000000070e700000, 0x000000070e700000, 0x000000070e800000|  0%| F|  |TAMS 0x000000070e700000, 0x000000070e700000| Untracked 
| 156|0x000000070e800000, 0x000000070e800000, 0x000000070e900000|  0%| F|  |TAMS 0x000000070e800000, 0x000000070e800000| Untracked 
| 157|0x000000070e900000, 0x000000070e900000, 0x000000070ea00000|  0%| F|  |TAMS 0x000000070e900000, 0x000000070e900000| Untracked 
| 158|0x000000070ea00000, 0x000000070ea00000, 0x000000070eb00000|  0%| F|  |TAMS 0x000000070ea00000, 0x000000070ea00000| Untracked 
| 159|0x000000070eb00000, 0x000000070eb00000, 0x000000070ec00000|  0%| F|  |TAMS 0x000000070eb00000, 0x000000070eb00000| Untracked 
| 160|0x000000070ec00000, 0x000000070ec00000, 0x000000070ed00000|  0%| F|  |TAMS 0x000000070ec00000, 0x000000070ec00000| Untracked 
| 161|0x000000070ed00000, 0x000000070ed00000, 0x000000070ee00000|  0%| F|  |TAMS 0x000000070ed00000, 0x000000070ed00000| Untracked 
| 162|0x000000070ee00000, 0x000000070ee00000, 0x000000070ef00000|  0%| F|  |TAMS 0x000000070ee00000, 0x000000070ee00000| Untracked 
| 163|0x000000070ef00000, 0x000000070ef00000, 0x000000070f000000|  0%| F|  |TAMS 0x000000070ef00000, 0x000000070ef00000| Untracked 
| 164|0x000000070f000000, 0x000000070f000000, 0x000000070f100000|  0%| F|  |TAMS 0x000000070f000000, 0x000000070f000000| Untracked 
| 165|0x000000070f100000, 0x000000070f100000, 0x000000070f200000|  0%| F|  |TAMS 0x000000070f100000, 0x000000070f100000| Untracked 
| 166|0x000000070f200000, 0x000000070f200000, 0x000000070f300000|  0%| F|  |TAMS 0x000000070f200000, 0x000000070f200000| Untracked 
| 167|0x000000070f300000, 0x000000070f300000, 0x000000070f400000|  0%| F|  |TAMS 0x000000070f300000, 0x000000070f300000| Untracked 
| 168|0x000000070f400000, 0x000000070f400000, 0x000000070f500000|  0%| F|  |TAMS 0x000000070f400000, 0x000000070f400000| Untracked 
| 169|0x000000070f500000, 0x000000070f500000, 0x000000070f600000|  0%| F|  |TAMS 0x000000070f500000, 0x000000070f500000| Untracked 
| 170|0x000000070f600000, 0x000000070f600000, 0x000000070f700000|  0%| F|  |TAMS 0x000000070f600000, 0x000000070f600000| Untracked 
| 171|0x000000070f700000, 0x000000070f700000, 0x000000070f800000|  0%| F|  |TAMS 0x000000070f700000, 0x000000070f700000| Untracked 
| 172|0x000000070f800000, 0x000000070f800000, 0x000000070f900000|  0%| F|  |TAMS 0x000000070f800000, 0x000000070f800000| Untracked 
| 173|0x000000070f900000, 0x000000070f900000, 0x000000070fa00000|  0%| F|  |TAMS 0x000000070f900000, 0x000000070f900000| Untracked 
| 174|0x000000070fa00000, 0x000000070fa00000, 0x000000070fb00000|  0%| F|  |TAMS 0x000000070fa00000, 0x000000070fa00000| Untracked 
| 175|0x000000070fb00000, 0x000000070fb00000, 0x000000070fc00000|  0%| F|  |TAMS 0x000000070fb00000, 0x000000070fb00000| Untracked 
| 176|0x000000070fc00000, 0x000000070fc00000, 0x000000070fd00000|  0%| F|  |TAMS 0x000000070fc00000, 0x000000070fc00000| Untracked 
| 177|0x000000070fd00000, 0x000000070fd00000, 0x000000070fe00000|  0%| F|  |TAMS 0x000000070fd00000, 0x000000070fd00000| Untracked 
| 178|0x000000070fe00000, 0x000000070fe00000, 0x000000070ff00000|  0%| F|  |TAMS 0x000000070fe00000, 0x000000070fe00000| Untracked 
| 179|0x000000070ff00000, 0x000000070ff00000, 0x0000000710000000|  0%| F|  |TAMS 0x000000070ff00000, 0x000000070ff00000| Untracked 
| 180|0x0000000710000000, 0x0000000710000000, 0x0000000710100000|  0%| F|  |TAMS 0x0000000710000000, 0x0000000710000000| Untracked 
| 181|0x0000000710100000, 0x0000000710100000, 0x0000000710200000|  0%| F|  |TAMS 0x0000000710100000, 0x0000000710100000| Untracked 
| 182|0x0000000710200000, 0x0000000710200000, 0x0000000710300000|  0%| F|  |TAMS 0x0000000710200000, 0x0000000710200000| Untracked 
| 183|0x0000000710300000, 0x0000000710300000, 0x0000000710400000|  0%| F|  |TAMS 0x0000000710300000, 0x0000000710300000| Untracked 
| 184|0x0000000710400000, 0x0000000710400000, 0x0000000710500000|  0%| F|  |TAMS 0x0000000710400000, 0x0000000710400000| Untracked 
| 185|0x0000000710500000, 0x0000000710500000, 0x0000000710600000|  0%| F|  |TAMS 0x0000000710500000, 0x0000000710500000| Untracked 
| 186|0x0000000710600000, 0x0000000710600000, 0x0000000710700000|  0%| F|  |TAMS 0x0000000710600000, 0x0000000710600000| Untracked 
| 187|0x0000000710700000, 0x0000000710700000, 0x0000000710800000|  0%| F|  |TAMS 0x0000000710700000, 0x0000000710700000| Untracked 
| 188|0x0000000710800000, 0x0000000710800000, 0x0000000710900000|  0%| F|  |TAMS 0x0000000710800000, 0x0000000710800000| Untracked 
| 189|0x0000000710900000, 0x0000000710900000, 0x0000000710a00000|  0%| F|  |TAMS 0x0000000710900000, 0x0000000710900000| Untracked 
| 190|0x0000000710a00000, 0x0000000710a00000, 0x0000000710b00000|  0%| F|  |TAMS 0x0000000710a00000, 0x0000000710a00000| Untracked 
| 191|0x0000000710b00000, 0x0000000710b00000, 0x0000000710c00000|  0%| F|  |TAMS 0x0000000710b00000, 0x0000000710b00000| Untracked 
| 192|0x0000000710c00000, 0x0000000710c00000, 0x0000000710d00000|  0%| F|  |TAMS 0x0000000710c00000, 0x0000000710c00000| Untracked 
| 193|0x0000000710d00000, 0x0000000710d00000, 0x0000000710e00000|  0%| F|  |TAMS 0x0000000710d00000, 0x0000000710d00000| Untracked 
| 194|0x0000000710e00000, 0x0000000710e00000, 0x0000000710f00000|  0%| F|  |TAMS 0x0000000710e00000, 0x0000000710e00000| Untracked 
| 195|0x0000000710f00000, 0x0000000710f00000, 0x0000000711000000|  0%| F|  |TAMS 0x0000000710f00000, 0x0000000710f00000| Untracked 
| 196|0x0000000711000000, 0x0000000711000000, 0x0000000711100000|  0%| F|  |TAMS 0x0000000711000000, 0x0000000711000000| Untracked 
| 197|0x0000000711100000, 0x0000000711100000, 0x0000000711200000|  0%| F|  |TAMS 0x0000000711100000, 0x0000000711100000| Untracked 
| 198|0x0000000711200000, 0x0000000711200000, 0x0000000711300000|  0%| F|  |TAMS 0x0000000711200000, 0x0000000711200000| Untracked 
| 199|0x0000000711300000, 0x0000000711300000, 0x0000000711400000|  0%| F|  |TAMS 0x0000000711300000, 0x0000000711300000| Untracked 
| 200|0x0000000711400000, 0x0000000711400000, 0x0000000711500000|  0%| F|  |TAMS 0x0000000711400000, 0x0000000711400000| Untracked 
| 201|0x0000000711500000, 0x0000000711500000, 0x0000000711600000|  0%| F|  |TAMS 0x0000000711500000, 0x0000000711500000| Untracked 
| 202|0x0000000711600000, 0x0000000711600000, 0x0000000711700000|  0%| F|  |TAMS 0x0000000711600000, 0x0000000711600000| Untracked 
| 203|0x0000000711700000, 0x0000000711700000, 0x0000000711800000|  0%| F|  |TAMS 0x0000000711700000, 0x0000000711700000| Untracked 
| 204|0x0000000711800000, 0x0000000711800000, 0x0000000711900000|  0%| F|  |TAMS 0x0000000711800000, 0x0000000711800000| Untracked 
| 205|0x0000000711900000, 0x0000000711900000, 0x0000000711a00000|  0%| F|  |TAMS 0x0000000711900000, 0x0000000711900000| Untracked 
| 206|0x0000000711a00000, 0x0000000711a00000, 0x0000000711b00000|  0%| F|  |TAMS 0x0000000711a00000, 0x0000000711a00000| Untracked 
| 207|0x0000000711b00000, 0x0000000711b00000, 0x0000000711c00000|  0%| F|  |TAMS 0x0000000711b00000, 0x0000000711b00000| Untracked 
| 208|0x0000000711c00000, 0x0000000711c00000, 0x0000000711d00000|  0%| F|  |TAMS 0x0000000711c00000, 0x0000000711c00000| Untracked 
| 209|0x0000000711d00000, 0x0000000711d00000, 0x0000000711e00000|  0%| F|  |TAMS 0x0000000711d00000, 0x0000000711d00000| Untracked 
| 210|0x0000000711e00000, 0x0000000711e00000, 0x0000000711f00000|  0%| F|  |TAMS 0x0000000711e00000, 0x0000000711e00000| Untracked 
| 211|0x0000000711f00000, 0x0000000711f00000, 0x0000000712000000|  0%| F|  |TAMS 0x0000000711f00000, 0x0000000711f00000| Untracked 
| 212|0x0000000712000000, 0x0000000712000000, 0x0000000712100000|  0%| F|  |TAMS 0x0000000712000000, 0x0000000712000000| Untracked 
| 213|0x0000000712100000, 0x0000000712100000, 0x0000000712200000|  0%| F|  |TAMS 0x0000000712100000, 0x0000000712100000| Untracked 
| 214|0x0000000712200000, 0x0000000712200000, 0x0000000712300000|  0%| F|  |TAMS 0x0000000712200000, 0x0000000712200000| Untracked 
| 215|0x0000000712300000, 0x0000000712300000, 0x0000000712400000|  0%| F|  |TAMS 0x0000000712300000, 0x0000000712300000| Untracked 
| 216|0x0000000712400000, 0x0000000712400000, 0x0000000712500000|  0%| F|  |TAMS 0x0000000712400000, 0x0000000712400000| Untracked 
| 217|0x0000000712500000, 0x0000000712500000, 0x0000000712600000|  0%| F|  |TAMS 0x0000000712500000, 0x0000000712500000| Untracked 
| 218|0x0000000712600000, 0x0000000712600000, 0x0000000712700000|  0%| F|  |TAMS 0x0000000712600000, 0x0000000712600000| Untracked 
| 219|0x0000000712700000, 0x0000000712700000, 0x0000000712800000|  0%| F|  |TAMS 0x0000000712700000, 0x0000000712700000| Untracked 
| 220|0x0000000712800000, 0x0000000712800000, 0x0000000712900000|  0%| F|  |TAMS 0x0000000712800000, 0x0000000712800000| Untracked 
| 221|0x0000000712900000, 0x0000000712900000, 0x0000000712a00000|  0%| F|  |TAMS 0x0000000712900000, 0x0000000712900000| Untracked 
| 222|0x0000000712a00000, 0x0000000712a00000, 0x0000000712b00000|  0%| F|  |TAMS 0x0000000712a00000, 0x0000000712a00000| Untracked 
| 223|0x0000000712b00000, 0x0000000712b00000, 0x0000000712c00000|  0%| F|  |TAMS 0x0000000712b00000, 0x0000000712b00000| Untracked 
| 224|0x0000000712c00000, 0x0000000712c00000, 0x0000000712d00000|  0%| F|  |TAMS 0x0000000712c00000, 0x0000000712c00000| Untracked 
| 225|0x0000000712d00000, 0x0000000712d877d0, 0x0000000712e00000| 52%| S|CS|TAMS 0x0000000712d00000, 0x0000000712d00000| Complete 
| 226|0x0000000712e00000, 0x0000000712f00000, 0x0000000712f00000|100%| S|CS|TAMS 0x0000000712e00000, 0x0000000712e00000| Complete 
| 227|0x0000000712f00000, 0x0000000713000000, 0x0000000713000000|100%| S|CS|TAMS 0x0000000712f00000, 0x0000000712f00000| Complete 
| 228|0x0000000713000000, 0x0000000713000000, 0x0000000713100000|  0%| F|  |TAMS 0x0000000713000000, 0x0000000713000000| Untracked 
| 229|0x0000000713100000, 0x0000000713100000, 0x0000000713200000|  0%| F|  |TAMS 0x0000000713100000, 0x0000000713100000| Untracked 
| 230|0x0000000713200000, 0x0000000713200000, 0x0000000713300000|  0%| F|  |TAMS 0x0000000713200000, 0x0000000713200000| Untracked 
| 231|0x0000000713300000, 0x0000000713300000, 0x0000000713400000|  0%| F|  |TAMS 0x0000000713300000, 0x0000000713300000| Untracked 
| 232|0x0000000713400000, 0x0000000713400000, 0x0000000713500000|  0%| F|  |TAMS 0x0000000713400000, 0x0000000713400000| Untracked 
| 233|0x0000000713500000, 0x0000000713500000, 0x0000000713600000|  0%| F|  |TAMS 0x0000000713500000, 0x0000000713500000| Untracked 
| 234|0x0000000713600000, 0x0000000713600000, 0x0000000713700000|  0%| F|  |TAMS 0x0000000713600000, 0x0000000713600000| Untracked 
| 235|0x0000000713700000, 0x0000000713700000, 0x0000000713800000|  0%| F|  |TAMS 0x0000000713700000, 0x0000000713700000| Untracked 
| 236|0x0000000713800000, 0x0000000713800000, 0x0000000713900000|  0%| F|  |TAMS 0x0000000713800000, 0x0000000713800000| Untracked 
| 237|0x0000000713900000, 0x0000000713900000, 0x0000000713a00000|  0%| F|  |TAMS 0x0000000713900000, 0x0000000713900000| Untracked 
| 238|0x0000000713a00000, 0x0000000713a80800, 0x0000000713b00000| 50%| E|  |TAMS 0x0000000713a00000, 0x0000000713a00000| Complete 
| 239|0x0000000713b00000, 0x0000000713c00000, 0x0000000713c00000|100%| E|CS|TAMS 0x0000000713b00000, 0x0000000713b00000| Complete 
| 240|0x0000000713c00000, 0x0000000713d00000, 0x0000000713d00000|100%| E|CS|TAMS 0x0000000713c00000, 0x0000000713c00000| Complete 
| 241|0x0000000713d00000, 0x0000000713e00000, 0x0000000713e00000|100%| E|CS|TAMS 0x0000000713d00000, 0x0000000713d00000| Complete 
| 242|0x0000000713e00000, 0x0000000713f00000, 0x0000000713f00000|100%| E|CS|TAMS 0x0000000713e00000, 0x0000000713e00000| Complete 
| 243|0x0000000713f00000, 0x0000000714000000, 0x0000000714000000|100%| E|CS|TAMS 0x0000000713f00000, 0x0000000713f00000| Complete 
| 244|0x0000000714000000, 0x0000000714100000, 0x0000000714100000|100%| E|CS|TAMS 0x0000000714000000, 0x0000000714000000| Complete 
| 245|0x0000000714100000, 0x0000000714200000, 0x0000000714200000|100%| E|CS|TAMS 0x0000000714100000, 0x0000000714100000| Complete 
| 246|0x0000000714200000, 0x0000000714300000, 0x0000000714300000|100%| E|CS|TAMS 0x0000000714200000, 0x0000000714200000| Complete 
| 247|0x0000000714300000, 0x0000000714400000, 0x0000000714400000|100%| E|CS|TAMS 0x0000000714300000, 0x0000000714300000| Complete 
| 248|0x0000000714400000, 0x0000000714500000, 0x0000000714500000|100%| E|CS|TAMS 0x0000000714400000, 0x0000000714400000| Complete 
| 249|0x0000000714500000, 0x0000000714600000, 0x0000000714600000|100%| E|CS|TAMS 0x0000000714500000, 0x0000000714500000| Complete 
| 250|0x0000000714600000, 0x0000000714700000, 0x0000000714700000|100%| E|CS|TAMS 0x0000000714600000, 0x0000000714600000| Complete 
| 251|0x0000000714700000, 0x0000000714800000, 0x0000000714800000|100%| E|CS|TAMS 0x0000000714700000, 0x0000000714700000| Complete 

Card table byte_map: [0x0000015952fb0000,0x0000015953790000] _byte_map_base: 0x000001594f78a000

Marking Bits (Prev, Next): (CMBitMap*) 0x0000015937f70728, (CMBitMap*) 0x0000015937f70760
 Prev Bits: [0x0000015953f70000, 0x0000015957e40000)
 Next Bits: [0x0000015957e40000, 0x000001595bd10000)

Polling page: 0x00000159362a0000

Metaspace:

Usage:
  Non-class:      9.57 MB capacity,     9.44 MB ( 99%) used,   121.73 KB (  1%) free+waste,    12.31 KB ( <1%) overhead. 
      Class:      1.04 MB capacity,   985.82 KB ( 92%) used,    74.80 KB (  7%) free+waste,     5.38 KB ( <1%) overhead. 
       Both:     10.61 MB capacity,    10.40 MB ( 98%) used,   196.54 KB (  2%) free+waste,    17.69 KB ( <1%) overhead. 

Virtual space:
  Non-class space:       10.00 MB reserved,       9.75 MB ( 98%) committed 
      Class space:        1.00 GB reserved,       1.12 MB ( <1%) committed 
             Both:        1.01 GB reserved,      10.88 MB (  1%) committed 

Chunk freelists:
   Non-Class:  59.00 KB
       Class:  0 bytes
        Both:  59.00 KB

MaxMetaspaceSize: 17179869184.00 GB
CompressedClassSpaceSize: 1.00 GB
Initial GC threshold: 20.80 MB
Current GC threshold: 20.80 MB
CDS: off

CodeHeap 'non-profiled nmethods': size=118912Kb used=519Kb max_used=519Kb free=118392Kb
 bounds [0x0000015949a40000, 0x0000015949cb0000, 0x0000015950e60000]
CodeHeap 'profiled nmethods': size=118848Kb used=2639Kb max_used=2639Kb free=116208Kb
 bounds [0x0000015942630000, 0x00000159428d0000, 0x0000015949a40000]
CodeHeap 'non-nmethods': size=8000Kb used=3413Kb max_used=3431Kb free=4586Kb
 bounds [0x0000015941e60000, 0x00000159421c0000, 0x0000015942630000]
 total_blobs=1676 nmethods=1252 adapters=333
 compilation: enabled
              stopped_count=0, restarted_count=0
 full_count=0

Compilation events (20 events):
Event: 0.737 Thread 0x000001596057d000 1244       3       java.lang.invoke.MemberName::getInvocationType (56 bytes)
Event: 0.737 Thread 0x00000159603a6000 nmethod 1242 0x00000159428bc790 code [0x00000159428bc940, 0x00000159428bca98]
Event: 0.737 Thread 0x0000015960596000 1245       3       java.lang.invoke.MethodHandle::<init> (37 bytes)
Event: 0.737 Thread 0x000001596057e800 1246       3       java.lang.invoke.LambdaForm::prepare (112 bytes)
Event: 0.738 Thread 0x0000015960596000 nmethod 1245 0x00000159428bd910 code [0x00000159428bdb20, 0x00000159428be098]
Event: 0.738 Thread 0x000001596057d000 nmethod 1244 0x00000159428bcb10 code [0x00000159428bcd40, 0x00000159428bd648]
Event: 0.738 Thread 0x00000159605e5000 nmethod 1241 0x0000015949ac0590 code [0x0000015949ac0720, 0x0000015949ac07b8]
Event: 0.738 Thread 0x000001596057e800 nmethod 1246 0x00000159428be310 code [0x00000159428be540, 0x00000159428beb38]
Event: 0.740 Thread 0x00000159603ab800 nmethod 1212 0x0000015949ac0890 code [0x0000015949ac0a40, 0x0000015949ac1008]
Event: 0.740 Thread 0x000001596059a000 1248   !   3       java.lang.StringCoding::decode (362 bytes)
Event: 0.740 Thread 0x00000159603a6000 1249       3       java.util.concurrent.ConcurrentHashMap$BaseIterator::<init> (21 bytes)
Event: 0.740 Thread 0x00000159603a6000 nmethod 1249 0x00000159428bed90 code [0x00000159428bef60, 0x00000159428bf138]
Event: 0.740 Thread 0x00000159603a6000 1250       3       java.util.concurrent.ConcurrentHashMap$Traverser::<init> (36 bytes)
Event: 0.740 Thread 0x00000159603a6000 nmethod 1250 0x00000159428bf210 code [0x00000159428bf3c0, 0x00000159428bf5b8]
Event: 0.741 Thread 0x000001596059a000 nmethod 1248 0x00000159428bf690 code [0x00000159428bfb80, 0x00000159428c2808]
Event: 0.741 Thread 0x00000159603a6000 1251       3       java.lang.Class::cast (27 bytes)
Event: 0.741 Thread 0x00000159603a2800 nmethod 1228 0x0000015949ac1290 code [0x0000015949ac1440, 0x0000015949ac1b78]
Event: 0.741 Thread 0x0000015960596000 1252       3       java.lang.invoke.DirectMethodHandle::internalMemberName (8 bytes)
Event: 0.741 Thread 0x00000159603a6000 nmethod 1251 0x00000159428c3590 code [0x00000159428c3760, 0x00000159428c3a18]
Event: 0.741 Thread 0x0000015960596000 nmethod 1252 0x00000159428c3b10 code [0x00000159428c3cc0, 0x00000159428c3eb8]

GC Heap History (2 events):
Event: 0.450 GC heap before
{Heap before GC invocations=0 (full 0):
 garbage-first heap   total 258048K, used 23552K [0x0000000704c00000, 0x0000000800000000)
  region size 1024K, 24 young (24576K), 0 survivors (0K)
 Metaspace       used 9049K, capacity 9194K, committed 9344K, reserved 1058816K
  class space    used 820K, capacity 849K, committed 896K, reserved 1048576K
}
Event: 0.453 GC heap after
{Heap after GC invocations=1 (full 0):
 garbage-first heap   total 258048K, used 2589K [0x0000000704c00000, 0x0000000800000000)
  region size 1024K, 3 young (3072K), 3 survivors (3072K)
 Metaspace       used 9049K, capacity 9194K, committed 9344K, reserved 1058816K
  class space    used 820K, capacity 849K, committed 896K, reserved 1048576K
}

Deoptimization events (20 events):
Event: 0.697 Thread 0x0000015937f0b800 Uncommon trap: trap_request=0xffffff76 fr.pc=0x0000015949a5a2e0 relative=0x0000000000000140
Event: 0.697 Thread 0x0000015937f0b800 Uncommon trap: reason=loop_limit_check action=maybe_recompile pc=0x0000015949a5a2e0 method=java.lang.StringLatin1.lastIndexOf([BII)I @ 19 c2
Event: 0.697 Thread 0x0000015937f0b800 DEOPT PACKING pc=0x0000015949a5a2e0 sp=0x0000004ad83fef70
Event: 0.698 Thread 0x0000015937f0b800 DEOPT UNPACKING pc=0x0000015941eaa1af sp=0x0000004ad83feef0 mode 2
Event: 0.718 Thread 0x0000015937f0b800 Uncommon trap: trap_request=0xffffffc6 fr.pc=0x0000015949a4d094 relative=0x0000000000000074
Event: 0.718 Thread 0x0000015937f0b800 Uncommon trap: reason=bimorphic_or_optimized_type_check action=maybe_recompile pc=0x0000015949a4d094 method=java.util.AbstractCollection.isEmpty()Z @ 1 c2
Event: 0.718 Thread 0x0000015937f0b800 DEOPT PACKING pc=0x0000015949a4d094 sp=0x0000004ad83fdae0
Event: 0.718 Thread 0x0000015937f0b800 DEOPT UNPACKING pc=0x0000015941eaa1af sp=0x0000004ad83fda70 mode 2
Event: 0.718 Thread 0x0000015937f0b800 Uncommon trap: trap_request=0xffffffc6 fr.pc=0x0000015949a4d094 relative=0x0000000000000074
Event: 0.718 Thread 0x0000015937f0b800 Uncommon trap: reason=bimorphic_or_optimized_type_check action=maybe_recompile pc=0x0000015949a4d094 method=java.util.AbstractCollection.isEmpty()Z @ 1 c2
Event: 0.718 Thread 0x0000015937f0b800 DEOPT PACKING pc=0x0000015949a4d094 sp=0x0000004ad83fdcb0
Event: 0.718 Thread 0x0000015937f0b800 DEOPT UNPACKING pc=0x0000015941eaa1af sp=0x0000004ad83fdc40 mode 2
Event: 0.719 Thread 0x0000015937f0b800 Uncommon trap: trap_request=0xffffffc6 fr.pc=0x0000015949a4d094 relative=0x0000000000000074
Event: 0.719 Thread 0x0000015937f0b800 Uncommon trap: reason=bimorphic_or_optimized_type_check action=maybe_recompile pc=0x0000015949a4d094 method=java.util.AbstractCollection.isEmpty()Z @ 1 c2
Event: 0.719 Thread 0x0000015937f0b800 DEOPT PACKING pc=0x0000015949a4d094 sp=0x0000004ad83fdcc0
Event: 0.719 Thread 0x0000015937f0b800 DEOPT UNPACKING pc=0x0000015941eaa1af sp=0x0000004ad83fdc50 mode 2
Event: 0.719 Thread 0x0000015937f0b800 Uncommon trap: trap_request=0xffffffc6 fr.pc=0x0000015949a4d094 relative=0x0000000000000074
Event: 0.719 Thread 0x0000015937f0b800 Uncommon trap: reason=bimorphic_or_optimized_type_check action=maybe_recompile pc=0x0000015949a4d094 method=java.util.AbstractCollection.isEmpty()Z @ 1 c2
Event: 0.719 Thread 0x0000015937f0b800 DEOPT PACKING pc=0x0000015949a4d094 sp=0x0000004ad83fdae0
Event: 0.719 Thread 0x0000015937f0b800 DEOPT UNPACKING pc=0x0000015941eaa1af sp=0x0000004ad83fda70 mode 2

Classes redefined (0 events):
No events

Internal exceptions (20 events):
Event: 0.159 Thread 0x0000015937f0b800 Exception <a 'java/security/PrivilegedActionException'{0x000000071444d688}> (0x000000071444d688) thrown at [s\src\hotspot\share\prims\jvm.cpp, line 1306]
Event: 0.159 Thread 0x0000015937f0b800 Exception <a 'java/security/PrivilegedActionException'{0x000000071444d958}> (0x000000071444d958) thrown at [s\src\hotspot\share\prims\jvm.cpp, line 1306]
Event: 0.159 Thread 0x0000015937f0b800 Exception <a 'java/security/PrivilegedActionException'{0x000000071444e428}> (0x000000071444e428) thrown at [s\src\hotspot\share\prims\jvm.cpp, line 1306]
Event: 0.159 Thread 0x0000015937f0b800 Exception <a 'java/security/PrivilegedActionException'{0x000000071444e6f8}> (0x000000071444e6f8) thrown at [s\src\hotspot\share\prims\jvm.cpp, line 1306]
Event: 0.159 Thread 0x0000015937f0b800 Exception <a 'java/security/PrivilegedActionException'{0x000000071444f1c8}> (0x000000071444f1c8) thrown at [s\src\hotspot\share\prims\jvm.cpp, line 1306]
Event: 0.159 Thread 0x0000015937f0b800 Exception <a 'java/security/PrivilegedActionException'{0x000000071444f498}> (0x000000071444f498) thrown at [s\src\hotspot\share\prims\jvm.cpp, line 1306]
Event: 0.159 Thread 0x0000015937f0b800 Exception <a 'java/security/PrivilegedActionException'{0x000000071444ff80}> (0x000000071444ff80) thrown at [s\src\hotspot\share\prims\jvm.cpp, line 1306]
Event: 0.159 Thread 0x0000015937f0b800 Exception <a 'java/security/PrivilegedActionException'{0x0000000714450250}> (0x0000000714450250) thrown at [s\src\hotspot\share\prims\jvm.cpp, line 1306]
Event: 0.159 Thread 0x0000015937f0b800 Exception <a 'java/security/PrivilegedActionException'{0x0000000714450d38}> (0x0000000714450d38) thrown at [s\src\hotspot\share\prims\jvm.cpp, line 1306]
Event: 0.159 Thread 0x0000015937f0b800 Exception <a 'java/security/PrivilegedActionException'{0x0000000714451008}> (0x0000000714451008) thrown at [s\src\hotspot\share\prims\jvm.cpp, line 1306]
Event: 0.159 Thread 0x0000015937f0b800 Exception <a 'java/security/PrivilegedActionException'{0x0000000714451af0}> (0x0000000714451af0) thrown at [s\src\hotspot\share\prims\jvm.cpp, line 1306]
Event: 0.159 Thread 0x0000015937f0b800 Exception <a 'java/security/PrivilegedActionException'{0x0000000714451dc0}> (0x0000000714451dc0) thrown at [s\src\hotspot\share\prims\jvm.cpp, line 1306]
Event: 0.159 Thread 0x0000015937f0b800 Exception <a 'java/security/PrivilegedActionException'{0x0000000714452890}> (0x0000000714452890) thrown at [s\src\hotspot\share\prims\jvm.cpp, line 1306]
Event: 0.159 Thread 0x0000015937f0b800 Exception <a 'java/security/PrivilegedActionException'{0x0000000714452b60}> (0x0000000714452b60) thrown at [s\src\hotspot\share\prims\jvm.cpp, line 1306]
Event: 0.159 Thread 0x0000015937f0b800 Exception <a 'java/security/PrivilegedActionException'{0x0000000714453648}> (0x0000000714453648) thrown at [s\src\hotspot\share\prims\jvm.cpp, line 1306]
Event: 0.159 Thread 0x0000015937f0b800 Exception <a 'java/security/PrivilegedActionException'{0x0000000714453918}> (0x0000000714453918) thrown at [s\src\hotspot\share\prims\jvm.cpp, line 1306]
Event: 0.281 Thread 0x0000015937f0b800 Exception <a 'java/lang/NoSuchMethodError'{0x0000000713f33580}: 'int java.lang.invoke.DirectMethodHandle$Holder.invokeStaticInit(java.lang.Object, java.lang.Object, java.lang.Object, java.lang.Object)'> (0x0000000713f33580) thrown at [s\src\hotspot\share\interpreter\linkResolver.cpp, line 773]
Event: 0.282 Thread 0x0000015937f0b800 Exception <a 'java/lang/IncompatibleClassChangeError'{0x0000000713f3d3e0}: Found class java.lang.Object, but interface was expected> (0x0000000713f3d3e0) thrown at [s\src\hotspot\share\interpreter\linkResolver.cpp, line 839]
Event: 0.282 Thread 0x0000015937f0b800 Exception <a 'java/lang/NoSuchMethodError'{0x0000000713f40600}: 'void java.lang.invoke.DirectMethodHandle$Holder.invokeStaticInit(java.lang.Object, java.lang.Object)'> (0x0000000713f40600) thrown at [s\src\hotspot\share\interpreter\linkResolver.cpp, line 773]
Event: 0.283 Thread 0x0000015937f0b800 Exception <a 'java/lang/NoSuchMethodError'{0x0000000713f46b60}: 'int java.lang.invoke.DirectMethodHandle$Holder.invokeStaticInit(java.lang.Object, java.lang.Object)'> (0x0000000713f46b60) thrown at [s\src\hotspot\share\interpreter\linkResolver.cpp, line 773]

Events (20 events):
Event: 0.722 loading class java/lang/Byte$ByteCache
Event: 0.722 loading class java/lang/Byte$ByteCache done
Event: 0.723 loading class java/lang/invoke/MethodHandles$1
Event: 0.723 loading class java/lang/invoke/MethodHandles$1 done
Event: 0.723 loading class java/lang/invoke/BoundMethodHandle$Species_LLLLLLI
Event: 0.723 loading class java/lang/invoke/BoundMethodHandle$Species_LLLLLLI done
Event: 0.723 loading class sun/invoke/util/ValueConversions$WrapperCache
Event: 0.723 loading class sun/invoke/util/ValueConversions$WrapperCache done
Event: 0.723 loading class java/lang/invoke/BoundMethodHandle$Species_LLLLLLII
Event: 0.723 loading class java/lang/invoke/BoundMethodHandle$Species_LLLLLLII done
Event: 0.724 loading class java/lang/invoke/BoundMethodHandle$Species_LLLLLLIIL
Event: 0.724 loading class java/lang/invoke/BoundMethodHandle$Species_LLLLLLIIL done
Event: 0.734 loading class java/lang/invoke/BoundMethodHandle$Species_LLLLLLL
Event: 0.734 loading class java/lang/invoke/BoundMethodHandle$Species_LLLLLLL done
Event: 0.734 loading class java/lang/invoke/BoundMethodHandle$Species_LLLLLLLI
Event: 0.734 loading class java/lang/invoke/BoundMethodHandle$Species_LLLLLLLI done
Event: 0.735 loading class java/lang/invoke/BoundMethodHandle$Species_LLLLLLLII
Event: 0.735 loading class java/lang/invoke/BoundMethodHandle$Species_LLLLLLLII done
Event: 0.736 loading class java/lang/invoke/BoundMethodHandle$Species_LLLLLLLIIL
Event: 0.736 loading class java/lang/invoke/BoundMethodHandle$Species_LLLLLLLIIL done


Dynamic libraries:
0x00007ff628ea0000 - 0x00007ff628eae000 	C:\Users\wbh17\.jdks\liberica-full-11.0.23\bin\java.exe
0x00007ff9c43e0000 - 0x00007ff9c4640000 	C:\WINDOWS\SYSTEM32\ntdll.dll
0x00007ff9c4080000 - 0x00007ff9c4147000 	C:\WINDOWS\System32\KERNEL32.DLL
0x00007ff9c1d60000 - 0x00007ff9c212a000 	C:\WINDOWS\System32\KERNELBASE.dll
0x00007ff9c15c0000 - 0x00007ff9c170b000 	C:\WINDOWS\System32\ucrtbase.dll
0x00007ff9b7410000 - 0x00007ff9b7427000 	C:\Users\wbh17\.jdks\liberica-full-11.0.23\bin\jli.dll
0x00007ff9a8980000 - 0x00007ff9a899b000 	C:\Users\wbh17\.jdks\liberica-full-11.0.23\bin\VCRUNTIME140.dll
0x00007ff9c2230000 - 0x00007ff9c23fc000 	C:\WINDOWS\System32\USER32.dll
0x00007ff9c1710000 - 0x00007ff9c1737000 	C:\WINDOWS\System32\win32u.dll
0x00007ff9c4150000 - 0x00007ff9c417a000 	C:\WINDOWS\System32\GDI32.dll
0x00007ff9c1c20000 - 0x00007ff9c1d51000 	C:\WINDOWS\System32\gdi32full.dll
0x00007ff9a5fe0000 - 0x00007ff9a6277000 	C:\WINDOWS\WinSxS\amd64_microsoft.windows.common-controls_6595b64144ccf1df_6.0.26100.3624_none_3e086962e3345f24\COMCTL32.dll
0x00007ff9c2130000 - 0x00007ff9c21d3000 	C:\WINDOWS\System32\msvcp_win.dll
0x00007ff9c34d0000 - 0x00007ff9c3579000 	C:\WINDOWS\System32\msvcrt.dll
0x00007ff9c2b20000 - 0x00007ff9c2b4f000 	C:\WINDOWS\System32\IMM32.DLL
0x00007ff9a8b20000 - 0x00007ff9a8b2c000 	C:\Users\wbh17\.jdks\liberica-full-11.0.23\bin\vcruntime140_1.dll
0x00007ff9a88f0000 - 0x00007ff9a897e000 	C:\Users\wbh17\.jdks\liberica-full-11.0.23\bin\msvcp140.dll
0x00007ff937bb0000 - 0x00007ff938773000 	C:\Users\wbh17\.jdks\liberica-full-11.0.23\bin\server\jvm.dll
0x00007ff9c2900000 - 0x00007ff9c29b2000 	C:\WINDOWS\System32\ADVAPI32.dll
0x00007ff9c4200000 - 0x00007ff9c42a6000 	C:\WINDOWS\System32\sechost.dll
0x00007ff9c3890000 - 0x00007ff9c39a6000 	C:\WINDOWS\System32\RPCRT4.dll
0x00007ff9c4390000 - 0x00007ff9c4398000 	C:\WINDOWS\System32\PSAPI.DLL
0x00007ff9be240000 - 0x00007ff9be276000 	C:\WINDOWS\SYSTEM32\WINMM.dll
0x00007ff9bdbc0000 - 0x00007ff9bdbca000 	C:\WINDOWS\SYSTEM32\WSOCK32.dll
0x00007ff9c3450000 - 0x00007ff9c34c4000 	C:\WINDOWS\System32\WS2_32.dll
0x00007ff9b58e0000 - 0x00007ff9b58eb000 	C:\WINDOWS\SYSTEM32\VERSION.dll
0x00007ff9c04f0000 - 0x00007ff9c050a000 	C:\WINDOWS\SYSTEM32\kernel.appcore.dll
0x00007ff9a88e0000 - 0x00007ff9a88f0000 	C:\Users\wbh17\.jdks\liberica-full-11.0.23\bin\verify.dll
0x00007ff9bee10000 - 0x00007ff9bf051000 	C:\WINDOWS\SYSTEM32\DBGHELP.DLL
0x00007ff9c3c70000 - 0x00007ff9c3ff2000 	C:\WINDOWS\System32\combase.dll
0x00007ff9c42b0000 - 0x00007ff9c4386000 	C:\WINDOWS\System32\OLEAUT32.dll
0x00007ff99b6a0000 - 0x00007ff99b6d9000 	C:\WINDOWS\SYSTEM32\dbgcore.DLL
0x00007ff9c1950000 - 0x00007ff9c19e9000 	C:\WINDOWS\System32\bcryptPrimitives.dll
0x00007ff9a88b0000 - 0x00007ff9a88d8000 	C:\Users\wbh17\.jdks\liberica-full-11.0.23\bin\java.dll
0x00007ff9a88a0000 - 0x00007ff9a88aa000 	C:\Users\wbh17\.jdks\liberica-full-11.0.23\bin\jimage.dll
0x00007ff9a3de0000 - 0x00007ff9a3dee000 	C:\Users\wbh17\.jdks\liberica-full-11.0.23\bin\instrument.dll
0x00007ff98ee80000 - 0x00007ff98ee98000 	C:\Users\wbh17\.jdks\liberica-full-11.0.23\bin\zip.dll
0x00007ff9c2d10000 - 0x00007ff9c3439000 	C:\WINDOWS\System32\SHELL32.dll
0x00007ff9c19f0000 - 0x00007ff9c1b58000 	C:\WINDOWS\System32\wintypes.dll
0x00007ff9bf250000 - 0x00007ff9bfaa2000 	C:\WINDOWS\SYSTEM32\windows.storage.dll
0x00007ff9c3580000 - 0x00007ff9c366d000 	C:\WINDOWS\System32\SHCORE.dll
0x00007ff9c3820000 - 0x00007ff9c3884000 	C:\WINDOWS\System32\shlwapi.dll
0x00007ff9c14d0000 - 0x00007ff9c14ff000 	C:\WINDOWS\SYSTEM32\profapi.dll
0x00007ff9864f0000 - 0x00007ff986509000 	C:\Users\wbh17\.jdks\liberica-full-11.0.23\bin\net.dll
0x00007ff9b9340000 - 0x00007ff9b945d000 	C:\WINDOWS\SYSTEM32\WINHTTP.dll
0x00007ff9c0a10000 - 0x00007ff9c0a7a000 	C:\WINDOWS\system32\mswsock.dll
0x00007ff985fd0000 - 0x00007ff985fe3000 	C:\Users\wbh17\.jdks\liberica-full-11.0.23\bin\nio.dll
0x00007ff984220000 - 0x00007ff98423a000 	E:\software\IntelliJ\IntelliJ IDEA 2023.3.4\bin\breakgen64.dll
0x00000159366e0000 - 0x00000159366e4000 	C:\Users\wbh17\.javacpp\cache\javacpp-1.5.7-windows-x86_64.jar\org\bytedeco\javacpp\windows-x86_64\api-ms-win-crt-locale-l1-1-0.dll
0x00000159366f0000 - 0x00000159366f5000 	C:\Users\wbh17\.javacpp\cache\javacpp-1.5.7-windows-x86_64.jar\org\bytedeco\javacpp\windows-x86_64\api-ms-win-crt-string-l1-1-0.dll
0x0000015936700000 - 0x0000015936705000 	C:\Users\wbh17\.javacpp\cache\javacpp-1.5.7-windows-x86_64.jar\org\bytedeco\javacpp\windows-x86_64\api-ms-win-crt-stdio-l1-1-0.dll
0x0000015936710000 - 0x0000015936716000 	C:\Users\wbh17\.javacpp\cache\javacpp-1.5.7-windows-x86_64.jar\org\bytedeco\javacpp\windows-x86_64\api-ms-win-crt-math-l1-1-0.dll
0x0000015961ff0000 - 0x0000015961ff4000 	C:\Users\wbh17\.javacpp\cache\javacpp-1.5.7-windows-x86_64.jar\org\bytedeco\javacpp\windows-x86_64\api-ms-win-crt-heap-l1-1-0.dll
0x0000015962000000 - 0x0000015962005000 	C:\Users\wbh17\.javacpp\cache\javacpp-1.5.7-windows-x86_64.jar\org\bytedeco\javacpp\windows-x86_64\api-ms-win-crt-runtime-l1-1-0.dll
0x0000015962010000 - 0x0000015962015000 	C:\Users\wbh17\.javacpp\cache\javacpp-1.5.7-windows-x86_64.jar\org\bytedeco\javacpp\windows-x86_64\api-ms-win-crt-convert-l1-1-0.dll
0x0000015962020000 - 0x0000015962024000 	C:\Users\wbh17\.javacpp\cache\javacpp-1.5.7-windows-x86_64.jar\org\bytedeco\javacpp\windows-x86_64\api-ms-win-crt-environment-l1-1-0.dll
0x0000015962030000 - 0x0000015962034000 	C:\Users\wbh17\.javacpp\cache\javacpp-1.5.7-windows-x86_64.jar\org\bytedeco\javacpp\windows-x86_64\api-ms-win-crt-time-l1-1-0.dll
0x0000015962040000 - 0x0000015962044000 	C:\Users\wbh17\.javacpp\cache\javacpp-1.5.7-windows-x86_64.jar\org\bytedeco\javacpp\windows-x86_64\api-ms-win-crt-filesystem-l1-1-0.dll
0x0000015962050000 - 0x0000015962054000 	C:\Users\wbh17\.javacpp\cache\javacpp-1.5.7-windows-x86_64.jar\org\bytedeco\javacpp\windows-x86_64\api-ms-win-crt-utility-l1-1-0.dll
0x0000015962060000 - 0x0000015962066000 	C:\Users\wbh17\.javacpp\cache\javacpp-1.5.7-windows-x86_64.jar\org\bytedeco\javacpp\windows-x86_64\api-ms-win-crt-multibyte-l1-1-0.dll
0x0000015962070000 - 0x0000015962074000 	C:\Users\wbh17\.javacpp\cache\javacpp-1.5.7-windows-x86_64.jar\org\bytedeco\javacpp\windows-x86_64\api-ms-win-crt-conio-l1-1-0.dll
0x0000015962080000 - 0x0000015962091000 	C:\Users\wbh17\.javacpp\cache\javacpp-1.5.7-windows-x86_64.jar\org\bytedeco\javacpp\windows-x86_64\api-ms-win-crt-private-l1-1-0.dll
0x00000159620a0000 - 0x00000159620a4000 	C:\Users\wbh17\.javacpp\cache\javacpp-1.5.7-windows-x86_64.jar\org\bytedeco\javacpp\windows-x86_64\api-ms-win-crt-process-l1-1-0.dll
0x00000159620b0000 - 0x00000159620b4000 	C:\Users\wbh17\.javacpp\cache\javacpp-1.5.7-windows-x86_64.jar\org\bytedeco\javacpp\windows-x86_64\api-ms-win-core-console-l1-2-0.dll
0x00000159620c0000 - 0x00000159620c4000 	C:\Users\wbh17\.javacpp\cache\javacpp-1.5.7-windows-x86_64.jar\org\bytedeco\javacpp\windows-x86_64\api-ms-win-core-string-l1-1-0.dll
0x00000159620d0000 - 0x00000159620d4000 	C:\Users\wbh17\.javacpp\cache\javacpp-1.5.7-windows-x86_64.jar\org\bytedeco\javacpp\windows-x86_64\api-ms-win-core-errorhandling-l1-1-0.dll
0x00000159620e0000 - 0x00000159620e4000 	C:\Users\wbh17\.javacpp\cache\javacpp-1.5.7-windows-x86_64.jar\org\bytedeco\javacpp\windows-x86_64\api-ms-win-core-timezone-l1-1-0.dll
0x00000159620f0000 - 0x00000159620f5000 	C:\Users\wbh17\.javacpp\cache\javacpp-1.5.7-windows-x86_64.jar\org\bytedeco\javacpp\windows-x86_64\api-ms-win-core-file-l1-1-0.dll
0x0000015962100000 - 0x0000015962104000 	C:\Users\wbh17\.javacpp\cache\javacpp-1.5.7-windows-x86_64.jar\org\bytedeco\javacpp\windows-x86_64\api-ms-win-core-namedpipe-l1-1-0.dll
0x0000015962110000 - 0x0000015962114000 	C:\Users\wbh17\.javacpp\cache\javacpp-1.5.7-windows-x86_64.jar\org\bytedeco\javacpp\windows-x86_64\api-ms-win-core-handle-l1-1-0.dll
0x0000015962120000 - 0x0000015962124000 	C:\Users\wbh17\.javacpp\cache\javacpp-1.5.7-windows-x86_64.jar\org\bytedeco\javacpp\windows-x86_64\api-ms-win-core-file-l2-1-0.dll
0x0000015962130000 - 0x0000015962134000 	C:\Users\wbh17\.javacpp\cache\javacpp-1.5.7-windows-x86_64.jar\org\bytedeco\javacpp\windows-x86_64\api-ms-win-core-heap-l1-1-0.dll
0x0000015962140000 - 0x0000015962144000 	C:\Users\wbh17\.javacpp\cache\javacpp-1.5.7-windows-x86_64.jar\org\bytedeco\javacpp\windows-x86_64\api-ms-win-core-libraryloader-l1-1-0.dll
0x0000015962150000 - 0x0000015962154000 	C:\Users\wbh17\.javacpp\cache\javacpp-1.5.7-windows-x86_64.jar\org\bytedeco\javacpp\windows-x86_64\api-ms-win-core-synch-l1-1-0.dll
0x0000015962160000 - 0x0000015962164000 	C:\Users\wbh17\.javacpp\cache\javacpp-1.5.7-windows-x86_64.jar\org\bytedeco\javacpp\windows-x86_64\api-ms-win-core-processthreads-l1-1-0.dll
0x0000015962170000 - 0x0000015962174000 	C:\Users\wbh17\.javacpp\cache\javacpp-1.5.7-windows-x86_64.jar\org\bytedeco\javacpp\windows-x86_64\api-ms-win-core-processenvironment-l1-1-0.dll
0x0000015962180000 - 0x0000015962184000 	C:\Users\wbh17\.javacpp\cache\javacpp-1.5.7-windows-x86_64.jar\org\bytedeco\javacpp\windows-x86_64\api-ms-win-core-datetime-l1-1-0.dll
0x0000015962190000 - 0x0000015962194000 	C:\Users\wbh17\.javacpp\cache\javacpp-1.5.7-windows-x86_64.jar\org\bytedeco\javacpp\windows-x86_64\api-ms-win-core-localization-l1-2-0.dll
0x00000159621a0000 - 0x00000159621a4000 	C:\Users\wbh17\.javacpp\cache\javacpp-1.5.7-windows-x86_64.jar\org\bytedeco\javacpp\windows-x86_64\api-ms-win-core-sysinfo-l1-1-0.dll
0x00000159621b0000 - 0x00000159621b4000 	C:\Users\wbh17\.javacpp\cache\javacpp-1.5.7-windows-x86_64.jar\org\bytedeco\javacpp\windows-x86_64\api-ms-win-core-synch-l1-2-0.dll
0x00000159621c0000 - 0x00000159621c4000 	C:\Users\wbh17\.javacpp\cache\javacpp-1.5.7-windows-x86_64.jar\org\bytedeco\javacpp\windows-x86_64\api-ms-win-core-console-l1-1-0.dll
0x00000159621d0000 - 0x00000159621d4000 	C:\Users\wbh17\.javacpp\cache\javacpp-1.5.7-windows-x86_64.jar\org\bytedeco\javacpp\windows-x86_64\api-ms-win-core-debug-l1-1-0.dll
0x00000159621e0000 - 0x00000159621e4000 	C:\Users\wbh17\.javacpp\cache\javacpp-1.5.7-windows-x86_64.jar\org\bytedeco\javacpp\windows-x86_64\api-ms-win-core-rtlsupport-l1-1-0.dll
0x00000159621f0000 - 0x00000159621f4000 	C:\Users\wbh17\.javacpp\cache\javacpp-1.5.7-windows-x86_64.jar\org\bytedeco\javacpp\windows-x86_64\api-ms-win-core-processthreads-l1-1-1.dll
0x0000015962200000 - 0x0000015962204000 	C:\Users\wbh17\.javacpp\cache\javacpp-1.5.7-windows-x86_64.jar\org\bytedeco\javacpp\windows-x86_64\api-ms-win-core-file-l1-2-0.dll
0x0000015962210000 - 0x0000015962214000 	C:\Users\wbh17\.javacpp\cache\javacpp-1.5.7-windows-x86_64.jar\org\bytedeco\javacpp\windows-x86_64\api-ms-win-core-profile-l1-1-0.dll
0x0000015962220000 - 0x0000015962224000 	C:\Users\wbh17\.javacpp\cache\javacpp-1.5.7-windows-x86_64.jar\org\bytedeco\javacpp\windows-x86_64\api-ms-win-core-memory-l1-1-0.dll
0x0000015962230000 - 0x0000015962234000 	C:\Users\wbh17\.javacpp\cache\javacpp-1.5.7-windows-x86_64.jar\org\bytedeco\javacpp\windows-x86_64\api-ms-win-core-util-l1-1-0.dll
0x0000015962340000 - 0x0000015962344000 	C:\Users\wbh17\.javacpp\cache\javacpp-1.5.7-windows-x86_64.jar\org\bytedeco\javacpp\windows-x86_64\api-ms-win-core-interlocked-l1-1-0.dll
0x00007ff95f810000 - 0x00007ff95f921000 	C:\Users\wbh17\.javacpp\cache\javacpp-1.5.7-windows-x86_64.jar\org\bytedeco\javacpp\windows-x86_64\ucrtbase.dll
0x00007ff982fb0000 - 0x00007ff982fcb000 	C:\Users\wbh17\.javacpp\cache\javacpp-1.5.7-windows-x86_64.jar\org\bytedeco\javacpp\windows-x86_64\vcruntime140.dll
0x00007ff99e3c0000 - 0x00007ff99e3cc000 	C:\Users\wbh17\.javacpp\cache\javacpp-1.5.7-windows-x86_64.jar\org\bytedeco\javacpp\windows-x86_64\vcruntime140_1.dll
0x00007ff981200000 - 0x00007ff98128d000 	C:\Users\wbh17\.javacpp\cache\javacpp-1.5.7-windows-x86_64.jar\org\bytedeco\javacpp\windows-x86_64\msvcp140.dll
0x00007ff99d0c0000 - 0x00007ff99d0c9000 	C:\Users\wbh17\.javacpp\cache\javacpp-1.5.7-windows-x86_64.jar\org\bytedeco\javacpp\windows-x86_64\msvcp140_1.dll
0x00007ff981150000 - 0x00007ff98119e000 	C:\Users\wbh17\.javacpp\cache\javacpp-1.5.7-windows-x86_64.jar\org\bytedeco\javacpp\windows-x86_64\concrt140.dll
0x00007ff978a10000 - 0x00007ff978a41000 	C:\Users\wbh17\.javacpp\cache\javacpp-1.5.7-windows-x86_64.jar\org\bytedeco\javacpp\windows-x86_64\vcomp140.dll
0x00007ff99cfe0000 - 0x00007ff99cfee000 	C:\Users\wbh17\.javacpp\cache\javacpp-1.5.7-windows-x86_64.jar\org\bytedeco\javacpp\windows-x86_64\jnijavacpp.dll
0x00007ff90a1d0000 - 0x00007ff90e86d000 	C:\Users\wbh17\.javacpp\cache\llvm-13.0.1-1.5.7-windows-x86_64.jar\org\bytedeco\llvm\windows-x86_64\LTO.dll
0x00007ff978500000 - 0x00007ff97853b000 	C:\Users\wbh17\.javacpp\cache\llvm-13.0.1-1.5.7-windows-x86_64.jar\org\bytedeco\llvm\windows-x86_64\Remarks.dll
0x00007ff905980000 - 0x00007ff90a1d0000 	C:\Users\wbh17\.javacpp\cache\llvm-13.0.1-1.5.7-windows-x86_64.jar\org\bytedeco\llvm\windows-x86_64\jniLLVM.dll
0x00007ff9c3680000 - 0x00007ff9c3816000 	C:\WINDOWS\System32\ole32.dll

dbghelp: loaded successfully - version: 4.0.5 - missing functions: none
symbol engine: initialized successfully - sym options: 0x614 - pdb path: .;C:\Users\wbh17\.jdks\liberica-full-11.0.23\bin;C:\WINDOWS\SYSTEM32;C:\WINDOWS\WinSxS\amd64_microsoft.windows.common-controls_6595b64144ccf1df_6.0.26100.3624_none_3e086962e3345f24;C:\Users\wbh17\.jdks\liberica-full-11.0.23\bin\server;E:\software\IntelliJ\IntelliJ IDEA 2023.3.4\bin;C:\Users\wbh17\.javacpp\cache\javacpp-1.5.7-windows-x86_64.jar\org\bytedeco\javacpp\windows-x86_64;C:\Users\wbh17\.javacpp\cache\llvm-13.0.1-1.5.7-windows-x86_64.jar\org\bytedeco\llvm\windows-x86_64

VM Arguments:
jvm_args: -javaagent:E:\software\IntelliJ\IntelliJ IDEA 2023.3.4\lib\idea_rt.jar=60327:E:\software\IntelliJ\IntelliJ IDEA 2023.3.4\bin -Dfile.encoding=UTF-8 
java_command: Main ./tests/test1.sysy ./tests/test1.ll
java_class_path (initial): F:\codes\compiler\Lab-wjx\out\production\Lab;F:\codes\compiler\Lab-wjx\lib\rars.jar;F:\codes\compiler\Lab-wjx\lib\javacpp-1.5.7.jar;F:\codes\compiler\Lab-wjx\lib\llvm-13.0.1-1.5.7.jar;F:\codes\compiler\Lab-wjx\lib\kotlin-stdlib-1.9.0.jar;F:\codes\compiler\Lab-wjx\lib\antlr-4.9.1-complete.jar;F:\codes\compiler\Lab-wjx\lib\llvm4j-0.1.1-SNAPSHOT.jar;F:\codes\compiler\Lab-wjx\lib\llvm-platform-13.0.1-1.5.7.jar;F:\codes\compiler\Lab-wjx\lib\javacpp-1.5.7-windows-x86_64.jar;F:\codes\compiler\Lab-wjx\lib\llvm-13.0.1-1.5.7-windows-x86_64.jar
Launcher Type: SUN_STANDARD

[Global flags]
     intx CICompilerCount                          = 15                                        {product} {ergonomic}
     uint ConcGCThreads                            = 6                                         {product} {ergonomic}
     uint G1ConcRefinementThreads                  = 23                                        {product} {ergonomic}
   size_t G1HeapRegionSize                         = 1048576                                   {product} {ergonomic}
    uintx GCDrainStackTargetSize                   = 64                                        {product} {ergonomic}
   size_t InitialHeapSize                          = 264241152                                 {product} {ergonomic}
   size_t MarkStackSize                            = 4194304                                   {product} {ergonomic}
   size_t MaxHeapSize                              = 4215275520                                {product} {ergonomic}
   size_t MaxNewSize                               = 2529165312                                {product} {ergonomic}
   size_t MinHeapDeltaBytes                        = 1048576                                   {product} {ergonomic}
    uintx NonNMethodCodeHeapSize                   = 8182140                                {pd product} {ergonomic}
    uintx NonProfiledCodeHeapSize                  = 121738050                              {pd product} {ergonomic}
    uintx ProfiledCodeHeapSize                     = 121738050                              {pd product} {ergonomic}
    uintx ReservedCodeCacheSize                    = 251658240                              {pd product} {ergonomic}
     bool SegmentedCodeCache                       = true                                      {product} {ergonomic}
     bool UseCompressedClassPointers               = true                                 {lp64_product} {ergonomic}
     bool UseCompressedOops                        = true                                 {lp64_product} {ergonomic}
     bool UseG1GC                                  = true                                      {product} {ergonomic}
     bool UseLargePagesIndividualAllocation        = false                                  {pd product} {ergonomic}

Logging:
Log output configuration:
 #0: stdout all=warning uptime,level,tags
 #1: stderr all=off uptime,level,tags

Environment Variables:
JAVA_HOME=C:\Program Files (x86)\Java\jdk-1.8
CLASSPATH=.;C:\Program Files (x86)\Java\jdk-1.8\lib\dt.jar;
PATH=C:\Program Files (x86)\VMware\VMware Workstation\bin\;C:\Program Files\Common Files\Oracle\Java\javapath;C:\Program Files (x86)\Common Files\Oracle\Java\java8path;C:\Program Files (x86)\Common Files\Oracle\Java\javapath;C:\windows\system32;C:\windows;C:\windows\System32\Wbem;C:\windows\System32\WindowsPowerShell\v1.0\;C:\windows\System32\OpenSSH\;C:\Program Files (x86)\NVIDIA Corporation\PhysX\Common;C:\Users\Administrator\AppData\Local\Microsoft\WindowsApps;C:\Program Files\HP\OMEN-Broadcast\Common;C:\Program Files\Bandizip\;E:\mingw64\bin;C:\Program Files\dotnet\;E:\Git\cmd;"C:\Program Files (x86)\Java\jdk-1.8\bin;";E:\software\Tesseract-OCR;E:\software\wechatDev\web\dll;C:\Pro;ram Files\HP\HP One Agent;E:\software\apache-tomcat-9.0.97-windows-x64\apache-tomcat-9.0.97\bin;C:\Program Files (x86)\Microsoft SQL Server\160\Tools\Binn\;C:\Program Files\Microsoft SQL Server\160\Tools\Binn\;C:\Program Files\Microsoft SQL Server\Client SDK\ODBC\170\Tools\Binn\;C:\Program Files\Microsoft SQL Server\160\DTS\Binn\;C:\Program Files (x86)\Microsoft SQL Server\160\DTS\Binn\;C:\WINDOWS\system32;C:\WINDOWS;C:\WINDOWS\System32\Wbem;C:\WINDOWS\System32\WindowsPowerShell\v1.0\;C:\WINDOWS\System32\OpenSSH\;C:\Program Files\NVIDIA Corporation\NVIDIA app\NvDLISR;C:\Program Files\nodejs\;C:\ProgramData\chocolatey\bin;C:\Program Files\HP\HP One Agent;C:\Program Files\MySQL\MySQL Server 8.0\bin;E:\software\anaconda3;E:\software\anaconda3\Library\mingw-w64\bin;E:\software\anaconda3\Library\usr\bin;E:\software\anaconda3\Library\bin;E:\software\anaconda3\Scripts;C:\Users\wbh17\AppData\Local\Programs\Python\Python312\Scripts\;C:\Users\wbh17\AppData\Local\Programs\Python\Python312\;C:\Users\wbh17\AppData\Local\Microsoft\WindowsApps;E:\mingw64\bin;C:\Users\wbh17\AppData\Local\JetBrains\Toolbox\scripts;E:\software\CLion 2023.2.2\bin;;E:\software\Microsoft VS Code\bin;E:\software\PyCharm 2023.3.3\bin;;E:\software\IntelliJ\IntelliJ IDEA 2023.3.4\bin;;C:\Users\wbh17\AppData\Local\Mi
USERNAME=wbh17
OS=Windows_NT
PROCESSOR_IDENTIFIER=Intel64 Family 6 Model 183 Stepping 1, GenuineIntel
TMP=C:\Users\wbh17\AppData\Local\Temp
TEMP=C:\Users\wbh17\AppData\Local\Temp



---------------  S Y S T E M  ---------------

OS: Windows 11 , 64 bit Build 26100 (10.0.26100.3775)
OS uptime: 25 days 16:48 hours
Hyper-V role detected

CPU:total 32 (initial active 32) (16 cores per cpu, 2 threads per core) family 6 model 183 stepping 1 microcode 0x129, cmov, cx8, fxsr, mmx, sse, sse2, sse3, ssse3, sse4.1, sse4.2, popcnt, avx, avx2, aes, clmul, erms, 3dnowpref, lzcnt, ht, tsc, tscinvbit, bmi1, bmi2, adx, sha, fma

Memory: 4k page, system-wide physical 16077M (2662M free)
TotalPageFile size 23245M (AvailPageFile size 5924M)
current process WorkingSet (physical memory assigned to process): 109M, peak: 109M
current process commit charge ("private bytes"): 398M, peak: 399M

vm_info: OpenJDK 64-Bit Server VM (11.0.23+10-LTS) for windows-amd64 JRE (11.0.23+10-LTS), built on Apr 10 2024 06:12:21 by "" with MS VC++ 17.1 (VS2022)

END.
