#
# A fatal error has been detected by the Java Runtime Environment:
#
#  SIGSEGV (0xb) at pc=0x00007fc44628eaf8, pid=14057, tid=14061
#
# JRE version: OpenJDK Runtime Environment (11.0.27+6) (build 11.0.27+6-post-Ubuntu-0ubuntu122.04)
# Java VM: OpenJDK 64-Bit Server VM (11.0.27+6-post-Ubuntu-0ubuntu122.04, mixed mode, sharing, tiered, compressed oops, g1 gc, linux-amd64)
# Problematic frame:
# C  [libLLVM-13.so+0xd62af8]  llvm::Value::getName() const+0xb8
#
# No core dump will be written. Core dumps have been disabled. To enable core dumping, try "ulimit -c unlimited" before starting Java again
#
# If you would like to submit a bug report, please visit:
#   https://bugs.launchpad.net/ubuntu/+source/openjdk-lts
# The crash happened outside the Java Virtual Machine in native code.
# See problematic frame for where to report the bug.
#

---------------  S U M M A R Y ------------

Command Line: -agentlib:jdwp=transport=dt_socket,address=0.0.0.0:12345,suspend=y,server=y -Djava.library.path=\\wsl.localhost\Ubuntu\usr\local\lib -Dfile.encoding=UTF-8 Main tests/test.sysy tests/test.arm test tests/test.ll

Host: 13th Gen Intel(R) Core(TM) i9-13900H, 20 cores, 7G, Ubuntu 22.04.3 LTS
Time: Thu May 22 19:46:36 2025 CST elapsed time: 29.507658 seconds (0d 0h 0m 29s)

---------------  T H R E A D  ---------------

Current thread (0x00007fc4c4016800):  JavaThread "main" [_thread_in_native, id=14061, stack(0x00007fc4cbd33000,0x00007fc4cbe33000)]

Stack: [0x00007fc4cbd33000,0x00007fc4cbe33000],  sp=0x00007fc4cbe300f0,  free space=1012k
Native frames: (J=compiled Java code, A=aot compiled Java code, j=interpreted, Vv=VM code, C=native code)
C  [libLLVM-13.so+0xd62af8]  llvm::Value::getName() const+0xb8

Java frames: (J=compiled Java code, j=interpreted, Vv=VM code)
j  org.bytedeco.llvm.global.LLVM.LLVMPrintModuleToString(Lorg/bytedeco/llvm/LLVM/LLVMModuleRef;)Lorg/bytedeco/javacpp/BytePointer;+0
v  ~StubRoutines::call_stub
j  MyIrVisitor.unusedVariableDelete()V+1315
j  MyIrVisitor.mixedOptimization()V+18
j  MyIrVisitor.visitProgram(LSysYParser$ProgramContext;)Lorg/bytedeco/llvm/LLVM/LLVMValueRef;+123
j  MyIrVisitor.visitProgram(LSysYParser$ProgramContext;)Ljava/lang/Object;+2
j  SysYParser$ProgramContext.accept(Lorg/antlr/v4/runtime/tree/ParseTreeVisitor;)Ljava/lang/Object;+12
j  org.antlr.v4.runtime.tree.AbstractParseTreeVisitor.visit(Lorg/antlr/v4/runtime/tree/ParseTree;)Ljava/lang/Object;+2
j  Main.main([Ljava/lang/String;)V+169
v  ~StubRoutines::call_stub

siginfo: si_signo: 11 (SIGSEGV), si_code: 1 (SEGV_MAPERR), si_addr: 0x00000000000000e5

Register to memory mapping:

RAX=0x00000000000000f5 is an unknown value
RBX=0x0 is NULL
RCX=0x00007fc4c43980e8 points into unknown readable memory: 0x00007fc4c438fdc0 | c0 fd 38 c4 c4 7f 00 00
RDX=0x00000000000000e5 is an unknown value
RSP=0x00007fc4cbe300f0 is pointing into the stack for thread: 0x00007fc4c4016800
RBP=0x00007fc4cbe30450 is pointing into the stack for thread: 0x00007fc4c4016800
RSI=0x00007fc4c43901c0 points into unknown readable memory: 0x0000000000000000 | 00 00 00 00 00 00 00 00
RDI=0x00007fc4cbe300f0 is pointing into the stack for thread: 0x00007fc4c4016800
R8 =0x0000000000000001 is an unknown value
R9 =0x00007fc4c43980e8 points into unknown readable memory: 0x00007fc4c438fdc0 | c0 fd 38 c4 c4 7f 00 00
R10=0x000000000000003f is an unknown value
R11=0x0000000000000005 is an unknown value
R12=0x0000000000000001 is an unknown value
R13=0x0000000000000002 is an unknown value
R14=0x0 is NULL
R15=0x00007fc4c43a7d80 points into unknown readable memory: 0x00007fc4c4398680 | 80 86 39 c4 c4 7f 00 00


Registers:
RAX=0x00000000000000f5, RBX=0x0000000000000000, RCX=0x00007fc4c43980e8, RDX=0x00000000000000e5
RSP=0x00007fc4cbe300f0, RBP=0x00007fc4cbe30450, RSI=0x00007fc4c43901c0, RDI=0x00007fc4cbe300f0
R8 =0x0000000000000001, R9 =0x00007fc4c43980e8, R10=0x000000000000003f, R11=0x0000000000000005
R12=0x0000000000000001, R13=0x0000000000000002, R14=0x0000000000000000, R15=0x00007fc4c43a7d80
RIP=0x00007fc44628eaf8, EFLAGS=0x0000000000010202, CSGSFS=0x002b000000000033, ERR=0x0000000000000004
  TRAPNO=0x000000000000000e

Top of Stack: (sp=0x00007fc4cbe300f0)
0x00007fc4cbe300f0:   00007fc4c43901c0 00007fc4c43901c0
0x00007fc4cbe30100:   0000000000000000 00007fc4460cd3f5
0x00007fc4cbe30110:   0000000000000000 00007fc4cbe30630
0x00007fc4cbe30120:   0000000000000001 00007fc4460de5d8 

Instructions: (pc=0x00007fc44628eaf8)
0x00007fc44628e9f8:   48 bc ff eb b7 48 83 3d ab e8 ce 05 00 74 23 83
0x00007fc44628ea08:   ca ff f0 0f c1 50 f8 85 d2 7f ae 48 8d 74 24 0f
0x00007fc44628ea18:   e8 53 48 bc ff eb a2 8b 50 f8 8d 4a ff 89 48 f8
0x00007fc44628ea28:   eb c3 8b 50 f8 8d 4a ff 89 48 f8 eb da 66 2e 0f
0x00007fc44628ea38:   1f 84 00 00 00 00 00 90 f6 47 17 10 75 0a 48 8d
0x00007fc44628ea48:   05 f2 a0 6c 03 31 d2 c3 48 83 ec 18 48 8b 07 48
0x00007fc44628ea58:   8b 00 48 8b 08 8b 81 98 01 00 00 4c 8b 81 88 01
0x00007fc44628ea68:   00 00 4c 8d 89 88 01 00 00 85 c0 74 5b 89 f9 89
0x00007fc44628ea78:   fa 44 8d 50 ff c1 ea 09 c1 e9 04 31 d1 44 21 d1
0x00007fc44628ea88:   89 ce 48 c1 e6 04 4c 01 c6 48 8b 16 48 39 d7 75
0x00007fc44628ea98:   67 89 c2 48 89 e7 4c 89 c9 48 89 d0 48 c1 e0 04
0x00007fc44628eaa8:   49 8d 14 00 41 b8 01 00 00 00 e8 f9 f4 ff ff 48
0x00007fc44628eab8:   8b 04 24 48 8b 50 08 48 8d 42 10 48 8b 12 48 83
0x00007fc44628eac8:   c4 18 c3 0f 1f 44 00 00 48 c1 e0 04 48 89 e7 4c
0x00007fc44628ead8:   89 c9 49 8d 34 00 41 b8 01 00 00 00 48 89 f2 e8
0x00007fc44628eae8:   c4 f4 ff ff 48 8b 04 24 48 8b 50 08 48 8d 42 10
0x00007fc44628eaf8:   48 8b 12 48 83 c4 18 c3 be 01 00 00 00 48 81 fa
0x00007fc44628eb08:   00 f0 ff ff 74 c2 01 f1 44 8d 5e 01 44 21 d1 89
0x00007fc44628eb18:   ce 48 c1 e6 04 4c 01 c6 48 8b 16 48 39 d7 0f 84
0x00007fc44628eb28:   6d ff ff ff 44 89 de eb d4 66 2e 0f 1f 84 00 00
0x00007fc44628eb38:   00 00 00 0f 1f 44 00 00 66 48 0f 6e c6 66 48 0f
0x00007fc44628eb48:   6e ca 66 0f 6c c1 0f 11 07 45 84 c0 75 29 48 39
0x00007fc44628eb58:   d6 74 24 0f 1f 44 00 00 48 8b 06 48 3d 00 f0 ff
0x00007fc44628eb68:   ff 74 08 48 3d 00 e0 ff ff 75 0c 48 83 c6 10 48
0x00007fc44628eb78:   89 37 48 39 f2 75 e1 c3 41 57 41 56 41 55 41 54
0x00007fc44628eb88:   55 53 48 89 fb 48 83 ec 38 4c 8b 67 10 49 8b 04
0x00007fc44628eb98:   24 48 8b 00 48 8b 28 4c 8b ad 08 09 00 00 44 8b
0x00007fc44628eba8:   bd 18 09 00 00 41 f6 44 24 11 01 0f 85 67 01 00
0x00007fc44628ebb8:   00 45 85 ff 0f 84 fb 01 00 00 45 89 e6 44 89 e0
0x00007fc44628ebc8:   41 8d 77 ff c1 e8 09 41 c1 ee 04 41 31 c6 44 89
0x00007fc44628ebd8:   f1 21 f1 89 c8 48 c1 e0 04 4c 01 e8 48 8b 10 49
0x00007fc44628ebe8:   39 d4 0f 85 7c 03 00 00 48 8b 50 08 4c 89 ee 48 


Stack slot to memory mapping:
stack at sp + 0 slots: 0x00007fc4c43901c0 points into unknown readable memory: 0x0000000000000000 | 00 00 00 00 00 00 00 00
stack at sp + 1 slots: 0x00007fc4c43901c0 points into unknown readable memory: 0x0000000000000000 | 00 00 00 00 00 00 00 00
stack at sp + 2 slots: 0x0 is NULL
stack at sp + 3 slots: 0x00007fc4460cd3f5: <offset 0x0000000000ba13f5> in /home/itshandable/.javacpp/cache/llvm-13.0.1-1.5.7-linux-x86_64.jar/org/bytedeco/llvm/linux-x86_64/libLLVM-13.so at 0x00007fc44552c000
stack at sp + 4 slots: 0x0 is NULL
stack at sp + 5 slots: 0x00007fc4cbe30630 is pointing into the stack for thread: 0x00007fc4c4016800
stack at sp + 6 slots: 0x0000000000000001 is an unknown value
stack at sp + 7 slots: 0x00007fc4460de5d8: <offset 0x0000000000bb25d8> in /home/itshandable/.javacpp/cache/llvm-13.0.1-1.5.7-linux-x86_64.jar/org/bytedeco/llvm/linux-x86_64/libLLVM-13.so at 0x00007fc44552c000


---------------  P R O C E S S  ---------------

Threads class SMR info:
_java_thread_list=0x00007fc44c000c40, length=13, elements={
0x00007fc4c4016800, 0x00007fc4c413f800, 0x00007fc4c4141800, 0x00007fc4c414f800,
0x00007fc4c4151800, 0x00007fc4c4154000, 0x00007fc4c4156000, 0x00007fc4c4158000,
0x00007fc4c419c800, 0x00007fc4c41a1000, 0x00007fc464001800, 0x00007fc4c41a7000,
0x00007fc4c424b000
}

Java Threads: ( => current thread )
=>0x00007fc4c4016800 JavaThread "main" [_thread_in_native, id=14061, stack(0x00007fc4cbd33000,0x00007fc4cbe33000)]
  0x00007fc4c413f800 JavaThread "Reference Handler" daemon [_thread_blocked, id=14068, stack(0x00007fc49e972000,0x00007fc49ea72000)]
  0x00007fc4c4141800 JavaThread "Finalizer" daemon [_thread_blocked, id=14069, stack(0x00007fc49e872000,0x00007fc49e972000)]
  0x00007fc4c414f800 JavaThread "Signal Dispatcher" daemon [_thread_blocked, id=14070, stack(0x00007fc49e772000,0x00007fc49e872000)]
  0x00007fc4c4151800 JavaThread "Service Thread" daemon [_thread_blocked, id=14071, stack(0x00007fc49e672000,0x00007fc49e772000)]
  0x00007fc4c4154000 JavaThread "C2 CompilerThread0" daemon [_thread_blocked, id=14072, stack(0x00007fc49e572000,0x00007fc49e672000)]
  0x00007fc4c4156000 JavaThread "C1 CompilerThread0" daemon [_thread_blocked, id=14073, stack(0x00007fc49e472000,0x00007fc49e572000)]
  0x00007fc4c4158000 JavaThread "Sweeper thread" daemon [_thread_blocked, id=14074, stack(0x00007fc49e372000,0x00007fc49e472000)]
  0x00007fc4c419c800 JavaThread "JDWP Transport Listener: dt_socket" daemon [_thread_blocked, id=14076, stack(0x00007fc49e172000,0x00007fc49e272000)]
  0x00007fc4c41a1000 JavaThread "JDWP Event Helper Thread" daemon [_thread_blocked, id=14077, stack(0x00007fc49e072000,0x00007fc49e172000)]
  0x00007fc464001800 JavaThread "JDWP Command Reader" daemon [_thread_in_native, id=14080, stack(0x00007fc49df72000,0x00007fc49e072000)]
  0x00007fc4c41a7000 JavaThread "Common-Cleaner" daemon [_thread_blocked, id=14082, stack(0x00007fc49e272000,0x00007fc49e372000)]
  0x00007fc4c424b000 JavaThread "JavaCPP Deallocator" daemon [_thread_blocked, id=14087, stack(0x00007fc49dc71000,0x00007fc49dd71000)]

Other Threads:
  0x00007fc4c413c800 VMThread "VM Thread" [stack: 0x00007fc49ea73000,0x00007fc49eb73000] [id=14067]
  0x00007fc4c41a3800 WatcherThread [stack: 0x00007fc49de72000,0x00007fc49df72000] [id=14081]
  0x00007fc4c4030800 GCTaskThread "GC Thread#0" [stack: 0x00007fc4cb9bd000,0x00007fc4cbabd000] [id=14062]
  0x00007fc4c4062000 ConcurrentGCThread "G1 Main Marker" [stack: 0x00007fc4ac5c7000,0x00007fc4ac6c7000] [id=14063]
  0x00007fc4c4063800 ConcurrentGCThread "G1 Conc#0" [stack: 0x00007fc4ac4c6000,0x00007fc4ac5c6000] [id=14064]
  0x00007fc4c4108000 ConcurrentGCThread "G1 Refine#0" [stack: 0x00007fc49f4f6000,0x00007fc49f5f6000] [id=14065]
  0x00007fc4c410a000 ConcurrentGCThread "G1 Young RemSet Sampling" [stack: 0x00007fc49f3f5000,0x00007fc49f4f5000] [id=14066]

Threads with active compile tasks:

VM state:not at safepoint (normal execution)

VM Mutex/Monitor currently owned by a thread: None

Heap address: 0x0000000086000000, size: 1952 MB, Compressed Oops mode: 32-bit
Narrow klass base: 0x0000000800000000, Narrow klass shift: 3
Compressed class space size: 1073741824 Address: 0x0000000840000000

Heap:
 garbage-first heap   total 126976K, used 10960K [0x0000000086000000, 0x0000000100000000)
  region size 1024K, 12 young (12288K), 0 survivors (0K)
 Metaspace       used 3817K, capacity 6643K, committed 6912K, reserved 1056768K
  class space    used 395K, capacity 681K, committed 768K, reserved 1048576K
Heap Regions: E=young(eden), S=young(survivor), O=old, HS=humongous(starts), HC=humongous(continues), CS=collection set, F=free, A=archive, TAMS=top-at-mark-start (previous, next)
|   0|0x0000000086000000, 0x0000000086000000, 0x0000000086100000|  0%| F|  |TAMS 0x0000000086000000, 0x0000000086000000| Untracked 
|   1|0x0000000086100000, 0x0000000086100000, 0x0000000086200000|  0%| F|  |TAMS 0x0000000086100000, 0x0000000086100000| Untracked 
|   2|0x0000000086200000, 0x0000000086200000, 0x0000000086300000|  0%| F|  |TAMS 0x0000000086200000, 0x0000000086200000| Untracked 
|   3|0x0000000086300000, 0x0000000086300000, 0x0000000086400000|  0%| F|  |TAMS 0x0000000086300000, 0x0000000086300000| Untracked 
|   4|0x0000000086400000, 0x0000000086400000, 0x0000000086500000|  0%| F|  |TAMS 0x0000000086400000, 0x0000000086400000| Untracked 
|   5|0x0000000086500000, 0x0000000086500000, 0x0000000086600000|  0%| F|  |TAMS 0x0000000086500000, 0x0000000086500000| Untracked 
|   6|0x0000000086600000, 0x0000000086600000, 0x0000000086700000|  0%| F|  |TAMS 0x0000000086600000, 0x0000000086600000| Untracked 
|   7|0x0000000086700000, 0x0000000086700000, 0x0000000086800000|  0%| F|  |TAMS 0x0000000086700000, 0x0000000086700000| Untracked 
|   8|0x0000000086800000, 0x0000000086800000, 0x0000000086900000|  0%| F|  |TAMS 0x0000000086800000, 0x0000000086800000| Untracked 
|   9|0x0000000086900000, 0x0000000086900000, 0x0000000086a00000|  0%| F|  |TAMS 0x0000000086900000, 0x0000000086900000| Untracked 
|  10|0x0000000086a00000, 0x0000000086a00000, 0x0000000086b00000|  0%| F|  |TAMS 0x0000000086a00000, 0x0000000086a00000| Untracked 
|  11|0x0000000086b00000, 0x0000000086b00000, 0x0000000086c00000|  0%| F|  |TAMS 0x0000000086b00000, 0x0000000086b00000| Untracked 
|  12|0x0000000086c00000, 0x0000000086c00000, 0x0000000086d00000|  0%| F|  |TAMS 0x0000000086c00000, 0x0000000086c00000| Untracked 
|  13|0x0000000086d00000, 0x0000000086d00000, 0x0000000086e00000|  0%| F|  |TAMS 0x0000000086d00000, 0x0000000086d00000| Untracked 
|  14|0x0000000086e00000, 0x0000000086e00000, 0x0000000086f00000|  0%| F|  |TAMS 0x0000000086e00000, 0x0000000086e00000| Untracked 
|  15|0x0000000086f00000, 0x0000000086f00000, 0x0000000087000000|  0%| F|  |TAMS 0x0000000086f00000, 0x0000000086f00000| Untracked 
|  16|0x0000000087000000, 0x0000000087000000, 0x0000000087100000|  0%| F|  |TAMS 0x0000000087000000, 0x0000000087000000| Untracked 
|  17|0x0000000087100000, 0x0000000087100000, 0x0000000087200000|  0%| F|  |TAMS 0x0000000087100000, 0x0000000087100000| Untracked 
|  18|0x0000000087200000, 0x0000000087200000, 0x0000000087300000|  0%| F|  |TAMS 0x0000000087200000, 0x0000000087200000| Untracked 
|  19|0x0000000087300000, 0x0000000087300000, 0x0000000087400000|  0%| F|  |TAMS 0x0000000087300000, 0x0000000087300000| Untracked 
|  20|0x0000000087400000, 0x0000000087400000, 0x0000000087500000|  0%| F|  |TAMS 0x0000000087400000, 0x0000000087400000| Untracked 
|  21|0x0000000087500000, 0x0000000087500000, 0x0000000087600000|  0%| F|  |TAMS 0x0000000087500000, 0x0000000087500000| Untracked 
|  22|0x0000000087600000, 0x0000000087600000, 0x0000000087700000|  0%| F|  |TAMS 0x0000000087600000, 0x0000000087600000| Untracked 
|  23|0x0000000087700000, 0x0000000087700000, 0x0000000087800000|  0%| F|  |TAMS 0x0000000087700000, 0x0000000087700000| Untracked 
|  24|0x0000000087800000, 0x0000000087800000, 0x0000000087900000|  0%| F|  |TAMS 0x0000000087800000, 0x0000000087800000| Untracked 
|  25|0x0000000087900000, 0x0000000087900000, 0x0000000087a00000|  0%| F|  |TAMS 0x0000000087900000, 0x0000000087900000| Untracked 
|  26|0x0000000087a00000, 0x0000000087a00000, 0x0000000087b00000|  0%| F|  |TAMS 0x0000000087a00000, 0x0000000087a00000| Untracked 
|  27|0x0000000087b00000, 0x0000000087b00000, 0x0000000087c00000|  0%| F|  |TAMS 0x0000000087b00000, 0x0000000087b00000| Untracked 
|  28|0x0000000087c00000, 0x0000000087c00000, 0x0000000087d00000|  0%| F|  |TAMS 0x0000000087c00000, 0x0000000087c00000| Untracked 
|  29|0x0000000087d00000, 0x0000000087d00000, 0x0000000087e00000|  0%| F|  |TAMS 0x0000000087d00000, 0x0000000087d00000| Untracked 
|  30|0x0000000087e00000, 0x0000000087e00000, 0x0000000087f00000|  0%| F|  |TAMS 0x0000000087e00000, 0x0000000087e00000| Untracked 
|  31|0x0000000087f00000, 0x0000000087f00000, 0x0000000088000000|  0%| F|  |TAMS 0x0000000087f00000, 0x0000000087f00000| Untracked 
|  32|0x0000000088000000, 0x0000000088000000, 0x0000000088100000|  0%| F|  |TAMS 0x0000000088000000, 0x0000000088000000| Untracked 
|  33|0x0000000088100000, 0x0000000088100000, 0x0000000088200000|  0%| F|  |TAMS 0x0000000088100000, 0x0000000088100000| Untracked 
|  34|0x0000000088200000, 0x0000000088200000, 0x0000000088300000|  0%| F|  |TAMS 0x0000000088200000, 0x0000000088200000| Untracked 
|  35|0x0000000088300000, 0x0000000088300000, 0x0000000088400000|  0%| F|  |TAMS 0x0000000088300000, 0x0000000088300000| Untracked 
|  36|0x0000000088400000, 0x0000000088400000, 0x0000000088500000|  0%| F|  |TAMS 0x0000000088400000, 0x0000000088400000| Untracked 
|  37|0x0000000088500000, 0x0000000088500000, 0x0000000088600000|  0%| F|  |TAMS 0x0000000088500000, 0x0000000088500000| Untracked 
|  38|0x0000000088600000, 0x0000000088600000, 0x0000000088700000|  0%| F|  |TAMS 0x0000000088600000, 0x0000000088600000| Untracked 
|  39|0x0000000088700000, 0x0000000088700000, 0x0000000088800000|  0%| F|  |TAMS 0x0000000088700000, 0x0000000088700000| Untracked 
|  40|0x0000000088800000, 0x0000000088800000, 0x0000000088900000|  0%| F|  |TAMS 0x0000000088800000, 0x0000000088800000| Untracked 
|  41|0x0000000088900000, 0x0000000088900000, 0x0000000088a00000|  0%| F|  |TAMS 0x0000000088900000, 0x0000000088900000| Untracked 
|  42|0x0000000088a00000, 0x0000000088a00000, 0x0000000088b00000|  0%| F|  |TAMS 0x0000000088a00000, 0x0000000088a00000| Untracked 
|  43|0x0000000088b00000, 0x0000000088b00000, 0x0000000088c00000|  0%| F|  |TAMS 0x0000000088b00000, 0x0000000088b00000| Untracked 
|  44|0x0000000088c00000, 0x0000000088c00000, 0x0000000088d00000|  0%| F|  |TAMS 0x0000000088c00000, 0x0000000088c00000| Untracked 
|  45|0x0000000088d00000, 0x0000000088d00000, 0x0000000088e00000|  0%| F|  |TAMS 0x0000000088d00000, 0x0000000088d00000| Untracked 
|  46|0x0000000088e00000, 0x0000000088e00000, 0x0000000088f00000|  0%| F|  |TAMS 0x0000000088e00000, 0x0000000088e00000| Untracked 
|  47|0x0000000088f00000, 0x0000000088f00000, 0x0000000089000000|  0%| F|  |TAMS 0x0000000088f00000, 0x0000000088f00000| Untracked 
|  48|0x0000000089000000, 0x0000000089000000, 0x0000000089100000|  0%| F|  |TAMS 0x0000000089000000, 0x0000000089000000| Untracked 
|  49|0x0000000089100000, 0x0000000089100000, 0x0000000089200000|  0%| F|  |TAMS 0x0000000089100000, 0x0000000089100000| Untracked 
|  50|0x0000000089200000, 0x0000000089200000, 0x0000000089300000|  0%| F|  |TAMS 0x0000000089200000, 0x0000000089200000| Untracked 
|  51|0x0000000089300000, 0x0000000089300000, 0x0000000089400000|  0%| F|  |TAMS 0x0000000089300000, 0x0000000089300000| Untracked 
|  52|0x0000000089400000, 0x0000000089400000, 0x0000000089500000|  0%| F|  |TAMS 0x0000000089400000, 0x0000000089400000| Untracked 
|  53|0x0000000089500000, 0x0000000089500000, 0x0000000089600000|  0%| F|  |TAMS 0x0000000089500000, 0x0000000089500000| Untracked 
|  54|0x0000000089600000, 0x0000000089600000, 0x0000000089700000|  0%| F|  |TAMS 0x0000000089600000, 0x0000000089600000| Untracked 
|  55|0x0000000089700000, 0x0000000089700000, 0x0000000089800000|  0%| F|  |TAMS 0x0000000089700000, 0x0000000089700000| Untracked 
|  56|0x0000000089800000, 0x0000000089800000, 0x0000000089900000|  0%| F|  |TAMS 0x0000000089800000, 0x0000000089800000| Untracked 
|  57|0x0000000089900000, 0x0000000089900000, 0x0000000089a00000|  0%| F|  |TAMS 0x0000000089900000, 0x0000000089900000| Untracked 
|  58|0x0000000089a00000, 0x0000000089a00000, 0x0000000089b00000|  0%| F|  |TAMS 0x0000000089a00000, 0x0000000089a00000| Untracked 
|  59|0x0000000089b00000, 0x0000000089b00000, 0x0000000089c00000|  0%| F|  |TAMS 0x0000000089b00000, 0x0000000089b00000| Untracked 
|  60|0x0000000089c00000, 0x0000000089c00000, 0x0000000089d00000|  0%| F|  |TAMS 0x0000000089c00000, 0x0000000089c00000| Untracked 
|  61|0x0000000089d00000, 0x0000000089d00000, 0x0000000089e00000|  0%| F|  |TAMS 0x0000000089d00000, 0x0000000089d00000| Untracked 
|  62|0x0000000089e00000, 0x0000000089e00000, 0x0000000089f00000|  0%| F|  |TAMS 0x0000000089e00000, 0x0000000089e00000| Untracked 
|  63|0x0000000089f00000, 0x0000000089f00000, 0x000000008a000000|  0%| F|  |TAMS 0x0000000089f00000, 0x0000000089f00000| Untracked 
|  64|0x000000008a000000, 0x000000008a000000, 0x000000008a100000|  0%| F|  |TAMS 0x000000008a000000, 0x000000008a000000| Untracked 
|  65|0x000000008a100000, 0x000000008a100000, 0x000000008a200000|  0%| F|  |TAMS 0x000000008a100000, 0x000000008a100000| Untracked 
|  66|0x000000008a200000, 0x000000008a200000, 0x000000008a300000|  0%| F|  |TAMS 0x000000008a200000, 0x000000008a200000| Untracked 
|  67|0x000000008a300000, 0x000000008a300000, 0x000000008a400000|  0%| F|  |TAMS 0x000000008a300000, 0x000000008a300000| Untracked 
|  68|0x000000008a400000, 0x000000008a400000, 0x000000008a500000|  0%| F|  |TAMS 0x000000008a400000, 0x000000008a400000| Untracked 
|  69|0x000000008a500000, 0x000000008a500000, 0x000000008a600000|  0%| F|  |TAMS 0x000000008a500000, 0x000000008a500000| Untracked 
|  70|0x000000008a600000, 0x000000008a600000, 0x000000008a700000|  0%| F|  |TAMS 0x000000008a600000, 0x000000008a600000| Untracked 
|  71|0x000000008a700000, 0x000000008a700000, 0x000000008a800000|  0%| F|  |TAMS 0x000000008a700000, 0x000000008a700000| Untracked 
|  72|0x000000008a800000, 0x000000008a800000, 0x000000008a900000|  0%| F|  |TAMS 0x000000008a800000, 0x000000008a800000| Untracked 
|  73|0x000000008a900000, 0x000000008a900000, 0x000000008aa00000|  0%| F|  |TAMS 0x000000008a900000, 0x000000008a900000| Untracked 
|  74|0x000000008aa00000, 0x000000008aa00000, 0x000000008ab00000|  0%| F|  |TAMS 0x000000008aa00000, 0x000000008aa00000| Untracked 
|  75|0x000000008ab00000, 0x000000008ab00000, 0x000000008ac00000|  0%| F|  |TAMS 0x000000008ab00000, 0x000000008ab00000| Untracked 
|  76|0x000000008ac00000, 0x000000008ac00000, 0x000000008ad00000|  0%| F|  |TAMS 0x000000008ac00000, 0x000000008ac00000| Untracked 
|  77|0x000000008ad00000, 0x000000008ad00000, 0x000000008ae00000|  0%| F|  |TAMS 0x000000008ad00000, 0x000000008ad00000| Untracked 
|  78|0x000000008ae00000, 0x000000008ae00000, 0x000000008af00000|  0%| F|  |TAMS 0x000000008ae00000, 0x000000008ae00000| Untracked 
|  79|0x000000008af00000, 0x000000008af00000, 0x000000008b000000|  0%| F|  |TAMS 0x000000008af00000, 0x000000008af00000| Untracked 
|  80|0x000000008b000000, 0x000000008b000000, 0x000000008b100000|  0%| F|  |TAMS 0x000000008b000000, 0x000000008b000000| Untracked 
|  81|0x000000008b100000, 0x000000008b100000, 0x000000008b200000|  0%| F|  |TAMS 0x000000008b100000, 0x000000008b100000| Untracked 
|  82|0x000000008b200000, 0x000000008b200000, 0x000000008b300000|  0%| F|  |TAMS 0x000000008b200000, 0x000000008b200000| Untracked 
|  83|0x000000008b300000, 0x000000008b300000, 0x000000008b400000|  0%| F|  |TAMS 0x000000008b300000, 0x000000008b300000| Untracked 
|  84|0x000000008b400000, 0x000000008b400000, 0x000000008b500000|  0%| F|  |TAMS 0x000000008b400000, 0x000000008b400000| Untracked 
|  85|0x000000008b500000, 0x000000008b500000, 0x000000008b600000|  0%| F|  |TAMS 0x000000008b500000, 0x000000008b500000| Untracked 
|  86|0x000000008b600000, 0x000000008b600000, 0x000000008b700000|  0%| F|  |TAMS 0x000000008b600000, 0x000000008b600000| Untracked 
|  87|0x000000008b700000, 0x000000008b700000, 0x000000008b800000|  0%| F|  |TAMS 0x000000008b700000, 0x000000008b700000| Untracked 
|  88|0x000000008b800000, 0x000000008b800000, 0x000000008b900000|  0%| F|  |TAMS 0x000000008b800000, 0x000000008b800000| Untracked 
|  89|0x000000008b900000, 0x000000008b900000, 0x000000008ba00000|  0%| F|  |TAMS 0x000000008b900000, 0x000000008b900000| Untracked 
|  90|0x000000008ba00000, 0x000000008ba00000, 0x000000008bb00000|  0%| F|  |TAMS 0x000000008ba00000, 0x000000008ba00000| Untracked 
|  91|0x000000008bb00000, 0x000000008bb00000, 0x000000008bc00000|  0%| F|  |TAMS 0x000000008bb00000, 0x000000008bb00000| Untracked 
|  92|0x000000008bc00000, 0x000000008bc00000, 0x000000008bd00000|  0%| F|  |TAMS 0x000000008bc00000, 0x000000008bc00000| Untracked 
|  93|0x000000008bd00000, 0x000000008bd00000, 0x000000008be00000|  0%| F|  |TAMS 0x000000008bd00000, 0x000000008bd00000| Untracked 
|  94|0x000000008be00000, 0x000000008be00000, 0x000000008bf00000|  0%| F|  |TAMS 0x000000008be00000, 0x000000008be00000| Untracked 
|  95|0x000000008bf00000, 0x000000008bf00000, 0x000000008c000000|  0%| F|  |TAMS 0x000000008bf00000, 0x000000008bf00000| Untracked 
|  96|0x000000008c000000, 0x000000008c000000, 0x000000008c100000|  0%| F|  |TAMS 0x000000008c000000, 0x000000008c000000| Untracked 
|  97|0x000000008c100000, 0x000000008c100000, 0x000000008c200000|  0%| F|  |TAMS 0x000000008c100000, 0x000000008c100000| Untracked 
|  98|0x000000008c200000, 0x000000008c200000, 0x000000008c300000|  0%| F|  |TAMS 0x000000008c200000, 0x000000008c200000| Untracked 
|  99|0x000000008c300000, 0x000000008c300000, 0x000000008c400000|  0%| F|  |TAMS 0x000000008c300000, 0x000000008c300000| Untracked 
| 100|0x000000008c400000, 0x000000008c400000, 0x000000008c500000|  0%| F|  |TAMS 0x000000008c400000, 0x000000008c400000| Untracked 
| 101|0x000000008c500000, 0x000000008c500000, 0x000000008c600000|  0%| F|  |TAMS 0x000000008c500000, 0x000000008c500000| Untracked 
| 102|0x000000008c600000, 0x000000008c600000, 0x000000008c700000|  0%| F|  |TAMS 0x000000008c600000, 0x000000008c600000| Untracked 
| 103|0x000000008c700000, 0x000000008c700000, 0x000000008c800000|  0%| F|  |TAMS 0x000000008c700000, 0x000000008c700000| Untracked 
| 104|0x000000008c800000, 0x000000008c800000, 0x000000008c900000|  0%| F|  |TAMS 0x000000008c800000, 0x000000008c800000| Untracked 
| 105|0x000000008c900000, 0x000000008c900000, 0x000000008ca00000|  0%| F|  |TAMS 0x000000008c900000, 0x000000008c900000| Untracked 
| 106|0x000000008ca00000, 0x000000008ca00000, 0x000000008cb00000|  0%| F|  |TAMS 0x000000008ca00000, 0x000000008ca00000| Untracked 
| 107|0x000000008cb00000, 0x000000008cb00000, 0x000000008cc00000|  0%| F|  |TAMS 0x000000008cb00000, 0x000000008cb00000| Untracked 
| 108|0x000000008cc00000, 0x000000008cc00000, 0x000000008cd00000|  0%| F|  |TAMS 0x000000008cc00000, 0x000000008cc00000| Untracked 
| 109|0x000000008cd00000, 0x000000008cd00000, 0x000000008ce00000|  0%| F|  |TAMS 0x000000008cd00000, 0x000000008cd00000| Untracked 
| 110|0x000000008ce00000, 0x000000008ce7b640, 0x000000008cf00000| 48%| E|  |TAMS 0x000000008ce00000, 0x000000008ce00000| Complete 
| 111|0x000000008cf00000, 0x000000008d000000, 0x000000008d000000|100%| E|CS|TAMS 0x000000008cf00000, 0x000000008cf00000| Complete 
| 112|0x000000008d000000, 0x000000008d100000, 0x000000008d100000|100%| E|CS|TAMS 0x000000008d000000, 0x000000008d000000| Complete 
| 113|0x000000008d100000, 0x000000008d200000, 0x000000008d200000|100%| E|CS|TAMS 0x000000008d100000, 0x000000008d100000| Complete 
| 114|0x000000008d200000, 0x000000008d300000, 0x000000008d300000|100%| E|CS|TAMS 0x000000008d200000, 0x000000008d200000| Complete 
| 115|0x000000008d300000, 0x000000008d400000, 0x000000008d400000|100%| E|CS|TAMS 0x000000008d300000, 0x000000008d300000| Complete 
| 116|0x000000008d400000, 0x000000008d500000, 0x000000008d500000|100%| E|  |TAMS 0x000000008d400000, 0x000000008d400000| Complete 
| 117|0x000000008d500000, 0x000000008d600000, 0x000000008d600000|100%| E|CS|TAMS 0x000000008d500000, 0x000000008d500000| Complete 
| 118|0x000000008d600000, 0x000000008d700000, 0x000000008d700000|100%| E|CS|TAMS 0x000000008d600000, 0x000000008d600000| Complete 
| 119|0x000000008d700000, 0x000000008d800000, 0x000000008d800000|100%| E|CS|TAMS 0x000000008d700000, 0x000000008d700000| Complete 
| 120|0x000000008d800000, 0x000000008d900000, 0x000000008d900000|100%| E|CS|TAMS 0x000000008d800000, 0x000000008d800000| Complete 
| 121|0x000000008d900000, 0x000000008da00000, 0x000000008da00000|100%| E|CS|TAMS 0x000000008d900000, 0x000000008d900000| Complete 
|1950|0x00000000ffe00000, 0x00000000ffe48000, 0x00000000fff00000| 28%|OA|  |TAMS 0x00000000ffe00000, 0x00000000ffe00000| Untracked 
|1951|0x00000000fff00000, 0x00000000fff6c000, 0x0000000100000000| 42%|CA|  |TAMS 0x00000000fff00000, 0x00000000fff00000| Untracked 

Card table byte_map: [0x00007fc4ca30d000,0x00007fc4ca6dd000] _byte_map_base: 0x00007fc4c9edd000

Marking Bits (Prev, Next): (CMBitMap*) 0x00007fc4c4059478, (CMBitMap*) 0x00007fc4c40594b0
 Prev Bits: [0x00007fc4c80bd000, 0x00007fc4c9f3d000)
 Next Bits: [0x00007fc4a6180000, 0x00007fc4a8000000)

Polling page: 0x00007fc4cd6a4000

Metaspace:

Usage:
  Non-class:      5.82 MB capacity,     3.34 MB ( 57%) used,     2.47 MB ( 43%) free+waste,     5.69 KB ( <1%) overhead. 
      Class:    681.00 KB capacity,   395.27 KB ( 58%) used,   282.86 KB ( 42%) free+waste,     2.88 KB ( <1%) overhead. 
       Both:      6.49 MB capacity,     3.73 MB ( 57%) used,     2.75 MB ( 42%) free+waste,     8.56 KB ( <1%) overhead. 

Virtual space:
  Non-class space:        8.00 MB reserved,       6.00 MB ( 75%) committed 
      Class space:        1.00 GB reserved,     768.00 KB ( <1%) committed 
             Both:        1.01 GB reserved,       6.75 MB ( <1%) committed 

Chunk freelists:
   Non-Class:  38.00 KB
       Class:  0 bytes
        Both:  38.00 KB

MaxMetaspaceSize: unlimited
CompressedClassSpaceSize: 1.00 GB
Initial GC threshold: 20.80 MB
Current GC threshold: 20.80 MB
CDS: on

CodeHeap 'non-profiled nmethods': size=119172Kb used=250Kb max_used=250Kb free=118921Kb
 bounds [0x00007fc4b435e000, 0x00007fc4b45ce000, 0x00007fc4bb7bf000]
CodeHeap 'profiled nmethods': size=119168Kb used=1845Kb max_used=1845Kb free=117322Kb
 bounds [0x00007fc4acefe000, 0x00007fc4ad16e000, 0x00007fc4b435e000]
CodeHeap 'non-nmethods': size=7420Kb used=1202Kb max_used=1779Kb free=6217Kb
 bounds [0x00007fc4ac7bf000, 0x00007fc4aca2f000, 0x00007fc4acefe000]
 total_blobs=1344 nmethods=946 adapters=320
 compilation: enabled
              stopped_count=0, restarted_count=0
 full_count=0

Compilation events (20 events):
Event: 1.531 Thread 0x00007fc4c4156000 nmethod 934 0x00007fc4ad0c6d10 code [0x00007fc4ad0c6ee0, 0x00007fc4ad0c7170]
Event: 1.531 Thread 0x00007fc4c4156000  935       3       org.bytedeco.javacpp.BytePointer::getStringBytes (40 bytes)
Event: 1.531 Thread 0x00007fc47808d000 nmethod 933 0x00007fc4ad0c7290 code [0x00007fc4ad0c7560, 0x00007fc4ad0c8340]
Event: 1.531 Thread 0x00007fc47808d000  940       3       java.util.AbstractCollection::addAll (42 bytes)
Event: 1.531 Thread 0x00007fc4c4156000 nmethod 935 0x00007fc4ad0c8790 code [0x00007fc4ad0c8980, 0x00007fc4ad0c8d50]
Event: 1.531 Thread 0x00007fc4c4156000  932       3       java.util.HashMap::replacementTreeNode (21 bytes)
Event: 1.531 Thread 0x00007fc4c4156000 nmethod 932 0x00007fc4ad0c8f10 code [0x00007fc4ad0c90e0, 0x00007fc4ad0c9530]
Event: 1.531 Thread 0x00007fc4c4156000  937       3       java.lang.Math::min (12 bytes)
Event: 1.531 Thread 0x00007fc47808d000 nmethod 940 0x00007fc4ad0c9690 code [0x00007fc4ad0c9880, 0x00007fc4ad0c9df0]
Event: 1.531 Thread 0x00007fc47808d000  938       3       java.util.HashMap::getOrDefault (23 bytes)
Event: 1.531 Thread 0x00007fc4c4156000 nmethod 937 0x00007fc4ad0c9f90 code [0x00007fc4ad0ca140, 0x00007fc4ad0ca270]
Event: 1.531 Thread 0x00007fc4c4156000  939       3       ConstValue::meet (73 bytes)
Event: 1.531 Thread 0x00007fc4c4156000 nmethod 939 0x00007fc4ad0ca310 code [0x00007fc4ad0ca4e0, 0x00007fc4ad0ca7f0]
Event: 1.531 Thread 0x00007fc4c4156000  943       3       java.lang.String::contains (19 bytes)
Event: 1.531 Thread 0x00007fc47808d000 nmethod 938 0x00007fc4ad0ca910 code [0x00007fc4ad0caae0, 0x00007fc4ad0cae50]
Event: 1.531 Thread 0x00007fc4c4156000 nmethod 943 0x00007fc4ad0caf90 code [0x00007fc4ad0cb160, 0x00007fc4ad0cb3f0]
Event: 1.532 Thread 0x00007fc4c4154000 nmethod 931 0x00007fc4b439a890 code [0x00007fc4b439aa20, 0x00007fc4b439ad38]
Event: 1.532 Thread 0x00007fc4c4154000  944       4       java.util.HashMap$HashIterator::hasNext (13 bytes)
Event: 1.532 Thread 0x00007fc4c4154000 nmethod 944 0x00007fc4b439ae10 code [0x00007fc4b439afa0, 0x00007fc4b439b018]
Event: 1.536 Thread 0x00007fc474098800 nmethod 923 0x00007fc4b439b110 code [0x00007fc4b439b320, 0x00007fc4b439bc40]

GC Heap History (0 events):
No events

Deoptimization events (20 events):
Event: 1.209 Thread 0x00007fc4c4016800 Uncommon trap: trap_request=0xffffff4d fr.pc=0x00007fc4b438245c relative=0x000000000000019c
Event: 1.209 Thread 0x00007fc4c4016800 Uncommon trap: reason=unstable_if action=reinterpret pc=0x00007fc4b438245c method=java.util.zip.ZipFile$Source.isMetaName([BII)Z @ 57 c2
Event: 1.209 Thread 0x00007fc4c4016800 DEOPT PACKING pc=0x00007fc4b438245c sp=0x00007fc4cbe2d1d0
Event: 1.209 Thread 0x00007fc4c4016800 DEOPT UNPACKING pc=0x00007fc4ac808ea5 sp=0x00007fc4cbe2d198 mode 2
Event: 1.230 Thread 0x00007fc4c4016800 DEOPT PACKING pc=0x00007fc4acfe488a sp=0x00007fc4cbe30460
Event: 1.230 Thread 0x00007fc4c4016800 DEOPT UNPACKING pc=0x00007fc4ac80964a sp=0x00007fc4cbe2f908 mode 0
Event: 1.381 Thread 0x00007fc4c4016800 DEOPT PACKING pc=0x00007fc4acf37ee2 sp=0x00007fc4cbe2ece0
Event: 1.381 Thread 0x00007fc4c4016800 DEOPT UNPACKING pc=0x00007fc4ac80964a sp=0x00007fc4cbe2e1f0 mode 0
Event: 1.490 Thread 0x00007fc4c4016800 Uncommon trap: trap_request=0xffffff76 fr.pc=0x00007fc4b4367de8 relative=0x0000000000000148
Event: 1.490 Thread 0x00007fc4c4016800 Uncommon trap: reason=loop_limit_check action=maybe_recompile pc=0x00007fc4b4367de8 method=java.lang.StringLatin1.lastIndexOf([BII)I @ 19 c2
Event: 1.490 Thread 0x00007fc4c4016800 DEOPT PACKING pc=0x00007fc4b4367de8 sp=0x00007fc4cbe31260
Event: 1.490 Thread 0x00007fc4c4016800 DEOPT UNPACKING pc=0x00007fc4ac808ea5 sp=0x00007fc4cbe31210 mode 2
Event: 1.516 Thread 0x00007fc4c4016800 Uncommon trap: trap_request=0xffffff4d fr.pc=0x00007fc4b437e580 relative=0x0000000000000240
Event: 1.516 Thread 0x00007fc4c4016800 Uncommon trap: reason=unstable_if action=reinterpret pc=0x00007fc4b437e580 method=java.util.HashMap.getNode(ILjava/lang/Object;)Ljava/util/HashMap$Node; @ 84 c2
Event: 1.516 Thread 0x00007fc4c4016800 DEOPT PACKING pc=0x00007fc4b437e580 sp=0x00007fc4cbe313b0
Event: 1.516 Thread 0x00007fc4c4016800 DEOPT UNPACKING pc=0x00007fc4ac808ea5 sp=0x00007fc4cbe31360 mode 2
Event: 1.528 Thread 0x00007fc4c4016800 Uncommon trap: trap_request=0xffffff4d fr.pc=0x00007fc4b4398a64 relative=0x0000000000000764
Event: 1.528 Thread 0x00007fc4c4016800 Uncommon trap: reason=unstable_if action=reinterpret pc=0x00007fc4b4398a64 method=java.util.HashMap.putVal(ILjava/lang/Object;Ljava/lang/Object;ZZ)Ljava/lang/Object; @ 109 c2
Event: 1.528 Thread 0x00007fc4c4016800 DEOPT PACKING pc=0x00007fc4b4398a64 sp=0x00007fc4cbe31370
Event: 1.528 Thread 0x00007fc4c4016800 DEOPT UNPACKING pc=0x00007fc4ac808ea5 sp=0x00007fc4cbe31318 mode 2

Classes redefined (0 events):
No events

Internal exceptions (20 events):
Event: 1.204 Thread 0x00007fc4c4016800 Exception <a 'java/security/PrivilegedActionException'{0x000000008d355140}> (0x000000008d355140) thrown at [./src/hotspot/share/prims/jvm.cpp, line 1304]
Event: 1.204 Thread 0x00007fc4c4016800 Exception <a 'java/security/PrivilegedActionException'{0x000000008d355410}> (0x000000008d355410) thrown at [./src/hotspot/share/prims/jvm.cpp, line 1304]
Event: 1.204 Thread 0x00007fc4c4016800 Exception <a 'java/security/PrivilegedActionException'{0x000000008d355e20}> (0x000000008d355e20) thrown at [./src/hotspot/share/prims/jvm.cpp, line 1304]
Event: 1.204 Thread 0x00007fc4c4016800 Exception <a 'java/security/PrivilegedActionException'{0x000000008d3560f0}> (0x000000008d3560f0) thrown at [./src/hotspot/share/prims/jvm.cpp, line 1304]
Event: 1.204 Thread 0x00007fc4c4016800 Exception <a 'java/security/PrivilegedActionException'{0x000000008d356b20}> (0x000000008d356b20) thrown at [./src/hotspot/share/prims/jvm.cpp, line 1304]
Event: 1.204 Thread 0x00007fc4c4016800 Exception <a 'java/security/PrivilegedActionException'{0x000000008d356df0}> (0x000000008d356df0) thrown at [./src/hotspot/share/prims/jvm.cpp, line 1304]
Event: 1.204 Thread 0x00007fc4c4016800 Exception <a 'java/security/PrivilegedActionException'{0x000000008d357808}> (0x000000008d357808) thrown at [./src/hotspot/share/prims/jvm.cpp, line 1304]
Event: 1.204 Thread 0x00007fc4c4016800 Exception <a 'java/security/PrivilegedActionException'{0x000000008d357ad8}> (0x000000008d357ad8) thrown at [./src/hotspot/share/prims/jvm.cpp, line 1304]
Event: 1.204 Thread 0x00007fc4c4016800 Exception <a 'java/security/PrivilegedActionException'{0x000000008d3584f0}> (0x000000008d3584f0) thrown at [./src/hotspot/share/prims/jvm.cpp, line 1304]
Event: 1.204 Thread 0x00007fc4c4016800 Exception <a 'java/security/PrivilegedActionException'{0x000000008d3587c0}> (0x000000008d3587c0) thrown at [./src/hotspot/share/prims/jvm.cpp, line 1304]
Event: 1.204 Thread 0x00007fc4c4016800 Exception <a 'java/security/PrivilegedActionException'{0x000000008d3591f8}> (0x000000008d3591f8) thrown at [./src/hotspot/share/prims/jvm.cpp, line 1304]
Event: 1.204 Thread 0x00007fc4c4016800 Exception <a 'java/security/PrivilegedActionException'{0x000000008d3594c8}> (0x000000008d3594c8) thrown at [./src/hotspot/share/prims/jvm.cpp, line 1304]
Event: 1.204 Thread 0x00007fc4c4016800 Exception <a 'java/security/PrivilegedActionException'{0x000000008d359ef8}> (0x000000008d359ef8) thrown at [./src/hotspot/share/prims/jvm.cpp, line 1304]
Event: 1.204 Thread 0x00007fc4c4016800 Exception <a 'java/security/PrivilegedActionException'{0x000000008d35a1c8}> (0x000000008d35a1c8) thrown at [./src/hotspot/share/prims/jvm.cpp, line 1304]
Event: 1.204 Thread 0x00007fc4c4016800 Exception <a 'java/security/PrivilegedActionException'{0x000000008d35ac00}> (0x000000008d35ac00) thrown at [./src/hotspot/share/prims/jvm.cpp, line 1304]
Event: 1.204 Thread 0x00007fc4c4016800 Exception <a 'java/security/PrivilegedActionException'{0x000000008d35aed0}> (0x000000008d35aed0) thrown at [./src/hotspot/share/prims/jvm.cpp, line 1304]
Event: 1.204 Thread 0x00007fc4c4016800 Exception <a 'java/security/PrivilegedActionException'{0x000000008d35b8e8}> (0x000000008d35b8e8) thrown at [./src/hotspot/share/prims/jvm.cpp, line 1304]
Event: 1.204 Thread 0x00007fc4c4016800 Exception <a 'java/security/PrivilegedActionException'{0x000000008d35bbb8}> (0x000000008d35bbb8) thrown at [./src/hotspot/share/prims/jvm.cpp, line 1304]
Event: 1.204 Thread 0x00007fc4c4016800 Exception <a 'java/security/PrivilegedActionException'{0x000000008d35c608}> (0x000000008d35c608) thrown at [./src/hotspot/share/prims/jvm.cpp, line 1304]
Event: 1.204 Thread 0x00007fc4c4016800 Exception <a 'java/security/PrivilegedActionException'{0x000000008d35c8d8}> (0x000000008d35c8d8) thrown at [./src/hotspot/share/prims/jvm.cpp, line 1304]

Events (20 events):
Event: 29.434 Executing VM operation: ThreadsSuspendJVMTI
Event: 29.435 Executing VM operation: ThreadsSuspendJVMTI done
Event: 29.437 Executing VM operation: GetFrameCount
Event: 29.437 Executing VM operation: GetFrameCount done
Event: 29.437 Executing VM operation: GetFrameCount
Event: 29.437 Executing VM operation: GetFrameCount done
Event: 29.437 Executing VM operation: GetStackTrace
Event: 29.437 Executing VM operation: GetStackTrace done
Event: 29.459 Executing VM operation: GetFrameCount
Event: 29.459 Executing VM operation: GetFrameCount done
Event: 29.459 Executing VM operation: GetStackTrace
Event: 29.460 Executing VM operation: GetStackTrace done
Event: 29.460 Executing VM operation: GetFrameCount
Event: 29.461 Executing VM operation: GetFrameCount done
Event: 29.461 Executing VM operation: GetStackTrace
Event: 29.461 Executing VM operation: GetStackTrace done
Event: 29.492 Executing VM operation: GetFrameLocation
Event: 29.493 Executing VM operation: GetFrameLocation done
Event: 29.493 Executing VM operation: GetOrSetLocal
Event: 29.493 Executing VM operation: GetOrSetLocal done


Dynamic libraries:
86000000-8da00000 rw-p 00000000 00:00 0 
8da00000-ffe00000 ---p 00000000 00:00 0 
ffe00000-ffe48000 rw-p 00b14000 08:20 29394                              /usr/lib/jvm/java-11-openjdk-amd64/lib/server/classes.jsa
ffe48000-fff00000 rw-p 00000000 00:00 0 
fff00000-fff6c000 rw-p 00aa8000 08:20 29394                              /usr/lib/jvm/java-11-openjdk-amd64/lib/server/classes.jsa
fff6c000-100000000 rw-p 00000000 00:00 0 
800000000-800002000 rwxp 00001000 08:20 29394                            /usr/lib/jvm/java-11-openjdk-amd64/lib/server/classes.jsa
800002000-800aa7000 rw-p 00003000 08:20 29394                            /usr/lib/jvm/java-11-openjdk-amd64/lib/server/classes.jsa
840000000-8400c0000 rw-p 00000000 00:00 0 
8400c0000-880000000 ---p 00000000 00:00 0 
55b3552dd000-55b3552de000 r--p 00000000 08:20 58380                      /usr/lib/jvm/java-11-openjdk-amd64/bin/java
55b3552de000-55b3552df000 r-xp 00001000 08:20 58380                      /usr/lib/jvm/java-11-openjdk-amd64/bin/java
55b3552df000-55b3552e0000 r--p 00002000 08:20 58380                      /usr/lib/jvm/java-11-openjdk-amd64/bin/java
55b3552e0000-55b3552e1000 r--p 00002000 08:20 58380                      /usr/lib/jvm/java-11-openjdk-amd64/bin/java
55b3552e1000-55b3552e2000 rw-p 00003000 08:20 58380                      /usr/lib/jvm/java-11-openjdk-amd64/bin/java
55b35eb31000-55b35eb52000 rw-p 00000000 00:00 0                          [heap]
7fc44552c000-7fc445e52000 r--p 00000000 08:20 227212                     /home/itshandable/.javacpp/cache/llvm-13.0.1-1.5.7-linux-x86_64.jar/org/bytedeco/llvm/linux-x86_64/libLLVM-13.so
7fc445e52000-7fc449815000 r-xp 00926000 08:20 227212                     /home/itshandable/.javacpp/cache/llvm-13.0.1-1.5.7-linux-x86_64.jar/org/bytedeco/llvm/linux-x86_64/libLLVM-13.so
7fc449815000-7fc44ba6a000 r--p 042e9000 08:20 227212                     /home/itshandable/.javacpp/cache/llvm-13.0.1-1.5.7-linux-x86_64.jar/org/bytedeco/llvm/linux-x86_64/libLLVM-13.so
7fc44ba6a000-7fc44bf7f000 r--p 0653d000 08:20 227212                     /home/itshandable/.javacpp/cache/llvm-13.0.1-1.5.7-linux-x86_64.jar/org/bytedeco/llvm/linux-x86_64/libLLVM-13.so
7fc44bf7f000-7fc44bf8a000 rw-p 06a52000 08:20 227212                     /home/itshandable/.javacpp/cache/llvm-13.0.1-1.5.7-linux-x86_64.jar/org/bytedeco/llvm/linux-x86_64/libLLVM-13.so
7fc44bf8a000-7fc44c000000 rw-p 00000000 00:00 0 
7fc44c000000-7fc44c084000 rw-p 00000000 00:00 0 
7fc44c084000-7fc450000000 ---p 00000000 00:00 0 
7fc454000000-7fc45446d000 rw-p 00000000 00:00 0 
7fc45446d000-7fc458000000 ---p 00000000 00:00 0 
7fc458000000-7fc458021000 rw-p 00000000 00:00 0 
7fc458021000-7fc45c000000 ---p 00000000 00:00 0 
7fc45c000000-7fc45c021000 rw-p 00000000 00:00 0 
7fc45c021000-7fc460000000 ---p 00000000 00:00 0 
7fc460000000-7fc460021000 rw-p 00000000 00:00 0 
7fc460021000-7fc464000000 ---p 00000000 00:00 0 
7fc464000000-7fc46405d000 rw-p 00000000 00:00 0 
7fc46405d000-7fc468000000 ---p 00000000 00:00 0 
7fc468000000-7fc468021000 rw-p 00000000 00:00 0 
7fc468021000-7fc46c000000 ---p 00000000 00:00 0 
7fc46c000000-7fc46c021000 rw-p 00000000 00:00 0 
7fc46c021000-7fc470000000 ---p 00000000 00:00 0 
7fc470000000-7fc470021000 rw-p 00000000 00:00 0 
7fc470021000-7fc474000000 ---p 00000000 00:00 0 
7fc474000000-7fc4740e1000 rw-p 00000000 00:00 0 
7fc4740e1000-7fc478000000 ---p 00000000 00:00 0 
7fc478000000-7fc47814c000 rw-p 00000000 00:00 0 
7fc47814c000-7fc47c000000 ---p 00000000 00:00 0 
7fc47c000000-7fc47c021000 rw-p 00000000 00:00 0 
7fc47c021000-7fc480000000 ---p 00000000 00:00 0 
7fc480000000-7fc480021000 rw-p 00000000 00:00 0 
7fc480021000-7fc484000000 ---p 00000000 00:00 0 
7fc484000000-7fc484021000 rw-p 00000000 00:00 0 
7fc484021000-7fc488000000 ---p 00000000 00:00 0 
7fc488000000-7fc488021000 rw-p 00000000 00:00 0 
7fc488021000-7fc48c000000 ---p 00000000 00:00 0 
7fc48c000000-7fc48c021000 rw-p 00000000 00:00 0 
7fc48c021000-7fc490000000 ---p 00000000 00:00 0 
7fc490000000-7fc490021000 rw-p 00000000 00:00 0 
7fc490021000-7fc494000000 ---p 00000000 00:00 0 
7fc494000000-7fc494021000 rw-p 00000000 00:00 0 
7fc494021000-7fc498000000 ---p 00000000 00:00 0 
7fc498000000-7fc498021000 rw-p 00000000 00:00 0 
7fc498021000-7fc49c000000 ---p 00000000 00:00 0 
7fc49da6b000-7fc49dad0000 r--p 00000000 08:20 227234                     /home/itshandable/.javacpp/cache/llvm-13.0.1-1.5.7-linux-x86_64.jar/org/bytedeco/llvm/linux-x86_64/libjniLLVM.so
7fc49dad0000-7fc49db3e000 r-xp 00065000 08:20 227234                     /home/itshandable/.javacpp/cache/llvm-13.0.1-1.5.7-linux-x86_64.jar/org/bytedeco/llvm/linux-x86_64/libjniLLVM.so
7fc49db3e000-7fc49db69000 r--p 000d3000 08:20 227234                     /home/itshandable/.javacpp/cache/llvm-13.0.1-1.5.7-linux-x86_64.jar/org/bytedeco/llvm/linux-x86_64/libjniLLVM.so
7fc49db69000-7fc49db6c000 r--p 000fd000 08:20 227234                     /home/itshandable/.javacpp/cache/llvm-13.0.1-1.5.7-linux-x86_64.jar/org/bytedeco/llvm/linux-x86_64/libjniLLVM.so
7fc49db6c000-7fc49db6f000 rw-p 00100000 08:20 227234                     /home/itshandable/.javacpp/cache/llvm-13.0.1-1.5.7-linux-x86_64.jar/org/bytedeco/llvm/linux-x86_64/libjniLLVM.so
7fc49db6f000-7fc49db71000 rw-p 00000000 00:00 0 
7fc49db71000-7fc49db75000 ---p 00000000 00:00 0 
7fc49db75000-7fc49dc71000 rw-p 00000000 00:00 0 
7fc49dc71000-7fc49dc75000 ---p 00000000 00:00 0 
7fc49dc75000-7fc49dd71000 rw-p 00000000 00:00 0 
7fc49dd71000-7fc49dd75000 ---p 00000000 00:00 0 
7fc49dd75000-7fc49de71000 rw-p 00000000 00:00 0 
7fc49de71000-7fc49de72000 ---p 00000000 00:00 0 
7fc49de72000-7fc49df72000 rw-p 00000000 00:00 0 
7fc49df72000-7fc49df76000 ---p 00000000 00:00 0 
7fc49df76000-7fc49e072000 rw-p 00000000 00:00 0 
7fc49e072000-7fc49e076000 ---p 00000000 00:00 0 
7fc49e076000-7fc49e172000 rw-p 00000000 00:00 0 
7fc49e172000-7fc49e176000 ---p 00000000 00:00 0 
7fc49e176000-7fc49e272000 rw-p 00000000 00:00 0 
7fc49e272000-7fc49e276000 ---p 00000000 00:00 0 
7fc49e276000-7fc49e372000 rw-p 00000000 00:00 0 
7fc49e372000-7fc49e376000 ---p 00000000 00:00 0 
7fc49e376000-7fc49e472000 rw-p 00000000 00:00 0 
7fc49e472000-7fc49e476000 ---p 00000000 00:00 0 
7fc49e476000-7fc49e572000 rw-p 00000000 00:00 0 
7fc49e572000-7fc49e576000 ---p 00000000 00:00 0 
7fc49e576000-7fc49e672000 rw-p 00000000 00:00 0 
7fc49e672000-7fc49e676000 ---p 00000000 00:00 0 
7fc49e676000-7fc49e772000 rw-p 00000000 00:00 0 
7fc49e772000-7fc49e776000 ---p 00000000 00:00 0 
7fc49e776000-7fc49e872000 rw-p 00000000 00:00 0 
7fc49e872000-7fc49e876000 ---p 00000000 00:00 0 
7fc49e876000-7fc49e972000 rw-p 00000000 00:00 0 
7fc49e972000-7fc49e976000 ---p 00000000 00:00 0 
7fc49e976000-7fc49ea72000 rw-p 00000000 00:00 0 
7fc49ea72000-7fc49ea73000 ---p 00000000 00:00 0 
7fc49ea73000-7fc49f1f4000 rw-p 00000000 00:00 0 
7fc49f1f4000-7fc49f3f4000 ---p 00000000 00:00 0 
7fc49f3f4000-7fc49f3f5000 ---p 00000000 00:00 0 
7fc49f3f5000-7fc49f4f5000 rw-p 00000000 00:00 0 
7fc49f4f5000-7fc49f4f6000 ---p 00000000 00:00 0 
7fc49f4f6000-7fc4a0000000 rw-p 00000000 00:00 0 
7fc4a0000000-7fc4a0021000 rw-p 00000000 00:00 0 
7fc4a0021000-7fc4a4000000 ---p 00000000 00:00 0 
7fc4a407f000-7fc4a6368000 rw-p 00000000 00:00 0 
7fc4a6368000-7fc4a7ff8000 ---p 00000000 00:00 0 
7fc4a7ff8000-7fc4a8000000 rw-p 00000000 00:00 0 
7fc4a8000000-7fc4a8021000 rw-p 00000000 00:00 0 
7fc4a8021000-7fc4ac000000 ---p 00000000 00:00 0 
7fc4ac01d000-7fc4ac01e000 r--p 00000000 08:20 227228                     /home/itshandable/.javacpp/cache/llvm-13.0.1-1.5.7-linux-x86_64.jar/org/bytedeco/llvm/linux-x86_64/libRemarks.so.13
7fc4ac01e000-7fc4ac01f000 r-xp 00001000 08:20 227228                     /home/itshandable/.javacpp/cache/llvm-13.0.1-1.5.7-linux-x86_64.jar/org/bytedeco/llvm/linux-x86_64/libRemarks.so.13
7fc4ac01f000-7fc4ac020000 r--p 00002000 08:20 227228                     /home/itshandable/.javacpp/cache/llvm-13.0.1-1.5.7-linux-x86_64.jar/org/bytedeco/llvm/linux-x86_64/libRemarks.so.13
7fc4ac020000-7fc4ac021000 r--p 00002000 08:20 227228                     /home/itshandable/.javacpp/cache/llvm-13.0.1-1.5.7-linux-x86_64.jar/org/bytedeco/llvm/linux-x86_64/libRemarks.so.13
7fc4ac021000-7fc4ac022000 rw-p 00003000 08:20 227228                     /home/itshandable/.javacpp/cache/llvm-13.0.1-1.5.7-linux-x86_64.jar/org/bytedeco/llvm/linux-x86_64/libRemarks.so.13
7fc4ac022000-7fc4ac029000 r--p 00000000 08:20 227217                     /home/itshandable/.javacpp/cache/llvm-13.0.1-1.5.7-linux-x86_64.jar/org/bytedeco/llvm/linux-x86_64/libLTO.so.13
7fc4ac029000-7fc4ac031000 r-xp 00007000 08:20 227217                     /home/itshandable/.javacpp/cache/llvm-13.0.1-1.5.7-linux-x86_64.jar/org/bytedeco/llvm/linux-x86_64/libLTO.so.13
7fc4ac031000-7fc4ac033000 r--p 0000f000 08:20 227217                     /home/itshandable/.javacpp/cache/llvm-13.0.1-1.5.7-linux-x86_64.jar/org/bytedeco/llvm/linux-x86_64/libLTO.so.13
7fc4ac033000-7fc4ac034000 r--p 00010000 08:20 227217                     /home/itshandable/.javacpp/cache/llvm-13.0.1-1.5.7-linux-x86_64.jar/org/bytedeco/llvm/linux-x86_64/libLTO.so.13
7fc4ac034000-7fc4ac035000 rw-p 00011000 08:20 227217                     /home/itshandable/.javacpp/cache/llvm-13.0.1-1.5.7-linux-x86_64.jar/org/bytedeco/llvm/linux-x86_64/libLTO.so.13
7fc4ac035000-7fc4ac4c5000 rw-p 00000000 00:00 0 
7fc4ac4c5000-7fc4ac4c6000 ---p 00000000 00:00 0 
7fc4ac4c6000-7fc4ac5c6000 rw-p 00000000 00:00 0 
7fc4ac5c6000-7fc4ac5c7000 ---p 00000000 00:00 0 
7fc4ac5c7000-7fc4ac7bf000 rw-p 00000000 00:00 0 
7fc4ac7bf000-7fc4aca2f000 rwxp 00000000 00:00 0 
7fc4aca2f000-7fc4acefe000 ---p 00000000 00:00 0 
7fc4acefe000-7fc4ad16e000 rwxp 00000000 00:00 0 
7fc4ad16e000-7fc4b435e000 ---p 00000000 00:00 0 
7fc4b435e000-7fc4b45ce000 rwxp 00000000 00:00 0 
7fc4b45ce000-7fc4bb7bf000 ---p 00000000 00:00 0 
7fc4bb7bf000-7fc4c4000000 r--s 00000000 08:20 58738                      /usr/lib/jvm/java-11-openjdk-amd64/lib/modules
7fc4c4000000-7fc4c43b4000 rw-p 00000000 00:00 0 
7fc4c43b4000-7fc4c8000000 ---p 00000000 00:00 0 
7fc4c8003000-7fc4c8004000 r--p 00000000 08:20 64938                      /usr/lib/x86_64-linux-gnu/libdl.so.2
7fc4c8004000-7fc4c8005000 r-xp 00001000 08:20 64938                      /usr/lib/x86_64-linux-gnu/libdl.so.2
7fc4c8005000-7fc4c8006000 r--p 00002000 08:20 64938                      /usr/lib/x86_64-linux-gnu/libdl.so.2
7fc4c8006000-7fc4c8007000 r--p 00002000 08:20 64938                      /usr/lib/x86_64-linux-gnu/libdl.so.2
7fc4c8007000-7fc4c8008000 rw-p 00003000 08:20 64938                      /usr/lib/x86_64-linux-gnu/libdl.so.2
7fc4c8008000-7fc4c8009000 r--p 00000000 08:20 64948                      /usr/lib/x86_64-linux-gnu/libpthread.so.0
7fc4c8009000-7fc4c800a000 r-xp 00001000 08:20 64948                      /usr/lib/x86_64-linux-gnu/libpthread.so.0
7fc4c800a000-7fc4c800b000 r--p 00002000 08:20 64948                      /usr/lib/x86_64-linux-gnu/libpthread.so.0
7fc4c800b000-7fc4c800c000 r--p 00002000 08:20 64948                      /usr/lib/x86_64-linux-gnu/libpthread.so.0
7fc4c800c000-7fc4c800d000 rw-p 00003000 08:20 64948                      /usr/lib/x86_64-linux-gnu/libpthread.so.0
7fc4c800d000-7fc4c8011000 r--p 00000000 08:20 227196                     /home/itshandable/.javacpp/cache/javacpp-1.5.7-linux-x86_64.jar/org/bytedeco/javacpp/linux-x86_64/libjnijavacpp.so
7fc4c8011000-7fc4c8018000 r-xp 00004000 08:20 227196                     /home/itshandable/.javacpp/cache/javacpp-1.5.7-linux-x86_64.jar/org/bytedeco/javacpp/linux-x86_64/libjnijavacpp.so
7fc4c8018000-7fc4c801c000 r--p 0000b000 08:20 227196                     /home/itshandable/.javacpp/cache/javacpp-1.5.7-linux-x86_64.jar/org/bytedeco/javacpp/linux-x86_64/libjnijavacpp.so
7fc4c801c000-7fc4c801d000 r--p 0000e000 08:20 227196                     /home/itshandable/.javacpp/cache/javacpp-1.5.7-linux-x86_64.jar/org/bytedeco/javacpp/linux-x86_64/libjnijavacpp.so
7fc4c801d000-7fc4c801e000 rw-p 0000f000 08:20 227196                     /home/itshandable/.javacpp/cache/javacpp-1.5.7-linux-x86_64.jar/org/bytedeco/javacpp/linux-x86_64/libjnijavacpp.so
7fc4c801e000-7fc4c8022000 r--p 00000000 08:20 58728                      /usr/lib/jvm/java-11-openjdk-amd64/lib/libnet.so
7fc4c8022000-7fc4c8030000 r-xp 00004000 08:20 58728                      /usr/lib/jvm/java-11-openjdk-amd64/lib/libnet.so
7fc4c8030000-7fc4c8034000 r--p 00012000 08:20 58728                      /usr/lib/jvm/java-11-openjdk-amd64/lib/libnet.so
7fc4c8034000-7fc4c8035000 r--p 00015000 08:20 58728                      /usr/lib/jvm/java-11-openjdk-amd64/lib/libnet.so
7fc4c8035000-7fc4c8036000 rw-p 00016000 08:20 58728                      /usr/lib/jvm/java-11-openjdk-amd64/lib/libnet.so
7fc4c8036000-7fc4c803d000 r--p 00000000 08:20 58729                      /usr/lib/jvm/java-11-openjdk-amd64/lib/libnio.so
7fc4c803d000-7fc4c8045000 r-xp 00007000 08:20 58729                      /usr/lib/jvm/java-11-openjdk-amd64/lib/libnio.so
7fc4c8045000-7fc4c8048000 r--p 0000f000 08:20 58729                      /usr/lib/jvm/java-11-openjdk-amd64/lib/libnio.so
7fc4c8048000-7fc4c8049000 r--p 00011000 08:20 58729                      /usr/lib/jvm/java-11-openjdk-amd64/lib/libnio.so
7fc4c8049000-7fc4c804a000 rw-p 00012000 08:20 58729                      /usr/lib/jvm/java-11-openjdk-amd64/lib/libnio.so
7fc4c804a000-7fc4c804c000 r--p 00000000 08:20 58709                      /usr/lib/jvm/java-11-openjdk-amd64/lib/libdt_socket.so
7fc4c804c000-7fc4c804f000 r-xp 00002000 08:20 58709                      /usr/lib/jvm/java-11-openjdk-amd64/lib/libdt_socket.so
7fc4c804f000-7fc4c8050000 r--p 00005000 08:20 58709                      /usr/lib/jvm/java-11-openjdk-amd64/lib/libdt_socket.so
7fc4c8050000-7fc4c8051000 ---p 00006000 08:20 58709                      /usr/lib/jvm/java-11-openjdk-amd64/lib/libdt_socket.so
7fc4c8051000-7fc4c8052000 r--p 00006000 08:20 58709                      /usr/lib/jvm/java-11-openjdk-amd64/lib/libdt_socket.so
7fc4c8052000-7fc4c8053000 rw-p 00007000 08:20 58709                      /usr/lib/jvm/java-11-openjdk-amd64/lib/libdt_socket.so
7fc4c8053000-7fc4c82a5000 rw-p 00000000 00:00 0 
7fc4c82a5000-7fc4c9f35000 ---p 00000000 00:00 0 
7fc4c9f35000-7fc4c9f7a000 rw-p 00000000 00:00 0 
7fc4c9f7a000-7fc4ca30c000 ---p 00000000 00:00 0 
7fc4ca30c000-7fc4ca34a000 rw-p 00000000 00:00 0 
7fc4ca34a000-7fc4ca6dc000 ---p 00000000 00:00 0 
7fc4ca6dc000-7fc4ca71a000 rw-p 00000000 00:00 0 
7fc4ca71a000-7fc4caaac000 ---p 00000000 00:00 0 
7fc4caaac000-7fc4cb9bc000 rw-p 00000000 00:00 0 
7fc4cb9bc000-7fc4cb9bd000 ---p 00000000 00:00 0 
7fc4cb9bd000-7fc4cbac2000 rw-p 00000000 00:00 0 
7fc4cbac2000-7fc4cbba6000 ---p 00000000 00:00 0 
7fc4cbba6000-7fc4cbbab000 rw-p 00000000 00:00 0 
7fc4cbbab000-7fc4cbc8f000 ---p 00000000 00:00 0 
7fc4cbc8f000-7fc4cbc94000 rw-p 00000000 00:00 0 
7fc4cbc94000-7fc4cbc9e000 ---p 00000000 00:00 0 
7fc4cbc9e000-7fc4cbca0000 r--p 00000000 08:20 58737                      /usr/lib/jvm/java-11-openjdk-amd64/lib/libzip.so
7fc4cbca0000-7fc4cbca5000 r-xp 00002000 08:20 58737                      /usr/lib/jvm/java-11-openjdk-amd64/lib/libzip.so
7fc4cbca5000-7fc4cbca7000 r--p 00007000 08:20 58737                      /usr/lib/jvm/java-11-openjdk-amd64/lib/libzip.so
7fc4cbca7000-7fc4cbca8000 r--p 00008000 08:20 58737                      /usr/lib/jvm/java-11-openjdk-amd64/lib/libzip.so
7fc4cbca8000-7fc4cbca9000 rw-p 00009000 08:20 58737                      /usr/lib/jvm/java-11-openjdk-amd64/lib/libzip.so
7fc4cbca9000-7fc4cbcb1000 rw-s 00000000 08:20 2331                       /tmp/hsperfdata_itshandable/14057
7fc4cbcb1000-7fc4cbcb3000 r--p 00000000 08:20 58719                      /usr/lib/jvm/java-11-openjdk-amd64/lib/libjdwp.so
7fc4cbcb3000-7fc4cbcdf000 r-xp 00002000 08:20 58719                      /usr/lib/jvm/java-11-openjdk-amd64/lib/libjdwp.so
7fc4cbcdf000-7fc4cbced000 r--p 0002e000 08:20 58719                      /usr/lib/jvm/java-11-openjdk-amd64/lib/libjdwp.so
7fc4cbced000-7fc4cbcee000 r--p 0003b000 08:20 58719                      /usr/lib/jvm/java-11-openjdk-amd64/lib/libjdwp.so
7fc4cbcee000-7fc4cbcef000 rw-p 0003c000 08:20 58719                      /usr/lib/jvm/java-11-openjdk-amd64/lib/libjdwp.so
7fc4cbcef000-7fc4cbcfd000 r--p 00000000 08:20 58717                      /usr/lib/jvm/java-11-openjdk-amd64/lib/libjava.so
7fc4cbcfd000-7fc4cbd13000 r-xp 0000e000 08:20 58717                      /usr/lib/jvm/java-11-openjdk-amd64/lib/libjava.so
7fc4cbd13000-7fc4cbd1a000 r--p 00024000 08:20 58717                      /usr/lib/jvm/java-11-openjdk-amd64/lib/libjava.so
7fc4cbd1a000-7fc4cbd1b000 r--p 0002a000 08:20 58717                      /usr/lib/jvm/java-11-openjdk-amd64/lib/libjava.so
7fc4cbd1b000-7fc4cbd1c000 rw-p 0002b000 08:20 58717                      /usr/lib/jvm/java-11-openjdk-amd64/lib/libjava.so
7fc4cbd1c000-7fc4cbd1d000 rw-p 00000000 00:00 0 
7fc4cbd1d000-7fc4cbd22000 r--p 00000000 08:20 58736                      /usr/lib/jvm/java-11-openjdk-amd64/lib/libverify.so
7fc4cbd22000-7fc4cbd29000 r-xp 00005000 08:20 58736                      /usr/lib/jvm/java-11-openjdk-amd64/lib/libverify.so
7fc4cbd29000-7fc4cbd2b000 r--p 0000c000 08:20 58736                      /usr/lib/jvm/java-11-openjdk-amd64/lib/libverify.so
7fc4cbd2b000-7fc4cbd2d000 r--p 0000d000 08:20 58736                      /usr/lib/jvm/java-11-openjdk-amd64/lib/libverify.so
7fc4cbd2d000-7fc4cbd2e000 rw-p 0000f000 08:20 58736                      /usr/lib/jvm/java-11-openjdk-amd64/lib/libverify.so
7fc4cbd2e000-7fc4cbd2f000 r--p 00000000 08:20 64951                      /usr/lib/x86_64-linux-gnu/librt.so.1
7fc4cbd2f000-7fc4cbd30000 r-xp 00001000 08:20 64951                      /usr/lib/x86_64-linux-gnu/librt.so.1
7fc4cbd30000-7fc4cbd31000 r--p 00002000 08:20 64951                      /usr/lib/x86_64-linux-gnu/librt.so.1
7fc4cbd31000-7fc4cbd32000 r--p 00002000 08:20 64951                      /usr/lib/x86_64-linux-gnu/librt.so.1
7fc4cbd32000-7fc4cbd33000 rw-p 00003000 08:20 64951                      /usr/lib/x86_64-linux-gnu/librt.so.1
7fc4cbd33000-7fc4cbd37000 ---p 00000000 00:00 0 
7fc4cbd37000-7fc4cbe33000 rw-p 00000000 00:00 0 
7fc4cbe33000-7fc4cbe36000 r--p 00000000 08:20 6709                       /usr/lib/x86_64-linux-gnu/libgcc_s.so.1
7fc4cbe36000-7fc4cbe4d000 r-xp 00003000 08:20 6709                       /usr/lib/x86_64-linux-gnu/libgcc_s.so.1
7fc4cbe4d000-7fc4cbe51000 r--p 0001a000 08:20 6709                       /usr/lib/x86_64-linux-gnu/libgcc_s.so.1
7fc4cbe51000-7fc4cbe52000 r--p 0001d000 08:20 6709                       /usr/lib/x86_64-linux-gnu/libgcc_s.so.1
7fc4cbe52000-7fc4cbe53000 rw-p 0001e000 08:20 6709                       /usr/lib/x86_64-linux-gnu/libgcc_s.so.1
7fc4cbe53000-7fc4cbe61000 r--p 00000000 08:20 64939                      /usr/lib/x86_64-linux-gnu/libm.so.6
7fc4cbe61000-7fc4cbedd000 r-xp 0000e000 08:20 64939                      /usr/lib/x86_64-linux-gnu/libm.so.6
7fc4cbedd000-7fc4cbf38000 r--p 0008a000 08:20 64939                      /usr/lib/x86_64-linux-gnu/libm.so.6
7fc4cbf38000-7fc4cbf39000 r--p 000e4000 08:20 64939                      /usr/lib/x86_64-linux-gnu/libm.so.6
7fc4cbf39000-7fc4cbf3a000 rw-p 000e5000 08:20 64939                      /usr/lib/x86_64-linux-gnu/libm.so.6
7fc4cbf3a000-7fc4cbfd4000 r--p 00000000 08:20 6947                       /usr/lib/x86_64-linux-gnu/libstdc++.so.6.0.30
7fc4cbfd4000-7fc4cc0e5000 r-xp 0009a000 08:20 6947                       /usr/lib/x86_64-linux-gnu/libstdc++.so.6.0.30
7fc4cc0e5000-7fc4cc154000 r--p 001ab000 08:20 6947                       /usr/lib/x86_64-linux-gnu/libstdc++.so.6.0.30
7fc4cc154000-7fc4cc155000 ---p 0021a000 08:20 6947                       /usr/lib/x86_64-linux-gnu/libstdc++.so.6.0.30
7fc4cc155000-7fc4cc160000 r--p 0021a000 08:20 6947                       /usr/lib/x86_64-linux-gnu/libstdc++.so.6.0.30
7fc4cc160000-7fc4cc163000 rw-p 00225000 08:20 6947                       /usr/lib/x86_64-linux-gnu/libstdc++.so.6.0.30
7fc4cc163000-7fc4cc166000 rw-p 00000000 00:00 0 
7fc4cc166000-7fc4cc3e9000 r--p 00000000 08:20 58741                      /usr/lib/jvm/java-11-openjdk-amd64/lib/server/libjvm.so
7fc4cc3e9000-7fc4cd094000 r-xp 00283000 08:20 58741                      /usr/lib/jvm/java-11-openjdk-amd64/lib/server/libjvm.so
7fc4cd094000-7fc4cd2f0000 r--p 00f2e000 08:20 58741                      /usr/lib/jvm/java-11-openjdk-amd64/lib/server/libjvm.so
7fc4cd2f0000-7fc4cd3b4000 r--p 01189000 08:20 58741                      /usr/lib/jvm/java-11-openjdk-amd64/lib/server/libjvm.so
7fc4cd3b4000-7fc4cd3ef000 rw-p 0124d000 08:20 58741                      /usr/lib/jvm/java-11-openjdk-amd64/lib/server/libjvm.so
7fc4cd3ef000-7fc4cd449000 rw-p 00000000 00:00 0 
7fc4cd449000-7fc4cd471000 r--p 00000000 08:20 64935                      /usr/lib/x86_64-linux-gnu/libc.so.6
7fc4cd471000-7fc4cd606000 r-xp 00028000 08:20 64935                      /usr/lib/x86_64-linux-gnu/libc.so.6
7fc4cd606000-7fc4cd65e000 r--p 001bd000 08:20 64935                      /usr/lib/x86_64-linux-gnu/libc.so.6
7fc4cd65e000-7fc4cd65f000 ---p 00215000 08:20 64935                      /usr/lib/x86_64-linux-gnu/libc.so.6
7fc4cd65f000-7fc4cd663000 r--p 00215000 08:20 64935                      /usr/lib/x86_64-linux-gnu/libc.so.6
7fc4cd663000-7fc4cd665000 rw-p 00219000 08:20 64935                      /usr/lib/x86_64-linux-gnu/libc.so.6
7fc4cd665000-7fc4cd672000 rw-p 00000000 00:00 0 
7fc4cd672000-7fc4cd675000 r--p 00000000 08:20 58702                      /usr/lib/jvm/java-11-openjdk-amd64/lib/jli/libjli.so
7fc4cd675000-7fc4cd67f000 r-xp 00003000 08:20 58702                      /usr/lib/jvm/java-11-openjdk-amd64/lib/jli/libjli.so
7fc4cd67f000-7fc4cd682000 r--p 0000d000 08:20 58702                      /usr/lib/jvm/java-11-openjdk-amd64/lib/jli/libjli.so
7fc4cd682000-7fc4cd683000 ---p 00010000 08:20 58702                      /usr/lib/jvm/java-11-openjdk-amd64/lib/jli/libjli.so
7fc4cd683000-7fc4cd684000 r--p 00010000 08:20 58702                      /usr/lib/jvm/java-11-openjdk-amd64/lib/jli/libjli.so
7fc4cd684000-7fc4cd685000 rw-p 00011000 08:20 58702                      /usr/lib/jvm/java-11-openjdk-amd64/lib/jli/libjli.so
7fc4cd685000-7fc4cd687000 r--p 00000000 08:20 6997                       /usr/lib/x86_64-linux-gnu/libz.so.1.2.11
7fc4cd687000-7fc4cd698000 r-xp 00002000 08:20 6997                       /usr/lib/x86_64-linux-gnu/libz.so.1.2.11
7fc4cd698000-7fc4cd69e000 r--p 00013000 08:20 6997                       /usr/lib/x86_64-linux-gnu/libz.so.1.2.11
7fc4cd69e000-7fc4cd69f000 ---p 00019000 08:20 6997                       /usr/lib/x86_64-linux-gnu/libz.so.1.2.11
7fc4cd69f000-7fc4cd6a0000 r--p 00019000 08:20 6997                       /usr/lib/x86_64-linux-gnu/libz.so.1.2.11
7fc4cd6a0000-7fc4cd6a1000 rw-p 0001a000 08:20 6997                       /usr/lib/x86_64-linux-gnu/libz.so.1.2.11
7fc4cd6a4000-7fc4cd6a5000 ---p 00000000 00:00 0 
7fc4cd6a5000-7fc4cd6a6000 r--p 00000000 00:00 0 
7fc4cd6a6000-7fc4cd6a8000 r--p 00000000 08:20 58720                      /usr/lib/jvm/java-11-openjdk-amd64/lib/libjimage.so
7fc4cd6a8000-7fc4cd6ab000 r-xp 00002000 08:20 58720                      /usr/lib/jvm/java-11-openjdk-amd64/lib/libjimage.so
7fc4cd6ab000-7fc4cd6ac000 r--p 00005000 08:20 58720                      /usr/lib/jvm/java-11-openjdk-amd64/lib/libjimage.so
7fc4cd6ac000-7fc4cd6ad000 ---p 00006000 08:20 58720                      /usr/lib/jvm/java-11-openjdk-amd64/lib/libjimage.so
7fc4cd6ad000-7fc4cd6ae000 r--p 00006000 08:20 58720                      /usr/lib/jvm/java-11-openjdk-amd64/lib/libjimage.so
7fc4cd6ae000-7fc4cd6af000 rw-p 00007000 08:20 58720                      /usr/lib/jvm/java-11-openjdk-amd64/lib/libjimage.so
7fc4cd6af000-7fc4cd6b1000 rw-p 00000000 00:00 0 
7fc4cd6b1000-7fc4cd6b3000 r--p 00000000 08:20 64930                      /usr/lib/x86_64-linux-gnu/ld-linux-x86-64.so.2
7fc4cd6b3000-7fc4cd6dd000 r-xp 00002000 08:20 64930                      /usr/lib/x86_64-linux-gnu/ld-linux-x86-64.so.2
7fc4cd6dd000-7fc4cd6e8000 r--p 0002c000 08:20 64930                      /usr/lib/x86_64-linux-gnu/ld-linux-x86-64.so.2
7fc4cd6e9000-7fc4cd6eb000 r--p 00037000 08:20 64930                      /usr/lib/x86_64-linux-gnu/ld-linux-x86-64.so.2
7fc4cd6eb000-7fc4cd6ed000 rw-p 00039000 08:20 64930                      /usr/lib/x86_64-linux-gnu/ld-linux-x86-64.so.2
7ffe115d8000-7ffe115f9000 rw-p 00000000 00:00 0                          [stack]
7ffe115f9000-7ffe115fd000 r--p 00000000 00:00 0                          [vvar]
7ffe115fd000-7ffe115ff000 r-xp 00000000 00:00 0                          [vdso]


VM Arguments:
jvm_args: -agentlib:jdwp=transport=dt_socket,address=0.0.0.0:12345,suspend=y,server=y -Djava.library.path=\\wsl.localhost\Ubuntu\usr\local\lib -Dfile.encoding=UTF-8 
java_command: Main tests/test.sysy tests/test.arm test tests/test.ll
java_class_path (initial): /mnt/e/codes/compiler-principle/Lab_backtrace/Lab/out/production/Lab:/usr/local/lib/antlr-4.9.1-complete.jar:/usr/local/lib/javacpp/javacpp-1.5.7.jar:/usr/local/lib/javacpp/javacpp-1.5.7-linux-x86_64.jar:/usr/local/lib/llvm/llvm-13.0.1-1.5.7.jar:/usr/local/lib/llvm/llvm-13.0.1-1.5.7-linux-x86_64.jar:/usr/local/lib/llvm-platform/llvm-platform-13.0.1-1.5.7.jar:/usr/local/lib/llvm4j/kotlin-stdlib-1.9.0.jar:/usr/local/lib/llvm4j/llvm4j-0.1.2-SNAPSHOT.jar:/usr/local/lib/rars/rars.jar:/mnt/d/IntelliJ IDEA Ultimate/lib/idea_rt.jar
Launcher Type: SUN_STANDARD

[Global flags]
     intx CICompilerCount                          = 12                                        {product} {ergonomic}
     uint ConcGCThreads                            = 4                                         {product} {ergonomic}
     uint G1ConcRefinementThreads                  = 15                                        {product} {ergonomic}
   size_t G1HeapRegionSize                         = 1048576                                   {product} {ergonomic}
    uintx GCDrainStackTargetSize                   = 64                                        {product} {ergonomic}
   size_t InitialHeapSize                          = 127926272                                 {product} {ergonomic}
   size_t MarkStackSize                            = 4194304                                   {product} {ergonomic}
   size_t MaxHeapSize                              = 2046820352                                {product} {ergonomic}
   size_t MaxNewSize                               = 1227882496                                {product} {ergonomic}
   size_t MinHeapDeltaBytes                        = 1048576                                   {product} {ergonomic}
    uintx NonNMethodCodeHeapSize                   = 7594288                                {pd product} {ergonomic}
    uintx NonProfiledCodeHeapSize                  = 122031976                              {pd product} {ergonomic}
    uintx ProfiledCodeHeapSize                     = 122031976                              {pd product} {ergonomic}
    uintx ReservedCodeCacheSize                    = 251658240                              {pd product} {ergonomic}
     bool SegmentedCodeCache                       = true                                      {product} {ergonomic}
     bool UseCompressedClassPointers               = true                                 {lp64_product} {ergonomic}
     bool UseCompressedOops                        = true                                 {lp64_product} {ergonomic}
     bool UseG1GC                                  = true                                      {product} {ergonomic}

Logging:
Log output configuration:
 #0: stdout all=warning uptime,level,tags
 #1: stderr all=off uptime,level,tags

Environment Variables:
PATH=/home/itshandable/.local/bin:/usr/local/sbin:/usr/local/bin:/usr/sbin:/usr/bin:/sbin:/bin:/usr/games:/usr/local/games:/usr/lib/wsl/lib:/mnt/d/VMwareWorkstationPro/bin/:/mnt/c/Program Files/BellSoft/LibericaJDK-17/bin/:/mnt/c/Program Files (x86)/Common Files/Oracle/Java/java8path:/mnt/c/Program Files (x86)/Common Files/Oracle/Java/javapath:/mnt/c/WINDOWS/system32:/mnt/c/WINDOWS:/mnt/c/WINDOWS/System32/Wbem:/mnt/c/WINDOWS/System32/WindowsPowerShell/v1.0/:/mnt/c/WINDOWS/System32/OpenSSH/:/mnt/c/Program Files/dotnet/:/mnt/c/Program Files (x86)/NVIDIA Corporation/PhysX/Common:/mnt/c/Program Files/Git/cmd:/mnt/d/Cruicial Storage Excutive:/mnt/c/Program Files/BellSoft/LibericaJDK-17/bin:/mnt/c/Program Files/BellSoft/LibericaJDK-17/jre/bin:/mnt/c/Users/itshandable/AppData/Local/Programs/Python/Python312:/mnt/c/Users/itshandable/AppData/Local/Programs/Python/Python312/Scripts:/mnt/c/Program Files/Pandoc/:/mnt/c/ProgramData/chocolatey/bin:/mnt/d/Nodejs-nvm:/mnt/c/Program Files/nodejs:/mnt/d/Redis/:/mnt/d/Mathlab/bin:/mnt/d/Lingo-21.0/:/mnt/d/Lingo-18.0/:/mnt/c/Program Files/NVIDIA Corporation/NVIDIA app/NvDLISR:/mnt/d/SPSS-25/JRE/bin:/mnt/d/SPSS Modeler 18.0/ext/bin/spss.TMWBServer/bin:/mnt/d/SPSS Modeler 18.0/MPICH2/bin:/mnt/d/SPSS Modeler 18.0/TABI:/mnt/d/MySQL/bin:/mnt/c/Program Files/Docker/Docker/resources/bin:/mnt/c/Program Files/Tailscale/:/mnt/c/Users/itshandable/AppData/Local/Programs/Python/Launcher/:/mnt/c/Users/itshandable/AppData/Local/Microsoft/WindowsApps:/mnt/d/CLion 2024.2.1/bin:/mnt/d/PyCharm 2024.2.1/bin:/mnt/c/Users/itshandable/AppData/Local/JetBrains/Toolbox/scripts:/mnt/d/IntelliJ IDEA 2024.2.1/bin:/mnt/c/Users/itshandable/AppData/Roaming/npm:/mnt/d/Nodejs-nvm:/mnt/c/Program Files/nodejs:/mnt/d/Microsoft VS Code/bin:/mnt/d/MiKTeX/miktex/bin/x64/:/mnt/c/Users/itshandable/AppData/Local/Microsoft/WindowsApps:/mnt/e/codes/ffmpeg-2025-01-02-git-0457aaf0d3-essentials_build/bin:/mnt/d/Aria2/aria2-1.37.0-win-64bit-build1:/mnt/d/DevEco Studio/bin:/mnt/d/WebStor
SHELL=/bin/bash
DISPLAY=:0
HOSTTYPE=x86_64
LANG=zh_CN.UTF-8
TERM=xterm-256color

Signal Handlers:
SIGSEGV: [libjvm.so+0xebbd40], sa_mask[0]=11111111011111111101111111111110, sa_flags=SA_RESTART|SA_SIGINFO
SIGBUS: [libjvm.so+0xebbd40], sa_mask[0]=11111111011111111101111111111110, sa_flags=SA_RESTART|SA_SIGINFO
SIGFPE: [libjvm.so+0xebbd40], sa_mask[0]=11111111011111111101111111111110, sa_flags=SA_RESTART|SA_SIGINFO
SIGPIPE: [libjvm.so+0xbfe040], sa_mask[0]=11111111011111111101111111111110, sa_flags=SA_RESTART|SA_SIGINFO
SIGXFSZ: [libjvm.so+0xbfe040], sa_mask[0]=11111111011111111101111111111110, sa_flags=SA_RESTART|SA_SIGINFO
SIGILL: [libjvm.so+0xebbd40], sa_mask[0]=11111111011111111101111111111110, sa_flags=SA_RESTART|SA_SIGINFO
SIGUSR2: [libjvm.so+0xbfdee0], sa_mask[0]=00000000000000000000000000000000, sa_flags=SA_RESTART|SA_SIGINFO
SIGHUP: [libjvm.so+0xbfe6a0], sa_mask[0]=11111111011111111101111111111110, sa_flags=SA_RESTART|SA_SIGINFO
SIGINT: [libjvm.so+0xbfe6a0], sa_mask[0]=11111111011111111101111111111110, sa_flags=SA_RESTART|SA_SIGINFO
SIGTERM: [libjvm.so+0xbfe6a0], sa_mask[0]=11111111011111111101111111111110, sa_flags=SA_RESTART|SA_SIGINFO
SIGQUIT: [libjvm.so+0xbfe6a0], sa_mask[0]=11111111011111111101111111111110, sa_flags=SA_RESTART|SA_SIGINFO


---------------  S Y S T E M  ---------------

OS:DISTRIB_ID=Ubuntu
DISTRIB_RELEASE=22.04
DISTRIB_CODENAME=jammy
DISTRIB_DESCRIPTION="Ubuntu 22.04.3 LTS"
uname:Linux 5.15.167.4-microsoft-standard-WSL2 #1 SMP Tue Nov 5 00:21:55 UTC 2024 x86_64
OS uptime: 0 days 0:24 hours
libc:glibc 2.35 NPTL 2.35 
rlimit (soft/hard): STACK 8192k/infinity , CORE 0k/infinity , NPROC 31190/31190 , NOFILE 1048576/1048576 , AS infinity/infinity , CPU infinity/infinity , DATA infinity/infinity , FSIZE infinity/infinity , MEMLOCK 65536k/65536k
load average:0.05 0.03 0.00

/proc/meminfo:
MemTotal:        7991664 kB
MemFree:         6976968 kB
MemAvailable:    7070864 kB
Buffers:            1232 kB
Cached:           293120 kB
SwapCached:            0 kB
Active:            96184 kB
Inactive:         526404 kB
Active(anon):       2176 kB
Inactive(anon):   329708 kB
Active(file):      94008 kB
Inactive(file):   196696 kB
Unevictable:           0 kB
Mlocked:               0 kB
SwapTotal:       2097152 kB
SwapFree:        2097152 kB
Dirty:                32 kB
Writeback:             0 kB
AnonPages:        325620 kB
Mapped:           258680 kB
Shmem:              3664 kB
KReclaimable:      37528 kB
Slab:             111780 kB
SReclaimable:      37528 kB
SUnreclaim:        74252 kB
KernelStack:        7024 kB
PageTables:         6600 kB
NFS_Unstable:          0 kB
Bounce:                0 kB
WritebackTmp:          0 kB
CommitLimit:     6092984 kB
Committed_AS:    1652988 kB
VmallocTotal:   34359738367 kB
VmallocUsed:       29240 kB
VmallocChunk:          0 kB
Percpu:            11520 kB
AnonHugePages:    151552 kB
ShmemHugePages:        0 kB
ShmemPmdMapped:        0 kB
FileHugePages:         0 kB
FilePmdMapped:         0 kB
HugePages_Total:       0
HugePages_Free:        0
HugePages_Rsvd:        0
HugePages_Surp:        0
Hugepagesize:       2048 kB
Hugetlb:               0 kB
DirectMap4k:      101376 kB
DirectMap2M:     4997120 kB
DirectMap1G:    11534336 kB

/sys/kernel/mm/transparent_hugepage/enabled:
[always] madvise never
/sys/kernel/mm/transparent_hugepage/defrag (defrag/compaction efforts parameter):
always defer defer+madvise [madvise] never

Process Memory:
Virtual Size: 5195420K (peak: 13447088K)
Resident Set Size: 103124K (peak: 103124K) (anon: 46556K, file: 56568K, shmem: 0K)
Swapped out: 0K
C-Heap outstanding allocations: 37070K, retained: 8849K
glibc malloc tunables: (default)

/proc/sys/kernel/threads-max (system-wide limit on the number of threads):
62380
/proc/sys/vm/max_map_count (maximum number of memory map areas a process may have):
65530
/proc/sys/kernel/pid_max (system-wide limit on number of process identifiers):
4194304

container (cgroup) information:
container_type: cgroupv1
cpu_cpuset_cpus: 0-19
cpu_memory_nodes: 0
active_processor_count: 20
cpu_quota: no quota
cpu_period: 100000
cpu_shares: no shares
memory_limit_in_bytes: unlimited
memory_and_swap_limit_in_bytes: unlimited
memory_soft_limit_in_bytes: unlimited
memory_usage_in_bytes: 619976 k
memory_max_usage_in_bytes: 496884 k
kernel_memory_limit_in_bytes: unlimited
kernel_memory_usage_in_bytes: 21208 k
kernel_memory_max_usage_in_bytes: 27048 k
maximum number of tasks: not supported
current number of tasks: not supported

Hyper-V virtualization detected
Steal ticks since vm start: 0
Steal ticks percentage since vm start:  0.000

CPU:total 20 (initial active 20) (16 cores per cpu, 2 threads per core) family 6 model 186 stepping 2 microcode 0xffffffff, cmov, cx8, fxsr, mmx, sse, sse2, sse3, ssse3, sse4.1, sse4.2, popcnt, avx, avx2, aes, clmul, erms, 3dnowpref, lzcnt, ht, tsc, tscinvbit, bmi1, bmi2, adx, sha, fma
CPU Model and flags from /proc/cpuinfo:
model name	: 13th Gen Intel(R) Core(TM) i9-13900H
flags		: fpu vme de pse tsc msr pae mce cx8 apic sep mtrr pge mca cmov pat pse36 clflush mmx fxsr sse sse2 ss ht syscall nx pdpe1gb rdtscp lm constant_tsc rep_good nopl xtopology tsc_reliable nonstop_tsc cpuid pni pclmulqdq vmx ssse3 fma cx16 pcid sse4_1 sse4_2 x2apic movbe popcnt tsc_deadline_timer aes xsave avx f16c rdrand hypervisor lahf_lm abm 3dnowprefetch invpcid_single ssbd ibrs ibpb stibp ibrs_enhanced tpr_shadow vnmi ept vpid ept_ad fsgsbase tsc_adjust bmi1 avx2 smep bmi2 erms invpcid rdseed adx smap clflushopt clwb sha_ni xsaveopt xsavec xgetbv1 xsaves avx_vnni umip waitpkg gfni vaes vpclmulqdq rdpid movdiri movdir64b fsrm md_clear serialize flush_l1d arch_capabilities
Online cpus:
0-19
Offline cpus:

BIOS frequency limitation:
<Not Available>
Frequency switch latency (ns):
<Not Available>
Available cpu frequencies:
<Not Available>
Current governor:
<Not Available>
Core performance/turbo boost:
<Not Available>

Memory: 4k page, physical 7991664k(6976968k free), swap 2097152k(2097152k free)

vm_info: OpenJDK 64-Bit Server VM (11.0.27+6-post-Ubuntu-0ubuntu122.04) for linux-amd64 JRE (11.0.27+6-post-Ubuntu-0ubuntu122.04), built on Apr 21 2025 05:59:45 by "unknown" with gcc 11.4.0

END.
