#
# A fatal error has been detected by the Java Runtime Environment:
#
#  SIGSEGV (0xb) at pc=0x00007f17be28eaf8, pid=8689, tid=8693
#
# JRE version: OpenJDK Runtime Environment (11.0.27+6) (build 11.0.27+6-post-Ubuntu-0ubuntu122.04)
# Java VM: OpenJDK 64-Bit Server VM (11.0.27+6-post-Ubuntu-0ubuntu122.04, mixed mode, sharing, tiered, compressed oops, g1 gc, linux-amd64)
# Problematic frame:
# C  [libLLVM-13.so+0xd62af8]  llvm::Value::getName() const+0xb8
#
# No core dump will be written. Core dumps have been disabled. To enable core dumping, try "ulimit -c unlimited" before starting Java again
#
# If you would like to submit a bug report, please visit:
#   https://bugs.launchpad.net/ubuntu/+source/openjdk-lts
# The crash happened outside the Java Virtual Machine in native code.
# See problematic frame for where to report the bug.
#

---------------  S U M M A R Y ------------

Command Line: -Djava.library.path=\\wsl.localhost\Ubuntu\usr\local\lib -Dfile.encoding=UTF-8 Main tests/test.sysy tests/test.arm test tests/test.ll

Host: 13th Gen Intel(R) Core(TM) i9-13900H, 20 cores, 7G, Ubuntu 22.04.3 LTS
Time: Thu May 22 19:38:32 2025 CST elapsed time: 0.971430 seconds (0d 0h 0m 0s)

---------------  T H R E A D  ---------------

Current thread (0x00007f1834015800):  JavaThread "main" [_thread_in_native, id=8693, stack(0x00007f183afe4000,0x00007f183b0e4000)]

Stack: [0x00007f183afe4000,0x00007f183b0e4000],  sp=0x00007f183b0e1960,  free space=1014k
Native frames: (J=compiled Java code, A=aot compiled Java code, j=interpreted, Vv=VM code, C=native code)
C  [libLLVM-13.so+0xd62af8]  llvm::Value::getName() const+0xb8

Java frames: (J=compiled Java code, j=interpreted, Vv=VM code)
j  org.bytedeco.llvm.global.LLVM.LLVMPrintModuleToString(Lorg/bytedeco/llvm/LLVM/LLVMModuleRef;)Lorg/bytedeco/javacpp/BytePointer;+0
j  MyIrVisitor.mixedOptimization()V+29
j  MyIrVisitor.visitProgram(LSysYParser$ProgramContext;)Lorg/bytedeco/llvm/LLVM/LLVMValueRef;+127
j  MyIrVisitor.visitProgram(LSysYParser$ProgramContext;)Ljava/lang/Object;+2
j  SysYParser$ProgramContext.accept(Lorg/antlr/v4/runtime/tree/ParseTreeVisitor;)Ljava/lang/Object;+12
j  org.antlr.v4.runtime.tree.AbstractParseTreeVisitor.visit(Lorg/antlr/v4/runtime/tree/ParseTree;)Ljava/lang/Object;+2
j  Main.main([Ljava/lang/String;)V+169
v  ~StubRoutines::call_stub

siginfo: si_signo: 11 (SIGSEGV), si_code: 1 (SEGV_MAPERR), si_addr: 0x00000000000000e5

Register to memory mapping:

RAX=0x00000000000000f5 is an unknown value
RBX=0x0 is NULL
RCX=0x00007f1834365f88 points into unknown readable memory: 0x00007f183435cd90 | 90 cd 35 34 18 7f 00 00
RDX=0x00000000000000e5 is an unknown value
RSP=0x00007f183b0e1960 is pointing into the stack for thread: 0x00007f1834015800
RBP=0x00007f183b0e1cc0 is pointing into the stack for thread: 0x00007f1834015800
RSI=0x00007f183435d190 points into unknown readable memory: 0x0000000000000000 | 00 00 00 00 00 00 00 00
RDI=0x00007f183b0e1960 is pointing into the stack for thread: 0x00007f1834015800
R8 =0x0000000000000001 is an unknown value
R9 =0x00007f1834365f88 points into unknown readable memory: 0x00007f183435cd90 | 90 cd 35 34 18 7f 00 00
R10=0x000000000000003f is an unknown value
R11=0x0000000000000003 is an unknown value
R12=0x0000000000000001 is an unknown value
R13=0x0000000000000002 is an unknown value
R14=0x0 is NULL
R15=0x00007f1834372b30 points into unknown readable memory: 0x00007f1834366520 | 20 65 36 34 18 7f 00 00


Registers:
RAX=0x00000000000000f5, RBX=0x0000000000000000, RCX=0x00007f1834365f88, RDX=0x00000000000000e5
RSP=0x00007f183b0e1960, RBP=0x00007f183b0e1cc0, RSI=0x00007f183435d190, RDI=0x00007f183b0e1960
R8 =0x0000000000000001, R9 =0x00007f1834365f88, R10=0x000000000000003f, R11=0x0000000000000003
R12=0x0000000000000001, R13=0x0000000000000002, R14=0x0000000000000000, R15=0x00007f1834372b30
RIP=0x00007f17be28eaf8, EFLAGS=0x0000000000010202, CSGSFS=0x002b000000000033, ERR=0x0000000000000004
  TRAPNO=0x000000000000000e

Top of Stack: (sp=0x00007f183b0e1960)
0x00007f183b0e1960:   00007f183435d190 00007f183435d190
0x00007f183b0e1970:   0000000000000000 00007f17be0cd3f5
0x00007f183b0e1980:   0000000000000000 00007f183b0e1ea0
0x00007f183b0e1990:   0000000000000001 00007f17be0de5d8 

Instructions: (pc=0x00007f17be28eaf8)
0x00007f17be28e9f8:   48 bc ff eb b7 48 83 3d ab e8 ce 05 00 74 23 83
0x00007f17be28ea08:   ca ff f0 0f c1 50 f8 85 d2 7f ae 48 8d 74 24 0f
0x00007f17be28ea18:   e8 53 48 bc ff eb a2 8b 50 f8 8d 4a ff 89 48 f8
0x00007f17be28ea28:   eb c3 8b 50 f8 8d 4a ff 89 48 f8 eb da 66 2e 0f
0x00007f17be28ea38:   1f 84 00 00 00 00 00 90 f6 47 17 10 75 0a 48 8d
0x00007f17be28ea48:   05 f2 a0 6c 03 31 d2 c3 48 83 ec 18 48 8b 07 48
0x00007f17be28ea58:   8b 00 48 8b 08 8b 81 98 01 00 00 4c 8b 81 88 01
0x00007f17be28ea68:   00 00 4c 8d 89 88 01 00 00 85 c0 74 5b 89 f9 89
0x00007f17be28ea78:   fa 44 8d 50 ff c1 ea 09 c1 e9 04 31 d1 44 21 d1
0x00007f17be28ea88:   89 ce 48 c1 e6 04 4c 01 c6 48 8b 16 48 39 d7 75
0x00007f17be28ea98:   67 89 c2 48 89 e7 4c 89 c9 48 89 d0 48 c1 e0 04
0x00007f17be28eaa8:   49 8d 14 00 41 b8 01 00 00 00 e8 f9 f4 ff ff 48
0x00007f17be28eab8:   8b 04 24 48 8b 50 08 48 8d 42 10 48 8b 12 48 83
0x00007f17be28eac8:   c4 18 c3 0f 1f 44 00 00 48 c1 e0 04 48 89 e7 4c
0x00007f17be28ead8:   89 c9 49 8d 34 00 41 b8 01 00 00 00 48 89 f2 e8
0x00007f17be28eae8:   c4 f4 ff ff 48 8b 04 24 48 8b 50 08 48 8d 42 10
0x00007f17be28eaf8:   48 8b 12 48 83 c4 18 c3 be 01 00 00 00 48 81 fa
0x00007f17be28eb08:   00 f0 ff ff 74 c2 01 f1 44 8d 5e 01 44 21 d1 89
0x00007f17be28eb18:   ce 48 c1 e6 04 4c 01 c6 48 8b 16 48 39 d7 0f 84
0x00007f17be28eb28:   6d ff ff ff 44 89 de eb d4 66 2e 0f 1f 84 00 00
0x00007f17be28eb38:   00 00 00 0f 1f 44 00 00 66 48 0f 6e c6 66 48 0f
0x00007f17be28eb48:   6e ca 66 0f 6c c1 0f 11 07 45 84 c0 75 29 48 39
0x00007f17be28eb58:   d6 74 24 0f 1f 44 00 00 48 8b 06 48 3d 00 f0 ff
0x00007f17be28eb68:   ff 74 08 48 3d 00 e0 ff ff 75 0c 48 83 c6 10 48
0x00007f17be28eb78:   89 37 48 39 f2 75 e1 c3 41 57 41 56 41 55 41 54
0x00007f17be28eb88:   55 53 48 89 fb 48 83 ec 38 4c 8b 67 10 49 8b 04
0x00007f17be28eb98:   24 48 8b 00 48 8b 28 4c 8b ad 08 09 00 00 44 8b
0x00007f17be28eba8:   bd 18 09 00 00 41 f6 44 24 11 01 0f 85 67 01 00
0x00007f17be28ebb8:   00 45 85 ff 0f 84 fb 01 00 00 45 89 e6 44 89 e0
0x00007f17be28ebc8:   41 8d 77 ff c1 e8 09 41 c1 ee 04 41 31 c6 44 89
0x00007f17be28ebd8:   f1 21 f1 89 c8 48 c1 e0 04 4c 01 e8 48 8b 10 49
0x00007f17be28ebe8:   39 d4 0f 85 7c 03 00 00 48 8b 50 08 4c 89 ee 48 


Stack slot to memory mapping:
stack at sp + 0 slots: 0x00007f183435d190 points into unknown readable memory: 0x0000000000000000 | 00 00 00 00 00 00 00 00
stack at sp + 1 slots: 0x00007f183435d190 points into unknown readable memory: 0x0000000000000000 | 00 00 00 00 00 00 00 00
stack at sp + 2 slots: 0x0 is NULL
stack at sp + 3 slots: 0x00007f17be0cd3f5: <offset 0x0000000000ba13f5> in /home/itshandable/.javacpp/cache/llvm-13.0.1-1.5.7-linux-x86_64.jar/org/bytedeco/llvm/linux-x86_64/libLLVM-13.so at 0x00007f17bd52c000
stack at sp + 4 slots: 0x0 is NULL
stack at sp + 5 slots: 0x00007f183b0e1ea0 is pointing into the stack for thread: 0x00007f1834015800
stack at sp + 6 slots: 0x0000000000000001 is an unknown value
stack at sp + 7 slots: 0x00007f17be0de5d8: <offset 0x0000000000bb25d8> in /home/itshandable/.javacpp/cache/llvm-13.0.1-1.5.7-linux-x86_64.jar/org/bytedeco/llvm/linux-x86_64/libLLVM-13.so at 0x00007f17bd52c000


---------------  P R O C E S S  ---------------

Threads class SMR info:
_java_thread_list=0x00007f17e4094270, length=13, elements={
0x00007f1834015800, 0x00007f183413e800, 0x00007f1834140800, 0x00007f1834146800,
0x00007f1834148800, 0x00007f183414b000, 0x00007f183414d000, 0x00007f183414f000,
0x00007f17e408d800, 0x00007f183418a000, 0x00007f1834220000, 0x00007f17e4091000,
0x00007f17e4092800
}

Java Threads: ( => current thread )
=>0x00007f1834015800 JavaThread "main" [_thread_in_native, id=8693, stack(0x00007f183afe4000,0x00007f183b0e4000)]
  0x00007f183413e800 JavaThread "Reference Handler" daemon [_thread_blocked, id=8700, stack(0x00007f181c297000,0x00007f181c397000)]
  0x00007f1834140800 JavaThread "Finalizer" daemon [_thread_blocked, id=8701, stack(0x00007f181c197000,0x00007f181c297000)]
  0x00007f1834146800 JavaThread "Signal Dispatcher" daemon [_thread_blocked, id=8702, stack(0x00007f181c097000,0x00007f181c197000)]
  0x00007f1834148800 JavaThread "Service Thread" daemon [_thread_blocked, id=8703, stack(0x00007f1814200000,0x00007f1814300000)]
  0x00007f183414b000 JavaThread "C2 CompilerThread0" daemon [_thread_blocked, id=8704, stack(0x00007f1814100000,0x00007f1814200000)]
  0x00007f183414d000 JavaThread "C1 CompilerThread0" daemon [_thread_blocked, id=8705, stack(0x00007f1814000000,0x00007f1814100000)]
  0x00007f183414f000 JavaThread "Sweeper thread" daemon [_thread_blocked, id=8706, stack(0x00007f180d700000,0x00007f180d800000)]
  0x00007f17e408d800 JavaThread "C1 CompilerThread1" daemon [_thread_blocked, id=8707, stack(0x00007f180d600000,0x00007f180d700000)]
  0x00007f183418a000 JavaThread "Common-Cleaner" daemon [_thread_blocked, id=8709, stack(0x00007f180d3ff000,0x00007f180d4ff000)]
  0x00007f1834220000 JavaThread "JavaCPP Deallocator" daemon [_thread_blocked, id=8711, stack(0x00007f180d2ff000,0x00007f180d3ff000)]
  0x00007f17e4091000 JavaThread "C2 CompilerThread1" daemon [_thread_blocked, id=8713, stack(0x00007f180d1ff000,0x00007f180d2ff000)]
  0x00007f17e4092800 JavaThread "C2 CompilerThread2" daemon [_thread_blocked, id=8714, stack(0x00007f180d0ff000,0x00007f180d1ff000)]

Other Threads:
  0x00007f183413b800 VMThread "VM Thread" [stack: 0x00007f181c398000,0x00007f181c498000] [id=8699]
  0x00007f1834187800 WatcherThread [stack: 0x00007f180d500000,0x00007f180d600000] [id=8708]
  0x00007f183402f800 GCTaskThread "GC Thread#0" [stack: 0x00007f183acac000,0x00007f183adac000] [id=8694]
  0x00007f1834061000 ConcurrentGCThread "G1 Main Marker" [stack: 0x00007f1839034000,0x00007f1839134000] [id=8695]
  0x00007f1834062800 ConcurrentGCThread "G1 Conc#0" [stack: 0x00007f1838f33000,0x00007f1839033000] [id=8696]
  0x00007f1834107000 ConcurrentGCThread "G1 Refine#0" [stack: 0x00007f181c6bf000,0x00007f181c7bf000] [id=8697]
  0x00007f1834109000 ConcurrentGCThread "G1 Young RemSet Sampling" [stack: 0x00007f181c5be000,0x00007f181c6be000] [id=8698]

Threads with active compile tasks:

VM state:not at safepoint (normal execution)

VM Mutex/Monitor currently owned by a thread: None

Heap address: 0x0000000086000000, size: 1952 MB, Compressed Oops mode: 32-bit
Narrow klass base: 0x0000000800000000, Narrow klass shift: 3
Compressed class space size: 1073741824 Address: 0x0000000840000000

Heap:
 garbage-first heap   total 126976K, used 10960K [0x0000000086000000, 0x0000000100000000)
  region size 1024K, 12 young (12288K), 0 survivors (0K)
 Metaspace       used 3758K, capacity 6578K, committed 6912K, reserved 1056768K
  class space    used 392K, capacity 681K, committed 768K, reserved 1048576K
Heap Regions: E=young(eden), S=young(survivor), O=old, HS=humongous(starts), HC=humongous(continues), CS=collection set, F=free, A=archive, TAMS=top-at-mark-start (previous, next)
|   0|0x0000000086000000, 0x0000000086000000, 0x0000000086100000|  0%| F|  |TAMS 0x0000000086000000, 0x0000000086000000| Untracked 
|   1|0x0000000086100000, 0x0000000086100000, 0x0000000086200000|  0%| F|  |TAMS 0x0000000086100000, 0x0000000086100000| Untracked 
|   2|0x0000000086200000, 0x0000000086200000, 0x0000000086300000|  0%| F|  |TAMS 0x0000000086200000, 0x0000000086200000| Untracked 
|   3|0x0000000086300000, 0x0000000086300000, 0x0000000086400000|  0%| F|  |TAMS 0x0000000086300000, 0x0000000086300000| Untracked 
|   4|0x0000000086400000, 0x0000000086400000, 0x0000000086500000|  0%| F|  |TAMS 0x0000000086400000, 0x0000000086400000| Untracked 
|   5|0x0000000086500000, 0x0000000086500000, 0x0000000086600000|  0%| F|  |TAMS 0x0000000086500000, 0x0000000086500000| Untracked 
|   6|0x0000000086600000, 0x0000000086600000, 0x0000000086700000|  0%| F|  |TAMS 0x0000000086600000, 0x0000000086600000| Untracked 
|   7|0x0000000086700000, 0x0000000086700000, 0x0000000086800000|  0%| F|  |TAMS 0x0000000086700000, 0x0000000086700000| Untracked 
|   8|0x0000000086800000, 0x0000000086800000, 0x0000000086900000|  0%| F|  |TAMS 0x0000000086800000, 0x0000000086800000| Untracked 
|   9|0x0000000086900000, 0x0000000086900000, 0x0000000086a00000|  0%| F|  |TAMS 0x0000000086900000, 0x0000000086900000| Untracked 
|  10|0x0000000086a00000, 0x0000000086a00000, 0x0000000086b00000|  0%| F|  |TAMS 0x0000000086a00000, 0x0000000086a00000| Untracked 
|  11|0x0000000086b00000, 0x0000000086b00000, 0x0000000086c00000|  0%| F|  |TAMS 0x0000000086b00000, 0x0000000086b00000| Untracked 
|  12|0x0000000086c00000, 0x0000000086c00000, 0x0000000086d00000|  0%| F|  |TAMS 0x0000000086c00000, 0x0000000086c00000| Untracked 
|  13|0x0000000086d00000, 0x0000000086d00000, 0x0000000086e00000|  0%| F|  |TAMS 0x0000000086d00000, 0x0000000086d00000| Untracked 
|  14|0x0000000086e00000, 0x0000000086e00000, 0x0000000086f00000|  0%| F|  |TAMS 0x0000000086e00000, 0x0000000086e00000| Untracked 
|  15|0x0000000086f00000, 0x0000000086f00000, 0x0000000087000000|  0%| F|  |TAMS 0x0000000086f00000, 0x0000000086f00000| Untracked 
|  16|0x0000000087000000, 0x0000000087000000, 0x0000000087100000|  0%| F|  |TAMS 0x0000000087000000, 0x0000000087000000| Untracked 
|  17|0x0000000087100000, 0x0000000087100000, 0x0000000087200000|  0%| F|  |TAMS 0x0000000087100000, 0x0000000087100000| Untracked 
|  18|0x0000000087200000, 0x0000000087200000, 0x0000000087300000|  0%| F|  |TAMS 0x0000000087200000, 0x0000000087200000| Untracked 
|  19|0x0000000087300000, 0x0000000087300000, 0x0000000087400000|  0%| F|  |TAMS 0x0000000087300000, 0x0000000087300000| Untracked 
|  20|0x0000000087400000, 0x0000000087400000, 0x0000000087500000|  0%| F|  |TAMS 0x0000000087400000, 0x0000000087400000| Untracked 
|  21|0x0000000087500000, 0x0000000087500000, 0x0000000087600000|  0%| F|  |TAMS 0x0000000087500000, 0x0000000087500000| Untracked 
|  22|0x0000000087600000, 0x0000000087600000, 0x0000000087700000|  0%| F|  |TAMS 0x0000000087600000, 0x0000000087600000| Untracked 
|  23|0x0000000087700000, 0x0000000087700000, 0x0000000087800000|  0%| F|  |TAMS 0x0000000087700000, 0x0000000087700000| Untracked 
|  24|0x0000000087800000, 0x0000000087800000, 0x0000000087900000|  0%| F|  |TAMS 0x0000000087800000, 0x0000000087800000| Untracked 
|  25|0x0000000087900000, 0x0000000087900000, 0x0000000087a00000|  0%| F|  |TAMS 0x0000000087900000, 0x0000000087900000| Untracked 
|  26|0x0000000087a00000, 0x0000000087a00000, 0x0000000087b00000|  0%| F|  |TAMS 0x0000000087a00000, 0x0000000087a00000| Untracked 
|  27|0x0000000087b00000, 0x0000000087b00000, 0x0000000087c00000|  0%| F|  |TAMS 0x0000000087b00000, 0x0000000087b00000| Untracked 
|  28|0x0000000087c00000, 0x0000000087c00000, 0x0000000087d00000|  0%| F|  |TAMS 0x0000000087c00000, 0x0000000087c00000| Untracked 
|  29|0x0000000087d00000, 0x0000000087d00000, 0x0000000087e00000|  0%| F|  |TAMS 0x0000000087d00000, 0x0000000087d00000| Untracked 
|  30|0x0000000087e00000, 0x0000000087e00000, 0x0000000087f00000|  0%| F|  |TAMS 0x0000000087e00000, 0x0000000087e00000| Untracked 
|  31|0x0000000087f00000, 0x0000000087f00000, 0x0000000088000000|  0%| F|  |TAMS 0x0000000087f00000, 0x0000000087f00000| Untracked 
|  32|0x0000000088000000, 0x0000000088000000, 0x0000000088100000|  0%| F|  |TAMS 0x0000000088000000, 0x0000000088000000| Untracked 
|  33|0x0000000088100000, 0x0000000088100000, 0x0000000088200000|  0%| F|  |TAMS 0x0000000088100000, 0x0000000088100000| Untracked 
|  34|0x0000000088200000, 0x0000000088200000, 0x0000000088300000|  0%| F|  |TAMS 0x0000000088200000, 0x0000000088200000| Untracked 
|  35|0x0000000088300000, 0x0000000088300000, 0x0000000088400000|  0%| F|  |TAMS 0x0000000088300000, 0x0000000088300000| Untracked 
|  36|0x0000000088400000, 0x0000000088400000, 0x0000000088500000|  0%| F|  |TAMS 0x0000000088400000, 0x0000000088400000| Untracked 
|  37|0x0000000088500000, 0x0000000088500000, 0x0000000088600000|  0%| F|  |TAMS 0x0000000088500000, 0x0000000088500000| Untracked 
|  38|0x0000000088600000, 0x0000000088600000, 0x0000000088700000|  0%| F|  |TAMS 0x0000000088600000, 0x0000000088600000| Untracked 
|  39|0x0000000088700000, 0x0000000088700000, 0x0000000088800000|  0%| F|  |TAMS 0x0000000088700000, 0x0000000088700000| Untracked 
|  40|0x0000000088800000, 0x0000000088800000, 0x0000000088900000|  0%| F|  |TAMS 0x0000000088800000, 0x0000000088800000| Untracked 
|  41|0x0000000088900000, 0x0000000088900000, 0x0000000088a00000|  0%| F|  |TAMS 0x0000000088900000, 0x0000000088900000| Untracked 
|  42|0x0000000088a00000, 0x0000000088a00000, 0x0000000088b00000|  0%| F|  |TAMS 0x0000000088a00000, 0x0000000088a00000| Untracked 
|  43|0x0000000088b00000, 0x0000000088b00000, 0x0000000088c00000|  0%| F|  |TAMS 0x0000000088b00000, 0x0000000088b00000| Untracked 
|  44|0x0000000088c00000, 0x0000000088c00000, 0x0000000088d00000|  0%| F|  |TAMS 0x0000000088c00000, 0x0000000088c00000| Untracked 
|  45|0x0000000088d00000, 0x0000000088d00000, 0x0000000088e00000|  0%| F|  |TAMS 0x0000000088d00000, 0x0000000088d00000| Untracked 
|  46|0x0000000088e00000, 0x0000000088e00000, 0x0000000088f00000|  0%| F|  |TAMS 0x0000000088e00000, 0x0000000088e00000| Untracked 
|  47|0x0000000088f00000, 0x0000000088f00000, 0x0000000089000000|  0%| F|  |TAMS 0x0000000088f00000, 0x0000000088f00000| Untracked 
|  48|0x0000000089000000, 0x0000000089000000, 0x0000000089100000|  0%| F|  |TAMS 0x0000000089000000, 0x0000000089000000| Untracked 
|  49|0x0000000089100000, 0x0000000089100000, 0x0000000089200000|  0%| F|  |TAMS 0x0000000089100000, 0x0000000089100000| Untracked 
|  50|0x0000000089200000, 0x0000000089200000, 0x0000000089300000|  0%| F|  |TAMS 0x0000000089200000, 0x0000000089200000| Untracked 
|  51|0x0000000089300000, 0x0000000089300000, 0x0000000089400000|  0%| F|  |TAMS 0x0000000089300000, 0x0000000089300000| Untracked 
|  52|0x0000000089400000, 0x0000000089400000, 0x0000000089500000|  0%| F|  |TAMS 0x0000000089400000, 0x0000000089400000| Untracked 
|  53|0x0000000089500000, 0x0000000089500000, 0x0000000089600000|  0%| F|  |TAMS 0x0000000089500000, 0x0000000089500000| Untracked 
|  54|0x0000000089600000, 0x0000000089600000, 0x0000000089700000|  0%| F|  |TAMS 0x0000000089600000, 0x0000000089600000| Untracked 
|  55|0x0000000089700000, 0x0000000089700000, 0x0000000089800000|  0%| F|  |TAMS 0x0000000089700000, 0x0000000089700000| Untracked 
|  56|0x0000000089800000, 0x0000000089800000, 0x0000000089900000|  0%| F|  |TAMS 0x0000000089800000, 0x0000000089800000| Untracked 
|  57|0x0000000089900000, 0x0000000089900000, 0x0000000089a00000|  0%| F|  |TAMS 0x0000000089900000, 0x0000000089900000| Untracked 
|  58|0x0000000089a00000, 0x0000000089a00000, 0x0000000089b00000|  0%| F|  |TAMS 0x0000000089a00000, 0x0000000089a00000| Untracked 
|  59|0x0000000089b00000, 0x0000000089b00000, 0x0000000089c00000|  0%| F|  |TAMS 0x0000000089b00000, 0x0000000089b00000| Untracked 
|  60|0x0000000089c00000, 0x0000000089c00000, 0x0000000089d00000|  0%| F|  |TAMS 0x0000000089c00000, 0x0000000089c00000| Untracked 
|  61|0x0000000089d00000, 0x0000000089d00000, 0x0000000089e00000|  0%| F|  |TAMS 0x0000000089d00000, 0x0000000089d00000| Untracked 
|  62|0x0000000089e00000, 0x0000000089e00000, 0x0000000089f00000|  0%| F|  |TAMS 0x0000000089e00000, 0x0000000089e00000| Untracked 
|  63|0x0000000089f00000, 0x0000000089f00000, 0x000000008a000000|  0%| F|  |TAMS 0x0000000089f00000, 0x0000000089f00000| Untracked 
|  64|0x000000008a000000, 0x000000008a000000, 0x000000008a100000|  0%| F|  |TAMS 0x000000008a000000, 0x000000008a000000| Untracked 
|  65|0x000000008a100000, 0x000000008a100000, 0x000000008a200000|  0%| F|  |TAMS 0x000000008a100000, 0x000000008a100000| Untracked 
|  66|0x000000008a200000, 0x000000008a200000, 0x000000008a300000|  0%| F|  |TAMS 0x000000008a200000, 0x000000008a200000| Untracked 
|  67|0x000000008a300000, 0x000000008a300000, 0x000000008a400000|  0%| F|  |TAMS 0x000000008a300000, 0x000000008a300000| Untracked 
|  68|0x000000008a400000, 0x000000008a400000, 0x000000008a500000|  0%| F|  |TAMS 0x000000008a400000, 0x000000008a400000| Untracked 
|  69|0x000000008a500000, 0x000000008a500000, 0x000000008a600000|  0%| F|  |TAMS 0x000000008a500000, 0x000000008a500000| Untracked 
|  70|0x000000008a600000, 0x000000008a600000, 0x000000008a700000|  0%| F|  |TAMS 0x000000008a600000, 0x000000008a600000| Untracked 
|  71|0x000000008a700000, 0x000000008a700000, 0x000000008a800000|  0%| F|  |TAMS 0x000000008a700000, 0x000000008a700000| Untracked 
|  72|0x000000008a800000, 0x000000008a800000, 0x000000008a900000|  0%| F|  |TAMS 0x000000008a800000, 0x000000008a800000| Untracked 
|  73|0x000000008a900000, 0x000000008a900000, 0x000000008aa00000|  0%| F|  |TAMS 0x000000008a900000, 0x000000008a900000| Untracked 
|  74|0x000000008aa00000, 0x000000008aa00000, 0x000000008ab00000|  0%| F|  |TAMS 0x000000008aa00000, 0x000000008aa00000| Untracked 
|  75|0x000000008ab00000, 0x000000008ab00000, 0x000000008ac00000|  0%| F|  |TAMS 0x000000008ab00000, 0x000000008ab00000| Untracked 
|  76|0x000000008ac00000, 0x000000008ac00000, 0x000000008ad00000|  0%| F|  |TAMS 0x000000008ac00000, 0x000000008ac00000| Untracked 
|  77|0x000000008ad00000, 0x000000008ad00000, 0x000000008ae00000|  0%| F|  |TAMS 0x000000008ad00000, 0x000000008ad00000| Untracked 
|  78|0x000000008ae00000, 0x000000008ae00000, 0x000000008af00000|  0%| F|  |TAMS 0x000000008ae00000, 0x000000008ae00000| Untracked 
|  79|0x000000008af00000, 0x000000008af00000, 0x000000008b000000|  0%| F|  |TAMS 0x000000008af00000, 0x000000008af00000| Untracked 
|  80|0x000000008b000000, 0x000000008b000000, 0x000000008b100000|  0%| F|  |TAMS 0x000000008b000000, 0x000000008b000000| Untracked 
|  81|0x000000008b100000, 0x000000008b100000, 0x000000008b200000|  0%| F|  |TAMS 0x000000008b100000, 0x000000008b100000| Untracked 
|  82|0x000000008b200000, 0x000000008b200000, 0x000000008b300000|  0%| F|  |TAMS 0x000000008b200000, 0x000000008b200000| Untracked 
|  83|0x000000008b300000, 0x000000008b300000, 0x000000008b400000|  0%| F|  |TAMS 0x000000008b300000, 0x000000008b300000| Untracked 
|  84|0x000000008b400000, 0x000000008b400000, 0x000000008b500000|  0%| F|  |TAMS 0x000000008b400000, 0x000000008b400000| Untracked 
|  85|0x000000008b500000, 0x000000008b500000, 0x000000008b600000|  0%| F|  |TAMS 0x000000008b500000, 0x000000008b500000| Untracked 
|  86|0x000000008b600000, 0x000000008b600000, 0x000000008b700000|  0%| F|  |TAMS 0x000000008b600000, 0x000000008b600000| Untracked 
|  87|0x000000008b700000, 0x000000008b700000, 0x000000008b800000|  0%| F|  |TAMS 0x000000008b700000, 0x000000008b700000| Untracked 
|  88|0x000000008b800000, 0x000000008b800000, 0x000000008b900000|  0%| F|  |TAMS 0x000000008b800000, 0x000000008b800000| Untracked 
|  89|0x000000008b900000, 0x000000008b900000, 0x000000008ba00000|  0%| F|  |TAMS 0x000000008b900000, 0x000000008b900000| Untracked 
|  90|0x000000008ba00000, 0x000000008ba00000, 0x000000008bb00000|  0%| F|  |TAMS 0x000000008ba00000, 0x000000008ba00000| Untracked 
|  91|0x000000008bb00000, 0x000000008bb00000, 0x000000008bc00000|  0%| F|  |TAMS 0x000000008bb00000, 0x000000008bb00000| Untracked 
|  92|0x000000008bc00000, 0x000000008bc00000, 0x000000008bd00000|  0%| F|  |TAMS 0x000000008bc00000, 0x000000008bc00000| Untracked 
|  93|0x000000008bd00000, 0x000000008bd00000, 0x000000008be00000|  0%| F|  |TAMS 0x000000008bd00000, 0x000000008bd00000| Untracked 
|  94|0x000000008be00000, 0x000000008be00000, 0x000000008bf00000|  0%| F|  |TAMS 0x000000008be00000, 0x000000008be00000| Untracked 
|  95|0x000000008bf00000, 0x000000008bf00000, 0x000000008c000000|  0%| F|  |TAMS 0x000000008bf00000, 0x000000008bf00000| Untracked 
|  96|0x000000008c000000, 0x000000008c000000, 0x000000008c100000|  0%| F|  |TAMS 0x000000008c000000, 0x000000008c000000| Untracked 
|  97|0x000000008c100000, 0x000000008c100000, 0x000000008c200000|  0%| F|  |TAMS 0x000000008c100000, 0x000000008c100000| Untracked 
|  98|0x000000008c200000, 0x000000008c200000, 0x000000008c300000|  0%| F|  |TAMS 0x000000008c200000, 0x000000008c200000| Untracked 
|  99|0x000000008c300000, 0x000000008c300000, 0x000000008c400000|  0%| F|  |TAMS 0x000000008c300000, 0x000000008c300000| Untracked 
| 100|0x000000008c400000, 0x000000008c400000, 0x000000008c500000|  0%| F|  |TAMS 0x000000008c400000, 0x000000008c400000| Untracked 
| 101|0x000000008c500000, 0x000000008c500000, 0x000000008c600000|  0%| F|  |TAMS 0x000000008c500000, 0x000000008c500000| Untracked 
| 102|0x000000008c600000, 0x000000008c600000, 0x000000008c700000|  0%| F|  |TAMS 0x000000008c600000, 0x000000008c600000| Untracked 
| 103|0x000000008c700000, 0x000000008c700000, 0x000000008c800000|  0%| F|  |TAMS 0x000000008c700000, 0x000000008c700000| Untracked 
| 104|0x000000008c800000, 0x000000008c800000, 0x000000008c900000|  0%| F|  |TAMS 0x000000008c800000, 0x000000008c800000| Untracked 
| 105|0x000000008c900000, 0x000000008c900000, 0x000000008ca00000|  0%| F|  |TAMS 0x000000008c900000, 0x000000008c900000| Untracked 
| 106|0x000000008ca00000, 0x000000008ca00000, 0x000000008cb00000|  0%| F|  |TAMS 0x000000008ca00000, 0x000000008ca00000| Untracked 
| 107|0x000000008cb00000, 0x000000008cb00000, 0x000000008cc00000|  0%| F|  |TAMS 0x000000008cb00000, 0x000000008cb00000| Untracked 
| 108|0x000000008cc00000, 0x000000008cc00000, 0x000000008cd00000|  0%| F|  |TAMS 0x000000008cc00000, 0x000000008cc00000| Untracked 
| 109|0x000000008cd00000, 0x000000008cd00000, 0x000000008ce00000|  0%| F|  |TAMS 0x000000008cd00000, 0x000000008cd00000| Untracked 
| 110|0x000000008ce00000, 0x000000008ce7b640, 0x000000008cf00000| 48%| E|  |TAMS 0x000000008ce00000, 0x000000008ce00000| Complete 
| 111|0x000000008cf00000, 0x000000008d000000, 0x000000008d000000|100%| E|CS|TAMS 0x000000008cf00000, 0x000000008cf00000| Complete 
| 112|0x000000008d000000, 0x000000008d100000, 0x000000008d100000|100%| E|CS|TAMS 0x000000008d000000, 0x000000008d000000| Complete 
| 113|0x000000008d100000, 0x000000008d200000, 0x000000008d200000|100%| E|CS|TAMS 0x000000008d100000, 0x000000008d100000| Complete 
| 114|0x000000008d200000, 0x000000008d300000, 0x000000008d300000|100%| E|CS|TAMS 0x000000008d200000, 0x000000008d200000| Complete 
| 115|0x000000008d300000, 0x000000008d400000, 0x000000008d400000|100%| E|CS|TAMS 0x000000008d300000, 0x000000008d300000| Complete 
| 116|0x000000008d400000, 0x000000008d500000, 0x000000008d500000|100%| E|CS|TAMS 0x000000008d400000, 0x000000008d400000| Complete 
| 117|0x000000008d500000, 0x000000008d600000, 0x000000008d600000|100%| E|CS|TAMS 0x000000008d500000, 0x000000008d500000| Complete 
| 118|0x000000008d600000, 0x000000008d700000, 0x000000008d700000|100%| E|CS|TAMS 0x000000008d600000, 0x000000008d600000| Complete 
| 119|0x000000008d700000, 0x000000008d800000, 0x000000008d800000|100%| E|  |TAMS 0x000000008d700000, 0x000000008d700000| Complete 
| 120|0x000000008d800000, 0x000000008d900000, 0x000000008d900000|100%| E|CS|TAMS 0x000000008d800000, 0x000000008d800000| Complete 
| 121|0x000000008d900000, 0x000000008da00000, 0x000000008da00000|100%| E|CS|TAMS 0x000000008d900000, 0x000000008d900000| Complete 
|1950|0x00000000ffe00000, 0x00000000ffe48000, 0x00000000fff00000| 28%|OA|  |TAMS 0x00000000ffe00000, 0x00000000ffe00000| Untracked 
|1951|0x00000000fff00000, 0x00000000fff6c000, 0x0000000100000000| 42%|CA|  |TAMS 0x00000000fff00000, 0x00000000fff00000| Untracked 

Card table byte_map: [0x00007f18395fc000,0x00007f18399cc000] _byte_map_base: 0x00007f18391cc000

Marking Bits (Prev, Next): (CMBitMap*) 0x00007f1834058448, (CMBitMap*) 0x00007f1834058480
 Prev Bits: [0x00007f1816180000, 0x00007f1818000000)
 Next Bits: [0x00007f1814300000, 0x00007f1816180000)

Polling page: 0x00007f183c955000

Metaspace:

Usage:
  Non-class:      5.76 MB capacity,     3.29 MB ( 57%) used,     2.47 MB ( 43%) free+waste,     5.56 KB ( <1%) overhead. 
      Class:    681.00 KB capacity,   392.60 KB ( 58%) used,   285.52 KB ( 42%) free+waste,     2.88 KB ( <1%) overhead. 
       Both:      6.42 MB capacity,     3.67 MB ( 57%) used,     2.75 MB ( 43%) free+waste,     8.44 KB ( <1%) overhead. 

Virtual space:
  Non-class space:        8.00 MB reserved,       6.00 MB ( 75%) committed 
      Class space:        1.00 GB reserved,     768.00 KB ( <1%) committed 
             Both:        1.01 GB reserved,       6.75 MB ( <1%) committed 

Chunk freelists:
   Non-Class:  0 bytes
       Class:  0 bytes
        Both:  0 bytes

MaxMetaspaceSize: unlimited
CompressedClassSpaceSize: 1.00 GB
Initial GC threshold: 20.80 MB
Current GC threshold: 20.80 MB
CDS: on

CodeHeap 'non-profiled nmethods': size=119172Kb used=244Kb max_used=244Kb free=118927Kb
 bounds [0x00007f182435e000, 0x00007f18245ce000, 0x00007f182b7bf000]
CodeHeap 'profiled nmethods': size=119168Kb used=1729Kb max_used=1729Kb free=117438Kb
 bounds [0x00007f181cefe000, 0x00007f181d16e000, 0x00007f182435e000]
CodeHeap 'non-nmethods': size=7420Kb used=1710Kb max_used=1723Kb free=5710Kb
 bounds [0x00007f181c7bf000, 0x00007f181ca2f000, 0x00007f181cefe000]
 total_blobs=1344 nmethods=937 adapters=320
 compilation: enabled
              stopped_count=0, restarted_count=0
 full_count=0

Compilation events (20 events):
Event: 0.959 Thread 0x00007f183414d000 nmethod 919 0x00007f181d0ab290 code [0x00007f181d0ab460, 0x00007f181d0ab770]
Event: 0.959 Thread 0x00007f183414d000  920       3       java.util.AbstractCollection::addAll (42 bytes)
Event: 0.959 Thread 0x00007f183414d000 nmethod 920 0x00007f181d0ab890 code [0x00007f181d0aba80, 0x00007f181d0abfd0]
Event: 0.959 Thread 0x00007f17e408d800  921       3       org.bytedeco.javacpp.BytePointer::getString (12 bytes)
Event: 0.959 Thread 0x00007f183414d000  922       3       org.bytedeco.javacpp.BytePointer::getStringBytes (40 bytes)
Event: 0.959 Thread 0x00007f17e4091000  928       4       java.util.HashMap::getNode (148 bytes)
Event: 0.959 Thread 0x00007f17e408d800 nmethod 921 0x00007f181d0ac190 code [0x00007f181d0ac360, 0x00007f181d0ac5d0]
Event: 0.959 Thread 0x00007f17e408d800  924       3       java.lang.Math::min (12 bytes)
Event: 0.959 Thread 0x00007f17e408d800 nmethod 924 0x00007f181d0ac710 code [0x00007f181d0ac8c0, 0x00007f181d0ac9f0]
Event: 0.959 Thread 0x00007f17e408d800  925       3       org.bytedeco.javacpp.BytePointer::get (9 bytes)
Event: 0.959 Thread 0x00007f183414d000 nmethod 922 0x00007f181d0aca90 code [0x00007f181d0acc80, 0x00007f181d0ad050]
Event: 0.959 Thread 0x00007f17e408d800 nmethod 925 0x00007f181d0ad210 code [0x00007f181d0ad3c0, 0x00007f181d0ad520]
Event: 0.959 Thread 0x00007f17e408d800  929       3       java.util.HashMap::tableSizeFor (32 bytes)
Event: 0.959 Thread 0x00007f183414b000  930       4       java.util.HashMap$HashIterator::hasNext (13 bytes)
Event: 0.959 Thread 0x00007f17e408d800 nmethod 929 0x00007f181d0ad610 code [0x00007f181d0ad7e0, 0x00007f181d0ad9c0]
Event: 0.959 Thread 0x00007f183414d000  933       3       org.bytedeco.llvm.LLVM.LLVMValueRef::<init> (6 bytes)
Event: 0.959 Thread 0x00007f183414b000 nmethod 930 0x00007f1824399f10 code [0x00007f182439a0a0, 0x00007f182439a118]
Event: 0.959 Thread 0x00007f183414d000 nmethod 933 0x00007f181d0ada90 code [0x00007f181d0adc40, 0x00007f181d0add80]
Event: 0.959 Thread 0x00007f17e4092800 nmethod 916 0x00007f182439a210 code [0x00007f182439a3a0, 0x00007f182439a6b8]
Event: 0.960 Thread 0x00007f17e408d800  936       3       org.bytedeco.llvm.LLVM.LLVMBasicBlockRef::<init> (6 bytes)

GC Heap History (0 events):
No events

Deoptimization events (20 events):
Event: 0.476 Thread 0x00007f1834015800 DEOPT PACKING pc=0x00007f182436f02c sp=0x00007f183b0e0d30
Event: 0.476 Thread 0x00007f1834015800 DEOPT UNPACKING pc=0x00007f181c808ea5 sp=0x00007f183b0e0cb0 mode 2
Event: 0.544 Thread 0x00007f1834015800 DEOPT PACKING pc=0x00007f181cf56524 sp=0x00007f183b0e03f0
Event: 0.544 Thread 0x00007f1834015800 DEOPT UNPACKING pc=0x00007f181c80964a sp=0x00007f183b0df868 mode 0
Event: 0.584 Thread 0x00007f1834015800 DEOPT PACKING pc=0x00007f181cfdace2 sp=0x00007f183b0e14d0
Event: 0.584 Thread 0x00007f1834015800 DEOPT UNPACKING pc=0x00007f181c80964a sp=0x00007f183b0e0968 mode 0
Event: 0.796 Thread 0x00007f1834015800 DEOPT PACKING pc=0x00007f181cf35316 sp=0x00007f183b0dfde0
Event: 0.796 Thread 0x00007f1834015800 DEOPT UNPACKING pc=0x00007f181c80964a sp=0x00007f183b0df2f0 mode 0
Event: 0.921 Thread 0x00007f1834015800 Uncommon trap: trap_request=0xffffff76 fr.pc=0x00007f18243680e0 relative=0x0000000000000140
Event: 0.921 Thread 0x00007f1834015800 Uncommon trap: reason=loop_limit_check action=maybe_recompile pc=0x00007f18243680e0 method=java.lang.StringLatin1.lastIndexOf([BII)I @ 19 c2
Event: 0.921 Thread 0x00007f1834015800 DEOPT PACKING pc=0x00007f18243680e0 sp=0x00007f183b0e2280
Event: 0.921 Thread 0x00007f1834015800 DEOPT UNPACKING pc=0x00007f181c808ea5 sp=0x00007f183b0e2220 mode 2
Event: 0.942 Thread 0x00007f1834015800 Uncommon trap: trap_request=0xffffff4d fr.pc=0x00007f1824381440 relative=0x0000000000000200
Event: 0.942 Thread 0x00007f1834015800 Uncommon trap: reason=unstable_if action=reinterpret pc=0x00007f1824381440 method=java.util.HashMap.getNode(ILjava/lang/Object;)Ljava/util/HashMap$Node; @ 84 c2
Event: 0.942 Thread 0x00007f1834015800 DEOPT PACKING pc=0x00007f1824381440 sp=0x00007f183b0e2430
Event: 0.942 Thread 0x00007f1834015800 DEOPT UNPACKING pc=0x00007f181c808ea5 sp=0x00007f183b0e2360 mode 2
Event: 0.942 Thread 0x00007f1834015800 Uncommon trap: trap_request=0xffffff4d fr.pc=0x00007f182437f4f0 relative=0x00000000000001b0
Event: 0.942 Thread 0x00007f1834015800 Uncommon trap: reason=unstable_if action=reinterpret pc=0x00007f182437f4f0 method=java.util.HashMap.getNode(ILjava/lang/Object;)Ljava/util/HashMap$Node; @ 84 c2
Event: 0.942 Thread 0x00007f1834015800 DEOPT PACKING pc=0x00007f182437f4f0 sp=0x00007f183b0e23c0
Event: 0.942 Thread 0x00007f1834015800 DEOPT UNPACKING pc=0x00007f181c808ea5 sp=0x00007f183b0e2368 mode 2

Classes redefined (0 events):
No events

Internal exceptions (20 events):
Event: 0.559 Thread 0x00007f1834015800 Exception <a 'java/security/PrivilegedActionException'{0x000000008d349140}> (0x000000008d349140) thrown at [./src/hotspot/share/prims/jvm.cpp, line 1304]
Event: 0.559 Thread 0x00007f1834015800 Exception <a 'java/security/PrivilegedActionException'{0x000000008d349410}> (0x000000008d349410) thrown at [./src/hotspot/share/prims/jvm.cpp, line 1304]
Event: 0.559 Thread 0x00007f1834015800 Exception <a 'java/security/PrivilegedActionException'{0x000000008d349e20}> (0x000000008d349e20) thrown at [./src/hotspot/share/prims/jvm.cpp, line 1304]
Event: 0.559 Thread 0x00007f1834015800 Exception <a 'java/security/PrivilegedActionException'{0x000000008d34a0f0}> (0x000000008d34a0f0) thrown at [./src/hotspot/share/prims/jvm.cpp, line 1304]
Event: 0.559 Thread 0x00007f1834015800 Exception <a 'java/security/PrivilegedActionException'{0x000000008d34ab20}> (0x000000008d34ab20) thrown at [./src/hotspot/share/prims/jvm.cpp, line 1304]
Event: 0.559 Thread 0x00007f1834015800 Exception <a 'java/security/PrivilegedActionException'{0x000000008d34adf0}> (0x000000008d34adf0) thrown at [./src/hotspot/share/prims/jvm.cpp, line 1304]
Event: 0.559 Thread 0x00007f1834015800 Exception <a 'java/security/PrivilegedActionException'{0x000000008d34b808}> (0x000000008d34b808) thrown at [./src/hotspot/share/prims/jvm.cpp, line 1304]
Event: 0.559 Thread 0x00007f1834015800 Exception <a 'java/security/PrivilegedActionException'{0x000000008d34bad8}> (0x000000008d34bad8) thrown at [./src/hotspot/share/prims/jvm.cpp, line 1304]
Event: 0.559 Thread 0x00007f1834015800 Exception <a 'java/security/PrivilegedActionException'{0x000000008d34c4f0}> (0x000000008d34c4f0) thrown at [./src/hotspot/share/prims/jvm.cpp, line 1304]
Event: 0.559 Thread 0x00007f1834015800 Exception <a 'java/security/PrivilegedActionException'{0x000000008d34c7c0}> (0x000000008d34c7c0) thrown at [./src/hotspot/share/prims/jvm.cpp, line 1304]
Event: 0.559 Thread 0x00007f1834015800 Exception <a 'java/security/PrivilegedActionException'{0x000000008d34d1f8}> (0x000000008d34d1f8) thrown at [./src/hotspot/share/prims/jvm.cpp, line 1304]
Event: 0.559 Thread 0x00007f1834015800 Exception <a 'java/security/PrivilegedActionException'{0x000000008d34d4c8}> (0x000000008d34d4c8) thrown at [./src/hotspot/share/prims/jvm.cpp, line 1304]
Event: 0.559 Thread 0x00007f1834015800 Exception <a 'java/security/PrivilegedActionException'{0x000000008d34def8}> (0x000000008d34def8) thrown at [./src/hotspot/share/prims/jvm.cpp, line 1304]
Event: 0.559 Thread 0x00007f1834015800 Exception <a 'java/security/PrivilegedActionException'{0x000000008d34e1c8}> (0x000000008d34e1c8) thrown at [./src/hotspot/share/prims/jvm.cpp, line 1304]
Event: 0.559 Thread 0x00007f1834015800 Exception <a 'java/security/PrivilegedActionException'{0x000000008d34ec00}> (0x000000008d34ec00) thrown at [./src/hotspot/share/prims/jvm.cpp, line 1304]
Event: 0.559 Thread 0x00007f1834015800 Exception <a 'java/security/PrivilegedActionException'{0x000000008d34eed0}> (0x000000008d34eed0) thrown at [./src/hotspot/share/prims/jvm.cpp, line 1304]
Event: 0.559 Thread 0x00007f1834015800 Exception <a 'java/security/PrivilegedActionException'{0x000000008d34f8e8}> (0x000000008d34f8e8) thrown at [./src/hotspot/share/prims/jvm.cpp, line 1304]
Event: 0.559 Thread 0x00007f1834015800 Exception <a 'java/security/PrivilegedActionException'{0x000000008d34fbb8}> (0x000000008d34fbb8) thrown at [./src/hotspot/share/prims/jvm.cpp, line 1304]
Event: 0.559 Thread 0x00007f1834015800 Exception <a 'java/security/PrivilegedActionException'{0x000000008d350608}> (0x000000008d350608) thrown at [./src/hotspot/share/prims/jvm.cpp, line 1304]
Event: 0.559 Thread 0x00007f1834015800 Exception <a 'java/security/PrivilegedActionException'{0x000000008d3508d8}> (0x000000008d3508d8) thrown at [./src/hotspot/share/prims/jvm.cpp, line 1304]

Events (20 events):
Event: 0.932 loading class java/lang/invoke/BoundMethodHandle$Species_LLLLLLII
Event: 0.932 loading class java/lang/invoke/BoundMethodHandle$Species_LLLLLLII done
Event: 0.933 loading class java/lang/invoke/BoundMethodHandle$Species_LLLLLLIIL
Event: 0.933 loading class java/lang/invoke/BoundMethodHandle$Species_LLLLLLIIL done
Event: 0.940 loading class java/io/BufferedReader
Event: 0.940 loading class java/io/BufferedReader done
Event: 0.941 loading class java/util/regex/Pattern$Bound
Event: 0.941 loading class java/util/regex/Pattern$Bound done
Event: 0.943 loading class java/util/LinkedHashSet
Event: 0.943 loading class java/util/LinkedHashSet done
Event: 0.943 Executing VM operation: Deoptimize
Event: 0.943 Executing VM operation: Deoptimize done
Event: 0.943 loading class ConstValue
Event: 0.943 loading class ConstValue done
Event: 0.950 loading class ConstStatus
Event: 0.950 loading class ConstStatus done
Event: 0.956 loading class java/util/LinkedHashMap$LinkedKeySet
Event: 0.956 loading class java/util/LinkedHashMap$LinkedKeySet done
Event: 0.956 loading class java/util/LinkedHashMap$LinkedKeyIterator
Event: 0.956 loading class java/util/LinkedHashMap$LinkedKeyIterator done


Dynamic libraries:
86000000-8da00000 rw-p 00000000 00:00 0 
8da00000-ffe00000 ---p 00000000 00:00 0 
ffe00000-ffe48000 rw-p 00b14000 08:20 29394                              /usr/lib/jvm/java-11-openjdk-amd64/lib/server/classes.jsa
ffe48000-fff00000 rw-p 00000000 00:00 0 
fff00000-fff6c000 rw-p 00aa8000 08:20 29394                              /usr/lib/jvm/java-11-openjdk-amd64/lib/server/classes.jsa
fff6c000-100000000 rw-p 00000000 00:00 0 
800000000-800002000 rwxp 00001000 08:20 29394                            /usr/lib/jvm/java-11-openjdk-amd64/lib/server/classes.jsa
800002000-8003ce000 rw-p 00003000 08:20 29394                            /usr/lib/jvm/java-11-openjdk-amd64/lib/server/classes.jsa
8003ce000-800aa6000 r--p 003cf000 08:20 29394                            /usr/lib/jvm/java-11-openjdk-amd64/lib/server/classes.jsa
800aa6000-800aa7000 rw-p 00aa7000 08:20 29394                            /usr/lib/jvm/java-11-openjdk-amd64/lib/server/classes.jsa
840000000-8400c0000 rw-p 00000000 00:00 0 
8400c0000-880000000 ---p 00000000 00:00 0 
55dd95569000-55dd9556a000 r--p 00000000 08:20 58380                      /usr/lib/jvm/java-11-openjdk-amd64/bin/java
55dd9556a000-55dd9556b000 r-xp 00001000 08:20 58380                      /usr/lib/jvm/java-11-openjdk-amd64/bin/java
55dd9556b000-55dd9556c000 r--p 00002000 08:20 58380                      /usr/lib/jvm/java-11-openjdk-amd64/bin/java
55dd9556c000-55dd9556d000 r--p 00002000 08:20 58380                      /usr/lib/jvm/java-11-openjdk-amd64/bin/java
55dd9556d000-55dd9556e000 rw-p 00003000 08:20 58380                      /usr/lib/jvm/java-11-openjdk-amd64/bin/java
55dda201e000-55dda203f000 rw-p 00000000 00:00 0                          [heap]
7f17bd52c000-7f17bde52000 r--p 00000000 08:20 227212                     /home/itshandable/.javacpp/cache/llvm-13.0.1-1.5.7-linux-x86_64.jar/org/bytedeco/llvm/linux-x86_64/libLLVM-13.so
7f17bde52000-7f17c1815000 r-xp 00926000 08:20 227212                     /home/itshandable/.javacpp/cache/llvm-13.0.1-1.5.7-linux-x86_64.jar/org/bytedeco/llvm/linux-x86_64/libLLVM-13.so
7f17c1815000-7f17c3a6a000 r--p 042e9000 08:20 227212                     /home/itshandable/.javacpp/cache/llvm-13.0.1-1.5.7-linux-x86_64.jar/org/bytedeco/llvm/linux-x86_64/libLLVM-13.so
7f17c3a6a000-7f17c3f7f000 r--p 0653d000 08:20 227212                     /home/itshandable/.javacpp/cache/llvm-13.0.1-1.5.7-linux-x86_64.jar/org/bytedeco/llvm/linux-x86_64/libLLVM-13.so
7f17c3f7f000-7f17c3f8a000 rw-p 06a52000 08:20 227212                     /home/itshandable/.javacpp/cache/llvm-13.0.1-1.5.7-linux-x86_64.jar/org/bytedeco/llvm/linux-x86_64/libLLVM-13.so
7f17c3f8a000-7f17c4000000 rw-p 00000000 00:00 0 
7f17c4000000-7f17c4084000 rw-p 00000000 00:00 0 
7f17c4084000-7f17c8000000 ---p 00000000 00:00 0 
7f17cc000000-7f17cc021000 rw-p 00000000 00:00 0 
7f17cc021000-7f17d0000000 ---p 00000000 00:00 0 
7f17d0000000-7f17d0025000 rw-p 00000000 00:00 0 
7f17d0025000-7f17d4000000 ---p 00000000 00:00 0 
7f17d4000000-7f17d4021000 rw-p 00000000 00:00 0 
7f17d4021000-7f17d8000000 ---p 00000000 00:00 0 
7f17d8000000-7f17d8021000 rw-p 00000000 00:00 0 
7f17d8021000-7f17dc000000 ---p 00000000 00:00 0 
7f17dc000000-7f17dc021000 rw-p 00000000 00:00 0 
7f17dc021000-7f17e0000000 ---p 00000000 00:00 0 
7f17e0000000-7f17e016a000 rw-p 00000000 00:00 0 
7f17e016a000-7f17e4000000 ---p 00000000 00:00 0 
7f17e4000000-7f17e40e5000 rw-p 00000000 00:00 0 
7f17e40e5000-7f17e8000000 ---p 00000000 00:00 0 
7f17e8000000-7f17e8456000 rw-p 00000000 00:00 0 
7f17e8456000-7f17ec000000 ---p 00000000 00:00 0 
7f17ec000000-7f17ec021000 rw-p 00000000 00:00 0 
7f17ec021000-7f17f0000000 ---p 00000000 00:00 0 
7f17f0000000-7f17f0021000 rw-p 00000000 00:00 0 
7f17f0021000-7f17f4000000 ---p 00000000 00:00 0 
7f17f4000000-7f17f4021000 rw-p 00000000 00:00 0 
7f17f4021000-7f17f8000000 ---p 00000000 00:00 0 
7f17f8000000-7f17f8021000 rw-p 00000000 00:00 0 
7f17f8021000-7f17fc000000 ---p 00000000 00:00 0 
7f17fc000000-7f17fc021000 rw-p 00000000 00:00 0 
7f17fc021000-7f1800000000 ---p 00000000 00:00 0 
7f1800000000-7f1800021000 rw-p 00000000 00:00 0 
7f1800021000-7f1804000000 ---p 00000000 00:00 0 
7f1804000000-7f1804021000 rw-p 00000000 00:00 0 
7f1804021000-7f1808000000 ---p 00000000 00:00 0 
7f1808000000-7f1808021000 rw-p 00000000 00:00 0 
7f1808021000-7f180c000000 ---p 00000000 00:00 0 
7f180cfe6000-7f180d04b000 r--p 00000000 08:20 227234                     /home/itshandable/.javacpp/cache/llvm-13.0.1-1.5.7-linux-x86_64.jar/org/bytedeco/llvm/linux-x86_64/libjniLLVM.so
7f180d04b000-7f180d0b9000 r-xp 00065000 08:20 227234                     /home/itshandable/.javacpp/cache/llvm-13.0.1-1.5.7-linux-x86_64.jar/org/bytedeco/llvm/linux-x86_64/libjniLLVM.so
7f180d0b9000-7f180d0e4000 r--p 000d3000 08:20 227234                     /home/itshandable/.javacpp/cache/llvm-13.0.1-1.5.7-linux-x86_64.jar/org/bytedeco/llvm/linux-x86_64/libjniLLVM.so
7f180d0e4000-7f180d0e7000 r--p 000fd000 08:20 227234                     /home/itshandable/.javacpp/cache/llvm-13.0.1-1.5.7-linux-x86_64.jar/org/bytedeco/llvm/linux-x86_64/libjniLLVM.so
7f180d0e7000-7f180d0ea000 rw-p 00100000 08:20 227234                     /home/itshandable/.javacpp/cache/llvm-13.0.1-1.5.7-linux-x86_64.jar/org/bytedeco/llvm/linux-x86_64/libjniLLVM.so
7f180d0ea000-7f180d0ec000 rw-p 00000000 00:00 0 
7f180d0ec000-7f180d0f3000 r--p 00000000 08:20 227217                     /home/itshandable/.javacpp/cache/llvm-13.0.1-1.5.7-linux-x86_64.jar/org/bytedeco/llvm/linux-x86_64/libLTO.so.13
7f180d0f3000-7f180d0fb000 r-xp 00007000 08:20 227217                     /home/itshandable/.javacpp/cache/llvm-13.0.1-1.5.7-linux-x86_64.jar/org/bytedeco/llvm/linux-x86_64/libLTO.so.13
7f180d0fb000-7f180d0fd000 r--p 0000f000 08:20 227217                     /home/itshandable/.javacpp/cache/llvm-13.0.1-1.5.7-linux-x86_64.jar/org/bytedeco/llvm/linux-x86_64/libLTO.so.13
7f180d0fd000-7f180d0fe000 r--p 00010000 08:20 227217                     /home/itshandable/.javacpp/cache/llvm-13.0.1-1.5.7-linux-x86_64.jar/org/bytedeco/llvm/linux-x86_64/libLTO.so.13
7f180d0fe000-7f180d0ff000 rw-p 00011000 08:20 227217                     /home/itshandable/.javacpp/cache/llvm-13.0.1-1.5.7-linux-x86_64.jar/org/bytedeco/llvm/linux-x86_64/libLTO.so.13
7f180d0ff000-7f180d103000 ---p 00000000 00:00 0 
7f180d103000-7f180d1ff000 rw-p 00000000 00:00 0 
7f180d1ff000-7f180d203000 ---p 00000000 00:00 0 
7f180d203000-7f180d2ff000 rw-p 00000000 00:00 0 
7f180d2ff000-7f180d303000 ---p 00000000 00:00 0 
7f180d303000-7f180d3ff000 rw-p 00000000 00:00 0 
7f180d3ff000-7f180d403000 ---p 00000000 00:00 0 
7f180d403000-7f180d4ff000 rw-p 00000000 00:00 0 
7f180d4ff000-7f180d500000 ---p 00000000 00:00 0 
7f180d500000-7f180d600000 rw-p 00000000 00:00 0 
7f180d600000-7f180d604000 ---p 00000000 00:00 0 
7f180d604000-7f180d700000 rw-p 00000000 00:00 0 
7f180d700000-7f180d704000 ---p 00000000 00:00 0 
7f180d704000-7f180de00000 rw-p 00000000 00:00 0 
7f180de00000-7f180e000000 ---p 00000000 00:00 0 
7f180e000000-7f1810000000 rw-p 00000000 00:00 0 
7f1810000000-7f1810021000 rw-p 00000000 00:00 0 
7f1810021000-7f1814000000 ---p 00000000 00:00 0 
7f1814000000-7f1814004000 ---p 00000000 00:00 0 
7f1814004000-7f1814100000 rw-p 00000000 00:00 0 
7f1814100000-7f1814104000 ---p 00000000 00:00 0 
7f1814104000-7f1814200000 rw-p 00000000 00:00 0 
7f1814200000-7f1814204000 ---p 00000000 00:00 0 
7f1814204000-7f18144e8000 rw-p 00000000 00:00 0 
7f18144e8000-7f1816178000 ---p 00000000 00:00 0 
7f1816178000-7f1816368000 rw-p 00000000 00:00 0 
7f1816368000-7f1817ff8000 ---p 00000000 00:00 0 
7f1817ff8000-7f1818000000 rw-p 00000000 00:00 0 
7f1818000000-7f1818021000 rw-p 00000000 00:00 0 
7f1818021000-7f181c000000 ---p 00000000 00:00 0 
7f181c011000-7f181c012000 r--p 00000000 08:20 64938                      /usr/lib/x86_64-linux-gnu/libdl.so.2
7f181c012000-7f181c013000 r-xp 00001000 08:20 64938                      /usr/lib/x86_64-linux-gnu/libdl.so.2
7f181c013000-7f181c014000 r--p 00002000 08:20 64938                      /usr/lib/x86_64-linux-gnu/libdl.so.2
7f181c014000-7f181c015000 r--p 00002000 08:20 64938                      /usr/lib/x86_64-linux-gnu/libdl.so.2
7f181c015000-7f181c016000 rw-p 00003000 08:20 64938                      /usr/lib/x86_64-linux-gnu/libdl.so.2
7f181c016000-7f181c017000 r--p 00000000 08:20 64948                      /usr/lib/x86_64-linux-gnu/libpthread.so.0
7f181c017000-7f181c018000 r-xp 00001000 08:20 64948                      /usr/lib/x86_64-linux-gnu/libpthread.so.0
7f181c018000-7f181c019000 r--p 00002000 08:20 64948                      /usr/lib/x86_64-linux-gnu/libpthread.so.0
7f181c019000-7f181c01a000 r--p 00002000 08:20 64948                      /usr/lib/x86_64-linux-gnu/libpthread.so.0
7f181c01a000-7f181c01b000 rw-p 00003000 08:20 64948                      /usr/lib/x86_64-linux-gnu/libpthread.so.0
7f181c024000-7f181c025000 r--p 00000000 08:20 227228                     /home/itshandable/.javacpp/cache/llvm-13.0.1-1.5.7-linux-x86_64.jar/org/bytedeco/llvm/linux-x86_64/libRemarks.so.13
7f181c025000-7f181c026000 r-xp 00001000 08:20 227228                     /home/itshandable/.javacpp/cache/llvm-13.0.1-1.5.7-linux-x86_64.jar/org/bytedeco/llvm/linux-x86_64/libRemarks.so.13
7f181c026000-7f181c027000 r--p 00002000 08:20 227228                     /home/itshandable/.javacpp/cache/llvm-13.0.1-1.5.7-linux-x86_64.jar/org/bytedeco/llvm/linux-x86_64/libRemarks.so.13
7f181c027000-7f181c028000 r--p 00002000 08:20 227228                     /home/itshandable/.javacpp/cache/llvm-13.0.1-1.5.7-linux-x86_64.jar/org/bytedeco/llvm/linux-x86_64/libRemarks.so.13
7f181c028000-7f181c029000 rw-p 00003000 08:20 227228                     /home/itshandable/.javacpp/cache/llvm-13.0.1-1.5.7-linux-x86_64.jar/org/bytedeco/llvm/linux-x86_64/libRemarks.so.13
7f181c029000-7f181c02d000 r--p 00000000 08:20 227196                     /home/itshandable/.javacpp/cache/javacpp-1.5.7-linux-x86_64.jar/org/bytedeco/javacpp/linux-x86_64/libjnijavacpp.so
7f181c02d000-7f181c034000 r-xp 00004000 08:20 227196                     /home/itshandable/.javacpp/cache/javacpp-1.5.7-linux-x86_64.jar/org/bytedeco/javacpp/linux-x86_64/libjnijavacpp.so
7f181c034000-7f181c038000 r--p 0000b000 08:20 227196                     /home/itshandable/.javacpp/cache/javacpp-1.5.7-linux-x86_64.jar/org/bytedeco/javacpp/linux-x86_64/libjnijavacpp.so
7f181c038000-7f181c039000 r--p 0000e000 08:20 227196                     /home/itshandable/.javacpp/cache/javacpp-1.5.7-linux-x86_64.jar/org/bytedeco/javacpp/linux-x86_64/libjnijavacpp.so
7f181c039000-7f181c03a000 rw-p 0000f000 08:20 227196                     /home/itshandable/.javacpp/cache/javacpp-1.5.7-linux-x86_64.jar/org/bytedeco/javacpp/linux-x86_64/libjnijavacpp.so
7f181c03a000-7f181c06b000 rw-p 00000000 00:00 0 
7f181c06b000-7f181c06f000 r--p 00000000 08:20 58728                      /usr/lib/jvm/java-11-openjdk-amd64/lib/libnet.so
7f181c06f000-7f181c07d000 r-xp 00004000 08:20 58728                      /usr/lib/jvm/java-11-openjdk-amd64/lib/libnet.so
7f181c07d000-7f181c081000 r--p 00012000 08:20 58728                      /usr/lib/jvm/java-11-openjdk-amd64/lib/libnet.so
7f181c081000-7f181c082000 r--p 00015000 08:20 58728                      /usr/lib/jvm/java-11-openjdk-amd64/lib/libnet.so
7f181c082000-7f181c083000 rw-p 00016000 08:20 58728                      /usr/lib/jvm/java-11-openjdk-amd64/lib/libnet.so
7f181c083000-7f181c08a000 r--p 00000000 08:20 58729                      /usr/lib/jvm/java-11-openjdk-amd64/lib/libnio.so
7f181c08a000-7f181c092000 r-xp 00007000 08:20 58729                      /usr/lib/jvm/java-11-openjdk-amd64/lib/libnio.so
7f181c092000-7f181c095000 r--p 0000f000 08:20 58729                      /usr/lib/jvm/java-11-openjdk-amd64/lib/libnio.so
7f181c095000-7f181c096000 r--p 00011000 08:20 58729                      /usr/lib/jvm/java-11-openjdk-amd64/lib/libnio.so
7f181c096000-7f181c097000 rw-p 00012000 08:20 58729                      /usr/lib/jvm/java-11-openjdk-amd64/lib/libnio.so
7f181c097000-7f181c09b000 ---p 00000000 00:00 0 
7f181c09b000-7f181c197000 rw-p 00000000 00:00 0 
7f181c197000-7f181c19b000 ---p 00000000 00:00 0 
7f181c19b000-7f181c297000 rw-p 00000000 00:00 0 
7f181c297000-7f181c29b000 ---p 00000000 00:00 0 
7f181c29b000-7f181c397000 rw-p 00000000 00:00 0 
7f181c397000-7f181c398000 ---p 00000000 00:00 0 
7f181c398000-7f181c5bd000 rw-p 00000000 00:00 0 
7f181c5bd000-7f181c5be000 ---p 00000000 00:00 0 
7f181c5be000-7f181c6be000 rw-p 00000000 00:00 0 
7f181c6be000-7f181c6bf000 ---p 00000000 00:00 0 
7f181c6bf000-7f181c7bf000 rw-p 00000000 00:00 0 
7f181c7bf000-7f181ca2f000 rwxp 00000000 00:00 0 
7f181ca2f000-7f181cefe000 ---p 00000000 00:00 0 
7f181cefe000-7f181d16e000 rwxp 00000000 00:00 0 
7f181d16e000-7f182435e000 ---p 00000000 00:00 0 
7f182435e000-7f18245ce000 rwxp 00000000 00:00 0 
7f18245ce000-7f182b7bf000 ---p 00000000 00:00 0 
7f182b7bf000-7f1834000000 r--s 00000000 08:20 58738                      /usr/lib/jvm/java-11-openjdk-amd64/lib/modules
7f1834000000-7f183437c000 rw-p 00000000 00:00 0 
7f183437c000-7f1838000000 ---p 00000000 00:00 0 
7f1838002000-7f1838f32000 rw-p 00000000 00:00 0 
7f1838f32000-7f1838f33000 ---p 00000000 00:00 0 
7f1838f33000-7f1839033000 rw-p 00000000 00:00 0 
7f1839033000-7f1839034000 ---p 00000000 00:00 0 
7f1839034000-7f1839269000 rw-p 00000000 00:00 0 
7f1839269000-7f18395fb000 ---p 00000000 00:00 0 
7f18395fb000-7f1839639000 rw-p 00000000 00:00 0 
7f1839639000-7f18399cb000 ---p 00000000 00:00 0 
7f18399cb000-7f1839a09000 rw-p 00000000 00:00 0 
7f1839a09000-7f1839d9b000 ---p 00000000 00:00 0 
7f1839d9b000-7f183acab000 rw-p 00000000 00:00 0 
7f183acab000-7f183acac000 ---p 00000000 00:00 0 
7f183acac000-7f183adb1000 rw-p 00000000 00:00 0 
7f183adb1000-7f183ae95000 ---p 00000000 00:00 0 
7f183ae95000-7f183ae9a000 rw-p 00000000 00:00 0 
7f183ae9a000-7f183af7e000 ---p 00000000 00:00 0 
7f183af7e000-7f183af83000 rw-p 00000000 00:00 0 
7f183af83000-7f183af8d000 ---p 00000000 00:00 0 
7f183af8d000-7f183af8f000 r--p 00000000 08:20 58737                      /usr/lib/jvm/java-11-openjdk-amd64/lib/libzip.so
7f183af8f000-7f183af94000 r-xp 00002000 08:20 58737                      /usr/lib/jvm/java-11-openjdk-amd64/lib/libzip.so
7f183af94000-7f183af96000 r--p 00007000 08:20 58737                      /usr/lib/jvm/java-11-openjdk-amd64/lib/libzip.so
7f183af96000-7f183af97000 r--p 00008000 08:20 58737                      /usr/lib/jvm/java-11-openjdk-amd64/lib/libzip.so
7f183af97000-7f183af98000 rw-p 00009000 08:20 58737                      /usr/lib/jvm/java-11-openjdk-amd64/lib/libzip.so
7f183af98000-7f183afa0000 rw-s 00000000 08:20 2331                       /tmp/hsperfdata_itshandable/8689
7f183afa0000-7f183afae000 r--p 00000000 08:20 58717                      /usr/lib/jvm/java-11-openjdk-amd64/lib/libjava.so
7f183afae000-7f183afc4000 r-xp 0000e000 08:20 58717                      /usr/lib/jvm/java-11-openjdk-amd64/lib/libjava.so
7f183afc4000-7f183afcb000 r--p 00024000 08:20 58717                      /usr/lib/jvm/java-11-openjdk-amd64/lib/libjava.so
7f183afcb000-7f183afcc000 r--p 0002a000 08:20 58717                      /usr/lib/jvm/java-11-openjdk-amd64/lib/libjava.so
7f183afcc000-7f183afcd000 rw-p 0002b000 08:20 58717                      /usr/lib/jvm/java-11-openjdk-amd64/lib/libjava.so
7f183afcd000-7f183afce000 rw-p 00000000 00:00 0 
7f183afce000-7f183afd3000 r--p 00000000 08:20 58736                      /usr/lib/jvm/java-11-openjdk-amd64/lib/libverify.so
7f183afd3000-7f183afda000 r-xp 00005000 08:20 58736                      /usr/lib/jvm/java-11-openjdk-amd64/lib/libverify.so
7f183afda000-7f183afdc000 r--p 0000c000 08:20 58736                      /usr/lib/jvm/java-11-openjdk-amd64/lib/libverify.so
7f183afdc000-7f183afde000 r--p 0000d000 08:20 58736                      /usr/lib/jvm/java-11-openjdk-amd64/lib/libverify.so
7f183afde000-7f183afdf000 rw-p 0000f000 08:20 58736                      /usr/lib/jvm/java-11-openjdk-amd64/lib/libverify.so
7f183afdf000-7f183afe0000 r--p 00000000 08:20 64951                      /usr/lib/x86_64-linux-gnu/librt.so.1
7f183afe0000-7f183afe1000 r-xp 00001000 08:20 64951                      /usr/lib/x86_64-linux-gnu/librt.so.1
7f183afe1000-7f183afe2000 r--p 00002000 08:20 64951                      /usr/lib/x86_64-linux-gnu/librt.so.1
7f183afe2000-7f183afe3000 r--p 00002000 08:20 64951                      /usr/lib/x86_64-linux-gnu/librt.so.1
7f183afe3000-7f183afe4000 rw-p 00003000 08:20 64951                      /usr/lib/x86_64-linux-gnu/librt.so.1
7f183afe4000-7f183afe8000 ---p 00000000 00:00 0 
7f183afe8000-7f183b0e4000 rw-p 00000000 00:00 0 
7f183b0e4000-7f183b0e7000 r--p 00000000 08:20 6709                       /usr/lib/x86_64-linux-gnu/libgcc_s.so.1
7f183b0e7000-7f183b0fe000 r-xp 00003000 08:20 6709                       /usr/lib/x86_64-linux-gnu/libgcc_s.so.1
7f183b0fe000-7f183b102000 r--p 0001a000 08:20 6709                       /usr/lib/x86_64-linux-gnu/libgcc_s.so.1
7f183b102000-7f183b103000 r--p 0001d000 08:20 6709                       /usr/lib/x86_64-linux-gnu/libgcc_s.so.1
7f183b103000-7f183b104000 rw-p 0001e000 08:20 6709                       /usr/lib/x86_64-linux-gnu/libgcc_s.so.1
7f183b104000-7f183b112000 r--p 00000000 08:20 64939                      /usr/lib/x86_64-linux-gnu/libm.so.6
7f183b112000-7f183b18e000 r-xp 0000e000 08:20 64939                      /usr/lib/x86_64-linux-gnu/libm.so.6
7f183b18e000-7f183b1e9000 r--p 0008a000 08:20 64939                      /usr/lib/x86_64-linux-gnu/libm.so.6
7f183b1e9000-7f183b1ea000 r--p 000e4000 08:20 64939                      /usr/lib/x86_64-linux-gnu/libm.so.6
7f183b1ea000-7f183b1eb000 rw-p 000e5000 08:20 64939                      /usr/lib/x86_64-linux-gnu/libm.so.6
7f183b1eb000-7f183b285000 r--p 00000000 08:20 6947                       /usr/lib/x86_64-linux-gnu/libstdc++.so.6.0.30
7f183b285000-7f183b396000 r-xp 0009a000 08:20 6947                       /usr/lib/x86_64-linux-gnu/libstdc++.so.6.0.30
7f183b396000-7f183b405000 r--p 001ab000 08:20 6947                       /usr/lib/x86_64-linux-gnu/libstdc++.so.6.0.30
7f183b405000-7f183b406000 ---p 0021a000 08:20 6947                       /usr/lib/x86_64-linux-gnu/libstdc++.so.6.0.30
7f183b406000-7f183b411000 r--p 0021a000 08:20 6947                       /usr/lib/x86_64-linux-gnu/libstdc++.so.6.0.30
7f183b411000-7f183b414000 rw-p 00225000 08:20 6947                       /usr/lib/x86_64-linux-gnu/libstdc++.so.6.0.30
7f183b414000-7f183b417000 rw-p 00000000 00:00 0 
7f183b417000-7f183b69a000 r--p 00000000 08:20 58741                      /usr/lib/jvm/java-11-openjdk-amd64/lib/server/libjvm.so
7f183b69a000-7f183c345000 r-xp 00283000 08:20 58741                      /usr/lib/jvm/java-11-openjdk-amd64/lib/server/libjvm.so
7f183c345000-7f183c5a1000 r--p 00f2e000 08:20 58741                      /usr/lib/jvm/java-11-openjdk-amd64/lib/server/libjvm.so
7f183c5a1000-7f183c665000 r--p 01189000 08:20 58741                      /usr/lib/jvm/java-11-openjdk-amd64/lib/server/libjvm.so
7f183c665000-7f183c6a0000 rw-p 0124d000 08:20 58741                      /usr/lib/jvm/java-11-openjdk-amd64/lib/server/libjvm.so
7f183c6a0000-7f183c6fa000 rw-p 00000000 00:00 0 
7f183c6fa000-7f183c722000 r--p 00000000 08:20 64935                      /usr/lib/x86_64-linux-gnu/libc.so.6
7f183c722000-7f183c8b7000 r-xp 00028000 08:20 64935                      /usr/lib/x86_64-linux-gnu/libc.so.6
7f183c8b7000-7f183c90f000 r--p 001bd000 08:20 64935                      /usr/lib/x86_64-linux-gnu/libc.so.6
7f183c90f000-7f183c910000 ---p 00215000 08:20 64935                      /usr/lib/x86_64-linux-gnu/libc.so.6
7f183c910000-7f183c914000 r--p 00215000 08:20 64935                      /usr/lib/x86_64-linux-gnu/libc.so.6
7f183c914000-7f183c916000 rw-p 00219000 08:20 64935                      /usr/lib/x86_64-linux-gnu/libc.so.6
7f183c916000-7f183c923000 rw-p 00000000 00:00 0 
7f183c923000-7f183c926000 r--p 00000000 08:20 58702                      /usr/lib/jvm/java-11-openjdk-amd64/lib/jli/libjli.so
7f183c926000-7f183c930000 r-xp 00003000 08:20 58702                      /usr/lib/jvm/java-11-openjdk-amd64/lib/jli/libjli.so
7f183c930000-7f183c933000 r--p 0000d000 08:20 58702                      /usr/lib/jvm/java-11-openjdk-amd64/lib/jli/libjli.so
7f183c933000-7f183c934000 ---p 00010000 08:20 58702                      /usr/lib/jvm/java-11-openjdk-amd64/lib/jli/libjli.so
7f183c934000-7f183c935000 r--p 00010000 08:20 58702                      /usr/lib/jvm/java-11-openjdk-amd64/lib/jli/libjli.so
7f183c935000-7f183c936000 rw-p 00011000 08:20 58702                      /usr/lib/jvm/java-11-openjdk-amd64/lib/jli/libjli.so
7f183c936000-7f183c938000 r--p 00000000 08:20 6997                       /usr/lib/x86_64-linux-gnu/libz.so.1.2.11
7f183c938000-7f183c949000 r-xp 00002000 08:20 6997                       /usr/lib/x86_64-linux-gnu/libz.so.1.2.11
7f183c949000-7f183c94f000 r--p 00013000 08:20 6997                       /usr/lib/x86_64-linux-gnu/libz.so.1.2.11
7f183c94f000-7f183c950000 ---p 00019000 08:20 6997                       /usr/lib/x86_64-linux-gnu/libz.so.1.2.11
7f183c950000-7f183c951000 r--p 00019000 08:20 6997                       /usr/lib/x86_64-linux-gnu/libz.so.1.2.11
7f183c951000-7f183c952000 rw-p 0001a000 08:20 6997                       /usr/lib/x86_64-linux-gnu/libz.so.1.2.11
7f183c955000-7f183c956000 ---p 00000000 00:00 0 
7f183c956000-7f183c957000 r--p 00000000 00:00 0 
7f183c957000-7f183c959000 r--p 00000000 08:20 58720                      /usr/lib/jvm/java-11-openjdk-amd64/lib/libjimage.so
7f183c959000-7f183c95c000 r-xp 00002000 08:20 58720                      /usr/lib/jvm/java-11-openjdk-amd64/lib/libjimage.so
7f183c95c000-7f183c95d000 r--p 00005000 08:20 58720                      /usr/lib/jvm/java-11-openjdk-amd64/lib/libjimage.so
7f183c95d000-7f183c95e000 ---p 00006000 08:20 58720                      /usr/lib/jvm/java-11-openjdk-amd64/lib/libjimage.so
7f183c95e000-7f183c95f000 r--p 00006000 08:20 58720                      /usr/lib/jvm/java-11-openjdk-amd64/lib/libjimage.so
7f183c95f000-7f183c960000 rw-p 00007000 08:20 58720                      /usr/lib/jvm/java-11-openjdk-amd64/lib/libjimage.so
7f183c960000-7f183c962000 rw-p 00000000 00:00 0 
7f183c962000-7f183c964000 r--p 00000000 08:20 64930                      /usr/lib/x86_64-linux-gnu/ld-linux-x86-64.so.2
7f183c964000-7f183c98e000 r-xp 00002000 08:20 64930                      /usr/lib/x86_64-linux-gnu/ld-linux-x86-64.so.2
7f183c98e000-7f183c999000 r--p 0002c000 08:20 64930                      /usr/lib/x86_64-linux-gnu/ld-linux-x86-64.so.2
7f183c99a000-7f183c99c000 r--p 00037000 08:20 64930                      /usr/lib/x86_64-linux-gnu/ld-linux-x86-64.so.2
7f183c99c000-7f183c99e000 rw-p 00039000 08:20 64930                      /usr/lib/x86_64-linux-gnu/ld-linux-x86-64.so.2
7fffce82c000-7fffce84d000 rw-p 00000000 00:00 0                          [stack]
7fffce9ac000-7fffce9b0000 r--p 00000000 00:00 0                          [vvar]
7fffce9b0000-7fffce9b2000 r-xp 00000000 00:00 0                          [vdso]


VM Arguments:
jvm_args: -Djava.library.path=\\wsl.localhost\Ubuntu\usr\local\lib -Dfile.encoding=UTF-8 
java_command: Main tests/test.sysy tests/test.arm test tests/test.ll
java_class_path (initial): /mnt/e/codes/compiler-principle/Lab_backtrace/Lab/out/production/Lab:/usr/local/lib/antlr-4.9.1-complete.jar:/usr/local/lib/javacpp/javacpp-1.5.7.jar:/usr/local/lib/javacpp/javacpp-1.5.7-linux-x86_64.jar:/usr/local/lib/llvm/llvm-13.0.1-1.5.7.jar:/usr/local/lib/llvm/llvm-13.0.1-1.5.7-linux-x86_64.jar:/usr/local/lib/llvm-platform/llvm-platform-13.0.1-1.5.7.jar:/usr/local/lib/llvm4j/kotlin-stdlib-1.9.0.jar:/usr/local/lib/llvm4j/llvm4j-0.1.2-SNAPSHOT.jar:/usr/local/lib/rars/rars.jar
Launcher Type: SUN_STANDARD

[Global flags]
     intx CICompilerCount                          = 12                                        {product} {ergonomic}
     uint ConcGCThreads                            = 4                                         {product} {ergonomic}
     uint G1ConcRefinementThreads                  = 15                                        {product} {ergonomic}
   size_t G1HeapRegionSize                         = 1048576                                   {product} {ergonomic}
    uintx GCDrainStackTargetSize                   = 64                                        {product} {ergonomic}
   size_t InitialHeapSize                          = 127926272                                 {product} {ergonomic}
   size_t MarkStackSize                            = 4194304                                   {product} {ergonomic}
   size_t MaxHeapSize                              = 2046820352                                {product} {ergonomic}
   size_t MaxNewSize                               = 1227882496                                {product} {ergonomic}
   size_t MinHeapDeltaBytes                        = 1048576                                   {product} {ergonomic}
    uintx NonNMethodCodeHeapSize                   = 7594288                                {pd product} {ergonomic}
    uintx NonProfiledCodeHeapSize                  = 122031976                              {pd product} {ergonomic}
    uintx ProfiledCodeHeapSize                     = 122031976                              {pd product} {ergonomic}
    uintx ReservedCodeCacheSize                    = 251658240                              {pd product} {ergonomic}
     bool SegmentedCodeCache                       = true                                      {product} {ergonomic}
     bool UseCompressedClassPointers               = true                                 {lp64_product} {ergonomic}
     bool UseCompressedOops                        = true                                 {lp64_product} {ergonomic}
     bool UseG1GC                                  = true                                      {product} {ergonomic}

Logging:
Log output configuration:
 #0: stdout all=warning uptime,level,tags
 #1: stderr all=off uptime,level,tags

Environment Variables:
PATH=/home/itshandable/.local/bin:/usr/local/sbin:/usr/local/bin:/usr/sbin:/usr/bin:/sbin:/bin:/usr/games:/usr/local/games:/usr/lib/wsl/lib:/mnt/d/VMwareWorkstationPro/bin/:/mnt/c/Program Files/BellSoft/LibericaJDK-17/bin/:/mnt/c/Program Files (x86)/Common Files/Oracle/Java/java8path:/mnt/c/Program Files (x86)/Common Files/Oracle/Java/javapath:/mnt/c/WINDOWS/system32:/mnt/c/WINDOWS:/mnt/c/WINDOWS/System32/Wbem:/mnt/c/WINDOWS/System32/WindowsPowerShell/v1.0/:/mnt/c/WINDOWS/System32/OpenSSH/:/mnt/c/Program Files/dotnet/:/mnt/c/Program Files (x86)/NVIDIA Corporation/PhysX/Common:/mnt/c/Program Files/Git/cmd:/mnt/d/Cruicial Storage Excutive:/mnt/c/Program Files/BellSoft/LibericaJDK-17/bin:/mnt/c/Program Files/BellSoft/LibericaJDK-17/jre/bin:/mnt/c/Users/itshandable/AppData/Local/Programs/Python/Python312:/mnt/c/Users/itshandable/AppData/Local/Programs/Python/Python312/Scripts:/mnt/c/Program Files/Pandoc/:/mnt/c/ProgramData/chocolatey/bin:/mnt/d/Nodejs-nvm:/mnt/c/Program Files/nodejs:/mnt/d/Redis/:/mnt/d/Mathlab/bin:/mnt/d/Lingo-21.0/:/mnt/d/Lingo-18.0/:/mnt/c/Program Files/NVIDIA Corporation/NVIDIA app/NvDLISR:/mnt/d/SPSS-25/JRE/bin:/mnt/d/SPSS Modeler 18.0/ext/bin/spss.TMWBServer/bin:/mnt/d/SPSS Modeler 18.0/MPICH2/bin:/mnt/d/SPSS Modeler 18.0/TABI:/mnt/d/MySQL/bin:/mnt/c/Program Files/Docker/Docker/resources/bin:/mnt/c/Program Files/Tailscale/:/mnt/c/Users/itshandable/AppData/Local/Programs/Python/Launcher/:/mnt/c/Users/itshandable/AppData/Local/Microsoft/WindowsApps:/mnt/d/CLion 2024.2.1/bin:/mnt/d/PyCharm 2024.2.1/bin:/mnt/c/Users/itshandable/AppData/Local/JetBrains/Toolbox/scripts:/mnt/d/IntelliJ IDEA 2024.2.1/bin:/mnt/c/Users/itshandable/AppData/Roaming/npm:/mnt/d/Nodejs-nvm:/mnt/c/Program Files/nodejs:/mnt/d/Microsoft VS Code/bin:/mnt/d/MiKTeX/miktex/bin/x64/:/mnt/c/Users/itshandable/AppData/Local/Microsoft/WindowsApps:/mnt/e/codes/ffmpeg-2025-01-02-git-0457aaf0d3-essentials_build/bin:/mnt/d/Aria2/aria2-1.37.0-win-64bit-build1:/mnt/d/DevEco Studio/bin:/mnt/d/WebStor
SHELL=/bin/bash
DISPLAY=:0
HOSTTYPE=x86_64
LANG=zh_CN.UTF-8
TERM=xterm-256color

Signal Handlers:
SIGSEGV: [libjvm.so+0xebbd40], sa_mask[0]=11111111011111111101111111111110, sa_flags=SA_RESTART|SA_SIGINFO
SIGBUS: [libjvm.so+0xebbd40], sa_mask[0]=11111111011111111101111111111110, sa_flags=SA_RESTART|SA_SIGINFO
SIGFPE: [libjvm.so+0xebbd40], sa_mask[0]=11111111011111111101111111111110, sa_flags=SA_RESTART|SA_SIGINFO
SIGPIPE: [libjvm.so+0xbfe040], sa_mask[0]=11111111011111111101111111111110, sa_flags=SA_RESTART|SA_SIGINFO
SIGXFSZ: [libjvm.so+0xbfe040], sa_mask[0]=11111111011111111101111111111110, sa_flags=SA_RESTART|SA_SIGINFO
SIGILL: [libjvm.so+0xebbd40], sa_mask[0]=11111111011111111101111111111110, sa_flags=SA_RESTART|SA_SIGINFO
SIGUSR2: [libjvm.so+0xbfdee0], sa_mask[0]=00000000000000000000000000000000, sa_flags=SA_RESTART|SA_SIGINFO
SIGHUP: [libjvm.so+0xbfe6a0], sa_mask[0]=11111111011111111101111111111110, sa_flags=SA_RESTART|SA_SIGINFO
SIGINT: [libjvm.so+0xbfe6a0], sa_mask[0]=11111111011111111101111111111110, sa_flags=SA_RESTART|SA_SIGINFO
SIGTERM: [libjvm.so+0xbfe6a0], sa_mask[0]=11111111011111111101111111111110, sa_flags=SA_RESTART|SA_SIGINFO
SIGQUIT: [libjvm.so+0xbfe6a0], sa_mask[0]=11111111011111111101111111111110, sa_flags=SA_RESTART|SA_SIGINFO


---------------  S Y S T E M  ---------------

OS:DISTRIB_ID=Ubuntu
DISTRIB_RELEASE=22.04
DISTRIB_CODENAME=jammy
DISTRIB_DESCRIPTION="Ubuntu 22.04.3 LTS"
uname:Linux 5.15.167.4-microsoft-standard-WSL2 #1 SMP Tue Nov 5 00:21:55 UTC 2024 x86_64
OS uptime: 0 days 0:16 hours
libc:glibc 2.35 NPTL 2.35 
rlimit (soft/hard): STACK 8192k/infinity , CORE 0k/infinity , NPROC 31190/31190 , NOFILE 1048576/1048576 , AS infinity/infinity , CPU infinity/infinity , DATA infinity/infinity , FSIZE infinity/infinity , MEMLOCK 65536k/65536k
load average:0.12 0.06 0.01

/proc/meminfo:
MemTotal:        7991664 kB
MemFree:         6832056 kB
MemAvailable:    7074544 kB
Buffers:            5440 kB
Cached:           437472 kB
SwapCached:            0 kB
Active:            77932 kB
Inactive:         693988 kB
Active(anon):       2864 kB
Inactive(anon):   329796 kB
Active(file):      75068 kB
Inactive(file):   364192 kB
Unevictable:           0 kB
Mlocked:               0 kB
SwapTotal:       2097152 kB
SwapFree:        2097152 kB
Dirty:                32 kB
Writeback:             0 kB
AnonPages:        325852 kB
Mapped:           258116 kB
Shmem:              3664 kB
KReclaimable:      37596 kB
Slab:             110188 kB
SReclaimable:      37596 kB
SUnreclaim:        72592 kB
KernelStack:        7120 kB
PageTables:         6820 kB
NFS_Unstable:          0 kB
Bounce:                0 kB
WritebackTmp:          0 kB
CommitLimit:     6092984 kB
Committed_AS:    1650748 kB
VmallocTotal:   34359738367 kB
VmallocUsed:       29224 kB
VmallocChunk:          0 kB
Percpu:            11520 kB
AnonHugePages:    147456 kB
ShmemHugePages:        0 kB
ShmemPmdMapped:        0 kB
FileHugePages:         0 kB
FilePmdMapped:         0 kB
HugePages_Total:       0
HugePages_Free:        0
HugePages_Rsvd:        0
HugePages_Surp:        0
Hugepagesize:       2048 kB
Hugetlb:               0 kB
DirectMap4k:      101376 kB
DirectMap2M:     4997120 kB
DirectMap1G:    11534336 kB

/sys/kernel/mm/transparent_hugepage/enabled:
[always] madvise never
/sys/kernel/mm/transparent_hugepage/defrag (defrag/compaction efforts parameter):
always defer defer+madvise [madvise] never

Process Memory:
Virtual Size: 5062016K (peak: 13446840K)
Resident Set Size: 100472K (peak: 100472K) (anon: 45076K, file: 55396K, shmem: 0K)
Swapped out: 0K
C-Heap outstanding allocations: 42382K, retained: 2777K
glibc malloc tunables: (default)

/proc/sys/kernel/threads-max (system-wide limit on the number of threads):
62380
/proc/sys/vm/max_map_count (maximum number of memory map areas a process may have):
65530
/proc/sys/kernel/pid_max (system-wide limit on number of process identifiers):
4194304

container (cgroup) information:
container_type: cgroupv1
cpu_cpuset_cpus: 0-19
cpu_memory_nodes: 0
active_processor_count: 20
cpu_quota: no quota
cpu_period: 100000
cpu_shares: no shares
memory_limit_in_bytes: unlimited
memory_and_swap_limit_in_bytes: unlimited
memory_soft_limit_in_bytes: unlimited
memory_usage_in_bytes: 768700 k
memory_max_usage_in_bytes: 496884 k
kernel_memory_limit_in_bytes: unlimited
kernel_memory_usage_in_bytes: 22064 k
kernel_memory_max_usage_in_bytes: 27048 k
maximum number of tasks: not supported
current number of tasks: not supported

Hyper-V virtualization detected
Steal ticks since vm start: 0
Steal ticks percentage since vm start:  0.000

CPU:total 20 (initial active 20) (16 cores per cpu, 2 threads per core) family 6 model 186 stepping 2 microcode 0xffffffff, cmov, cx8, fxsr, mmx, sse, sse2, sse3, ssse3, sse4.1, sse4.2, popcnt, avx, avx2, aes, clmul, erms, 3dnowpref, lzcnt, ht, tsc, tscinvbit, bmi1, bmi2, adx, sha, fma
CPU Model and flags from /proc/cpuinfo:
model name	: 13th Gen Intel(R) Core(TM) i9-13900H
flags		: fpu vme de pse tsc msr pae mce cx8 apic sep mtrr pge mca cmov pat pse36 clflush mmx fxsr sse sse2 ss ht syscall nx pdpe1gb rdtscp lm constant_tsc rep_good nopl xtopology tsc_reliable nonstop_tsc cpuid pni pclmulqdq vmx ssse3 fma cx16 pcid sse4_1 sse4_2 x2apic movbe popcnt tsc_deadline_timer aes xsave avx f16c rdrand hypervisor lahf_lm abm 3dnowprefetch invpcid_single ssbd ibrs ibpb stibp ibrs_enhanced tpr_shadow vnmi ept vpid ept_ad fsgsbase tsc_adjust bmi1 avx2 smep bmi2 erms invpcid rdseed adx smap clflushopt clwb sha_ni xsaveopt xsavec xgetbv1 xsaves avx_vnni umip waitpkg gfni vaes vpclmulqdq rdpid movdiri movdir64b fsrm md_clear serialize flush_l1d arch_capabilities
Online cpus:
0-19
Offline cpus:

BIOS frequency limitation:
<Not Available>
Frequency switch latency (ns):
<Not Available>
Available cpu frequencies:
<Not Available>
Current governor:
<Not Available>
Core performance/turbo boost:
<Not Available>

Memory: 4k page, physical 7991664k(6832056k free), swap 2097152k(2097152k free)

vm_info: OpenJDK 64-Bit Server VM (11.0.27+6-post-Ubuntu-0ubuntu122.04) for linux-amd64 JRE (11.0.27+6-post-Ubuntu-0ubuntu122.04), built on Apr 21 2025 05:59:45 by "unknown" with gcc 11.4.0

END.
