#
# A fatal error has been detected by the Java Runtime Environment:
#
#  SIGSEGV (0xb) at pc=0x00007fe5de1d2e54, pid=134366, tid=134371
#
# JRE version: OpenJDK Runtime Environment (11.0.27+6) (build 11.0.27+6-post-Ubuntu-0ubuntu122.04)
# Java VM: OpenJDK 64-Bit Server VM (11.0.27+6-post-Ubuntu-0ubuntu122.04, mixed mode, sharing, tiered, compressed oops, g1 gc, linux-amd64)
# Problematic frame:
# C  [libLLVM-13.so+0xca6e54]  llvm::IRBuilderDefaultInserter::InsertHelper(llvm::Instruction*, llvm::Twine const&, llvm::BasicBlock*, llvm::ilist_iterator<llvm::ilist_detail::node_options<llvm::Instruction, false, false, void>, false, false>) const+0x34
#
# No core dump will be written. Core dumps have been disabled. To enable core dumping, try "ulimit -c unlimited" before starting Java again
#
# If you would like to submit a bug report, please visit:
#   https://bugs.launchpad.net/ubuntu/+source/openjdk-lts
# The crash happened outside the Java Virtual Machine in native code.
# See problematic frame for where to report the bug.
#

---------------  S U M M A R Y ------------

Command Line: -agentlib:jdwp=transport=dt_socket,address=0.0.0.0:12345,suspend=y,server=y -Djava.library.path=\\wsl.localhost\Ubuntu\usr\local\lib -Dfile.encoding=UTF-8 Main tests/test.sysy tests/test.arm test tests/test.ll

Host: 13th Gen Intel(R) Core(TM) i9-13900H, 20 cores, 7G, Ubuntu 22.04.3 LTS
Time: Thu May 22 16:11:12 2025 CST elapsed time: 8.638049 seconds (0d 0h 0m 8s)

---------------  T H R E A D  ---------------

Current thread (0x00007fe65c016800):  JavaThread "main" [_thread_in_native, id=134371, stack(0x00007fe663b59000,0x00007fe663c59000)]

Stack: [0x00007fe663b59000,0x00007fe663c59000],  sp=0x00007fe663c57410,  free space=1017k
Native frames: (J=compiled Java code, A=aot compiled Java code, j=interpreted, Vv=VM code, C=native code)
C  [libLLVM-13.so+0xca6e54]  llvm::IRBuilderDefaultInserter::InsertHelper(llvm::Instruction*, llvm::Twine const&, llvm::BasicBlock*, llvm::ilist_iterator<llvm::ilist_detail::node_options<llvm::Instruction, false, false, void>, false, false>) const+0x34

Java frames: (J=compiled Java code, j=interpreted, Vv=VM code)
j  org.bytedeco.llvm.global.LLVM.LLVMInsertIntoBuilder(Lorg/bytedeco/llvm/LLVM/LLVMBuilderRef;Lorg/bytedeco/llvm/LLVM/LLVMValueRef;)V+0
j  MyIrVisitor.copyInstFromBlockToBlock(Lorg/bytedeco/llvm/LLVM/LLVMBasicBlockRef;Lorg/bytedeco/llvm/LLVM/LLVMBasicBlockRef;)V+36
j  MyIrVisitor.clearDirectJump()V+164
j  MyIrVisitor.unReachableInstDelete()V+18
j  MyIrVisitor.mixedOptimization()V+52
j  MyIrVisitor.visitProgram(LSysYParser$ProgramContext;)Lorg/bytedeco/llvm/LLVM/LLVMValueRef;+91
j  MyIrVisitor.visitProgram(LSysYParser$ProgramContext;)Ljava/lang/Object;+2
j  SysYParser$ProgramContext.accept(Lorg/antlr/v4/runtime/tree/ParseTreeVisitor;)Ljava/lang/Object;+12
j  org.antlr.v4.runtime.tree.AbstractParseTreeVisitor.visit(Lorg/antlr/v4/runtime/tree/ParseTree;)Ljava/lang/Object;+2
j  Main.main([Ljava/lang/String;)V+169
v  ~StubRoutines::call_stub

siginfo: si_signo: 11 (SIGSEGV), si_code: 1 (SEGV_MAPERR), si_addr: 0x0000000000000008

Register to memory mapping:

RAX=0x00007fe65c39ff18 points into unknown readable memory: 0x0000000000000000 | 00 00 00 00 00 00 00 00
RBX=0x00007fe65c39f0c8 points into unknown readable memory: 0x0000000100000004 | 04 00 00 00 01 00 00 00
RCX=0x00007fe65c39d950 points into unknown readable memory: 0x00007fe65c391010 | 10 10 39 5c e6 7f 00 00
RDX=0x0 is NULL
RSP=0x00007fe663c57410 is pointing into the stack for thread: 0x00007fe65c016800
RBP=0x00007fe65c39ff00 points into unknown readable memory: 0x00007fe65c390ff8 | f8 0f 39 5c e6 7f 00 00
RSI=0x00007fe65c39d950 points into unknown readable memory: 0x00007fe65c391010 | 10 10 39 5c e6 7f 00 00
RDI=0x00007fe65c39ff00 points into unknown readable memory: 0x00007fe65c390ff8 | f8 0f 39 5c e6 7f 00 00
R8 =0x00007fe65c39f0c8 points into unknown readable memory: 0x0000000100000004 | 04 00 00 00 01 00 00 00
R9 =0x0000000000000002 is an unknown value
R10=0x00007fe5dd586a30: <offset 0x000000000005aa30> in /home/itshandable/.javacpp/cache/llvm-13.0.1-1.5.7-linux-x86_64.jar/org/bytedeco/llvm/linux-x86_64/libLLVM-13.so at 0x00007fe5dd52c000
R11=0x00007fe5de153e10: LLVMInsertIntoBuilder+0x0000000000000000 in /home/itshandable/.javacpp/cache/llvm-13.0.1-1.5.7-linux-x86_64.jar/org/bytedeco/llvm/linux-x86_64/libLLVM-13.so at 0x00007fe5dd52c000
R12=0x00007fe663c57430 is pointing into the stack for thread: 0x00007fe65c016800
R13={method} {0x00007fe660662db0} 'LLVMInsertIntoBuilder' '(Lorg/bytedeco/llvm/LLVM/LLVMBuilderRef;Lorg/bytedeco/llvm/LLVM/LLVMValueRef;)V' in 'org/bytedeco/llvm/global/LLVM'
R14=0x00007fe663c57508 is pointing into the stack for thread: 0x00007fe65c016800
R15=0x00007fe65c016800 is a thread


Registers:
RAX=0x00007fe65c39ff18, RBX=0x00007fe65c39f0c8, RCX=0x00007fe65c39d950, RDX=0x0000000000000000
RSP=0x00007fe663c57410, RBP=0x00007fe65c39ff00, RSI=0x00007fe65c39d950, RDI=0x00007fe65c39ff00
R8 =0x00007fe65c39f0c8, R9 =0x0000000000000002, R10=0x00007fe5dd586a30, R11=0x00007fe5de153e10
R12=0x00007fe663c57430, R13=0x00007fe660662db0, R14=0x00007fe663c57508, R15=0x00007fe65c016800
RIP=0x00007fe5de1d2e54, EFLAGS=0x0000000000010202, CSGSFS=0x002b000000000033, ERR=0x0000000000000006
  TRAPNO=0x000000000000000e

Top of Stack: (sp=0x00007fe663c57410)
0x00007fe663c57410:   00007fe660662db0 00007fe65c36a8b0
0x00007fe663c57420:   00007fe65c39ff00 00007fe5de153e3d
0x00007fe663c57430:   00007fe663c57500 00007fe65c016b50
0x00007fe663c57440:   00007fe663c57508 00007fe65c016800 

Instructions: (pc=0x00007fe5de1d2e54)
0x00007fe5de1d2d54:   38 c3 66 2e 0f 1f 84 00 00 00 00 00 48 83 ec 38
0x00007fe5de1d2d64:   b8 01 01 00 00 45 31 c0 bf 2f 00 00 00 48 89 e1
0x00007fe5de1d2d74:   66 89 44 24 20 e8 d2 07 02 00 48 83 c4 38 c3 66
0x00007fe5de1d2d84:   2e 0f 1f 84 00 00 00 00 00 0f 1f 00 48 83 ec 38
0x00007fe5de1d2d94:   b8 01 01 00 00 45 31 c0 bf 30 00 00 00 48 89 e1
0x00007fe5de1d2da4:   66 89 44 24 20 e8 a2 07 02 00 48 83 c4 38 c3 66
0x00007fe5de1d2db4:   2e 0f 1f 84 00 00 00 00 00 0f 1f 00 48 83 ec 38
0x00007fe5de1d2dc4:   b8 01 01 00 00 45 31 c0 bf 31 00 00 00 48 89 e1
0x00007fe5de1d2dd4:   66 89 44 24 20 e8 72 07 02 00 48 83 c4 38 c3 66
0x00007fe5de1d2de4:   2e 0f 1f 84 00 00 00 00 00 0f 1f 00 31 c9 bf 2f
0x00007fe5de1d2df4:   00 00 00 e9 e4 30 f7 ff 0f 1f 40 00 31 c9 bf 30
0x00007fe5de1d2e04:   00 00 00 e9 d4 30 f7 ff 0f 1f 40 00 31 c9 bf 31
0x00007fe5de1d2e14:   00 00 00 e9 c4 30 f7 ff 0f 1f 40 00 41 54 49 89
0x00007fe5de1d2e24:   d4 55 48 89 f5 53 48 85 c9 74 2c 4c 89 c3 48 8d
0x00007fe5de1d2e34:   79 28 e8 75 6c f4 ff 48 8b 13 66 48 0f 6e cb 48
0x00007fe5de1d2e44:   8d 45 18 66 48 0f 6e c2 66 0f 6c c1 0f 11 45 18
0x00007fe5de1d2e54:   48 89 42 08 48 89 03 5b 4c 89 e6 48 89 ef 5d 41
0x00007fe5de1d2e64:   5c e9 b6 b6 0b 00 66 0f 1f 44 00 00 48 83 ec 38
0x00007fe5de1d2e74:   89 f7 b8 01 01 00 00 48 89 d6 45 31 c0 48 89 ca
0x00007fe5de1d2e84:   48 89 e1 66 89 44 24 20 e8 7f f4 01 00 48 83 c4
0x00007fe5de1d2e94:   38 c3 66 2e 0f 1f 84 00 00 00 00 00 41 54 b8 01
0x00007fe5de1d2ea4:   01 00 00 bf 0d 00 00 00 55 89 cd 53 44 89 c3 45
0x00007fe5de1d2eb4:   31 c0 48 83 ec 30 48 89 e1 66 89 44 24 20 e8 49
0x00007fe5de1d2ec4:   f4 01 00 49 89 c4 40 84 ed 75 11 84 db 75 1e 48
0x00007fe5de1d2ed4:   83 c4 30 4c 89 e0 5b 5d 41 5c c3 90 be 01 00 00
0x00007fe5de1d2ee4:   00 48 89 c7 e8 53 20 01 00 84 db 74 e2 4c 89 e7
0x00007fe5de1d2ef4:   be 01 00 00 00 e8 62 20 01 00 48 83 c4 30 4c 89
0x00007fe5de1d2f04:   e0 5b 5d 41 5c c3 66 0f 1f 44 00 00 48 83 ec 38
0x00007fe5de1d2f14:   b8 01 01 00 00 45 31 c0 bf 0e 00 00 00 48 89 e1
0x00007fe5de1d2f24:   66 89 44 24 20 e8 e2 f3 01 00 48 83 c4 38 c3 66
0x00007fe5de1d2f34:   2e 0f 1f 84 00 00 00 00 00 0f 1f 00 41 54 b8 01
0x00007fe5de1d2f44:   01 00 00 bf 0f 00 00 00 55 89 cd 53 44 89 c3 45 


Stack slot to memory mapping:
stack at sp + 0 slots: {method} {0x00007fe660662db0} 'LLVMInsertIntoBuilder' '(Lorg/bytedeco/llvm/LLVM/LLVMBuilderRef;Lorg/bytedeco/llvm/LLVM/LLVMValueRef;)V' in 'org/bytedeco/llvm/global/LLVM'
stack at sp + 1 slots: 0x00007fe65c36a8b0 points into unknown readable memory: 0x00007fe65c36a8c0 | c0 a8 36 5c e6 7f 00 00
stack at sp + 2 slots: 0x00007fe65c39ff00 points into unknown readable memory: 0x00007fe65c390ff8 | f8 0f 39 5c e6 7f 00 00
stack at sp + 3 slots: 0x00007fe5de153e3d: LLVMInsertIntoBuilder+0x000000000000002d in /home/itshandable/.javacpp/cache/llvm-13.0.1-1.5.7-linux-x86_64.jar/org/bytedeco/llvm/linux-x86_64/libLLVM-13.so at 0x00007fe5dd52c000
stack at sp + 4 slots: 0x00007fe663c57500 is pointing into the stack for thread: 0x00007fe65c016800
stack at sp + 5 slots: 0x00007fe65c016b50 points into unknown readable memory: 0x00007fe6651e0b60 | 60 0b 1e 65 e6 7f 00 00
stack at sp + 6 slots: 0x00007fe663c57508 is pointing into the stack for thread: 0x00007fe65c016800
stack at sp + 7 slots: 0x00007fe65c016800 is a thread


---------------  P R O C E S S  ---------------

Threads class SMR info:
_java_thread_list=0x00007fe5e4005910, length=13, elements={
0x00007fe65c016800, 0x00007fe65c13f800, 0x00007fe65c141800, 0x00007fe65c147800,
0x00007fe65c149800, 0x00007fe65c14c000, 0x00007fe65c14e000, 0x00007fe65c150000,
0x00007fe65c194800, 0x00007fe65c199000, 0x00007fe5fc001800, 0x00007fe65c19f000,
0x00007fe65c243800
}

Java Threads: ( => current thread )
=>0x00007fe65c016800 JavaThread "main" [_thread_in_native, id=134371, stack(0x00007fe663b59000,0x00007fe663c59000)]
  0x00007fe65c13f800 JavaThread "Reference Handler" daemon [_thread_blocked, id=134378, stack(0x00007fe6445be000,0x00007fe6446be000)]
  0x00007fe65c141800 JavaThread "Finalizer" daemon [_thread_blocked, id=134379, stack(0x00007fe6444be000,0x00007fe6445be000)]
  0x00007fe65c147800 JavaThread "Signal Dispatcher" daemon [_thread_blocked, id=134380, stack(0x00007fe6443be000,0x00007fe6444be000)]
  0x00007fe65c149800 JavaThread "Service Thread" daemon [_thread_blocked, id=134381, stack(0x00007fe6442be000,0x00007fe6443be000)]
  0x00007fe65c14c000 JavaThread "C2 CompilerThread0" daemon [_thread_blocked, id=134382, stack(0x00007fe6441be000,0x00007fe6442be000)]
  0x00007fe65c14e000 JavaThread "C1 CompilerThread0" daemon [_thread_blocked, id=134383, stack(0x00007fe6440be000,0x00007fe6441be000)]
  0x00007fe65c150000 JavaThread "Sweeper thread" daemon [_thread_blocked, id=134384, stack(0x00007fe63c200000,0x00007fe63c300000)]
  0x00007fe65c194800 JavaThread "JDWP Transport Listener: dt_socket" daemon [_thread_blocked, id=134386, stack(0x00007fe63c000000,0x00007fe63c100000)]
  0x00007fe65c199000 JavaThread "JDWP Event Helper Thread" daemon [_thread_blocked, id=134387, stack(0x00007fe635f00000,0x00007fe636000000)]
  0x00007fe5fc001800 JavaThread "JDWP Command Reader" daemon [_thread_in_native, id=134390, stack(0x00007fe635e00000,0x00007fe635f00000)]
  0x00007fe65c19f000 JavaThread "Common-Cleaner" daemon [_thread_blocked, id=134392, stack(0x00007fe635bff000,0x00007fe635cff000)]
  0x00007fe65c243800 JavaThread "JavaCPP Deallocator" daemon [_thread_blocked, id=134396, stack(0x00007fe635aff000,0x00007fe635bff000)]

Other Threads:
  0x00007fe65c13c800 VMThread "VM Thread" [stack: 0x00007fe6446bf000,0x00007fe6447bf000] [id=134377]
  0x00007fe65c19b800 WatcherThread [stack: 0x00007fe635d00000,0x00007fe635e00000] [id=134391]
  0x00007fe65c030800 GCTaskThread "GC Thread#0" [stack: 0x00007fe6637e3000,0x00007fe6638e3000] [id=134372]
  0x00007fe65c062000 ConcurrentGCThread "G1 Main Marker" [stack: 0x00007fe661b6b000,0x00007fe661c6b000] [id=134373]
  0x00007fe65c063800 ConcurrentGCThread "G1 Conc#0" [stack: 0x00007fe661a6a000,0x00007fe661b6a000] [id=134374]
  0x00007fe65c108000 ConcurrentGCThread "G1 Refine#0" [stack: 0x00007fe660a5a000,0x00007fe660b5a000] [id=134375]
  0x00007fe65c10a000 ConcurrentGCThread "G1 Young RemSet Sampling" [stack: 0x00007fe660959000,0x00007fe660a59000] [id=134376]

Threads with active compile tasks:

VM state:not at safepoint (normal execution)

VM Mutex/Monitor currently owned by a thread: None

Heap address: 0x0000000086000000, size: 1952 MB, Compressed Oops mode: 32-bit
Narrow klass base: 0x0000000800000000, Narrow klass shift: 3
Compressed class space size: 1073741824 Address: 0x0000000840000000

Heap:
 garbage-first heap   total 126976K, used 11984K [0x0000000086000000, 0x0000000100000000)
  region size 1024K, 13 young (13312K), 0 survivors (0K)
 Metaspace       used 3847K, capacity 6643K, committed 6912K, reserved 1056768K
  class space    used 396K, capacity 681K, committed 768K, reserved 1048576K
Heap Regions: E=young(eden), S=young(survivor), O=old, HS=humongous(starts), HC=humongous(continues), CS=collection set, F=free, A=archive, TAMS=top-at-mark-start (previous, next)
|   0|0x0000000086000000, 0x0000000086000000, 0x0000000086100000|  0%| F|  |TAMS 0x0000000086000000, 0x0000000086000000| Untracked 
|   1|0x0000000086100000, 0x0000000086100000, 0x0000000086200000|  0%| F|  |TAMS 0x0000000086100000, 0x0000000086100000| Untracked 
|   2|0x0000000086200000, 0x0000000086200000, 0x0000000086300000|  0%| F|  |TAMS 0x0000000086200000, 0x0000000086200000| Untracked 
|   3|0x0000000086300000, 0x0000000086300000, 0x0000000086400000|  0%| F|  |TAMS 0x0000000086300000, 0x0000000086300000| Untracked 
|   4|0x0000000086400000, 0x0000000086400000, 0x0000000086500000|  0%| F|  |TAMS 0x0000000086400000, 0x0000000086400000| Untracked 
|   5|0x0000000086500000, 0x0000000086500000, 0x0000000086600000|  0%| F|  |TAMS 0x0000000086500000, 0x0000000086500000| Untracked 
|   6|0x0000000086600000, 0x0000000086600000, 0x0000000086700000|  0%| F|  |TAMS 0x0000000086600000, 0x0000000086600000| Untracked 
|   7|0x0000000086700000, 0x0000000086700000, 0x0000000086800000|  0%| F|  |TAMS 0x0000000086700000, 0x0000000086700000| Untracked 
|   8|0x0000000086800000, 0x0000000086800000, 0x0000000086900000|  0%| F|  |TAMS 0x0000000086800000, 0x0000000086800000| Untracked 
|   9|0x0000000086900000, 0x0000000086900000, 0x0000000086a00000|  0%| F|  |TAMS 0x0000000086900000, 0x0000000086900000| Untracked 
|  10|0x0000000086a00000, 0x0000000086a00000, 0x0000000086b00000|  0%| F|  |TAMS 0x0000000086a00000, 0x0000000086a00000| Untracked 
|  11|0x0000000086b00000, 0x0000000086b00000, 0x0000000086c00000|  0%| F|  |TAMS 0x0000000086b00000, 0x0000000086b00000| Untracked 
|  12|0x0000000086c00000, 0x0000000086c00000, 0x0000000086d00000|  0%| F|  |TAMS 0x0000000086c00000, 0x0000000086c00000| Untracked 
|  13|0x0000000086d00000, 0x0000000086d00000, 0x0000000086e00000|  0%| F|  |TAMS 0x0000000086d00000, 0x0000000086d00000| Untracked 
|  14|0x0000000086e00000, 0x0000000086e00000, 0x0000000086f00000|  0%| F|  |TAMS 0x0000000086e00000, 0x0000000086e00000| Untracked 
|  15|0x0000000086f00000, 0x0000000086f00000, 0x0000000087000000|  0%| F|  |TAMS 0x0000000086f00000, 0x0000000086f00000| Untracked 
|  16|0x0000000087000000, 0x0000000087000000, 0x0000000087100000|  0%| F|  |TAMS 0x0000000087000000, 0x0000000087000000| Untracked 
|  17|0x0000000087100000, 0x0000000087100000, 0x0000000087200000|  0%| F|  |TAMS 0x0000000087100000, 0x0000000087100000| Untracked 
|  18|0x0000000087200000, 0x0000000087200000, 0x0000000087300000|  0%| F|  |TAMS 0x0000000087200000, 0x0000000087200000| Untracked 
|  19|0x0000000087300000, 0x0000000087300000, 0x0000000087400000|  0%| F|  |TAMS 0x0000000087300000, 0x0000000087300000| Untracked 
|  20|0x0000000087400000, 0x0000000087400000, 0x0000000087500000|  0%| F|  |TAMS 0x0000000087400000, 0x0000000087400000| Untracked 
|  21|0x0000000087500000, 0x0000000087500000, 0x0000000087600000|  0%| F|  |TAMS 0x0000000087500000, 0x0000000087500000| Untracked 
|  22|0x0000000087600000, 0x0000000087600000, 0x0000000087700000|  0%| F|  |TAMS 0x0000000087600000, 0x0000000087600000| Untracked 
|  23|0x0000000087700000, 0x0000000087700000, 0x0000000087800000|  0%| F|  |TAMS 0x0000000087700000, 0x0000000087700000| Untracked 
|  24|0x0000000087800000, 0x0000000087800000, 0x0000000087900000|  0%| F|  |TAMS 0x0000000087800000, 0x0000000087800000| Untracked 
|  25|0x0000000087900000, 0x0000000087900000, 0x0000000087a00000|  0%| F|  |TAMS 0x0000000087900000, 0x0000000087900000| Untracked 
|  26|0x0000000087a00000, 0x0000000087a00000, 0x0000000087b00000|  0%| F|  |TAMS 0x0000000087a00000, 0x0000000087a00000| Untracked 
|  27|0x0000000087b00000, 0x0000000087b00000, 0x0000000087c00000|  0%| F|  |TAMS 0x0000000087b00000, 0x0000000087b00000| Untracked 
|  28|0x0000000087c00000, 0x0000000087c00000, 0x0000000087d00000|  0%| F|  |TAMS 0x0000000087c00000, 0x0000000087c00000| Untracked 
|  29|0x0000000087d00000, 0x0000000087d00000, 0x0000000087e00000|  0%| F|  |TAMS 0x0000000087d00000, 0x0000000087d00000| Untracked 
|  30|0x0000000087e00000, 0x0000000087e00000, 0x0000000087f00000|  0%| F|  |TAMS 0x0000000087e00000, 0x0000000087e00000| Untracked 
|  31|0x0000000087f00000, 0x0000000087f00000, 0x0000000088000000|  0%| F|  |TAMS 0x0000000087f00000, 0x0000000087f00000| Untracked 
|  32|0x0000000088000000, 0x0000000088000000, 0x0000000088100000|  0%| F|  |TAMS 0x0000000088000000, 0x0000000088000000| Untracked 
|  33|0x0000000088100000, 0x0000000088100000, 0x0000000088200000|  0%| F|  |TAMS 0x0000000088100000, 0x0000000088100000| Untracked 
|  34|0x0000000088200000, 0x0000000088200000, 0x0000000088300000|  0%| F|  |TAMS 0x0000000088200000, 0x0000000088200000| Untracked 
|  35|0x0000000088300000, 0x0000000088300000, 0x0000000088400000|  0%| F|  |TAMS 0x0000000088300000, 0x0000000088300000| Untracked 
|  36|0x0000000088400000, 0x0000000088400000, 0x0000000088500000|  0%| F|  |TAMS 0x0000000088400000, 0x0000000088400000| Untracked 
|  37|0x0000000088500000, 0x0000000088500000, 0x0000000088600000|  0%| F|  |TAMS 0x0000000088500000, 0x0000000088500000| Untracked 
|  38|0x0000000088600000, 0x0000000088600000, 0x0000000088700000|  0%| F|  |TAMS 0x0000000088600000, 0x0000000088600000| Untracked 
|  39|0x0000000088700000, 0x0000000088700000, 0x0000000088800000|  0%| F|  |TAMS 0x0000000088700000, 0x0000000088700000| Untracked 
|  40|0x0000000088800000, 0x0000000088800000, 0x0000000088900000|  0%| F|  |TAMS 0x0000000088800000, 0x0000000088800000| Untracked 
|  41|0x0000000088900000, 0x0000000088900000, 0x0000000088a00000|  0%| F|  |TAMS 0x0000000088900000, 0x0000000088900000| Untracked 
|  42|0x0000000088a00000, 0x0000000088a00000, 0x0000000088b00000|  0%| F|  |TAMS 0x0000000088a00000, 0x0000000088a00000| Untracked 
|  43|0x0000000088b00000, 0x0000000088b00000, 0x0000000088c00000|  0%| F|  |TAMS 0x0000000088b00000, 0x0000000088b00000| Untracked 
|  44|0x0000000088c00000, 0x0000000088c00000, 0x0000000088d00000|  0%| F|  |TAMS 0x0000000088c00000, 0x0000000088c00000| Untracked 
|  45|0x0000000088d00000, 0x0000000088d00000, 0x0000000088e00000|  0%| F|  |TAMS 0x0000000088d00000, 0x0000000088d00000| Untracked 
|  46|0x0000000088e00000, 0x0000000088e00000, 0x0000000088f00000|  0%| F|  |TAMS 0x0000000088e00000, 0x0000000088e00000| Untracked 
|  47|0x0000000088f00000, 0x0000000088f00000, 0x0000000089000000|  0%| F|  |TAMS 0x0000000088f00000, 0x0000000088f00000| Untracked 
|  48|0x0000000089000000, 0x0000000089000000, 0x0000000089100000|  0%| F|  |TAMS 0x0000000089000000, 0x0000000089000000| Untracked 
|  49|0x0000000089100000, 0x0000000089100000, 0x0000000089200000|  0%| F|  |TAMS 0x0000000089100000, 0x0000000089100000| Untracked 
|  50|0x0000000089200000, 0x0000000089200000, 0x0000000089300000|  0%| F|  |TAMS 0x0000000089200000, 0x0000000089200000| Untracked 
|  51|0x0000000089300000, 0x0000000089300000, 0x0000000089400000|  0%| F|  |TAMS 0x0000000089300000, 0x0000000089300000| Untracked 
|  52|0x0000000089400000, 0x0000000089400000, 0x0000000089500000|  0%| F|  |TAMS 0x0000000089400000, 0x0000000089400000| Untracked 
|  53|0x0000000089500000, 0x0000000089500000, 0x0000000089600000|  0%| F|  |TAMS 0x0000000089500000, 0x0000000089500000| Untracked 
|  54|0x0000000089600000, 0x0000000089600000, 0x0000000089700000|  0%| F|  |TAMS 0x0000000089600000, 0x0000000089600000| Untracked 
|  55|0x0000000089700000, 0x0000000089700000, 0x0000000089800000|  0%| F|  |TAMS 0x0000000089700000, 0x0000000089700000| Untracked 
|  56|0x0000000089800000, 0x0000000089800000, 0x0000000089900000|  0%| F|  |TAMS 0x0000000089800000, 0x0000000089800000| Untracked 
|  57|0x0000000089900000, 0x0000000089900000, 0x0000000089a00000|  0%| F|  |TAMS 0x0000000089900000, 0x0000000089900000| Untracked 
|  58|0x0000000089a00000, 0x0000000089a00000, 0x0000000089b00000|  0%| F|  |TAMS 0x0000000089a00000, 0x0000000089a00000| Untracked 
|  59|0x0000000089b00000, 0x0000000089b00000, 0x0000000089c00000|  0%| F|  |TAMS 0x0000000089b00000, 0x0000000089b00000| Untracked 
|  60|0x0000000089c00000, 0x0000000089c00000, 0x0000000089d00000|  0%| F|  |TAMS 0x0000000089c00000, 0x0000000089c00000| Untracked 
|  61|0x0000000089d00000, 0x0000000089d00000, 0x0000000089e00000|  0%| F|  |TAMS 0x0000000089d00000, 0x0000000089d00000| Untracked 
|  62|0x0000000089e00000, 0x0000000089e00000, 0x0000000089f00000|  0%| F|  |TAMS 0x0000000089e00000, 0x0000000089e00000| Untracked 
|  63|0x0000000089f00000, 0x0000000089f00000, 0x000000008a000000|  0%| F|  |TAMS 0x0000000089f00000, 0x0000000089f00000| Untracked 
|  64|0x000000008a000000, 0x000000008a000000, 0x000000008a100000|  0%| F|  |TAMS 0x000000008a000000, 0x000000008a000000| Untracked 
|  65|0x000000008a100000, 0x000000008a100000, 0x000000008a200000|  0%| F|  |TAMS 0x000000008a100000, 0x000000008a100000| Untracked 
|  66|0x000000008a200000, 0x000000008a200000, 0x000000008a300000|  0%| F|  |TAMS 0x000000008a200000, 0x000000008a200000| Untracked 
|  67|0x000000008a300000, 0x000000008a300000, 0x000000008a400000|  0%| F|  |TAMS 0x000000008a300000, 0x000000008a300000| Untracked 
|  68|0x000000008a400000, 0x000000008a400000, 0x000000008a500000|  0%| F|  |TAMS 0x000000008a400000, 0x000000008a400000| Untracked 
|  69|0x000000008a500000, 0x000000008a500000, 0x000000008a600000|  0%| F|  |TAMS 0x000000008a500000, 0x000000008a500000| Untracked 
|  70|0x000000008a600000, 0x000000008a600000, 0x000000008a700000|  0%| F|  |TAMS 0x000000008a600000, 0x000000008a600000| Untracked 
|  71|0x000000008a700000, 0x000000008a700000, 0x000000008a800000|  0%| F|  |TAMS 0x000000008a700000, 0x000000008a700000| Untracked 
|  72|0x000000008a800000, 0x000000008a800000, 0x000000008a900000|  0%| F|  |TAMS 0x000000008a800000, 0x000000008a800000| Untracked 
|  73|0x000000008a900000, 0x000000008a900000, 0x000000008aa00000|  0%| F|  |TAMS 0x000000008a900000, 0x000000008a900000| Untracked 
|  74|0x000000008aa00000, 0x000000008aa00000, 0x000000008ab00000|  0%| F|  |TAMS 0x000000008aa00000, 0x000000008aa00000| Untracked 
|  75|0x000000008ab00000, 0x000000008ab00000, 0x000000008ac00000|  0%| F|  |TAMS 0x000000008ab00000, 0x000000008ab00000| Untracked 
|  76|0x000000008ac00000, 0x000000008ac00000, 0x000000008ad00000|  0%| F|  |TAMS 0x000000008ac00000, 0x000000008ac00000| Untracked 
|  77|0x000000008ad00000, 0x000000008ad00000, 0x000000008ae00000|  0%| F|  |TAMS 0x000000008ad00000, 0x000000008ad00000| Untracked 
|  78|0x000000008ae00000, 0x000000008ae00000, 0x000000008af00000|  0%| F|  |TAMS 0x000000008ae00000, 0x000000008ae00000| Untracked 
|  79|0x000000008af00000, 0x000000008af00000, 0x000000008b000000|  0%| F|  |TAMS 0x000000008af00000, 0x000000008af00000| Untracked 
|  80|0x000000008b000000, 0x000000008b000000, 0x000000008b100000|  0%| F|  |TAMS 0x000000008b000000, 0x000000008b000000| Untracked 
|  81|0x000000008b100000, 0x000000008b100000, 0x000000008b200000|  0%| F|  |TAMS 0x000000008b100000, 0x000000008b100000| Untracked 
|  82|0x000000008b200000, 0x000000008b200000, 0x000000008b300000|  0%| F|  |TAMS 0x000000008b200000, 0x000000008b200000| Untracked 
|  83|0x000000008b300000, 0x000000008b300000, 0x000000008b400000|  0%| F|  |TAMS 0x000000008b300000, 0x000000008b300000| Untracked 
|  84|0x000000008b400000, 0x000000008b400000, 0x000000008b500000|  0%| F|  |TAMS 0x000000008b400000, 0x000000008b400000| Untracked 
|  85|0x000000008b500000, 0x000000008b500000, 0x000000008b600000|  0%| F|  |TAMS 0x000000008b500000, 0x000000008b500000| Untracked 
|  86|0x000000008b600000, 0x000000008b600000, 0x000000008b700000|  0%| F|  |TAMS 0x000000008b600000, 0x000000008b600000| Untracked 
|  87|0x000000008b700000, 0x000000008b700000, 0x000000008b800000|  0%| F|  |TAMS 0x000000008b700000, 0x000000008b700000| Untracked 
|  88|0x000000008b800000, 0x000000008b800000, 0x000000008b900000|  0%| F|  |TAMS 0x000000008b800000, 0x000000008b800000| Untracked 
|  89|0x000000008b900000, 0x000000008b900000, 0x000000008ba00000|  0%| F|  |TAMS 0x000000008b900000, 0x000000008b900000| Untracked 
|  90|0x000000008ba00000, 0x000000008ba00000, 0x000000008bb00000|  0%| F|  |TAMS 0x000000008ba00000, 0x000000008ba00000| Untracked 
|  91|0x000000008bb00000, 0x000000008bb00000, 0x000000008bc00000|  0%| F|  |TAMS 0x000000008bb00000, 0x000000008bb00000| Untracked 
|  92|0x000000008bc00000, 0x000000008bc00000, 0x000000008bd00000|  0%| F|  |TAMS 0x000000008bc00000, 0x000000008bc00000| Untracked 
|  93|0x000000008bd00000, 0x000000008bd00000, 0x000000008be00000|  0%| F|  |TAMS 0x000000008bd00000, 0x000000008bd00000| Untracked 
|  94|0x000000008be00000, 0x000000008be00000, 0x000000008bf00000|  0%| F|  |TAMS 0x000000008be00000, 0x000000008be00000| Untracked 
|  95|0x000000008bf00000, 0x000000008bf00000, 0x000000008c000000|  0%| F|  |TAMS 0x000000008bf00000, 0x000000008bf00000| Untracked 
|  96|0x000000008c000000, 0x000000008c000000, 0x000000008c100000|  0%| F|  |TAMS 0x000000008c000000, 0x000000008c000000| Untracked 
|  97|0x000000008c100000, 0x000000008c100000, 0x000000008c200000|  0%| F|  |TAMS 0x000000008c100000, 0x000000008c100000| Untracked 
|  98|0x000000008c200000, 0x000000008c200000, 0x000000008c300000|  0%| F|  |TAMS 0x000000008c200000, 0x000000008c200000| Untracked 
|  99|0x000000008c300000, 0x000000008c300000, 0x000000008c400000|  0%| F|  |TAMS 0x000000008c300000, 0x000000008c300000| Untracked 
| 100|0x000000008c400000, 0x000000008c400000, 0x000000008c500000|  0%| F|  |TAMS 0x000000008c400000, 0x000000008c400000| Untracked 
| 101|0x000000008c500000, 0x000000008c500000, 0x000000008c600000|  0%| F|  |TAMS 0x000000008c500000, 0x000000008c500000| Untracked 
| 102|0x000000008c600000, 0x000000008c600000, 0x000000008c700000|  0%| F|  |TAMS 0x000000008c600000, 0x000000008c600000| Untracked 
| 103|0x000000008c700000, 0x000000008c700000, 0x000000008c800000|  0%| F|  |TAMS 0x000000008c700000, 0x000000008c700000| Untracked 
| 104|0x000000008c800000, 0x000000008c800000, 0x000000008c900000|  0%| F|  |TAMS 0x000000008c800000, 0x000000008c800000| Untracked 
| 105|0x000000008c900000, 0x000000008c900000, 0x000000008ca00000|  0%| F|  |TAMS 0x000000008c900000, 0x000000008c900000| Untracked 
| 106|0x000000008ca00000, 0x000000008ca00000, 0x000000008cb00000|  0%| F|  |TAMS 0x000000008ca00000, 0x000000008ca00000| Untracked 
| 107|0x000000008cb00000, 0x000000008cb00000, 0x000000008cc00000|  0%| F|  |TAMS 0x000000008cb00000, 0x000000008cb00000| Untracked 
| 108|0x000000008cc00000, 0x000000008cc00000, 0x000000008cd00000|  0%| F|  |TAMS 0x000000008cc00000, 0x000000008cc00000| Untracked 
| 109|0x000000008cd00000, 0x000000008cd7b640, 0x000000008ce00000| 48%| E|  |TAMS 0x000000008cd00000, 0x000000008cd00000| Complete 
| 110|0x000000008ce00000, 0x000000008cf00000, 0x000000008cf00000|100%| E|CS|TAMS 0x000000008ce00000, 0x000000008ce00000| Complete 
| 111|0x000000008cf00000, 0x000000008d000000, 0x000000008d000000|100%| E|CS|TAMS 0x000000008cf00000, 0x000000008cf00000| Complete 
| 112|0x000000008d000000, 0x000000008d100000, 0x000000008d100000|100%| E|CS|TAMS 0x000000008d000000, 0x000000008d000000| Complete 
| 113|0x000000008d100000, 0x000000008d200000, 0x000000008d200000|100%| E|CS|TAMS 0x000000008d100000, 0x000000008d100000| Complete 
| 114|0x000000008d200000, 0x000000008d300000, 0x000000008d300000|100%| E|CS|TAMS 0x000000008d200000, 0x000000008d200000| Complete 
| 115|0x000000008d300000, 0x000000008d400000, 0x000000008d400000|100%| E|  |TAMS 0x000000008d300000, 0x000000008d300000| Complete 
| 116|0x000000008d400000, 0x000000008d500000, 0x000000008d500000|100%| E|CS|TAMS 0x000000008d400000, 0x000000008d400000| Complete 
| 117|0x000000008d500000, 0x000000008d600000, 0x000000008d600000|100%| E|CS|TAMS 0x000000008d500000, 0x000000008d500000| Complete 
| 118|0x000000008d600000, 0x000000008d700000, 0x000000008d700000|100%| E|CS|TAMS 0x000000008d600000, 0x000000008d600000| Complete 
| 119|0x000000008d700000, 0x000000008d800000, 0x000000008d800000|100%| E|CS|TAMS 0x000000008d700000, 0x000000008d700000| Complete 
| 120|0x000000008d800000, 0x000000008d900000, 0x000000008d900000|100%| E|CS|TAMS 0x000000008d800000, 0x000000008d800000| Complete 
| 121|0x000000008d900000, 0x000000008da00000, 0x000000008da00000|100%| E|CS|TAMS 0x000000008d900000, 0x000000008d900000| Complete 
|1950|0x00000000ffe00000, 0x00000000ffe48000, 0x00000000fff00000| 28%|OA|  |TAMS 0x00000000ffe00000, 0x00000000ffe00000| Untracked 
|1951|0x00000000fff00000, 0x00000000fff6c000, 0x0000000100000000| 42%|CA|  |TAMS 0x00000000fff00000, 0x00000000fff00000| Untracked 

Card table byte_map: [0x00007fe662133000,0x00007fe662503000] _byte_map_base: 0x00007fe661d03000

Marking Bits (Prev, Next): (CMBitMap*) 0x00007fe65c059478, (CMBitMap*) 0x00007fe65c0594b0
 Prev Bits: [0x00007fe63e180000, 0x00007fe640000000)
 Next Bits: [0x00007fe63c300000, 0x00007fe63e180000)

Polling page: 0x00007fe6654ca000

Metaspace:

Usage:
  Non-class:      5.82 MB capacity,     3.37 MB ( 58%) used,     2.45 MB ( 42%) free+waste,     5.69 KB ( <1%) overhead. 
      Class:    681.00 KB capacity,   396.06 KB ( 58%) used,   282.06 KB ( 41%) free+waste,     2.88 KB ( <1%) overhead. 
       Both:      6.49 MB capacity,     3.76 MB ( 58%) used,     2.72 MB ( 42%) free+waste,     8.56 KB ( <1%) overhead. 

Virtual space:
  Non-class space:        8.00 MB reserved,       6.00 MB ( 75%) committed 
      Class space:        1.00 GB reserved,     768.00 KB ( <1%) committed 
             Both:        1.01 GB reserved,       6.75 MB ( <1%) committed 

Chunk freelists:
   Non-Class:  30.00 KB
       Class:  0 bytes
        Both:  30.00 KB

MaxMetaspaceSize: unlimited
CompressedClassSpaceSize: 1.00 GB
Initial GC threshold: 20.80 MB
Current GC threshold: 20.80 MB
CDS: on

CodeHeap 'non-profiled nmethods': size=119172Kb used=282Kb max_used=282Kb free=118889Kb
 bounds [0x00007fe64c35e000, 0x00007fe64c5ce000, 0x00007fe6537bf000]
CodeHeap 'profiled nmethods': size=119168Kb used=1953Kb max_used=1953Kb free=117214Kb
 bounds [0x00007fe644efe000, 0x00007fe64516e000, 0x00007fe64c35e000]
CodeHeap 'non-nmethods': size=7420Kb used=1202Kb max_used=1780Kb free=6217Kb
 bounds [0x00007fe6447bf000, 0x00007fe644a2f000, 0x00007fe644efe000]
 total_blobs=1427 nmethods=1031 adapters=318
 compilation: enabled
              stopped_count=0, restarted_count=0
 full_count=0

Compilation events (20 events):
Event: 1.374 Thread 0x00007fe60c088000 nmethod 1013 0x00007fe64c3a1f10 code [0x00007fe64c3a20a0, 0x00007fe64c3a2498]
Event: 1.374 Thread 0x00007fe60c088000 1019       4       java.lang.ThreadLocal::get (38 bytes)
Event: 1.374 Thread 0x00007fe6100a4000 nmethod 1023 0x00007fe6450e4710 code [0x00007fe6450e48e0, 0x00007fe6450e4cd0]
Event: 1.374 Thread 0x00007fe6100a4000 1025       3       java.util.LinkedHashMap$LinkedKeyIterator::<init> (11 bytes)
Event: 1.374 Thread 0x00007fe65c14e000 nmethod 1024 0x00007fe6450e4e10 code [0x00007fe6450e4fe0, 0x00007fe6450e53b0]
Event: 1.374 Thread 0x00007fe6100a4000 nmethod 1025 0x00007fe6450e5510 code [0x00007fe6450e56e0, 0x00007fe6450e5a10]
Event: 1.374 Thread 0x00007fe6100a4000 1027       3       java.util.LinkedHashMap::afterNodeRemoval (65 bytes)
Event: 1.374 Thread 0x00007fe65c14e000 1026       3       java.util.LinkedHashMap$LinkedKeyIterator::next (8 bytes)
Event: 1.374 Thread 0x00007fe65c14e000 nmethod 1026 0x00007fe6450e5b10 code [0x00007fe6450e5cc0, 0x00007fe6450e5e20]
Event: 1.374 Thread 0x00007fe6100a4000 nmethod 1027 0x00007fe6450e5f10 code [0x00007fe6450e60e0, 0x00007fe6450e6590]
Event: 1.375 Thread 0x00007fe65c14c000 nmethod 1016 0x00007fe64c3a2690 code [0x00007fe64c3a2820, 0x00007fe64c3a2c38]
Event: 1.375 Thread 0x00007fe65c14c000 1028       4       java.lang.String::indexOf (65 bytes)
Event: 1.375 Thread 0x00007fe60c088000 nmethod 1019 0x00007fe64c3a2e10 code [0x00007fe64c3a2fc0, 0x00007fe64c3a31b8]
Event: 1.375 Thread 0x00007fe60c088000 1029       4       java.lang.ThreadLocal$ThreadLocalMap::getEntry (42 bytes)
Event: 1.376 Thread 0x00007fe65c14c000 nmethod 1028 0x00007fe64c3a3390 code [0x00007fe64c3a3520, 0x00007fe64c3a3898]
Event: 1.376 Thread 0x00007fe60c088000 nmethod 1029 0x00007fe64c3a3990 code [0x00007fe64c3a3b40, 0x00007fe64c3a3ce8]
Event: 1.377 Thread 0x00007fe65c14c000 1030       4       java.lang.StringCoding::resultCached (50 bytes)
Event: 1.379 Thread 0x00007fe65c14c000 nmethod 1030 0x00007fe64c3a3e90 code [0x00007fe64c3a4060, 0x00007fe64c3a4318]
Event: 1.630 Thread 0x00007fe60c088000 1031       4       java.lang.String::checkBoundsBeginEnd (60 bytes)
Event: 1.631 Thread 0x00007fe60c088000 nmethod 1031 0x00007fe64c3a4610 code [0x00007fe64c3a47a0, 0x00007fe64c3a4838]

GC Heap History (0 events):
No events

Deoptimization events (20 events):
Event: 1.242 Thread 0x00007fe65c016800 DEOPT PACKING pc=0x00007fe644f37de2 sp=0x00007fe663c54ce0
Event: 1.242 Thread 0x00007fe65c016800 DEOPT UNPACKING pc=0x00007fe64480964a sp=0x00007fe663c541f0 mode 0
Event: 1.334 Thread 0x00007fe65c016800 Uncommon trap: trap_request=0xffffff76 fr.pc=0x00007fe64c3683e8 relative=0x0000000000000148
Event: 1.334 Thread 0x00007fe65c016800 Uncommon trap: reason=loop_limit_check action=maybe_recompile pc=0x00007fe64c3683e8 method=java.lang.StringLatin1.lastIndexOf([BII)I @ 19 c2
Event: 1.334 Thread 0x00007fe65c016800 DEOPT PACKING pc=0x00007fe64c3683e8 sp=0x00007fe663c57260
Event: 1.334 Thread 0x00007fe65c016800 DEOPT UNPACKING pc=0x00007fe644808ea5 sp=0x00007fe663c57210 mode 2
Event: 1.354 Thread 0x00007fe65c016800 Uncommon trap: trap_request=0xffffff4d fr.pc=0x00007fe64c388b94 relative=0x00000000000003f4
Event: 1.354 Thread 0x00007fe65c016800 Uncommon trap: reason=unstable_if action=reinterpret pc=0x00007fe64c388b94 method=java.lang.StringUTF16.compress([CI[BII)I @ 20 c2
Event: 1.354 Thread 0x00007fe65c016800 DEOPT PACKING pc=0x00007fe64c388b94 sp=0x00007fe663c57420
Event: 1.354 Thread 0x00007fe65c016800 DEOPT UNPACKING pc=0x00007fe644808ea5 sp=0x00007fe663c573c0 mode 2
Event: 1.354 Thread 0x00007fe65c016800 DEOPT PACKING pc=0x00007fe64500a1f5 sp=0x00007fe663c573f0
Event: 1.354 Thread 0x00007fe65c016800 DEOPT UNPACKING pc=0x00007fe64480964a sp=0x00007fe663c56890 mode 0
Event: 1.354 Thread 0x00007fe65c016800 Uncommon trap: trap_request=0xffffff4d fr.pc=0x00007fe64c383f3c relative=0x000000000000027c
Event: 1.354 Thread 0x00007fe65c016800 Uncommon trap: reason=unstable_if action=reinterpret pc=0x00007fe64c383f3c method=java.util.HashMap.getNode(ILjava/lang/Object;)Ljava/util/HashMap$Node; @ 84 c2
Event: 1.354 Thread 0x00007fe65c016800 DEOPT PACKING pc=0x00007fe64c383f3c sp=0x00007fe663c57430
Event: 1.354 Thread 0x00007fe65c016800 DEOPT UNPACKING pc=0x00007fe644808ea5 sp=0x00007fe663c57380 mode 2
Event: 1.354 Thread 0x00007fe65c016800 Uncommon trap: trap_request=0xffffff4d fr.pc=0x00007fe64c381480 relative=0x0000000000000240
Event: 1.354 Thread 0x00007fe65c016800 Uncommon trap: reason=unstable_if action=reinterpret pc=0x00007fe64c381480 method=java.util.HashMap.getNode(ILjava/lang/Object;)Ljava/util/HashMap$Node; @ 84 c2
Event: 1.354 Thread 0x00007fe65c016800 DEOPT PACKING pc=0x00007fe64c381480 sp=0x00007fe663c573b0
Event: 1.354 Thread 0x00007fe65c016800 DEOPT UNPACKING pc=0x00007fe644808ea5 sp=0x00007fe663c57378 mode 2

Classes redefined (0 events):
No events

Internal exceptions (20 events):
Event: 1.083 Thread 0x00007fe65c016800 Exception <a 'java/security/PrivilegedActionException'{0x000000008d3810c0}> (0x000000008d3810c0) thrown at [./src/hotspot/share/prims/jvm.cpp, line 1304]
Event: 1.083 Thread 0x00007fe65c016800 Exception <a 'java/security/PrivilegedActionException'{0x000000008d381390}> (0x000000008d381390) thrown at [./src/hotspot/share/prims/jvm.cpp, line 1304]
Event: 1.083 Thread 0x00007fe65c016800 Exception <a 'java/security/PrivilegedActionException'{0x000000008d381da0}> (0x000000008d381da0) thrown at [./src/hotspot/share/prims/jvm.cpp, line 1304]
Event: 1.083 Thread 0x00007fe65c016800 Exception <a 'java/security/PrivilegedActionException'{0x000000008d382070}> (0x000000008d382070) thrown at [./src/hotspot/share/prims/jvm.cpp, line 1304]
Event: 1.083 Thread 0x00007fe65c016800 Exception <a 'java/security/PrivilegedActionException'{0x000000008d382aa0}> (0x000000008d382aa0) thrown at [./src/hotspot/share/prims/jvm.cpp, line 1304]
Event: 1.083 Thread 0x00007fe65c016800 Exception <a 'java/security/PrivilegedActionException'{0x000000008d382d70}> (0x000000008d382d70) thrown at [./src/hotspot/share/prims/jvm.cpp, line 1304]
Event: 1.083 Thread 0x00007fe65c016800 Exception <a 'java/security/PrivilegedActionException'{0x000000008d383788}> (0x000000008d383788) thrown at [./src/hotspot/share/prims/jvm.cpp, line 1304]
Event: 1.083 Thread 0x00007fe65c016800 Exception <a 'java/security/PrivilegedActionException'{0x000000008d383a58}> (0x000000008d383a58) thrown at [./src/hotspot/share/prims/jvm.cpp, line 1304]
Event: 1.083 Thread 0x00007fe65c016800 Exception <a 'java/security/PrivilegedActionException'{0x000000008d384470}> (0x000000008d384470) thrown at [./src/hotspot/share/prims/jvm.cpp, line 1304]
Event: 1.083 Thread 0x00007fe65c016800 Exception <a 'java/security/PrivilegedActionException'{0x000000008d384740}> (0x000000008d384740) thrown at [./src/hotspot/share/prims/jvm.cpp, line 1304]
Event: 1.083 Thread 0x00007fe65c016800 Exception <a 'java/security/PrivilegedActionException'{0x000000008d385178}> (0x000000008d385178) thrown at [./src/hotspot/share/prims/jvm.cpp, line 1304]
Event: 1.083 Thread 0x00007fe65c016800 Exception <a 'java/security/PrivilegedActionException'{0x000000008d385448}> (0x000000008d385448) thrown at [./src/hotspot/share/prims/jvm.cpp, line 1304]
Event: 1.083 Thread 0x00007fe65c016800 Exception <a 'java/security/PrivilegedActionException'{0x000000008d385e78}> (0x000000008d385e78) thrown at [./src/hotspot/share/prims/jvm.cpp, line 1304]
Event: 1.083 Thread 0x00007fe65c016800 Exception <a 'java/security/PrivilegedActionException'{0x000000008d386148}> (0x000000008d386148) thrown at [./src/hotspot/share/prims/jvm.cpp, line 1304]
Event: 1.083 Thread 0x00007fe65c016800 Exception <a 'java/security/PrivilegedActionException'{0x000000008d386b80}> (0x000000008d386b80) thrown at [./src/hotspot/share/prims/jvm.cpp, line 1304]
Event: 1.083 Thread 0x00007fe65c016800 Exception <a 'java/security/PrivilegedActionException'{0x000000008d386e50}> (0x000000008d386e50) thrown at [./src/hotspot/share/prims/jvm.cpp, line 1304]
Event: 1.083 Thread 0x00007fe65c016800 Exception <a 'java/security/PrivilegedActionException'{0x000000008d387868}> (0x000000008d387868) thrown at [./src/hotspot/share/prims/jvm.cpp, line 1304]
Event: 1.083 Thread 0x00007fe65c016800 Exception <a 'java/security/PrivilegedActionException'{0x000000008d387b38}> (0x000000008d387b38) thrown at [./src/hotspot/share/prims/jvm.cpp, line 1304]
Event: 1.083 Thread 0x00007fe65c016800 Exception <a 'java/security/PrivilegedActionException'{0x000000008d388588}> (0x000000008d388588) thrown at [./src/hotspot/share/prims/jvm.cpp, line 1304]
Event: 1.083 Thread 0x00007fe65c016800 Exception <a 'java/security/PrivilegedActionException'{0x000000008d388858}> (0x000000008d388858) thrown at [./src/hotspot/share/prims/jvm.cpp, line 1304]

Events (20 events):
Event: 4.680 Executing VM operation: GetStackTrace
Event: 4.680 Executing VM operation: GetStackTrace done
Event: 6.631 Thread 0x00007fe6100a4000 Thread exited: 0x00007fe6100a4000
Event: 6.631 Thread 0x00007fe60c088000 Thread exited: 0x00007fe60c088000
Event: 8.599 Executing VM operation: GetFrameCount
Event: 8.599 Executing VM operation: GetFrameCount done
Event: 8.599 Executing VM operation: SetFramePop
Event: 8.599 Executing VM operation: SetFramePop done
Event: 8.600 Executing VM operation: GetFrameLocation
Event: 8.600 Executing VM operation: GetFrameLocation done
Event: 8.600 Executing VM operation: GetCurrentLocation
Event: 8.600 Executing VM operation: GetCurrentLocation done
Event: 8.600 Executing VM operation: ChangeSingleStep
Event: 8.600 Executing VM operation: ChangeSingleStep done
Event: 8.601 Executing VM operation: ChangeSingleStep
Event: 8.601 Executing VM operation: ChangeSingleStep done
Event: 8.602 Executing VM operation: GetCurrentLocation
Event: 8.602 Executing VM operation: GetCurrentLocation done
Event: 8.602 Executing VM operation: ChangeSingleStep
Event: 8.602 Executing VM operation: ChangeSingleStep done


Dynamic libraries:
86000000-8da00000 rw-p 00000000 00:00 0 
8da00000-ffe00000 ---p 00000000 00:00 0 
ffe00000-ffe48000 rw-p 00b14000 08:20 29394                              /usr/lib/jvm/java-11-openjdk-amd64/lib/server/classes.jsa
ffe48000-fff00000 rw-p 00000000 00:00 0 
fff00000-fff6c000 rw-p 00aa8000 08:20 29394                              /usr/lib/jvm/java-11-openjdk-amd64/lib/server/classes.jsa
fff6c000-100000000 rw-p 00000000 00:00 0 
800000000-800002000 rwxp 00001000 08:20 29394                            /usr/lib/jvm/java-11-openjdk-amd64/lib/server/classes.jsa
800002000-800aa7000 rw-p 00003000 08:20 29394                            /usr/lib/jvm/java-11-openjdk-amd64/lib/server/classes.jsa
840000000-8400c0000 rw-p 00000000 00:00 0 
8400c0000-880000000 ---p 00000000 00:00 0 
55f022bc7000-55f022bc8000 r--p 00000000 08:20 58380                      /usr/lib/jvm/java-11-openjdk-amd64/bin/java
55f022bc8000-55f022bc9000 r-xp 00001000 08:20 58380                      /usr/lib/jvm/java-11-openjdk-amd64/bin/java
55f022bc9000-55f022bca000 r--p 00002000 08:20 58380                      /usr/lib/jvm/java-11-openjdk-amd64/bin/java
55f022bca000-55f022bcb000 r--p 00002000 08:20 58380                      /usr/lib/jvm/java-11-openjdk-amd64/bin/java
55f022bcb000-55f022bcc000 rw-p 00003000 08:20 58380                      /usr/lib/jvm/java-11-openjdk-amd64/bin/java
55f04043d000-55f04045e000 rw-p 00000000 00:00 0                          [heap]
7fe5dd52c000-7fe5dde52000 r--p 00000000 08:20 227212                     /home/itshandable/.javacpp/cache/llvm-13.0.1-1.5.7-linux-x86_64.jar/org/bytedeco/llvm/linux-x86_64/libLLVM-13.so
7fe5dde52000-7fe5e1815000 r-xp 00926000 08:20 227212                     /home/itshandable/.javacpp/cache/llvm-13.0.1-1.5.7-linux-x86_64.jar/org/bytedeco/llvm/linux-x86_64/libLLVM-13.so
7fe5e1815000-7fe5e3a6a000 r--p 042e9000 08:20 227212                     /home/itshandable/.javacpp/cache/llvm-13.0.1-1.5.7-linux-x86_64.jar/org/bytedeco/llvm/linux-x86_64/libLLVM-13.so
7fe5e3a6a000-7fe5e3f7f000 r--p 0653d000 08:20 227212                     /home/itshandable/.javacpp/cache/llvm-13.0.1-1.5.7-linux-x86_64.jar/org/bytedeco/llvm/linux-x86_64/libLLVM-13.so
7fe5e3f7f000-7fe5e3f8a000 rw-p 06a52000 08:20 227212                     /home/itshandable/.javacpp/cache/llvm-13.0.1-1.5.7-linux-x86_64.jar/org/bytedeco/llvm/linux-x86_64/libLLVM-13.so
7fe5e3f8a000-7fe5e4000000 rw-p 00000000 00:00 0 
7fe5e4000000-7fe5e4085000 rw-p 00000000 00:00 0 
7fe5e4085000-7fe5e8000000 ---p 00000000 00:00 0 
7fe5ec000000-7fe5ec021000 rw-p 00000000 00:00 0 
7fe5ec021000-7fe5f0000000 ---p 00000000 00:00 0 
7fe5f0000000-7fe5f0021000 rw-p 00000000 00:00 0 
7fe5f0021000-7fe5f4000000 ---p 00000000 00:00 0 
7fe5f4000000-7fe5f4021000 rw-p 00000000 00:00 0 
7fe5f4021000-7fe5f8000000 ---p 00000000 00:00 0 
7fe5f8000000-7fe5f8021000 rw-p 00000000 00:00 0 
7fe5f8021000-7fe5fc000000 ---p 00000000 00:00 0 
7fe5fc000000-7fe5fc023000 rw-p 00000000 00:00 0 
7fe5fc023000-7fe600000000 ---p 00000000 00:00 0 
7fe600000000-7fe600021000 rw-p 00000000 00:00 0 
7fe600021000-7fe604000000 ---p 00000000 00:00 0 
7fe604000000-7fe604021000 rw-p 00000000 00:00 0 
7fe604021000-7fe608000000 ---p 00000000 00:00 0 
7fe608000000-7fe608480000 rw-p 00000000 00:00 0 
7fe608480000-7fe60c000000 ---p 00000000 00:00 0 
7fe60c000000-7fe60c0db000 rw-p 00000000 00:00 0 
7fe60c0db000-7fe610000000 ---p 00000000 00:00 0 
7fe610000000-7fe610156000 rw-p 00000000 00:00 0 
7fe610156000-7fe614000000 ---p 00000000 00:00 0 
7fe614000000-7fe614021000 rw-p 00000000 00:00 0 
7fe614021000-7fe618000000 ---p 00000000 00:00 0 
7fe618000000-7fe618021000 rw-p 00000000 00:00 0 
7fe618021000-7fe61c000000 ---p 00000000 00:00 0 
7fe61c000000-7fe61c021000 rw-p 00000000 00:00 0 
7fe61c021000-7fe620000000 ---p 00000000 00:00 0 
7fe620000000-7fe620021000 rw-p 00000000 00:00 0 
7fe620021000-7fe624000000 ---p 00000000 00:00 0 
7fe624000000-7fe624021000 rw-p 00000000 00:00 0 
7fe624021000-7fe628000000 ---p 00000000 00:00 0 
7fe628000000-7fe628021000 rw-p 00000000 00:00 0 
7fe628021000-7fe62c000000 ---p 00000000 00:00 0 
7fe62c000000-7fe62c021000 rw-p 00000000 00:00 0 
7fe62c021000-7fe630000000 ---p 00000000 00:00 0 
7fe630000000-7fe630021000 rw-p 00000000 00:00 0 
7fe630021000-7fe634000000 ---p 00000000 00:00 0 
7fe634877000-7fe6358f9000 rw-p 00000000 00:00 0 
7fe6358f9000-7fe63595e000 r--p 00000000 08:20 227234                     /home/itshandable/.javacpp/cache/llvm-13.0.1-1.5.7-linux-x86_64.jar/org/bytedeco/llvm/linux-x86_64/libjniLLVM.so
7fe63595e000-7fe6359cc000 r-xp 00065000 08:20 227234                     /home/itshandable/.javacpp/cache/llvm-13.0.1-1.5.7-linux-x86_64.jar/org/bytedeco/llvm/linux-x86_64/libjniLLVM.so
7fe6359cc000-7fe6359f7000 r--p 000d3000 08:20 227234                     /home/itshandable/.javacpp/cache/llvm-13.0.1-1.5.7-linux-x86_64.jar/org/bytedeco/llvm/linux-x86_64/libjniLLVM.so
7fe6359f7000-7fe6359fa000 r--p 000fd000 08:20 227234                     /home/itshandable/.javacpp/cache/llvm-13.0.1-1.5.7-linux-x86_64.jar/org/bytedeco/llvm/linux-x86_64/libjniLLVM.so
7fe6359fa000-7fe6359fd000 rw-p 00100000 08:20 227234                     /home/itshandable/.javacpp/cache/llvm-13.0.1-1.5.7-linux-x86_64.jar/org/bytedeco/llvm/linux-x86_64/libjniLLVM.so
7fe6359fd000-7fe6359ff000 rw-p 00000000 00:00 0 
7fe6359ff000-7fe635a03000 ---p 00000000 00:00 0 
7fe635a03000-7fe635aff000 rw-p 00000000 00:00 0 
7fe635aff000-7fe635b03000 ---p 00000000 00:00 0 
7fe635b03000-7fe635bff000 rw-p 00000000 00:00 0 
7fe635bff000-7fe635c03000 ---p 00000000 00:00 0 
7fe635c03000-7fe635cff000 rw-p 00000000 00:00 0 
7fe635cff000-7fe635d00000 ---p 00000000 00:00 0 
7fe635d00000-7fe635e00000 rw-p 00000000 00:00 0 
7fe635e00000-7fe635e04000 ---p 00000000 00:00 0 
7fe635e04000-7fe635f00000 rw-p 00000000 00:00 0 
7fe635f00000-7fe635f04000 ---p 00000000 00:00 0 
7fe635f04000-7fe638000000 rw-p 00000000 00:00 0 
7fe638000000-7fe638021000 rw-p 00000000 00:00 0 
7fe638021000-7fe63c000000 ---p 00000000 00:00 0 
7fe63c000000-7fe63c004000 ---p 00000000 00:00 0 
7fe63c004000-7fe63c100000 rw-p 00000000 00:00 0 
7fe63c100000-7fe63c104000 ---p 00000000 00:00 0 
7fe63c104000-7fe63c200000 rw-p 00000000 00:00 0 
7fe63c200000-7fe63c204000 ---p 00000000 00:00 0 
7fe63c204000-7fe63c4e8000 rw-p 00000000 00:00 0 
7fe63c4e8000-7fe63e178000 ---p 00000000 00:00 0 
7fe63e178000-7fe63e368000 rw-p 00000000 00:00 0 
7fe63e368000-7fe63fff8000 ---p 00000000 00:00 0 
7fe63fff8000-7fe640000000 rw-p 00000000 00:00 0 
7fe640000000-7fe640021000 rw-p 00000000 00:00 0 
7fe640021000-7fe644000000 ---p 00000000 00:00 0 
7fe64402a000-7fe644031000 r--p 00000000 08:20 227217                     /home/itshandable/.javacpp/cache/llvm-13.0.1-1.5.7-linux-x86_64.jar/org/bytedeco/llvm/linux-x86_64/libLTO.so.13
7fe644031000-7fe644039000 r-xp 00007000 08:20 227217                     /home/itshandable/.javacpp/cache/llvm-13.0.1-1.5.7-linux-x86_64.jar/org/bytedeco/llvm/linux-x86_64/libLTO.so.13
7fe644039000-7fe64403b000 r--p 0000f000 08:20 227217                     /home/itshandable/.javacpp/cache/llvm-13.0.1-1.5.7-linux-x86_64.jar/org/bytedeco/llvm/linux-x86_64/libLTO.so.13
7fe64403b000-7fe64403c000 r--p 00010000 08:20 227217                     /home/itshandable/.javacpp/cache/llvm-13.0.1-1.5.7-linux-x86_64.jar/org/bytedeco/llvm/linux-x86_64/libLTO.so.13
7fe64403c000-7fe64403d000 rw-p 00011000 08:20 227217                     /home/itshandable/.javacpp/cache/llvm-13.0.1-1.5.7-linux-x86_64.jar/org/bytedeco/llvm/linux-x86_64/libLTO.so.13
7fe64403d000-7fe64403e000 r--p 00000000 08:20 64938                      /usr/lib/x86_64-linux-gnu/libdl.so.2
7fe64403e000-7fe64403f000 r-xp 00001000 08:20 64938                      /usr/lib/x86_64-linux-gnu/libdl.so.2
7fe64403f000-7fe644040000 r--p 00002000 08:20 64938                      /usr/lib/x86_64-linux-gnu/libdl.so.2
7fe644040000-7fe644041000 r--p 00002000 08:20 64938                      /usr/lib/x86_64-linux-gnu/libdl.so.2
7fe644041000-7fe644042000 rw-p 00003000 08:20 64938                      /usr/lib/x86_64-linux-gnu/libdl.so.2
7fe64404b000-7fe64404c000 r--p 00000000 08:20 227228                     /home/itshandable/.javacpp/cache/llvm-13.0.1-1.5.7-linux-x86_64.jar/org/bytedeco/llvm/linux-x86_64/libRemarks.so.13
7fe64404c000-7fe64404d000 r-xp 00001000 08:20 227228                     /home/itshandable/.javacpp/cache/llvm-13.0.1-1.5.7-linux-x86_64.jar/org/bytedeco/llvm/linux-x86_64/libRemarks.so.13
7fe64404d000-7fe64404e000 r--p 00002000 08:20 227228                     /home/itshandable/.javacpp/cache/llvm-13.0.1-1.5.7-linux-x86_64.jar/org/bytedeco/llvm/linux-x86_64/libRemarks.so.13
7fe64404e000-7fe64404f000 r--p 00002000 08:20 227228                     /home/itshandable/.javacpp/cache/llvm-13.0.1-1.5.7-linux-x86_64.jar/org/bytedeco/llvm/linux-x86_64/libRemarks.so.13
7fe64404f000-7fe644050000 rw-p 00003000 08:20 227228                     /home/itshandable/.javacpp/cache/llvm-13.0.1-1.5.7-linux-x86_64.jar/org/bytedeco/llvm/linux-x86_64/libRemarks.so.13
7fe644050000-7fe644054000 r--p 00000000 08:20 227196                     /home/itshandable/.javacpp/cache/javacpp-1.5.7-linux-x86_64.jar/org/bytedeco/javacpp/linux-x86_64/libjnijavacpp.so
7fe644054000-7fe64405b000 r-xp 00004000 08:20 227196                     /home/itshandable/.javacpp/cache/javacpp-1.5.7-linux-x86_64.jar/org/bytedeco/javacpp/linux-x86_64/libjnijavacpp.so
7fe64405b000-7fe64405f000 r--p 0000b000 08:20 227196                     /home/itshandable/.javacpp/cache/javacpp-1.5.7-linux-x86_64.jar/org/bytedeco/javacpp/linux-x86_64/libjnijavacpp.so
7fe64405f000-7fe644060000 r--p 0000e000 08:20 227196                     /home/itshandable/.javacpp/cache/javacpp-1.5.7-linux-x86_64.jar/org/bytedeco/javacpp/linux-x86_64/libjnijavacpp.so
7fe644060000-7fe644061000 rw-p 0000f000 08:20 227196                     /home/itshandable/.javacpp/cache/javacpp-1.5.7-linux-x86_64.jar/org/bytedeco/javacpp/linux-x86_64/libjnijavacpp.so
7fe644061000-7fe644092000 rw-p 00000000 00:00 0 
7fe644092000-7fe644096000 r--p 00000000 08:20 58728                      /usr/lib/jvm/java-11-openjdk-amd64/lib/libnet.so
7fe644096000-7fe6440a4000 r-xp 00004000 08:20 58728                      /usr/lib/jvm/java-11-openjdk-amd64/lib/libnet.so
7fe6440a4000-7fe6440a8000 r--p 00012000 08:20 58728                      /usr/lib/jvm/java-11-openjdk-amd64/lib/libnet.so
7fe6440a8000-7fe6440a9000 r--p 00015000 08:20 58728                      /usr/lib/jvm/java-11-openjdk-amd64/lib/libnet.so
7fe6440a9000-7fe6440aa000 rw-p 00016000 08:20 58728                      /usr/lib/jvm/java-11-openjdk-amd64/lib/libnet.so
7fe6440aa000-7fe6440b1000 r--p 00000000 08:20 58729                      /usr/lib/jvm/java-11-openjdk-amd64/lib/libnio.so
7fe6440b1000-7fe6440b9000 r-xp 00007000 08:20 58729                      /usr/lib/jvm/java-11-openjdk-amd64/lib/libnio.so
7fe6440b9000-7fe6440bc000 r--p 0000f000 08:20 58729                      /usr/lib/jvm/java-11-openjdk-amd64/lib/libnio.so
7fe6440bc000-7fe6440bd000 r--p 00011000 08:20 58729                      /usr/lib/jvm/java-11-openjdk-amd64/lib/libnio.so
7fe6440bd000-7fe6440be000 rw-p 00012000 08:20 58729                      /usr/lib/jvm/java-11-openjdk-amd64/lib/libnio.so
7fe6440be000-7fe6440c2000 ---p 00000000 00:00 0 
7fe6440c2000-7fe6441be000 rw-p 00000000 00:00 0 
7fe6441be000-7fe6441c2000 ---p 00000000 00:00 0 
7fe6441c2000-7fe6442be000 rw-p 00000000 00:00 0 
7fe6442be000-7fe6442c2000 ---p 00000000 00:00 0 
7fe6442c2000-7fe6443be000 rw-p 00000000 00:00 0 
7fe6443be000-7fe6443c2000 ---p 00000000 00:00 0 
7fe6443c2000-7fe6444be000 rw-p 00000000 00:00 0 
7fe6444be000-7fe6444c2000 ---p 00000000 00:00 0 
7fe6444c2000-7fe6445be000 rw-p 00000000 00:00 0 
7fe6445be000-7fe6445c2000 ---p 00000000 00:00 0 
7fe6445c2000-7fe6446be000 rw-p 00000000 00:00 0 
7fe6446be000-7fe6446bf000 ---p 00000000 00:00 0 
7fe6446bf000-7fe6447bf000 rw-p 00000000 00:00 0 
7fe6447bf000-7fe644a2f000 rwxp 00000000 00:00 0 
7fe644a2f000-7fe644efe000 ---p 00000000 00:00 0 
7fe644efe000-7fe64516e000 rwxp 00000000 00:00 0 
7fe64516e000-7fe64c35e000 ---p 00000000 00:00 0 
7fe64c35e000-7fe64c5ce000 rwxp 00000000 00:00 0 
7fe64c5ce000-7fe6537bf000 ---p 00000000 00:00 0 
7fe6537bf000-7fe65c000000 r--s 00000000 08:20 58738                      /usr/lib/jvm/java-11-openjdk-amd64/lib/modules
7fe65c000000-7fe65c3e3000 rw-p 00000000 00:00 0 
7fe65c3e3000-7fe660000000 ---p 00000000 00:00 0 
7fe660004000-7fe660005000 r--p 00000000 08:20 64948                      /usr/lib/x86_64-linux-gnu/libpthread.so.0
7fe660005000-7fe660006000 r-xp 00001000 08:20 64948                      /usr/lib/x86_64-linux-gnu/libpthread.so.0
7fe660006000-7fe660007000 r--p 00002000 08:20 64948                      /usr/lib/x86_64-linux-gnu/libpthread.so.0
7fe660007000-7fe660008000 r--p 00002000 08:20 64948                      /usr/lib/x86_64-linux-gnu/libpthread.so.0
7fe660008000-7fe660009000 rw-p 00003000 08:20 64948                      /usr/lib/x86_64-linux-gnu/libpthread.so.0
7fe660009000-7fe66000b000 r--p 00000000 08:20 58709                      /usr/lib/jvm/java-11-openjdk-amd64/lib/libdt_socket.so
7fe66000b000-7fe66000e000 r-xp 00002000 08:20 58709                      /usr/lib/jvm/java-11-openjdk-amd64/lib/libdt_socket.so
7fe66000e000-7fe66000f000 r--p 00005000 08:20 58709                      /usr/lib/jvm/java-11-openjdk-amd64/lib/libdt_socket.so
7fe66000f000-7fe660010000 ---p 00006000 08:20 58709                      /usr/lib/jvm/java-11-openjdk-amd64/lib/libdt_socket.so
7fe660010000-7fe660011000 r--p 00006000 08:20 58709                      /usr/lib/jvm/java-11-openjdk-amd64/lib/libdt_socket.so
7fe660011000-7fe660012000 rw-p 00007000 08:20 58709                      /usr/lib/jvm/java-11-openjdk-amd64/lib/libdt_socket.so
7fe660012000-7fe660716000 rw-p 00000000 00:00 0 
7fe660716000-7fe660916000 ---p 00000000 00:00 0 
7fe660916000-7fe660958000 rw-p 00000000 00:00 0 
7fe660958000-7fe660959000 ---p 00000000 00:00 0 
7fe660959000-7fe660a59000 rw-p 00000000 00:00 0 
7fe660a59000-7fe660a5a000 ---p 00000000 00:00 0 
7fe660a5a000-7fe661a69000 rw-p 00000000 00:00 0 
7fe661a69000-7fe661a6a000 ---p 00000000 00:00 0 
7fe661a6a000-7fe661b6a000 rw-p 00000000 00:00 0 
7fe661b6a000-7fe661b6b000 ---p 00000000 00:00 0 
7fe661b6b000-7fe661da0000 rw-p 00000000 00:00 0 
7fe661da0000-7fe662132000 ---p 00000000 00:00 0 
7fe662132000-7fe662170000 rw-p 00000000 00:00 0 
7fe662170000-7fe662502000 ---p 00000000 00:00 0 
7fe662502000-7fe662540000 rw-p 00000000 00:00 0 
7fe662540000-7fe6628d2000 ---p 00000000 00:00 0 
7fe6628d2000-7fe6637e2000 rw-p 00000000 00:00 0 
7fe6637e2000-7fe6637e3000 ---p 00000000 00:00 0 
7fe6637e3000-7fe6638e8000 rw-p 00000000 00:00 0 
7fe6638e8000-7fe6639cc000 ---p 00000000 00:00 0 
7fe6639cc000-7fe6639d1000 rw-p 00000000 00:00 0 
7fe6639d1000-7fe663ab5000 ---p 00000000 00:00 0 
7fe663ab5000-7fe663aba000 rw-p 00000000 00:00 0 
7fe663aba000-7fe663ac4000 ---p 00000000 00:00 0 
7fe663ac4000-7fe663ac6000 r--p 00000000 08:20 58737                      /usr/lib/jvm/java-11-openjdk-amd64/lib/libzip.so
7fe663ac6000-7fe663acb000 r-xp 00002000 08:20 58737                      /usr/lib/jvm/java-11-openjdk-amd64/lib/libzip.so
7fe663acb000-7fe663acd000 r--p 00007000 08:20 58737                      /usr/lib/jvm/java-11-openjdk-amd64/lib/libzip.so
7fe663acd000-7fe663ace000 r--p 00008000 08:20 58737                      /usr/lib/jvm/java-11-openjdk-amd64/lib/libzip.so
7fe663ace000-7fe663acf000 rw-p 00009000 08:20 58737                      /usr/lib/jvm/java-11-openjdk-amd64/lib/libzip.so
7fe663acf000-7fe663ad7000 rw-s 00000000 08:20 2255                       /tmp/hsperfdata_itshandable/134366
7fe663ad7000-7fe663ad9000 r--p 00000000 08:20 58719                      /usr/lib/jvm/java-11-openjdk-amd64/lib/libjdwp.so
7fe663ad9000-7fe663b05000 r-xp 00002000 08:20 58719                      /usr/lib/jvm/java-11-openjdk-amd64/lib/libjdwp.so
7fe663b05000-7fe663b13000 r--p 0002e000 08:20 58719                      /usr/lib/jvm/java-11-openjdk-amd64/lib/libjdwp.so
7fe663b13000-7fe663b14000 r--p 0003b000 08:20 58719                      /usr/lib/jvm/java-11-openjdk-amd64/lib/libjdwp.so
7fe663b14000-7fe663b15000 rw-p 0003c000 08:20 58719                      /usr/lib/jvm/java-11-openjdk-amd64/lib/libjdwp.so
7fe663b15000-7fe663b23000 r--p 00000000 08:20 58717                      /usr/lib/jvm/java-11-openjdk-amd64/lib/libjava.so
7fe663b23000-7fe663b39000 r-xp 0000e000 08:20 58717                      /usr/lib/jvm/java-11-openjdk-amd64/lib/libjava.so
7fe663b39000-7fe663b40000 r--p 00024000 08:20 58717                      /usr/lib/jvm/java-11-openjdk-amd64/lib/libjava.so
7fe663b40000-7fe663b41000 r--p 0002a000 08:20 58717                      /usr/lib/jvm/java-11-openjdk-amd64/lib/libjava.so
7fe663b41000-7fe663b42000 rw-p 0002b000 08:20 58717                      /usr/lib/jvm/java-11-openjdk-amd64/lib/libjava.so
7fe663b42000-7fe663b43000 rw-p 00000000 00:00 0 
7fe663b43000-7fe663b48000 r--p 00000000 08:20 58736                      /usr/lib/jvm/java-11-openjdk-amd64/lib/libverify.so
7fe663b48000-7fe663b4f000 r-xp 00005000 08:20 58736                      /usr/lib/jvm/java-11-openjdk-amd64/lib/libverify.so
7fe663b4f000-7fe663b51000 r--p 0000c000 08:20 58736                      /usr/lib/jvm/java-11-openjdk-amd64/lib/libverify.so
7fe663b51000-7fe663b53000 r--p 0000d000 08:20 58736                      /usr/lib/jvm/java-11-openjdk-amd64/lib/libverify.so
7fe663b53000-7fe663b54000 rw-p 0000f000 08:20 58736                      /usr/lib/jvm/java-11-openjdk-amd64/lib/libverify.so
7fe663b54000-7fe663b55000 r--p 00000000 08:20 64951                      /usr/lib/x86_64-linux-gnu/librt.so.1
7fe663b55000-7fe663b56000 r-xp 00001000 08:20 64951                      /usr/lib/x86_64-linux-gnu/librt.so.1
7fe663b56000-7fe663b57000 r--p 00002000 08:20 64951                      /usr/lib/x86_64-linux-gnu/librt.so.1
7fe663b57000-7fe663b58000 r--p 00002000 08:20 64951                      /usr/lib/x86_64-linux-gnu/librt.so.1
7fe663b58000-7fe663b59000 rw-p 00003000 08:20 64951                      /usr/lib/x86_64-linux-gnu/librt.so.1
7fe663b59000-7fe663b5d000 ---p 00000000 00:00 0 
7fe663b5d000-7fe663c59000 rw-p 00000000 00:00 0 
7fe663c59000-7fe663c5c000 r--p 00000000 08:20 6709                       /usr/lib/x86_64-linux-gnu/libgcc_s.so.1
7fe663c5c000-7fe663c73000 r-xp 00003000 08:20 6709                       /usr/lib/x86_64-linux-gnu/libgcc_s.so.1
7fe663c73000-7fe663c77000 r--p 0001a000 08:20 6709                       /usr/lib/x86_64-linux-gnu/libgcc_s.so.1
7fe663c77000-7fe663c78000 r--p 0001d000 08:20 6709                       /usr/lib/x86_64-linux-gnu/libgcc_s.so.1
7fe663c78000-7fe663c79000 rw-p 0001e000 08:20 6709                       /usr/lib/x86_64-linux-gnu/libgcc_s.so.1
7fe663c79000-7fe663c87000 r--p 00000000 08:20 64939                      /usr/lib/x86_64-linux-gnu/libm.so.6
7fe663c87000-7fe663d03000 r-xp 0000e000 08:20 64939                      /usr/lib/x86_64-linux-gnu/libm.so.6
7fe663d03000-7fe663d5e000 r--p 0008a000 08:20 64939                      /usr/lib/x86_64-linux-gnu/libm.so.6
7fe663d5e000-7fe663d5f000 r--p 000e4000 08:20 64939                      /usr/lib/x86_64-linux-gnu/libm.so.6
7fe663d5f000-7fe663d60000 rw-p 000e5000 08:20 64939                      /usr/lib/x86_64-linux-gnu/libm.so.6
7fe663d60000-7fe663dfa000 r--p 00000000 08:20 6947                       /usr/lib/x86_64-linux-gnu/libstdc++.so.6.0.30
7fe663dfa000-7fe663f0b000 r-xp 0009a000 08:20 6947                       /usr/lib/x86_64-linux-gnu/libstdc++.so.6.0.30
7fe663f0b000-7fe663f7a000 r--p 001ab000 08:20 6947                       /usr/lib/x86_64-linux-gnu/libstdc++.so.6.0.30
7fe663f7a000-7fe663f7b000 ---p 0021a000 08:20 6947                       /usr/lib/x86_64-linux-gnu/libstdc++.so.6.0.30
7fe663f7b000-7fe663f86000 r--p 0021a000 08:20 6947                       /usr/lib/x86_64-linux-gnu/libstdc++.so.6.0.30
7fe663f86000-7fe663f89000 rw-p 00225000 08:20 6947                       /usr/lib/x86_64-linux-gnu/libstdc++.so.6.0.30
7fe663f89000-7fe663f8c000 rw-p 00000000 00:00 0 
7fe663f8c000-7fe66420f000 r--p 00000000 08:20 58741                      /usr/lib/jvm/java-11-openjdk-amd64/lib/server/libjvm.so
7fe66420f000-7fe664eba000 r-xp 00283000 08:20 58741                      /usr/lib/jvm/java-11-openjdk-amd64/lib/server/libjvm.so
7fe664eba000-7fe665116000 r--p 00f2e000 08:20 58741                      /usr/lib/jvm/java-11-openjdk-amd64/lib/server/libjvm.so
7fe665116000-7fe6651da000 r--p 01189000 08:20 58741                      /usr/lib/jvm/java-11-openjdk-amd64/lib/server/libjvm.so
7fe6651da000-7fe665215000 rw-p 0124d000 08:20 58741                      /usr/lib/jvm/java-11-openjdk-amd64/lib/server/libjvm.so
7fe665215000-7fe66526f000 rw-p 00000000 00:00 0 
7fe66526f000-7fe665297000 r--p 00000000 08:20 64935                      /usr/lib/x86_64-linux-gnu/libc.so.6
7fe665297000-7fe66542c000 r-xp 00028000 08:20 64935                      /usr/lib/x86_64-linux-gnu/libc.so.6
7fe66542c000-7fe665484000 r--p 001bd000 08:20 64935                      /usr/lib/x86_64-linux-gnu/libc.so.6
7fe665484000-7fe665485000 ---p 00215000 08:20 64935                      /usr/lib/x86_64-linux-gnu/libc.so.6
7fe665485000-7fe665489000 r--p 00215000 08:20 64935                      /usr/lib/x86_64-linux-gnu/libc.so.6
7fe665489000-7fe66548b000 rw-p 00219000 08:20 64935                      /usr/lib/x86_64-linux-gnu/libc.so.6
7fe66548b000-7fe665498000 rw-p 00000000 00:00 0 
7fe665498000-7fe66549b000 r--p 00000000 08:20 58702                      /usr/lib/jvm/java-11-openjdk-amd64/lib/jli/libjli.so
7fe66549b000-7fe6654a5000 r-xp 00003000 08:20 58702                      /usr/lib/jvm/java-11-openjdk-amd64/lib/jli/libjli.so
7fe6654a5000-7fe6654a8000 r--p 0000d000 08:20 58702                      /usr/lib/jvm/java-11-openjdk-amd64/lib/jli/libjli.so
7fe6654a8000-7fe6654a9000 ---p 00010000 08:20 58702                      /usr/lib/jvm/java-11-openjdk-amd64/lib/jli/libjli.so
7fe6654a9000-7fe6654aa000 r--p 00010000 08:20 58702                      /usr/lib/jvm/java-11-openjdk-amd64/lib/jli/libjli.so
7fe6654aa000-7fe6654ab000 rw-p 00011000 08:20 58702                      /usr/lib/jvm/java-11-openjdk-amd64/lib/jli/libjli.so
7fe6654ab000-7fe6654ad000 r--p 00000000 08:20 6997                       /usr/lib/x86_64-linux-gnu/libz.so.1.2.11
7fe6654ad000-7fe6654be000 r-xp 00002000 08:20 6997                       /usr/lib/x86_64-linux-gnu/libz.so.1.2.11
7fe6654be000-7fe6654c4000 r--p 00013000 08:20 6997                       /usr/lib/x86_64-linux-gnu/libz.so.1.2.11
7fe6654c4000-7fe6654c5000 ---p 00019000 08:20 6997                       /usr/lib/x86_64-linux-gnu/libz.so.1.2.11
7fe6654c5000-7fe6654c6000 r--p 00019000 08:20 6997                       /usr/lib/x86_64-linux-gnu/libz.so.1.2.11
7fe6654c6000-7fe6654c7000 rw-p 0001a000 08:20 6997                       /usr/lib/x86_64-linux-gnu/libz.so.1.2.11
7fe6654ca000-7fe6654cb000 ---p 00000000 00:00 0 
7fe6654cb000-7fe6654cc000 r--p 00000000 00:00 0 
7fe6654cc000-7fe6654ce000 r--p 00000000 08:20 58720                      /usr/lib/jvm/java-11-openjdk-amd64/lib/libjimage.so
7fe6654ce000-7fe6654d1000 r-xp 00002000 08:20 58720                      /usr/lib/jvm/java-11-openjdk-amd64/lib/libjimage.so
7fe6654d1000-7fe6654d2000 r--p 00005000 08:20 58720                      /usr/lib/jvm/java-11-openjdk-amd64/lib/libjimage.so
7fe6654d2000-7fe6654d3000 ---p 00006000 08:20 58720                      /usr/lib/jvm/java-11-openjdk-amd64/lib/libjimage.so
7fe6654d3000-7fe6654d4000 r--p 00006000 08:20 58720                      /usr/lib/jvm/java-11-openjdk-amd64/lib/libjimage.so
7fe6654d4000-7fe6654d5000 rw-p 00007000 08:20 58720                      /usr/lib/jvm/java-11-openjdk-amd64/lib/libjimage.so
7fe6654d5000-7fe6654d7000 rw-p 00000000 00:00 0 
7fe6654d7000-7fe6654d9000 r--p 00000000 08:20 64930                      /usr/lib/x86_64-linux-gnu/ld-linux-x86-64.so.2
7fe6654d9000-7fe665503000 r-xp 00002000 08:20 64930                      /usr/lib/x86_64-linux-gnu/ld-linux-x86-64.so.2
7fe665503000-7fe66550e000 r--p 0002c000 08:20 64930                      /usr/lib/x86_64-linux-gnu/ld-linux-x86-64.so.2
7fe66550f000-7fe665511000 r--p 00037000 08:20 64930                      /usr/lib/x86_64-linux-gnu/ld-linux-x86-64.so.2
7fe665511000-7fe665513000 rw-p 00039000 08:20 64930                      /usr/lib/x86_64-linux-gnu/ld-linux-x86-64.so.2
7ffd0df00000-7ffd0df21000 rw-p 00000000 00:00 0                          [stack]
7ffd0df64000-7ffd0df68000 r--p 00000000 00:00 0                          [vvar]
7ffd0df68000-7ffd0df6a000 r-xp 00000000 00:00 0                          [vdso]


VM Arguments:
jvm_args: -agentlib:jdwp=transport=dt_socket,address=0.0.0.0:12345,suspend=y,server=y -Djava.library.path=\\wsl.localhost\Ubuntu\usr\local\lib -Dfile.encoding=UTF-8 
java_command: Main tests/test.sysy tests/test.arm test tests/test.ll
java_class_path (initial): /mnt/e/codes/compiler-principle/Lab_backtrace/Lab/out/production/Lab:/usr/local/lib/antlr-4.9.1-complete.jar:/usr/local/lib/javacpp/javacpp-1.5.7.jar:/usr/local/lib/javacpp/javacpp-1.5.7-linux-x86_64.jar:/usr/local/lib/llvm/llvm-13.0.1-1.5.7.jar:/usr/local/lib/llvm/llvm-13.0.1-1.5.7-linux-x86_64.jar:/usr/local/lib/llvm-platform/llvm-platform-13.0.1-1.5.7.jar:/usr/local/lib/llvm4j/kotlin-stdlib-1.9.0.jar:/usr/local/lib/llvm4j/llvm4j-0.1.2-SNAPSHOT.jar:/usr/local/lib/rars/rars.jar:/mnt/d/IntelliJ IDEA Ultimate/lib/idea_rt.jar
Launcher Type: SUN_STANDARD

[Global flags]
     intx CICompilerCount                          = 12                                        {product} {ergonomic}
     uint ConcGCThreads                            = 4                                         {product} {ergonomic}
     uint G1ConcRefinementThreads                  = 15                                        {product} {ergonomic}
   size_t G1HeapRegionSize                         = 1048576                                   {product} {ergonomic}
    uintx GCDrainStackTargetSize                   = 64                                        {product} {ergonomic}
   size_t InitialHeapSize                          = 127926272                                 {product} {ergonomic}
   size_t MarkStackSize                            = 4194304                                   {product} {ergonomic}
   size_t MaxHeapSize                              = 2046820352                                {product} {ergonomic}
   size_t MaxNewSize                               = 1227882496                                {product} {ergonomic}
   size_t MinHeapDeltaBytes                        = 1048576                                   {product} {ergonomic}
    uintx NonNMethodCodeHeapSize                   = 7594288                                {pd product} {ergonomic}
    uintx NonProfiledCodeHeapSize                  = 122031976                              {pd product} {ergonomic}
    uintx ProfiledCodeHeapSize                     = 122031976                              {pd product} {ergonomic}
    uintx ReservedCodeCacheSize                    = 251658240                              {pd product} {ergonomic}
     bool SegmentedCodeCache                       = true                                      {product} {ergonomic}
     bool UseCompressedClassPointers               = true                                 {lp64_product} {ergonomic}
     bool UseCompressedOops                        = true                                 {lp64_product} {ergonomic}
     bool UseG1GC                                  = true                                      {product} {ergonomic}

Logging:
Log output configuration:
 #0: stdout all=warning uptime,level,tags
 #1: stderr all=off uptime,level,tags

Environment Variables:
PATH=/home/itshandable/.local/bin:/usr/local/sbin:/usr/local/bin:/usr/sbin:/usr/bin:/sbin:/bin:/usr/games:/usr/local/games:/usr/lib/wsl/lib:/mnt/d/VMwareWorkstationPro/bin/:/mnt/c/Program Files/BellSoft/LibericaJDK-17/bin/:/mnt/c/Program Files (x86)/Common Files/Oracle/Java/java8path:/mnt/c/Program Files (x86)/Common Files/Oracle/Java/javapath:/mnt/c/WINDOWS/system32:/mnt/c/WINDOWS:/mnt/c/WINDOWS/System32/Wbem:/mnt/c/WINDOWS/System32/WindowsPowerShell/v1.0/:/mnt/c/WINDOWS/System32/OpenSSH/:/mnt/c/Program Files/dotnet/:/mnt/c/Program Files (x86)/NVIDIA Corporation/PhysX/Common:/mnt/c/Program Files/Git/cmd:/mnt/d/Cruicial Storage Excutive:/mnt/c/Program Files/BellSoft/LibericaJDK-17/bin:/mnt/c/Program Files/BellSoft/LibericaJDK-17/jre/bin:/mnt/c/Users/itshandable/AppData/Local/Programs/Python/Python312:/mnt/c/Users/itshandable/AppData/Local/Programs/Python/Python312/Scripts:/mnt/c/Program Files/Pandoc/:/mnt/c/ProgramData/chocolatey/bin:/mnt/d/Nodejs-nvm:/mnt/c/Program Files/nodejs:/mnt/d/Redis/:/mnt/d/Mathlab/bin:/mnt/d/Lingo-21.0/:/mnt/d/Lingo-18.0/:/mnt/c/Program Files/NVIDIA Corporation/NVIDIA app/NvDLISR:/mnt/d/SPSS-25/JRE/bin:/mnt/d/SPSS Modeler 18.0/ext/bin/spss.TMWBServer/bin:/mnt/d/SPSS Modeler 18.0/MPICH2/bin:/mnt/d/SPSS Modeler 18.0/TABI:/mnt/d/MySQL/bin:/mnt/c/Program Files/Docker/Docker/resources/bin:/mnt/c/Program Files/Tailscale/:/mnt/c/Users/itshandable/AppData/Local/Programs/Python/Launcher/:/mnt/c/Users/itshandable/AppData/Local/Microsoft/WindowsApps:/mnt/d/CLion 2024.2.1/bin:/mnt/d/PyCharm 2024.2.1/bin:/mnt/c/Users/itshandable/AppData/Local/JetBrains/Toolbox/scripts:/mnt/d/IntelliJ IDEA 2024.2.1/bin:/mnt/c/Users/itshandable/AppData/Roaming/npm:/mnt/d/Nodejs-nvm:/mnt/c/Program Files/nodejs:/mnt/d/Microsoft VS Code/bin:/mnt/d/MiKTeX/miktex/bin/x64/:/mnt/c/Users/itshandable/AppData/Local/Microsoft/WindowsApps:/mnt/e/codes/ffmpeg-2025-01-02-git-0457aaf0d3-essentials_build/bin:/mnt/d/Aria2/aria2-1.37.0-win-64bit-build1:/mnt/d/DevEco Studio/bin:/mnt/d/WebStor
SHELL=/bin/bash
DISPLAY=:0
HOSTTYPE=x86_64
LANG=zh_CN.UTF-8
TERM=xterm-256color

Signal Handlers:
SIGSEGV: [libjvm.so+0xebbd40], sa_mask[0]=11111111011111111101111111111110, sa_flags=SA_RESTART|SA_SIGINFO
SIGBUS: [libjvm.so+0xebbd40], sa_mask[0]=11111111011111111101111111111110, sa_flags=SA_RESTART|SA_SIGINFO
SIGFPE: [libjvm.so+0xebbd40], sa_mask[0]=11111111011111111101111111111110, sa_flags=SA_RESTART|SA_SIGINFO
SIGPIPE: [libjvm.so+0xbfe040], sa_mask[0]=11111111011111111101111111111110, sa_flags=SA_RESTART|SA_SIGINFO
SIGXFSZ: [libjvm.so+0xbfe040], sa_mask[0]=11111111011111111101111111111110, sa_flags=SA_RESTART|SA_SIGINFO
SIGILL: [libjvm.so+0xebbd40], sa_mask[0]=11111111011111111101111111111110, sa_flags=SA_RESTART|SA_SIGINFO
SIGUSR2: [libjvm.so+0xbfdee0], sa_mask[0]=00000000000000000000000000000000, sa_flags=SA_RESTART|SA_SIGINFO
SIGHUP: [libjvm.so+0xbfe6a0], sa_mask[0]=11111111011111111101111111111110, sa_flags=SA_RESTART|SA_SIGINFO
SIGINT: [libjvm.so+0xbfe6a0], sa_mask[0]=11111111011111111101111111111110, sa_flags=SA_RESTART|SA_SIGINFO
SIGTERM: [libjvm.so+0xbfe6a0], sa_mask[0]=11111111011111111101111111111110, sa_flags=SA_RESTART|SA_SIGINFO
SIGQUIT: [libjvm.so+0xbfe6a0], sa_mask[0]=11111111011111111101111111111110, sa_flags=SA_RESTART|SA_SIGINFO


---------------  S Y S T E M  ---------------

OS:DISTRIB_ID=Ubuntu
DISTRIB_RELEASE=22.04
DISTRIB_CODENAME=jammy
DISTRIB_DESCRIPTION="Ubuntu 22.04.3 LTS"
uname:Linux 5.15.167.4-microsoft-standard-WSL2 #1 SMP Tue Nov 5 00:21:55 UTC 2024 x86_64
OS uptime: 0 days 3:18 hours
libc:glibc 2.35 NPTL 2.35 
rlimit (soft/hard): STACK 8192k/infinity , CORE 0k/infinity , NPROC 31190/31190 , NOFILE 1048576/1048576 , AS infinity/infinity , CPU infinity/infinity , DATA infinity/infinity , FSIZE infinity/infinity , MEMLOCK 65536k/65536k
load average:0.08 0.07 0.05

/proc/meminfo:
MemTotal:        7991664 kB
MemFree:         6857608 kB
MemAvailable:    7037200 kB
Buffers:            4044 kB
Cached:           372300 kB
SwapCached:            0 kB
Active:           181208 kB
Inactive:         539280 kB
Active(anon):       2192 kB
Inactive(anon):   345624 kB
Active(file):     179016 kB
Inactive(file):   193656 kB
Unevictable:           0 kB
Mlocked:               0 kB
SwapTotal:       2097152 kB
SwapFree:        2097152 kB
Dirty:                32 kB
Writeback:             0 kB
AnonPages:        342828 kB
Mapped:           259376 kB
Shmem:              3692 kB
KReclaimable:      44980 kB
Slab:             123176 kB
SReclaimable:      44980 kB
SUnreclaim:        78196 kB
KernelStack:        7168 kB
PageTables:         6984 kB
NFS_Unstable:          0 kB
Bounce:                0 kB
WritebackTmp:          0 kB
CommitLimit:     6092984 kB
Committed_AS:    1716344 kB
VmallocTotal:   34359738367 kB
VmallocUsed:       29288 kB
VmallocChunk:          0 kB
Percpu:            11808 kB
AnonHugePages:    157696 kB
ShmemHugePages:        0 kB
ShmemPmdMapped:        0 kB
FileHugePages:         0 kB
FilePmdMapped:         0 kB
HugePages_Total:       0
HugePages_Free:        0
HugePages_Rsvd:        0
HugePages_Surp:        0
Hugepagesize:       2048 kB
Hugetlb:               0 kB
DirectMap4k:      105472 kB
DirectMap2M:     4993024 kB
DirectMap1G:    11534336 kB

/sys/kernel/mm/transparent_hugepage/enabled:
[always] madvise never
/sys/kernel/mm/transparent_hugepage/defrag (defrag/compaction efforts parameter):
always defer defer+madvise [madvise] never

Process Memory:
Virtual Size: 5212324K (peak: 13447088K)
Resident Set Size: 122604K (peak: 122604K) (anon: 65952K, file: 56652K, shmem: 0K)
Swapped out: 0K
C-Heap outstanding allocations: 54148K, retained: 8503K
glibc malloc tunables: (default)

/proc/sys/kernel/threads-max (system-wide limit on the number of threads):
62380
/proc/sys/vm/max_map_count (maximum number of memory map areas a process may have):
65530
/proc/sys/kernel/pid_max (system-wide limit on number of process identifiers):
4194304

container (cgroup) information:
container_type: cgroupv1
cpu_cpuset_cpus: 0-19
cpu_memory_nodes: 0
active_processor_count: 20
cpu_quota: no quota
cpu_period: 100000
cpu_shares: no shares
memory_limit_in_bytes: unlimited
memory_and_swap_limit_in_bytes: unlimited
memory_soft_limit_in_bytes: unlimited
memory_usage_in_bytes: 719172 k
memory_max_usage_in_bytes: 969688 k
kernel_memory_limit_in_bytes: unlimited
kernel_memory_usage_in_bytes: 28892 k
kernel_memory_max_usage_in_bytes: 37668 k
maximum number of tasks: not supported
current number of tasks: not supported

Hyper-V virtualization detected
Steal ticks since vm start: 0
Steal ticks percentage since vm start:  0.000

CPU:total 20 (initial active 20) (16 cores per cpu, 2 threads per core) family 6 model 186 stepping 2 microcode 0xffffffff, cmov, cx8, fxsr, mmx, sse, sse2, sse3, ssse3, sse4.1, sse4.2, popcnt, avx, avx2, aes, clmul, erms, 3dnowpref, lzcnt, ht, tsc, tscinvbit, bmi1, bmi2, adx, sha, fma
CPU Model and flags from /proc/cpuinfo:
model name	: 13th Gen Intel(R) Core(TM) i9-13900H
flags		: fpu vme de pse tsc msr pae mce cx8 apic sep mtrr pge mca cmov pat pse36 clflush mmx fxsr sse sse2 ss ht syscall nx pdpe1gb rdtscp lm constant_tsc rep_good nopl xtopology tsc_reliable nonstop_tsc cpuid pni pclmulqdq vmx ssse3 fma cx16 pcid sse4_1 sse4_2 x2apic movbe popcnt tsc_deadline_timer aes xsave avx f16c rdrand hypervisor lahf_lm abm 3dnowprefetch invpcid_single ssbd ibrs ibpb stibp ibrs_enhanced tpr_shadow vnmi ept vpid ept_ad fsgsbase tsc_adjust bmi1 avx2 smep bmi2 erms invpcid rdseed adx smap clflushopt clwb sha_ni xsaveopt xsavec xgetbv1 xsaves avx_vnni umip waitpkg gfni vaes vpclmulqdq rdpid movdiri movdir64b fsrm md_clear serialize flush_l1d arch_capabilities
Online cpus:
0-19
Offline cpus:

BIOS frequency limitation:
<Not Available>
Frequency switch latency (ns):
<Not Available>
Available cpu frequencies:
<Not Available>
Current governor:
<Not Available>
Core performance/turbo boost:
<Not Available>

Memory: 4k page, physical 7991664k(6857608k free), swap 2097152k(2097152k free)

vm_info: OpenJDK 64-Bit Server VM (11.0.27+6-post-Ubuntu-0ubuntu122.04) for linux-amd64 JRE (11.0.27+6-post-Ubuntu-0ubuntu122.04), built on Apr 21 2025 05:59:45 by "unknown" with gcc 11.4.0

END.
