#
# A fatal error has been detected by the Java Runtime Environment:
#
#  SIGSEGV (0xb) at pc=0x00007fce5628eaf8, pid=13473, tid=13477
#
# JRE version: OpenJDK Runtime Environment (11.0.27+6) (build 11.0.27+6-post-Ubuntu-0ubuntu122.04)
# Java VM: OpenJDK 64-Bit Server VM (11.0.27+6-post-Ubuntu-0ubuntu122.04, mixed mode, sharing, tiered, compressed oops, g1 gc, linux-amd64)
# Problematic frame:
# C  [libLLVM-13.so+0xd62af8]  llvm::Value::getName() const+0xb8
#
# No core dump will be written. Core dumps have been disabled. To enable core dumping, try "ulimit -c unlimited" before starting Java again
#
# If you would like to submit a bug report, please visit:
#   https://bugs.launchpad.net/ubuntu/+source/openjdk-lts
# The crash happened outside the Java Virtual Machine in native code.
# See problematic frame for where to report the bug.
#

---------------  S U M M A R Y ------------

Command Line: -Djava.library.path=\\wsl.localhost\Ubuntu\usr\local\lib -Dfile.encoding=UTF-8 Main tests/test.sysy tests/test.arm test tests/test.ll

Host: 13th Gen Intel(R) Core(TM) i9-13900H, 20 cores, 7G, Ubuntu 22.04.3 LTS
Time: Thu May 22 19:44:57 2025 CST elapsed time: 1.006902 seconds (0d 0h 0m 1s)

---------------  T H R E A D  ---------------

Current thread (0x00007fcecc015800):  JavaThread "main" [_thread_in_native, id=13477, stack(0x00007fced2d07000,0x00007fced2e07000)]

Stack: [0x00007fced2d07000,0x00007fced2e07000],  sp=0x00007fced2e04970,  free space=1014k
Native frames: (J=compiled Java code, A=aot compiled Java code, j=interpreted, Vv=VM code, C=native code)
C  [libLLVM-13.so+0xd62af8]  llvm::Value::getName() const+0xb8

Java frames: (J=compiled Java code, j=interpreted, Vv=VM code)
j  org.bytedeco.llvm.global.LLVM.LLVMPrintModuleToString(Lorg/bytedeco/llvm/LLVM/LLVMModuleRef;)Lorg/bytedeco/javacpp/BytePointer;+0
j  MyIrVisitor.mixedOptimization()V+46
j  MyIrVisitor.visitProgram(LSysYParser$ProgramContext;)Lorg/bytedeco/llvm/LLVM/LLVMValueRef;+123
j  MyIrVisitor.visitProgram(LSysYParser$ProgramContext;)Ljava/lang/Object;+2
j  SysYParser$ProgramContext.accept(Lorg/antlr/v4/runtime/tree/ParseTreeVisitor;)Ljava/lang/Object;+12
j  org.antlr.v4.runtime.tree.AbstractParseTreeVisitor.visit(Lorg/antlr/v4/runtime/tree/ParseTree;)Ljava/lang/Object;+2
j  Main.main([Ljava/lang/String;)V+169
v  ~StubRoutines::call_stub

siginfo: si_signo: 11 (SIGSEGV), si_code: 1 (SEGV_MAPERR), si_addr: 0x0000000000000c25

Register to memory mapping:

RAX=0x0000000000000c35 is an unknown value
RBX=0x0 is NULL
RCX=0x00007fcecc35e468 points into unknown readable memory: 0x00007fcecc370090 | 90 00 37 cc ce 7f 00 00
RDX=0x0000000000000c25 is an unknown value
RSP=0x00007fced2e04970 is pointing into the stack for thread: 0x00007fcecc015800
RBP=0x00007fced2e04cd0 is pointing into the stack for thread: 0x00007fcecc015800
RSI=0x00007fcecc371090 points into unknown readable memory: 0x0000000000000000 | 00 00 00 00 00 00 00 00
RDI=0x00007fced2e04970 is pointing into the stack for thread: 0x00007fcecc015800
R8 =0x0000000000000001 is an unknown value
R9 =0x00007fcecc35e468 points into unknown readable memory: 0x00007fcecc370090 | 90 00 37 cc ce 7f 00 00
R10=0x00000000000000ff is an unknown value
R11=0x0000000000000003 is an unknown value
R12=0x0000000000000001 is an unknown value
R13=0x0000000000000002 is an unknown value
R14=0x0 is NULL
R15=0x00007fcecc36dd20 points into unknown readable memory: 0x00007fcecc35ea00 | 00 ea 35 cc ce 7f 00 00


Registers:
RAX=0x0000000000000c35, RBX=0x0000000000000000, RCX=0x00007fcecc35e468, RDX=0x0000000000000c25
RSP=0x00007fced2e04970, RBP=0x00007fced2e04cd0, RSI=0x00007fcecc371090, RDI=0x00007fced2e04970
R8 =0x0000000000000001, R9 =0x00007fcecc35e468, R10=0x00000000000000ff, R11=0x0000000000000003
R12=0x0000000000000001, R13=0x0000000000000002, R14=0x0000000000000000, R15=0x00007fcecc36dd20
RIP=0x00007fce5628eaf8, EFLAGS=0x0000000000010202, CSGSFS=0x002b000000000033, ERR=0x0000000000000004
  TRAPNO=0x000000000000000e

Top of Stack: (sp=0x00007fced2e04970)
0x00007fced2e04970:   00007fcecc371090 00007fcecc371090
0x00007fced2e04980:   0000000000000000 00007fce560cd3f5
0x00007fced2e04990:   0000000000000000 00007fced2e04eb0
0x00007fced2e049a0:   0000000000000001 00007fce560de5d8 

Instructions: (pc=0x00007fce5628eaf8)
0x00007fce5628e9f8:   48 bc ff eb b7 48 83 3d ab e8 ce 05 00 74 23 83
0x00007fce5628ea08:   ca ff f0 0f c1 50 f8 85 d2 7f ae 48 8d 74 24 0f
0x00007fce5628ea18:   e8 53 48 bc ff eb a2 8b 50 f8 8d 4a ff 89 48 f8
0x00007fce5628ea28:   eb c3 8b 50 f8 8d 4a ff 89 48 f8 eb da 66 2e 0f
0x00007fce5628ea38:   1f 84 00 00 00 00 00 90 f6 47 17 10 75 0a 48 8d
0x00007fce5628ea48:   05 f2 a0 6c 03 31 d2 c3 48 83 ec 18 48 8b 07 48
0x00007fce5628ea58:   8b 00 48 8b 08 8b 81 98 01 00 00 4c 8b 81 88 01
0x00007fce5628ea68:   00 00 4c 8d 89 88 01 00 00 85 c0 74 5b 89 f9 89
0x00007fce5628ea78:   fa 44 8d 50 ff c1 ea 09 c1 e9 04 31 d1 44 21 d1
0x00007fce5628ea88:   89 ce 48 c1 e6 04 4c 01 c6 48 8b 16 48 39 d7 75
0x00007fce5628ea98:   67 89 c2 48 89 e7 4c 89 c9 48 89 d0 48 c1 e0 04
0x00007fce5628eaa8:   49 8d 14 00 41 b8 01 00 00 00 e8 f9 f4 ff ff 48
0x00007fce5628eab8:   8b 04 24 48 8b 50 08 48 8d 42 10 48 8b 12 48 83
0x00007fce5628eac8:   c4 18 c3 0f 1f 44 00 00 48 c1 e0 04 48 89 e7 4c
0x00007fce5628ead8:   89 c9 49 8d 34 00 41 b8 01 00 00 00 48 89 f2 e8
0x00007fce5628eae8:   c4 f4 ff ff 48 8b 04 24 48 8b 50 08 48 8d 42 10
0x00007fce5628eaf8:   48 8b 12 48 83 c4 18 c3 be 01 00 00 00 48 81 fa
0x00007fce5628eb08:   00 f0 ff ff 74 c2 01 f1 44 8d 5e 01 44 21 d1 89
0x00007fce5628eb18:   ce 48 c1 e6 04 4c 01 c6 48 8b 16 48 39 d7 0f 84
0x00007fce5628eb28:   6d ff ff ff 44 89 de eb d4 66 2e 0f 1f 84 00 00
0x00007fce5628eb38:   00 00 00 0f 1f 44 00 00 66 48 0f 6e c6 66 48 0f
0x00007fce5628eb48:   6e ca 66 0f 6c c1 0f 11 07 45 84 c0 75 29 48 39
0x00007fce5628eb58:   d6 74 24 0f 1f 44 00 00 48 8b 06 48 3d 00 f0 ff
0x00007fce5628eb68:   ff 74 08 48 3d 00 e0 ff ff 75 0c 48 83 c6 10 48
0x00007fce5628eb78:   89 37 48 39 f2 75 e1 c3 41 57 41 56 41 55 41 54
0x00007fce5628eb88:   55 53 48 89 fb 48 83 ec 38 4c 8b 67 10 49 8b 04
0x00007fce5628eb98:   24 48 8b 00 48 8b 28 4c 8b ad 08 09 00 00 44 8b
0x00007fce5628eba8:   bd 18 09 00 00 41 f6 44 24 11 01 0f 85 67 01 00
0x00007fce5628ebb8:   00 45 85 ff 0f 84 fb 01 00 00 45 89 e6 44 89 e0
0x00007fce5628ebc8:   41 8d 77 ff c1 e8 09 41 c1 ee 04 41 31 c6 44 89
0x00007fce5628ebd8:   f1 21 f1 89 c8 48 c1 e0 04 4c 01 e8 48 8b 10 49
0x00007fce5628ebe8:   39 d4 0f 85 7c 03 00 00 48 8b 50 08 4c 89 ee 48 


Stack slot to memory mapping:
stack at sp + 0 slots: 0x00007fcecc371090 points into unknown readable memory: 0x0000000000000000 | 00 00 00 00 00 00 00 00
stack at sp + 1 slots: 0x00007fcecc371090 points into unknown readable memory: 0x0000000000000000 | 00 00 00 00 00 00 00 00
stack at sp + 2 slots: 0x0 is NULL
stack at sp + 3 slots: 0x00007fce560cd3f5: <offset 0x0000000000ba13f5> in /home/itshandable/.javacpp/cache/llvm-13.0.1-1.5.7-linux-x86_64.jar/org/bytedeco/llvm/linux-x86_64/libLLVM-13.so at 0x00007fce5552c000
stack at sp + 4 slots: 0x0 is NULL
stack at sp + 5 slots: 0x00007fced2e04eb0 is pointing into the stack for thread: 0x00007fcecc015800
stack at sp + 6 slots: 0x0000000000000001 is an unknown value
stack at sp + 7 slots: 0x00007fce560de5d8: <offset 0x0000000000bb25d8> in /home/itshandable/.javacpp/cache/llvm-13.0.1-1.5.7-linux-x86_64.jar/org/bytedeco/llvm/linux-x86_64/libLLVM-13.so at 0x00007fce5552c000


---------------  P R O C E S S  ---------------

Threads class SMR info:
_java_thread_list=0x00007fce7c0ac710, length=14, elements={
0x00007fcecc015800, 0x00007fcecc13e800, 0x00007fcecc140800, 0x00007fcecc146800,
0x00007fcecc148800, 0x00007fcecc14b000, 0x00007fcecc14d000, 0x00007fcecc14f000,
0x00007fce7c0a5800, 0x00007fcecc182000, 0x00007fce80081000, 0x00007fcecc218000,
0x00007fce7c0a9000, 0x00007fce7c0ab000
}

Java Threads: ( => current thread )
=>0x00007fcecc015800 JavaThread "main" [_thread_in_native, id=13477, stack(0x00007fced2d07000,0x00007fced2e07000)]
  0x00007fcecc13e800 JavaThread "Reference Handler" daemon [_thread_blocked, id=13484, stack(0x00007fceac200000,0x00007fceac300000)]
  0x00007fcecc140800 JavaThread "Finalizer" daemon [_thread_blocked, id=13485, stack(0x00007fceac100000,0x00007fceac200000)]
  0x00007fcecc146800 JavaThread "Signal Dispatcher" daemon [_thread_blocked, id=13486, stack(0x00007fceac000000,0x00007fceac100000)]
  0x00007fcecc148800 JavaThread "Service Thread" daemon [_thread_blocked, id=13487, stack(0x00007fcea5700000,0x00007fcea5800000)]
  0x00007fcecc14b000 JavaThread "C2 CompilerThread0" daemon [_thread_blocked, id=13488, stack(0x00007fcea5600000,0x00007fcea5700000)]
  0x00007fcecc14d000 JavaThread "C1 CompilerThread0" daemon [_thread_blocked, id=13489, stack(0x00007fcea5500000,0x00007fcea5600000)]
  0x00007fcecc14f000 JavaThread "Sweeper thread" daemon [_thread_blocked, id=13490, stack(0x00007fcea5400000,0x00007fcea5500000)]
  0x00007fce7c0a5800 JavaThread "C1 CompilerThread1" daemon [_thread_blocked, id=13491, stack(0x00007fcea5300000,0x00007fcea5400000)]
  0x00007fcecc182000 JavaThread "Common-Cleaner" daemon [_thread_blocked, id=13494, stack(0x00007fcea50ff000,0x00007fcea51ff000)]
  0x00007fce80081000 JavaThread "C1 CompilerThread2" daemon [_thread_blocked, id=13495, stack(0x00007fcea4fff000,0x00007fcea50ff000)]
  0x00007fcecc218000 JavaThread "JavaCPP Deallocator" daemon [_thread_blocked, id=13497, stack(0x00007fcea4eff000,0x00007fcea4fff000)]
  0x00007fce7c0a9000 JavaThread "C2 CompilerThread1" daemon [_thread_blocked, id=13499, stack(0x00007fcea4dff000,0x00007fcea4eff000)]
  0x00007fce7c0ab000 JavaThread "C2 CompilerThread2" daemon [_thread_blocked, id=13500, stack(0x00007fcea4cff000,0x00007fcea4dff000)]

Other Threads:
  0x00007fcecc13b800 VMThread "VM Thread" [stack: 0x00007fceb40b6000,0x00007fceb41b6000] [id=13483]
  0x00007fcecc17f800 WatcherThread [stack: 0x00007fcea5200000,0x00007fcea5300000] [id=13492]
  0x00007fcecc02f800 GCTaskThread "GC Thread#0" [stack: 0x00007fced29cf000,0x00007fced2acf000] [id=13478]
  0x00007fcecc061000 ConcurrentGCThread "G1 Main Marker" [stack: 0x00007fced0d57000,0x00007fced0e57000] [id=13479]
  0x00007fcecc062800 ConcurrentGCThread "G1 Conc#0" [stack: 0x00007fced0c56000,0x00007fced0d56000] [id=13480]
  0x00007fcecc107000 ConcurrentGCThread "G1 Refine#0" [stack: 0x00007fceb43bc000,0x00007fceb44bc000] [id=13481]
  0x00007fcecc109000 ConcurrentGCThread "G1 Young RemSet Sampling" [stack: 0x00007fceb42bb000,0x00007fceb43bb000] [id=13482]

Threads with active compile tasks:

VM state:not at safepoint (normal execution)

VM Mutex/Monitor currently owned by a thread: None

Heap address: 0x0000000086000000, size: 1952 MB, Compressed Oops mode: 32-bit
Narrow klass base: 0x0000000800000000, Narrow klass shift: 3
Compressed class space size: 1073741824 Address: 0x0000000840000000

Heap:
 garbage-first heap   total 126976K, used 11984K [0x0000000086000000, 0x0000000100000000)
  region size 1024K, 13 young (13312K), 0 survivors (0K)
 Metaspace       used 3849K, capacity 6642K, committed 6912K, reserved 1056768K
  class space    used 392K, capacity 681K, committed 768K, reserved 1048576K
Heap Regions: E=young(eden), S=young(survivor), O=old, HS=humongous(starts), HC=humongous(continues), CS=collection set, F=free, A=archive, TAMS=top-at-mark-start (previous, next)
|   0|0x0000000086000000, 0x0000000086000000, 0x0000000086100000|  0%| F|  |TAMS 0x0000000086000000, 0x0000000086000000| Untracked 
|   1|0x0000000086100000, 0x0000000086100000, 0x0000000086200000|  0%| F|  |TAMS 0x0000000086100000, 0x0000000086100000| Untracked 
|   2|0x0000000086200000, 0x0000000086200000, 0x0000000086300000|  0%| F|  |TAMS 0x0000000086200000, 0x0000000086200000| Untracked 
|   3|0x0000000086300000, 0x0000000086300000, 0x0000000086400000|  0%| F|  |TAMS 0x0000000086300000, 0x0000000086300000| Untracked 
|   4|0x0000000086400000, 0x0000000086400000, 0x0000000086500000|  0%| F|  |TAMS 0x0000000086400000, 0x0000000086400000| Untracked 
|   5|0x0000000086500000, 0x0000000086500000, 0x0000000086600000|  0%| F|  |TAMS 0x0000000086500000, 0x0000000086500000| Untracked 
|   6|0x0000000086600000, 0x0000000086600000, 0x0000000086700000|  0%| F|  |TAMS 0x0000000086600000, 0x0000000086600000| Untracked 
|   7|0x0000000086700000, 0x0000000086700000, 0x0000000086800000|  0%| F|  |TAMS 0x0000000086700000, 0x0000000086700000| Untracked 
|   8|0x0000000086800000, 0x0000000086800000, 0x0000000086900000|  0%| F|  |TAMS 0x0000000086800000, 0x0000000086800000| Untracked 
|   9|0x0000000086900000, 0x0000000086900000, 0x0000000086a00000|  0%| F|  |TAMS 0x0000000086900000, 0x0000000086900000| Untracked 
|  10|0x0000000086a00000, 0x0000000086a00000, 0x0000000086b00000|  0%| F|  |TAMS 0x0000000086a00000, 0x0000000086a00000| Untracked 
|  11|0x0000000086b00000, 0x0000000086b00000, 0x0000000086c00000|  0%| F|  |TAMS 0x0000000086b00000, 0x0000000086b00000| Untracked 
|  12|0x0000000086c00000, 0x0000000086c00000, 0x0000000086d00000|  0%| F|  |TAMS 0x0000000086c00000, 0x0000000086c00000| Untracked 
|  13|0x0000000086d00000, 0x0000000086d00000, 0x0000000086e00000|  0%| F|  |TAMS 0x0000000086d00000, 0x0000000086d00000| Untracked 
|  14|0x0000000086e00000, 0x0000000086e00000, 0x0000000086f00000|  0%| F|  |TAMS 0x0000000086e00000, 0x0000000086e00000| Untracked 
|  15|0x0000000086f00000, 0x0000000086f00000, 0x0000000087000000|  0%| F|  |TAMS 0x0000000086f00000, 0x0000000086f00000| Untracked 
|  16|0x0000000087000000, 0x0000000087000000, 0x0000000087100000|  0%| F|  |TAMS 0x0000000087000000, 0x0000000087000000| Untracked 
|  17|0x0000000087100000, 0x0000000087100000, 0x0000000087200000|  0%| F|  |TAMS 0x0000000087100000, 0x0000000087100000| Untracked 
|  18|0x0000000087200000, 0x0000000087200000, 0x0000000087300000|  0%| F|  |TAMS 0x0000000087200000, 0x0000000087200000| Untracked 
|  19|0x0000000087300000, 0x0000000087300000, 0x0000000087400000|  0%| F|  |TAMS 0x0000000087300000, 0x0000000087300000| Untracked 
|  20|0x0000000087400000, 0x0000000087400000, 0x0000000087500000|  0%| F|  |TAMS 0x0000000087400000, 0x0000000087400000| Untracked 
|  21|0x0000000087500000, 0x0000000087500000, 0x0000000087600000|  0%| F|  |TAMS 0x0000000087500000, 0x0000000087500000| Untracked 
|  22|0x0000000087600000, 0x0000000087600000, 0x0000000087700000|  0%| F|  |TAMS 0x0000000087600000, 0x0000000087600000| Untracked 
|  23|0x0000000087700000, 0x0000000087700000, 0x0000000087800000|  0%| F|  |TAMS 0x0000000087700000, 0x0000000087700000| Untracked 
|  24|0x0000000087800000, 0x0000000087800000, 0x0000000087900000|  0%| F|  |TAMS 0x0000000087800000, 0x0000000087800000| Untracked 
|  25|0x0000000087900000, 0x0000000087900000, 0x0000000087a00000|  0%| F|  |TAMS 0x0000000087900000, 0x0000000087900000| Untracked 
|  26|0x0000000087a00000, 0x0000000087a00000, 0x0000000087b00000|  0%| F|  |TAMS 0x0000000087a00000, 0x0000000087a00000| Untracked 
|  27|0x0000000087b00000, 0x0000000087b00000, 0x0000000087c00000|  0%| F|  |TAMS 0x0000000087b00000, 0x0000000087b00000| Untracked 
|  28|0x0000000087c00000, 0x0000000087c00000, 0x0000000087d00000|  0%| F|  |TAMS 0x0000000087c00000, 0x0000000087c00000| Untracked 
|  29|0x0000000087d00000, 0x0000000087d00000, 0x0000000087e00000|  0%| F|  |TAMS 0x0000000087d00000, 0x0000000087d00000| Untracked 
|  30|0x0000000087e00000, 0x0000000087e00000, 0x0000000087f00000|  0%| F|  |TAMS 0x0000000087e00000, 0x0000000087e00000| Untracked 
|  31|0x0000000087f00000, 0x0000000087f00000, 0x0000000088000000|  0%| F|  |TAMS 0x0000000087f00000, 0x0000000087f00000| Untracked 
|  32|0x0000000088000000, 0x0000000088000000, 0x0000000088100000|  0%| F|  |TAMS 0x0000000088000000, 0x0000000088000000| Untracked 
|  33|0x0000000088100000, 0x0000000088100000, 0x0000000088200000|  0%| F|  |TAMS 0x0000000088100000, 0x0000000088100000| Untracked 
|  34|0x0000000088200000, 0x0000000088200000, 0x0000000088300000|  0%| F|  |TAMS 0x0000000088200000, 0x0000000088200000| Untracked 
|  35|0x0000000088300000, 0x0000000088300000, 0x0000000088400000|  0%| F|  |TAMS 0x0000000088300000, 0x0000000088300000| Untracked 
|  36|0x0000000088400000, 0x0000000088400000, 0x0000000088500000|  0%| F|  |TAMS 0x0000000088400000, 0x0000000088400000| Untracked 
|  37|0x0000000088500000, 0x0000000088500000, 0x0000000088600000|  0%| F|  |TAMS 0x0000000088500000, 0x0000000088500000| Untracked 
|  38|0x0000000088600000, 0x0000000088600000, 0x0000000088700000|  0%| F|  |TAMS 0x0000000088600000, 0x0000000088600000| Untracked 
|  39|0x0000000088700000, 0x0000000088700000, 0x0000000088800000|  0%| F|  |TAMS 0x0000000088700000, 0x0000000088700000| Untracked 
|  40|0x0000000088800000, 0x0000000088800000, 0x0000000088900000|  0%| F|  |TAMS 0x0000000088800000, 0x0000000088800000| Untracked 
|  41|0x0000000088900000, 0x0000000088900000, 0x0000000088a00000|  0%| F|  |TAMS 0x0000000088900000, 0x0000000088900000| Untracked 
|  42|0x0000000088a00000, 0x0000000088a00000, 0x0000000088b00000|  0%| F|  |TAMS 0x0000000088a00000, 0x0000000088a00000| Untracked 
|  43|0x0000000088b00000, 0x0000000088b00000, 0x0000000088c00000|  0%| F|  |TAMS 0x0000000088b00000, 0x0000000088b00000| Untracked 
|  44|0x0000000088c00000, 0x0000000088c00000, 0x0000000088d00000|  0%| F|  |TAMS 0x0000000088c00000, 0x0000000088c00000| Untracked 
|  45|0x0000000088d00000, 0x0000000088d00000, 0x0000000088e00000|  0%| F|  |TAMS 0x0000000088d00000, 0x0000000088d00000| Untracked 
|  46|0x0000000088e00000, 0x0000000088e00000, 0x0000000088f00000|  0%| F|  |TAMS 0x0000000088e00000, 0x0000000088e00000| Untracked 
|  47|0x0000000088f00000, 0x0000000088f00000, 0x0000000089000000|  0%| F|  |TAMS 0x0000000088f00000, 0x0000000088f00000| Untracked 
|  48|0x0000000089000000, 0x0000000089000000, 0x0000000089100000|  0%| F|  |TAMS 0x0000000089000000, 0x0000000089000000| Untracked 
|  49|0x0000000089100000, 0x0000000089100000, 0x0000000089200000|  0%| F|  |TAMS 0x0000000089100000, 0x0000000089100000| Untracked 
|  50|0x0000000089200000, 0x0000000089200000, 0x0000000089300000|  0%| F|  |TAMS 0x0000000089200000, 0x0000000089200000| Untracked 
|  51|0x0000000089300000, 0x0000000089300000, 0x0000000089400000|  0%| F|  |TAMS 0x0000000089300000, 0x0000000089300000| Untracked 
|  52|0x0000000089400000, 0x0000000089400000, 0x0000000089500000|  0%| F|  |TAMS 0x0000000089400000, 0x0000000089400000| Untracked 
|  53|0x0000000089500000, 0x0000000089500000, 0x0000000089600000|  0%| F|  |TAMS 0x0000000089500000, 0x0000000089500000| Untracked 
|  54|0x0000000089600000, 0x0000000089600000, 0x0000000089700000|  0%| F|  |TAMS 0x0000000089600000, 0x0000000089600000| Untracked 
|  55|0x0000000089700000, 0x0000000089700000, 0x0000000089800000|  0%| F|  |TAMS 0x0000000089700000, 0x0000000089700000| Untracked 
|  56|0x0000000089800000, 0x0000000089800000, 0x0000000089900000|  0%| F|  |TAMS 0x0000000089800000, 0x0000000089800000| Untracked 
|  57|0x0000000089900000, 0x0000000089900000, 0x0000000089a00000|  0%| F|  |TAMS 0x0000000089900000, 0x0000000089900000| Untracked 
|  58|0x0000000089a00000, 0x0000000089a00000, 0x0000000089b00000|  0%| F|  |TAMS 0x0000000089a00000, 0x0000000089a00000| Untracked 
|  59|0x0000000089b00000, 0x0000000089b00000, 0x0000000089c00000|  0%| F|  |TAMS 0x0000000089b00000, 0x0000000089b00000| Untracked 
|  60|0x0000000089c00000, 0x0000000089c00000, 0x0000000089d00000|  0%| F|  |TAMS 0x0000000089c00000, 0x0000000089c00000| Untracked 
|  61|0x0000000089d00000, 0x0000000089d00000, 0x0000000089e00000|  0%| F|  |TAMS 0x0000000089d00000, 0x0000000089d00000| Untracked 
|  62|0x0000000089e00000, 0x0000000089e00000, 0x0000000089f00000|  0%| F|  |TAMS 0x0000000089e00000, 0x0000000089e00000| Untracked 
|  63|0x0000000089f00000, 0x0000000089f00000, 0x000000008a000000|  0%| F|  |TAMS 0x0000000089f00000, 0x0000000089f00000| Untracked 
|  64|0x000000008a000000, 0x000000008a000000, 0x000000008a100000|  0%| F|  |TAMS 0x000000008a000000, 0x000000008a000000| Untracked 
|  65|0x000000008a100000, 0x000000008a100000, 0x000000008a200000|  0%| F|  |TAMS 0x000000008a100000, 0x000000008a100000| Untracked 
|  66|0x000000008a200000, 0x000000008a200000, 0x000000008a300000|  0%| F|  |TAMS 0x000000008a200000, 0x000000008a200000| Untracked 
|  67|0x000000008a300000, 0x000000008a300000, 0x000000008a400000|  0%| F|  |TAMS 0x000000008a300000, 0x000000008a300000| Untracked 
|  68|0x000000008a400000, 0x000000008a400000, 0x000000008a500000|  0%| F|  |TAMS 0x000000008a400000, 0x000000008a400000| Untracked 
|  69|0x000000008a500000, 0x000000008a500000, 0x000000008a600000|  0%| F|  |TAMS 0x000000008a500000, 0x000000008a500000| Untracked 
|  70|0x000000008a600000, 0x000000008a600000, 0x000000008a700000|  0%| F|  |TAMS 0x000000008a600000, 0x000000008a600000| Untracked 
|  71|0x000000008a700000, 0x000000008a700000, 0x000000008a800000|  0%| F|  |TAMS 0x000000008a700000, 0x000000008a700000| Untracked 
|  72|0x000000008a800000, 0x000000008a800000, 0x000000008a900000|  0%| F|  |TAMS 0x000000008a800000, 0x000000008a800000| Untracked 
|  73|0x000000008a900000, 0x000000008a900000, 0x000000008aa00000|  0%| F|  |TAMS 0x000000008a900000, 0x000000008a900000| Untracked 
|  74|0x000000008aa00000, 0x000000008aa00000, 0x000000008ab00000|  0%| F|  |TAMS 0x000000008aa00000, 0x000000008aa00000| Untracked 
|  75|0x000000008ab00000, 0x000000008ab00000, 0x000000008ac00000|  0%| F|  |TAMS 0x000000008ab00000, 0x000000008ab00000| Untracked 
|  76|0x000000008ac00000, 0x000000008ac00000, 0x000000008ad00000|  0%| F|  |TAMS 0x000000008ac00000, 0x000000008ac00000| Untracked 
|  77|0x000000008ad00000, 0x000000008ad00000, 0x000000008ae00000|  0%| F|  |TAMS 0x000000008ad00000, 0x000000008ad00000| Untracked 
|  78|0x000000008ae00000, 0x000000008ae00000, 0x000000008af00000|  0%| F|  |TAMS 0x000000008ae00000, 0x000000008ae00000| Untracked 
|  79|0x000000008af00000, 0x000000008af00000, 0x000000008b000000|  0%| F|  |TAMS 0x000000008af00000, 0x000000008af00000| Untracked 
|  80|0x000000008b000000, 0x000000008b000000, 0x000000008b100000|  0%| F|  |TAMS 0x000000008b000000, 0x000000008b000000| Untracked 
|  81|0x000000008b100000, 0x000000008b100000, 0x000000008b200000|  0%| F|  |TAMS 0x000000008b100000, 0x000000008b100000| Untracked 
|  82|0x000000008b200000, 0x000000008b200000, 0x000000008b300000|  0%| F|  |TAMS 0x000000008b200000, 0x000000008b200000| Untracked 
|  83|0x000000008b300000, 0x000000008b300000, 0x000000008b400000|  0%| F|  |TAMS 0x000000008b300000, 0x000000008b300000| Untracked 
|  84|0x000000008b400000, 0x000000008b400000, 0x000000008b500000|  0%| F|  |TAMS 0x000000008b400000, 0x000000008b400000| Untracked 
|  85|0x000000008b500000, 0x000000008b500000, 0x000000008b600000|  0%| F|  |TAMS 0x000000008b500000, 0x000000008b500000| Untracked 
|  86|0x000000008b600000, 0x000000008b600000, 0x000000008b700000|  0%| F|  |TAMS 0x000000008b600000, 0x000000008b600000| Untracked 
|  87|0x000000008b700000, 0x000000008b700000, 0x000000008b800000|  0%| F|  |TAMS 0x000000008b700000, 0x000000008b700000| Untracked 
|  88|0x000000008b800000, 0x000000008b800000, 0x000000008b900000|  0%| F|  |TAMS 0x000000008b800000, 0x000000008b800000| Untracked 
|  89|0x000000008b900000, 0x000000008b900000, 0x000000008ba00000|  0%| F|  |TAMS 0x000000008b900000, 0x000000008b900000| Untracked 
|  90|0x000000008ba00000, 0x000000008ba00000, 0x000000008bb00000|  0%| F|  |TAMS 0x000000008ba00000, 0x000000008ba00000| Untracked 
|  91|0x000000008bb00000, 0x000000008bb00000, 0x000000008bc00000|  0%| F|  |TAMS 0x000000008bb00000, 0x000000008bb00000| Untracked 
|  92|0x000000008bc00000, 0x000000008bc00000, 0x000000008bd00000|  0%| F|  |TAMS 0x000000008bc00000, 0x000000008bc00000| Untracked 
|  93|0x000000008bd00000, 0x000000008bd00000, 0x000000008be00000|  0%| F|  |TAMS 0x000000008bd00000, 0x000000008bd00000| Untracked 
|  94|0x000000008be00000, 0x000000008be00000, 0x000000008bf00000|  0%| F|  |TAMS 0x000000008be00000, 0x000000008be00000| Untracked 
|  95|0x000000008bf00000, 0x000000008bf00000, 0x000000008c000000|  0%| F|  |TAMS 0x000000008bf00000, 0x000000008bf00000| Untracked 
|  96|0x000000008c000000, 0x000000008c000000, 0x000000008c100000|  0%| F|  |TAMS 0x000000008c000000, 0x000000008c000000| Untracked 
|  97|0x000000008c100000, 0x000000008c100000, 0x000000008c200000|  0%| F|  |TAMS 0x000000008c100000, 0x000000008c100000| Untracked 
|  98|0x000000008c200000, 0x000000008c200000, 0x000000008c300000|  0%| F|  |TAMS 0x000000008c200000, 0x000000008c200000| Untracked 
|  99|0x000000008c300000, 0x000000008c300000, 0x000000008c400000|  0%| F|  |TAMS 0x000000008c300000, 0x000000008c300000| Untracked 
| 100|0x000000008c400000, 0x000000008c400000, 0x000000008c500000|  0%| F|  |TAMS 0x000000008c400000, 0x000000008c400000| Untracked 
| 101|0x000000008c500000, 0x000000008c500000, 0x000000008c600000|  0%| F|  |TAMS 0x000000008c500000, 0x000000008c500000| Untracked 
| 102|0x000000008c600000, 0x000000008c600000, 0x000000008c700000|  0%| F|  |TAMS 0x000000008c600000, 0x000000008c600000| Untracked 
| 103|0x000000008c700000, 0x000000008c700000, 0x000000008c800000|  0%| F|  |TAMS 0x000000008c700000, 0x000000008c700000| Untracked 
| 104|0x000000008c800000, 0x000000008c800000, 0x000000008c900000|  0%| F|  |TAMS 0x000000008c800000, 0x000000008c800000| Untracked 
| 105|0x000000008c900000, 0x000000008c900000, 0x000000008ca00000|  0%| F|  |TAMS 0x000000008c900000, 0x000000008c900000| Untracked 
| 106|0x000000008ca00000, 0x000000008ca00000, 0x000000008cb00000|  0%| F|  |TAMS 0x000000008ca00000, 0x000000008ca00000| Untracked 
| 107|0x000000008cb00000, 0x000000008cb00000, 0x000000008cc00000|  0%| F|  |TAMS 0x000000008cb00000, 0x000000008cb00000| Untracked 
| 108|0x000000008cc00000, 0x000000008cc00000, 0x000000008cd00000|  0%| F|  |TAMS 0x000000008cc00000, 0x000000008cc00000| Untracked 
| 109|0x000000008cd00000, 0x000000008cdf6460, 0x000000008ce00000| 96%| E|  |TAMS 0x000000008cd00000, 0x000000008cd00000| Complete 
| 110|0x000000008ce00000, 0x000000008cf00000, 0x000000008cf00000|100%| E|CS|TAMS 0x000000008ce00000, 0x000000008ce00000| Complete 
| 111|0x000000008cf00000, 0x000000008d000000, 0x000000008d000000|100%| E|CS|TAMS 0x000000008cf00000, 0x000000008cf00000| Complete 
| 112|0x000000008d000000, 0x000000008d100000, 0x000000008d100000|100%| E|CS|TAMS 0x000000008d000000, 0x000000008d000000| Complete 
| 113|0x000000008d100000, 0x000000008d200000, 0x000000008d200000|100%| E|CS|TAMS 0x000000008d100000, 0x000000008d100000| Complete 
| 114|0x000000008d200000, 0x000000008d300000, 0x000000008d300000|100%| E|CS|TAMS 0x000000008d200000, 0x000000008d200000| Complete 
| 115|0x000000008d300000, 0x000000008d400000, 0x000000008d400000|100%| E|  |TAMS 0x000000008d300000, 0x000000008d300000| Complete 
| 116|0x000000008d400000, 0x000000008d500000, 0x000000008d500000|100%| E|CS|TAMS 0x000000008d400000, 0x000000008d400000| Complete 
| 117|0x000000008d500000, 0x000000008d600000, 0x000000008d600000|100%| E|CS|TAMS 0x000000008d500000, 0x000000008d500000| Complete 
| 118|0x000000008d600000, 0x000000008d700000, 0x000000008d700000|100%| E|CS|TAMS 0x000000008d600000, 0x000000008d600000| Complete 
| 119|0x000000008d700000, 0x000000008d800000, 0x000000008d800000|100%| E|CS|TAMS 0x000000008d700000, 0x000000008d700000| Complete 
| 120|0x000000008d800000, 0x000000008d900000, 0x000000008d900000|100%| E|CS|TAMS 0x000000008d800000, 0x000000008d800000| Complete 
| 121|0x000000008d900000, 0x000000008da00000, 0x000000008da00000|100%| E|CS|TAMS 0x000000008d900000, 0x000000008d900000| Complete 
|1950|0x00000000ffe00000, 0x00000000ffe48000, 0x00000000fff00000| 28%|OA|  |TAMS 0x00000000ffe00000, 0x00000000ffe00000| Untracked 
|1951|0x00000000fff00000, 0x00000000fff6c000, 0x0000000100000000| 42%|CA|  |TAMS 0x00000000fff00000, 0x00000000fff00000| Untracked 

Card table byte_map: [0x00007fced131f000,0x00007fced16ef000] _byte_map_base: 0x00007fced0eef000

Marking Bits (Prev, Next): (CMBitMap*) 0x00007fcecc058448, (CMBitMap*) 0x00007fcecc058480
 Prev Bits: [0x00007fceae180000, 0x00007fceb0000000)
 Next Bits: [0x00007fceac300000, 0x00007fceae180000)

Polling page: 0x00007fced4678000

Metaspace:

Usage:
  Non-class:      5.82 MB capacity,     3.38 MB ( 58%) used,     2.44 MB ( 42%) free+waste,     5.62 KB ( <1%) overhead. 
      Class:    681.00 KB capacity,   392.60 KB ( 58%) used,   285.52 KB ( 42%) free+waste,     2.88 KB ( <1%) overhead. 
       Both:      6.49 MB capacity,     3.76 MB ( 58%) used,     2.72 MB ( 42%) free+waste,     8.50 KB ( <1%) overhead. 

Virtual space:
  Non-class space:        8.00 MB reserved,       6.00 MB ( 75%) committed 
      Class space:        1.00 GB reserved,     768.00 KB ( <1%) committed 
             Both:        1.01 GB reserved,       6.75 MB ( <1%) committed 

Chunk freelists:
   Non-Class:  0 bytes
       Class:  0 bytes
        Both:  0 bytes

MaxMetaspaceSize: unlimited
CompressedClassSpaceSize: 1.00 GB
Initial GC threshold: 20.80 MB
Current GC threshold: 20.80 MB
CDS: on

CodeHeap 'non-profiled nmethods': size=119172Kb used=284Kb max_used=284Kb free=118887Kb
 bounds [0x00007fcebc35e000, 0x00007fcebc5ce000, 0x00007fcec37bf000]
CodeHeap 'profiled nmethods': size=119168Kb used=2001Kb max_used=2001Kb free=117166Kb
 bounds [0x00007fceb4efe000, 0x00007fceb516e000, 0x00007fcebc35e000]
CodeHeap 'non-nmethods': size=7420Kb used=2272Kb max_used=2289Kb free=5147Kb
 bounds [0x00007fceb47bf000, 0x00007fceb4a2f000, 0x00007fceb4efe000]
 total_blobs=1482 nmethods=1074 adapters=320
 compilation: enabled
              stopped_count=0, restarted_count=0
 full_count=0

Compilation events (20 events):
Event: 0.992 Thread 0x00007fce7c0a5800 1062       3       java.util.LinkedHashMap$LinkedHashIterator::<init> (31 bytes)
Event: 0.992 Thread 0x00007fce80081000 1063       3       java.util.HashMap::<init> (17 bytes)
Event: 0.992 Thread 0x00007fce7c0a5800 nmethod 1062 0x00007fceb50ef810 code [0x00007fceb50ef9c0, 0x00007fceb50efc30]
Event: 0.992 Thread 0x00007fce7c0a5800 1065       3       java.util.HashSet::size (8 bytes)
Event: 0.992 Thread 0x00007fce7c0a5800 nmethod 1065 0x00007fceb50efd10 code [0x00007fceb50efec0, 0x00007fceb50f0090]
Event: 0.992 Thread 0x00007fce7c0a5800 1066       3       java.util.LinkedHashMap::keySet (25 bytes)
Event: 0.992 Thread 0x00007fcecc14d000 1067       3       java.util.LinkedHashMap$LinkedKeySet::iterator (12 bytes)
Event: 0.992 Thread 0x00007fce7c0a5800 nmethod 1066 0x00007fceb50f0190 code [0x00007fceb50f0360, 0x00007fceb50f0750]
Event: 0.992 Thread 0x00007fce7c0a5800 1068       3       java.util.LinkedHashMap$LinkedKeyIterator::<init> (11 bytes)
Event: 0.992 Thread 0x00007fcecc14d000 nmethod 1067 0x00007fceb50f0890 code [0x00007fceb50f0a60, 0x00007fceb50f0e30]
Event: 0.992 Thread 0x00007fcecc14d000 1069       3       java.util.LinkedHashMap$LinkedKeyIterator::next (8 bytes)
Event: 0.992 Thread 0x00007fcecc14d000 nmethod 1069 0x00007fceb50f0f90 code [0x00007fceb50f1140, 0x00007fceb50f12a0]
Event: 0.992 Thread 0x00007fcecc14d000 1070       3       java.util.LinkedHashMap::afterNodeRemoval (65 bytes)
Event: 0.992 Thread 0x00007fce7c0a5800 nmethod 1068 0x00007fceb50f1390 code [0x00007fceb50f1560, 0x00007fceb50f1890]
Event: 0.992 Thread 0x00007fcecc14b000 nmethod 1055 0x00007fcebc3a1710 code [0x00007fcebc3a18c0, 0x00007fcebc3a1e38]
Event: 0.992 Thread 0x00007fce80081000 nmethod 1063 0x00007fceb50f1990 code [0x00007fceb50f1b60, 0x00007fceb50f1d60]
Event: 0.992 Thread 0x00007fcecc14d000 nmethod 1070 0x00007fceb50f1e90 code [0x00007fceb50f2060, 0x00007fceb50f2510]
Event: 0.992 Thread 0x00007fcecc14b000 1071       4       java.util.HashMap$HashIterator::<init> (79 bytes)
Event: 0.993 Thread 0x00007fce7c0ab000 nmethod 1061 0x00007fcebc3a2490 code [0x00007fcebc3a2660, 0x00007fcebc3a28f8]
Event: 0.993 Thread 0x00007fce7c0ab000 1074       4       org.bytedeco.javacpp.Pointer::equals (82 bytes)

GC Heap History (0 events):
No events

Deoptimization events (20 events):
Event: 0.582 Thread 0x00007fcecc015800 DEOPT PACKING pc=0x00007fceb4fe5762 sp=0x00007fced2e044d0
Event: 0.582 Thread 0x00007fcecc015800 DEOPT UNPACKING pc=0x00007fceb480964a sp=0x00007fced2e03968 mode 0
Event: 0.593 Thread 0x00007fcecc015800 DEOPT PACKING pc=0x00007fceb4f1ea4f sp=0x00007fced2e04490
Event: 0.593 Thread 0x00007fcecc015800 DEOPT UNPACKING pc=0x00007fceb480964a sp=0x00007fced2e03938 mode 0
Event: 0.809 Thread 0x00007fcecc015800 DEOPT PACKING pc=0x00007fceb4f35316 sp=0x00007fced2e02de0
Event: 0.809 Thread 0x00007fcecc015800 DEOPT UNPACKING pc=0x00007fceb480964a sp=0x00007fced2e022f0 mode 0
Event: 0.941 Thread 0x00007fcecc015800 Uncommon trap: trap_request=0xffffff76 fr.pc=0x00007fcebc367ae0 relative=0x0000000000000140
Event: 0.941 Thread 0x00007fcecc015800 Uncommon trap: reason=loop_limit_check action=maybe_recompile pc=0x00007fcebc367ae0 method=java.lang.StringLatin1.lastIndexOf([BII)I @ 19 c2
Event: 0.941 Thread 0x00007fcecc015800 DEOPT PACKING pc=0x00007fcebc367ae0 sp=0x00007fced2e05280
Event: 0.941 Thread 0x00007fcecc015800 DEOPT UNPACKING pc=0x00007fceb4808ea5 sp=0x00007fced2e05220 mode 2
Event: 0.966 Thread 0x00007fcecc015800 DEOPT PACKING pc=0x00007fceb50119cd sp=0x00007fced2e053f0
Event: 0.966 Thread 0x00007fcecc015800 DEOPT UNPACKING pc=0x00007fceb480964a sp=0x00007fced2e04890 mode 0
Event: 0.966 Thread 0x00007fcecc015800 Uncommon trap: trap_request=0xffffff4d fr.pc=0x00007fcebc3831c0 relative=0x0000000000000200
Event: 0.966 Thread 0x00007fcecc015800 Uncommon trap: reason=unstable_if action=reinterpret pc=0x00007fcebc3831c0 method=java.util.HashMap.getNode(ILjava/lang/Object;)Ljava/util/HashMap$Node; @ 84 c2
Event: 0.966 Thread 0x00007fcecc015800 DEOPT PACKING pc=0x00007fcebc3831c0 sp=0x00007fced2e053a0
Event: 0.966 Thread 0x00007fcecc015800 DEOPT UNPACKING pc=0x00007fceb4808ea5 sp=0x00007fced2e052d0 mode 2
Event: 0.966 Thread 0x00007fcecc015800 Uncommon trap: trap_request=0xffffff4d fr.pc=0x00007fcebc380770 relative=0x00000000000001b0
Event: 0.966 Thread 0x00007fcecc015800 Uncommon trap: reason=unstable_if action=reinterpret pc=0x00007fcebc380770 method=java.util.HashMap.getNode(ILjava/lang/Object;)Ljava/util/HashMap$Node; @ 84 c2
Event: 0.966 Thread 0x00007fcecc015800 DEOPT PACKING pc=0x00007fcebc380770 sp=0x00007fced2e05320
Event: 0.966 Thread 0x00007fcecc015800 DEOPT UNPACKING pc=0x00007fceb4808ea5 sp=0x00007fced2e052c8 mode 2

Classes redefined (0 events):
No events

Internal exceptions (20 events):
Event: 0.543 Thread 0x00007fcecc015800 Exception <a 'java/security/PrivilegedActionException'{0x000000008d36ef98}> (0x000000008d36ef98) thrown at [./src/hotspot/share/prims/jvm.cpp, line 1304]
Event: 0.543 Thread 0x00007fcecc015800 Exception <a 'java/security/PrivilegedActionException'{0x000000008d36f268}> (0x000000008d36f268) thrown at [./src/hotspot/share/prims/jvm.cpp, line 1304]
Event: 0.543 Thread 0x00007fcecc015800 Exception <a 'java/security/PrivilegedActionException'{0x000000008d36fc78}> (0x000000008d36fc78) thrown at [./src/hotspot/share/prims/jvm.cpp, line 1304]
Event: 0.543 Thread 0x00007fcecc015800 Exception <a 'java/security/PrivilegedActionException'{0x000000008d36ff48}> (0x000000008d36ff48) thrown at [./src/hotspot/share/prims/jvm.cpp, line 1304]
Event: 0.543 Thread 0x00007fcecc015800 Exception <a 'java/security/PrivilegedActionException'{0x000000008d370978}> (0x000000008d370978) thrown at [./src/hotspot/share/prims/jvm.cpp, line 1304]
Event: 0.543 Thread 0x00007fcecc015800 Exception <a 'java/security/PrivilegedActionException'{0x000000008d370c48}> (0x000000008d370c48) thrown at [./src/hotspot/share/prims/jvm.cpp, line 1304]
Event: 0.543 Thread 0x00007fcecc015800 Exception <a 'java/security/PrivilegedActionException'{0x000000008d371660}> (0x000000008d371660) thrown at [./src/hotspot/share/prims/jvm.cpp, line 1304]
Event: 0.543 Thread 0x00007fcecc015800 Exception <a 'java/security/PrivilegedActionException'{0x000000008d371930}> (0x000000008d371930) thrown at [./src/hotspot/share/prims/jvm.cpp, line 1304]
Event: 0.543 Thread 0x00007fcecc015800 Exception <a 'java/security/PrivilegedActionException'{0x000000008d372348}> (0x000000008d372348) thrown at [./src/hotspot/share/prims/jvm.cpp, line 1304]
Event: 0.543 Thread 0x00007fcecc015800 Exception <a 'java/security/PrivilegedActionException'{0x000000008d372618}> (0x000000008d372618) thrown at [./src/hotspot/share/prims/jvm.cpp, line 1304]
Event: 0.543 Thread 0x00007fcecc015800 Exception <a 'java/security/PrivilegedActionException'{0x000000008d373050}> (0x000000008d373050) thrown at [./src/hotspot/share/prims/jvm.cpp, line 1304]
Event: 0.543 Thread 0x00007fcecc015800 Exception <a 'java/security/PrivilegedActionException'{0x000000008d373320}> (0x000000008d373320) thrown at [./src/hotspot/share/prims/jvm.cpp, line 1304]
Event: 0.543 Thread 0x00007fcecc015800 Exception <a 'java/security/PrivilegedActionException'{0x000000008d373d50}> (0x000000008d373d50) thrown at [./src/hotspot/share/prims/jvm.cpp, line 1304]
Event: 0.543 Thread 0x00007fcecc015800 Exception <a 'java/security/PrivilegedActionException'{0x000000008d374020}> (0x000000008d374020) thrown at [./src/hotspot/share/prims/jvm.cpp, line 1304]
Event: 0.543 Thread 0x00007fcecc015800 Exception <a 'java/security/PrivilegedActionException'{0x000000008d374a58}> (0x000000008d374a58) thrown at [./src/hotspot/share/prims/jvm.cpp, line 1304]
Event: 0.543 Thread 0x00007fcecc015800 Exception <a 'java/security/PrivilegedActionException'{0x000000008d374d28}> (0x000000008d374d28) thrown at [./src/hotspot/share/prims/jvm.cpp, line 1304]
Event: 0.543 Thread 0x00007fcecc015800 Exception <a 'java/security/PrivilegedActionException'{0x000000008d375740}> (0x000000008d375740) thrown at [./src/hotspot/share/prims/jvm.cpp, line 1304]
Event: 0.543 Thread 0x00007fcecc015800 Exception <a 'java/security/PrivilegedActionException'{0x000000008d375a10}> (0x000000008d375a10) thrown at [./src/hotspot/share/prims/jvm.cpp, line 1304]
Event: 0.543 Thread 0x00007fcecc015800 Exception <a 'java/security/PrivilegedActionException'{0x000000008d376460}> (0x000000008d376460) thrown at [./src/hotspot/share/prims/jvm.cpp, line 1304]
Event: 0.543 Thread 0x00007fcecc015800 Exception <a 'java/security/PrivilegedActionException'{0x000000008d376730}> (0x000000008d376730) thrown at [./src/hotspot/share/prims/jvm.cpp, line 1304]

Events (20 events):
Event: 0.953 loading class java/lang/invoke/BoundMethodHandle$Species_LLLLLLII
Event: 0.953 loading class java/lang/invoke/BoundMethodHandle$Species_LLLLLLII done
Event: 0.954 loading class java/lang/invoke/BoundMethodHandle$Species_LLLLLLIIL
Event: 0.954 loading class java/lang/invoke/BoundMethodHandle$Species_LLLLLLIIL done
Event: 0.963 loading class java/io/BufferedReader
Event: 0.963 loading class java/io/BufferedReader done
Event: 0.964 loading class java/util/regex/Pattern$Bound
Event: 0.964 loading class java/util/regex/Pattern$Bound done
Event: 0.968 loading class java/util/LinkedHashSet
Event: 0.968 loading class java/util/LinkedHashSet done
Event: 0.968 Executing VM operation: Deoptimize
Event: 0.968 Executing VM operation: Deoptimize done
Event: 0.969 loading class ConstValue
Event: 0.969 loading class ConstValue done
Event: 0.977 loading class ConstStatus
Event: 0.977 loading class ConstStatus done
Event: 0.985 loading class java/util/LinkedHashMap$LinkedKeySet
Event: 0.985 loading class java/util/LinkedHashMap$LinkedKeySet done
Event: 0.985 loading class java/util/LinkedHashMap$LinkedKeyIterator
Event: 0.985 loading class java/util/LinkedHashMap$LinkedKeyIterator done


Dynamic libraries:
86000000-8da00000 rw-p 00000000 00:00 0 
8da00000-ffe00000 ---p 00000000 00:00 0 
ffe00000-ffe48000 rw-p 00b14000 08:20 29394                              /usr/lib/jvm/java-11-openjdk-amd64/lib/server/classes.jsa
ffe48000-fff00000 rw-p 00000000 00:00 0 
fff00000-fff6c000 rw-p 00aa8000 08:20 29394                              /usr/lib/jvm/java-11-openjdk-amd64/lib/server/classes.jsa
fff6c000-100000000 rw-p 00000000 00:00 0 
800000000-800002000 rwxp 00001000 08:20 29394                            /usr/lib/jvm/java-11-openjdk-amd64/lib/server/classes.jsa
800002000-8003ce000 rw-p 00003000 08:20 29394                            /usr/lib/jvm/java-11-openjdk-amd64/lib/server/classes.jsa
8003ce000-800aa6000 r--p 003cf000 08:20 29394                            /usr/lib/jvm/java-11-openjdk-amd64/lib/server/classes.jsa
800aa6000-800aa7000 rw-p 00aa7000 08:20 29394                            /usr/lib/jvm/java-11-openjdk-amd64/lib/server/classes.jsa
840000000-8400c0000 rw-p 00000000 00:00 0 
8400c0000-880000000 ---p 00000000 00:00 0 
5584c63b3000-5584c63b4000 r--p 00000000 08:20 58380                      /usr/lib/jvm/java-11-openjdk-amd64/bin/java
5584c63b4000-5584c63b5000 r-xp 00001000 08:20 58380                      /usr/lib/jvm/java-11-openjdk-amd64/bin/java
5584c63b5000-5584c63b6000 r--p 00002000 08:20 58380                      /usr/lib/jvm/java-11-openjdk-amd64/bin/java
5584c63b6000-5584c63b7000 r--p 00002000 08:20 58380                      /usr/lib/jvm/java-11-openjdk-amd64/bin/java
5584c63b7000-5584c63b8000 rw-p 00003000 08:20 58380                      /usr/lib/jvm/java-11-openjdk-amd64/bin/java
5584ede14000-5584ede35000 rw-p 00000000 00:00 0                          [heap]
7fce5552c000-7fce55e52000 r--p 00000000 08:20 227212                     /home/itshandable/.javacpp/cache/llvm-13.0.1-1.5.7-linux-x86_64.jar/org/bytedeco/llvm/linux-x86_64/libLLVM-13.so
7fce55e52000-7fce59815000 r-xp 00926000 08:20 227212                     /home/itshandable/.javacpp/cache/llvm-13.0.1-1.5.7-linux-x86_64.jar/org/bytedeco/llvm/linux-x86_64/libLLVM-13.so
7fce59815000-7fce5ba6a000 r--p 042e9000 08:20 227212                     /home/itshandable/.javacpp/cache/llvm-13.0.1-1.5.7-linux-x86_64.jar/org/bytedeco/llvm/linux-x86_64/libLLVM-13.so
7fce5ba6a000-7fce5bf7f000 r--p 0653d000 08:20 227212                     /home/itshandable/.javacpp/cache/llvm-13.0.1-1.5.7-linux-x86_64.jar/org/bytedeco/llvm/linux-x86_64/libLLVM-13.so
7fce5bf7f000-7fce5bf8a000 rw-p 06a52000 08:20 227212                     /home/itshandable/.javacpp/cache/llvm-13.0.1-1.5.7-linux-x86_64.jar/org/bytedeco/llvm/linux-x86_64/libLLVM-13.so
7fce5bf8a000-7fce5c000000 rw-p 00000000 00:00 0 
7fce5c000000-7fce5c0b4000 rw-p 00000000 00:00 0 
7fce5c0b4000-7fce60000000 ---p 00000000 00:00 0 
7fce60000000-7fce600a5000 rw-p 00000000 00:00 0 
7fce600a5000-7fce64000000 ---p 00000000 00:00 0 
7fce64000000-7fce6406e000 rw-p 00000000 00:00 0 
7fce6406e000-7fce68000000 ---p 00000000 00:00 0 
7fce68000000-7fce68021000 rw-p 00000000 00:00 0 
7fce68021000-7fce6c000000 ---p 00000000 00:00 0 
7fce6c000000-7fce6c021000 rw-p 00000000 00:00 0 
7fce6c021000-7fce70000000 ---p 00000000 00:00 0 
7fce70000000-7fce70021000 rw-p 00000000 00:00 0 
7fce70021000-7fce74000000 ---p 00000000 00:00 0 
7fce74000000-7fce74021000 rw-p 00000000 00:00 0 
7fce74021000-7fce78000000 ---p 00000000 00:00 0 
7fce78000000-7fce78455000 rw-p 00000000 00:00 0 
7fce78455000-7fce7c000000 ---p 00000000 00:00 0 
7fce7c000000-7fce7c0dd000 rw-p 00000000 00:00 0 
7fce7c0dd000-7fce80000000 ---p 00000000 00:00 0 
7fce80000000-7fce800d8000 rw-p 00000000 00:00 0 
7fce800d8000-7fce84000000 ---p 00000000 00:00 0 
7fce84000000-7fce84021000 rw-p 00000000 00:00 0 
7fce84021000-7fce88000000 ---p 00000000 00:00 0 
7fce88000000-7fce88021000 rw-p 00000000 00:00 0 
7fce88021000-7fce8c000000 ---p 00000000 00:00 0 
7fce8c000000-7fce8c021000 rw-p 00000000 00:00 0 
7fce8c021000-7fce90000000 ---p 00000000 00:00 0 
7fce90000000-7fce90021000 rw-p 00000000 00:00 0 
7fce90021000-7fce94000000 ---p 00000000 00:00 0 
7fce94000000-7fce94021000 rw-p 00000000 00:00 0 
7fce94021000-7fce98000000 ---p 00000000 00:00 0 
7fce98000000-7fce98021000 rw-p 00000000 00:00 0 
7fce98021000-7fce9c000000 ---p 00000000 00:00 0 
7fce9c000000-7fce9c021000 rw-p 00000000 00:00 0 
7fce9c021000-7fcea0000000 ---p 00000000 00:00 0 
7fcea0000000-7fcea0021000 rw-p 00000000 00:00 0 
7fcea0021000-7fcea4000000 ---p 00000000 00:00 0 
7fcea4bf9000-7fcea4c5e000 r--p 00000000 08:20 227234                     /home/itshandable/.javacpp/cache/llvm-13.0.1-1.5.7-linux-x86_64.jar/org/bytedeco/llvm/linux-x86_64/libjniLLVM.so
7fcea4c5e000-7fcea4ccc000 r-xp 00065000 08:20 227234                     /home/itshandable/.javacpp/cache/llvm-13.0.1-1.5.7-linux-x86_64.jar/org/bytedeco/llvm/linux-x86_64/libjniLLVM.so
7fcea4ccc000-7fcea4cf7000 r--p 000d3000 08:20 227234                     /home/itshandable/.javacpp/cache/llvm-13.0.1-1.5.7-linux-x86_64.jar/org/bytedeco/llvm/linux-x86_64/libjniLLVM.so
7fcea4cf7000-7fcea4cfa000 r--p 000fd000 08:20 227234                     /home/itshandable/.javacpp/cache/llvm-13.0.1-1.5.7-linux-x86_64.jar/org/bytedeco/llvm/linux-x86_64/libjniLLVM.so
7fcea4cfa000-7fcea4cfd000 rw-p 00100000 08:20 227234                     /home/itshandable/.javacpp/cache/llvm-13.0.1-1.5.7-linux-x86_64.jar/org/bytedeco/llvm/linux-x86_64/libjniLLVM.so
7fcea4cfd000-7fcea4cff000 rw-p 00000000 00:00 0 
7fcea4cff000-7fcea4d03000 ---p 00000000 00:00 0 
7fcea4d03000-7fcea4dff000 rw-p 00000000 00:00 0 
7fcea4dff000-7fcea4e03000 ---p 00000000 00:00 0 
7fcea4e03000-7fcea4eff000 rw-p 00000000 00:00 0 
7fcea4eff000-7fcea4f03000 ---p 00000000 00:00 0 
7fcea4f03000-7fcea4fff000 rw-p 00000000 00:00 0 
7fcea4fff000-7fcea5003000 ---p 00000000 00:00 0 
7fcea5003000-7fcea50ff000 rw-p 00000000 00:00 0 
7fcea50ff000-7fcea5103000 ---p 00000000 00:00 0 
7fcea5103000-7fcea51ff000 rw-p 00000000 00:00 0 
7fcea51ff000-7fcea5200000 ---p 00000000 00:00 0 
7fcea5200000-7fcea5300000 rw-p 00000000 00:00 0 
7fcea5300000-7fcea5304000 ---p 00000000 00:00 0 
7fcea5304000-7fcea5400000 rw-p 00000000 00:00 0 
7fcea5400000-7fcea5404000 ---p 00000000 00:00 0 
7fcea5404000-7fcea5500000 rw-p 00000000 00:00 0 
7fcea5500000-7fcea5504000 ---p 00000000 00:00 0 
7fcea5504000-7fcea5600000 rw-p 00000000 00:00 0 
7fcea5600000-7fcea5604000 ---p 00000000 00:00 0 
7fcea5604000-7fcea5700000 rw-p 00000000 00:00 0 
7fcea5700000-7fcea5704000 ---p 00000000 00:00 0 
7fcea5704000-7fcea5e00000 rw-p 00000000 00:00 0 
7fcea5e00000-7fcea6000000 ---p 00000000 00:00 0 
7fcea6000000-7fcea8000000 rw-p 00000000 00:00 0 
7fcea8000000-7fcea8021000 rw-p 00000000 00:00 0 
7fcea8021000-7fceac000000 ---p 00000000 00:00 0 
7fceac000000-7fceac004000 ---p 00000000 00:00 0 
7fceac004000-7fceac100000 rw-p 00000000 00:00 0 
7fceac100000-7fceac104000 ---p 00000000 00:00 0 
7fceac104000-7fceac200000 rw-p 00000000 00:00 0 
7fceac200000-7fceac204000 ---p 00000000 00:00 0 
7fceac204000-7fceac4e8000 rw-p 00000000 00:00 0 
7fceac4e8000-7fceae178000 ---p 00000000 00:00 0 
7fceae178000-7fceae368000 rw-p 00000000 00:00 0 
7fceae368000-7fceafff8000 ---p 00000000 00:00 0 
7fceafff8000-7fceb0000000 rw-p 00000000 00:00 0 
7fceb0000000-7fceb0021000 rw-p 00000000 00:00 0 
7fceb0021000-7fceb4000000 ---p 00000000 00:00 0 
7fceb4021000-7fceb4028000 r--p 00000000 08:20 227217                     /home/itshandable/.javacpp/cache/llvm-13.0.1-1.5.7-linux-x86_64.jar/org/bytedeco/llvm/linux-x86_64/libLTO.so.13
7fceb4028000-7fceb4030000 r-xp 00007000 08:20 227217                     /home/itshandable/.javacpp/cache/llvm-13.0.1-1.5.7-linux-x86_64.jar/org/bytedeco/llvm/linux-x86_64/libLTO.so.13
7fceb4030000-7fceb4032000 r--p 0000f000 08:20 227217                     /home/itshandable/.javacpp/cache/llvm-13.0.1-1.5.7-linux-x86_64.jar/org/bytedeco/llvm/linux-x86_64/libLTO.so.13
7fceb4032000-7fceb4033000 r--p 00010000 08:20 227217                     /home/itshandable/.javacpp/cache/llvm-13.0.1-1.5.7-linux-x86_64.jar/org/bytedeco/llvm/linux-x86_64/libLTO.so.13
7fceb4033000-7fceb4034000 rw-p 00011000 08:20 227217                     /home/itshandable/.javacpp/cache/llvm-13.0.1-1.5.7-linux-x86_64.jar/org/bytedeco/llvm/linux-x86_64/libLTO.so.13
7fceb4034000-7fceb4035000 r--p 00000000 08:20 64938                      /usr/lib/x86_64-linux-gnu/libdl.so.2
7fceb4035000-7fceb4036000 r-xp 00001000 08:20 64938                      /usr/lib/x86_64-linux-gnu/libdl.so.2
7fceb4036000-7fceb4037000 r--p 00002000 08:20 64938                      /usr/lib/x86_64-linux-gnu/libdl.so.2
7fceb4037000-7fceb4038000 r--p 00002000 08:20 64938                      /usr/lib/x86_64-linux-gnu/libdl.so.2
7fceb4038000-7fceb4039000 rw-p 00003000 08:20 64938                      /usr/lib/x86_64-linux-gnu/libdl.so.2
7fceb4042000-7fceb4043000 r--p 00000000 08:20 227228                     /home/itshandable/.javacpp/cache/llvm-13.0.1-1.5.7-linux-x86_64.jar/org/bytedeco/llvm/linux-x86_64/libRemarks.so.13
7fceb4043000-7fceb4044000 r-xp 00001000 08:20 227228                     /home/itshandable/.javacpp/cache/llvm-13.0.1-1.5.7-linux-x86_64.jar/org/bytedeco/llvm/linux-x86_64/libRemarks.so.13
7fceb4044000-7fceb4045000 r--p 00002000 08:20 227228                     /home/itshandable/.javacpp/cache/llvm-13.0.1-1.5.7-linux-x86_64.jar/org/bytedeco/llvm/linux-x86_64/libRemarks.so.13
7fceb4045000-7fceb4046000 r--p 00002000 08:20 227228                     /home/itshandable/.javacpp/cache/llvm-13.0.1-1.5.7-linux-x86_64.jar/org/bytedeco/llvm/linux-x86_64/libRemarks.so.13
7fceb4046000-7fceb4047000 rw-p 00003000 08:20 227228                     /home/itshandable/.javacpp/cache/llvm-13.0.1-1.5.7-linux-x86_64.jar/org/bytedeco/llvm/linux-x86_64/libRemarks.so.13
7fceb4047000-7fceb404b000 r--p 00000000 08:20 227196                     /home/itshandable/.javacpp/cache/javacpp-1.5.7-linux-x86_64.jar/org/bytedeco/javacpp/linux-x86_64/libjnijavacpp.so
7fceb404b000-7fceb4052000 r-xp 00004000 08:20 227196                     /home/itshandable/.javacpp/cache/javacpp-1.5.7-linux-x86_64.jar/org/bytedeco/javacpp/linux-x86_64/libjnijavacpp.so
7fceb4052000-7fceb4056000 r--p 0000b000 08:20 227196                     /home/itshandable/.javacpp/cache/javacpp-1.5.7-linux-x86_64.jar/org/bytedeco/javacpp/linux-x86_64/libjnijavacpp.so
7fceb4056000-7fceb4057000 r--p 0000e000 08:20 227196                     /home/itshandable/.javacpp/cache/javacpp-1.5.7-linux-x86_64.jar/org/bytedeco/javacpp/linux-x86_64/libjnijavacpp.so
7fceb4057000-7fceb4058000 rw-p 0000f000 08:20 227196                     /home/itshandable/.javacpp/cache/javacpp-1.5.7-linux-x86_64.jar/org/bytedeco/javacpp/linux-x86_64/libjnijavacpp.so
7fceb4058000-7fceb4089000 rw-p 00000000 00:00 0 
7fceb4089000-7fceb408d000 r--p 00000000 08:20 58728                      /usr/lib/jvm/java-11-openjdk-amd64/lib/libnet.so
7fceb408d000-7fceb409b000 r-xp 00004000 08:20 58728                      /usr/lib/jvm/java-11-openjdk-amd64/lib/libnet.so
7fceb409b000-7fceb409f000 r--p 00012000 08:20 58728                      /usr/lib/jvm/java-11-openjdk-amd64/lib/libnet.so
7fceb409f000-7fceb40a0000 r--p 00015000 08:20 58728                      /usr/lib/jvm/java-11-openjdk-amd64/lib/libnet.so
7fceb40a0000-7fceb40a1000 rw-p 00016000 08:20 58728                      /usr/lib/jvm/java-11-openjdk-amd64/lib/libnet.so
7fceb40a1000-7fceb40a8000 r--p 00000000 08:20 58729                      /usr/lib/jvm/java-11-openjdk-amd64/lib/libnio.so
7fceb40a8000-7fceb40b0000 r-xp 00007000 08:20 58729                      /usr/lib/jvm/java-11-openjdk-amd64/lib/libnio.so
7fceb40b0000-7fceb40b3000 r--p 0000f000 08:20 58729                      /usr/lib/jvm/java-11-openjdk-amd64/lib/libnio.so
7fceb40b3000-7fceb40b4000 r--p 00011000 08:20 58729                      /usr/lib/jvm/java-11-openjdk-amd64/lib/libnio.so
7fceb40b4000-7fceb40b5000 rw-p 00012000 08:20 58729                      /usr/lib/jvm/java-11-openjdk-amd64/lib/libnio.so
7fceb40b5000-7fceb40b6000 ---p 00000000 00:00 0 
7fceb40b6000-7fceb42ba000 rw-p 00000000 00:00 0 
7fceb42ba000-7fceb42bb000 ---p 00000000 00:00 0 
7fceb42bb000-7fceb43bb000 rw-p 00000000 00:00 0 
7fceb43bb000-7fceb43bc000 ---p 00000000 00:00 0 
7fceb43bc000-7fceb47bf000 rw-p 00000000 00:00 0 
7fceb47bf000-7fceb4a2f000 rwxp 00000000 00:00 0 
7fceb4a2f000-7fceb4efe000 ---p 00000000 00:00 0 
7fceb4efe000-7fceb516e000 rwxp 00000000 00:00 0 
7fceb516e000-7fcebc35e000 ---p 00000000 00:00 0 
7fcebc35e000-7fcebc5ce000 rwxp 00000000 00:00 0 
7fcebc5ce000-7fcec37bf000 ---p 00000000 00:00 0 
7fcec37bf000-7fcecc000000 r--s 00000000 08:20 58738                      /usr/lib/jvm/java-11-openjdk-amd64/lib/modules
7fcecc000000-7fcecc38b000 rw-p 00000000 00:00 0 
7fcecc38b000-7fced0000000 ---p 00000000 00:00 0 
7fced0002000-7fced0003000 r--p 00000000 08:20 64948                      /usr/lib/x86_64-linux-gnu/libpthread.so.0
7fced0003000-7fced0004000 r-xp 00001000 08:20 64948                      /usr/lib/x86_64-linux-gnu/libpthread.so.0
7fced0004000-7fced0005000 r--p 00002000 08:20 64948                      /usr/lib/x86_64-linux-gnu/libpthread.so.0
7fced0005000-7fced0006000 r--p 00002000 08:20 64948                      /usr/lib/x86_64-linux-gnu/libpthread.so.0
7fced0006000-7fced0007000 rw-p 00003000 08:20 64948                      /usr/lib/x86_64-linux-gnu/libpthread.so.0
7fced0007000-7fced0c55000 rw-p 00000000 00:00 0 
7fced0c55000-7fced0c56000 ---p 00000000 00:00 0 
7fced0c56000-7fced0d56000 rw-p 00000000 00:00 0 
7fced0d56000-7fced0d57000 ---p 00000000 00:00 0 
7fced0d57000-7fced0f8c000 rw-p 00000000 00:00 0 
7fced0f8c000-7fced131e000 ---p 00000000 00:00 0 
7fced131e000-7fced135c000 rw-p 00000000 00:00 0 
7fced135c000-7fced16ee000 ---p 00000000 00:00 0 
7fced16ee000-7fced172c000 rw-p 00000000 00:00 0 
7fced172c000-7fced1abe000 ---p 00000000 00:00 0 
7fced1abe000-7fced29ce000 rw-p 00000000 00:00 0 
7fced29ce000-7fced29cf000 ---p 00000000 00:00 0 
7fced29cf000-7fced2ad4000 rw-p 00000000 00:00 0 
7fced2ad4000-7fced2bb8000 ---p 00000000 00:00 0 
7fced2bb8000-7fced2bbd000 rw-p 00000000 00:00 0 
7fced2bbd000-7fced2ca1000 ---p 00000000 00:00 0 
7fced2ca1000-7fced2ca6000 rw-p 00000000 00:00 0 
7fced2ca6000-7fced2cb0000 ---p 00000000 00:00 0 
7fced2cb0000-7fced2cb2000 r--p 00000000 08:20 58737                      /usr/lib/jvm/java-11-openjdk-amd64/lib/libzip.so
7fced2cb2000-7fced2cb7000 r-xp 00002000 08:20 58737                      /usr/lib/jvm/java-11-openjdk-amd64/lib/libzip.so
7fced2cb7000-7fced2cb9000 r--p 00007000 08:20 58737                      /usr/lib/jvm/java-11-openjdk-amd64/lib/libzip.so
7fced2cb9000-7fced2cba000 r--p 00008000 08:20 58737                      /usr/lib/jvm/java-11-openjdk-amd64/lib/libzip.so
7fced2cba000-7fced2cbb000 rw-p 00009000 08:20 58737                      /usr/lib/jvm/java-11-openjdk-amd64/lib/libzip.so
7fced2cbb000-7fced2cc3000 rw-s 00000000 08:20 2331                       /tmp/hsperfdata_itshandable/13473
7fced2cc3000-7fced2cd1000 r--p 00000000 08:20 58717                      /usr/lib/jvm/java-11-openjdk-amd64/lib/libjava.so
7fced2cd1000-7fced2ce7000 r-xp 0000e000 08:20 58717                      /usr/lib/jvm/java-11-openjdk-amd64/lib/libjava.so
7fced2ce7000-7fced2cee000 r--p 00024000 08:20 58717                      /usr/lib/jvm/java-11-openjdk-amd64/lib/libjava.so
7fced2cee000-7fced2cef000 r--p 0002a000 08:20 58717                      /usr/lib/jvm/java-11-openjdk-amd64/lib/libjava.so
7fced2cef000-7fced2cf0000 rw-p 0002b000 08:20 58717                      /usr/lib/jvm/java-11-openjdk-amd64/lib/libjava.so
7fced2cf0000-7fced2cf1000 rw-p 00000000 00:00 0 
7fced2cf1000-7fced2cf6000 r--p 00000000 08:20 58736                      /usr/lib/jvm/java-11-openjdk-amd64/lib/libverify.so
7fced2cf6000-7fced2cfd000 r-xp 00005000 08:20 58736                      /usr/lib/jvm/java-11-openjdk-amd64/lib/libverify.so
7fced2cfd000-7fced2cff000 r--p 0000c000 08:20 58736                      /usr/lib/jvm/java-11-openjdk-amd64/lib/libverify.so
7fced2cff000-7fced2d01000 r--p 0000d000 08:20 58736                      /usr/lib/jvm/java-11-openjdk-amd64/lib/libverify.so
7fced2d01000-7fced2d02000 rw-p 0000f000 08:20 58736                      /usr/lib/jvm/java-11-openjdk-amd64/lib/libverify.so
7fced2d02000-7fced2d03000 r--p 00000000 08:20 64951                      /usr/lib/x86_64-linux-gnu/librt.so.1
7fced2d03000-7fced2d04000 r-xp 00001000 08:20 64951                      /usr/lib/x86_64-linux-gnu/librt.so.1
7fced2d04000-7fced2d05000 r--p 00002000 08:20 64951                      /usr/lib/x86_64-linux-gnu/librt.so.1
7fced2d05000-7fced2d06000 r--p 00002000 08:20 64951                      /usr/lib/x86_64-linux-gnu/librt.so.1
7fced2d06000-7fced2d07000 rw-p 00003000 08:20 64951                      /usr/lib/x86_64-linux-gnu/librt.so.1
7fced2d07000-7fced2d0b000 ---p 00000000 00:00 0 
7fced2d0b000-7fced2e07000 rw-p 00000000 00:00 0 
7fced2e07000-7fced2e0a000 r--p 00000000 08:20 6709                       /usr/lib/x86_64-linux-gnu/libgcc_s.so.1
7fced2e0a000-7fced2e21000 r-xp 00003000 08:20 6709                       /usr/lib/x86_64-linux-gnu/libgcc_s.so.1
7fced2e21000-7fced2e25000 r--p 0001a000 08:20 6709                       /usr/lib/x86_64-linux-gnu/libgcc_s.so.1
7fced2e25000-7fced2e26000 r--p 0001d000 08:20 6709                       /usr/lib/x86_64-linux-gnu/libgcc_s.so.1
7fced2e26000-7fced2e27000 rw-p 0001e000 08:20 6709                       /usr/lib/x86_64-linux-gnu/libgcc_s.so.1
7fced2e27000-7fced2e35000 r--p 00000000 08:20 64939                      /usr/lib/x86_64-linux-gnu/libm.so.6
7fced2e35000-7fced2eb1000 r-xp 0000e000 08:20 64939                      /usr/lib/x86_64-linux-gnu/libm.so.6
7fced2eb1000-7fced2f0c000 r--p 0008a000 08:20 64939                      /usr/lib/x86_64-linux-gnu/libm.so.6
7fced2f0c000-7fced2f0d000 r--p 000e4000 08:20 64939                      /usr/lib/x86_64-linux-gnu/libm.so.6
7fced2f0d000-7fced2f0e000 rw-p 000e5000 08:20 64939                      /usr/lib/x86_64-linux-gnu/libm.so.6
7fced2f0e000-7fced2fa8000 r--p 00000000 08:20 6947                       /usr/lib/x86_64-linux-gnu/libstdc++.so.6.0.30
7fced2fa8000-7fced30b9000 r-xp 0009a000 08:20 6947                       /usr/lib/x86_64-linux-gnu/libstdc++.so.6.0.30
7fced30b9000-7fced3128000 r--p 001ab000 08:20 6947                       /usr/lib/x86_64-linux-gnu/libstdc++.so.6.0.30
7fced3128000-7fced3129000 ---p 0021a000 08:20 6947                       /usr/lib/x86_64-linux-gnu/libstdc++.so.6.0.30
7fced3129000-7fced3134000 r--p 0021a000 08:20 6947                       /usr/lib/x86_64-linux-gnu/libstdc++.so.6.0.30
7fced3134000-7fced3137000 rw-p 00225000 08:20 6947                       /usr/lib/x86_64-linux-gnu/libstdc++.so.6.0.30
7fced3137000-7fced313a000 rw-p 00000000 00:00 0 
7fced313a000-7fced33bd000 r--p 00000000 08:20 58741                      /usr/lib/jvm/java-11-openjdk-amd64/lib/server/libjvm.so
7fced33bd000-7fced4068000 r-xp 00283000 08:20 58741                      /usr/lib/jvm/java-11-openjdk-amd64/lib/server/libjvm.so
7fced4068000-7fced42c4000 r--p 00f2e000 08:20 58741                      /usr/lib/jvm/java-11-openjdk-amd64/lib/server/libjvm.so
7fced42c4000-7fced4388000 r--p 01189000 08:20 58741                      /usr/lib/jvm/java-11-openjdk-amd64/lib/server/libjvm.so
7fced4388000-7fced43c3000 rw-p 0124d000 08:20 58741                      /usr/lib/jvm/java-11-openjdk-amd64/lib/server/libjvm.so
7fced43c3000-7fced441d000 rw-p 00000000 00:00 0 
7fced441d000-7fced4445000 r--p 00000000 08:20 64935                      /usr/lib/x86_64-linux-gnu/libc.so.6
7fced4445000-7fced45da000 r-xp 00028000 08:20 64935                      /usr/lib/x86_64-linux-gnu/libc.so.6
7fced45da000-7fced4632000 r--p 001bd000 08:20 64935                      /usr/lib/x86_64-linux-gnu/libc.so.6
7fced4632000-7fced4633000 ---p 00215000 08:20 64935                      /usr/lib/x86_64-linux-gnu/libc.so.6
7fced4633000-7fced4637000 r--p 00215000 08:20 64935                      /usr/lib/x86_64-linux-gnu/libc.so.6
7fced4637000-7fced4639000 rw-p 00219000 08:20 64935                      /usr/lib/x86_64-linux-gnu/libc.so.6
7fced4639000-7fced4646000 rw-p 00000000 00:00 0 
7fced4646000-7fced4649000 r--p 00000000 08:20 58702                      /usr/lib/jvm/java-11-openjdk-amd64/lib/jli/libjli.so
7fced4649000-7fced4653000 r-xp 00003000 08:20 58702                      /usr/lib/jvm/java-11-openjdk-amd64/lib/jli/libjli.so
7fced4653000-7fced4656000 r--p 0000d000 08:20 58702                      /usr/lib/jvm/java-11-openjdk-amd64/lib/jli/libjli.so
7fced4656000-7fced4657000 ---p 00010000 08:20 58702                      /usr/lib/jvm/java-11-openjdk-amd64/lib/jli/libjli.so
7fced4657000-7fced4658000 r--p 00010000 08:20 58702                      /usr/lib/jvm/java-11-openjdk-amd64/lib/jli/libjli.so
7fced4658000-7fced4659000 rw-p 00011000 08:20 58702                      /usr/lib/jvm/java-11-openjdk-amd64/lib/jli/libjli.so
7fced4659000-7fced465b000 r--p 00000000 08:20 6997                       /usr/lib/x86_64-linux-gnu/libz.so.1.2.11
7fced465b000-7fced466c000 r-xp 00002000 08:20 6997                       /usr/lib/x86_64-linux-gnu/libz.so.1.2.11
7fced466c000-7fced4672000 r--p 00013000 08:20 6997                       /usr/lib/x86_64-linux-gnu/libz.so.1.2.11
7fced4672000-7fced4673000 ---p 00019000 08:20 6997                       /usr/lib/x86_64-linux-gnu/libz.so.1.2.11
7fced4673000-7fced4674000 r--p 00019000 08:20 6997                       /usr/lib/x86_64-linux-gnu/libz.so.1.2.11
7fced4674000-7fced4675000 rw-p 0001a000 08:20 6997                       /usr/lib/x86_64-linux-gnu/libz.so.1.2.11
7fced4678000-7fced4679000 ---p 00000000 00:00 0 
7fced4679000-7fced467a000 r--p 00000000 00:00 0 
7fced467a000-7fced467c000 r--p 00000000 08:20 58720                      /usr/lib/jvm/java-11-openjdk-amd64/lib/libjimage.so
7fced467c000-7fced467f000 r-xp 00002000 08:20 58720                      /usr/lib/jvm/java-11-openjdk-amd64/lib/libjimage.so
7fced467f000-7fced4680000 r--p 00005000 08:20 58720                      /usr/lib/jvm/java-11-openjdk-amd64/lib/libjimage.so
7fced4680000-7fced4681000 ---p 00006000 08:20 58720                      /usr/lib/jvm/java-11-openjdk-amd64/lib/libjimage.so
7fced4681000-7fced4682000 r--p 00006000 08:20 58720                      /usr/lib/jvm/java-11-openjdk-amd64/lib/libjimage.so
7fced4682000-7fced4683000 rw-p 00007000 08:20 58720                      /usr/lib/jvm/java-11-openjdk-amd64/lib/libjimage.so
7fced4683000-7fced4685000 rw-p 00000000 00:00 0 
7fced4685000-7fced4687000 r--p 00000000 08:20 64930                      /usr/lib/x86_64-linux-gnu/ld-linux-x86-64.so.2
7fced4687000-7fced46b1000 r-xp 00002000 08:20 64930                      /usr/lib/x86_64-linux-gnu/ld-linux-x86-64.so.2
7fced46b1000-7fced46bc000 r--p 0002c000 08:20 64930                      /usr/lib/x86_64-linux-gnu/ld-linux-x86-64.so.2
7fced46bd000-7fced46bf000 r--p 00037000 08:20 64930                      /usr/lib/x86_64-linux-gnu/ld-linux-x86-64.so.2
7fced46bf000-7fced46c1000 rw-p 00039000 08:20 64930                      /usr/lib/x86_64-linux-gnu/ld-linux-x86-64.so.2
7ffd0f7d1000-7ffd0f7f2000 rw-p 00000000 00:00 0                          [stack]
7ffd0f7f2000-7ffd0f7f6000 r--p 00000000 00:00 0                          [vvar]
7ffd0f7f6000-7ffd0f7f8000 r-xp 00000000 00:00 0                          [vdso]


VM Arguments:
jvm_args: -Djava.library.path=\\wsl.localhost\Ubuntu\usr\local\lib -Dfile.encoding=UTF-8 
java_command: Main tests/test.sysy tests/test.arm test tests/test.ll
java_class_path (initial): /mnt/e/codes/compiler-principle/Lab_backtrace/Lab/out/production/Lab:/usr/local/lib/antlr-4.9.1-complete.jar:/usr/local/lib/javacpp/javacpp-1.5.7.jar:/usr/local/lib/javacpp/javacpp-1.5.7-linux-x86_64.jar:/usr/local/lib/llvm/llvm-13.0.1-1.5.7.jar:/usr/local/lib/llvm/llvm-13.0.1-1.5.7-linux-x86_64.jar:/usr/local/lib/llvm-platform/llvm-platform-13.0.1-1.5.7.jar:/usr/local/lib/llvm4j/kotlin-stdlib-1.9.0.jar:/usr/local/lib/llvm4j/llvm4j-0.1.2-SNAPSHOT.jar:/usr/local/lib/rars/rars.jar
Launcher Type: SUN_STANDARD

[Global flags]
     intx CICompilerCount                          = 12                                        {product} {ergonomic}
     uint ConcGCThreads                            = 4                                         {product} {ergonomic}
     uint G1ConcRefinementThreads                  = 15                                        {product} {ergonomic}
   size_t G1HeapRegionSize                         = 1048576                                   {product} {ergonomic}
    uintx GCDrainStackTargetSize                   = 64                                        {product} {ergonomic}
   size_t InitialHeapSize                          = 127926272                                 {product} {ergonomic}
   size_t MarkStackSize                            = 4194304                                   {product} {ergonomic}
   size_t MaxHeapSize                              = 2046820352                                {product} {ergonomic}
   size_t MaxNewSize                               = 1227882496                                {product} {ergonomic}
   size_t MinHeapDeltaBytes                        = 1048576                                   {product} {ergonomic}
    uintx NonNMethodCodeHeapSize                   = 7594288                                {pd product} {ergonomic}
    uintx NonProfiledCodeHeapSize                  = 122031976                              {pd product} {ergonomic}
    uintx ProfiledCodeHeapSize                     = 122031976                              {pd product} {ergonomic}
    uintx ReservedCodeCacheSize                    = 251658240                              {pd product} {ergonomic}
     bool SegmentedCodeCache                       = true                                      {product} {ergonomic}
     bool UseCompressedClassPointers               = true                                 {lp64_product} {ergonomic}
     bool UseCompressedOops                        = true                                 {lp64_product} {ergonomic}
     bool UseG1GC                                  = true                                      {product} {ergonomic}

Logging:
Log output configuration:
 #0: stdout all=warning uptime,level,tags
 #1: stderr all=off uptime,level,tags

Environment Variables:
PATH=/home/itshandable/.local/bin:/usr/local/sbin:/usr/local/bin:/usr/sbin:/usr/bin:/sbin:/bin:/usr/games:/usr/local/games:/usr/lib/wsl/lib:/mnt/d/VMwareWorkstationPro/bin/:/mnt/c/Program Files/BellSoft/LibericaJDK-17/bin/:/mnt/c/Program Files (x86)/Common Files/Oracle/Java/java8path:/mnt/c/Program Files (x86)/Common Files/Oracle/Java/javapath:/mnt/c/WINDOWS/system32:/mnt/c/WINDOWS:/mnt/c/WINDOWS/System32/Wbem:/mnt/c/WINDOWS/System32/WindowsPowerShell/v1.0/:/mnt/c/WINDOWS/System32/OpenSSH/:/mnt/c/Program Files/dotnet/:/mnt/c/Program Files (x86)/NVIDIA Corporation/PhysX/Common:/mnt/c/Program Files/Git/cmd:/mnt/d/Cruicial Storage Excutive:/mnt/c/Program Files/BellSoft/LibericaJDK-17/bin:/mnt/c/Program Files/BellSoft/LibericaJDK-17/jre/bin:/mnt/c/Users/itshandable/AppData/Local/Programs/Python/Python312:/mnt/c/Users/itshandable/AppData/Local/Programs/Python/Python312/Scripts:/mnt/c/Program Files/Pandoc/:/mnt/c/ProgramData/chocolatey/bin:/mnt/d/Nodejs-nvm:/mnt/c/Program Files/nodejs:/mnt/d/Redis/:/mnt/d/Mathlab/bin:/mnt/d/Lingo-21.0/:/mnt/d/Lingo-18.0/:/mnt/c/Program Files/NVIDIA Corporation/NVIDIA app/NvDLISR:/mnt/d/SPSS-25/JRE/bin:/mnt/d/SPSS Modeler 18.0/ext/bin/spss.TMWBServer/bin:/mnt/d/SPSS Modeler 18.0/MPICH2/bin:/mnt/d/SPSS Modeler 18.0/TABI:/mnt/d/MySQL/bin:/mnt/c/Program Files/Docker/Docker/resources/bin:/mnt/c/Program Files/Tailscale/:/mnt/c/Users/itshandable/AppData/Local/Programs/Python/Launcher/:/mnt/c/Users/itshandable/AppData/Local/Microsoft/WindowsApps:/mnt/d/CLion 2024.2.1/bin:/mnt/d/PyCharm 2024.2.1/bin:/mnt/c/Users/itshandable/AppData/Local/JetBrains/Toolbox/scripts:/mnt/d/IntelliJ IDEA 2024.2.1/bin:/mnt/c/Users/itshandable/AppData/Roaming/npm:/mnt/d/Nodejs-nvm:/mnt/c/Program Files/nodejs:/mnt/d/Microsoft VS Code/bin:/mnt/d/MiKTeX/miktex/bin/x64/:/mnt/c/Users/itshandable/AppData/Local/Microsoft/WindowsApps:/mnt/e/codes/ffmpeg-2025-01-02-git-0457aaf0d3-essentials_build/bin:/mnt/d/Aria2/aria2-1.37.0-win-64bit-build1:/mnt/d/DevEco Studio/bin:/mnt/d/WebStor
SHELL=/bin/bash
DISPLAY=:0
HOSTTYPE=x86_64
LANG=zh_CN.UTF-8
TERM=xterm-256color

Signal Handlers:
SIGSEGV: [libjvm.so+0xebbd40], sa_mask[0]=11111111011111111101111111111110, sa_flags=SA_RESTART|SA_SIGINFO
SIGBUS: [libjvm.so+0xebbd40], sa_mask[0]=11111111011111111101111111111110, sa_flags=SA_RESTART|SA_SIGINFO
SIGFPE: [libjvm.so+0xebbd40], sa_mask[0]=11111111011111111101111111111110, sa_flags=SA_RESTART|SA_SIGINFO
SIGPIPE: [libjvm.so+0xbfe040], sa_mask[0]=11111111011111111101111111111110, sa_flags=SA_RESTART|SA_SIGINFO
SIGXFSZ: [libjvm.so+0xbfe040], sa_mask[0]=11111111011111111101111111111110, sa_flags=SA_RESTART|SA_SIGINFO
SIGILL: [libjvm.so+0xebbd40], sa_mask[0]=11111111011111111101111111111110, sa_flags=SA_RESTART|SA_SIGINFO
SIGUSR2: [libjvm.so+0xbfdee0], sa_mask[0]=00000000000000000000000000000000, sa_flags=SA_RESTART|SA_SIGINFO
SIGHUP: [libjvm.so+0xbfe6a0], sa_mask[0]=11111111011111111101111111111110, sa_flags=SA_RESTART|SA_SIGINFO
SIGINT: [libjvm.so+0xbfe6a0], sa_mask[0]=11111111011111111101111111111110, sa_flags=SA_RESTART|SA_SIGINFO
SIGTERM: [libjvm.so+0xbfe6a0], sa_mask[0]=11111111011111111101111111111110, sa_flags=SA_RESTART|SA_SIGINFO
SIGQUIT: [libjvm.so+0xbfe6a0], sa_mask[0]=11111111011111111101111111111110, sa_flags=SA_RESTART|SA_SIGINFO


---------------  S Y S T E M  ---------------

OS:DISTRIB_ID=Ubuntu
DISTRIB_RELEASE=22.04
DISTRIB_CODENAME=jammy
DISTRIB_DESCRIPTION="Ubuntu 22.04.3 LTS"
uname:Linux 5.15.167.4-microsoft-standard-WSL2 #1 SMP Tue Nov 5 00:21:55 UTC 2024 x86_64
OS uptime: 0 days 0:22 hours
libc:glibc 2.35 NPTL 2.35 
rlimit (soft/hard): STACK 8192k/infinity , CORE 0k/infinity , NPROC 31190/31190 , NOFILE 1048576/1048576 , AS infinity/infinity , CPU infinity/infinity , DATA infinity/infinity , FSIZE infinity/infinity , MEMLOCK 65536k/65536k
load average:0.00 0.03 0.00

/proc/meminfo:
MemTotal:        7991664 kB
MemFree:         6975884 kB
MemAvailable:    7069684 kB
Buffers:            1160 kB
Cached:           293104 kB
SwapCached:            0 kB
Active:            96016 kB
Inactive:         530972 kB
Active(anon):       2176 kB
Inactive(anon):   334200 kB
Active(file):      93840 kB
Inactive(file):   196772 kB
Unevictable:           0 kB
Mlocked:               0 kB
SwapTotal:       2097152 kB
SwapFree:        2097152 kB
Dirty:                32 kB
Writeback:             0 kB
AnonPages:        330300 kB
Mapped:           258608 kB
Shmem:              3664 kB
KReclaimable:      37516 kB
Slab:             111480 kB
SReclaimable:      37516 kB
SUnreclaim:        73964 kB
KernelStack:        7136 kB
PageTables:         7016 kB
NFS_Unstable:          0 kB
Bounce:                0 kB
WritebackTmp:          0 kB
CommitLimit:     6092984 kB
Committed_AS:    1656784 kB
VmallocTotal:   34359738367 kB
VmallocUsed:       29240 kB
VmallocChunk:          0 kB
Percpu:            11520 kB
AnonHugePages:    151552 kB
ShmemHugePages:        0 kB
ShmemPmdMapped:        0 kB
FileHugePages:         0 kB
FilePmdMapped:         0 kB
HugePages_Total:       0
HugePages_Free:        0
HugePages_Rsvd:        0
HugePages_Surp:        0
Hugepagesize:       2048 kB
Hugetlb:               0 kB
DirectMap4k:      101376 kB
DirectMap2M:     4997120 kB
DirectMap1G:    11534336 kB

/sys/kernel/mm/transparent_hugepage/enabled:
[always] madvise never
/sys/kernel/mm/transparent_hugepage/defrag (defrag/compaction efforts parameter):
always defer defer+madvise [madvise] never

Process Memory:
Virtual Size: 5128576K (peak: 13446840K)
Resident Set Size: 103060K (peak: 103552K) (anon: 47408K, file: 55652K, shmem: 0K)
Swapped out: 0K
C-Heap outstanding allocations: 42385K, retained: 2571K
glibc malloc tunables: (default)

/proc/sys/kernel/threads-max (system-wide limit on the number of threads):
62380
/proc/sys/vm/max_map_count (maximum number of memory map areas a process may have):
65530
/proc/sys/kernel/pid_max (system-wide limit on number of process identifiers):
4194304

container (cgroup) information:
container_type: cgroupv1
cpu_cpuset_cpus: 0-19
cpu_memory_nodes: 0
active_processor_count: 20
cpu_quota: no quota
cpu_period: 100000
cpu_shares: no shares
memory_limit_in_bytes: unlimited
memory_and_swap_limit_in_bytes: unlimited
memory_soft_limit_in_bytes: unlimited
memory_usage_in_bytes: 624584 k
memory_max_usage_in_bytes: 496884 k
kernel_memory_limit_in_bytes: unlimited
kernel_memory_usage_in_bytes: 22156 k
kernel_memory_max_usage_in_bytes: 27048 k
maximum number of tasks: not supported
current number of tasks: not supported

Hyper-V virtualization detected
Steal ticks since vm start: 0
Steal ticks percentage since vm start:  0.000

CPU:total 20 (initial active 20) (16 cores per cpu, 2 threads per core) family 6 model 186 stepping 2 microcode 0xffffffff, cmov, cx8, fxsr, mmx, sse, sse2, sse3, ssse3, sse4.1, sse4.2, popcnt, avx, avx2, aes, clmul, erms, 3dnowpref, lzcnt, ht, tsc, tscinvbit, bmi1, bmi2, adx, sha, fma
CPU Model and flags from /proc/cpuinfo:
model name	: 13th Gen Intel(R) Core(TM) i9-13900H
flags		: fpu vme de pse tsc msr pae mce cx8 apic sep mtrr pge mca cmov pat pse36 clflush mmx fxsr sse sse2 ss ht syscall nx pdpe1gb rdtscp lm constant_tsc rep_good nopl xtopology tsc_reliable nonstop_tsc cpuid pni pclmulqdq vmx ssse3 fma cx16 pcid sse4_1 sse4_2 x2apic movbe popcnt tsc_deadline_timer aes xsave avx f16c rdrand hypervisor lahf_lm abm 3dnowprefetch invpcid_single ssbd ibrs ibpb stibp ibrs_enhanced tpr_shadow vnmi ept vpid ept_ad fsgsbase tsc_adjust bmi1 avx2 smep bmi2 erms invpcid rdseed adx smap clflushopt clwb sha_ni xsaveopt xsavec xgetbv1 xsaves avx_vnni umip waitpkg gfni vaes vpclmulqdq rdpid movdiri movdir64b fsrm md_clear serialize flush_l1d arch_capabilities
Online cpus:
0-19
Offline cpus:

BIOS frequency limitation:
<Not Available>
Frequency switch latency (ns):
<Not Available>
Available cpu frequencies:
<Not Available>
Current governor:
<Not Available>
Core performance/turbo boost:
<Not Available>

Memory: 4k page, physical 7991664k(6975884k free), swap 2097152k(2097152k free)

vm_info: OpenJDK 64-Bit Server VM (11.0.27+6-post-Ubuntu-0ubuntu122.04) for linux-amd64 JRE (11.0.27+6-post-Ubuntu-0ubuntu122.04), built on Apr 21 2025 05:59:45 by "unknown" with gcc 11.4.0

END.
