#
# A fatal error has been detected by the Java Runtime Environment:
#
#  SIGSEGV (0xb) at pc=0x00007fd10a28eaf8, pid=10931, tid=10935
#
# JRE version: OpenJDK Runtime Environment (11.0.27+6) (build 11.0.27+6-post-Ubuntu-0ubuntu122.04)
# Java VM: OpenJDK 64-Bit Server VM (11.0.27+6-post-Ubuntu-0ubuntu122.04, mixed mode, sharing, tiered, compressed oops, g1 gc, linux-amd64)
# Problematic frame:
# C  [libLLVM-13.so+0xd62af8]  llvm::Value::getName() const+0xb8
#
# No core dump will be written. Core dumps have been disabled. To enable core dumping, try "ulimit -c unlimited" before starting Java again
#
# If you would like to submit a bug report, please visit:
#   https://bugs.launchpad.net/ubuntu/+source/openjdk-lts
# The crash happened outside the Java Virtual Machine in native code.
# See problematic frame for where to report the bug.
#

---------------  S U M M A R Y ------------

Command Line: -agentlib:jdwp=transport=dt_socket,address=0.0.0.0:12345,suspend=y,server=y -Djava.library.path=\\wsl.localhost\Ubuntu\usr\local\lib -Dfile.encoding=UTF-8 Main tests/test.sysy tests/test.arm test tests/test.ll

Host: 13th Gen Intel(R) Core(TM) i9-13900H, 20 cores, 7G, Ubuntu 22.04.3 LTS
Time: Thu May 22 19:40:47 2025 CST elapsed time: 5.235323 seconds (0d 0h 0m 5s)

---------------  T H R E A D  ---------------

Current thread (0x00007fd18c016800):  JavaThread "main" [_thread_in_native, id=10935, stack(0x00007fd191588000,0x00007fd191688000)]

Stack: [0x00007fd191588000,0x00007fd191688000],  sp=0x00007fd191685970,  free space=1014k
Native frames: (J=compiled Java code, A=aot compiled Java code, j=interpreted, Vv=VM code, C=native code)
C  [libLLVM-13.so+0xd62af8]  llvm::Value::getName() const+0xb8

Java frames: (J=compiled Java code, j=interpreted, Vv=VM code)
j  org.bytedeco.llvm.global.LLVM.LLVMPrintModuleToString(Lorg/bytedeco/llvm/LLVM/LLVMModuleRef;)Lorg/bytedeco/javacpp/BytePointer;+0
j  MyIrVisitor.mixedOptimization()V+29
j  MyIrVisitor.visitProgram(LSysYParser$ProgramContext;)Lorg/bytedeco/llvm/LLVM/LLVMValueRef;+123
j  MyIrVisitor.visitProgram(LSysYParser$ProgramContext;)Ljava/lang/Object;+2
j  SysYParser$ProgramContext.accept(Lorg/antlr/v4/runtime/tree/ParseTreeVisitor;)Ljava/lang/Object;+12
j  org.antlr.v4.runtime.tree.AbstractParseTreeVisitor.visit(Lorg/antlr/v4/runtime/tree/ParseTree;)Ljava/lang/Object;+2
j  Main.main([Ljava/lang/String;)V+169
v  ~StubRoutines::call_stub

siginfo: si_signo: 11 (SIGSEGV), si_code: 1 (SEGV_MAPERR), si_addr: 0x00000000000000e5

Register to memory mapping:

RAX=0x00000000000000f5 is an unknown value
RBX=0x0 is NULL
RCX=0x00007fd18c3900a8 points into unknown readable memory: 0x00007fd18c387c90 | 90 7c 38 8c d1 7f 00 00
RDX=0x00000000000000e5 is an unknown value
RSP=0x00007fd191685970 is pointing into the stack for thread: 0x00007fd18c016800
RBP=0x00007fd191685cd0 is pointing into the stack for thread: 0x00007fd18c016800
RSI=0x00007fd18c388090 points into unknown readable memory: 0x0000000000000000 | 00 00 00 00 00 00 00 00
RDI=0x00007fd191685970 is pointing into the stack for thread: 0x00007fd18c016800
R8 =0x0000000000000001 is an unknown value
R9 =0x00007fd18c3900a8 points into unknown readable memory: 0x00007fd18c387c90 | 90 7c 38 8c d1 7f 00 00
R10=0x000000000000003f is an unknown value
R11=0x0000000000000002 is an unknown value
R12=0x0000000000000001 is an unknown value
R13=0x0000000000000002 is an unknown value
R14=0x0 is NULL
R15=0x00007fd18c36b220 points into unknown readable memory: 0x00007fd18c390640 | 40 06 39 8c d1 7f 00 00


Registers:
RAX=0x00000000000000f5, RBX=0x0000000000000000, RCX=0x00007fd18c3900a8, RDX=0x00000000000000e5
RSP=0x00007fd191685970, RBP=0x00007fd191685cd0, RSI=0x00007fd18c388090, RDI=0x00007fd191685970
R8 =0x0000000000000001, R9 =0x00007fd18c3900a8, R10=0x000000000000003f, R11=0x0000000000000002
R12=0x0000000000000001, R13=0x0000000000000002, R14=0x0000000000000000, R15=0x00007fd18c36b220
RIP=0x00007fd10a28eaf8, EFLAGS=0x0000000000010202, CSGSFS=0x002b000000000033, ERR=0x0000000000000004
  TRAPNO=0x000000000000000e

Top of Stack: (sp=0x00007fd191685970)
0x00007fd191685970:   00007fd18c388090 00007fd18c388090
0x00007fd191685980:   0000000000000000 00007fd10a0cd3f5
0x00007fd191685990:   0000000000000000 00007fd191685eb0
0x00007fd1916859a0:   0000000000000001 00007fd10a0de5d8 

Instructions: (pc=0x00007fd10a28eaf8)
0x00007fd10a28e9f8:   48 bc ff eb b7 48 83 3d ab e8 ce 05 00 74 23 83
0x00007fd10a28ea08:   ca ff f0 0f c1 50 f8 85 d2 7f ae 48 8d 74 24 0f
0x00007fd10a28ea18:   e8 53 48 bc ff eb a2 8b 50 f8 8d 4a ff 89 48 f8
0x00007fd10a28ea28:   eb c3 8b 50 f8 8d 4a ff 89 48 f8 eb da 66 2e 0f
0x00007fd10a28ea38:   1f 84 00 00 00 00 00 90 f6 47 17 10 75 0a 48 8d
0x00007fd10a28ea48:   05 f2 a0 6c 03 31 d2 c3 48 83 ec 18 48 8b 07 48
0x00007fd10a28ea58:   8b 00 48 8b 08 8b 81 98 01 00 00 4c 8b 81 88 01
0x00007fd10a28ea68:   00 00 4c 8d 89 88 01 00 00 85 c0 74 5b 89 f9 89
0x00007fd10a28ea78:   fa 44 8d 50 ff c1 ea 09 c1 e9 04 31 d1 44 21 d1
0x00007fd10a28ea88:   89 ce 48 c1 e6 04 4c 01 c6 48 8b 16 48 39 d7 75
0x00007fd10a28ea98:   67 89 c2 48 89 e7 4c 89 c9 48 89 d0 48 c1 e0 04
0x00007fd10a28eaa8:   49 8d 14 00 41 b8 01 00 00 00 e8 f9 f4 ff ff 48
0x00007fd10a28eab8:   8b 04 24 48 8b 50 08 48 8d 42 10 48 8b 12 48 83
0x00007fd10a28eac8:   c4 18 c3 0f 1f 44 00 00 48 c1 e0 04 48 89 e7 4c
0x00007fd10a28ead8:   89 c9 49 8d 34 00 41 b8 01 00 00 00 48 89 f2 e8
0x00007fd10a28eae8:   c4 f4 ff ff 48 8b 04 24 48 8b 50 08 48 8d 42 10
0x00007fd10a28eaf8:   48 8b 12 48 83 c4 18 c3 be 01 00 00 00 48 81 fa
0x00007fd10a28eb08:   00 f0 ff ff 74 c2 01 f1 44 8d 5e 01 44 21 d1 89
0x00007fd10a28eb18:   ce 48 c1 e6 04 4c 01 c6 48 8b 16 48 39 d7 0f 84
0x00007fd10a28eb28:   6d ff ff ff 44 89 de eb d4 66 2e 0f 1f 84 00 00
0x00007fd10a28eb38:   00 00 00 0f 1f 44 00 00 66 48 0f 6e c6 66 48 0f
0x00007fd10a28eb48:   6e ca 66 0f 6c c1 0f 11 07 45 84 c0 75 29 48 39
0x00007fd10a28eb58:   d6 74 24 0f 1f 44 00 00 48 8b 06 48 3d 00 f0 ff
0x00007fd10a28eb68:   ff 74 08 48 3d 00 e0 ff ff 75 0c 48 83 c6 10 48
0x00007fd10a28eb78:   89 37 48 39 f2 75 e1 c3 41 57 41 56 41 55 41 54
0x00007fd10a28eb88:   55 53 48 89 fb 48 83 ec 38 4c 8b 67 10 49 8b 04
0x00007fd10a28eb98:   24 48 8b 00 48 8b 28 4c 8b ad 08 09 00 00 44 8b
0x00007fd10a28eba8:   bd 18 09 00 00 41 f6 44 24 11 01 0f 85 67 01 00
0x00007fd10a28ebb8:   00 45 85 ff 0f 84 fb 01 00 00 45 89 e6 44 89 e0
0x00007fd10a28ebc8:   41 8d 77 ff c1 e8 09 41 c1 ee 04 41 31 c6 44 89
0x00007fd10a28ebd8:   f1 21 f1 89 c8 48 c1 e0 04 4c 01 e8 48 8b 10 49
0x00007fd10a28ebe8:   39 d4 0f 85 7c 03 00 00 48 8b 50 08 4c 89 ee 48 


Stack slot to memory mapping:
stack at sp + 0 slots: 0x00007fd18c388090 points into unknown readable memory: 0x0000000000000000 | 00 00 00 00 00 00 00 00
stack at sp + 1 slots: 0x00007fd18c388090 points into unknown readable memory: 0x0000000000000000 | 00 00 00 00 00 00 00 00
stack at sp + 2 slots: 0x0 is NULL
stack at sp + 3 slots: 0x00007fd10a0cd3f5: <offset 0x0000000000ba13f5> in /home/itshandable/.javacpp/cache/llvm-13.0.1-1.5.7-linux-x86_64.jar/org/bytedeco/llvm/linux-x86_64/libLLVM-13.so at 0x00007fd10952c000
stack at sp + 4 slots: 0x0 is NULL
stack at sp + 5 slots: 0x00007fd191685eb0 is pointing into the stack for thread: 0x00007fd18c016800
stack at sp + 6 slots: 0x0000000000000001 is an unknown value
stack at sp + 7 slots: 0x00007fd10a0de5d8: <offset 0x0000000000bb25d8> in /home/itshandable/.javacpp/cache/llvm-13.0.1-1.5.7-linux-x86_64.jar/org/bytedeco/llvm/linux-x86_64/libLLVM-13.so at 0x00007fd10952c000


---------------  P R O C E S S  ---------------

Threads class SMR info:
_java_thread_list=0x00007fd1380b1710, length=15, elements={
0x00007fd18c016800, 0x00007fd18c13f800, 0x00007fd18c141800, 0x00007fd18c147800,
0x00007fd18c149800, 0x00007fd18c14c000, 0x00007fd18c14e000, 0x00007fd18c150000,
0x00007fd18c194800, 0x00007fd18c199000, 0x00007fd128001800, 0x00007fd18c19f000,
0x00007fd13c075000, 0x00007fd18c243000, 0x00007fd1380b0000
}

Java Threads: ( => current thread )
=>0x00007fd18c016800 JavaThread "main" [_thread_in_native, id=10935, stack(0x00007fd191588000,0x00007fd191688000)]
  0x00007fd18c13f800 JavaThread "Reference Handler" daemon [_thread_blocked, id=10942, stack(0x00007fd1682d8000,0x00007fd1683d8000)]
  0x00007fd18c141800 JavaThread "Finalizer" daemon [_thread_blocked, id=10943, stack(0x00007fd1681d8000,0x00007fd1682d8000)]
  0x00007fd18c147800 JavaThread "Signal Dispatcher" daemon [_thread_blocked, id=10944, stack(0x00007fd1680d8000,0x00007fd1681d8000)]
  0x00007fd18c149800 JavaThread "Service Thread" daemon [_thread_blocked, id=10945, stack(0x00007fd14bf00000,0x00007fd14c000000)]
  0x00007fd18c14c000 JavaThread "C2 CompilerThread0" daemon [_thread_blocked, id=10946, stack(0x00007fd14be00000,0x00007fd14bf00000)]
  0x00007fd18c14e000 JavaThread "C1 CompilerThread0" daemon [_thread_blocked, id=10947, stack(0x00007fd14bd00000,0x00007fd14be00000)]
  0x00007fd18c150000 JavaThread "Sweeper thread" daemon [_thread_blocked, id=10948, stack(0x00007fd14bc00000,0x00007fd14bd00000)]
  0x00007fd18c194800 JavaThread "JDWP Transport Listener: dt_socket" daemon [_thread_blocked, id=10950, stack(0x00007fd14ba00000,0x00007fd14bb00000)]
  0x00007fd18c199000 JavaThread "JDWP Event Helper Thread" daemon [_thread_blocked, id=10951, stack(0x00007fd14b900000,0x00007fd14ba00000)]
  0x00007fd128001800 JavaThread "JDWP Command Reader" daemon [_thread_in_native, id=10956, stack(0x00007fd14b800000,0x00007fd14b900000)]
  0x00007fd18c19f000 JavaThread "Common-Cleaner" daemon [_thread_blocked, id=10958, stack(0x00007fd14bb00000,0x00007fd14bc00000)]
  0x00007fd13c075000 JavaThread "C1 CompilerThread1" daemon [_thread_blocked, id=10959, stack(0x00007fd14b5ff000,0x00007fd14b6ff000)]
  0x00007fd18c243000 JavaThread "JavaCPP Deallocator" daemon [_thread_blocked, id=10961, stack(0x00007fd14b4ff000,0x00007fd14b5ff000)]
  0x00007fd1380b0000 JavaThread "C2 CompilerThread1" daemon [_thread_blocked, id=10962, stack(0x00007fd14b3ff000,0x00007fd14b4ff000)]

Other Threads:
  0x00007fd18c13c800 VMThread "VM Thread" [stack: 0x00007fd1683d9000,0x00007fd1684d9000] [id=10941]
  0x00007fd18c19c000 WatcherThread [stack: 0x00007fd14b700000,0x00007fd14b800000] [id=10957]
  0x00007fd18c030800 GCTaskThread "GC Thread#0" [stack: 0x00007fd191212000,0x00007fd191312000] [id=10936]
  0x00007fd18c062000 ConcurrentGCThread "G1 Main Marker" [stack: 0x00007fd19010a000,0x00007fd19020a000] [id=10937]
  0x00007fd18c063800 ConcurrentGCThread "G1 Conc#0" [stack: 0x00007fd190009000,0x00007fd190109000] [id=10938]
  0x00007fd18c108000 ConcurrentGCThread "G1 Refine#0" [stack: 0x00007fd168f21000,0x00007fd169021000] [id=10939]
  0x00007fd18c10a000 ConcurrentGCThread "G1 Young RemSet Sampling" [stack: 0x00007fd168e20000,0x00007fd168f20000] [id=10940]

Threads with active compile tasks:

VM state:not at safepoint (normal execution)

VM Mutex/Monitor currently owned by a thread: None

Heap address: 0x0000000086000000, size: 1952 MB, Compressed Oops mode: 32-bit
Narrow klass base: 0x0000000800000000, Narrow klass shift: 3
Compressed class space size: 1073741824 Address: 0x0000000840000000

Heap:
 garbage-first heap   total 126976K, used 10960K [0x0000000086000000, 0x0000000100000000)
  region size 1024K, 12 young (12288K), 0 survivors (0K)
 Metaspace       used 3784K, capacity 6643K, committed 6912K, reserved 1056768K
  class space    used 395K, capacity 681K, committed 768K, reserved 1048576K
Heap Regions: E=young(eden), S=young(survivor), O=old, HS=humongous(starts), HC=humongous(continues), CS=collection set, F=free, A=archive, TAMS=top-at-mark-start (previous, next)
|   0|0x0000000086000000, 0x0000000086000000, 0x0000000086100000|  0%| F|  |TAMS 0x0000000086000000, 0x0000000086000000| Untracked 
|   1|0x0000000086100000, 0x0000000086100000, 0x0000000086200000|  0%| F|  |TAMS 0x0000000086100000, 0x0000000086100000| Untracked 
|   2|0x0000000086200000, 0x0000000086200000, 0x0000000086300000|  0%| F|  |TAMS 0x0000000086200000, 0x0000000086200000| Untracked 
|   3|0x0000000086300000, 0x0000000086300000, 0x0000000086400000|  0%| F|  |TAMS 0x0000000086300000, 0x0000000086300000| Untracked 
|   4|0x0000000086400000, 0x0000000086400000, 0x0000000086500000|  0%| F|  |TAMS 0x0000000086400000, 0x0000000086400000| Untracked 
|   5|0x0000000086500000, 0x0000000086500000, 0x0000000086600000|  0%| F|  |TAMS 0x0000000086500000, 0x0000000086500000| Untracked 
|   6|0x0000000086600000, 0x0000000086600000, 0x0000000086700000|  0%| F|  |TAMS 0x0000000086600000, 0x0000000086600000| Untracked 
|   7|0x0000000086700000, 0x0000000086700000, 0x0000000086800000|  0%| F|  |TAMS 0x0000000086700000, 0x0000000086700000| Untracked 
|   8|0x0000000086800000, 0x0000000086800000, 0x0000000086900000|  0%| F|  |TAMS 0x0000000086800000, 0x0000000086800000| Untracked 
|   9|0x0000000086900000, 0x0000000086900000, 0x0000000086a00000|  0%| F|  |TAMS 0x0000000086900000, 0x0000000086900000| Untracked 
|  10|0x0000000086a00000, 0x0000000086a00000, 0x0000000086b00000|  0%| F|  |TAMS 0x0000000086a00000, 0x0000000086a00000| Untracked 
|  11|0x0000000086b00000, 0x0000000086b00000, 0x0000000086c00000|  0%| F|  |TAMS 0x0000000086b00000, 0x0000000086b00000| Untracked 
|  12|0x0000000086c00000, 0x0000000086c00000, 0x0000000086d00000|  0%| F|  |TAMS 0x0000000086c00000, 0x0000000086c00000| Untracked 
|  13|0x0000000086d00000, 0x0000000086d00000, 0x0000000086e00000|  0%| F|  |TAMS 0x0000000086d00000, 0x0000000086d00000| Untracked 
|  14|0x0000000086e00000, 0x0000000086e00000, 0x0000000086f00000|  0%| F|  |TAMS 0x0000000086e00000, 0x0000000086e00000| Untracked 
|  15|0x0000000086f00000, 0x0000000086f00000, 0x0000000087000000|  0%| F|  |TAMS 0x0000000086f00000, 0x0000000086f00000| Untracked 
|  16|0x0000000087000000, 0x0000000087000000, 0x0000000087100000|  0%| F|  |TAMS 0x0000000087000000, 0x0000000087000000| Untracked 
|  17|0x0000000087100000, 0x0000000087100000, 0x0000000087200000|  0%| F|  |TAMS 0x0000000087100000, 0x0000000087100000| Untracked 
|  18|0x0000000087200000, 0x0000000087200000, 0x0000000087300000|  0%| F|  |TAMS 0x0000000087200000, 0x0000000087200000| Untracked 
|  19|0x0000000087300000, 0x0000000087300000, 0x0000000087400000|  0%| F|  |TAMS 0x0000000087300000, 0x0000000087300000| Untracked 
|  20|0x0000000087400000, 0x0000000087400000, 0x0000000087500000|  0%| F|  |TAMS 0x0000000087400000, 0x0000000087400000| Untracked 
|  21|0x0000000087500000, 0x0000000087500000, 0x0000000087600000|  0%| F|  |TAMS 0x0000000087500000, 0x0000000087500000| Untracked 
|  22|0x0000000087600000, 0x0000000087600000, 0x0000000087700000|  0%| F|  |TAMS 0x0000000087600000, 0x0000000087600000| Untracked 
|  23|0x0000000087700000, 0x0000000087700000, 0x0000000087800000|  0%| F|  |TAMS 0x0000000087700000, 0x0000000087700000| Untracked 
|  24|0x0000000087800000, 0x0000000087800000, 0x0000000087900000|  0%| F|  |TAMS 0x0000000087800000, 0x0000000087800000| Untracked 
|  25|0x0000000087900000, 0x0000000087900000, 0x0000000087a00000|  0%| F|  |TAMS 0x0000000087900000, 0x0000000087900000| Untracked 
|  26|0x0000000087a00000, 0x0000000087a00000, 0x0000000087b00000|  0%| F|  |TAMS 0x0000000087a00000, 0x0000000087a00000| Untracked 
|  27|0x0000000087b00000, 0x0000000087b00000, 0x0000000087c00000|  0%| F|  |TAMS 0x0000000087b00000, 0x0000000087b00000| Untracked 
|  28|0x0000000087c00000, 0x0000000087c00000, 0x0000000087d00000|  0%| F|  |TAMS 0x0000000087c00000, 0x0000000087c00000| Untracked 
|  29|0x0000000087d00000, 0x0000000087d00000, 0x0000000087e00000|  0%| F|  |TAMS 0x0000000087d00000, 0x0000000087d00000| Untracked 
|  30|0x0000000087e00000, 0x0000000087e00000, 0x0000000087f00000|  0%| F|  |TAMS 0x0000000087e00000, 0x0000000087e00000| Untracked 
|  31|0x0000000087f00000, 0x0000000087f00000, 0x0000000088000000|  0%| F|  |TAMS 0x0000000087f00000, 0x0000000087f00000| Untracked 
|  32|0x0000000088000000, 0x0000000088000000, 0x0000000088100000|  0%| F|  |TAMS 0x0000000088000000, 0x0000000088000000| Untracked 
|  33|0x0000000088100000, 0x0000000088100000, 0x0000000088200000|  0%| F|  |TAMS 0x0000000088100000, 0x0000000088100000| Untracked 
|  34|0x0000000088200000, 0x0000000088200000, 0x0000000088300000|  0%| F|  |TAMS 0x0000000088200000, 0x0000000088200000| Untracked 
|  35|0x0000000088300000, 0x0000000088300000, 0x0000000088400000|  0%| F|  |TAMS 0x0000000088300000, 0x0000000088300000| Untracked 
|  36|0x0000000088400000, 0x0000000088400000, 0x0000000088500000|  0%| F|  |TAMS 0x0000000088400000, 0x0000000088400000| Untracked 
|  37|0x0000000088500000, 0x0000000088500000, 0x0000000088600000|  0%| F|  |TAMS 0x0000000088500000, 0x0000000088500000| Untracked 
|  38|0x0000000088600000, 0x0000000088600000, 0x0000000088700000|  0%| F|  |TAMS 0x0000000088600000, 0x0000000088600000| Untracked 
|  39|0x0000000088700000, 0x0000000088700000, 0x0000000088800000|  0%| F|  |TAMS 0x0000000088700000, 0x0000000088700000| Untracked 
|  40|0x0000000088800000, 0x0000000088800000, 0x0000000088900000|  0%| F|  |TAMS 0x0000000088800000, 0x0000000088800000| Untracked 
|  41|0x0000000088900000, 0x0000000088900000, 0x0000000088a00000|  0%| F|  |TAMS 0x0000000088900000, 0x0000000088900000| Untracked 
|  42|0x0000000088a00000, 0x0000000088a00000, 0x0000000088b00000|  0%| F|  |TAMS 0x0000000088a00000, 0x0000000088a00000| Untracked 
|  43|0x0000000088b00000, 0x0000000088b00000, 0x0000000088c00000|  0%| F|  |TAMS 0x0000000088b00000, 0x0000000088b00000| Untracked 
|  44|0x0000000088c00000, 0x0000000088c00000, 0x0000000088d00000|  0%| F|  |TAMS 0x0000000088c00000, 0x0000000088c00000| Untracked 
|  45|0x0000000088d00000, 0x0000000088d00000, 0x0000000088e00000|  0%| F|  |TAMS 0x0000000088d00000, 0x0000000088d00000| Untracked 
|  46|0x0000000088e00000, 0x0000000088e00000, 0x0000000088f00000|  0%| F|  |TAMS 0x0000000088e00000, 0x0000000088e00000| Untracked 
|  47|0x0000000088f00000, 0x0000000088f00000, 0x0000000089000000|  0%| F|  |TAMS 0x0000000088f00000, 0x0000000088f00000| Untracked 
|  48|0x0000000089000000, 0x0000000089000000, 0x0000000089100000|  0%| F|  |TAMS 0x0000000089000000, 0x0000000089000000| Untracked 
|  49|0x0000000089100000, 0x0000000089100000, 0x0000000089200000|  0%| F|  |TAMS 0x0000000089100000, 0x0000000089100000| Untracked 
|  50|0x0000000089200000, 0x0000000089200000, 0x0000000089300000|  0%| F|  |TAMS 0x0000000089200000, 0x0000000089200000| Untracked 
|  51|0x0000000089300000, 0x0000000089300000, 0x0000000089400000|  0%| F|  |TAMS 0x0000000089300000, 0x0000000089300000| Untracked 
|  52|0x0000000089400000, 0x0000000089400000, 0x0000000089500000|  0%| F|  |TAMS 0x0000000089400000, 0x0000000089400000| Untracked 
|  53|0x0000000089500000, 0x0000000089500000, 0x0000000089600000|  0%| F|  |TAMS 0x0000000089500000, 0x0000000089500000| Untracked 
|  54|0x0000000089600000, 0x0000000089600000, 0x0000000089700000|  0%| F|  |TAMS 0x0000000089600000, 0x0000000089600000| Untracked 
|  55|0x0000000089700000, 0x0000000089700000, 0x0000000089800000|  0%| F|  |TAMS 0x0000000089700000, 0x0000000089700000| Untracked 
|  56|0x0000000089800000, 0x0000000089800000, 0x0000000089900000|  0%| F|  |TAMS 0x0000000089800000, 0x0000000089800000| Untracked 
|  57|0x0000000089900000, 0x0000000089900000, 0x0000000089a00000|  0%| F|  |TAMS 0x0000000089900000, 0x0000000089900000| Untracked 
|  58|0x0000000089a00000, 0x0000000089a00000, 0x0000000089b00000|  0%| F|  |TAMS 0x0000000089a00000, 0x0000000089a00000| Untracked 
|  59|0x0000000089b00000, 0x0000000089b00000, 0x0000000089c00000|  0%| F|  |TAMS 0x0000000089b00000, 0x0000000089b00000| Untracked 
|  60|0x0000000089c00000, 0x0000000089c00000, 0x0000000089d00000|  0%| F|  |TAMS 0x0000000089c00000, 0x0000000089c00000| Untracked 
|  61|0x0000000089d00000, 0x0000000089d00000, 0x0000000089e00000|  0%| F|  |TAMS 0x0000000089d00000, 0x0000000089d00000| Untracked 
|  62|0x0000000089e00000, 0x0000000089e00000, 0x0000000089f00000|  0%| F|  |TAMS 0x0000000089e00000, 0x0000000089e00000| Untracked 
|  63|0x0000000089f00000, 0x0000000089f00000, 0x000000008a000000|  0%| F|  |TAMS 0x0000000089f00000, 0x0000000089f00000| Untracked 
|  64|0x000000008a000000, 0x000000008a000000, 0x000000008a100000|  0%| F|  |TAMS 0x000000008a000000, 0x000000008a000000| Untracked 
|  65|0x000000008a100000, 0x000000008a100000, 0x000000008a200000|  0%| F|  |TAMS 0x000000008a100000, 0x000000008a100000| Untracked 
|  66|0x000000008a200000, 0x000000008a200000, 0x000000008a300000|  0%| F|  |TAMS 0x000000008a200000, 0x000000008a200000| Untracked 
|  67|0x000000008a300000, 0x000000008a300000, 0x000000008a400000|  0%| F|  |TAMS 0x000000008a300000, 0x000000008a300000| Untracked 
|  68|0x000000008a400000, 0x000000008a400000, 0x000000008a500000|  0%| F|  |TAMS 0x000000008a400000, 0x000000008a400000| Untracked 
|  69|0x000000008a500000, 0x000000008a500000, 0x000000008a600000|  0%| F|  |TAMS 0x000000008a500000, 0x000000008a500000| Untracked 
|  70|0x000000008a600000, 0x000000008a600000, 0x000000008a700000|  0%| F|  |TAMS 0x000000008a600000, 0x000000008a600000| Untracked 
|  71|0x000000008a700000, 0x000000008a700000, 0x000000008a800000|  0%| F|  |TAMS 0x000000008a700000, 0x000000008a700000| Untracked 
|  72|0x000000008a800000, 0x000000008a800000, 0x000000008a900000|  0%| F|  |TAMS 0x000000008a800000, 0x000000008a800000| Untracked 
|  73|0x000000008a900000, 0x000000008a900000, 0x000000008aa00000|  0%| F|  |TAMS 0x000000008a900000, 0x000000008a900000| Untracked 
|  74|0x000000008aa00000, 0x000000008aa00000, 0x000000008ab00000|  0%| F|  |TAMS 0x000000008aa00000, 0x000000008aa00000| Untracked 
|  75|0x000000008ab00000, 0x000000008ab00000, 0x000000008ac00000|  0%| F|  |TAMS 0x000000008ab00000, 0x000000008ab00000| Untracked 
|  76|0x000000008ac00000, 0x000000008ac00000, 0x000000008ad00000|  0%| F|  |TAMS 0x000000008ac00000, 0x000000008ac00000| Untracked 
|  77|0x000000008ad00000, 0x000000008ad00000, 0x000000008ae00000|  0%| F|  |TAMS 0x000000008ad00000, 0x000000008ad00000| Untracked 
|  78|0x000000008ae00000, 0x000000008ae00000, 0x000000008af00000|  0%| F|  |TAMS 0x000000008ae00000, 0x000000008ae00000| Untracked 
|  79|0x000000008af00000, 0x000000008af00000, 0x000000008b000000|  0%| F|  |TAMS 0x000000008af00000, 0x000000008af00000| Untracked 
|  80|0x000000008b000000, 0x000000008b000000, 0x000000008b100000|  0%| F|  |TAMS 0x000000008b000000, 0x000000008b000000| Untracked 
|  81|0x000000008b100000, 0x000000008b100000, 0x000000008b200000|  0%| F|  |TAMS 0x000000008b100000, 0x000000008b100000| Untracked 
|  82|0x000000008b200000, 0x000000008b200000, 0x000000008b300000|  0%| F|  |TAMS 0x000000008b200000, 0x000000008b200000| Untracked 
|  83|0x000000008b300000, 0x000000008b300000, 0x000000008b400000|  0%| F|  |TAMS 0x000000008b300000, 0x000000008b300000| Untracked 
|  84|0x000000008b400000, 0x000000008b400000, 0x000000008b500000|  0%| F|  |TAMS 0x000000008b400000, 0x000000008b400000| Untracked 
|  85|0x000000008b500000, 0x000000008b500000, 0x000000008b600000|  0%| F|  |TAMS 0x000000008b500000, 0x000000008b500000| Untracked 
|  86|0x000000008b600000, 0x000000008b600000, 0x000000008b700000|  0%| F|  |TAMS 0x000000008b600000, 0x000000008b600000| Untracked 
|  87|0x000000008b700000, 0x000000008b700000, 0x000000008b800000|  0%| F|  |TAMS 0x000000008b700000, 0x000000008b700000| Untracked 
|  88|0x000000008b800000, 0x000000008b800000, 0x000000008b900000|  0%| F|  |TAMS 0x000000008b800000, 0x000000008b800000| Untracked 
|  89|0x000000008b900000, 0x000000008b900000, 0x000000008ba00000|  0%| F|  |TAMS 0x000000008b900000, 0x000000008b900000| Untracked 
|  90|0x000000008ba00000, 0x000000008ba00000, 0x000000008bb00000|  0%| F|  |TAMS 0x000000008ba00000, 0x000000008ba00000| Untracked 
|  91|0x000000008bb00000, 0x000000008bb00000, 0x000000008bc00000|  0%| F|  |TAMS 0x000000008bb00000, 0x000000008bb00000| Untracked 
|  92|0x000000008bc00000, 0x000000008bc00000, 0x000000008bd00000|  0%| F|  |TAMS 0x000000008bc00000, 0x000000008bc00000| Untracked 
|  93|0x000000008bd00000, 0x000000008bd00000, 0x000000008be00000|  0%| F|  |TAMS 0x000000008bd00000, 0x000000008bd00000| Untracked 
|  94|0x000000008be00000, 0x000000008be00000, 0x000000008bf00000|  0%| F|  |TAMS 0x000000008be00000, 0x000000008be00000| Untracked 
|  95|0x000000008bf00000, 0x000000008bf00000, 0x000000008c000000|  0%| F|  |TAMS 0x000000008bf00000, 0x000000008bf00000| Untracked 
|  96|0x000000008c000000, 0x000000008c000000, 0x000000008c100000|  0%| F|  |TAMS 0x000000008c000000, 0x000000008c000000| Untracked 
|  97|0x000000008c100000, 0x000000008c100000, 0x000000008c200000|  0%| F|  |TAMS 0x000000008c100000, 0x000000008c100000| Untracked 
|  98|0x000000008c200000, 0x000000008c200000, 0x000000008c300000|  0%| F|  |TAMS 0x000000008c200000, 0x000000008c200000| Untracked 
|  99|0x000000008c300000, 0x000000008c300000, 0x000000008c400000|  0%| F|  |TAMS 0x000000008c300000, 0x000000008c300000| Untracked 
| 100|0x000000008c400000, 0x000000008c400000, 0x000000008c500000|  0%| F|  |TAMS 0x000000008c400000, 0x000000008c400000| Untracked 
| 101|0x000000008c500000, 0x000000008c500000, 0x000000008c600000|  0%| F|  |TAMS 0x000000008c500000, 0x000000008c500000| Untracked 
| 102|0x000000008c600000, 0x000000008c600000, 0x000000008c700000|  0%| F|  |TAMS 0x000000008c600000, 0x000000008c600000| Untracked 
| 103|0x000000008c700000, 0x000000008c700000, 0x000000008c800000|  0%| F|  |TAMS 0x000000008c700000, 0x000000008c700000| Untracked 
| 104|0x000000008c800000, 0x000000008c800000, 0x000000008c900000|  0%| F|  |TAMS 0x000000008c800000, 0x000000008c800000| Untracked 
| 105|0x000000008c900000, 0x000000008c900000, 0x000000008ca00000|  0%| F|  |TAMS 0x000000008c900000, 0x000000008c900000| Untracked 
| 106|0x000000008ca00000, 0x000000008ca00000, 0x000000008cb00000|  0%| F|  |TAMS 0x000000008ca00000, 0x000000008ca00000| Untracked 
| 107|0x000000008cb00000, 0x000000008cb00000, 0x000000008cc00000|  0%| F|  |TAMS 0x000000008cb00000, 0x000000008cb00000| Untracked 
| 108|0x000000008cc00000, 0x000000008cc00000, 0x000000008cd00000|  0%| F|  |TAMS 0x000000008cc00000, 0x000000008cc00000| Untracked 
| 109|0x000000008cd00000, 0x000000008cd00000, 0x000000008ce00000|  0%| F|  |TAMS 0x000000008cd00000, 0x000000008cd00000| Untracked 
| 110|0x000000008ce00000, 0x000000008ce7b640, 0x000000008cf00000| 48%| E|  |TAMS 0x000000008ce00000, 0x000000008ce00000| Complete 
| 111|0x000000008cf00000, 0x000000008d000000, 0x000000008d000000|100%| E|CS|TAMS 0x000000008cf00000, 0x000000008cf00000| Complete 
| 112|0x000000008d000000, 0x000000008d100000, 0x000000008d100000|100%| E|CS|TAMS 0x000000008d000000, 0x000000008d000000| Complete 
| 113|0x000000008d100000, 0x000000008d200000, 0x000000008d200000|100%| E|CS|TAMS 0x000000008d100000, 0x000000008d100000| Complete 
| 114|0x000000008d200000, 0x000000008d300000, 0x000000008d300000|100%| E|CS|TAMS 0x000000008d200000, 0x000000008d200000| Complete 
| 115|0x000000008d300000, 0x000000008d400000, 0x000000008d400000|100%| E|CS|TAMS 0x000000008d300000, 0x000000008d300000| Complete 
| 116|0x000000008d400000, 0x000000008d500000, 0x000000008d500000|100%| E|  |TAMS 0x000000008d400000, 0x000000008d400000| Complete 
| 117|0x000000008d500000, 0x000000008d600000, 0x000000008d600000|100%| E|CS|TAMS 0x000000008d500000, 0x000000008d500000| Complete 
| 118|0x000000008d600000, 0x000000008d700000, 0x000000008d700000|100%| E|CS|TAMS 0x000000008d600000, 0x000000008d600000| Complete 
| 119|0x000000008d700000, 0x000000008d800000, 0x000000008d800000|100%| E|CS|TAMS 0x000000008d700000, 0x000000008d700000| Complete 
| 120|0x000000008d800000, 0x000000008d900000, 0x000000008d900000|100%| E|CS|TAMS 0x000000008d800000, 0x000000008d800000| Complete 
| 121|0x000000008d900000, 0x000000008da00000, 0x000000008da00000|100%| E|CS|TAMS 0x000000008d900000, 0x000000008d900000| Complete 
|1950|0x00000000ffe00000, 0x00000000ffe48000, 0x00000000fff00000| 28%|OA|  |TAMS 0x00000000ffe00000, 0x00000000ffe00000| Untracked 
|1951|0x00000000fff00000, 0x00000000fff6c000, 0x0000000100000000| 42%|CA|  |TAMS 0x00000000fff00000, 0x00000000fff00000| Untracked 

Card table byte_map: [0x00007fd17401f000,0x00007fd1743ef000] _byte_map_base: 0x00007fd173bef000

Marking Bits (Prev, Next): (CMBitMap*) 0x00007fd18c059478, (CMBitMap*) 0x00007fd18c0594b0
 Prev Bits: [0x00007fd16ddb0000, 0x00007fd16fc30000)
 Next Bits: [0x00007fd16bf30000, 0x00007fd16ddb0000)

Polling page: 0x00007fd192ef9000

Metaspace:

Usage:
  Non-class:      5.82 MB capacity,     3.31 MB ( 57%) used,     2.51 MB ( 43%) free+waste,     5.69 KB ( <1%) overhead. 
      Class:    681.00 KB capacity,   395.27 KB ( 58%) used,   282.86 KB ( 42%) free+waste,     2.88 KB ( <1%) overhead. 
       Both:      6.49 MB capacity,     3.70 MB ( 57%) used,     2.78 MB ( 43%) free+waste,     8.56 KB ( <1%) overhead. 

Virtual space:
  Non-class space:        8.00 MB reserved,       6.00 MB ( 75%) committed 
      Class space:        1.00 GB reserved,     768.00 KB ( <1%) committed 
             Both:        1.01 GB reserved,       6.75 MB ( <1%) committed 

Chunk freelists:
   Non-Class:  2.00 KB
       Class:  0 bytes
        Both:  2.00 KB

MaxMetaspaceSize: unlimited
CompressedClassSpaceSize: 1.00 GB
Initial GC threshold: 20.80 MB
Current GC threshold: 20.80 MB
CDS: on

CodeHeap 'non-profiled nmethods': size=119172Kb used=230Kb max_used=230Kb free=118942Kb
 bounds [0x00007fd17c35e000, 0x00007fd17c5ce000, 0x00007fd1837bf000]
CodeHeap 'profiled nmethods': size=119168Kb used=1739Kb max_used=1739Kb free=117428Kb
 bounds [0x00007fd174efe000, 0x00007fd17516e000, 0x00007fd17c35e000]
CodeHeap 'non-nmethods': size=7420Kb used=1765Kb max_used=1776Kb free=5654Kb
 bounds [0x00007fd1747bf000, 0x00007fd174a2f000, 0x00007fd174efe000]
 total_blobs=1287 nmethods=888 adapters=320
 compilation: enabled
              stopped_count=0, restarted_count=0
 full_count=0

Compilation events (20 events):
Event: 1.750 Thread 0x00007fd13c075000 nmethod 878 0x00007fd1750ad110 code [0x00007fd1750ad2c0, 0x00007fd1750ad430]
Event: 1.750 Thread 0x00007fd18c14e000 nmethod 879 0x00007fd1750ad490 code [0x00007fd1750ad660, 0x00007fd1750ad850]
Event: 1.750 Thread 0x00007fd18c14e000  880       3       java.lang.CharacterDataLatin1::getType (11 bytes)
Event: 1.750 Thread 0x00007fd1380b0000  881       4       java.lang.CharacterDataLatin1::getProperties (11 bytes)
Event: 1.750 Thread 0x00007fd13c075000  882       3       java.lang.Character::charCount (12 bytes)
Event: 1.750 Thread 0x00007fd18c14e000 nmethod 880 0x00007fd1750ad910 code [0x00007fd1750adac0, 0x00007fd1750adc90]
Event: 1.750 Thread 0x00007fd13c075000 nmethod 882 0x00007fd1750add90 code [0x00007fd1750adf40, 0x00007fd1750ae070]
Event: 1.750 Thread 0x00007fd18c14e000  884       3       java.lang.String::checkIndex (46 bytes)
Event: 1.750 Thread 0x00007fd13c075000  885       3       java.lang.Character::isLetterOrDigit (19 bytes)
Event: 1.750 Thread 0x00007fd1380b0000 nmethod 881 0x00007fd17c397510 code [0x00007fd17c3976a0, 0x00007fd17c397758]
Event: 1.750 Thread 0x00007fd13c075000 nmethod 885 0x00007fd1750ae110 code [0x00007fd1750ae2e0, 0x00007fd1750ae590]
Event: 1.750 Thread 0x00007fd13c075000  883       3       java.lang.String::codePointAt (50 bytes)
Event: 1.750 Thread 0x00007fd13c075000 nmethod 883 0x00007fd1750ae690 code [0x00007fd1750ae880, 0x00007fd1750aec20]
Event: 1.750 Thread 0x00007fd13c075000  886       3       java.util.regex.Pattern::peek (26 bytes)
Event: 1.750 Thread 0x00007fd18c14e000 nmethod 884 0x00007fd1750aee10 code [0x00007fd1750af0a0, 0x00007fd1750afa30]
Event: 1.750 Thread 0x00007fd18c14e000  887       3       java.util.regex.Pattern::append (39 bytes)
Event: 1.750 Thread 0x00007fd13c075000 nmethod 886 0x00007fd1750afe10 code [0x00007fd1750affe0, 0x00007fd1750b0260]
Event: 1.750 Thread 0x00007fd13c075000  888       3       java.util.regex.Pattern::next (33 bytes)
Event: 1.750 Thread 0x00007fd13c075000 nmethod 888 0x00007fd1750b0390 code [0x00007fd1750b0560, 0x00007fd1750b07e0]
Event: 1.750 Thread 0x00007fd18c14e000 nmethod 887 0x00007fd1750b0910 code [0x00007fd1750b0ae0, 0x00007fd1750b0e40]

GC Heap History (0 events):
No events

Deoptimization events (20 events):
Event: 1.393 Thread 0x00007fd18c016800 DEOPT PACKING pc=0x00007fd17c36e95c sp=0x00007fd191684cf0
Event: 1.393 Thread 0x00007fd18c016800 DEOPT UNPACKING pc=0x00007fd174808ea5 sp=0x00007fd191684c80 mode 2
Event: 1.463 Thread 0x00007fd18c016800 DEOPT PACKING pc=0x00007fd174f88af4 sp=0x00007fd1916857d0
Event: 1.463 Thread 0x00007fd18c016800 DEOPT UNPACKING pc=0x00007fd17480964a sp=0x00007fd191684d38 mode 1
Event: 1.464 Thread 0x00007fd18c016800 DEOPT PACKING pc=0x00007fd174f5c27e sp=0x00007fd191685510
Event: 1.464 Thread 0x00007fd18c016800 DEOPT UNPACKING pc=0x00007fd17480964a sp=0x00007fd191684998 mode 0
Event: 1.464 Thread 0x00007fd18c016800 DEOPT PACKING pc=0x00007fd174f88af4 sp=0x00007fd1916857d0
Event: 1.464 Thread 0x00007fd18c016800 DEOPT UNPACKING pc=0x00007fd17480964a sp=0x00007fd191684d38 mode 1
Event: 1.469 Thread 0x00007fd18c016800 Uncommon trap: trap_request=0xffffff4d fr.pc=0x00007fd17c38275c relative=0x000000000000019c
Event: 1.469 Thread 0x00007fd18c016800 Uncommon trap: reason=unstable_if action=reinterpret pc=0x00007fd17c38275c method=java.util.zip.ZipFile$Source.isMetaName([BII)Z @ 57 c2
Event: 1.469 Thread 0x00007fd18c016800 DEOPT PACKING pc=0x00007fd17c38275c sp=0x00007fd1916821d0
Event: 1.469 Thread 0x00007fd18c016800 DEOPT UNPACKING pc=0x00007fd174808ea5 sp=0x00007fd191682198 mode 2
Event: 1.488 Thread 0x00007fd18c016800 DEOPT PACKING pc=0x00007fd174fe430a sp=0x00007fd191685460
Event: 1.488 Thread 0x00007fd18c016800 DEOPT UNPACKING pc=0x00007fd17480964a sp=0x00007fd191684908 mode 0
Event: 1.639 Thread 0x00007fd18c016800 DEOPT PACKING pc=0x00007fd174f37ae2 sp=0x00007fd191683ce0
Event: 1.639 Thread 0x00007fd18c016800 DEOPT UNPACKING pc=0x00007fd17480964a sp=0x00007fd1916831f0 mode 0
Event: 1.731 Thread 0x00007fd18c016800 Uncommon trap: trap_request=0xffffff76 fr.pc=0x00007fd17c367ae8 relative=0x0000000000000148
Event: 1.731 Thread 0x00007fd18c016800 Uncommon trap: reason=loop_limit_check action=maybe_recompile pc=0x00007fd17c367ae8 method=java.lang.StringLatin1.lastIndexOf([BII)I @ 19 c2
Event: 1.731 Thread 0x00007fd18c016800 DEOPT PACKING pc=0x00007fd17c367ae8 sp=0x00007fd191686260
Event: 1.731 Thread 0x00007fd18c016800 DEOPT UNPACKING pc=0x00007fd174808ea5 sp=0x00007fd191686210 mode 2

Classes redefined (0 events):
No events

Internal exceptions (20 events):
Event: 1.464 Thread 0x00007fd18c016800 Exception <a 'java/security/PrivilegedActionException'{0x000000008d356d28}> (0x000000008d356d28) thrown at [./src/hotspot/share/prims/jvm.cpp, line 1304]
Event: 1.464 Thread 0x00007fd18c016800 Exception <a 'java/security/PrivilegedActionException'{0x000000008d356ff8}> (0x000000008d356ff8) thrown at [./src/hotspot/share/prims/jvm.cpp, line 1304]
Event: 1.464 Thread 0x00007fd18c016800 Exception <a 'java/security/PrivilegedActionException'{0x000000008d357a08}> (0x000000008d357a08) thrown at [./src/hotspot/share/prims/jvm.cpp, line 1304]
Event: 1.464 Thread 0x00007fd18c016800 Exception <a 'java/security/PrivilegedActionException'{0x000000008d357cd8}> (0x000000008d357cd8) thrown at [./src/hotspot/share/prims/jvm.cpp, line 1304]
Event: 1.464 Thread 0x00007fd18c016800 Exception <a 'java/security/PrivilegedActionException'{0x000000008d358708}> (0x000000008d358708) thrown at [./src/hotspot/share/prims/jvm.cpp, line 1304]
Event: 1.464 Thread 0x00007fd18c016800 Exception <a 'java/security/PrivilegedActionException'{0x000000008d3589d8}> (0x000000008d3589d8) thrown at [./src/hotspot/share/prims/jvm.cpp, line 1304]
Event: 1.464 Thread 0x00007fd18c016800 Exception <a 'java/security/PrivilegedActionException'{0x000000008d3593f0}> (0x000000008d3593f0) thrown at [./src/hotspot/share/prims/jvm.cpp, line 1304]
Event: 1.464 Thread 0x00007fd18c016800 Exception <a 'java/security/PrivilegedActionException'{0x000000008d3596c0}> (0x000000008d3596c0) thrown at [./src/hotspot/share/prims/jvm.cpp, line 1304]
Event: 1.464 Thread 0x00007fd18c016800 Exception <a 'java/security/PrivilegedActionException'{0x000000008d35a0d8}> (0x000000008d35a0d8) thrown at [./src/hotspot/share/prims/jvm.cpp, line 1304]
Event: 1.464 Thread 0x00007fd18c016800 Exception <a 'java/security/PrivilegedActionException'{0x000000008d35a3a8}> (0x000000008d35a3a8) thrown at [./src/hotspot/share/prims/jvm.cpp, line 1304]
Event: 1.464 Thread 0x00007fd18c016800 Exception <a 'java/security/PrivilegedActionException'{0x000000008d35ade0}> (0x000000008d35ade0) thrown at [./src/hotspot/share/prims/jvm.cpp, line 1304]
Event: 1.464 Thread 0x00007fd18c016800 Exception <a 'java/security/PrivilegedActionException'{0x000000008d35b0b0}> (0x000000008d35b0b0) thrown at [./src/hotspot/share/prims/jvm.cpp, line 1304]
Event: 1.464 Thread 0x00007fd18c016800 Exception <a 'java/security/PrivilegedActionException'{0x000000008d35bae0}> (0x000000008d35bae0) thrown at [./src/hotspot/share/prims/jvm.cpp, line 1304]
Event: 1.464 Thread 0x00007fd18c016800 Exception <a 'java/security/PrivilegedActionException'{0x000000008d35bdb0}> (0x000000008d35bdb0) thrown at [./src/hotspot/share/prims/jvm.cpp, line 1304]
Event: 1.464 Thread 0x00007fd18c016800 Exception <a 'java/security/PrivilegedActionException'{0x000000008d35c7e8}> (0x000000008d35c7e8) thrown at [./src/hotspot/share/prims/jvm.cpp, line 1304]
Event: 1.464 Thread 0x00007fd18c016800 Exception <a 'java/security/PrivilegedActionException'{0x000000008d35cab8}> (0x000000008d35cab8) thrown at [./src/hotspot/share/prims/jvm.cpp, line 1304]
Event: 1.464 Thread 0x00007fd18c016800 Exception <a 'java/security/PrivilegedActionException'{0x000000008d35d4d0}> (0x000000008d35d4d0) thrown at [./src/hotspot/share/prims/jvm.cpp, line 1304]
Event: 1.464 Thread 0x00007fd18c016800 Exception <a 'java/security/PrivilegedActionException'{0x000000008d35d7a0}> (0x000000008d35d7a0) thrown at [./src/hotspot/share/prims/jvm.cpp, line 1304]
Event: 1.464 Thread 0x00007fd18c016800 Exception <a 'java/security/PrivilegedActionException'{0x000000008d35e1f0}> (0x000000008d35e1f0) thrown at [./src/hotspot/share/prims/jvm.cpp, line 1304]
Event: 1.464 Thread 0x00007fd18c016800 Exception <a 'java/security/PrivilegedActionException'{0x000000008d35e4c0}> (0x000000008d35e4c0) thrown at [./src/hotspot/share/prims/jvm.cpp, line 1304]

Events (20 events):
Event: 4.005 Executing VM operation: GetOrSetLocal
Event: 4.005 Executing VM operation: GetOrSetLocal done
Event: 4.007 Executing VM operation: GetFrameCount
Event: 4.007 Executing VM operation: GetFrameCount done
Event: 4.007 Executing VM operation: GetStackTrace
Event: 4.007 Executing VM operation: GetStackTrace done
Event: 4.007 Executing VM operation: GetFrameCount
Event: 4.007 Executing VM operation: GetFrameCount done
Event: 4.007 Executing VM operation: GetStackTrace
Event: 4.007 Executing VM operation: GetStackTrace done
Event: 5.217 Executing VM operation: GetFrameCount
Event: 5.217 Executing VM operation: GetFrameCount done
Event: 5.217 Executing VM operation: SetFramePop
Event: 5.217 Executing VM operation: SetFramePop done
Event: 5.217 Executing VM operation: GetFrameLocation
Event: 5.218 Executing VM operation: GetFrameLocation done
Event: 5.218 Executing VM operation: GetCurrentLocation
Event: 5.218 Executing VM operation: GetCurrentLocation done
Event: 5.218 Executing VM operation: ChangeSingleStep
Event: 5.218 Executing VM operation: ChangeSingleStep done


Dynamic libraries:
86000000-8da00000 rw-p 00000000 00:00 0 
8da00000-ffe00000 ---p 00000000 00:00 0 
ffe00000-ffe48000 rw-p 00b14000 08:20 29394                              /usr/lib/jvm/java-11-openjdk-amd64/lib/server/classes.jsa
ffe48000-fff00000 rw-p 00000000 00:00 0 
fff00000-fff6c000 rw-p 00aa8000 08:20 29394                              /usr/lib/jvm/java-11-openjdk-amd64/lib/server/classes.jsa
fff6c000-100000000 rw-p 00000000 00:00 0 
800000000-800002000 rwxp 00001000 08:20 29394                            /usr/lib/jvm/java-11-openjdk-amd64/lib/server/classes.jsa
800002000-800aa7000 rw-p 00003000 08:20 29394                            /usr/lib/jvm/java-11-openjdk-amd64/lib/server/classes.jsa
840000000-8400c0000 rw-p 00000000 00:00 0 
8400c0000-880000000 ---p 00000000 00:00 0 
5580e9707000-5580e9708000 r--p 00000000 08:20 58380                      /usr/lib/jvm/java-11-openjdk-amd64/bin/java
5580e9708000-5580e9709000 r-xp 00001000 08:20 58380                      /usr/lib/jvm/java-11-openjdk-amd64/bin/java
5580e9709000-5580e970a000 r--p 00002000 08:20 58380                      /usr/lib/jvm/java-11-openjdk-amd64/bin/java
5580e970a000-5580e970b000 r--p 00002000 08:20 58380                      /usr/lib/jvm/java-11-openjdk-amd64/bin/java
5580e970b000-5580e970c000 rw-p 00003000 08:20 58380                      /usr/lib/jvm/java-11-openjdk-amd64/bin/java
5580f1e32000-5580f1e53000 rw-p 00000000 00:00 0                          [heap]
7fd10952c000-7fd109e52000 r--p 00000000 08:20 227212                     /home/itshandable/.javacpp/cache/llvm-13.0.1-1.5.7-linux-x86_64.jar/org/bytedeco/llvm/linux-x86_64/libLLVM-13.so
7fd109e52000-7fd10d815000 r-xp 00926000 08:20 227212                     /home/itshandable/.javacpp/cache/llvm-13.0.1-1.5.7-linux-x86_64.jar/org/bytedeco/llvm/linux-x86_64/libLLVM-13.so
7fd10d815000-7fd10fa6a000 r--p 042e9000 08:20 227212                     /home/itshandable/.javacpp/cache/llvm-13.0.1-1.5.7-linux-x86_64.jar/org/bytedeco/llvm/linux-x86_64/libLLVM-13.so
7fd10fa6a000-7fd10ff7f000 r--p 0653d000 08:20 227212                     /home/itshandable/.javacpp/cache/llvm-13.0.1-1.5.7-linux-x86_64.jar/org/bytedeco/llvm/linux-x86_64/libLLVM-13.so
7fd10ff7f000-7fd10ff8a000 rw-p 06a52000 08:20 227212                     /home/itshandable/.javacpp/cache/llvm-13.0.1-1.5.7-linux-x86_64.jar/org/bytedeco/llvm/linux-x86_64/libLLVM-13.so
7fd10ff8a000-7fd110000000 rw-p 00000000 00:00 0 
7fd110000000-7fd110029000 rw-p 00000000 00:00 0 
7fd110029000-7fd114000000 ---p 00000000 00:00 0 
7fd118000000-7fd118476000 rw-p 00000000 00:00 0 
7fd118476000-7fd11c000000 ---p 00000000 00:00 0 
7fd11c000000-7fd11c021000 rw-p 00000000 00:00 0 
7fd11c021000-7fd120000000 ---p 00000000 00:00 0 
7fd120000000-7fd120021000 rw-p 00000000 00:00 0 
7fd120021000-7fd124000000 ---p 00000000 00:00 0 
7fd124000000-7fd124021000 rw-p 00000000 00:00 0 
7fd124021000-7fd128000000 ---p 00000000 00:00 0 
7fd128000000-7fd128021000 rw-p 00000000 00:00 0 
7fd128021000-7fd12c000000 ---p 00000000 00:00 0 
7fd12c000000-7fd12c021000 rw-p 00000000 00:00 0 
7fd12c021000-7fd130000000 ---p 00000000 00:00 0 
7fd130000000-7fd130021000 rw-p 00000000 00:00 0 
7fd130021000-7fd134000000 ---p 00000000 00:00 0 
7fd134000000-7fd134021000 rw-p 00000000 00:00 0 
7fd134021000-7fd138000000 ---p 00000000 00:00 0 
7fd138000000-7fd138131000 rw-p 00000000 00:00 0 
7fd138131000-7fd13c000000 ---p 00000000 00:00 0 
7fd13c000000-7fd13c134000 rw-p 00000000 00:00 0 
7fd13c134000-7fd140000000 ---p 00000000 00:00 0 
7fd140000000-7fd140021000 rw-p 00000000 00:00 0 
7fd140021000-7fd144000000 ---p 00000000 00:00 0 
7fd144000000-7fd144021000 rw-p 00000000 00:00 0 
7fd144021000-7fd148000000 ---p 00000000 00:00 0 
7fd14b2f9000-7fd14b35e000 r--p 00000000 08:20 227234                     /home/itshandable/.javacpp/cache/llvm-13.0.1-1.5.7-linux-x86_64.jar/org/bytedeco/llvm/linux-x86_64/libjniLLVM.so
7fd14b35e000-7fd14b3cc000 r-xp 00065000 08:20 227234                     /home/itshandable/.javacpp/cache/llvm-13.0.1-1.5.7-linux-x86_64.jar/org/bytedeco/llvm/linux-x86_64/libjniLLVM.so
7fd14b3cc000-7fd14b3f7000 r--p 000d3000 08:20 227234                     /home/itshandable/.javacpp/cache/llvm-13.0.1-1.5.7-linux-x86_64.jar/org/bytedeco/llvm/linux-x86_64/libjniLLVM.so
7fd14b3f7000-7fd14b3fa000 r--p 000fd000 08:20 227234                     /home/itshandable/.javacpp/cache/llvm-13.0.1-1.5.7-linux-x86_64.jar/org/bytedeco/llvm/linux-x86_64/libjniLLVM.so
7fd14b3fa000-7fd14b3fd000 rw-p 00100000 08:20 227234                     /home/itshandable/.javacpp/cache/llvm-13.0.1-1.5.7-linux-x86_64.jar/org/bytedeco/llvm/linux-x86_64/libjniLLVM.so
7fd14b3fd000-7fd14b3ff000 rw-p 00000000 00:00 0 
7fd14b3ff000-7fd14b403000 ---p 00000000 00:00 0 
7fd14b403000-7fd14b4ff000 rw-p 00000000 00:00 0 
7fd14b4ff000-7fd14b503000 ---p 00000000 00:00 0 
7fd14b503000-7fd14b5ff000 rw-p 00000000 00:00 0 
7fd14b5ff000-7fd14b603000 ---p 00000000 00:00 0 
7fd14b603000-7fd14b6ff000 rw-p 00000000 00:00 0 
7fd14b6ff000-7fd14b700000 ---p 00000000 00:00 0 
7fd14b700000-7fd14b800000 rw-p 00000000 00:00 0 
7fd14b800000-7fd14b804000 ---p 00000000 00:00 0 
7fd14b804000-7fd14b900000 rw-p 00000000 00:00 0 
7fd14b900000-7fd14b904000 ---p 00000000 00:00 0 
7fd14b904000-7fd14ba00000 rw-p 00000000 00:00 0 
7fd14ba00000-7fd14ba04000 ---p 00000000 00:00 0 
7fd14ba04000-7fd14bb00000 rw-p 00000000 00:00 0 
7fd14bb00000-7fd14bb04000 ---p 00000000 00:00 0 
7fd14bb04000-7fd14bc00000 rw-p 00000000 00:00 0 
7fd14bc00000-7fd14bc04000 ---p 00000000 00:00 0 
7fd14bc04000-7fd14bd00000 rw-p 00000000 00:00 0 
7fd14bd00000-7fd14bd04000 ---p 00000000 00:00 0 
7fd14bd04000-7fd14be00000 rw-p 00000000 00:00 0 
7fd14be00000-7fd14be04000 ---p 00000000 00:00 0 
7fd14be04000-7fd14bf00000 rw-p 00000000 00:00 0 
7fd14bf00000-7fd14bf04000 ---p 00000000 00:00 0 
7fd14bf04000-7fd14c000000 rw-p 00000000 00:00 0 
7fd14c000000-7fd14c021000 rw-p 00000000 00:00 0 
7fd14c021000-7fd150000000 ---p 00000000 00:00 0 
7fd150000000-7fd150021000 rw-p 00000000 00:00 0 
7fd150021000-7fd154000000 ---p 00000000 00:00 0 
7fd154000000-7fd154021000 rw-p 00000000 00:00 0 
7fd154021000-7fd158000000 ---p 00000000 00:00 0 
7fd158000000-7fd158021000 rw-p 00000000 00:00 0 
7fd158021000-7fd15c000000 ---p 00000000 00:00 0 
7fd15c000000-7fd15c021000 rw-p 00000000 00:00 0 
7fd15c021000-7fd160000000 ---p 00000000 00:00 0 
7fd160000000-7fd160021000 rw-p 00000000 00:00 0 
7fd160021000-7fd164000000 ---p 00000000 00:00 0 
7fd164000000-7fd164021000 rw-p 00000000 00:00 0 
7fd164021000-7fd168000000 ---p 00000000 00:00 0 
7fd168058000-7fd16805f000 r--p 00000000 08:20 227217                     /home/itshandable/.javacpp/cache/llvm-13.0.1-1.5.7-linux-x86_64.jar/org/bytedeco/llvm/linux-x86_64/libLTO.so.13
7fd16805f000-7fd168067000 r-xp 00007000 08:20 227217                     /home/itshandable/.javacpp/cache/llvm-13.0.1-1.5.7-linux-x86_64.jar/org/bytedeco/llvm/linux-x86_64/libLTO.so.13
7fd168067000-7fd168069000 r--p 0000f000 08:20 227217                     /home/itshandable/.javacpp/cache/llvm-13.0.1-1.5.7-linux-x86_64.jar/org/bytedeco/llvm/linux-x86_64/libLTO.so.13
7fd168069000-7fd16806a000 r--p 00010000 08:20 227217                     /home/itshandable/.javacpp/cache/llvm-13.0.1-1.5.7-linux-x86_64.jar/org/bytedeco/llvm/linux-x86_64/libLTO.so.13
7fd16806a000-7fd16806b000 rw-p 00011000 08:20 227217                     /home/itshandable/.javacpp/cache/llvm-13.0.1-1.5.7-linux-x86_64.jar/org/bytedeco/llvm/linux-x86_64/libLTO.so.13
7fd16806b000-7fd16806c000 r--p 00000000 08:20 64938                      /usr/lib/x86_64-linux-gnu/libdl.so.2
7fd16806c000-7fd16806d000 r-xp 00001000 08:20 64938                      /usr/lib/x86_64-linux-gnu/libdl.so.2
7fd16806d000-7fd16806e000 r--p 00002000 08:20 64938                      /usr/lib/x86_64-linux-gnu/libdl.so.2
7fd16806e000-7fd16806f000 r--p 00002000 08:20 64938                      /usr/lib/x86_64-linux-gnu/libdl.so.2
7fd16806f000-7fd168070000 rw-p 00003000 08:20 64938                      /usr/lib/x86_64-linux-gnu/libdl.so.2
7fd168079000-7fd16807a000 r--p 00000000 08:20 227228                     /home/itshandable/.javacpp/cache/llvm-13.0.1-1.5.7-linux-x86_64.jar/org/bytedeco/llvm/linux-x86_64/libRemarks.so.13
7fd16807a000-7fd16807b000 r-xp 00001000 08:20 227228                     /home/itshandable/.javacpp/cache/llvm-13.0.1-1.5.7-linux-x86_64.jar/org/bytedeco/llvm/linux-x86_64/libRemarks.so.13
7fd16807b000-7fd16807c000 r--p 00002000 08:20 227228                     /home/itshandable/.javacpp/cache/llvm-13.0.1-1.5.7-linux-x86_64.jar/org/bytedeco/llvm/linux-x86_64/libRemarks.so.13
7fd16807c000-7fd16807d000 r--p 00002000 08:20 227228                     /home/itshandable/.javacpp/cache/llvm-13.0.1-1.5.7-linux-x86_64.jar/org/bytedeco/llvm/linux-x86_64/libRemarks.so.13
7fd16807d000-7fd16807e000 rw-p 00003000 08:20 227228                     /home/itshandable/.javacpp/cache/llvm-13.0.1-1.5.7-linux-x86_64.jar/org/bytedeco/llvm/linux-x86_64/libRemarks.so.13
7fd16807e000-7fd168082000 r--p 00000000 08:20 227196                     /home/itshandable/.javacpp/cache/javacpp-1.5.7-linux-x86_64.jar/org/bytedeco/javacpp/linux-x86_64/libjnijavacpp.so
7fd168082000-7fd168089000 r-xp 00004000 08:20 227196                     /home/itshandable/.javacpp/cache/javacpp-1.5.7-linux-x86_64.jar/org/bytedeco/javacpp/linux-x86_64/libjnijavacpp.so
7fd168089000-7fd16808d000 r--p 0000b000 08:20 227196                     /home/itshandable/.javacpp/cache/javacpp-1.5.7-linux-x86_64.jar/org/bytedeco/javacpp/linux-x86_64/libjnijavacpp.so
7fd16808d000-7fd16808e000 r--p 0000e000 08:20 227196                     /home/itshandable/.javacpp/cache/javacpp-1.5.7-linux-x86_64.jar/org/bytedeco/javacpp/linux-x86_64/libjnijavacpp.so
7fd16808e000-7fd16808f000 rw-p 0000f000 08:20 227196                     /home/itshandable/.javacpp/cache/javacpp-1.5.7-linux-x86_64.jar/org/bytedeco/javacpp/linux-x86_64/libjnijavacpp.so
7fd16808f000-7fd1680c0000 rw-p 00000000 00:00 0 
7fd1680c0000-7fd1680c4000 r--p 00000000 08:20 58728                      /usr/lib/jvm/java-11-openjdk-amd64/lib/libnet.so
7fd1680c4000-7fd1680d2000 r-xp 00004000 08:20 58728                      /usr/lib/jvm/java-11-openjdk-amd64/lib/libnet.so
7fd1680d2000-7fd1680d6000 r--p 00012000 08:20 58728                      /usr/lib/jvm/java-11-openjdk-amd64/lib/libnet.so
7fd1680d6000-7fd1680d7000 r--p 00015000 08:20 58728                      /usr/lib/jvm/java-11-openjdk-amd64/lib/libnet.so
7fd1680d7000-7fd1680d8000 rw-p 00016000 08:20 58728                      /usr/lib/jvm/java-11-openjdk-amd64/lib/libnet.so
7fd1680d8000-7fd1680dc000 ---p 00000000 00:00 0 
7fd1680dc000-7fd1681d8000 rw-p 00000000 00:00 0 
7fd1681d8000-7fd1681dc000 ---p 00000000 00:00 0 
7fd1681dc000-7fd1682d8000 rw-p 00000000 00:00 0 
7fd1682d8000-7fd1682dc000 ---p 00000000 00:00 0 
7fd1682dc000-7fd1683d8000 rw-p 00000000 00:00 0 
7fd1683d8000-7fd1683d9000 ---p 00000000 00:00 0 
7fd1683d9000-7fd168bdd000 rw-p 00000000 00:00 0 
7fd168bdd000-7fd168ddd000 ---p 00000000 00:00 0 
7fd168ddd000-7fd168e1f000 rw-p 00000000 00:00 0 
7fd168e1f000-7fd168e20000 ---p 00000000 00:00 0 
7fd168e20000-7fd168f20000 rw-p 00000000 00:00 0 
7fd168f20000-7fd168f21000 ---p 00000000 00:00 0 
7fd168f21000-7fd16c118000 rw-p 00000000 00:00 0 
7fd16c118000-7fd16dda8000 ---p 00000000 00:00 0 
7fd16dda8000-7fd16df98000 rw-p 00000000 00:00 0 
7fd16df98000-7fd16fc28000 ---p 00000000 00:00 0 
7fd16fc28000-7fd16fc6d000 rw-p 00000000 00:00 0 
7fd16fc6d000-7fd16ffff000 ---p 00000000 00:00 0 
7fd16ffff000-7fd170000000 rw-p 00000000 00:00 0 
7fd170000000-7fd170021000 rw-p 00000000 00:00 0 
7fd170021000-7fd174000000 ---p 00000000 00:00 0 
7fd174002000-7fd174009000 r--p 00000000 08:20 58729                      /usr/lib/jvm/java-11-openjdk-amd64/lib/libnio.so
7fd174009000-7fd174011000 r-xp 00007000 08:20 58729                      /usr/lib/jvm/java-11-openjdk-amd64/lib/libnio.so
7fd174011000-7fd174014000 r--p 0000f000 08:20 58729                      /usr/lib/jvm/java-11-openjdk-amd64/lib/libnio.so
7fd174014000-7fd174015000 r--p 00011000 08:20 58729                      /usr/lib/jvm/java-11-openjdk-amd64/lib/libnio.so
7fd174015000-7fd174016000 rw-p 00012000 08:20 58729                      /usr/lib/jvm/java-11-openjdk-amd64/lib/libnio.so
7fd174016000-7fd174018000 r--p 00000000 08:20 58709                      /usr/lib/jvm/java-11-openjdk-amd64/lib/libdt_socket.so
7fd174018000-7fd17401b000 r-xp 00002000 08:20 58709                      /usr/lib/jvm/java-11-openjdk-amd64/lib/libdt_socket.so
7fd17401b000-7fd17401c000 r--p 00005000 08:20 58709                      /usr/lib/jvm/java-11-openjdk-amd64/lib/libdt_socket.so
7fd17401c000-7fd17401d000 ---p 00006000 08:20 58709                      /usr/lib/jvm/java-11-openjdk-amd64/lib/libdt_socket.so
7fd17401d000-7fd17401e000 r--p 00006000 08:20 58709                      /usr/lib/jvm/java-11-openjdk-amd64/lib/libdt_socket.so
7fd17401e000-7fd17401f000 rw-p 00007000 08:20 58709                      /usr/lib/jvm/java-11-openjdk-amd64/lib/libdt_socket.so
7fd17401f000-7fd17405c000 rw-p 00000000 00:00 0 
7fd17405c000-7fd1743ee000 ---p 00000000 00:00 0 
7fd1743ee000-7fd17442c000 rw-p 00000000 00:00 0 
7fd17442c000-7fd1747be000 ---p 00000000 00:00 0 
7fd1747be000-7fd1747bf000 rw-p 00000000 00:00 0 
7fd1747bf000-7fd174a2f000 rwxp 00000000 00:00 0 
7fd174a2f000-7fd174efe000 ---p 00000000 00:00 0 
7fd174efe000-7fd17516e000 rwxp 00000000 00:00 0 
7fd17516e000-7fd17c35e000 ---p 00000000 00:00 0 
7fd17c35e000-7fd17c5ce000 rwxp 00000000 00:00 0 
7fd17c5ce000-7fd1837bf000 ---p 00000000 00:00 0 
7fd1837bf000-7fd18c000000 r--s 00000000 08:20 58738                      /usr/lib/jvm/java-11-openjdk-amd64/lib/modules
7fd18c000000-7fd18c3a7000 rw-p 00000000 00:00 0 
7fd18c3a7000-7fd190000000 ---p 00000000 00:00 0 
7fd190003000-7fd190004000 r--p 00000000 08:20 64948                      /usr/lib/x86_64-linux-gnu/libpthread.so.0
7fd190004000-7fd190005000 r-xp 00001000 08:20 64948                      /usr/lib/x86_64-linux-gnu/libpthread.so.0
7fd190005000-7fd190006000 r--p 00002000 08:20 64948                      /usr/lib/x86_64-linux-gnu/libpthread.so.0
7fd190006000-7fd190007000 r--p 00002000 08:20 64948                      /usr/lib/x86_64-linux-gnu/libpthread.so.0
7fd190007000-7fd190008000 rw-p 00003000 08:20 64948                      /usr/lib/x86_64-linux-gnu/libpthread.so.0
7fd190008000-7fd190009000 ---p 00000000 00:00 0 
7fd190009000-7fd190109000 rw-p 00000000 00:00 0 
7fd190109000-7fd19010a000 ---p 00000000 00:00 0 
7fd19010a000-7fd191211000 rw-p 00000000 00:00 0 
7fd191211000-7fd191212000 ---p 00000000 00:00 0 
7fd191212000-7fd191317000 rw-p 00000000 00:00 0 
7fd191317000-7fd1913fb000 ---p 00000000 00:00 0 
7fd1913fb000-7fd191400000 rw-p 00000000 00:00 0 
7fd191400000-7fd1914e4000 ---p 00000000 00:00 0 
7fd1914e4000-7fd1914e9000 rw-p 00000000 00:00 0 
7fd1914e9000-7fd1914f3000 ---p 00000000 00:00 0 
7fd1914f3000-7fd1914f5000 r--p 00000000 08:20 58737                      /usr/lib/jvm/java-11-openjdk-amd64/lib/libzip.so
7fd1914f5000-7fd1914fa000 r-xp 00002000 08:20 58737                      /usr/lib/jvm/java-11-openjdk-amd64/lib/libzip.so
7fd1914fa000-7fd1914fc000 r--p 00007000 08:20 58737                      /usr/lib/jvm/java-11-openjdk-amd64/lib/libzip.so
7fd1914fc000-7fd1914fd000 r--p 00008000 08:20 58737                      /usr/lib/jvm/java-11-openjdk-amd64/lib/libzip.so
7fd1914fd000-7fd1914fe000 rw-p 00009000 08:20 58737                      /usr/lib/jvm/java-11-openjdk-amd64/lib/libzip.so
7fd1914fe000-7fd191506000 rw-s 00000000 08:20 2331                       /tmp/hsperfdata_itshandable/10931
7fd191506000-7fd191508000 r--p 00000000 08:20 58719                      /usr/lib/jvm/java-11-openjdk-amd64/lib/libjdwp.so
7fd191508000-7fd191534000 r-xp 00002000 08:20 58719                      /usr/lib/jvm/java-11-openjdk-amd64/lib/libjdwp.so
7fd191534000-7fd191542000 r--p 0002e000 08:20 58719                      /usr/lib/jvm/java-11-openjdk-amd64/lib/libjdwp.so
7fd191542000-7fd191543000 r--p 0003b000 08:20 58719                      /usr/lib/jvm/java-11-openjdk-amd64/lib/libjdwp.so
7fd191543000-7fd191544000 rw-p 0003c000 08:20 58719                      /usr/lib/jvm/java-11-openjdk-amd64/lib/libjdwp.so
7fd191544000-7fd191552000 r--p 00000000 08:20 58717                      /usr/lib/jvm/java-11-openjdk-amd64/lib/libjava.so
7fd191552000-7fd191568000 r-xp 0000e000 08:20 58717                      /usr/lib/jvm/java-11-openjdk-amd64/lib/libjava.so
7fd191568000-7fd19156f000 r--p 00024000 08:20 58717                      /usr/lib/jvm/java-11-openjdk-amd64/lib/libjava.so
7fd19156f000-7fd191570000 r--p 0002a000 08:20 58717                      /usr/lib/jvm/java-11-openjdk-amd64/lib/libjava.so
7fd191570000-7fd191571000 rw-p 0002b000 08:20 58717                      /usr/lib/jvm/java-11-openjdk-amd64/lib/libjava.so
7fd191571000-7fd191572000 rw-p 00000000 00:00 0 
7fd191572000-7fd191577000 r--p 00000000 08:20 58736                      /usr/lib/jvm/java-11-openjdk-amd64/lib/libverify.so
7fd191577000-7fd19157e000 r-xp 00005000 08:20 58736                      /usr/lib/jvm/java-11-openjdk-amd64/lib/libverify.so
7fd19157e000-7fd191580000 r--p 0000c000 08:20 58736                      /usr/lib/jvm/java-11-openjdk-amd64/lib/libverify.so
7fd191580000-7fd191582000 r--p 0000d000 08:20 58736                      /usr/lib/jvm/java-11-openjdk-amd64/lib/libverify.so
7fd191582000-7fd191583000 rw-p 0000f000 08:20 58736                      /usr/lib/jvm/java-11-openjdk-amd64/lib/libverify.so
7fd191583000-7fd191584000 r--p 00000000 08:20 64951                      /usr/lib/x86_64-linux-gnu/librt.so.1
7fd191584000-7fd191585000 r-xp 00001000 08:20 64951                      /usr/lib/x86_64-linux-gnu/librt.so.1
7fd191585000-7fd191586000 r--p 00002000 08:20 64951                      /usr/lib/x86_64-linux-gnu/librt.so.1
7fd191586000-7fd191587000 r--p 00002000 08:20 64951                      /usr/lib/x86_64-linux-gnu/librt.so.1
7fd191587000-7fd191588000 rw-p 00003000 08:20 64951                      /usr/lib/x86_64-linux-gnu/librt.so.1
7fd191588000-7fd19158c000 ---p 00000000 00:00 0 
7fd19158c000-7fd191688000 rw-p 00000000 00:00 0 
7fd191688000-7fd19168b000 r--p 00000000 08:20 6709                       /usr/lib/x86_64-linux-gnu/libgcc_s.so.1
7fd19168b000-7fd1916a2000 r-xp 00003000 08:20 6709                       /usr/lib/x86_64-linux-gnu/libgcc_s.so.1
7fd1916a2000-7fd1916a6000 r--p 0001a000 08:20 6709                       /usr/lib/x86_64-linux-gnu/libgcc_s.so.1
7fd1916a6000-7fd1916a7000 r--p 0001d000 08:20 6709                       /usr/lib/x86_64-linux-gnu/libgcc_s.so.1
7fd1916a7000-7fd1916a8000 rw-p 0001e000 08:20 6709                       /usr/lib/x86_64-linux-gnu/libgcc_s.so.1
7fd1916a8000-7fd1916b6000 r--p 00000000 08:20 64939                      /usr/lib/x86_64-linux-gnu/libm.so.6
7fd1916b6000-7fd191732000 r-xp 0000e000 08:20 64939                      /usr/lib/x86_64-linux-gnu/libm.so.6
7fd191732000-7fd19178d000 r--p 0008a000 08:20 64939                      /usr/lib/x86_64-linux-gnu/libm.so.6
7fd19178d000-7fd19178e000 r--p 000e4000 08:20 64939                      /usr/lib/x86_64-linux-gnu/libm.so.6
7fd19178e000-7fd19178f000 rw-p 000e5000 08:20 64939                      /usr/lib/x86_64-linux-gnu/libm.so.6
7fd19178f000-7fd191829000 r--p 00000000 08:20 6947                       /usr/lib/x86_64-linux-gnu/libstdc++.so.6.0.30
7fd191829000-7fd19193a000 r-xp 0009a000 08:20 6947                       /usr/lib/x86_64-linux-gnu/libstdc++.so.6.0.30
7fd19193a000-7fd1919a9000 r--p 001ab000 08:20 6947                       /usr/lib/x86_64-linux-gnu/libstdc++.so.6.0.30
7fd1919a9000-7fd1919aa000 ---p 0021a000 08:20 6947                       /usr/lib/x86_64-linux-gnu/libstdc++.so.6.0.30
7fd1919aa000-7fd1919b5000 r--p 0021a000 08:20 6947                       /usr/lib/x86_64-linux-gnu/libstdc++.so.6.0.30
7fd1919b5000-7fd1919b8000 rw-p 00225000 08:20 6947                       /usr/lib/x86_64-linux-gnu/libstdc++.so.6.0.30
7fd1919b8000-7fd1919bb000 rw-p 00000000 00:00 0 
7fd1919bb000-7fd191c3e000 r--p 00000000 08:20 58741                      /usr/lib/jvm/java-11-openjdk-amd64/lib/server/libjvm.so
7fd191c3e000-7fd1928e9000 r-xp 00283000 08:20 58741                      /usr/lib/jvm/java-11-openjdk-amd64/lib/server/libjvm.so
7fd1928e9000-7fd192b45000 r--p 00f2e000 08:20 58741                      /usr/lib/jvm/java-11-openjdk-amd64/lib/server/libjvm.so
7fd192b45000-7fd192c09000 r--p 01189000 08:20 58741                      /usr/lib/jvm/java-11-openjdk-amd64/lib/server/libjvm.so
7fd192c09000-7fd192c44000 rw-p 0124d000 08:20 58741                      /usr/lib/jvm/java-11-openjdk-amd64/lib/server/libjvm.so
7fd192c44000-7fd192c9e000 rw-p 00000000 00:00 0 
7fd192c9e000-7fd192cc6000 r--p 00000000 08:20 64935                      /usr/lib/x86_64-linux-gnu/libc.so.6
7fd192cc6000-7fd192e5b000 r-xp 00028000 08:20 64935                      /usr/lib/x86_64-linux-gnu/libc.so.6
7fd192e5b000-7fd192eb3000 r--p 001bd000 08:20 64935                      /usr/lib/x86_64-linux-gnu/libc.so.6
7fd192eb3000-7fd192eb4000 ---p 00215000 08:20 64935                      /usr/lib/x86_64-linux-gnu/libc.so.6
7fd192eb4000-7fd192eb8000 r--p 00215000 08:20 64935                      /usr/lib/x86_64-linux-gnu/libc.so.6
7fd192eb8000-7fd192eba000 rw-p 00219000 08:20 64935                      /usr/lib/x86_64-linux-gnu/libc.so.6
7fd192eba000-7fd192ec7000 rw-p 00000000 00:00 0 
7fd192ec7000-7fd192eca000 r--p 00000000 08:20 58702                      /usr/lib/jvm/java-11-openjdk-amd64/lib/jli/libjli.so
7fd192eca000-7fd192ed4000 r-xp 00003000 08:20 58702                      /usr/lib/jvm/java-11-openjdk-amd64/lib/jli/libjli.so
7fd192ed4000-7fd192ed7000 r--p 0000d000 08:20 58702                      /usr/lib/jvm/java-11-openjdk-amd64/lib/jli/libjli.so
7fd192ed7000-7fd192ed8000 ---p 00010000 08:20 58702                      /usr/lib/jvm/java-11-openjdk-amd64/lib/jli/libjli.so
7fd192ed8000-7fd192ed9000 r--p 00010000 08:20 58702                      /usr/lib/jvm/java-11-openjdk-amd64/lib/jli/libjli.so
7fd192ed9000-7fd192eda000 rw-p 00011000 08:20 58702                      /usr/lib/jvm/java-11-openjdk-amd64/lib/jli/libjli.so
7fd192eda000-7fd192edc000 r--p 00000000 08:20 6997                       /usr/lib/x86_64-linux-gnu/libz.so.1.2.11
7fd192edc000-7fd192eed000 r-xp 00002000 08:20 6997                       /usr/lib/x86_64-linux-gnu/libz.so.1.2.11
7fd192eed000-7fd192ef3000 r--p 00013000 08:20 6997                       /usr/lib/x86_64-linux-gnu/libz.so.1.2.11
7fd192ef3000-7fd192ef4000 ---p 00019000 08:20 6997                       /usr/lib/x86_64-linux-gnu/libz.so.1.2.11
7fd192ef4000-7fd192ef5000 r--p 00019000 08:20 6997                       /usr/lib/x86_64-linux-gnu/libz.so.1.2.11
7fd192ef5000-7fd192ef6000 rw-p 0001a000 08:20 6997                       /usr/lib/x86_64-linux-gnu/libz.so.1.2.11
7fd192ef9000-7fd192efa000 ---p 00000000 00:00 0 
7fd192efa000-7fd192efb000 r--p 00000000 00:00 0 
7fd192efb000-7fd192efd000 r--p 00000000 08:20 58720                      /usr/lib/jvm/java-11-openjdk-amd64/lib/libjimage.so
7fd192efd000-7fd192f00000 r-xp 00002000 08:20 58720                      /usr/lib/jvm/java-11-openjdk-amd64/lib/libjimage.so
7fd192f00000-7fd192f01000 r--p 00005000 08:20 58720                      /usr/lib/jvm/java-11-openjdk-amd64/lib/libjimage.so
7fd192f01000-7fd192f02000 ---p 00006000 08:20 58720                      /usr/lib/jvm/java-11-openjdk-amd64/lib/libjimage.so
7fd192f02000-7fd192f03000 r--p 00006000 08:20 58720                      /usr/lib/jvm/java-11-openjdk-amd64/lib/libjimage.so
7fd192f03000-7fd192f04000 rw-p 00007000 08:20 58720                      /usr/lib/jvm/java-11-openjdk-amd64/lib/libjimage.so
7fd192f04000-7fd192f06000 rw-p 00000000 00:00 0 
7fd192f06000-7fd192f08000 r--p 00000000 08:20 64930                      /usr/lib/x86_64-linux-gnu/ld-linux-x86-64.so.2
7fd192f08000-7fd192f32000 r-xp 00002000 08:20 64930                      /usr/lib/x86_64-linux-gnu/ld-linux-x86-64.so.2
7fd192f32000-7fd192f3d000 r--p 0002c000 08:20 64930                      /usr/lib/x86_64-linux-gnu/ld-linux-x86-64.so.2
7fd192f3e000-7fd192f40000 r--p 00037000 08:20 64930                      /usr/lib/x86_64-linux-gnu/ld-linux-x86-64.so.2
7fd192f40000-7fd192f42000 rw-p 00039000 08:20 64930                      /usr/lib/x86_64-linux-gnu/ld-linux-x86-64.so.2
7ffeef7e6000-7ffeef807000 rw-p 00000000 00:00 0                          [stack]
7ffeef9b8000-7ffeef9bc000 r--p 00000000 00:00 0                          [vvar]
7ffeef9bc000-7ffeef9be000 r-xp 00000000 00:00 0                          [vdso]


VM Arguments:
jvm_args: -agentlib:jdwp=transport=dt_socket,address=0.0.0.0:12345,suspend=y,server=y -Djava.library.path=\\wsl.localhost\Ubuntu\usr\local\lib -Dfile.encoding=UTF-8 
java_command: Main tests/test.sysy tests/test.arm test tests/test.ll
java_class_path (initial): /mnt/e/codes/compiler-principle/Lab_backtrace/Lab/out/production/Lab:/usr/local/lib/antlr-4.9.1-complete.jar:/usr/local/lib/javacpp/javacpp-1.5.7.jar:/usr/local/lib/javacpp/javacpp-1.5.7-linux-x86_64.jar:/usr/local/lib/llvm/llvm-13.0.1-1.5.7.jar:/usr/local/lib/llvm/llvm-13.0.1-1.5.7-linux-x86_64.jar:/usr/local/lib/llvm-platform/llvm-platform-13.0.1-1.5.7.jar:/usr/local/lib/llvm4j/kotlin-stdlib-1.9.0.jar:/usr/local/lib/llvm4j/llvm4j-0.1.2-SNAPSHOT.jar:/usr/local/lib/rars/rars.jar:/mnt/d/IntelliJ IDEA Ultimate/lib/idea_rt.jar
Launcher Type: SUN_STANDARD

[Global flags]
     intx CICompilerCount                          = 12                                        {product} {ergonomic}
     uint ConcGCThreads                            = 4                                         {product} {ergonomic}
     uint G1ConcRefinementThreads                  = 15                                        {product} {ergonomic}
   size_t G1HeapRegionSize                         = 1048576                                   {product} {ergonomic}
    uintx GCDrainStackTargetSize                   = 64                                        {product} {ergonomic}
   size_t InitialHeapSize                          = 127926272                                 {product} {ergonomic}
   size_t MarkStackSize                            = 4194304                                   {product} {ergonomic}
   size_t MaxHeapSize                              = 2046820352                                {product} {ergonomic}
   size_t MaxNewSize                               = 1227882496                                {product} {ergonomic}
   size_t MinHeapDeltaBytes                        = 1048576                                   {product} {ergonomic}
    uintx NonNMethodCodeHeapSize                   = 7594288                                {pd product} {ergonomic}
    uintx NonProfiledCodeHeapSize                  = 122031976                              {pd product} {ergonomic}
    uintx ProfiledCodeHeapSize                     = 122031976                              {pd product} {ergonomic}
    uintx ReservedCodeCacheSize                    = 251658240                              {pd product} {ergonomic}
     bool SegmentedCodeCache                       = true                                      {product} {ergonomic}
     bool UseCompressedClassPointers               = true                                 {lp64_product} {ergonomic}
     bool UseCompressedOops                        = true                                 {lp64_product} {ergonomic}
     bool UseG1GC                                  = true                                      {product} {ergonomic}

Logging:
Log output configuration:
 #0: stdout all=warning uptime,level,tags
 #1: stderr all=off uptime,level,tags

Environment Variables:
PATH=/home/itshandable/.local/bin:/usr/local/sbin:/usr/local/bin:/usr/sbin:/usr/bin:/sbin:/bin:/usr/games:/usr/local/games:/usr/lib/wsl/lib:/mnt/d/VMwareWorkstationPro/bin/:/mnt/c/Program Files/BellSoft/LibericaJDK-17/bin/:/mnt/c/Program Files (x86)/Common Files/Oracle/Java/java8path:/mnt/c/Program Files (x86)/Common Files/Oracle/Java/javapath:/mnt/c/WINDOWS/system32:/mnt/c/WINDOWS:/mnt/c/WINDOWS/System32/Wbem:/mnt/c/WINDOWS/System32/WindowsPowerShell/v1.0/:/mnt/c/WINDOWS/System32/OpenSSH/:/mnt/c/Program Files/dotnet/:/mnt/c/Program Files (x86)/NVIDIA Corporation/PhysX/Common:/mnt/c/Program Files/Git/cmd:/mnt/d/Cruicial Storage Excutive:/mnt/c/Program Files/BellSoft/LibericaJDK-17/bin:/mnt/c/Program Files/BellSoft/LibericaJDK-17/jre/bin:/mnt/c/Users/itshandable/AppData/Local/Programs/Python/Python312:/mnt/c/Users/itshandable/AppData/Local/Programs/Python/Python312/Scripts:/mnt/c/Program Files/Pandoc/:/mnt/c/ProgramData/chocolatey/bin:/mnt/d/Nodejs-nvm:/mnt/c/Program Files/nodejs:/mnt/d/Redis/:/mnt/d/Mathlab/bin:/mnt/d/Lingo-21.0/:/mnt/d/Lingo-18.0/:/mnt/c/Program Files/NVIDIA Corporation/NVIDIA app/NvDLISR:/mnt/d/SPSS-25/JRE/bin:/mnt/d/SPSS Modeler 18.0/ext/bin/spss.TMWBServer/bin:/mnt/d/SPSS Modeler 18.0/MPICH2/bin:/mnt/d/SPSS Modeler 18.0/TABI:/mnt/d/MySQL/bin:/mnt/c/Program Files/Docker/Docker/resources/bin:/mnt/c/Program Files/Tailscale/:/mnt/c/Users/itshandable/AppData/Local/Programs/Python/Launcher/:/mnt/c/Users/itshandable/AppData/Local/Microsoft/WindowsApps:/mnt/d/CLion 2024.2.1/bin:/mnt/d/PyCharm 2024.2.1/bin:/mnt/c/Users/itshandable/AppData/Local/JetBrains/Toolbox/scripts:/mnt/d/IntelliJ IDEA 2024.2.1/bin:/mnt/c/Users/itshandable/AppData/Roaming/npm:/mnt/d/Nodejs-nvm:/mnt/c/Program Files/nodejs:/mnt/d/Microsoft VS Code/bin:/mnt/d/MiKTeX/miktex/bin/x64/:/mnt/c/Users/itshandable/AppData/Local/Microsoft/WindowsApps:/mnt/e/codes/ffmpeg-2025-01-02-git-0457aaf0d3-essentials_build/bin:/mnt/d/Aria2/aria2-1.37.0-win-64bit-build1:/mnt/d/DevEco Studio/bin:/mnt/d/WebStor
SHELL=/bin/bash
DISPLAY=:0
HOSTTYPE=x86_64
LANG=zh_CN.UTF-8
TERM=xterm-256color

Signal Handlers:
SIGSEGV: [libjvm.so+0xebbd40], sa_mask[0]=11111111011111111101111111111110, sa_flags=SA_RESTART|SA_SIGINFO
SIGBUS: [libjvm.so+0xebbd40], sa_mask[0]=11111111011111111101111111111110, sa_flags=SA_RESTART|SA_SIGINFO
SIGFPE: [libjvm.so+0xebbd40], sa_mask[0]=11111111011111111101111111111110, sa_flags=SA_RESTART|SA_SIGINFO
SIGPIPE: [libjvm.so+0xbfe040], sa_mask[0]=11111111011111111101111111111110, sa_flags=SA_RESTART|SA_SIGINFO
SIGXFSZ: [libjvm.so+0xbfe040], sa_mask[0]=11111111011111111101111111111110, sa_flags=SA_RESTART|SA_SIGINFO
SIGILL: [libjvm.so+0xebbd40], sa_mask[0]=11111111011111111101111111111110, sa_flags=SA_RESTART|SA_SIGINFO
SIGUSR2: [libjvm.so+0xbfdee0], sa_mask[0]=00000000000000000000000000000000, sa_flags=SA_RESTART|SA_SIGINFO
SIGHUP: [libjvm.so+0xbfe6a0], sa_mask[0]=11111111011111111101111111111110, sa_flags=SA_RESTART|SA_SIGINFO
SIGINT: [libjvm.so+0xbfe6a0], sa_mask[0]=11111111011111111101111111111110, sa_flags=SA_RESTART|SA_SIGINFO
SIGTERM: [libjvm.so+0xbfe6a0], sa_mask[0]=11111111011111111101111111111110, sa_flags=SA_RESTART|SA_SIGINFO
SIGQUIT: [libjvm.so+0xbfe6a0], sa_mask[0]=11111111011111111101111111111110, sa_flags=SA_RESTART|SA_SIGINFO


---------------  S Y S T E M  ---------------

OS:DISTRIB_ID=Ubuntu
DISTRIB_RELEASE=22.04
DISTRIB_CODENAME=jammy
DISTRIB_DESCRIPTION="Ubuntu 22.04.3 LTS"
uname:Linux 5.15.167.4-microsoft-standard-WSL2 #1 SMP Tue Nov 5 00:21:55 UTC 2024 x86_64
OS uptime: 0 days 0:18 hours
libc:glibc 2.35 NPTL 2.35 
rlimit (soft/hard): STACK 8192k/infinity , CORE 0k/infinity , NPROC 31190/31190 , NOFILE 1048576/1048576 , AS infinity/infinity , CPU infinity/infinity , DATA infinity/infinity , FSIZE infinity/infinity , MEMLOCK 65536k/65536k
load average:0.08 0.06 0.01

/proc/meminfo:
MemTotal:        7991664 kB
MemFree:         6982348 kB
MemAvailable:    7073368 kB
Buffers:            1052 kB
Cached:           290444 kB
SwapCached:            0 kB
Active:            93576 kB
Inactive:         525640 kB
Active(anon):       2176 kB
Inactive(anon):   329208 kB
Active(file):      91400 kB
Inactive(file):   196432 kB
Unevictable:           0 kB
Mlocked:               0 kB
SwapTotal:       2097152 kB
SwapFree:        2097152 kB
Dirty:                72 kB
Writeback:             0 kB
AnonPages:        326584 kB
Mapped:           258704 kB
Shmem:              3664 kB
KReclaimable:      37516 kB
Slab:             110800 kB
SReclaimable:      37516 kB
SUnreclaim:        73284 kB
KernelStack:        7104 kB
PageTables:         6616 kB
NFS_Unstable:          0 kB
Bounce:                0 kB
WritebackTmp:          0 kB
CommitLimit:     6092984 kB
Committed_AS:    1653428 kB
VmallocTotal:   34359738367 kB
VmallocUsed:       29224 kB
VmallocChunk:          0 kB
Percpu:            11520 kB
AnonHugePages:    151552 kB
ShmemHugePages:        0 kB
ShmemPmdMapped:        0 kB
FileHugePages:         0 kB
FilePmdMapped:         0 kB
HugePages_Total:       0
HugePages_Free:        0
HugePages_Rsvd:        0
HugePages_Surp:        0
Hugepagesize:       2048 kB
Hugetlb:               0 kB
DirectMap4k:      101376 kB
DirectMap2M:     4997120 kB
DirectMap1G:    11534336 kB

/sys/kernel/mm/transparent_hugepage/enabled:
[always] madvise never
/sys/kernel/mm/transparent_hugepage/defrag (defrag/compaction efforts parameter):
always defer defer+madvise [madvise] never

Process Memory:
Virtual Size: 5195420K (peak: 13447088K)
Resident Set Size: 101856K (peak: 101856K) (anon: 45344K, file: 56512K, shmem: 0K)
Swapped out: 0K
C-Heap outstanding allocations: 42786K, retained: 2645K
glibc malloc tunables: (default)

/proc/sys/kernel/threads-max (system-wide limit on the number of threads):
62380
/proc/sys/vm/max_map_count (maximum number of memory map areas a process may have):
65530
/proc/sys/kernel/pid_max (system-wide limit on number of process identifiers):
4194304

container (cgroup) information:
container_type: cgroupv1
cpu_cpuset_cpus: 0-19
cpu_memory_nodes: 0
active_processor_count: 20
cpu_quota: no quota
cpu_period: 100000
cpu_shares: no shares
memory_limit_in_bytes: unlimited
memory_and_swap_limit_in_bytes: unlimited
memory_soft_limit_in_bytes: unlimited
memory_usage_in_bytes: 618096 k
memory_max_usage_in_bytes: 496884 k
kernel_memory_limit_in_bytes: unlimited
kernel_memory_usage_in_bytes: 21200 k
kernel_memory_max_usage_in_bytes: 27048 k
maximum number of tasks: not supported
current number of tasks: not supported

Hyper-V virtualization detected
Steal ticks since vm start: 0
Steal ticks percentage since vm start:  0.000

CPU:total 20 (initial active 20) (16 cores per cpu, 2 threads per core) family 6 model 186 stepping 2 microcode 0xffffffff, cmov, cx8, fxsr, mmx, sse, sse2, sse3, ssse3, sse4.1, sse4.2, popcnt, avx, avx2, aes, clmul, erms, 3dnowpref, lzcnt, ht, tsc, tscinvbit, bmi1, bmi2, adx, sha, fma
CPU Model and flags from /proc/cpuinfo:
model name	: 13th Gen Intel(R) Core(TM) i9-13900H
flags		: fpu vme de pse tsc msr pae mce cx8 apic sep mtrr pge mca cmov pat pse36 clflush mmx fxsr sse sse2 ss ht syscall nx pdpe1gb rdtscp lm constant_tsc rep_good nopl xtopology tsc_reliable nonstop_tsc cpuid pni pclmulqdq vmx ssse3 fma cx16 pcid sse4_1 sse4_2 x2apic movbe popcnt tsc_deadline_timer aes xsave avx f16c rdrand hypervisor lahf_lm abm 3dnowprefetch invpcid_single ssbd ibrs ibpb stibp ibrs_enhanced tpr_shadow vnmi ept vpid ept_ad fsgsbase tsc_adjust bmi1 avx2 smep bmi2 erms invpcid rdseed adx smap clflushopt clwb sha_ni xsaveopt xsavec xgetbv1 xsaves avx_vnni umip waitpkg gfni vaes vpclmulqdq rdpid movdiri movdir64b fsrm md_clear serialize flush_l1d arch_capabilities
Online cpus:
0-19
Offline cpus:

BIOS frequency limitation:
<Not Available>
Frequency switch latency (ns):
<Not Available>
Available cpu frequencies:
<Not Available>
Current governor:
<Not Available>
Core performance/turbo boost:
<Not Available>

Memory: 4k page, physical 7991664k(6982348k free), swap 2097152k(2097152k free)

vm_info: OpenJDK 64-Bit Server VM (11.0.27+6-post-Ubuntu-0ubuntu122.04) for linux-amd64 JRE (11.0.27+6-post-Ubuntu-0ubuntu122.04), built on Apr 21 2025 05:59:45 by "unknown" with gcc 11.4.0

END.
