#
# A fatal error has been detected by the Java Runtime Environment:
#
#  SIGSEGV (0xb) at pc=0x00007fa5d628eaf8, pid=24765, tid=24769
#
# JRE version: OpenJDK Runtime Environment (11.0.27+6) (build 11.0.27+6-post-Ubuntu-0ubuntu122.04)
# Java VM: OpenJDK 64-Bit Server VM (11.0.27+6-post-Ubuntu-0ubuntu122.04, mixed mode, sharing, tiered, compressed oops, g1 gc, linux-amd64)
# Problematic frame:
# C  [libLLVM-13.so+0xd62af8]  llvm::Value::getName() const+0xb8
#
# No core dump will be written. Core dumps have been disabled. To enable core dumping, try "ulimit -c unlimited" before starting Java again
#
# If you would like to submit a bug report, please visit:
#   https://bugs.launchpad.net/ubuntu/+source/openjdk-lts
# The crash happened outside the Java Virtual Machine in native code.
# See problematic frame for where to report the bug.
#

---------------  S U M M A R Y ------------

Command Line: -agentlib:jdwp=transport=dt_socket,address=0.0.0.0:12345,suspend=y,server=y -Djava.library.path=\\wsl.localhost\Ubuntu\usr\local\lib -Dfile.encoding=UTF-8 Main tests/test.sysy tests/test.arm test tests/test.ll

Host: 13th Gen Intel(R) Core(TM) i9-13900H, 20 cores, 7G, Ubuntu 22.04.3 LTS
Time: Thu May 22 20:05:48 2025 CST elapsed time: 18.833012 seconds (0d 0h 0m 18s)

---------------  T H R E A D  ---------------

Current thread (0x00007fa658016800):  JavaThread "main" [_thread_in_native, id=24769, stack(0x00007fa65c658000,0x00007fa65c758000)]

Stack: [0x00007fa65c658000,0x00007fa65c758000],  sp=0x00007fa65c755900,  free space=1014k
Native frames: (J=compiled Java code, A=aot compiled Java code, j=interpreted, Vv=VM code, C=native code)
C  [libLLVM-13.so+0xd62af8]  llvm::Value::getName() const+0xb8

Java frames: (J=compiled Java code, j=interpreted, Vv=VM code)
j  org.bytedeco.llvm.global.LLVM.LLVMPrintModuleToFile(Lorg/bytedeco/llvm/LLVM/LLVMModuleRef;Ljava/lang/String;Lorg/bytedeco/javacpp/BytePointer;)I+0
j  MyIrVisitor.mixedOptimization()V+53
j  MyIrVisitor.visitProgram(LSysYParser$ProgramContext;)Lorg/bytedeco/llvm/LLVM/LLVMValueRef;+123
j  MyIrVisitor.visitProgram(LSysYParser$ProgramContext;)Ljava/lang/Object;+2
j  SysYParser$ProgramContext.accept(Lorg/antlr/v4/runtime/tree/ParseTreeVisitor;)Ljava/lang/Object;+12
j  org.antlr.v4.runtime.tree.AbstractParseTreeVisitor.visit(Lorg/antlr/v4/runtime/tree/ParseTree;)Ljava/lang/Object;+2
j  Main.main([Ljava/lang/String;)V+169
v  ~StubRoutines::call_stub

siginfo: si_signo: 11 (SIGSEGV), si_code: 1 (SEGV_MAPERR), si_addr: 0x00000000000000e5

Register to memory mapping:

RAX=0x00000000000000f5 is an unknown value
RBX=0x0000000000000001 is an unknown value
RCX=0x00007fa6583987b8 points into unknown readable memory: 0x00007fa658390490 | 90 04 39 58 a6 7f 00 00
RDX=0x00000000000000e5 is an unknown value
RSP=0x00007fa65c755900 is pointing into the stack for thread: 0x00007fa658016800
RBP=0x00007fa65c755c60 is pointing into the stack for thread: 0x00007fa658016800
RSI=0x00007fa658390890 points into unknown readable memory: 0x0000000000000000 | 00 00 00 00 00 00 00 00
RDI=0x00007fa65c755900 is pointing into the stack for thread: 0x00007fa658016800
R8 =0x0000000000000001 is an unknown value
R9 =0x00007fa6583987b8 points into unknown readable memory: 0x00007fa658390490 | 90 04 39 58 a6 7f 00 00
R10=0x000000000000003f is an unknown value
R11=0x0000000000000002 is an unknown value
R12=0x0000000000000002 is an unknown value
R13=0x0000000000000002 is an unknown value
R14=0x0 is NULL
R15=0x00007fa658373920 points into unknown readable memory: 0x00007fa658398c18 | 18 8c 39 58 a6 7f 00 00


Registers:
RAX=0x00000000000000f5, RBX=0x0000000000000001, RCX=0x00007fa6583987b8, RDX=0x00000000000000e5
RSP=0x00007fa65c755900, RBP=0x00007fa65c755c60, RSI=0x00007fa658390890, RDI=0x00007fa65c755900
R8 =0x0000000000000001, R9 =0x00007fa6583987b8, R10=0x000000000000003f, R11=0x0000000000000002
R12=0x0000000000000002, R13=0x0000000000000002, R14=0x0000000000000000, R15=0x00007fa658373920
RIP=0x00007fa5d628eaf8, EFLAGS=0x0000000000010202, CSGSFS=0x002b000000000033, ERR=0x0000000000000004
  TRAPNO=0x000000000000000e

Top of Stack: (sp=0x00007fa65c755900)
0x00007fa65c755900:   00007fa658390890 00007fa658390890
0x00007fa65c755910:   0000000000000001 00007fa5d60cd3f5
0x00007fa65c755920:   0000000000000001 00007fa65c755e40
0x00007fa65c755930:   0000000000000002 00007fa5d60de5d8 

Instructions: (pc=0x00007fa5d628eaf8)
0x00007fa5d628e9f8:   48 bc ff eb b7 48 83 3d ab e8 ce 05 00 74 23 83
0x00007fa5d628ea08:   ca ff f0 0f c1 50 f8 85 d2 7f ae 48 8d 74 24 0f
0x00007fa5d628ea18:   e8 53 48 bc ff eb a2 8b 50 f8 8d 4a ff 89 48 f8
0x00007fa5d628ea28:   eb c3 8b 50 f8 8d 4a ff 89 48 f8 eb da 66 2e 0f
0x00007fa5d628ea38:   1f 84 00 00 00 00 00 90 f6 47 17 10 75 0a 48 8d
0x00007fa5d628ea48:   05 f2 a0 6c 03 31 d2 c3 48 83 ec 18 48 8b 07 48
0x00007fa5d628ea58:   8b 00 48 8b 08 8b 81 98 01 00 00 4c 8b 81 88 01
0x00007fa5d628ea68:   00 00 4c 8d 89 88 01 00 00 85 c0 74 5b 89 f9 89
0x00007fa5d628ea78:   fa 44 8d 50 ff c1 ea 09 c1 e9 04 31 d1 44 21 d1
0x00007fa5d628ea88:   89 ce 48 c1 e6 04 4c 01 c6 48 8b 16 48 39 d7 75
0x00007fa5d628ea98:   67 89 c2 48 89 e7 4c 89 c9 48 89 d0 48 c1 e0 04
0x00007fa5d628eaa8:   49 8d 14 00 41 b8 01 00 00 00 e8 f9 f4 ff ff 48
0x00007fa5d628eab8:   8b 04 24 48 8b 50 08 48 8d 42 10 48 8b 12 48 83
0x00007fa5d628eac8:   c4 18 c3 0f 1f 44 00 00 48 c1 e0 04 48 89 e7 4c
0x00007fa5d628ead8:   89 c9 49 8d 34 00 41 b8 01 00 00 00 48 89 f2 e8
0x00007fa5d628eae8:   c4 f4 ff ff 48 8b 04 24 48 8b 50 08 48 8d 42 10
0x00007fa5d628eaf8:   48 8b 12 48 83 c4 18 c3 be 01 00 00 00 48 81 fa
0x00007fa5d628eb08:   00 f0 ff ff 74 c2 01 f1 44 8d 5e 01 44 21 d1 89
0x00007fa5d628eb18:   ce 48 c1 e6 04 4c 01 c6 48 8b 16 48 39 d7 0f 84
0x00007fa5d628eb28:   6d ff ff ff 44 89 de eb d4 66 2e 0f 1f 84 00 00
0x00007fa5d628eb38:   00 00 00 0f 1f 44 00 00 66 48 0f 6e c6 66 48 0f
0x00007fa5d628eb48:   6e ca 66 0f 6c c1 0f 11 07 45 84 c0 75 29 48 39
0x00007fa5d628eb58:   d6 74 24 0f 1f 44 00 00 48 8b 06 48 3d 00 f0 ff
0x00007fa5d628eb68:   ff 74 08 48 3d 00 e0 ff ff 75 0c 48 83 c6 10 48
0x00007fa5d628eb78:   89 37 48 39 f2 75 e1 c3 41 57 41 56 41 55 41 54
0x00007fa5d628eb88:   55 53 48 89 fb 48 83 ec 38 4c 8b 67 10 49 8b 04
0x00007fa5d628eb98:   24 48 8b 00 48 8b 28 4c 8b ad 08 09 00 00 44 8b
0x00007fa5d628eba8:   bd 18 09 00 00 41 f6 44 24 11 01 0f 85 67 01 00
0x00007fa5d628ebb8:   00 45 85 ff 0f 84 fb 01 00 00 45 89 e6 44 89 e0
0x00007fa5d628ebc8:   41 8d 77 ff c1 e8 09 41 c1 ee 04 41 31 c6 44 89
0x00007fa5d628ebd8:   f1 21 f1 89 c8 48 c1 e0 04 4c 01 e8 48 8b 10 49
0x00007fa5d628ebe8:   39 d4 0f 85 7c 03 00 00 48 8b 50 08 4c 89 ee 48 


Stack slot to memory mapping:
stack at sp + 0 slots: 0x00007fa658390890 points into unknown readable memory: 0x0000000000000000 | 00 00 00 00 00 00 00 00
stack at sp + 1 slots: 0x00007fa658390890 points into unknown readable memory: 0x0000000000000000 | 00 00 00 00 00 00 00 00
stack at sp + 2 slots: 0x0000000000000001 is an unknown value
stack at sp + 3 slots: 0x00007fa5d60cd3f5: <offset 0x0000000000ba13f5> in /home/itshandable/.javacpp/cache/llvm-13.0.1-1.5.7-linux-x86_64.jar/org/bytedeco/llvm/linux-x86_64/libLLVM-13.so at 0x00007fa5d552c000
stack at sp + 4 slots: 0x0000000000000001 is an unknown value
stack at sp + 5 slots: 0x00007fa65c755e40 is pointing into the stack for thread: 0x00007fa658016800
stack at sp + 6 slots: 0x0000000000000002 is an unknown value
stack at sp + 7 slots: 0x00007fa5d60de5d8: <offset 0x0000000000bb25d8> in /home/itshandable/.javacpp/cache/llvm-13.0.1-1.5.7-linux-x86_64.jar/org/bytedeco/llvm/linux-x86_64/libLLVM-13.so at 0x00007fa5d552c000


---------------  P R O C E S S  ---------------

Threads class SMR info:
_java_thread_list=0x00007fa5ec001e50, length=12, elements={
0x00007fa658016800, 0x00007fa65813f800, 0x00007fa658141800, 0x00007fa658149800,
0x00007fa65814c000, 0x00007fa65814e000, 0x00007fa658150000, 0x00007fa6581a1000,
0x00007fa6581a7000, 0x00007fa65824b800, 0x00007fa5f4001800, 0x00007fa60c001000
}

Java Threads: ( => current thread )
=>0x00007fa658016800 JavaThread "main" [_thread_in_native, id=24769, stack(0x00007fa65c658000,0x00007fa65c758000)]
  0x00007fa65813f800 JavaThread "Reference Handler" daemon [_thread_blocked, id=24776, stack(0x00007fa62f2fc000,0x00007fa62f3fc000)]
  0x00007fa658141800 JavaThread "Finalizer" daemon [_thread_blocked, id=24777, stack(0x00007fa62f1fc000,0x00007fa62f2fc000)]
  0x00007fa658149800 JavaThread "Service Thread" daemon [_thread_blocked, id=24779, stack(0x00007fa62effc000,0x00007fa62f0fc000)]
  0x00007fa65814c000 JavaThread "C2 CompilerThread0" daemon [_thread_blocked, id=24780, stack(0x00007fa62eefc000,0x00007fa62effc000)]
  0x00007fa65814e000 JavaThread "C1 CompilerThread0" daemon [_thread_blocked, id=24781, stack(0x00007fa62edfc000,0x00007fa62eefc000)]
  0x00007fa658150000 JavaThread "Sweeper thread" daemon [_thread_blocked, id=24782, stack(0x00007fa62ecfc000,0x00007fa62edfc000)]
  0x00007fa6581a1000 JavaThread "JDWP Event Helper Thread" daemon [_thread_blocked, id=24785, stack(0x00007fa62e9fc000,0x00007fa62eafc000)]
  0x00007fa6581a7000 JavaThread "Common-Cleaner" daemon [_thread_blocked, id=24793, stack(0x00007fa62ebfc000,0x00007fa62ecfc000)]
  0x00007fa65824b800 JavaThread "JavaCPP Deallocator" daemon [_thread_blocked, id=24797, stack(0x00007fa62e5fb000,0x00007fa62e6fb000)]
  0x00007fa5f4001800 JavaThread "JDWP Transport Listener: dt_socket" daemon [_thread_in_native, id=24937, stack(0x00007fa62e8fc000,0x00007fa62e9fc000)]
  0x00007fa60c001000 JavaThread "SIGINT handler" daemon [_thread_blocked, id=24938, stack(0x00007fa62eafc000,0x00007fa62ebfc000)]

Other Threads:
  0x00007fa65813c800 VMThread "VM Thread" [stack: 0x00007fa62f3fd000,0x00007fa62f4fd000] [id=24775] _threads_hazard_ptr=0x00007fa5ec001e50
  0x00007fa658030800 GCTaskThread "GC Thread#0" [stack: 0x00007fa65c2e2000,0x00007fa65c3e2000] [id=24770]
  0x00007fa658062000 ConcurrentGCThread "G1 Main Marker" [stack: 0x00007fa636f92000,0x00007fa637092000] [id=24771]
  0x00007fa658063800 ConcurrentGCThread "G1 Conc#0" [stack: 0x00007fa636e91000,0x00007fa636f91000] [id=24772]
  0x00007fa658108000 ConcurrentGCThread "G1 Refine#0" [stack: 0x00007fa62fdff000,0x00007fa62feff000] [id=24773]
  0x00007fa65810a000 ConcurrentGCThread "G1 Young RemSet Sampling" [stack: 0x00007fa62fcfe000,0x00007fa62fdfe000] [id=24774]

Threads with active compile tasks:

VM state:at safepoint (normal execution)

VM Mutex/Monitor currently owned by a thread:  ([mutex/lock_event])
[0x00007fa658014240] Threads_lock - owner thread: 0x00007fa65813c800

Heap address: 0x0000000086000000, size: 1952 MB, Compressed Oops mode: 32-bit
Narrow klass base: 0x0000000800000000, Narrow klass shift: 3
Compressed class space size: 1073741824 Address: 0x0000000840000000

Heap:
 garbage-first heap   total 126976K, used 10960K [0x0000000086000000, 0x0000000100000000)
  region size 1024K, 12 young (12288K), 0 survivors (0K)
 Metaspace       used 3776K, capacity 6579K, committed 6912K, reserved 1056768K
  class space    used 395K, capacity 681K, committed 768K, reserved 1048576K
Heap Regions: E=young(eden), S=young(survivor), O=old, HS=humongous(starts), HC=humongous(continues), CS=collection set, F=free, A=archive, TAMS=top-at-mark-start (previous, next)
|   0|0x0000000086000000, 0x0000000086000000, 0x0000000086100000|  0%| F|  |TAMS 0x0000000086000000, 0x0000000086000000| Untracked 
|   1|0x0000000086100000, 0x0000000086100000, 0x0000000086200000|  0%| F|  |TAMS 0x0000000086100000, 0x0000000086100000| Untracked 
|   2|0x0000000086200000, 0x0000000086200000, 0x0000000086300000|  0%| F|  |TAMS 0x0000000086200000, 0x0000000086200000| Untracked 
|   3|0x0000000086300000, 0x0000000086300000, 0x0000000086400000|  0%| F|  |TAMS 0x0000000086300000, 0x0000000086300000| Untracked 
|   4|0x0000000086400000, 0x0000000086400000, 0x0000000086500000|  0%| F|  |TAMS 0x0000000086400000, 0x0000000086400000| Untracked 
|   5|0x0000000086500000, 0x0000000086500000, 0x0000000086600000|  0%| F|  |TAMS 0x0000000086500000, 0x0000000086500000| Untracked 
|   6|0x0000000086600000, 0x0000000086600000, 0x0000000086700000|  0%| F|  |TAMS 0x0000000086600000, 0x0000000086600000| Untracked 
|   7|0x0000000086700000, 0x0000000086700000, 0x0000000086800000|  0%| F|  |TAMS 0x0000000086700000, 0x0000000086700000| Untracked 
|   8|0x0000000086800000, 0x0000000086800000, 0x0000000086900000|  0%| F|  |TAMS 0x0000000086800000, 0x0000000086800000| Untracked 
|   9|0x0000000086900000, 0x0000000086900000, 0x0000000086a00000|  0%| F|  |TAMS 0x0000000086900000, 0x0000000086900000| Untracked 
|  10|0x0000000086a00000, 0x0000000086a00000, 0x0000000086b00000|  0%| F|  |TAMS 0x0000000086a00000, 0x0000000086a00000| Untracked 
|  11|0x0000000086b00000, 0x0000000086b00000, 0x0000000086c00000|  0%| F|  |TAMS 0x0000000086b00000, 0x0000000086b00000| Untracked 
|  12|0x0000000086c00000, 0x0000000086c00000, 0x0000000086d00000|  0%| F|  |TAMS 0x0000000086c00000, 0x0000000086c00000| Untracked 
|  13|0x0000000086d00000, 0x0000000086d00000, 0x0000000086e00000|  0%| F|  |TAMS 0x0000000086d00000, 0x0000000086d00000| Untracked 
|  14|0x0000000086e00000, 0x0000000086e00000, 0x0000000086f00000|  0%| F|  |TAMS 0x0000000086e00000, 0x0000000086e00000| Untracked 
|  15|0x0000000086f00000, 0x0000000086f00000, 0x0000000087000000|  0%| F|  |TAMS 0x0000000086f00000, 0x0000000086f00000| Untracked 
|  16|0x0000000087000000, 0x0000000087000000, 0x0000000087100000|  0%| F|  |TAMS 0x0000000087000000, 0x0000000087000000| Untracked 
|  17|0x0000000087100000, 0x0000000087100000, 0x0000000087200000|  0%| F|  |TAMS 0x0000000087100000, 0x0000000087100000| Untracked 
|  18|0x0000000087200000, 0x0000000087200000, 0x0000000087300000|  0%| F|  |TAMS 0x0000000087200000, 0x0000000087200000| Untracked 
|  19|0x0000000087300000, 0x0000000087300000, 0x0000000087400000|  0%| F|  |TAMS 0x0000000087300000, 0x0000000087300000| Untracked 
|  20|0x0000000087400000, 0x0000000087400000, 0x0000000087500000|  0%| F|  |TAMS 0x0000000087400000, 0x0000000087400000| Untracked 
|  21|0x0000000087500000, 0x0000000087500000, 0x0000000087600000|  0%| F|  |TAMS 0x0000000087500000, 0x0000000087500000| Untracked 
|  22|0x0000000087600000, 0x0000000087600000, 0x0000000087700000|  0%| F|  |TAMS 0x0000000087600000, 0x0000000087600000| Untracked 
|  23|0x0000000087700000, 0x0000000087700000, 0x0000000087800000|  0%| F|  |TAMS 0x0000000087700000, 0x0000000087700000| Untracked 
|  24|0x0000000087800000, 0x0000000087800000, 0x0000000087900000|  0%| F|  |TAMS 0x0000000087800000, 0x0000000087800000| Untracked 
|  25|0x0000000087900000, 0x0000000087900000, 0x0000000087a00000|  0%| F|  |TAMS 0x0000000087900000, 0x0000000087900000| Untracked 
|  26|0x0000000087a00000, 0x0000000087a00000, 0x0000000087b00000|  0%| F|  |TAMS 0x0000000087a00000, 0x0000000087a00000| Untracked 
|  27|0x0000000087b00000, 0x0000000087b00000, 0x0000000087c00000|  0%| F|  |TAMS 0x0000000087b00000, 0x0000000087b00000| Untracked 
|  28|0x0000000087c00000, 0x0000000087c00000, 0x0000000087d00000|  0%| F|  |TAMS 0x0000000087c00000, 0x0000000087c00000| Untracked 
|  29|0x0000000087d00000, 0x0000000087d00000, 0x0000000087e00000|  0%| F|  |TAMS 0x0000000087d00000, 0x0000000087d00000| Untracked 
|  30|0x0000000087e00000, 0x0000000087e00000, 0x0000000087f00000|  0%| F|  |TAMS 0x0000000087e00000, 0x0000000087e00000| Untracked 
|  31|0x0000000087f00000, 0x0000000087f00000, 0x0000000088000000|  0%| F|  |TAMS 0x0000000087f00000, 0x0000000087f00000| Untracked 
|  32|0x0000000088000000, 0x0000000088000000, 0x0000000088100000|  0%| F|  |TAMS 0x0000000088000000, 0x0000000088000000| Untracked 
|  33|0x0000000088100000, 0x0000000088100000, 0x0000000088200000|  0%| F|  |TAMS 0x0000000088100000, 0x0000000088100000| Untracked 
|  34|0x0000000088200000, 0x0000000088200000, 0x0000000088300000|  0%| F|  |TAMS 0x0000000088200000, 0x0000000088200000| Untracked 
|  35|0x0000000088300000, 0x0000000088300000, 0x0000000088400000|  0%| F|  |TAMS 0x0000000088300000, 0x0000000088300000| Untracked 
|  36|0x0000000088400000, 0x0000000088400000, 0x0000000088500000|  0%| F|  |TAMS 0x0000000088400000, 0x0000000088400000| Untracked 
|  37|0x0000000088500000, 0x0000000088500000, 0x0000000088600000|  0%| F|  |TAMS 0x0000000088500000, 0x0000000088500000| Untracked 
|  38|0x0000000088600000, 0x0000000088600000, 0x0000000088700000|  0%| F|  |TAMS 0x0000000088600000, 0x0000000088600000| Untracked 
|  39|0x0000000088700000, 0x0000000088700000, 0x0000000088800000|  0%| F|  |TAMS 0x0000000088700000, 0x0000000088700000| Untracked 
|  40|0x0000000088800000, 0x0000000088800000, 0x0000000088900000|  0%| F|  |TAMS 0x0000000088800000, 0x0000000088800000| Untracked 
|  41|0x0000000088900000, 0x0000000088900000, 0x0000000088a00000|  0%| F|  |TAMS 0x0000000088900000, 0x0000000088900000| Untracked 
|  42|0x0000000088a00000, 0x0000000088a00000, 0x0000000088b00000|  0%| F|  |TAMS 0x0000000088a00000, 0x0000000088a00000| Untracked 
|  43|0x0000000088b00000, 0x0000000088b00000, 0x0000000088c00000|  0%| F|  |TAMS 0x0000000088b00000, 0x0000000088b00000| Untracked 
|  44|0x0000000088c00000, 0x0000000088c00000, 0x0000000088d00000|  0%| F|  |TAMS 0x0000000088c00000, 0x0000000088c00000| Untracked 
|  45|0x0000000088d00000, 0x0000000088d00000, 0x0000000088e00000|  0%| F|  |TAMS 0x0000000088d00000, 0x0000000088d00000| Untracked 
|  46|0x0000000088e00000, 0x0000000088e00000, 0x0000000088f00000|  0%| F|  |TAMS 0x0000000088e00000, 0x0000000088e00000| Untracked 
|  47|0x0000000088f00000, 0x0000000088f00000, 0x0000000089000000|  0%| F|  |TAMS 0x0000000088f00000, 0x0000000088f00000| Untracked 
|  48|0x0000000089000000, 0x0000000089000000, 0x0000000089100000|  0%| F|  |TAMS 0x0000000089000000, 0x0000000089000000| Untracked 
|  49|0x0000000089100000, 0x0000000089100000, 0x0000000089200000|  0%| F|  |TAMS 0x0000000089100000, 0x0000000089100000| Untracked 
|  50|0x0000000089200000, 0x0000000089200000, 0x0000000089300000|  0%| F|  |TAMS 0x0000000089200000, 0x0000000089200000| Untracked 
|  51|0x0000000089300000, 0x0000000089300000, 0x0000000089400000|  0%| F|  |TAMS 0x0000000089300000, 0x0000000089300000| Untracked 
|  52|0x0000000089400000, 0x0000000089400000, 0x0000000089500000|  0%| F|  |TAMS 0x0000000089400000, 0x0000000089400000| Untracked 
|  53|0x0000000089500000, 0x0000000089500000, 0x0000000089600000|  0%| F|  |TAMS 0x0000000089500000, 0x0000000089500000| Untracked 
|  54|0x0000000089600000, 0x0000000089600000, 0x0000000089700000|  0%| F|  |TAMS 0x0000000089600000, 0x0000000089600000| Untracked 
|  55|0x0000000089700000, 0x0000000089700000, 0x0000000089800000|  0%| F|  |TAMS 0x0000000089700000, 0x0000000089700000| Untracked 
|  56|0x0000000089800000, 0x0000000089800000, 0x0000000089900000|  0%| F|  |TAMS 0x0000000089800000, 0x0000000089800000| Untracked 
|  57|0x0000000089900000, 0x0000000089900000, 0x0000000089a00000|  0%| F|  |TAMS 0x0000000089900000, 0x0000000089900000| Untracked 
|  58|0x0000000089a00000, 0x0000000089a00000, 0x0000000089b00000|  0%| F|  |TAMS 0x0000000089a00000, 0x0000000089a00000| Untracked 
|  59|0x0000000089b00000, 0x0000000089b00000, 0x0000000089c00000|  0%| F|  |TAMS 0x0000000089b00000, 0x0000000089b00000| Untracked 
|  60|0x0000000089c00000, 0x0000000089c00000, 0x0000000089d00000|  0%| F|  |TAMS 0x0000000089c00000, 0x0000000089c00000| Untracked 
|  61|0x0000000089d00000, 0x0000000089d00000, 0x0000000089e00000|  0%| F|  |TAMS 0x0000000089d00000, 0x0000000089d00000| Untracked 
|  62|0x0000000089e00000, 0x0000000089e00000, 0x0000000089f00000|  0%| F|  |TAMS 0x0000000089e00000, 0x0000000089e00000| Untracked 
|  63|0x0000000089f00000, 0x0000000089f00000, 0x000000008a000000|  0%| F|  |TAMS 0x0000000089f00000, 0x0000000089f00000| Untracked 
|  64|0x000000008a000000, 0x000000008a000000, 0x000000008a100000|  0%| F|  |TAMS 0x000000008a000000, 0x000000008a000000| Untracked 
|  65|0x000000008a100000, 0x000000008a100000, 0x000000008a200000|  0%| F|  |TAMS 0x000000008a100000, 0x000000008a100000| Untracked 
|  66|0x000000008a200000, 0x000000008a200000, 0x000000008a300000|  0%| F|  |TAMS 0x000000008a200000, 0x000000008a200000| Untracked 
|  67|0x000000008a300000, 0x000000008a300000, 0x000000008a400000|  0%| F|  |TAMS 0x000000008a300000, 0x000000008a300000| Untracked 
|  68|0x000000008a400000, 0x000000008a400000, 0x000000008a500000|  0%| F|  |TAMS 0x000000008a400000, 0x000000008a400000| Untracked 
|  69|0x000000008a500000, 0x000000008a500000, 0x000000008a600000|  0%| F|  |TAMS 0x000000008a500000, 0x000000008a500000| Untracked 
|  70|0x000000008a600000, 0x000000008a600000, 0x000000008a700000|  0%| F|  |TAMS 0x000000008a600000, 0x000000008a600000| Untracked 
|  71|0x000000008a700000, 0x000000008a700000, 0x000000008a800000|  0%| F|  |TAMS 0x000000008a700000, 0x000000008a700000| Untracked 
|  72|0x000000008a800000, 0x000000008a800000, 0x000000008a900000|  0%| F|  |TAMS 0x000000008a800000, 0x000000008a800000| Untracked 
|  73|0x000000008a900000, 0x000000008a900000, 0x000000008aa00000|  0%| F|  |TAMS 0x000000008a900000, 0x000000008a900000| Untracked 
|  74|0x000000008aa00000, 0x000000008aa00000, 0x000000008ab00000|  0%| F|  |TAMS 0x000000008aa00000, 0x000000008aa00000| Untracked 
|  75|0x000000008ab00000, 0x000000008ab00000, 0x000000008ac00000|  0%| F|  |TAMS 0x000000008ab00000, 0x000000008ab00000| Untracked 
|  76|0x000000008ac00000, 0x000000008ac00000, 0x000000008ad00000|  0%| F|  |TAMS 0x000000008ac00000, 0x000000008ac00000| Untracked 
|  77|0x000000008ad00000, 0x000000008ad00000, 0x000000008ae00000|  0%| F|  |TAMS 0x000000008ad00000, 0x000000008ad00000| Untracked 
|  78|0x000000008ae00000, 0x000000008ae00000, 0x000000008af00000|  0%| F|  |TAMS 0x000000008ae00000, 0x000000008ae00000| Untracked 
|  79|0x000000008af00000, 0x000000008af00000, 0x000000008b000000|  0%| F|  |TAMS 0x000000008af00000, 0x000000008af00000| Untracked 
|  80|0x000000008b000000, 0x000000008b000000, 0x000000008b100000|  0%| F|  |TAMS 0x000000008b000000, 0x000000008b000000| Untracked 
|  81|0x000000008b100000, 0x000000008b100000, 0x000000008b200000|  0%| F|  |TAMS 0x000000008b100000, 0x000000008b100000| Untracked 
|  82|0x000000008b200000, 0x000000008b200000, 0x000000008b300000|  0%| F|  |TAMS 0x000000008b200000, 0x000000008b200000| Untracked 
|  83|0x000000008b300000, 0x000000008b300000, 0x000000008b400000|  0%| F|  |TAMS 0x000000008b300000, 0x000000008b300000| Untracked 
|  84|0x000000008b400000, 0x000000008b400000, 0x000000008b500000|  0%| F|  |TAMS 0x000000008b400000, 0x000000008b400000| Untracked 
|  85|0x000000008b500000, 0x000000008b500000, 0x000000008b600000|  0%| F|  |TAMS 0x000000008b500000, 0x000000008b500000| Untracked 
|  86|0x000000008b600000, 0x000000008b600000, 0x000000008b700000|  0%| F|  |TAMS 0x000000008b600000, 0x000000008b600000| Untracked 
|  87|0x000000008b700000, 0x000000008b700000, 0x000000008b800000|  0%| F|  |TAMS 0x000000008b700000, 0x000000008b700000| Untracked 
|  88|0x000000008b800000, 0x000000008b800000, 0x000000008b900000|  0%| F|  |TAMS 0x000000008b800000, 0x000000008b800000| Untracked 
|  89|0x000000008b900000, 0x000000008b900000, 0x000000008ba00000|  0%| F|  |TAMS 0x000000008b900000, 0x000000008b900000| Untracked 
|  90|0x000000008ba00000, 0x000000008ba00000, 0x000000008bb00000|  0%| F|  |TAMS 0x000000008ba00000, 0x000000008ba00000| Untracked 
|  91|0x000000008bb00000, 0x000000008bb00000, 0x000000008bc00000|  0%| F|  |TAMS 0x000000008bb00000, 0x000000008bb00000| Untracked 
|  92|0x000000008bc00000, 0x000000008bc00000, 0x000000008bd00000|  0%| F|  |TAMS 0x000000008bc00000, 0x000000008bc00000| Untracked 
|  93|0x000000008bd00000, 0x000000008bd00000, 0x000000008be00000|  0%| F|  |TAMS 0x000000008bd00000, 0x000000008bd00000| Untracked 
|  94|0x000000008be00000, 0x000000008be00000, 0x000000008bf00000|  0%| F|  |TAMS 0x000000008be00000, 0x000000008be00000| Untracked 
|  95|0x000000008bf00000, 0x000000008bf00000, 0x000000008c000000|  0%| F|  |TAMS 0x000000008bf00000, 0x000000008bf00000| Untracked 
|  96|0x000000008c000000, 0x000000008c000000, 0x000000008c100000|  0%| F|  |TAMS 0x000000008c000000, 0x000000008c000000| Untracked 
|  97|0x000000008c100000, 0x000000008c100000, 0x000000008c200000|  0%| F|  |TAMS 0x000000008c100000, 0x000000008c100000| Untracked 
|  98|0x000000008c200000, 0x000000008c200000, 0x000000008c300000|  0%| F|  |TAMS 0x000000008c200000, 0x000000008c200000| Untracked 
|  99|0x000000008c300000, 0x000000008c300000, 0x000000008c400000|  0%| F|  |TAMS 0x000000008c300000, 0x000000008c300000| Untracked 
| 100|0x000000008c400000, 0x000000008c400000, 0x000000008c500000|  0%| F|  |TAMS 0x000000008c400000, 0x000000008c400000| Untracked 
| 101|0x000000008c500000, 0x000000008c500000, 0x000000008c600000|  0%| F|  |TAMS 0x000000008c500000, 0x000000008c500000| Untracked 
| 102|0x000000008c600000, 0x000000008c600000, 0x000000008c700000|  0%| F|  |TAMS 0x000000008c600000, 0x000000008c600000| Untracked 
| 103|0x000000008c700000, 0x000000008c700000, 0x000000008c800000|  0%| F|  |TAMS 0x000000008c700000, 0x000000008c700000| Untracked 
| 104|0x000000008c800000, 0x000000008c800000, 0x000000008c900000|  0%| F|  |TAMS 0x000000008c800000, 0x000000008c800000| Untracked 
| 105|0x000000008c900000, 0x000000008c900000, 0x000000008ca00000|  0%| F|  |TAMS 0x000000008c900000, 0x000000008c900000| Untracked 
| 106|0x000000008ca00000, 0x000000008ca00000, 0x000000008cb00000|  0%| F|  |TAMS 0x000000008ca00000, 0x000000008ca00000| Untracked 
| 107|0x000000008cb00000, 0x000000008cb00000, 0x000000008cc00000|  0%| F|  |TAMS 0x000000008cb00000, 0x000000008cb00000| Untracked 
| 108|0x000000008cc00000, 0x000000008cc00000, 0x000000008cd00000|  0%| F|  |TAMS 0x000000008cc00000, 0x000000008cc00000| Untracked 
| 109|0x000000008cd00000, 0x000000008cd00000, 0x000000008ce00000|  0%| F|  |TAMS 0x000000008cd00000, 0x000000008cd00000| Untracked 
| 110|0x000000008ce00000, 0x000000008ce00800, 0x000000008cf00000|  0%| E|  |TAMS 0x000000008ce00000, 0x000000008ce00000| Complete 
| 111|0x000000008cf00000, 0x000000008d000000, 0x000000008d000000|100%| E|CS|TAMS 0x000000008cf00000, 0x000000008cf00000| Complete 
| 112|0x000000008d000000, 0x000000008d100000, 0x000000008d100000|100%| E|CS|TAMS 0x000000008d000000, 0x000000008d000000| Complete 
| 113|0x000000008d100000, 0x000000008d200000, 0x000000008d200000|100%| E|CS|TAMS 0x000000008d100000, 0x000000008d100000| Complete 
| 114|0x000000008d200000, 0x000000008d300000, 0x000000008d300000|100%| E|CS|TAMS 0x000000008d200000, 0x000000008d200000| Complete 
| 115|0x000000008d300000, 0x000000008d400000, 0x000000008d400000|100%| E|CS|TAMS 0x000000008d300000, 0x000000008d300000| Complete 
| 116|0x000000008d400000, 0x000000008d500000, 0x000000008d500000|100%| E|CS|TAMS 0x000000008d400000, 0x000000008d400000| Complete 
| 117|0x000000008d500000, 0x000000008d600000, 0x000000008d600000|100%| E|CS|TAMS 0x000000008d500000, 0x000000008d500000| Complete 
| 118|0x000000008d600000, 0x000000008d700000, 0x000000008d700000|100%| E|  |TAMS 0x000000008d600000, 0x000000008d600000| Complete 
| 119|0x000000008d700000, 0x000000008d800000, 0x000000008d800000|100%| E|CS|TAMS 0x000000008d700000, 0x000000008d700000| Complete 
| 120|0x000000008d800000, 0x000000008d900000, 0x000000008d900000|100%| E|CS|TAMS 0x000000008d800000, 0x000000008d800000| Complete 
| 121|0x000000008d900000, 0x000000008da00000, 0x000000008da00000|100%| E|CS|TAMS 0x000000008d900000, 0x000000008d900000| Complete 
|1950|0x00000000ffe00000, 0x00000000ffe48000, 0x00000000fff00000| 28%|OA|  |TAMS 0x00000000ffe00000, 0x00000000ffe00000| Untracked 
|1951|0x00000000fff00000, 0x00000000fff6c000, 0x0000000100000000| 42%|CA|  |TAMS 0x00000000fff00000, 0x00000000fff00000| Untracked 

Card table byte_map: [0x00007fa63b25a000,0x00007fa63b62a000] _byte_map_base: 0x00007fa63ae2a000

Marking Bits (Prev, Next): (CMBitMap*) 0x00007fa658059478, (CMBitMap*) 0x00007fa6580594b0
 Prev Bits: [0x00007fa63900a000, 0x00007fa63ae8a000)
 Next Bits: [0x00007fa63718a000, 0x00007fa63900a000)

Polling page: 0x00007fa65dfc9000

Metaspace:

Usage:
  Non-class:      5.76 MB capacity,     3.30 MB ( 57%) used,     2.45 MB ( 43%) free+waste,     5.62 KB ( <1%) overhead. 
      Class:    681.00 KB capacity,   395.22 KB ( 58%) used,   282.91 KB ( 42%) free+waste,     2.88 KB ( <1%) overhead. 
       Both:      6.42 MB capacity,     3.69 MB ( 57%) used,     2.73 MB ( 42%) free+waste,     8.50 KB ( <1%) overhead. 

Virtual space:
  Non-class space:        8.00 MB reserved,       6.00 MB ( 75%) committed 
      Class space:        1.00 GB reserved,     768.00 KB ( <1%) committed 
             Both:        1.01 GB reserved,       6.75 MB ( <1%) committed 

Chunk freelists:
   Non-Class:  2.00 KB
       Class:  0 bytes
        Both:  2.00 KB

MaxMetaspaceSize: unlimited
CompressedClassSpaceSize: 1.00 GB
Initial GC threshold: 20.80 MB
Current GC threshold: 20.80 MB
CDS: on

CodeHeap 'non-profiled nmethods': size=119172Kb used=223Kb max_used=223Kb free=118948Kb
 bounds [0x00007fa64835e000, 0x00007fa6485ce000, 0x00007fa64f7bf000]
CodeHeap 'profiled nmethods': size=119168Kb used=1765Kb max_used=1765Kb free=117403Kb
 bounds [0x00007fa640efe000, 0x00007fa64116e000, 0x00007fa64835e000]
CodeHeap 'non-nmethods': size=7420Kb used=1202Kb max_used=1775Kb free=6217Kb
 bounds [0x00007fa6407bf000, 0x00007fa640a2f000, 0x00007fa640efe000]
 total_blobs=1279 nmethods=881 adapters=320
 compilation: enabled
              stopped_count=0, restarted_count=0
 full_count=0

Compilation events (20 events):
Event: 1.791 Thread 0x00007fa60805d000  871       3       java.util.regex.Pattern::has (15 bytes)
Event: 1.792 Thread 0x00007fa65814e000  872       3       java.lang.Character::getType (9 bytes)
Event: 1.792 Thread 0x00007fa60805d000 nmethod 871 0x00007fa6410b4d10 code [0x00007fa6410b4ec0, 0x00007fa6410b5030]
Event: 1.792 Thread 0x00007fa60805d000  873       3       java.lang.CharacterDataLatin1::getType (11 bytes)
Event: 1.792 Thread 0x00007fa65814e000 nmethod 872 0x00007fa6410b5090 code [0x00007fa6410b5260, 0x00007fa6410b5450]
Event: 1.792 Thread 0x00007fa65814e000  874       3       java.lang.Character::charCount (12 bytes)
Event: 1.792 Thread 0x00007fa60805d000 nmethod 873 0x00007fa6410b5510 code [0x00007fa6410b56c0, 0x00007fa6410b5890]
Event: 1.792 Thread 0x00007fa65814e000 nmethod 874 0x00007fa6410b5990 code [0x00007fa6410b5b40, 0x00007fa6410b5c70]
Event: 2.946 Thread 0x00007fa60805d000  876       1       java.util.HashMap::size (5 bytes)
Event: 2.946 Thread 0x00007fa65814e000  877       3       java.util.HashMap$EntryIterator::next (5 bytes)
Event: 2.946 Thread 0x00007fa60805d000 nmethod 876 0x00007fa648395990 code [0x00007fa648395b40, 0x00007fa648395c10]
Event: 2.946 Thread 0x00007fa65814e000 nmethod 877 0x00007fa6410b5d10 code [0x00007fa6410b5ee0, 0x00007fa6410b6080]
Event: 2.946 Thread 0x00007fa60805d000  879       3       org.bytedeco.javacpp.Pointer::hashCode (6 bytes)
Event: 2.946 Thread 0x00007fa65814e000  878       3       java.util.HashMap$EntryIterator::next (5 bytes)
Event: 2.946 Thread 0x00007fa60805d000 nmethod 879 0x00007fa6410b6190 code [0x00007fa6410b6340, 0x00007fa6410b6450]
Event: 2.946 Thread 0x00007fa65814e000 nmethod 878 0x00007fa6410b6510 code [0x00007fa6410b66c0, 0x00007fa6410b6800]
Event: 4.128 Thread 0x00007fa60805d000  880       3       java.lang.StringCoding::decodeUTF8 (39 bytes)
Event: 4.128 Thread 0x00007fa60805d000 nmethod 880 0x00007fa6410b6890 code [0x00007fa6410b6a80, 0x00007fa6410b6d90]
Event: 4.163 Thread 0x00007fa65814e000  881       3       java.lang.Integer::numberOfLeadingZeros (78 bytes)
Event: 4.163 Thread 0x00007fa65814e000 nmethod 881 0x00007fa6410b6f10 code [0x00007fa6410b70c0, 0x00007fa6410b7350]

GC Heap History (0 events):
No events

Deoptimization events (20 events):
Event: 1.509 Thread 0x00007fa658016800 DEOPT PACKING pc=0x00007fa640f891f4 sp=0x00007fa65c7557d0
Event: 1.509 Thread 0x00007fa658016800 DEOPT UNPACKING pc=0x00007fa64080964a sp=0x00007fa65c754d38 mode 1
Event: 1.511 Thread 0x00007fa658016800 DEOPT PACKING pc=0x00007fa640f5ca7e sp=0x00007fa65c755510
Event: 1.511 Thread 0x00007fa658016800 DEOPT UNPACKING pc=0x00007fa64080964a sp=0x00007fa65c754998 mode 0
Event: 1.511 Thread 0x00007fa658016800 DEOPT PACKING pc=0x00007fa640f891f4 sp=0x00007fa65c7557d0
Event: 1.511 Thread 0x00007fa658016800 DEOPT UNPACKING pc=0x00007fa64080964a sp=0x00007fa65c754d38 mode 1
Event: 1.516 Thread 0x00007fa658016800 Uncommon trap: trap_request=0xffffff4d fr.pc=0x00007fa6483820dc relative=0x000000000000019c
Event: 1.516 Thread 0x00007fa658016800 Uncommon trap: reason=unstable_if action=reinterpret pc=0x00007fa6483820dc method=java.util.zip.ZipFile$Source.isMetaName([BII)Z @ 57 c2
Event: 1.516 Thread 0x00007fa658016800 DEOPT PACKING pc=0x00007fa6483820dc sp=0x00007fa65c7521d0
Event: 1.516 Thread 0x00007fa658016800 DEOPT UNPACKING pc=0x00007fa640808ea5 sp=0x00007fa65c752198 mode 2
Event: 1.537 Thread 0x00007fa658016800 DEOPT PACKING pc=0x00007fa640fe058a sp=0x00007fa65c755460
Event: 1.537 Thread 0x00007fa658016800 DEOPT UNPACKING pc=0x00007fa64080964a sp=0x00007fa65c754908 mode 0
Event: 1.685 Thread 0x00007fa658016800 DEOPT PACKING pc=0x00007fa640f37f62 sp=0x00007fa65c753ce0
Event: 1.685 Thread 0x00007fa658016800 DEOPT UNPACKING pc=0x00007fa64080964a sp=0x00007fa65c7531f0 mode 0
Event: 1.772 Thread 0x00007fa658016800 Uncommon trap: trap_request=0xffffff76 fr.pc=0x00007fa6483680e8 relative=0x0000000000000148
Event: 1.772 Thread 0x00007fa658016800 Uncommon trap: reason=loop_limit_check action=maybe_recompile pc=0x00007fa6483680e8 method=java.lang.StringLatin1.lastIndexOf([BII)I @ 19 c2
Event: 1.772 Thread 0x00007fa658016800 DEOPT PACKING pc=0x00007fa6483680e8 sp=0x00007fa65c756260
Event: 1.772 Thread 0x00007fa658016800 DEOPT UNPACKING pc=0x00007fa640808ea5 sp=0x00007fa65c756210 mode 2
Event: 4.128 Thread 0x00007fa658016800 DEOPT PACKING pc=0x00007fa640ff8875 sp=0x00007fa65c755c50
Event: 4.128 Thread 0x00007fa658016800 DEOPT UNPACKING pc=0x00007fa64080964a sp=0x00007fa65c7550f0 mode 0

Classes redefined (0 events):
No events

Internal exceptions (20 events):
Event: 1.511 Thread 0x00007fa658016800 Exception <a 'java/security/PrivilegedActionException'{0x000000008d34d508}> (0x000000008d34d508) thrown at [./src/hotspot/share/prims/jvm.cpp, line 1304]
Event: 1.511 Thread 0x00007fa658016800 Exception <a 'java/security/PrivilegedActionException'{0x000000008d34d7d8}> (0x000000008d34d7d8) thrown at [./src/hotspot/share/prims/jvm.cpp, line 1304]
Event: 1.511 Thread 0x00007fa658016800 Exception <a 'java/security/PrivilegedActionException'{0x000000008d34e1e8}> (0x000000008d34e1e8) thrown at [./src/hotspot/share/prims/jvm.cpp, line 1304]
Event: 1.511 Thread 0x00007fa658016800 Exception <a 'java/security/PrivilegedActionException'{0x000000008d34e4b8}> (0x000000008d34e4b8) thrown at [./src/hotspot/share/prims/jvm.cpp, line 1304]
Event: 1.511 Thread 0x00007fa658016800 Exception <a 'java/security/PrivilegedActionException'{0x000000008d34eee8}> (0x000000008d34eee8) thrown at [./src/hotspot/share/prims/jvm.cpp, line 1304]
Event: 1.511 Thread 0x00007fa658016800 Exception <a 'java/security/PrivilegedActionException'{0x000000008d34f1b8}> (0x000000008d34f1b8) thrown at [./src/hotspot/share/prims/jvm.cpp, line 1304]
Event: 1.511 Thread 0x00007fa658016800 Exception <a 'java/security/PrivilegedActionException'{0x000000008d34fbd0}> (0x000000008d34fbd0) thrown at [./src/hotspot/share/prims/jvm.cpp, line 1304]
Event: 1.511 Thread 0x00007fa658016800 Exception <a 'java/security/PrivilegedActionException'{0x000000008d34fea0}> (0x000000008d34fea0) thrown at [./src/hotspot/share/prims/jvm.cpp, line 1304]
Event: 1.511 Thread 0x00007fa658016800 Exception <a 'java/security/PrivilegedActionException'{0x000000008d3508b8}> (0x000000008d3508b8) thrown at [./src/hotspot/share/prims/jvm.cpp, line 1304]
Event: 1.511 Thread 0x00007fa658016800 Exception <a 'java/security/PrivilegedActionException'{0x000000008d350b88}> (0x000000008d350b88) thrown at [./src/hotspot/share/prims/jvm.cpp, line 1304]
Event: 1.511 Thread 0x00007fa658016800 Exception <a 'java/security/PrivilegedActionException'{0x000000008d3515c0}> (0x000000008d3515c0) thrown at [./src/hotspot/share/prims/jvm.cpp, line 1304]
Event: 1.511 Thread 0x00007fa658016800 Exception <a 'java/security/PrivilegedActionException'{0x000000008d351890}> (0x000000008d351890) thrown at [./src/hotspot/share/prims/jvm.cpp, line 1304]
Event: 1.511 Thread 0x00007fa658016800 Exception <a 'java/security/PrivilegedActionException'{0x000000008d3522c0}> (0x000000008d3522c0) thrown at [./src/hotspot/share/prims/jvm.cpp, line 1304]
Event: 1.511 Thread 0x00007fa658016800 Exception <a 'java/security/PrivilegedActionException'{0x000000008d352590}> (0x000000008d352590) thrown at [./src/hotspot/share/prims/jvm.cpp, line 1304]
Event: 1.511 Thread 0x00007fa658016800 Exception <a 'java/security/PrivilegedActionException'{0x000000008d352fc8}> (0x000000008d352fc8) thrown at [./src/hotspot/share/prims/jvm.cpp, line 1304]
Event: 1.511 Thread 0x00007fa658016800 Exception <a 'java/security/PrivilegedActionException'{0x000000008d353298}> (0x000000008d353298) thrown at [./src/hotspot/share/prims/jvm.cpp, line 1304]
Event: 1.511 Thread 0x00007fa658016800 Exception <a 'java/security/PrivilegedActionException'{0x000000008d353cb0}> (0x000000008d353cb0) thrown at [./src/hotspot/share/prims/jvm.cpp, line 1304]
Event: 1.511 Thread 0x00007fa658016800 Exception <a 'java/security/PrivilegedActionException'{0x000000008d353f80}> (0x000000008d353f80) thrown at [./src/hotspot/share/prims/jvm.cpp, line 1304]
Event: 1.511 Thread 0x00007fa658016800 Exception <a 'java/security/PrivilegedActionException'{0x000000008d3549d0}> (0x000000008d3549d0) thrown at [./src/hotspot/share/prims/jvm.cpp, line 1304]
Event: 1.511 Thread 0x00007fa658016800 Exception <a 'java/security/PrivilegedActionException'{0x000000008d354ca0}> (0x000000008d354ca0) thrown at [./src/hotspot/share/prims/jvm.cpp, line 1304]

Events (20 events):
Event: 18.807 Executing VM operation: ChangeBreakpoints done
Event: 18.807 Executing VM operation: ChangeBreakpoints
Event: 18.808 Executing VM operation: ChangeBreakpoints done
Event: 18.808 Executing VM operation: ChangeBreakpoints
Event: 18.808 Executing VM operation: ChangeBreakpoints done
Event: 18.808 Executing VM operation: ChangeBreakpoints
Event: 18.808 Executing VM operation: ChangeBreakpoints done
Event: 18.808 Executing VM operation: ChangeBreakpoints
Event: 18.808 Executing VM operation: ChangeBreakpoints done
Event: 18.808 Executing VM operation: ChangeBreakpoints
Event: 18.808 Executing VM operation: ChangeBreakpoints done
Event: 18.809 Thread 0x00007fa5f4001800 Thread added: 0x00007fa5f4001800
Event: 18.809 Protecting memory [0x00007fa62e8fc000,0x00007fa62e900000] with protection modes 0
Event: 18.809 Thread 0x00007fa65819c800 Thread exited: 0x00007fa65819c800
Event: 18.811 loading class jdk/internal/misc/Signal$1
Event: 18.811 loading class jdk/internal/misc/Signal$1 done
Event: 18.811 Thread 0x00007fa60c001000 Thread added: 0x00007fa60c001000
Event: 18.811 Protecting memory [0x00007fa62eafc000,0x00007fa62eb00000] with protection modes 0
Event: 18.812 Thread 0x00007fa658147800 Thread exited: 0x00007fa658147800
Event: 18.812 Executing VM operation: Exit


Dynamic libraries:
86000000-8da00000 rw-p 00000000 00:00 0 
8da00000-ffe00000 ---p 00000000 00:00 0 
ffe00000-ffe48000 rw-p 00b14000 08:20 29394                              /usr/lib/jvm/java-11-openjdk-amd64/lib/server/classes.jsa
ffe48000-fff00000 rw-p 00000000 00:00 0 
fff00000-fff6c000 rw-p 00aa8000 08:20 29394                              /usr/lib/jvm/java-11-openjdk-amd64/lib/server/classes.jsa
fff6c000-100000000 rw-p 00000000 00:00 0 
800000000-800002000 rwxp 00001000 08:20 29394                            /usr/lib/jvm/java-11-openjdk-amd64/lib/server/classes.jsa
800002000-800aa7000 rw-p 00003000 08:20 29394                            /usr/lib/jvm/java-11-openjdk-amd64/lib/server/classes.jsa
840000000-8400c0000 rw-p 00000000 00:00 0 
8400c0000-880000000 ---p 00000000 00:00 0 
563a13bbf000-563a13bc0000 r--p 00000000 08:20 58380                      /usr/lib/jvm/java-11-openjdk-amd64/bin/java
563a13bc0000-563a13bc1000 r-xp 00001000 08:20 58380                      /usr/lib/jvm/java-11-openjdk-amd64/bin/java
563a13bc1000-563a13bc2000 r--p 00002000 08:20 58380                      /usr/lib/jvm/java-11-openjdk-amd64/bin/java
563a13bc2000-563a13bc3000 r--p 00002000 08:20 58380                      /usr/lib/jvm/java-11-openjdk-amd64/bin/java
563a13bc3000-563a13bc4000 rw-p 00003000 08:20 58380                      /usr/lib/jvm/java-11-openjdk-amd64/bin/java
563a21e9b000-563a21ebc000 rw-p 00000000 00:00 0                          [heap]
7fa5d552c000-7fa5d5e52000 r--p 00000000 08:20 227212                     /home/itshandable/.javacpp/cache/llvm-13.0.1-1.5.7-linux-x86_64.jar/org/bytedeco/llvm/linux-x86_64/libLLVM-13.so
7fa5d5e52000-7fa5d9815000 r-xp 00926000 08:20 227212                     /home/itshandable/.javacpp/cache/llvm-13.0.1-1.5.7-linux-x86_64.jar/org/bytedeco/llvm/linux-x86_64/libLLVM-13.so
7fa5d9815000-7fa5dba6a000 r--p 042e9000 08:20 227212                     /home/itshandable/.javacpp/cache/llvm-13.0.1-1.5.7-linux-x86_64.jar/org/bytedeco/llvm/linux-x86_64/libLLVM-13.so
7fa5dba6a000-7fa5dbf7f000 r--p 0653d000 08:20 227212                     /home/itshandable/.javacpp/cache/llvm-13.0.1-1.5.7-linux-x86_64.jar/org/bytedeco/llvm/linux-x86_64/libLLVM-13.so
7fa5dbf7f000-7fa5dbf8a000 rw-p 06a52000 08:20 227212                     /home/itshandable/.javacpp/cache/llvm-13.0.1-1.5.7-linux-x86_64.jar/org/bytedeco/llvm/linux-x86_64/libLLVM-13.so
7fa5dbf8a000-7fa5dc000000 rw-p 00000000 00:00 0 
7fa5dc000000-7fa5dc028000 rw-p 00000000 00:00 0 
7fa5dc028000-7fa5e0000000 ---p 00000000 00:00 0 
7fa5e4000000-7fa5e4485000 rw-p 00000000 00:00 0 
7fa5e4485000-7fa5e8000000 ---p 00000000 00:00 0 
7fa5e8000000-7fa5e8021000 rw-p 00000000 00:00 0 
7fa5e8021000-7fa5ec000000 ---p 00000000 00:00 0 
7fa5ec000000-7fa5ec021000 rw-p 00000000 00:00 0 
7fa5ec021000-7fa5f0000000 ---p 00000000 00:00 0 
7fa5f0000000-7fa5f0021000 rw-p 00000000 00:00 0 
7fa5f0021000-7fa5f4000000 ---p 00000000 00:00 0 
7fa5f4000000-7fa5f405d000 rw-p 00000000 00:00 0 
7fa5f405d000-7fa5f8000000 ---p 00000000 00:00 0 
7fa5f8000000-7fa5f8021000 rw-p 00000000 00:00 0 
7fa5f8021000-7fa5fc000000 ---p 00000000 00:00 0 
7fa5fc000000-7fa5fc021000 rw-p 00000000 00:00 0 
7fa5fc021000-7fa600000000 ---p 00000000 00:00 0 
7fa600000000-7fa60004c000 rw-p 00000000 00:00 0 
7fa60004c000-7fa604000000 ---p 00000000 00:00 0 
7fa604000000-7fa60410a000 rw-p 00000000 00:00 0 
7fa60410a000-7fa608000000 ---p 00000000 00:00 0 
7fa608000000-7fa6080ff000 rw-p 00000000 00:00 0 
7fa6080ff000-7fa60c000000 ---p 00000000 00:00 0 
7fa60c000000-7fa60c021000 rw-p 00000000 00:00 0 
7fa60c021000-7fa610000000 ---p 00000000 00:00 0 
7fa610000000-7fa610021000 rw-p 00000000 00:00 0 
7fa610021000-7fa614000000 ---p 00000000 00:00 0 
7fa614000000-7fa614021000 rw-p 00000000 00:00 0 
7fa614021000-7fa618000000 ---p 00000000 00:00 0 
7fa618000000-7fa618021000 rw-p 00000000 00:00 0 
7fa618021000-7fa61c000000 ---p 00000000 00:00 0 
7fa61c000000-7fa61c021000 rw-p 00000000 00:00 0 
7fa61c021000-7fa620000000 ---p 00000000 00:00 0 
7fa620000000-7fa620021000 rw-p 00000000 00:00 0 
7fa620021000-7fa624000000 ---p 00000000 00:00 0 
7fa624000000-7fa624021000 rw-p 00000000 00:00 0 
7fa624021000-7fa628000000 ---p 00000000 00:00 0 
7fa628000000-7fa628021000 rw-p 00000000 00:00 0 
7fa628021000-7fa62c000000 ---p 00000000 00:00 0 
7fa62e3f5000-7fa62e45a000 r--p 00000000 08:20 227234                     /home/itshandable/.javacpp/cache/llvm-13.0.1-1.5.7-linux-x86_64.jar/org/bytedeco/llvm/linux-x86_64/libjniLLVM.so
7fa62e45a000-7fa62e4c8000 r-xp 00065000 08:20 227234                     /home/itshandable/.javacpp/cache/llvm-13.0.1-1.5.7-linux-x86_64.jar/org/bytedeco/llvm/linux-x86_64/libjniLLVM.so
7fa62e4c8000-7fa62e4f3000 r--p 000d3000 08:20 227234                     /home/itshandable/.javacpp/cache/llvm-13.0.1-1.5.7-linux-x86_64.jar/org/bytedeco/llvm/linux-x86_64/libjniLLVM.so
7fa62e4f3000-7fa62e4f6000 r--p 000fd000 08:20 227234                     /home/itshandable/.javacpp/cache/llvm-13.0.1-1.5.7-linux-x86_64.jar/org/bytedeco/llvm/linux-x86_64/libjniLLVM.so
7fa62e4f6000-7fa62e4f9000 rw-p 00100000 08:20 227234                     /home/itshandable/.javacpp/cache/llvm-13.0.1-1.5.7-linux-x86_64.jar/org/bytedeco/llvm/linux-x86_64/libjniLLVM.so
7fa62e4f9000-7fa62e4fb000 rw-p 00000000 00:00 0 
7fa62e4fb000-7fa62e4ff000 ---p 00000000 00:00 0 
7fa62e4ff000-7fa62e5fb000 rw-p 00000000 00:00 0 
7fa62e5fb000-7fa62e5ff000 ---p 00000000 00:00 0 
7fa62e5ff000-7fa62e6fb000 rw-p 00000000 00:00 0 
7fa62e6fb000-7fa62e6ff000 ---p 00000000 00:00 0 
7fa62e6ff000-7fa62e7fb000 rw-p 00000000 00:00 0 
7fa62e7fb000-7fa62e7fc000 ---p 00000000 00:00 0 
7fa62e7fc000-7fa62e8fc000 rw-p 00000000 00:00 0 
7fa62e8fc000-7fa62e900000 ---p 00000000 00:00 0 
7fa62e900000-7fa62e9fc000 rw-p 00000000 00:00 0 
7fa62e9fc000-7fa62ea00000 ---p 00000000 00:00 0 
7fa62ea00000-7fa62eafc000 rw-p 00000000 00:00 0 
7fa62eafc000-7fa62eb00000 ---p 00000000 00:00 0 
7fa62eb00000-7fa62ebfc000 rw-p 00000000 00:00 0 
7fa62ebfc000-7fa62ec00000 ---p 00000000 00:00 0 
7fa62ec00000-7fa62ecfc000 rw-p 00000000 00:00 0 
7fa62ecfc000-7fa62ed00000 ---p 00000000 00:00 0 
7fa62ed00000-7fa62edfc000 rw-p 00000000 00:00 0 
7fa62edfc000-7fa62ee00000 ---p 00000000 00:00 0 
7fa62ee00000-7fa62eefc000 rw-p 00000000 00:00 0 
7fa62eefc000-7fa62ef00000 ---p 00000000 00:00 0 
7fa62ef00000-7fa62effc000 rw-p 00000000 00:00 0 
7fa62effc000-7fa62f000000 ---p 00000000 00:00 0 
7fa62f000000-7fa62f0fc000 rw-p 00000000 00:00 0 
7fa62f0fc000-7fa62f100000 ---p 00000000 00:00 0 
7fa62f100000-7fa62f1fc000 rw-p 00000000 00:00 0 
7fa62f1fc000-7fa62f200000 ---p 00000000 00:00 0 
7fa62f200000-7fa62f2fc000 rw-p 00000000 00:00 0 
7fa62f2fc000-7fa62f300000 ---p 00000000 00:00 0 
7fa62f300000-7fa62f3fc000 rw-p 00000000 00:00 0 
7fa62f3fc000-7fa62f3fd000 ---p 00000000 00:00 0 
7fa62f3fd000-7fa62fafd000 rw-p 00000000 00:00 0 
7fa62fafd000-7fa62fcfd000 ---p 00000000 00:00 0 
7fa62fcfd000-7fa62fcfe000 ---p 00000000 00:00 0 
7fa62fcfe000-7fa62fdfe000 rw-p 00000000 00:00 0 
7fa62fdfe000-7fa62fdff000 ---p 00000000 00:00 0 
7fa62fdff000-7fa630000000 rw-p 00000000 00:00 0 
7fa630000000-7fa630021000 rw-p 00000000 00:00 0 
7fa630021000-7fa634000000 ---p 00000000 00:00 0 
7fa634039000-7fa63403a000 r--p 00000000 08:20 227228                     /home/itshandable/.javacpp/cache/llvm-13.0.1-1.5.7-linux-x86_64.jar/org/bytedeco/llvm/linux-x86_64/libRemarks.so.13
7fa63403a000-7fa63403b000 r-xp 00001000 08:20 227228                     /home/itshandable/.javacpp/cache/llvm-13.0.1-1.5.7-linux-x86_64.jar/org/bytedeco/llvm/linux-x86_64/libRemarks.so.13
7fa63403b000-7fa63403c000 r--p 00002000 08:20 227228                     /home/itshandable/.javacpp/cache/llvm-13.0.1-1.5.7-linux-x86_64.jar/org/bytedeco/llvm/linux-x86_64/libRemarks.so.13
7fa63403c000-7fa63403d000 r--p 00002000 08:20 227228                     /home/itshandable/.javacpp/cache/llvm-13.0.1-1.5.7-linux-x86_64.jar/org/bytedeco/llvm/linux-x86_64/libRemarks.so.13
7fa63403d000-7fa63403e000 rw-p 00003000 08:20 227228                     /home/itshandable/.javacpp/cache/llvm-13.0.1-1.5.7-linux-x86_64.jar/org/bytedeco/llvm/linux-x86_64/libRemarks.so.13
7fa63403e000-7fa634045000 r--p 00000000 08:20 227217                     /home/itshandable/.javacpp/cache/llvm-13.0.1-1.5.7-linux-x86_64.jar/org/bytedeco/llvm/linux-x86_64/libLTO.so.13
7fa634045000-7fa63404d000 r-xp 00007000 08:20 227217                     /home/itshandable/.javacpp/cache/llvm-13.0.1-1.5.7-linux-x86_64.jar/org/bytedeco/llvm/linux-x86_64/libLTO.so.13
7fa63404d000-7fa63404f000 r--p 0000f000 08:20 227217                     /home/itshandable/.javacpp/cache/llvm-13.0.1-1.5.7-linux-x86_64.jar/org/bytedeco/llvm/linux-x86_64/libLTO.so.13
7fa63404f000-7fa634050000 r--p 00010000 08:20 227217                     /home/itshandable/.javacpp/cache/llvm-13.0.1-1.5.7-linux-x86_64.jar/org/bytedeco/llvm/linux-x86_64/libLTO.so.13
7fa634050000-7fa634051000 rw-p 00011000 08:20 227217                     /home/itshandable/.javacpp/cache/llvm-13.0.1-1.5.7-linux-x86_64.jar/org/bytedeco/llvm/linux-x86_64/libLTO.so.13
7fa634051000-7fa636e90000 rw-p 00000000 00:00 0 
7fa636e90000-7fa636e91000 ---p 00000000 00:00 0 
7fa636e91000-7fa636f91000 rw-p 00000000 00:00 0 
7fa636f91000-7fa636f92000 ---p 00000000 00:00 0 
7fa636f92000-7fa637372000 rw-p 00000000 00:00 0 
7fa637372000-7fa639002000 ---p 00000000 00:00 0 
7fa639002000-7fa6391f2000 rw-p 00000000 00:00 0 
7fa6391f2000-7fa63ae82000 ---p 00000000 00:00 0 
7fa63ae82000-7fa63aec7000 rw-p 00000000 00:00 0 
7fa63aec7000-7fa63b259000 ---p 00000000 00:00 0 
7fa63b259000-7fa63b297000 rw-p 00000000 00:00 0 
7fa63b297000-7fa63b629000 ---p 00000000 00:00 0 
7fa63b629000-7fa63b667000 rw-p 00000000 00:00 0 
7fa63b667000-7fa63b9f9000 ---p 00000000 00:00 0 
7fa63b9f9000-7fa63c000000 rw-p 00000000 00:00 0 
7fa63c000000-7fa63c021000 rw-p 00000000 00:00 0 
7fa63c021000-7fa640000000 ---p 00000000 00:00 0 
7fa640001000-7fa640002000 r--p 00000000 08:20 64938                      /usr/lib/x86_64-linux-gnu/libdl.so.2
7fa640002000-7fa640003000 r-xp 00001000 08:20 64938                      /usr/lib/x86_64-linux-gnu/libdl.so.2
7fa640003000-7fa640004000 r--p 00002000 08:20 64938                      /usr/lib/x86_64-linux-gnu/libdl.so.2
7fa640004000-7fa640005000 r--p 00002000 08:20 64938                      /usr/lib/x86_64-linux-gnu/libdl.so.2
7fa640005000-7fa640006000 rw-p 00003000 08:20 64938                      /usr/lib/x86_64-linux-gnu/libdl.so.2
7fa640006000-7fa640007000 r--p 00000000 08:20 64948                      /usr/lib/x86_64-linux-gnu/libpthread.so.0
7fa640007000-7fa640008000 r-xp 00001000 08:20 64948                      /usr/lib/x86_64-linux-gnu/libpthread.so.0
7fa640008000-7fa640009000 r--p 00002000 08:20 64948                      /usr/lib/x86_64-linux-gnu/libpthread.so.0
7fa640009000-7fa64000a000 r--p 00002000 08:20 64948                      /usr/lib/x86_64-linux-gnu/libpthread.so.0
7fa64000a000-7fa64000b000 rw-p 00003000 08:20 64948                      /usr/lib/x86_64-linux-gnu/libpthread.so.0
7fa64000b000-7fa64000f000 r--p 00000000 08:20 58728                      /usr/lib/jvm/java-11-openjdk-amd64/lib/libnet.so
7fa64000f000-7fa64001d000 r-xp 00004000 08:20 58728                      /usr/lib/jvm/java-11-openjdk-amd64/lib/libnet.so
7fa64001d000-7fa640021000 r--p 00012000 08:20 58728                      /usr/lib/jvm/java-11-openjdk-amd64/lib/libnet.so
7fa640021000-7fa640022000 r--p 00015000 08:20 58728                      /usr/lib/jvm/java-11-openjdk-amd64/lib/libnet.so
7fa640022000-7fa640023000 rw-p 00016000 08:20 58728                      /usr/lib/jvm/java-11-openjdk-amd64/lib/libnet.so
7fa640023000-7fa64002a000 r--p 00000000 08:20 58729                      /usr/lib/jvm/java-11-openjdk-amd64/lib/libnio.so
7fa64002a000-7fa640032000 r-xp 00007000 08:20 58729                      /usr/lib/jvm/java-11-openjdk-amd64/lib/libnio.so
7fa640032000-7fa640035000 r--p 0000f000 08:20 58729                      /usr/lib/jvm/java-11-openjdk-amd64/lib/libnio.so
7fa640035000-7fa640036000 r--p 00011000 08:20 58729                      /usr/lib/jvm/java-11-openjdk-amd64/lib/libnio.so
7fa640036000-7fa640037000 rw-p 00012000 08:20 58729                      /usr/lib/jvm/java-11-openjdk-amd64/lib/libnio.so
7fa640037000-7fa6407bf000 rw-p 00000000 00:00 0 
7fa6407bf000-7fa640a2f000 rwxp 00000000 00:00 0 
7fa640a2f000-7fa640efe000 ---p 00000000 00:00 0 
7fa640efe000-7fa64116e000 rwxp 00000000 00:00 0 
7fa64116e000-7fa64835e000 ---p 00000000 00:00 0 
7fa64835e000-7fa6485ce000 rwxp 00000000 00:00 0 
7fa6485ce000-7fa64f7bf000 ---p 00000000 00:00 0 
7fa64f7bf000-7fa658000000 r--s 00000000 08:20 58738                      /usr/lib/jvm/java-11-openjdk-amd64/lib/modules
7fa658000000-7fa6583ae000 rw-p 00000000 00:00 0 
7fa6583ae000-7fa65c000000 ---p 00000000 00:00 0 
7fa65c000000-7fa65c004000 r--p 00000000 08:20 227196                     /home/itshandable/.javacpp/cache/javacpp-1.5.7-linux-x86_64.jar/org/bytedeco/javacpp/linux-x86_64/libjnijavacpp.so
7fa65c004000-7fa65c00b000 r-xp 00004000 08:20 227196                     /home/itshandable/.javacpp/cache/javacpp-1.5.7-linux-x86_64.jar/org/bytedeco/javacpp/linux-x86_64/libjnijavacpp.so
7fa65c00b000-7fa65c00f000 r--p 0000b000 08:20 227196                     /home/itshandable/.javacpp/cache/javacpp-1.5.7-linux-x86_64.jar/org/bytedeco/javacpp/linux-x86_64/libjnijavacpp.so
7fa65c00f000-7fa65c010000 r--p 0000e000 08:20 227196                     /home/itshandable/.javacpp/cache/javacpp-1.5.7-linux-x86_64.jar/org/bytedeco/javacpp/linux-x86_64/libjnijavacpp.so
7fa65c010000-7fa65c011000 rw-p 0000f000 08:20 227196                     /home/itshandable/.javacpp/cache/javacpp-1.5.7-linux-x86_64.jar/org/bytedeco/javacpp/linux-x86_64/libjnijavacpp.so
7fa65c011000-7fa65c013000 r--p 00000000 08:20 58709                      /usr/lib/jvm/java-11-openjdk-amd64/lib/libdt_socket.so
7fa65c013000-7fa65c016000 r-xp 00002000 08:20 58709                      /usr/lib/jvm/java-11-openjdk-amd64/lib/libdt_socket.so
7fa65c016000-7fa65c017000 r--p 00005000 08:20 58709                      /usr/lib/jvm/java-11-openjdk-amd64/lib/libdt_socket.so
7fa65c017000-7fa65c018000 ---p 00006000 08:20 58709                      /usr/lib/jvm/java-11-openjdk-amd64/lib/libdt_socket.so
7fa65c018000-7fa65c019000 r--p 00006000 08:20 58709                      /usr/lib/jvm/java-11-openjdk-amd64/lib/libdt_socket.so
7fa65c019000-7fa65c01a000 rw-p 00007000 08:20 58709                      /usr/lib/jvm/java-11-openjdk-amd64/lib/libdt_socket.so
7fa65c01a000-7fa65c2e1000 rw-p 00000000 00:00 0 
7fa65c2e1000-7fa65c2e2000 ---p 00000000 00:00 0 
7fa65c2e2000-7fa65c3e7000 rw-p 00000000 00:00 0 
7fa65c3e7000-7fa65c4cb000 ---p 00000000 00:00 0 
7fa65c4cb000-7fa65c4d0000 rw-p 00000000 00:00 0 
7fa65c4d0000-7fa65c5b4000 ---p 00000000 00:00 0 
7fa65c5b4000-7fa65c5b9000 rw-p 00000000 00:00 0 
7fa65c5b9000-7fa65c5c3000 ---p 00000000 00:00 0 
7fa65c5c3000-7fa65c5c5000 r--p 00000000 08:20 58737                      /usr/lib/jvm/java-11-openjdk-amd64/lib/libzip.so
7fa65c5c5000-7fa65c5ca000 r-xp 00002000 08:20 58737                      /usr/lib/jvm/java-11-openjdk-amd64/lib/libzip.so
7fa65c5ca000-7fa65c5cc000 r--p 00007000 08:20 58737                      /usr/lib/jvm/java-11-openjdk-amd64/lib/libzip.so
7fa65c5cc000-7fa65c5cd000 r--p 00008000 08:20 58737                      /usr/lib/jvm/java-11-openjdk-amd64/lib/libzip.so
7fa65c5cd000-7fa65c5ce000 rw-p 00009000 08:20 58737                      /usr/lib/jvm/java-11-openjdk-amd64/lib/libzip.so
7fa65c5ce000-7fa65c5d6000 rw-s 00000000 08:20 2331                       /tmp/hsperfdata_itshandable/24765
7fa65c5d6000-7fa65c5d8000 r--p 00000000 08:20 58719                      /usr/lib/jvm/java-11-openjdk-amd64/lib/libjdwp.so
7fa65c5d8000-7fa65c604000 r-xp 00002000 08:20 58719                      /usr/lib/jvm/java-11-openjdk-amd64/lib/libjdwp.so
7fa65c604000-7fa65c612000 r--p 0002e000 08:20 58719                      /usr/lib/jvm/java-11-openjdk-amd64/lib/libjdwp.so
7fa65c612000-7fa65c613000 r--p 0003b000 08:20 58719                      /usr/lib/jvm/java-11-openjdk-amd64/lib/libjdwp.so
7fa65c613000-7fa65c614000 rw-p 0003c000 08:20 58719                      /usr/lib/jvm/java-11-openjdk-amd64/lib/libjdwp.so
7fa65c614000-7fa65c622000 r--p 00000000 08:20 58717                      /usr/lib/jvm/java-11-openjdk-amd64/lib/libjava.so
7fa65c622000-7fa65c638000 r-xp 0000e000 08:20 58717                      /usr/lib/jvm/java-11-openjdk-amd64/lib/libjava.so
7fa65c638000-7fa65c63f000 r--p 00024000 08:20 58717                      /usr/lib/jvm/java-11-openjdk-amd64/lib/libjava.so
7fa65c63f000-7fa65c640000 r--p 0002a000 08:20 58717                      /usr/lib/jvm/java-11-openjdk-amd64/lib/libjava.so
7fa65c640000-7fa65c641000 rw-p 0002b000 08:20 58717                      /usr/lib/jvm/java-11-openjdk-amd64/lib/libjava.so
7fa65c641000-7fa65c642000 rw-p 00000000 00:00 0 
7fa65c642000-7fa65c647000 r--p 00000000 08:20 58736                      /usr/lib/jvm/java-11-openjdk-amd64/lib/libverify.so
7fa65c647000-7fa65c64e000 r-xp 00005000 08:20 58736                      /usr/lib/jvm/java-11-openjdk-amd64/lib/libverify.so
7fa65c64e000-7fa65c650000 r--p 0000c000 08:20 58736                      /usr/lib/jvm/java-11-openjdk-amd64/lib/libverify.so
7fa65c650000-7fa65c652000 r--p 0000d000 08:20 58736                      /usr/lib/jvm/java-11-openjdk-amd64/lib/libverify.so
7fa65c652000-7fa65c653000 rw-p 0000f000 08:20 58736                      /usr/lib/jvm/java-11-openjdk-amd64/lib/libverify.so
7fa65c653000-7fa65c654000 r--p 00000000 08:20 64951                      /usr/lib/x86_64-linux-gnu/librt.so.1
7fa65c654000-7fa65c655000 r-xp 00001000 08:20 64951                      /usr/lib/x86_64-linux-gnu/librt.so.1
7fa65c655000-7fa65c656000 r--p 00002000 08:20 64951                      /usr/lib/x86_64-linux-gnu/librt.so.1
7fa65c656000-7fa65c657000 r--p 00002000 08:20 64951                      /usr/lib/x86_64-linux-gnu/librt.so.1
7fa65c657000-7fa65c658000 rw-p 00003000 08:20 64951                      /usr/lib/x86_64-linux-gnu/librt.so.1
7fa65c658000-7fa65c65c000 ---p 00000000 00:00 0 
7fa65c65c000-7fa65c758000 rw-p 00000000 00:00 0 
7fa65c758000-7fa65c75b000 r--p 00000000 08:20 6709                       /usr/lib/x86_64-linux-gnu/libgcc_s.so.1
7fa65c75b000-7fa65c772000 r-xp 00003000 08:20 6709                       /usr/lib/x86_64-linux-gnu/libgcc_s.so.1
7fa65c772000-7fa65c776000 r--p 0001a000 08:20 6709                       /usr/lib/x86_64-linux-gnu/libgcc_s.so.1
7fa65c776000-7fa65c777000 r--p 0001d000 08:20 6709                       /usr/lib/x86_64-linux-gnu/libgcc_s.so.1
7fa65c777000-7fa65c778000 rw-p 0001e000 08:20 6709                       /usr/lib/x86_64-linux-gnu/libgcc_s.so.1
7fa65c778000-7fa65c786000 r--p 00000000 08:20 64939                      /usr/lib/x86_64-linux-gnu/libm.so.6
7fa65c786000-7fa65c802000 r-xp 0000e000 08:20 64939                      /usr/lib/x86_64-linux-gnu/libm.so.6
7fa65c802000-7fa65c85d000 r--p 0008a000 08:20 64939                      /usr/lib/x86_64-linux-gnu/libm.so.6
7fa65c85d000-7fa65c85e000 r--p 000e4000 08:20 64939            