#
# A fatal error has been detected by the Java Runtime Environment:
#
#  SIGSEGV (0xb) at pc=0x00007fd409f4aea4, pid=130923, tid=130927
#
# JRE version: OpenJDK Runtime Environment (11.0.27+6) (build 11.0.27+6-post-Ubuntu-0ubuntu122.04)
# Java VM: OpenJDK 64-Bit Server VM (11.0.27+6-post-Ubuntu-0ubuntu122.04, mixed mode, sharing, tiered, compressed oops, g1 gc, linux-amd64)
# Problematic frame:
# C  0x00007fd409f4aea4
#
# No core dump will be written. Core dumps have been disabled. To enable core dumping, try "ulimit -c unlimited" before starting Java again
#
# If you would like to submit a bug report, please visit:
#   https://bugs.launchpad.net/ubuntu/+source/openjdk-lts
# The crash happened outside the Java Virtual Machine in native code.
# See problematic frame for where to report the bug.
#

---------------  S U M M A R Y ------------

Command Line: -agentlib:jdwp=transport=dt_socket,address=0.0.0.0:12345,suspend=y,server=y -Djava.library.path=\\wsl.localhost\Ubuntu\usr\local\lib -Dfile.encoding=UTF-8 Main tests/test.sysy tests/test.arm test tests/test.ll

Host: 13th Gen Intel(R) Core(TM) i9-13900H, 20 cores, 7G, Ubuntu 22.04.3 LTS
Time: Thu May 22 16:07:45 2025 CST elapsed time: 11.765056 seconds (0d 0h 0m 11s)

---------------  T H R E A D  ---------------

Current thread (0x00007fd45c016800):  JavaThread "main" [_thread_in_native, id=130927, stack(0x00007fd4635e3000,0x00007fd4636e3000)]

Stack: [0x00007fd4635e3000,0x00007fd4636e3000],  sp=0x00007fd4636e07b0,  free space=1013k
Native frames: (J=compiled Java code, A=aot compiled Java code, j=interpreted, Vv=VM code, C=native code)
C  0x00007fd409f4aea4

Java frames: (J=compiled Java code, j=interpreted, Vv=VM code)
J 971  org.bytedeco.llvm.global.LLVM.LLVMPrintValueToString(Lorg/bytedeco/llvm/LLVM/LLVMValueRef;)Lorg/bytedeco/javacpp/BytePointer; (0 bytes) @ 0x00007fd44c39d39f [0x00007fd44c39d340+0x000000000000005f]
v  ~StubRoutines::call_stub
j  MyIrVisitor.clearDirectJump()V+187
j  MyIrVisitor.unReachableInstDelete()V+18
j  MyIrVisitor.mixedOptimization()V+52
j  MyIrVisitor.visitProgram(LSysYParser$ProgramContext;)Lorg/bytedeco/llvm/LLVM/LLVMValueRef;+91
j  MyIrVisitor.visitProgram(LSysYParser$ProgramContext;)Ljava/lang/Object;+2
j  SysYParser$ProgramContext.accept(Lorg/antlr/v4/runtime/tree/ParseTreeVisitor;)Ljava/lang/Object;+12
j  org.antlr.v4.runtime.tree.AbstractParseTreeVisitor.visit(Lorg/antlr/v4/runtime/tree/ParseTree;)Ljava/lang/Object;+2
j  Main.main([Ljava/lang/String;)V+169
v  ~StubRoutines::call_stub

siginfo: si_signo: 11 (SIGSEGV), si_code: 2 (SEGV_ACCERR), si_addr: 0x00007fd409f4aea4

Register to memory mapping:

RAX=0x00007fd409f4aea4 is an unknown value
RBX=0x0 is NULL
RCX=0x00000000000000d0 is an unknown value
RDX=0x00007fd3e1823f30: <offset 0x00000000042f7f30> in /home/itshandable/.javacpp/cache/llvm-13.0.1-1.5.7-linux-x86_64.jar/org/bytedeco/llvm/linux-x86_64/libLLVM-13.so at 0x00007fd3dd52c000
RSP=0x00007fd4636e07b0 is pointing into the stack for thread: 0x00007fd45c016800
RBP=0x00007fd4636e08d0 is pointing into the stack for thread: 0x00007fd45c016800
RSI=0x00007fd45c0000e0 points into unknown readable memory: 0x00007fd45c0000d0 | d0 00 00 5c d4 7f 00 00
RDI=0x00007fd4636e0ad8 is pointing into the stack for thread: 0x00007fd45c016800
R8 =0x00007fd45c397e60 points into unknown readable memory: 0x00000007fd45c397 | 97 c3 45 fd 07 00 00 00
R9 =0x00007fd45c3977b0 points into unknown readable memory: 0x00007fd45c0000f0 | f0 00 00 5c d4 7f 00 00
R10=0x000000008cc018f0 is an oop: org.bytedeco.llvm.LLVM.LLVMValueRef 
{0x000000008cc018f0} - klass: 'org/bytedeco/llvm/LLVM/LLVMValueRef'
 - ---- fields (total size 6 words):
 - private 'deallocator' 'Lorg/bytedeco/javacpp/Pointer$Deallocator;' @12  NULL (0)
 - protected 'address' 'J' @16  140550057064400 (5c3977d0 7fd4)
 - protected 'position' 'J' @24  0 (0 0)
 - protected 'limit' 'J' @32  0 (0 0)
 - protected 'capacity' 'J' @40  0 (0 0)
R11=0x3aadaac173299b2c is an unknown value
R12=0x00007fd45c0000e0 points into unknown readable memory: 0x00007fd45c0000d0 | d0 00 00 5c d4 7f 00 00
R13=0x00007fd4636e0ad8 is pointing into the stack for thread: 0x00007fd45c016800
R14=0x00007fd4636e0950 is pointing into the stack for thread: 0x00007fd45c016800
R15=0x00007fd45c3977d0 points into unknown readable memory: 0x00007fd45c3894e8 | e8 94 38 5c d4 7f 00 00


Registers:
RAX=0x00007fd409f4aea4, RBX=0x0000000000000000, RCX=0x00000000000000d0, RDX=0x00007fd3e1823f30
RSP=0x00007fd4636e07b0, RBP=0x00007fd4636e08d0, RSI=0x00007fd45c0000e0, RDI=0x00007fd4636e0ad8
R8 =0x00007fd45c397e60, R9 =0x00007fd45c3977b0, R10=0x000000008cc018f0, R11=0x3aadaac173299b2c
R12=0x00007fd45c0000e0, R13=0x00007fd4636e0ad8, R14=0x00007fd4636e0950, R15=0x00007fd45c3977d0
RIP=0x00007fd409f4aea4, EFLAGS=0x0000000000010202, CSGSFS=0x002b000000000033, ERR=0x0000000000000014
  TRAPNO=0x000000000000000e

Top of Stack: (sp=0x00007fd4636e07b0)
0x00007fd4636e07b0:   00007fd4636e0b70 00007f20636e0d78
0x00007fd4636e07c0:   0000000000000000 0000000000000000
0x00007fd4636e07d0:   00007fd4636e0ab0 00007fd45c0000e0
0x00007fd4636e07e0:   00007fd4636e0ab0 00007fd4636e0950 

Instructions: (pc=0x00007fd409f4aea4)
0x00007fd409f4ada4:   ?? ?? ?? ?? ?? ?? ?? ?? ?? ?? ?? ?? ?? ?? ?? ??
0x00007fd409f4adb4:   ?? ?? ?? ?? ?? ?? ?? ?? ?? ?? ?? ?? ?? ?? ?? ??
0x00007fd409f4adc4:   ?? ?? ?? ?? ?? ?? ?? ?? ?? ?? ?? ?? ?? ?? ?? ??
0x00007fd409f4add4:   ?? ?? ?? ?? ?? ?? ?? ?? ?? ?? ?? ?? ?? ?? ?? ??
0x00007fd409f4ade4:   ?? ?? ?? ?? ?? ?? ?? ?? ?? ?? ?? ?? ?? ?? ?? ??
0x00007fd409f4adf4:   ?? ?? ?? ?? ?? ?? ?? ?? ?? ?? ?? ?? ?? ?? ?? ??
0x00007fd409f4ae04:   ?? ?? ?? ?? ?? ?? ?? ?? ?? ?? ?? ?? ?? ?? ?? ??
0x00007fd409f4ae14:   ?? ?? ?? ?? ?? ?? ?? ?? ?? ?? ?? ?? ?? ?? ?? ??
0x00007fd409f4ae24:   ?? ?? ?? ?? ?? ?? ?? ?? ?? ?? ?? ?? ?? ?? ?? ??
0x00007fd409f4ae34:   ?? ?? ?? ?? ?? ?? ?? ?? ?? ?? ?? ?? ?? ?? ?? ??
0x00007fd409f4ae44:   ?? ?? ?? ?? ?? ?? ?? ?? ?? ?? ?? ?? ?? ?? ?? ??
0x00007fd409f4ae54:   ?? ?? ?? ?? ?? ?? ?? ?? ?? ?? ?? ?? ?? ?? ?? ??
0x00007fd409f4ae64:   ?? ?? ?? ?? ?? ?? ?? ?? ?? ?? ?? ?? ?? ?? ?? ??
0x00007fd409f4ae74:   ?? ?? ?? ?? ?? ?? ?? ?? ?? ?? ?? ?? ?? ?? ?? ??
0x00007fd409f4ae84:   ?? ?? ?? ?? ?? ?? ?? ?? ?? ?? ?? ?? ?? ?? ?? ??
0x00007fd409f4ae94:   ?? ?? ?? ?? ?? ?? ?? ?? ?? ?? ?? ?? ?? ?? ?? ??
0x00007fd409f4aea4:   ?? ?? ?? ?? ?? ?? ?? ?? ?? ?? ?? ?? ?? ?? ?? ??
0x00007fd409f4aeb4:   ?? ?? ?? ?? ?? ?? ?? ?? ?? ?? ?? ?? ?? ?? ?? ??
0x00007fd409f4aec4:   ?? ?? ?? ?? ?? ?? ?? ?? ?? ?? ?? ?? ?? ?? ?? ??
0x00007fd409f4aed4:   ?? ?? ?? ?? ?? ?? ?? ?? ?? ?? ?? ?? ?? ?? ?? ??
0x00007fd409f4aee4:   ?? ?? ?? ?? ?? ?? ?? ?? ?? ?? ?? ?? ?? ?? ?? ??
0x00007fd409f4aef4:   ?? ?? ?? ?? ?? ?? ?? ?? ?? ?? ?? ?? ?? ?? ?? ??
0x00007fd409f4af04:   ?? ?? ?? ?? ?? ?? ?? ?? ?? ?? ?? ?? ?? ?? ?? ??
0x00007fd409f4af14:   ?? ?? ?? ?? ?? ?? ?? ?? ?? ?? ?? ?? ?? ?? ?? ??
0x00007fd409f4af24:   ?? ?? ?? ?? ?? ?? ?? ?? ?? ?? ?? ?? ?? ?? ?? ??
0x00007fd409f4af34:   ?? ?? ?? ?? ?? ?? ?? ?? ?? ?? ?? ?? ?? ?? ?? ??
0x00007fd409f4af44:   ?? ?? ?? ?? ?? ?? ?? ?? ?? ?? ?? ?? ?? ?? ?? ??
0x00007fd409f4af54:   ?? ?? ?? ?? ?? ?? ?? ?? ?? ?? ?? ?? ?? ?? ?? ??
0x00007fd409f4af64:   ?? ?? ?? ?? ?? ?? ?? ?? ?? ?? ?? ?? ?? ?? ?? ??
0x00007fd409f4af74:   ?? ?? ?? ?? ?? ?? ?? ?? ?? ?? ?? ?? ?? ?? ?? ??
0x00007fd409f4af84:   ?? ?? ?? ?? ?? ?? ?? ?? ?? ?? ?? ?? ?? ?? ?? ??
0x00007fd409f4af94:   ?? ?? ?? ?? ?? ?? ?? ?? ?? ?? ?? ?? ?? ?? ?? ?? 


Stack slot to memory mapping:
stack at sp + 0 slots: 0x00007fd4636e0b70 is pointing into the stack for thread: 0x00007fd45c016800
stack at sp + 1 slots: 0x00007f20636e0d78 is an unknown value
stack at sp + 2 slots: 0x0 is NULL
stack at sp + 3 slots: 0x0 is NULL
stack at sp + 4 slots: 0x00007fd4636e0ab0 is pointing into the stack for thread: 0x00007fd45c016800
stack at sp + 5 slots: 0x00007fd45c0000e0 points into unknown readable memory: 0x00007fd45c0000d0 | d0 00 00 5c d4 7f 00 00
stack at sp + 6 slots: 0x00007fd4636e0ab0 is pointing into the stack for thread: 0x00007fd45c016800
stack at sp + 7 slots: 0x00007fd4636e0950 is pointing into the stack for thread: 0x00007fd45c016800


---------------  P R O C E S S  ---------------

Threads class SMR info:
_java_thread_list=0x00007fd3e40049e0, length=13, elements={
0x00007fd45c016800, 0x00007fd45c13f800, 0x00007fd45c141800, 0x00007fd45c147800,
0x00007fd45c149800, 0x00007fd45c14c000, 0x00007fd45c14e000, 0x00007fd45c150000,
0x00007fd45c194800, 0x00007fd45c199000, 0x00007fd3fc001800, 0x00007fd45c19f000,
0x00007fd45c23b800
}

Java Threads: ( => current thread )
=>0x00007fd45c016800 JavaThread "main" [_thread_in_native, id=130927, stack(0x00007fd4635e3000,0x00007fd4636e3000)]
  0x00007fd45c13f800 JavaThread "Reference Handler" daemon [_thread_blocked, id=130934, stack(0x00007fd46009b000,0x00007fd46019b000)]
  0x00007fd45c141800 JavaThread "Finalizer" daemon [_thread_blocked, id=130935, stack(0x00007fd4446bf000,0x00007fd4447bf000)]
  0x00007fd45c147800 JavaThread "Signal Dispatcher" daemon [_thread_blocked, id=130936, stack(0x00007fd4445bf000,0x00007fd4446bf000)]
  0x00007fd45c149800 JavaThread "Service Thread" daemon [_thread_blocked, id=130937, stack(0x00007fd4444bf000,0x00007fd4445bf000)]
  0x00007fd45c14c000 JavaThread "C2 CompilerThread0" daemon [_thread_blocked, id=130938, stack(0x00007fd4443bf000,0x00007fd4444bf000)]
  0x00007fd45c14e000 JavaThread "C1 CompilerThread0" daemon [_thread_blocked, id=130939, stack(0x00007fd4442bf000,0x00007fd4443bf000)]
  0x00007fd45c150000 JavaThread "Sweeper thread" daemon [_thread_blocked, id=130940, stack(0x00007fd4441bf000,0x00007fd4442bf000)]
  0x00007fd45c194800 JavaThread "JDWP Transport Listener: dt_socket" daemon [_thread_blocked, id=130942, stack(0x00007fd43c200000,0x00007fd43c300000)]
  0x00007fd45c199000 JavaThread "JDWP Event Helper Thread" daemon [_thread_blocked, id=130943, stack(0x00007fd43c100000,0x00007fd43c200000)]
  0x00007fd3fc001800 JavaThread "JDWP Command Reader" daemon [_thread_in_native, id=130946, stack(0x00007fd43c000000,0x00007fd43c100000)]
  0x00007fd45c19f000 JavaThread "Common-Cleaner" daemon [_thread_blocked, id=130948, stack(0x00007fd4355ff000,0x00007fd4356ff000)]
  0x00007fd45c23b800 JavaThread "JavaCPP Deallocator" daemon [_thread_blocked, id=130951, stack(0x00007fd4354ff000,0x00007fd4355ff000)]

Other Threads:
  0x00007fd45c13c800 VMThread "VM Thread" [stack: 0x00007fd46019c000,0x00007fd46029c000] [id=130933]
  0x00007fd45c19b800 WatcherThread [stack: 0x00007fd435700000,0x00007fd435800000] [id=130947]
  0x00007fd45c030800 GCTaskThread "GC Thread#0" [stack: 0x00007fd46326d000,0x00007fd46336d000] [id=130928]
  0x00007fd45c062000 ConcurrentGCThread "G1 Main Marker" [stack: 0x00007fd4615f5000,0x00007fd4616f5000] [id=130929]
  0x00007fd45c063800 ConcurrentGCThread "G1 Conc#0" [stack: 0x00007fd4614f4000,0x00007fd4615f4000] [id=130930]
  0x00007fd45c108000 ConcurrentGCThread "G1 Refine#0" [stack: 0x00007fd4604e4000,0x00007fd4605e4000] [id=130931]
  0x00007fd45c10a000 ConcurrentGCThread "G1 Young RemSet Sampling" [stack: 0x00007fd4603e3000,0x00007fd4604e3000] [id=130932]

Threads with active compile tasks:

VM state:not at safepoint (normal execution)

VM Mutex/Monitor currently owned by a thread: None

Heap address: 0x0000000086000000, size: 1952 MB, Compressed Oops mode: 32-bit
Narrow klass base: 0x0000000800000000, Narrow klass shift: 3
Compressed class space size: 1073741824 Address: 0x0000000840000000

Heap:
 garbage-first heap   total 126976K, used 13008K [0x0000000086000000, 0x0000000100000000)
  region size 1024K, 14 young (14336K), 0 survivors (0K)
 Metaspace       used 3846K, capacity 6643K, committed 6912K, reserved 1056768K
  class space    used 396K, capacity 681K, committed 768K, reserved 1048576K
Heap Regions: E=young(eden), S=young(survivor), O=old, HS=humongous(starts), HC=humongous(continues), CS=collection set, F=free, A=archive, TAMS=top-at-mark-start (previous, next)
|   0|0x0000000086000000, 0x0000000086000000, 0x0000000086100000|  0%| F|  |TAMS 0x0000000086000000, 0x0000000086000000| Untracked 
|   1|0x0000000086100000, 0x0000000086100000, 0x0000000086200000|  0%| F|  |TAMS 0x0000000086100000, 0x0000000086100000| Untracked 
|   2|0x0000000086200000, 0x0000000086200000, 0x0000000086300000|  0%| F|  |TAMS 0x0000000086200000, 0x0000000086200000| Untracked 
|   3|0x0000000086300000, 0x0000000086300000, 0x0000000086400000|  0%| F|  |TAMS 0x0000000086300000, 0x0000000086300000| Untracked 
|   4|0x0000000086400000, 0x0000000086400000, 0x0000000086500000|  0%| F|  |TAMS 0x0000000086400000, 0x0000000086400000| Untracked 
|   5|0x0000000086500000, 0x0000000086500000, 0x0000000086600000|  0%| F|  |TAMS 0x0000000086500000, 0x0000000086500000| Untracked 
|   6|0x0000000086600000, 0x0000000086600000, 0x0000000086700000|  0%| F|  |TAMS 0x0000000086600000, 0x0000000086600000| Untracked 
|   7|0x0000000086700000, 0x0000000086700000, 0x0000000086800000|  0%| F|  |TAMS 0x0000000086700000, 0x0000000086700000| Untracked 
|   8|0x0000000086800000, 0x0000000086800000, 0x0000000086900000|  0%| F|  |TAMS 0x0000000086800000, 0x0000000086800000| Untracked 
|   9|0x0000000086900000, 0x0000000086900000, 0x0000000086a00000|  0%| F|  |TAMS 0x0000000086900000, 0x0000000086900000| Untracked 
|  10|0x0000000086a00000, 0x0000000086a00000, 0x0000000086b00000|  0%| F|  |TAMS 0x0000000086a00000, 0x0000000086a00000| Untracked 
|  11|0x0000000086b00000, 0x0000000086b00000, 0x0000000086c00000|  0%| F|  |TAMS 0x0000000086b00000, 0x0000000086b00000| Untracked 
|  12|0x0000000086c00000, 0x0000000086c00000, 0x0000000086d00000|  0%| F|  |TAMS 0x0000000086c00000, 0x0000000086c00000| Untracked 
|  13|0x0000000086d00000, 0x0000000086d00000, 0x0000000086e00000|  0%| F|  |TAMS 0x0000000086d00000, 0x0000000086d00000| Untracked 
|  14|0x0000000086e00000, 0x0000000086e00000, 0x0000000086f00000|  0%| F|  |TAMS 0x0000000086e00000, 0x0000000086e00000| Untracked 
|  15|0x0000000086f00000, 0x0000000086f00000, 0x0000000087000000|  0%| F|  |TAMS 0x0000000086f00000, 0x0000000086f00000| Untracked 
|  16|0x0000000087000000, 0x0000000087000000, 0x0000000087100000|  0%| F|  |TAMS 0x0000000087000000, 0x0000000087000000| Untracked 
|  17|0x0000000087100000, 0x0000000087100000, 0x0000000087200000|  0%| F|  |TAMS 0x0000000087100000, 0x0000000087100000| Untracked 
|  18|0x0000000087200000, 0x0000000087200000, 0x0000000087300000|  0%| F|  |TAMS 0x0000000087200000, 0x0000000087200000| Untracked 
|  19|0x0000000087300000, 0x0000000087300000, 0x0000000087400000|  0%| F|  |TAMS 0x0000000087300000, 0x0000000087300000| Untracked 
|  20|0x0000000087400000, 0x0000000087400000, 0x0000000087500000|  0%| F|  |TAMS 0x0000000087400000, 0x0000000087400000| Untracked 
|  21|0x0000000087500000, 0x0000000087500000, 0x0000000087600000|  0%| F|  |TAMS 0x0000000087500000, 0x0000000087500000| Untracked 
|  22|0x0000000087600000, 0x0000000087600000, 0x0000000087700000|  0%| F|  |TAMS 0x0000000087600000, 0x0000000087600000| Untracked 
|  23|0x0000000087700000, 0x0000000087700000, 0x0000000087800000|  0%| F|  |TAMS 0x0000000087700000, 0x0000000087700000| Untracked 
|  24|0x0000000087800000, 0x0000000087800000, 0x0000000087900000|  0%| F|  |TAMS 0x0000000087800000, 0x0000000087800000| Untracked 
|  25|0x0000000087900000, 0x0000000087900000, 0x0000000087a00000|  0%| F|  |TAMS 0x0000000087900000, 0x0000000087900000| Untracked 
|  26|0x0000000087a00000, 0x0000000087a00000, 0x0000000087b00000|  0%| F|  |TAMS 0x0000000087a00000, 0x0000000087a00000| Untracked 
|  27|0x0000000087b00000, 0x0000000087b00000, 0x0000000087c00000|  0%| F|  |TAMS 0x0000000087b00000, 0x0000000087b00000| Untracked 
|  28|0x0000000087c00000, 0x0000000087c00000, 0x0000000087d00000|  0%| F|  |TAMS 0x0000000087c00000, 0x0000000087c00000| Untracked 
|  29|0x0000000087d00000, 0x0000000087d00000, 0x0000000087e00000|  0%| F|  |TAMS 0x0000000087d00000, 0x0000000087d00000| Untracked 
|  30|0x0000000087e00000, 0x0000000087e00000, 0x0000000087f00000|  0%| F|  |TAMS 0x0000000087e00000, 0x0000000087e00000| Untracked 
|  31|0x0000000087f00000, 0x0000000087f00000, 0x0000000088000000|  0%| F|  |TAMS 0x0000000087f00000, 0x0000000087f00000| Untracked 
|  32|0x0000000088000000, 0x0000000088000000, 0x0000000088100000|  0%| F|  |TAMS 0x0000000088000000, 0x0000000088000000| Untracked 
|  33|0x0000000088100000, 0x0000000088100000, 0x0000000088200000|  0%| F|  |TAMS 0x0000000088100000, 0x0000000088100000| Untracked 
|  34|0x0000000088200000, 0x0000000088200000, 0x0000000088300000|  0%| F|  |TAMS 0x0000000088200000, 0x0000000088200000| Untracked 
|  35|0x0000000088300000, 0x0000000088300000, 0x0000000088400000|  0%| F|  |TAMS 0x0000000088300000, 0x0000000088300000| Untracked 
|  36|0x0000000088400000, 0x0000000088400000, 0x0000000088500000|  0%| F|  |TAMS 0x0000000088400000, 0x0000000088400000| Untracked 
|  37|0x0000000088500000, 0x0000000088500000, 0x0000000088600000|  0%| F|  |TAMS 0x0000000088500000, 0x0000000088500000| Untracked 
|  38|0x0000000088600000, 0x0000000088600000, 0x0000000088700000|  0%| F|  |TAMS 0x0000000088600000, 0x0000000088600000| Untracked 
|  39|0x0000000088700000, 0x0000000088700000, 0x0000000088800000|  0%| F|  |TAMS 0x0000000088700000, 0x0000000088700000| Untracked 
|  40|0x0000000088800000, 0x0000000088800000, 0x0000000088900000|  0%| F|  |TAMS 0x0000000088800000, 0x0000000088800000| Untracked 
|  41|0x0000000088900000, 0x0000000088900000, 0x0000000088a00000|  0%| F|  |TAMS 0x0000000088900000, 0x0000000088900000| Untracked 
|  42|0x0000000088a00000, 0x0000000088a00000, 0x0000000088b00000|  0%| F|  |TAMS 0x0000000088a00000, 0x0000000088a00000| Untracked 
|  43|0x0000000088b00000, 0x0000000088b00000, 0x0000000088c00000|  0%| F|  |TAMS 0x0000000088b00000, 0x0000000088b00000| Untracked 
|  44|0x0000000088c00000, 0x0000000088c00000, 0x0000000088d00000|  0%| F|  |TAMS 0x0000000088c00000, 0x0000000088c00000| Untracked 
|  45|0x0000000088d00000, 0x0000000088d00000, 0x0000000088e00000|  0%| F|  |TAMS 0x0000000088d00000, 0x0000000088d00000| Untracked 
|  46|0x0000000088e00000, 0x0000000088e00000, 0x0000000088f00000|  0%| F|  |TAMS 0x0000000088e00000, 0x0000000088e00000| Untracked 
|  47|0x0000000088f00000, 0x0000000088f00000, 0x0000000089000000|  0%| F|  |TAMS 0x0000000088f00000, 0x0000000088f00000| Untracked 
|  48|0x0000000089000000, 0x0000000089000000, 0x0000000089100000|  0%| F|  |TAMS 0x0000000089000000, 0x0000000089000000| Untracked 
|  49|0x0000000089100000, 0x0000000089100000, 0x0000000089200000|  0%| F|  |TAMS 0x0000000089100000, 0x0000000089100000| Untracked 
|  50|0x0000000089200000, 0x0000000089200000, 0x0000000089300000|  0%| F|  |TAMS 0x0000000089200000, 0x0000000089200000| Untracked 
|  51|0x0000000089300000, 0x0000000089300000, 0x0000000089400000|  0%| F|  |TAMS 0x0000000089300000, 0x0000000089300000| Untracked 
|  52|0x0000000089400000, 0x0000000089400000, 0x0000000089500000|  0%| F|  |TAMS 0x0000000089400000, 0x0000000089400000| Untracked 
|  53|0x0000000089500000, 0x0000000089500000, 0x0000000089600000|  0%| F|  |TAMS 0x0000000089500000, 0x0000000089500000| Untracked 
|  54|0x0000000089600000, 0x0000000089600000, 0x0000000089700000|  0%| F|  |TAMS 0x0000000089600000, 0x0000000089600000| Untracked 
|  55|0x0000000089700000, 0x0000000089700000, 0x0000000089800000|  0%| F|  |TAMS 0x0000000089700000, 0x0000000089700000| Untracked 
|  56|0x0000000089800000, 0x0000000089800000, 0x0000000089900000|  0%| F|  |TAMS 0x0000000089800000, 0x0000000089800000| Untracked 
|  57|0x0000000089900000, 0x0000000089900000, 0x0000000089a00000|  0%| F|  |TAMS 0x0000000089900000, 0x0000000089900000| Untracked 
|  58|0x0000000089a00000, 0x0000000089a00000, 0x0000000089b00000|  0%| F|  |TAMS 0x0000000089a00000, 0x0000000089a00000| Untracked 
|  59|0x0000000089b00000, 0x0000000089b00000, 0x0000000089c00000|  0%| F|  |TAMS 0x0000000089b00000, 0x0000000089b00000| Untracked 
|  60|0x0000000089c00000, 0x0000000089c00000, 0x0000000089d00000|  0%| F|  |TAMS 0x0000000089c00000, 0x0000000089c00000| Untracked 
|  61|0x0000000089d00000, 0x0000000089d00000, 0x0000000089e00000|  0%| F|  |TAMS 0x0000000089d00000, 0x0000000089d00000| Untracked 
|  62|0x0000000089e00000, 0x0000000089e00000, 0x0000000089f00000|  0%| F|  |TAMS 0x0000000089e00000, 0x0000000089e00000| Untracked 
|  63|0x0000000089f00000, 0x0000000089f00000, 0x000000008a000000|  0%| F|  |TAMS 0x0000000089f00000, 0x0000000089f00000| Untracked 
|  64|0x000000008a000000, 0x000000008a000000, 0x000000008a100000|  0%| F|  |TAMS 0x000000008a000000, 0x000000008a000000| Untracked 
|  65|0x000000008a100000, 0x000000008a100000, 0x000000008a200000|  0%| F|  |TAMS 0x000000008a100000, 0x000000008a100000| Untracked 
|  66|0x000000008a200000, 0x000000008a200000, 0x000000008a300000|  0%| F|  |TAMS 0x000000008a200000, 0x000000008a200000| Untracked 
|  67|0x000000008a300000, 0x000000008a300000, 0x000000008a400000|  0%| F|  |TAMS 0x000000008a300000, 0x000000008a300000| Untracked 
|  68|0x000000008a400000, 0x000000008a400000, 0x000000008a500000|  0%| F|  |TAMS 0x000000008a400000, 0x000000008a400000| Untracked 
|  69|0x000000008a500000, 0x000000008a500000, 0x000000008a600000|  0%| F|  |TAMS 0x000000008a500000, 0x000000008a500000| Untracked 
|  70|0x000000008a600000, 0x000000008a600000, 0x000000008a700000|  0%| F|  |TAMS 0x000000008a600000, 0x000000008a600000| Untracked 
|  71|0x000000008a700000, 0x000000008a700000, 0x000000008a800000|  0%| F|  |TAMS 0x000000008a700000, 0x000000008a700000| Untracked 
|  72|0x000000008a800000, 0x000000008a800000, 0x000000008a900000|  0%| F|  |TAMS 0x000000008a800000, 0x000000008a800000| Untracked 
|  73|0x000000008a900000, 0x000000008a900000, 0x000000008aa00000|  0%| F|  |TAMS 0x000000008a900000, 0x000000008a900000| Untracked 
|  74|0x000000008aa00000, 0x000000008aa00000, 0x000000008ab00000|  0%| F|  |TAMS 0x000000008aa00000, 0x000000008aa00000| Untracked 
|  75|0x000000008ab00000, 0x000000008ab00000, 0x000000008ac00000|  0%| F|  |TAMS 0x000000008ab00000, 0x000000008ab00000| Untracked 
|  76|0x000000008ac00000, 0x000000008ac00000, 0x000000008ad00000|  0%| F|  |TAMS 0x000000008ac00000, 0x000000008ac00000| Untracked 
|  77|0x000000008ad00000, 0x000000008ad00000, 0x000000008ae00000|  0%| F|  |TAMS 0x000000008ad00000, 0x000000008ad00000| Untracked 
|  78|0x000000008ae00000, 0x000000008ae00000, 0x000000008af00000|  0%| F|  |TAMS 0x000000008ae00000, 0x000000008ae00000| Untracked 
|  79|0x000000008af00000, 0x000000008af00000, 0x000000008b000000|  0%| F|  |TAMS 0x000000008af00000, 0x000000008af00000| Untracked 
|  80|0x000000008b000000, 0x000000008b000000, 0x000000008b100000|  0%| F|  |TAMS 0x000000008b000000, 0x000000008b000000| Untracked 
|  81|0x000000008b100000, 0x000000008b100000, 0x000000008b200000|  0%| F|  |TAMS 0x000000008b100000, 0x000000008b100000| Untracked 
|  82|0x000000008b200000, 0x000000008b200000, 0x000000008b300000|  0%| F|  |TAMS 0x000000008b200000, 0x000000008b200000| Untracked 
|  83|0x000000008b300000, 0x000000008b300000, 0x000000008b400000|  0%| F|  |TAMS 0x000000008b300000, 0x000000008b300000| Untracked 
|  84|0x000000008b400000, 0x000000008b400000, 0x000000008b500000|  0%| F|  |TAMS 0x000000008b400000, 0x000000008b400000| Untracked 
|  85|0x000000008b500000, 0x000000008b500000, 0x000000008b600000|  0%| F|  |TAMS 0x000000008b500000, 0x000000008b500000| Untracked 
|  86|0x000000008b600000, 0x000000008b600000, 0x000000008b700000|  0%| F|  |TAMS 0x000000008b600000, 0x000000008b600000| Untracked 
|  87|0x000000008b700000, 0x000000008b700000, 0x000000008b800000|  0%| F|  |TAMS 0x000000008b700000, 0x000000008b700000| Untracked 
|  88|0x000000008b800000, 0x000000008b800000, 0x000000008b900000|  0%| F|  |TAMS 0x000000008b800000, 0x000000008b800000| Untracked 
|  89|0x000000008b900000, 0x000000008b900000, 0x000000008ba00000|  0%| F|  |TAMS 0x000000008b900000, 0x000000008b900000| Untracked 
|  90|0x000000008ba00000, 0x000000008ba00000, 0x000000008bb00000|  0%| F|  |TAMS 0x000000008ba00000, 0x000000008ba00000| Untracked 
|  91|0x000000008bb00000, 0x000000008bb00000, 0x000000008bc00000|  0%| F|  |TAMS 0x000000008bb00000, 0x000000008bb00000| Untracked 
|  92|0x000000008bc00000, 0x000000008bc00000, 0x000000008bd00000|  0%| F|  |TAMS 0x000000008bc00000, 0x000000008bc00000| Untracked 
|  93|0x000000008bd00000, 0x000000008bd00000, 0x000000008be00000|  0%| F|  |TAMS 0x000000008bd00000, 0x000000008bd00000| Untracked 
|  94|0x000000008be00000, 0x000000008be00000, 0x000000008bf00000|  0%| F|  |TAMS 0x000000008be00000, 0x000000008be00000| Untracked 
|  95|0x000000008bf00000, 0x000000008bf00000, 0x000000008c000000|  0%| F|  |TAMS 0x000000008bf00000, 0x000000008bf00000| Untracked 
|  96|0x000000008c000000, 0x000000008c000000, 0x000000008c100000|  0%| F|  |TAMS 0x000000008c000000, 0x000000008c000000| Untracked 
|  97|0x000000008c100000, 0x000000008c100000, 0x000000008c200000|  0%| F|  |TAMS 0x000000008c100000, 0x000000008c100000| Untracked 
|  98|0x000000008c200000, 0x000000008c200000, 0x000000008c300000|  0%| F|  |TAMS 0x000000008c200000, 0x000000008c200000| Untracked 
|  99|0x000000008c300000, 0x000000008c300000, 0x000000008c400000|  0%| F|  |TAMS 0x000000008c300000, 0x000000008c300000| Untracked 
| 100|0x000000008c400000, 0x000000008c400000, 0x000000008c500000|  0%| F|  |TAMS 0x000000008c400000, 0x000000008c400000| Untracked 
| 101|0x000000008c500000, 0x000000008c500000, 0x000000008c600000|  0%| F|  |TAMS 0x000000008c500000, 0x000000008c500000| Untracked 
| 102|0x000000008c600000, 0x000000008c600000, 0x000000008c700000|  0%| F|  |TAMS 0x000000008c600000, 0x000000008c600000| Untracked 
| 103|0x000000008c700000, 0x000000008c700000, 0x000000008c800000|  0%| F|  |TAMS 0x000000008c700000, 0x000000008c700000| Untracked 
| 104|0x000000008c800000, 0x000000008c800000, 0x000000008c900000|  0%| F|  |TAMS 0x000000008c800000, 0x000000008c800000| Untracked 
| 105|0x000000008c900000, 0x000000008c900000, 0x000000008ca00000|  0%| F|  |TAMS 0x000000008c900000, 0x000000008c900000| Untracked 
| 106|0x000000008ca00000, 0x000000008ca00000, 0x000000008cb00000|  0%| F|  |TAMS 0x000000008ca00000, 0x000000008ca00000| Untracked 
| 107|0x000000008cb00000, 0x000000008cb00000, 0x000000008cc00000|  0%| F|  |TAMS 0x000000008cb00000, 0x000000008cb00000| Untracked 
| 108|0x000000008cc00000, 0x000000008cc7b630, 0x000000008cd00000| 48%| E|  |TAMS 0x000000008cc00000, 0x000000008cc00000| Complete 
| 109|0x000000008cd00000, 0x000000008ce00000, 0x000000008ce00000|100%| E|CS|TAMS 0x000000008cd00000, 0x000000008cd00000| Complete 
| 110|0x000000008ce00000, 0x000000008cf00000, 0x000000008cf00000|100%| E|CS|TAMS 0x000000008ce00000, 0x000000008ce00000| Complete 
| 111|0x000000008cf00000, 0x000000008d000000, 0x000000008d000000|100%| E|CS|TAMS 0x000000008cf00000, 0x000000008cf00000| Complete 
| 112|0x000000008d000000, 0x000000008d100000, 0x000000008d100000|100%| E|CS|TAMS 0x000000008d000000, 0x000000008d000000| Complete 
| 113|0x000000008d100000, 0x000000008d200000, 0x000000008d200000|100%| E|CS|TAMS 0x000000008d100000, 0x000000008d100000| Complete 
| 114|0x000000008d200000, 0x000000008d300000, 0x000000008d300000|100%| E|CS|TAMS 0x000000008d200000, 0x000000008d200000| Complete 
| 115|0x000000008d300000, 0x000000008d400000, 0x000000008d400000|100%| E|  |TAMS 0x000000008d300000, 0x000000008d300000| Complete 
| 116|0x000000008d400000, 0x000000008d500000, 0x000000008d500000|100%| E|CS|TAMS 0x000000008d400000, 0x000000008d400000| Complete 
| 117|0x000000008d500000, 0x000000008d600000, 0x000000008d600000|100%| E|CS|TAMS 0x000000008d500000, 0x000000008d500000| Complete 
| 118|0x000000008d600000, 0x000000008d700000, 0x000000008d700000|100%| E|CS|TAMS 0x000000008d600000, 0x000000008d600000| Complete 
| 119|0x000000008d700000, 0x000000008d800000, 0x000000008d800000|100%| E|CS|TAMS 0x000000008d700000, 0x000000008d700000| Complete 
| 120|0x000000008d800000, 0x000000008d900000, 0x000000008d900000|100%| E|CS|TAMS 0x000000008d800000, 0x000000008d800000| Complete 
| 121|0x000000008d900000, 0x000000008da00000, 0x000000008da00000|100%| E|CS|TAMS 0x000000008d900000, 0x000000008d900000| Complete 
|1950|0x00000000ffe00000, 0x00000000ffe48000, 0x00000000fff00000| 28%|OA|  |TAMS 0x00000000ffe00000, 0x00000000ffe00000| Untracked 
|1951|0x00000000fff00000, 0x00000000fff6c000, 0x0000000100000000| 42%|CA|  |TAMS 0x00000000fff00000, 0x00000000fff00000| Untracked 

Card table byte_map: [0x00007fd461bbd000,0x00007fd461f8d000] _byte_map_base: 0x00007fd46178d000

Marking Bits (Prev, Next): (CMBitMap*) 0x00007fd45c059478, (CMBitMap*) 0x00007fd45c0594b0
 Prev Bits: [0x00007fd43e180000, 0x00007fd440000000)
 Next Bits: [0x00007fd43c300000, 0x00007fd43e180000)

Polling page: 0x00007fd464f54000

Metaspace:

Usage:
  Non-class:      5.82 MB capacity,     3.37 MB ( 58%) used,     2.45 MB ( 42%) free+waste,     5.69 KB ( <1%) overhead. 
      Class:    681.00 KB capacity,   396.06 KB ( 58%) used,   282.06 KB ( 41%) free+waste,     2.88 KB ( <1%) overhead. 
       Both:      6.49 MB capacity,     3.76 MB ( 58%) used,     2.72 MB ( 42%) free+waste,     8.56 KB ( <1%) overhead. 

Virtual space:
  Non-class space:        8.00 MB reserved,       6.00 MB ( 75%) committed 
      Class space:        1.00 GB reserved,     768.00 KB ( <1%) committed 
             Both:        1.01 GB reserved,       6.75 MB ( <1%) committed 

Chunk freelists:
   Non-Class:  0 bytes
       Class:  0 bytes
        Both:  0 bytes

MaxMetaspaceSize: unlimited
CompressedClassSpaceSize: 1.00 GB
Initial GC threshold: 20.80 MB
Current GC threshold: 20.80 MB
CDS: on

CodeHeap 'non-profiled nmethods': size=119172Kb used=291Kb max_used=291Kb free=118880Kb
 bounds [0x00007fd44c35e000, 0x00007fd44c5ce000, 0x00007fd4537bf000]
CodeHeap 'profiled nmethods': size=119168Kb used=1953Kb max_used=1953Kb free=117214Kb
 bounds [0x00007fd444efe000, 0x00007fd44516e000, 0x00007fd44c35e000]
CodeHeap 'non-nmethods': size=7420Kb used=1203Kb max_used=1792Kb free=6216Kb
 bounds [0x00007fd4447bf000, 0x00007fd444a2f000, 0x00007fd444efe000]
 total_blobs=1423 nmethods=1027 adapters=318
 compilation: enabled
              stopped_count=0, restarted_count=0
 full_count=0

Compilation events (20 events):
Event: 1.373 Thread 0x00007fd40c0a1800 1008       4       java.lang.ThreadLocal::get (38 bytes)
Event: 1.373 Thread 0x00007fd45c14e000 nmethod 1017 0x00007fd4450e5e10 code [0x00007fd4450e5fe0, 0x00007fd4450e6490]
Event: 1.374 Thread 0x00007fd40c0a1800 nmethod 1008 0x00007fd44c3a0d90 code [0x00007fd44c3a0f40, 0x00007fd44c3a1138]
Event: 1.374 Thread 0x00007fd40c0a1800 1018       4       java.lang.String::indexOf (65 bytes)
Event: 1.375 Thread 0x00007fd40c0a1800 nmethod 1018 0x00007fd44c3a1310 code [0x00007fd44c3a14a0, 0x00007fd44c3a1818]
Event: 1.375 Thread 0x00007fd40c0a1800 1019       4       java.lang.ThreadLocal$ThreadLocalMap::getEntry (42 bytes)
Event: 1.375 Thread 0x00007fd45c14c000 nmethod 1006 0x00007fd44c3a1910 code [0x00007fd44c3a1aa0, 0x00007fd44c3a1eb8]
Event: 1.375 Thread 0x00007fd40c0a1800 nmethod 1019 0x00007fd44c3a2090 code [0x00007fd44c3a2240, 0x00007fd44c3a23e8]
Event: 1.376 Thread 0x00007fd45c14c000 1020       4       java.lang.StringCoding::resultCached (50 bytes)
Event: 1.377 Thread 0x00007fd45c14c000 nmethod 1020 0x00007fd44c3a2590 code [0x00007fd44c3a2760, 0x00007fd44c3a2a18]
Event: 1.819 Thread 0x00007fd40c0a1800 1021       4       java.lang.String::substring (58 bytes)
Event: 1.825 Thread 0x00007fd40c0a1800 nmethod 1021 0x00007fd44c3a2d10 code [0x00007fd44c3a2ec0, 0x00007fd44c3a3418]
Event: 11.716 Thread 0x00007fd45c14c000 1022       4       java.util.HashMap::resize (356 bytes)
Event: 11.726 Thread 0x00007fd45c14c000 nmethod 1022 0x00007fd44c3a3f90 code [0x00007fd44c3a4180, 0x00007fd44c3a4f08]
Event: 11.726 Thread 0x00007fd45c14c000 1027       4       java.util.HashMap::get (23 bytes)
Event: 11.728 Thread 0x00007fd45c14c000 nmethod 1027 0x00007fd44c3a5290 code [0x00007fd44c3a5460, 0x00007fd44c3a5818]
Event: 11.728 Thread 0x00007fd45c14c000 1024       4       java.lang.StringCoding::decodeUTF8 (39 bytes)
Event: 11.732 Thread 0x00007fd45c14c000 nmethod 1024 0x00007fd44c3a5b90 code [0x00007fd44c3a5d60, 0x00007fd44c3a65b8]
Event: 11.732 Thread 0x00007fd45c14c000 1026       4       java.lang.String::checkBoundsOffCount (61 bytes)
Event: 11.732 Thread 0x00007fd45c14c000 nmethod 1026 0x00007fd44c3a6a90 code [0x00007fd44c3a6c20, 0x00007fd44c3a6cb8]

GC Heap History (0 events):
No events

Deoptimization events (20 events):
Event: 1.255 Thread 0x00007fd45c016800 DEOPT PACKING pc=0x00007fd444f38262 sp=0x00007fd4636dece0
Event: 1.255 Thread 0x00007fd45c016800 DEOPT UNPACKING pc=0x00007fd44480964a sp=0x00007fd4636de1f0 mode 0
Event: 1.335 Thread 0x00007fd45c016800 Uncommon trap: trap_request=0xffffff76 fr.pc=0x00007fd44c3680e8 relative=0x0000000000000148
Event: 1.335 Thread 0x00007fd45c016800 Uncommon trap: reason=loop_limit_check action=maybe_recompile pc=0x00007fd44c3680e8 method=java.lang.StringLatin1.lastIndexOf([BII)I @ 19 c2
Event: 1.335 Thread 0x00007fd45c016800 DEOPT PACKING pc=0x00007fd44c3680e8 sp=0x00007fd4636e1260
Event: 1.335 Thread 0x00007fd45c016800 DEOPT UNPACKING pc=0x00007fd444808ea5 sp=0x00007fd4636e1210 mode 2
Event: 1.354 Thread 0x00007fd45c016800 Uncommon trap: trap_request=0xffffff4d fr.pc=0x00007fd44c388294 relative=0x00000000000003f4
Event: 1.354 Thread 0x00007fd45c016800 Uncommon trap: reason=unstable_if action=reinterpret pc=0x00007fd44c388294 method=java.lang.StringUTF16.compress([CI[BII)I @ 20 c2
Event: 1.354 Thread 0x00007fd45c016800 DEOPT PACKING pc=0x00007fd44c388294 sp=0x00007fd4636e1420
Event: 1.354 Thread 0x00007fd45c016800 DEOPT UNPACKING pc=0x00007fd444808ea5 sp=0x00007fd4636e13c0 mode 2
Event: 1.355 Thread 0x00007fd45c016800 DEOPT PACKING pc=0x00007fd44500ac75 sp=0x00007fd4636e13f0
Event: 1.355 Thread 0x00007fd45c016800 DEOPT UNPACKING pc=0x00007fd44480964a sp=0x00007fd4636e0890 mode 0
Event: 1.355 Thread 0x00007fd45c016800 Uncommon trap: trap_request=0xffffff4d fr.pc=0x00007fd44c38363c relative=0x000000000000027c
Event: 1.355 Thread 0x00007fd45c016800 Uncommon trap: reason=unstable_if action=reinterpret pc=0x00007fd44c38363c method=java.util.HashMap.getNode(ILjava/lang/Object;)Ljava/util/HashMap$Node; @ 84 c2
Event: 1.355 Thread 0x00007fd45c016800 DEOPT PACKING pc=0x00007fd44c38363c sp=0x00007fd4636e1430
Event: 1.355 Thread 0x00007fd45c016800 DEOPT UNPACKING pc=0x00007fd444808ea5 sp=0x00007fd4636e1380 mode 2
Event: 1.355 Thread 0x00007fd45c016800 Uncommon trap: trap_request=0xffffff4d fr.pc=0x00007fd44c380e80 relative=0x0000000000000240
Event: 1.355 Thread 0x00007fd45c016800 Uncommon trap: reason=unstable_if action=reinterpret pc=0x00007fd44c380e80 method=java.util.HashMap.getNode(ILjava/lang/Object;)Ljava/util/HashMap$Node; @ 84 c2
Event: 1.355 Thread 0x00007fd45c016800 DEOPT PACKING pc=0x00007fd44c380e80 sp=0x00007fd4636e13b0
Event: 1.355 Thread 0x00007fd45c016800 DEOPT UNPACKING pc=0x00007fd444808ea5 sp=0x00007fd4636e1378 mode 2

Classes redefined (0 events):
No events

Internal exceptions (20 events):
Event: 1.071 Thread 0x00007fd45c016800 Exception <a 'java/security/PrivilegedActionException'{0x000000008d3810c0}> (0x000000008d3810c0) thrown at [./src/hotspot/share/prims/jvm.cpp, line 1304]
Event: 1.071 Thread 0x00007fd45c016800 Exception <a 'java/security/PrivilegedActionException'{0x000000008d381390}> (0x000000008d381390) thrown at [./src/hotspot/share/prims/jvm.cpp, line 1304]
Event: 1.071 Thread 0x00007fd45c016800 Exception <a 'java/security/PrivilegedActionException'{0x000000008d381da0}> (0x000000008d381da0) thrown at [./src/hotspot/share/prims/jvm.cpp, line 1304]
Event: 1.071 Thread 0x00007fd45c016800 Exception <a 'java/security/PrivilegedActionException'{0x000000008d382070}> (0x000000008d382070) thrown at [./src/hotspot/share/prims/jvm.cpp, line 1304]
Event: 1.071 Thread 0x00007fd45c016800 Exception <a 'java/security/PrivilegedActionException'{0x000000008d382aa0}> (0x000000008d382aa0) thrown at [./src/hotspot/share/prims/jvm.cpp, line 1304]
Event: 1.071 Thread 0x00007fd45c016800 Exception <a 'java/security/PrivilegedActionException'{0x000000008d382d70}> (0x000000008d382d70) thrown at [./src/hotspot/share/prims/jvm.cpp, line 1304]
Event: 1.071 Thread 0x00007fd45c016800 Exception <a 'java/security/PrivilegedActionException'{0x000000008d383788}> (0x000000008d383788) thrown at [./src/hotspot/share/prims/jvm.cpp, line 1304]
Event: 1.071 Thread 0x00007fd45c016800 Exception <a 'java/security/PrivilegedActionException'{0x000000008d383a58}> (0x000000008d383a58) thrown at [./src/hotspot/share/prims/jvm.cpp, line 1304]
Event: 1.071 Thread 0x00007fd45c016800 Exception <a 'java/security/PrivilegedActionException'{0x000000008d384470}> (0x000000008d384470) thrown at [./src/hotspot/share/prims/jvm.cpp, line 1304]
Event: 1.071 Thread 0x00007fd45c016800 Exception <a 'java/security/PrivilegedActionException'{0x000000008d384740}> (0x000000008d384740) thrown at [./src/hotspot/share/prims/jvm.cpp, line 1304]
Event: 1.071 Thread 0x00007fd45c016800 Exception <a 'java/security/PrivilegedActionException'{0x000000008d385178}> (0x000000008d385178) thrown at [./src/hotspot/share/prims/jvm.cpp, line 1304]
Event: 1.071 Thread 0x00007fd45c016800 Exception <a 'java/security/PrivilegedActionException'{0x000000008d385448}> (0x000000008d385448) thrown at [./src/hotspot/share/prims/jvm.cpp, line 1304]
Event: 1.071 Thread 0x00007fd45c016800 Exception <a 'java/security/PrivilegedActionException'{0x000000008d385e78}> (0x000000008d385e78) thrown at [./src/hotspot/share/prims/jvm.cpp, line 1304]
Event: 1.071 Thread 0x00007fd45c016800 Exception <a 'java/security/PrivilegedActionException'{0x000000008d386148}> (0x000000008d386148) thrown at [./src/hotspot/share/prims/jvm.cpp, line 1304]
Event: 1.071 Thread 0x00007fd45c016800 Exception <a 'java/security/PrivilegedActionException'{0x000000008d386b80}> (0x000000008d386b80) thrown at [./src/hotspot/share/prims/jvm.cpp, line 1304]
Event: 1.071 Thread 0x00007fd45c016800 Exception <a 'java/security/PrivilegedActionException'{0x000000008d386e50}> (0x000000008d386e50) thrown at [./src/hotspot/share/prims/jvm.cpp, line 1304]
Event: 1.071 Thread 0x00007fd45c016800 Exception <a 'java/security/PrivilegedActionException'{0x000000008d387868}> (0x000000008d387868) thrown at [./src/hotspot/share/prims/jvm.cpp, line 1304]
Event: 1.071 Thread 0x00007fd45c016800 Exception <a 'java/security/PrivilegedActionException'{0x000000008d387b38}> (0x000000008d387b38) thrown at [./src/hotspot/share/prims/jvm.cpp, line 1304]
Event: 1.071 Thread 0x00007fd45c016800 Exception <a 'java/security/PrivilegedActionException'{0x000000008d388588}> (0x000000008d388588) thrown at [./src/hotspot/share/prims/jvm.cpp, line 1304]
Event: 1.071 Thread 0x00007fd45c016800 Exception <a 'java/security/PrivilegedActionException'{0x000000008d388858}> (0x000000008d388858) thrown at [./src/hotspot/share/prims/jvm.cpp, line 1304]

Events (20 events):
Event: 11.737 Executing VM operation: GetFrameCount
Event: 11.737 Executing VM operation: GetFrameCount done
Event: 11.737 Executing VM operation: GetFrameCount
Event: 11.737 Executing VM operation: GetFrameCount done
Event: 11.737 Executing VM operation: GetStackTrace
Event: 11.737 Executing VM operation: GetStackTrace done
Event: 11.739 Executing VM operation: GetOrSetLocal
Event: 11.739 Executing VM operation: GetOrSetLocal done
Event: 11.739 Executing VM operation: GetOrSetLocal
Event: 11.740 Executing VM operation: GetOrSetLocal done
Event: 11.740 Executing VM operation: GetOrSetLocal
Event: 11.740 Executing VM operation: GetOrSetLocal done
Event: 11.740 Executing VM operation: GetOrSetLocal
Event: 11.740 Executing VM operation: GetOrSetLocal done
Event: 11.740 Executing VM operation: GetOrSetLocal
Event: 11.740 Executing VM operation: GetOrSetLocal done
Event: 11.740 Executing VM operation: GetFrameLocation
Event: 11.741 Executing VM operation: GetFrameLocation done
Event: 11.741 Executing VM operation: GetOrSetLocal
Event: 11.741 Executing VM operation: GetOrSetLocal done


Dynamic libraries:
86000000-8da00000 rw-p 00000000 00:00 0 
8da00000-ffe00000 ---p 00000000 00:00 0 
ffe00000-ffe48000 rw-p 00b14000 08:20 29394                              /usr/lib/jvm/java-11-openjdk-amd64/lib/server/classes.jsa
ffe48000-fff00000 rw-p 00000000 00:00 0 
fff00000-fff6c000 rw-p 00aa8000 08:20 29394                              /usr/lib/jvm/java-11-openjdk-amd64/lib/server/classes.jsa
fff6c000-100000000 rw-p 00000000 00:00 0 
800000000-800002000 rwxp 00001000 08:20 29394                            /usr/lib/jvm/java-11-openjdk-amd64/lib/server/classes.jsa
800002000-800aa7000 rw-p 00003000 08:20 29394                            /usr/lib/jvm/java-11-openjdk-amd64/lib/server/classes.jsa
840000000-8400c0000 rw-p 00000000 00:00 0 
8400c0000-880000000 ---p 00000000 00:00 0 
55dc2462c000-55dc2462d000 r--p 00000000 08:20 58380                      /usr/lib/jvm/java-11-openjdk-amd64/bin/java
55dc2462d000-55dc2462e000 r-xp 00001000 08:20 58380                      /usr/lib/jvm/java-11-openjdk-amd64/bin/java
55dc2462e000-55dc2462f000 r--p 00002000 08:20 58380                      /usr/lib/jvm/java-11-openjdk-amd64/bin/java
55dc2462f000-55dc24630000 r--p 00002000 08:20 58380                      /usr/lib/jvm/java-11-openjdk-amd64/bin/java
55dc24630000-55dc24631000 rw-p 00003000 08:20 58380                      /usr/lib/jvm/java-11-openjdk-amd64/bin/java
55dc63101000-55dc63122000 rw-p 00000000 00:00 0                          [heap]
7fd3dd52c000-7fd3dde52000 r--p 00000000 08:20 227212                     /home/itshandable/.javacpp/cache/llvm-13.0.1-1.5.7-linux-x86_64.jar/org/bytedeco/llvm/linux-x86_64/libLLVM-13.so
7fd3dde52000-7fd3e1815000 r-xp 00926000 08:20 227212                     /home/itshandable/.javacpp/cache/llvm-13.0.1-1.5.7-linux-x86_64.jar/org/bytedeco/llvm/linux-x86_64/libLLVM-13.so
7fd3e1815000-7fd3e3a6a000 r--p 042e9000 08:20 227212                     /home/itshandable/.javacpp/cache/llvm-13.0.1-1.5.7-linux-x86_64.jar/org/bytedeco/llvm/linux-x86_64/libLLVM-13.so
7fd3e3a6a000-7fd3e3f7f000 r--p 0653d000 08:20 227212                     /home/itshandable/.javacpp/cache/llvm-13.0.1-1.5.7-linux-x86_64.jar/org/bytedeco/llvm/linux-x86_64/libLLVM-13.so
7fd3e3f7f000-7fd3e3f8a000 rw-p 06a52000 08:20 227212                     /home/itshandable/.javacpp/cache/llvm-13.0.1-1.5.7-linux-x86_64.jar/org/bytedeco/llvm/linux-x86_64/libLLVM-13.so
7fd3e3f8a000-7fd3e4000000 rw-p 00000000 00:00 0 
7fd3e4000000-7fd3e4056000 rw-p 00000000 00:00 0 
7fd3e4056000-7fd3e8000000 ---p 00000000 00:00 0 
7fd3ec000000-7fd3ec021000 rw-p 00000000 00:00 0 
7fd3ec021000-7fd3f0000000 ---p 00000000 00:00 0 
7fd3f0000000-7fd3f0021000 rw-p 00000000 00:00 0 
7fd3f0021000-7fd3f4000000 ---p 00000000 00:00 0 
7fd3f4000000-7fd3f4021000 rw-p 00000000 00:00 0 
7fd3f4021000-7fd3f8000000 ---p 00000000 00:00 0 
7fd3f8000000-7fd3f8021000 rw-p 00000000 00:00 0 
7fd3f8021000-7fd3fc000000 ---p 00000000 00:00 0 
7fd3fc000000-7fd3fc05d000 rw-p 00000000 00:00 0 
7fd3fc05d000-7fd400000000 ---p 00000000 00:00 0 
7fd400000000-7fd400021000 rw-p 00000000 00:00 0 
7fd400021000-7fd404000000 ---p 00000000 00:00 0 
7fd404000000-7fd404021000 rw-p 00000000 00:00 0 
7fd404021000-7fd408000000 ---p 00000000 00:00 0 
7fd408000000-7fd4080e1000 rw-p 00000000 00:00 0 
7fd4080e1000-7fd40c000000 ---p 00000000 00:00 0 
7fd40c000000-7fd40c254000 rw-p 00000000 00:00 0 
7fd40c254000-7fd410000000 ---p 00000000 00:00 0 
7fd410000000-7fd4104da000 rw-p 00000000 00:00 0 
7fd4104da000-7fd414000000 ---p 00000000 00:00 0 
7fd414000000-7fd414021000 rw-p 00000000 00:00 0 
7fd414021000-7fd418000000 ---p 00000000 00:00 0 
7fd418000000-7fd418021000 rw-p 00000000 00:00 0 
7fd418021000-7fd41c000000 ---p 00000000 00:00 0 
7fd41c000000-7fd41c021000 rw-p 00000000 00:00 0 
7fd41c021000-7fd420000000 ---p 00000000 00:00 0 
7fd420000000-7fd420021000 rw-p 00000000 00:00 0 
7fd420021000-7fd424000000 ---p 00000000 00:00 0 
7fd424000000-7fd424021000 rw-p 00000000 00:00 0 
7fd424021000-7fd428000000 ---p 00000000 00:00 0 
7fd428000000-7fd428021000 rw-p 00000000 00:00 0 
7fd428021000-7fd42c000000 ---p 00000000 00:00 0 
7fd42c000000-7fd42c021000 rw-p 00000000 00:00 0 
7fd42c021000-7fd430000000 ---p 00000000 00:00 0 
7fd430000000-7fd430021000 rw-p 00000000 00:00 0 
7fd430021000-7fd434000000 ---p 00000000 00:00 0 
7fd4352f9000-7fd43535e000 r--p 00000000 08:20 227234                     /home/itshandable/.javacpp/cache/llvm-13.0.1-1.5.7-linux-x86_64.jar/org/bytedeco/llvm/linux-x86_64/libjniLLVM.so
7fd43535e000-7fd4353cc000 r-xp 00065000 08:20 227234                     /home/itshandable/.javacpp/cache/llvm-13.0.1-1.5.7-linux-x86_64.jar/org/bytedeco/llvm/linux-x86_64/libjniLLVM.so
7fd4353cc000-7fd4353f7000 r--p 000d3000 08:20 227234                     /home/itshandable/.javacpp/cache/llvm-13.0.1-1.5.7-linux-x86_64.jar/org/bytedeco/llvm/linux-x86_64/libjniLLVM.so
7fd4353f7000-7fd4353fa000 r--p 000fd000 08:20 227234                     /home/itshandable/.javacpp/cache/llvm-13.0.1-1.5.7-linux-x86_64.jar/org/bytedeco/llvm/linux-x86_64/libjniLLVM.so
7fd4353fa000-7fd4353fd000 rw-p 00100000 08:20 227234                     /home/itshandable/.javacpp/cache/llvm-13.0.1-1.5.7-linux-x86_64.jar/org/bytedeco/llvm/linux-x86_64/libjniLLVM.so
7fd4353fd000-7fd4353ff000 rw-p 00000000 00:00 0 
7fd4353ff000-7fd435403000 ---p 00000000 00:00 0 
7fd435403000-7fd4354ff000 rw-p 00000000 00:00 0 
7fd4354ff000-7fd435503000 ---p 00000000 00:00 0 
7fd435503000-7fd4355ff000 rw-p 00000000 00:00 0 
7fd4355ff000-7fd435603000 ---p 00000000 00:00 0 
7fd435603000-7fd4356ff000 rw-p 00000000 00:00 0 
7fd4356ff000-7fd435700000 ---p 00000000 00:00 0 
7fd435700000-7fd435e00000 rw-p 00000000 00:00 0 
7fd435e00000-7fd436000000 ---p 00000000 00:00 0 
7fd436000000-7fd438000000 rw-p 00000000 00:00 0 
7fd438000000-7fd438021000 rw-p 00000000 00:00 0 
7fd438021000-7fd43c000000 ---p 00000000 00:00 0 
7fd43c000000-7fd43c004000 ---p 00000000 00:00 0 
7fd43c004000-7fd43c100000 rw-p 00000000 00:00 0 
7fd43c100000-7fd43c104000 ---p 00000000 00:00 0 
7fd43c104000-7fd43c200000 rw-p 00000000 00:00 0 
7fd43c200000-7fd43c204000 ---p 00000000 00:00 0 
7fd43c204000-7fd43c4e8000 rw-p 00000000 00:00 0 
7fd43c4e8000-7fd43e178000 ---p 00000000 00:00 0 
7fd43e178000-7fd43e368000 rw-p 00000000 00:00 0 
7fd43e368000-7fd43fff8000 ---p 00000000 00:00 0 
7fd43fff8000-7fd440000000 rw-p 00000000 00:00 0 
7fd440000000-7fd440021000 rw-p 00000000 00:00 0 
7fd440021000-7fd444000000 ---p 00000000 00:00 0 
7fd4440ac000-7fd4440b3000 r--p 00000000 08:20 227217                     /home/itshandable/.javacpp/cache/llvm-13.0.1-1.5.7-linux-x86_64.jar/org/bytedeco/llvm/linux-x86_64/libLTO.so.13
7fd4440b3000-7fd4440bb000 r-xp 00007000 08:20 227217                     /home/itshandable/.javacpp/cache/llvm-13.0.1-1.5.7-linux-x86_64.jar/org/bytedeco/llvm/linux-x86_64/libLTO.so.13
7fd4440bb000-7fd4440bd000 r--p 0000f000 08:20 227217                     /home/itshandable/.javacpp/cache/llvm-13.0.1-1.5.7-linux-x86_64.jar/org/bytedeco/llvm/linux-x86_64/libLTO.so.13
7fd4440bd000-7fd4440be000 r--p 00010000 08:20 227217                     /home/itshandable/.javacpp/cache/llvm-13.0.1-1.5.7-linux-x86_64.jar/org/bytedeco/llvm/linux-x86_64/libLTO.so.13
7fd4440be000-7fd4440bf000 rw-p 00011000 08:20 227217                     /home/itshandable/.javacpp/cache/llvm-13.0.1-1.5.7-linux-x86_64.jar/org/bytedeco/llvm/linux-x86_64/libLTO.so.13
7fd4440bf000-7fd4440c3000 ---p 00000000 00:00 0 
7fd4440c3000-7fd4441bf000 rw-p 00000000 00:00 0 
7fd4441bf000-7fd4441c3000 ---p 00000000 00:00 0 
7fd4441c3000-7fd4442bf000 rw-p 00000000 00:00 0 
7fd4442bf000-7fd4442c3000 ---p 00000000 00:00 0 
7fd4442c3000-7fd4443bf000 rw-p 00000000 00:00 0 
7fd4443bf000-7fd4443c3000 ---p 00000000 00:00 0 
7fd4443c3000-7fd4444bf000 rw-p 00000000 00:00 0 
7fd4444bf000-7fd4444c3000 ---p 00000000 00:00 0 
7fd4444c3000-7fd4445bf000 rw-p 00000000 00:00 0 
7fd4445bf000-7fd4445c3000 ---p 00000000 00:00 0 
7fd4445c3000-7fd4446bf000 rw-p 00000000 00:00 0 
7fd4446bf000-7fd4446c3000 ---p 00000000 00:00 0 
7fd4446c3000-7fd4447bf000 rw-p 00000000 00:00 0 
7fd4447bf000-7fd444a2f000 rwxp 00000000 00:00 0 
7fd444a2f000-7fd444efe000 ---p 00000000 00:00 0 
7fd444efe000-7fd44516e000 rwxp 00000000 00:00 0 
7fd44516e000-7fd44c35e000 ---p 00000000 00:00 0 
7fd44c35e000-7fd44c5ce000 rwxp 00000000 00:00 0 
7fd44c5ce000-7fd4537bf000 ---p 00000000 00:00 0 
7fd4537bf000-7fd45c000000 r--s 00000000 08:20 58738                      /usr/lib/jvm/java-11-openjdk-amd64/lib/modules
7fd45c000000-7fd45c3e0000 rw-p 00000000 00:00 0 
7fd45c3e0000-7fd460000000 ---p 00000000 00:00 0 
7fd46000c000-7fd46000d000 r--p 00000000 08:20 64938                      /usr/lib/x86_64-linux-gnu/libdl.so.2
7fd46000d000-7fd46000e000 r-xp 00001000 08:20 64938                      /usr/lib/x86_64-linux-gnu/libdl.so.2
7fd46000e000-7fd46000f000 r--p 00002000 08:20 64938                      /usr/lib/x86_64-linux-gnu/libdl.so.2
7fd46000f000-7fd460010000 r--p 00002000 08:20 64938                      /usr/lib/x86_64-linux-gnu/libdl.so.2
7fd460010000-7fd460011000 rw-p 00003000 08:20 64938                      /usr/lib/x86_64-linux-gnu/libdl.so.2
7fd460011000-7fd460012000 r--p 00000000 08:20 64948                      /usr/lib/x86_64-linux-gnu/libpthread.so.0
7fd460012000-7fd460013000 r-xp 00001000 08:20 64948                      /usr/lib/x86_64-linux-gnu/libpthread.so.0
7fd460013000-7fd460014000 r--p 00002000 08:20 64948                      /usr/lib/x86_64-linux-gnu/libpthread.so.0
7fd460014000-7fd460015000 r--p 00002000 08:20 64948                      /usr/lib/x86_64-linux-gnu/libpthread.so.0
7fd460015000-7fd460016000 rw-p 00003000 08:20 64948                      /usr/lib/x86_64-linux-gnu/libpthread.so.0
7fd46001f000-7fd460020000 r--p 00000000 08:20 227228                     /home/itshandable/.javacpp/cache/llvm-13.0.1-1.5.7-linux-x86_64.jar/org/bytedeco/llvm/linux-x86_64/libRemarks.so.13
7fd460020000-7fd460021000 r-xp 00001000 08:20 227228                     /home/itshandable/.javacpp/cache/llvm-13.0.1-1.5.7-linux-x86_64.jar/org/bytedeco/llvm/linux-x86_64/libRemarks.so.13
7fd460021000-7fd460022000 r--p 00002000 08:20 227228                     /home/itshandable/.javacpp/cache/llvm-13.0.1-1.5.7-linux-x86_64.jar/org/bytedeco/llvm/linux-x86_64/libRemarks.so.13
7fd460022000-7fd460023000 r--p 00002000 08:20 227228                     /home/itshandable/.javacpp/cache/llvm-13.0.1-1.5.7-linux-x86_64.jar/org/bytedeco/llvm/linux-x86_64/libRemarks.so.13
7fd460023000-7fd460024000 rw-p 00003000 08:20 227228                     /home/itshandable/.javacpp/cache/llvm-13.0.1-1.5.7-linux-x86_64.jar/org/bytedeco/llvm/linux-x86_64/libRemarks.so.13
7fd460024000-7fd460028000 r--p 00000000 08:20 227196                     /home/itshandable/.javacpp/cache/javacpp-1.5.7-linux-x86_64.jar/org/bytedeco/javacpp/linux-x86_64/libjnijavacpp.so
7fd460028000-7fd46002f000 r-xp 00004000 08:20 227196                     /home/itshandable/.javacpp/cache/javacpp-1.5.7-linux-x86_64.jar/org/bytedeco/javacpp/linux-x86_64/libjnijavacpp.so
7fd46002f000-7fd460033000 r--p 0000b000 08:20 227196                     /home/itshandable/.javacpp/cache/javacpp-1.5.7-linux-x86_64.jar/org/bytedeco/javacpp/linux-x86_64/libjnijavacpp.so
7fd460033000-7fd460034000 r--p 0000e000 08:20 227196                     /home/itshandable/.javacpp/cache/javacpp-1.5.7-linux-x86_64.jar/org/bytedeco/javacpp/linux-x86_64/libjnijavacpp.so
7fd460034000-7fd460035000 rw-p 0000f000 08:20 227196                     /home/itshandable/.javacpp/cache/javacpp-1.5.7-linux-x86_64.jar/org/bytedeco/javacpp/linux-x86_64/libjnijavacpp.so
7fd460035000-7fd460066000 rw-p 00000000 00:00 0 
7fd460066000-7fd46006a000 r--p 00000000 08:20 58728                      /usr/lib/jvm/java-11-openjdk-amd64/lib/libnet.so
7fd46006a000-7fd460078000 r-xp 00004000 08:20 58728                      /usr/lib/jvm/java-11-openjdk-amd64/lib/libnet.so
7fd460078000-7fd46007c000 r--p 00012000 08:20 58728                      /usr/lib/jvm/java-11-openjdk-amd64/lib/libnet.so
7fd46007c000-7fd46007d000 r--p 00015000 08:20 58728                      /usr/lib/jvm/java-11-openjdk-amd64/lib/libnet.so
7fd46007d000-7fd46007e000 rw-p 00016000 08:20 58728                      /usr/lib/jvm/java-11-openjdk-amd64/lib/libnet.so
7fd46007e000-7fd460085000 r--p 00000000 08:20 58729                      /usr/lib/jvm/java-11-openjdk-amd64/lib/libnio.so
7fd460085000-7fd46008d000 r-xp 00007000 08:20 58729                      /usr/lib/jvm/java-11-openjdk-amd64/lib/libnio.so
7fd46008d000-7fd460090000 r--p 0000f000 08:20 58729                      /usr/lib/jvm/java-11-openjdk-amd64/lib/libnio.so
7fd460090000-7fd460091000 r--p 00011000 08:20 58729                      /usr/lib/jvm/java-11-openjdk-amd64/lib/libnio.so
7fd460091000-7fd460092000 rw-p 00012000 08:20 58729                      /usr/lib/jvm/java-11-openjdk-amd64/lib/libnio.so
7fd460092000-7fd460094000 r--p 00000000 08:20 58709                      /usr/lib/jvm/java-11-openjdk-amd64/lib/libdt_socket.so
7fd460094000-7fd460097000 r-xp 00002000 08:20 58709                      /usr/lib/jvm/java-11-openjdk-amd64/lib/libdt_socket.so
7fd460097000-7fd460098000 r--p 00005000 08:20 58709                      /usr/lib/jvm/java-11-openjdk-amd64/lib/libdt_socket.so
7fd460098000-7fd460099000 ---p 00006000 08:20 58709                      /usr/lib/jvm/java-11-openjdk-amd64/lib/libdt_socket.so
7fd460099000-7fd46009a000 r--p 00006000 08:20 58709                      /usr/lib/jvm/java-11-openjdk-amd64/lib/libdt_socket.so
7fd46009a000-7fd46009b000 rw-p 00007000 08:20 58709                      /usr/lib/jvm/java-11-openjdk-amd64/lib/libdt_socket.so
7fd46009b000-7fd46009f000 ---p 00000000 00:00 0 
7fd46009f000-7fd46019b000 rw-p 00000000 00:00 0 
7fd46019b000-7fd46019c000 ---p 00000000 00:00 0 
7fd46019c000-7fd4603e2000 rw-p 00000000 00:00 0 
7fd4603e2000-7fd4603e3000 ---p 00000000 00:00 0 
7fd4603e3000-7fd4604e3000 rw-p 00000000 00:00 0 
7fd4604e3000-7fd4604e4000 ---p 00000000 00:00 0 
7fd4604e4000-7fd4614f3000 rw-p 00000000 00:00 0 
7fd4614f3000-7fd4614f4000 ---p 00000000 00:00 0 
7fd4614f4000-7fd4615f4000 rw-p 00000000 00:00 0 
7fd4615f4000-7fd4615f5000 ---p 00000000 00:00 0 
7fd4615f5000-7fd46182a000 rw-p 00000000 00:00 0 
7fd46182a000-7fd461bbc000 ---p 00000000 00:00 0 
7fd461bbc000-7fd461bfa000 rw-p 00000000 00:00 0 
7fd461bfa000-7fd461f8c000 ---p 00000000 00:00 0 
7fd461f8c000-7fd461fca000 rw-p 00000000 00:00 0 
7fd461fca000-7fd46235c000 ---p 00000000 00:00 0 
7fd46235c000-7fd46326c000 rw-p 00000000 00:00 0 
7fd46326c000-7fd46326d000 ---p 00000000 00:00 0 
7fd46326d000-7fd463372000 rw-p 00000000 00:00 0 
7fd463372000-7fd463456000 ---p 00000000 00:00 0 
7fd463456000-7fd46345b000 rw-p 00000000 00:00 0 
7fd46345b000-7fd46353f000 ---p 00000000 00:00 0 
7fd46353f000-7fd463544000 rw-p 00000000 00:00 0 
7fd463544000-7fd46354e000 ---p 00000000 00:00 0 
7fd46354e000-7fd463550000 r--p 00000000 08:20 58737                      /usr/lib/jvm/java-11-openjdk-amd64/lib/libzip.so
7fd463550000-7fd463555000 r-xp 00002000 08:20 58737                      /usr/lib/jvm/java-11-openjdk-amd64/lib/libzip.so
7fd463555000-7fd463557000 r--p 00007000 08:20 58737                      /usr/lib/jvm/java-11-openjdk-amd64/lib/libzip.so
7fd463557000-7fd463558000 r--p 00008000 08:20 58737                      /usr/lib/jvm/java-11-openjdk-amd64/lib/libzip.so
7fd463558000-7fd463559000 rw-p 00009000 08:20 58737                      /usr/lib/jvm/java-11-openjdk-amd64/lib/libzip.so
7fd463559000-7fd463561000 rw-s 00000000 08:20 2255                       /tmp/hsperfdata_itshandable/130923
7fd463561000-7fd463563000 r--p 00000000 08:20 58719                      /usr/lib/jvm/java-11-openjdk-amd64/lib/libjdwp.so
7fd463563000-7fd46358f000 r-xp 00002000 08:20 58719                      /usr/lib/jvm/java-11-openjdk-amd64/lib/libjdwp.so
7fd46358f000-7fd46359d000 r--p 0002e000 08:20 58719                      /usr/lib/jvm/java-11-openjdk-amd64/lib/libjdwp.so
7fd46359d000-7fd46359e000 r--p 0003b000 08:20 58719                      /usr/lib/jvm/java-11-openjdk-amd64/lib/libjdwp.so
7fd46359e000-7fd46359f000 rw-p 0003c000 08:20 58719                      /usr/lib/jvm/java-11-openjdk-amd64/lib/libjdwp.so
7fd46359f000-7fd4635ad000 r--p 00000000 08:20 58717                      /usr/lib/jvm/java-11-openjdk-amd64/lib/libjava.so
7fd4635ad000-7fd4635c3000 r-xp 0000e000 08:20 58717                      /usr/lib/jvm/java-11-openjdk-amd64/lib/libjava.so
7fd4635c3000-7fd4635ca000 r--p 00024000 08:20 58717                      /usr/lib/jvm/java-11-openjdk-amd64/lib/libjava.so
7fd4635ca000-7fd4635cb000 r--p 0002a000 08:20 58717                      /usr/lib/jvm/java-11-openjdk-amd64/lib/libjava.so
7fd4635cb000-7fd4635cc000 rw-p 0002b000 08:20 58717                      /usr/lib/jvm/java-11-openjdk-amd64/lib/libjava.so
7fd4635cc000-7fd4635cd000 rw-p 00000000 00:00 0 
7fd4635cd000-7fd4635d2000 r--p 00000000 08:20 58736                      /usr/lib/jvm/java-11-openjdk-amd64/lib/libverify.so
7fd4635d2000-7fd4635d9000 r-xp 00005000 08:20 58736                      /usr/lib/jvm/java-11-openjdk-amd64/lib/libverify.so
7fd4635d9000-7fd4635db000 r--p 0000c000 08:20 58736                      /usr/lib/jvm/java-11-openjdk-amd64/lib/libverify.so
7fd4635db000-7fd4635dd000 r--p 0000d000 08:20 58736                      /usr/lib/jvm/java-11-openjdk-amd64/lib/libverify.so
7fd4635dd000-7fd4635de000 rw-p 0000f000 08:20 58736                      /usr/lib/jvm/java-11-openjdk-amd64/lib/libverify.so
7fd4635de000-7fd4635df000 r--p 00000000 08:20 64951                      /usr/lib/x86_64-linux-gnu/librt.so.1
7fd4635df000-7fd4635e0000 r-xp 00001000 08:20 64951                      /usr/lib/x86_64-linux-gnu/librt.so.1
7fd4635e0000-7fd4635e1000 r--p 00002000 08:20 64951                      /usr/lib/x86_64-linux-gnu/librt.so.1
7fd4635e1000-7fd4635e2000 r--p 00002000 08:20 64951                      /usr/lib/x86_64-linux-gnu/librt.so.1
7fd4635e2000-7fd4635e3000 rw-p 00003000 08:20 64951                      /usr/lib/x86_64-linux-gnu/librt.so.1
7fd4635e3000-7fd4635e7000 ---p 00000000 00:00 0 
7fd4635e7000-7fd4636e3000 rw-p 00000000 00:00 0 
7fd4636e3000-7fd4636e6000 r--p 00000000 08:20 6709                       /usr/lib/x86_64-linux-gnu/libgcc_s.so.1
7fd4636e6000-7fd4636fd000 r-xp 00003000 08:20 6709                       /usr/lib/x86_64-linux-gnu/libgcc_s.so.1
7fd4636fd000-7fd463701000 r--p 0001a000 08:20 6709                       /usr/lib/x86_64-linux-gnu/libgcc_s.so.1
7fd463701000-7fd463702000 r--p 0001d000 08:20 6709                       /usr/lib/x86_64-linux-gnu/libgcc_s.so.1
7fd463702000-7fd463703000 rw-p 0001e000 08:20 6709                       /usr/lib/x86_64-linux-gnu/libgcc_s.so.1
7fd463703000-7fd463711000 r--p 00000000 08:20 64939                      /usr/lib/x86_64-linux-gnu/libm.so.6
7fd463711000-7fd46378d000 r-xp 0000e000 08:20 64939                      /usr/lib/x86_64-linux-gnu/libm.so.6
7fd46378d000-7fd4637e8000 r--p 0008a000 08:20 64939                      /usr/lib/x86_64-linux-gnu/libm.so.6
7fd4637e8000-7fd4637e9000 r--p 000e4000 08:20 64939                      /usr/lib/x86_64-linux-gnu/libm.so.6
7fd4637e9000-7fd4637ea000 rw-p 000e5000 08:20 64939                      /usr/lib/x86_64-linux-gnu/libm.so.6
7fd4637ea000-7fd463884000 r--p 00000000 08:20 6947                       /usr/lib/x86_64-linux-gnu/libstdc++.so.6.0.30
7fd463884000-7fd463995000 r-xp 0009a000 08:20 6947                       /usr/lib/x86_64-linux-gnu/libstdc++.so.6.0.30
7fd463995000-7fd463a04000 r--p 001ab000 08:20 6947                       /usr/lib/x86_64-linux-gnu/libstdc++.so.6.0.30
7fd463a04000-7fd463a05000 ---p 0021a000 08:20 6947                       /usr/lib/x86_64-linux-gnu/libstdc++.so.6.0.30
7fd463a05000-7fd463a10000 r--p 0021a000 08:20 6947                       /usr/lib/x86_64-linux-gnu/libstdc++.so.6.0.30
7fd463a10000-7fd463a13000 rw-p 00225000 08:20 6947                       /usr/lib/x86_64-linux-gnu/libstdc++.so.6.0.30
7fd463a13000-7fd463a16000 rw-p 00000000 00:00 0 
7fd463a16000-7fd463c99000 r--p 00000000 08:20 58741                      /usr/lib/jvm/java-11-openjdk-amd64/lib/server/libjvm.so
7fd463c99000-7fd464944000 r-xp 00283000 08:20 58741                      /usr/lib/jvm/java-11-openjdk-amd64/lib/server/libjvm.so
7fd464944000-7fd464ba0000 r--p 00f2e000 08:20 58741                      /usr/lib/jvm/java-11-openjdk-amd64/lib/server/libjvm.so
7fd464ba0000-7fd464c64000 r--p 01189000 08:20 58741                      /usr/lib/jvm/java-11-openjdk-amd64/lib/server/libjvm.so
7fd464c64000-7fd464c9f000 rw-p 0124d000 08:20 58741                      /usr/lib/jvm/java-11-openjdk-amd64/lib/server/libjvm.so
7fd464c9f000-7fd464cf9000 rw-p 00000000 00:00 0 
7fd464cf9000-7fd464d21000 r--p 00000000 08:20 64935                      /usr/lib/x86_64-linux-gnu/libc.so.6
7fd464d21000-7fd464eb6000 r-xp 00028000 08:20 64935                      /usr/lib/x86_64-linux-gnu/libc.so.6
7fd464eb6000-7fd464f0e000 r--p 001bd000 08:20 64935                      /usr/lib/x86_64-linux-gnu/libc.so.6
7fd464f0e000-7fd464f0f000 ---p 00215000 08:20 64935                      /usr/lib/x86_64-linux-gnu/libc.so.6
7fd464f0f000-7fd464f13000 r--p 00215000 08:20 64935                      /usr/lib/x86_64-linux-gnu/libc.so.6
7fd464f13000-7fd464f15000 rw-p 00219000 08:20 64935                      /usr/lib/x86_64-linux-gnu/libc.so.6
7fd464f15000-7fd464f22000 rw-p 00000000 00:00 0 
7fd464f22000-7fd464f25000 r--p 00000000 08:20 58702                      /usr/lib/jvm/java-11-openjdk-amd64/lib/jli/libjli.so
7fd464f25000-7fd464f2f000 r-xp 00003000 08:20 58702                      /usr/lib/jvm/java-11-openjdk-amd64/lib/jli/libjli.so
7fd464f2f000-7fd464f32000 r--p 0000d000 08:20 58702                      /usr/lib/jvm/java-11-openjdk-amd64/lib/jli/libjli.so
7fd464f32000-7fd464f33000 ---p 00010000 08:20 58702                      /usr/lib/jvm/java-11-openjdk-amd64/lib/jli/libjli.so
7fd464f33000-7fd464f34000 r--p 00010000 08:20 58702                      /usr/lib/jvm/java-11-openjdk-amd64/lib/jli/libjli.so
7fd464f34000-7fd464f35000 rw-p 00011000 08:20 58702                      /usr/lib/jvm/java-11-openjdk-amd64/lib/jli/libjli.so
7fd464f35000-7fd464f37000 r--p 00000000 08:20 6997                       /usr/lib/x86_64-linux-gnu/libz.so.1.2.11
7fd464f37000-7fd464f48000 r-xp 00002000 08:20 6997                       /usr/lib/x86_64-linux-gnu/libz.so.1.2.11
7fd464f48000-7fd464f4e000 r--p 00013000 08:20 6997                       /usr/lib/x86_64-linux-gnu/libz.so.1.2.11
7fd464f4e000-7fd464f4f000 ---p 00019000 08:20 6997                       /usr/lib/x86_64-linux-gnu/libz.so.1.2.11
7fd464f4f000-7fd464f50000 r--p 00019000 08:20 6997                       /usr/lib/x86_64-linux-gnu/libz.so.1.2.11
7fd464f50000-7fd464f51000 rw-p 0001a000 08:20 6997                       /usr/lib/x86_64-linux-gnu/libz.so.1.2.11
7fd464f54000-7fd464f55000 ---p 00000000 00:00 0 
7fd464f55000-7fd464f56000 r--p 00000000 00:00 0 
7fd464f56000-7fd464f58000 r--p 00000000 08:20 58720                      /usr/lib/jvm/java-11-openjdk-amd64/lib/libjimage.so
7fd464f58000-7fd464f5b000 r-xp 00002000 08:20 58720                      /usr/lib/jvm/java-11-openjdk-amd64/lib/libjimage.so
7fd464f5b000-7fd464f5c000 r--p 00005000 08:20 58720                      /usr/lib/jvm/java-11-openjdk-amd64/lib/libjimage.so
7fd464f5c000-7fd464f5d000 ---p 00006000 08:20 58720                      /usr/lib/jvm/java-11-openjdk-amd64/lib/libjimage.so
7fd464f5d000-7fd464f5e000 r--p 00006000 08:20 58720                      /usr/lib/jvm/java-11-openjdk-amd64/lib/libjimage.so
7fd464f5e000-7fd464f5f000 rw-p 00007000 08:20 58720                      /usr/lib/jvm/java-11-openjdk-amd64/lib/libjimage.so
7fd464f5f000-7fd464f61000 rw-p 00000000 00:00 0 
7fd464f61000-7fd464f63000 r--p 00000000 08:20 64930                      /usr/lib/x86_64-linux-gnu/ld-linux-x86-64.so.2
7fd464f63000-7fd464f8d000 r-xp 00002000 08:20 64930                      /usr/lib/x86_64-linux-gnu/ld-linux-x86-64.so.2
7fd464f8d000-7fd464f98000 r--p 0002c000 08:20 64930                      /usr/lib/x86_64-linux-gnu/ld-linux-x86-64.so.2
7fd464f99000-7fd464f9b000 r--p 00037000 08:20 64930                      /usr/lib/x86_64-linux-gnu/ld-linux-x86-64.so.2
7fd464f9b000-7fd464f9d000 rw-p 00039000 08:20 64930                      /usr/lib/x86_64-linux-gnu/ld-linux-x86-64.so.2
7fff8bcf5000-7fff8bd16000 rw-p 00000000 00:00 0                          [stack]
7fff8bdd9000-7fff8bddd000 r--p 00000000 00:00 0                          [vvar]
7fff8bddd000-7fff8bddf000 r-xp 00000000 00:00 0                          [vdso]


VM Arguments:
jvm_args: -agentlib:jdwp=transport=dt_socket,address=0.0.0.0:12345,suspend=y,server=y -Djava.library.path=\\wsl.localhost\Ubuntu\usr\local\lib -Dfile.encoding=UTF-8 
java_command: Main tests/test.sysy tests/test.arm test tests/test.ll
java_class_path (initial): /mnt/e/codes/compiler-principle/Lab_backtrace/Lab/out/production/Lab:/usr/local/lib/antlr-4.9.1-complete.jar:/usr/local/lib/javacpp/javacpp-1.5.7.jar:/usr/local/lib/javacpp/javacpp-1.5.7-linux-x86_64.jar:/usr/local/lib/llvm/llvm-13.0.1-1.5.7.jar:/usr/local/lib/llvm/llvm-13.0.1-1.5.7-linux-x86_64.jar:/usr/local/lib/llvm-platform/llvm-platform-13.0.1-1.5.7.jar:/usr/local/lib/llvm4j/kotlin-stdlib-1.9.0.jar:/usr/local/lib/llvm4j/llvm4j-0.1.2-SNAPSHOT.jar:/usr/local/lib/rars/rars.jar:/mnt/d/IntelliJ IDEA Ultimate/lib/idea_rt.jar
Launcher Type: SUN_STANDARD

[Global flags]
     intx CICompilerCount                          = 12                                        {product} {ergonomic}
     uint ConcGCThreads                            = 4                                         {product} {ergonomic}
     uint G1ConcRefinementThreads                  = 15                                        {product} {ergonomic}
   size_t G1HeapRegionSize                         = 1048576                                   {product} {ergonomic}
    uintx GCDrainStackTargetSize                   = 64                                        {product} {ergonomic}
   size_t InitialHeapSize                          = 127926272                                 {product} {ergonomic}
   size_t MarkStackSize                            = 4194304                                   {product} {ergonomic}
   size_t MaxHeapSize                              = 2046820352                                {product} {ergonomic}
   size_t MaxNewSize                               = 1227882496                                {product} {ergonomic}
   size_t MinHeapDeltaBytes                        = 1048576                                   {product} {ergonomic}
    uintx NonNMethodCodeHeapSize                   = 7594288                                {pd product} {ergonomic}
    uintx NonProfiledCodeHeapSize                  = 122031976                              {pd product} {ergonomic}
    uintx ProfiledCodeHeapSize                     = 122031976                              {pd product} {ergonomic}
    uintx ReservedCodeCacheSize                    = 251658240                              {pd product} {ergonomic}
     bool SegmentedCodeCache                       = true                                      {product} {ergonomic}
     bool UseCompressedClassPointers               = true                                 {lp64_product} {ergonomic}
     bool UseCompressedOops                        = true                                 {lp64_product} {ergonomic}
     bool UseG1GC                                  = true                                      {product} {ergonomic}

Logging:
Log output configuration:
 #0: stdout all=warning uptime,level,tags
 #1: stderr all=off uptime,level,tags

Environment Variables:
PATH=/home/itshandable/.local/bin:/usr/local/sbin:/usr/local/bin:/usr/sbin:/usr/bin:/sbin:/bin:/usr/games:/usr/local/games:/usr/lib/wsl/lib:/mnt/d/VMwareWorkstationPro/bin/:/mnt/c/Program Files/BellSoft/LibericaJDK-17/bin/:/mnt/c/Program Files (x86)/Common Files/Oracle/Java/java8path:/mnt/c/Program Files (x86)/Common Files/Oracle/Java/javapath:/mnt/c/WINDOWS/system32:/mnt/c/WINDOWS:/mnt/c/WINDOWS/System32/Wbem:/mnt/c/WINDOWS/System32/WindowsPowerShell/v1.0/:/mnt/c/WINDOWS/System32/OpenSSH/:/mnt/c/Program Files/dotnet/:/mnt/c/Program Files (x86)/NVIDIA Corporation/PhysX/Common:/mnt/c/Program Files/Git/cmd:/mnt/d/Cruicial Storage Excutive:/mnt/c/Program Files/BellSoft/LibericaJDK-17/bin:/mnt/c/Program Files/BellSoft/LibericaJDK-17/jre/bin:/mnt/c/Users/itshandable/AppData/Local/Programs/Python/Python312:/mnt/c/Users/itshandable/AppData/Local/Programs/Python/Python312/Scripts:/mnt/c/Program Files/Pandoc/:/mnt/c/ProgramData/chocolatey/bin:/mnt/d/Nodejs-nvm:/mnt/c/Program Files/nodejs:/mnt/d/Redis/:/mnt/d/Mathlab/bin:/mnt/d/Lingo-21.0/:/mnt/d/Lingo-18.0/:/mnt/c/Program Files/NVIDIA Corporation/NVIDIA app/NvDLISR:/mnt/d/SPSS-25/JRE/bin:/mnt/d/SPSS Modeler 18.0/ext/bin/spss.TMWBServer/bin:/mnt/d/SPSS Modeler 18.0/MPICH2/bin:/mnt/d/SPSS Modeler 18.0/TABI:/mnt/d/MySQL/bin:/mnt/c/Program Files/Docker/Docker/resources/bin:/mnt/c/Program Files/Tailscale/:/mnt/c/Users/itshandable/AppData/Local/Programs/Python/Launcher/:/mnt/c/Users/itshandable/AppData/Local/Microsoft/WindowsApps:/mnt/d/CLion 2024.2.1/bin:/mnt/d/PyCharm 2024.2.1/bin:/mnt/c/Users/itshandable/AppData/Local/JetBrains/Toolbox/scripts:/mnt/d/IntelliJ IDEA 2024.2.1/bin:/mnt/c/Users/itshandable/AppData/Roaming/npm:/mnt/d/Nodejs-nvm:/mnt/c/Program Files/nodejs:/mnt/d/Microsoft VS Code/bin:/mnt/d/MiKTeX/miktex/bin/x64/:/mnt/c/Users/itshandable/AppData/Local/Microsoft/WindowsApps:/mnt/e/codes/ffmpeg-2025-01-02-git-0457aaf0d3-essentials_build/bin:/mnt/d/Aria2/aria2-1.37.0-win-64bit-build1:/mnt/d/DevEco Studio/bin:/mnt/d/WebStor
SHELL=/bin/bash
DISPLAY=:0
HOSTTYPE=x86_64
LANG=zh_CN.UTF-8
TERM=xterm-256color

Signal Handlers:
SIGSEGV: [libjvm.so+0xebbd40], sa_mask[0]=11111111011111111101111111111110, sa_flags=SA_RESTART|SA_SIGINFO
SIGBUS: [libjvm.so+0xebbd40], sa_mask[0]=11111111011111111101111111111110, sa_flags=SA_RESTART|SA_SIGINFO
SIGFPE: [libjvm.so+0xebbd40], sa_mask[0]=11111111011111111101111111111110, sa_flags=SA_RESTART|SA_SIGINFO
SIGPIPE: [libjvm.so+0xbfe040], sa_mask[0]=11111111011111111101111111111110, sa_flags=SA_RESTART|SA_SIGINFO
SIGXFSZ: [libjvm.so+0xbfe040], sa_mask[0]=11111111011111111101111111111110, sa_flags=SA_RESTART|SA_SIGINFO
SIGILL: [libjvm.so+0xebbd40], sa_mask[0]=11111111011111111101111111111110, sa_flags=SA_RESTART|SA_SIGINFO
SIGUSR2: [libjvm.so+0xbfdee0], sa_mask[0]=00000000000000000000000000000000, sa_flags=SA_RESTART|SA_SIGINFO
SIGHUP: [libjvm.so+0xbfe6a0], sa_mask[0]=11111111011111111101111111111110, sa_flags=SA_RESTART|SA_SIGINFO
SIGINT: [libjvm.so+0xbfe6a0], sa_mask[0]=11111111011111111101111111111110, sa_flags=SA_RESTART|SA_SIGINFO
SIGTERM: [libjvm.so+0xbfe6a0], sa_mask[0]=11111111011111111101111111111110, sa_flags=SA_RESTART|SA_SIGINFO
SIGQUIT: [libjvm.so+0xbfe6a0], sa_mask[0]=11111111011111111101111111111110, sa_flags=SA_RESTART|SA_SIGINFO


---------------  S Y S T E M  ---------------

OS:DISTRIB_ID=Ubuntu
DISTRIB_RELEASE=22.04
DISTRIB_CODENAME=jammy
DISTRIB_DESCRIPTION="Ubuntu 22.04.3 LTS"
uname:Linux 5.15.167.4-microsoft-standard-WSL2 #1 SMP Tue Nov 5 00:21:55 UTC 2024 x86_64
OS uptime: 0 days 3:14 hours
libc:glibc 2.35 NPTL 2.35 
rlimit (soft/hard): STACK 8192k/infinity , CORE 0k/infinity , NPROC 31190/31190 , NOFILE 1048576/1048576 , AS infinity/infinity , CPU infinity/infinity , DATA infinity/infinity , FSIZE infinity/infinity , MEMLOCK 65536k/65536k
load average:0.01 0.04 0.04

/proc/meminfo:
MemTotal:        7991664 kB
MemFree:         6877920 kB
MemAvailable:    7057236 kB
Buffers:            3936 kB
Cached:           372152 kB
SwapCached:            0 kB
Active:           168400 kB
Inactive:         532472 kB
Active(anon):       2192 kB
Inactive(anon):   326260 kB
Active(file):     166208 kB
Inactive(file):   206212 kB
Unevictable:           0 kB
Mlocked:               0 kB
SwapTotal:       2097152 kB
SwapFree:        2097152 kB
Dirty:                68 kB
Writeback:             0 kB
AnonPages:        323336 kB
Mapped:           259368 kB
Shmem:              3692 kB
KReclaimable:      44936 kB
Slab:             122908 kB
SReclaimable:      44936 kB
SUnreclaim:        77972 kB
KernelStack:        7072 kB
PageTables:         6796 kB
NFS_Unstable:          0 kB
Bounce:                0 kB
WritebackTmp:          0 kB
CommitLimit:     6092984 kB
Committed_AS:    1692120 kB
VmallocTotal:   34359738367 kB
VmallocUsed:       29240 kB
VmallocChunk:          0 kB
Percpu:            11808 kB
AnonHugePages:    147456 kB
ShmemHugePages:        0 kB
ShmemPmdMapped:        0 kB
FileHugePages:         0 kB
FilePmdMapped:         0 kB
HugePages_Total:       0
HugePages_Free:        0
HugePages_Rsvd:        0
HugePages_Surp:        0
Hugepagesize:       2048 kB
Hugetlb:               0 kB
DirectMap4k:      105472 kB
DirectMap2M:     4993024 kB
DirectMap1G:    11534336 kB

/sys/kernel/mm/transparent_hugepage/enabled:
[always] madvise never
/sys/kernel/mm/transparent_hugepage/defrag (defrag/compaction efforts parameter):
always defer defer+madvise [madvise] never

Process Memory:
Virtual Size: 5195420K (peak: 13447088K)
Resident Set Size: 106724K (peak: 106724K) (anon: 50204K, file: 56520K, shmem: 0K)
Swapped out: 0K
C-Heap outstanding allocations: 38851K, retained: 8680K
glibc malloc tunables: (default)

/proc/sys/kernel/threads-max (system-wide limit on the number of threads):
62380
/proc/sys/vm/max_map_count (maximum number of memory map areas a process may have):
65530
/proc/sys/kernel/pid_max (system-wide limit on number of process identifiers):
4194304

container (cgroup) information:
container_type: cgroupv1
cpu_cpuset_cpus: 0-19
cpu_memory_nodes: 0
active_processor_count: 20
cpu_quota: no quota
cpu_period: 100000
cpu_shares: no shares
memory_limit_in_bytes: unlimited
memory_and_swap_limit_in_bytes: unlimited
memory_soft_limit_in_bytes: unlimited
memory_usage_in_bytes: 699436 k
memory_max_usage_in_bytes: 969688 k
kernel_memory_limit_in_bytes: unlimited
kernel_memory_usage_in_bytes: 28412 k
kernel_memory_max_usage_in_bytes: 37668 k
maximum number of tasks: not supported
current number of tasks: not supported

Hyper-V virtualization detected
Steal ticks since vm start: 0
Steal ticks percentage since vm start:  0.000

CPU:total 20 (initial active 20) (16 cores per cpu, 2 threads per core) family 6 model 186 stepping 2 microcode 0xffffffff, cmov, cx8, fxsr, mmx, sse, sse2, sse3, ssse3, sse4.1, sse4.2, popcnt, avx, avx2, aes, clmul, erms, 3dnowpref, lzcnt, ht, tsc, tscinvbit, bmi1, bmi2, adx, sha, fma
CPU Model and flags from /proc/cpuinfo:
model name	: 13th Gen Intel(R) Core(TM) i9-13900H
flags		: fpu vme de pse tsc msr pae mce cx8 apic sep mtrr pge mca cmov pat pse36 clflush mmx fxsr sse sse2 ss ht syscall nx pdpe1gb rdtscp lm constant_tsc rep_good nopl xtopology tsc_reliable nonstop_tsc cpuid pni pclmulqdq vmx ssse3 fma cx16 pcid sse4_1 sse4_2 x2apic movbe popcnt tsc_deadline_timer aes xsave avx f16c rdrand hypervisor lahf_lm abm 3dnowprefetch invpcid_single ssbd ibrs ibpb stibp ibrs_enhanced tpr_shadow vnmi ept vpid ept_ad fsgsbase tsc_adjust bmi1 avx2 smep bmi2 erms invpcid rdseed adx smap clflushopt clwb sha_ni xsaveopt xsavec xgetbv1 xsaves avx_vnni umip waitpkg gfni vaes vpclmulqdq rdpid movdiri movdir64b fsrm md_clear serialize flush_l1d arch_capabilities
Online cpus:
0-19
Offline cpus:

BIOS frequency limitation:
<Not Available>
Frequency switch latency (ns):
<Not Available>
Available cpu frequencies:
<Not Available>
Current governor:
<Not Available>
Core performance/turbo boost:
<Not Available>

Memory: 4k page, physical 7991664k(6877920k free), swap 2097152k(2097152k free)

vm_info: OpenJDK 64-Bit Server VM (11.0.27+6-post-Ubuntu-0ubuntu122.04) for linux-amd64 JRE (11.0.27+6-post-Ubuntu-0ubuntu122.04), built on Apr 21 2025 05:59:45 by "unknown" with gcc 11.4.0

END.
