#
# A fatal error has been detected by the Java Runtime Environment:
#
#  EXCEPTION_ACCESS_VIOLATION (0xc0000005) at pc=0x00007ff906828748, pid=9764, tid=30308
#
# JRE version: OpenJDK Runtime Environment (11.0.23+10) (build 11.0.23+10-LTS)
# Java VM: OpenJDK 64-Bit Server VM (11.0.23+10-LTS, mixed mode, tiered, compressed oops, g1 gc, windows-amd64)
# Problematic frame:
# C  [jniLLVM.dll+0xea8748]
#
# No core dump will be written. Minidumps are not enabled by default on client versions of Windows
#
# If you would like to submit a bug report, please visit:
#   https://bell-sw.com/support
# The crash happened outside the Java Virtual Machine in native code.
# See problematic frame for where to report the bug.
#

---------------  S U M M A R Y ------------

Command Line: -javaagent:E:\software\IntelliJ\IntelliJ IDEA 2023.3.4\lib\idea_rt.jar=60336:E:\software\IntelliJ\IntelliJ IDEA 2023.3.4\bin -Dfile.encoding=UTF-8 Main ./tests/test1.sysy ./tests/test1.ll

Host: 13th Gen Intel(R) Core(TM) i9-13900HX, 32 cores, 15G,  Windows 11 , 64 bit Build 26100 (10.0.26100.3775)
Time: Fri May 23 17:00:01 2025  Windows 11 , 64 bit Build 26100 (10.0.26100.3775) elapsed time: 0.627512 seconds (0d 0h 0m 0s)

---------------  T H R E A D  ---------------

Current thread (0x000002d0e9298000):  JavaThread "main" [_thread_in_native, id=30308, stack(0x000000dc47e00000,0x000000dc47f00000)]

Stack: [0x000000dc47e00000,0x000000dc47f00000],  sp=0x000000dc47efe2f0,  free space=1016k
Native frames: (J=compiled Java code, j=interpreted, Vv=VM code, C=native code)
C  [jniLLVM.dll+0xea8748]

Java frames: (J=compiled Java code, j=interpreted, Vv=VM code)
j  org.bytedeco.llvm.global.LLVM.LLVMBuildLoad(Lorg/bytedeco/llvm/LLVM/LLVMBuilderRef;Lorg/bytedeco/llvm/LLVM/LLVMValueRef;Ljava/lang/String;)Lorg/bytedeco/llvm/LLVM/LLVMValueRef;+0
j  MyIrVisitor.visitExp(LSysYParser$ExpContext;)Lorg/bytedeco/llvm/LLVM/LLVMValueRef;+74
j  MyIrVisitor.visitExp(LSysYParser$ExpContext;)Ljava/lang/Object;+2
j  SysYParser$ExpContext.accept(Lorg/antlr/v4/runtime/tree/ParseTreeVisitor;)Ljava/lang/Object;+12
j  org.antlr.v4.runtime.tree.AbstractParseTreeVisitor.visit(Lorg/antlr/v4/runtime/tree/ParseTree;)Ljava/lang/Object;+2
j  MyIrVisitor.visitExp(LSysYParser$ExpContext;)Lorg/bytedeco/llvm/LLVM/LLVMValueRef;+361
j  MyIrVisitor.visitExp(LSysYParser$ExpContext;)Ljava/lang/Object;+2
j  SysYParser$ExpContext.accept(Lorg/antlr/v4/runtime/tree/ParseTreeVisitor;)Ljava/lang/Object;+12
j  org.antlr.v4.runtime.tree.AbstractParseTreeVisitor.visit(Lorg/antlr/v4/runtime/tree/ParseTree;)Ljava/lang/Object;+2
j  MyIrVisitor.visitStmt(LSysYParser$StmtContext;)Lorg/bytedeco/llvm/LLVM/LLVMValueRef;+181
j  MyIrVisitor.visitStmt(LSysYParser$StmtContext;)Ljava/lang/Object;+2
j  SysYParser$StmtContext.accept(Lorg/antlr/v4/runtime/tree/ParseTreeVisitor;)Ljava/lang/Object;+12
j  org.antlr.v4.runtime.tree.AbstractParseTreeVisitor.visit(Lorg/antlr/v4/runtime/tree/ParseTree;)Ljava/lang/Object;+2
j  MyIrVisitor.visitBlockItem(LSysYParser$BlockItemContext;)Lorg/bytedeco/llvm/LLVM/LLVMValueRef;+31
j  MyIrVisitor.visitBlockItem(LSysYParser$BlockItemContext;)Ljava/lang/Object;+2
j  SysYParser$BlockItemContext.accept(Lorg/antlr/v4/runtime/tree/ParseTreeVisitor;)Ljava/lang/Object;+12
j  org.antlr.v4.runtime.tree.AbstractParseTreeVisitor.visit(Lorg/antlr/v4/runtime/tree/ParseTree;)Ljava/lang/Object;+2
j  MyIrVisitor.visitBlock(LSysYParser$BlockContext;)Lorg/bytedeco/llvm/LLVM/LLVMValueRef;+31
j  MyIrVisitor.visitBlock(LSysYParser$BlockContext;)Ljava/lang/Object;+2
j  SysYParser$BlockContext.accept(Lorg/antlr/v4/runtime/tree/ParseTreeVisitor;)Ljava/lang/Object;+12
j  org.antlr.v4.runtime.tree.AbstractParseTreeVisitor.visit(Lorg/antlr/v4/runtime/tree/ParseTree;)Ljava/lang/Object;+2
j  MyIrVisitor.visitFuncDef(LSysYParser$FuncDefContext;)Lorg/bytedeco/llvm/LLVM/LLVMValueRef;+465
j  MyIrVisitor.visitFuncDef(LSysYParser$FuncDefContext;)Ljava/lang/Object;+2
j  SysYParser$FuncDefContext.accept(Lorg/antlr/v4/runtime/tree/ParseTreeVisitor;)Ljava/lang/Object;+12
j  org.antlr.v4.runtime.tree.AbstractParseTreeVisitor.visitChildren(Lorg/antlr/v4/runtime/tree/RuleNode;)Ljava/lang/Object;+46
j  MyIrVisitor.visitCompUnit(LSysYParser$CompUnitContext;)Lorg/bytedeco/llvm/LLVM/LLVMValueRef;+2
j  MyIrVisitor.visitCompUnit(LSysYParser$CompUnitContext;)Ljava/lang/Object;+2
j  SysYParser$CompUnitContext.accept(Lorg/antlr/v4/runtime/tree/ParseTreeVisitor;)Ljava/lang/Object;+12
j  org.antlr.v4.runtime.tree.AbstractParseTreeVisitor.visit(Lorg/antlr/v4/runtime/tree/ParseTree;)Ljava/lang/Object;+2
j  MyIrVisitor.visitProgram(LSysYParser$ProgramContext;)Lorg/bytedeco/llvm/LLVM/LLVMValueRef;+5
j  MyIrVisitor.visitProgram(LSysYParser$ProgramContext;)Ljava/lang/Object;+2
j  SysYParser$ProgramContext.accept(Lorg/antlr/v4/runtime/tree/ParseTreeVisitor;)Ljava/lang/Object;+12
j  org.antlr.v4.runtime.tree.AbstractParseTreeVisitor.visit(Lorg/antlr/v4/runtime/tree/ParseTree;)Ljava/lang/Object;+2
j  Main.main([Ljava/lang/String;)V+201
v  ~StubRoutines::call_stub

siginfo: EXCEPTION_ACCESS_VIOLATION (0xc0000005), reading address 0x0000000000000000


Register to memory mapping:

RIP=0x00007ff906828748 jniLLVM.dll
RAX=0x000002d091bd8720 points into unknown readable memory: 0x00003e74696e0061 | 61 00 6e 69 74 3e 00 00
RBX=0x0 is NULL
RCX=0x000002d09231a140 points into unknown readable memory: 0x000002d09231a150 | 50 a1 31 92 d0 02 00 00
RDX=0x0 is NULL
RSP=0x000000dc47efe2f0 is pointing into the stack for thread: 0x000002d0e9298000
RBP=0x000002d09231a140 points into unknown readable memory: 0x000002d09231a150 | 50 a1 31 92 d0 02 00 00
RSI=0x0 is NULL
RDI=0x000002d0e9298350 points into unknown readable memory: 0x00007ff938634e80 | 80 4e 63 38 f9 7f 00 00
R8 =0x000002d091bd8720 points into unknown readable memory: 0x00003e74696e0061 | 61 00 6e 69 74 3e 00 00
R9 =0x00007ff9b7411404 VCRUNTIME140.dll
R10=0x00007ff9b7410000 VCRUNTIME140.dll
R11=0x000000dc47efe260 is pointing into the stack for thread: 0x000002d0e9298000
R12=0x0 is NULL
R13={method} {0x000002d092b9fb58} 'LLVMBuildLoad' '(Lorg/bytedeco/llvm/LLVM/LLVMBuilderRef;Lorg/bytedeco/llvm/LLVM/LLVMValueRef;Ljava/lang/String;)Lorg/bytedeco/llvm/LLVM/LLVMValueRef;' in 'org/bytedeco/llvm/global/LLVM'
R14=0x0 is NULL
R15=0x000002d091bd8720 points into unknown readable memory: 0x00003e74696e0061 | 61 00 6e 69 74 3e 00 00


Registers:
RAX=0x000002d091bd8720, RBX=0x0000000000000000, RCX=0x000002d09231a140, RDX=0x0000000000000000
RSP=0x000000dc47efe2f0, RBP=0x000002d09231a140, RSI=0x0000000000000000, RDI=0x000002d0e9298350
R8 =0x000002d091bd8720, R9 =0x00007ff9b7411404, R10=0x00007ff9b7410000, R11=0x000000dc47efe260
R12=0x0000000000000000, R13=0x000002d092b9fb50, R14=0x0000000000000000, R15=0x000002d091bd8720
RIP=0x00007ff906828748, EFLAGS=0x0000000000010202

Top of Stack: (sp=0x000000dc47efe2f0)
0x000000dc47efe2f0:   000002d0e9298000 000002d09231a140
0x000000dc47efe300:   000002d0e9298000 0000000000000000
0x000000dc47efe310:   000002d091bd8720 00007ff905a418a1
0x000000dc47efe320:   000002d0e9298350 0000000000000001
0x000000dc47efe330:   000002d0e6e27b50 0000000713ba8550
0x000000dc47efe340:   000002d091bd8720 000000dc47efe3c0
0x000000dc47efe350:   0000000000000000 00007ff905a50b53
0x000000dc47efe360:   000002d09231a140 0000000000000000
0x000000dc47efe370:   000002d0e9298350 000000dc47efe378
0x000000dc47efe380:   000002d0e9298000 000000dc47efe450
0x000000dc47efe390:   0000000000000000 000002d08000f777
0x000000dc47efe3a0:   000002d092b9fb50 000000dc47efe420
0x000000dc47efe3b0:   000000071395bd20 000000dc47efe3e0
0x000000dc47efe3c0:   000000dc47efe440 000002d08000a362
0x000000dc47efe3d0:   0000000000000116 000000dc47efe3d8
0x000000dc47efe3e0:   0000000000000000 000000dc47efe450 

Instructions: (pc=0x00007ff906828748)
0x00007ff906828648:   48 8b b4 24 98 00 00 00 48 8b 9c 24 90 00 00 00
0x00007ff906828658:   48 81 c4 80 00 00 00 41 5e c3 cc cc cc cc cc cc
0x00007ff906828668:   cc cc cc cc cc cc cc cc 48 89 5c 24 08 48 89 74
0x00007ff906828678:   24 10 57 48 81 ec 80 00 00 00 41 8b d9 48 8b fa
0x00007ff906828688:   48 8b f1 4d 85 c0 74 10 48 8b 49 30 49 8b d0 48
0x00007ff906828698:   8b 49 48 e8 b0 48 05 00 48 8b 84 24 b0 00 00 00
0x00007ff9068286a8:   c6 44 24 51 01 80 38 00 74 0c 48 89 44 24 30 c6
0x00007ff9068286b8:   44 24 50 03 eb 05 c6 44 24 50 01 45 33 c9 66 c7
0x00007ff9068286c8:   44 24 78 01 01 4c 8d 44 24 58 8b d3 48 8b cf e8
0x00007ff9068286d8:   f4 8f 06 00 48 8b 56 38 4c 8d 44 24 30 48 8b 4e
0x00007ff9068286e8:   50 48 8b f8 4c 8b 4e 30 48 89 54 24 20 48 8b d0
0x00007ff9068286f8:   4c 8b 11 41 ff 52 08 48 8b 1e 8b 76 08 48 c1 e6
0x00007ff906828708:   04 48 03 f3 48 3b de 74 17 4c 8b 43 08 48 8b cf
0x00007ff906828718:   8b 13 e8 41 74 09 00 48 83 c3 10 48 3b de 75 e9
0x00007ff906828728:   4c 8d 9c 24 80 00 00 00 48 8b c7 49 8b 5b 10 49
0x00007ff906828738:   8b 73 18 49 8b e3 5f c3 48 83 ec 68 41 80 38 00
0x00007ff906828748:   48 8b 02 66 c7 44 24 78 00 00 c6 44 24 51 01 74
0x00007ff906828758:   0c 4c 89 44 24 30 c6 44 24 50 03 eb 05 c6 44 24
0x00007ff906828768:   50 01 44 0f b7 4c 24 78 4c 8d 44 24 30 4c 89 44
0x00007ff906828778:   24 28 4c 8b c2 48 8b 50 18 c6 44 24 20 00 e8 55
0x00007ff906828788:   bc 4f ff 48 83 c4 68 c3 48 83 ec 68 41 80 39 00
0x00007ff906828798:   66 c7 84 24 88 00 00 00 00 00 c6 44 24 51 01 74
0x00007ff9068287a8:   0c 4c 89 4c 24 30 c6 44 24 50 03 eb 05 c6 44 24
0x00007ff9068287b8:   50 01 44 0f b7 8c 24 88 00 00 00 48 8d 44 24 30
0x00007ff9068287c8:   48 89 44 24 28 c6 44 24 20 00 e8 09 bc 4f ff 48
0x00007ff9068287d8:   83 c4 68 c3 cc cc cc cc 48 89 5c 24 08 48 89 6c
0x00007ff9068287e8:   24 10 48 89 74 24 18 48 89 7c 24 20 41 56 48 81
0x00007ff9068287f8:   ec 90 00 00 00 4c 8b f1 49 8b e8 48 8b 49 30 48
0x00007ff906828808:   8b fa e8 71 4f fd ff 48 8b c8 e8 b9 31 0b 00 48
0x00007ff906828818:   8b cf 48 8b d8 e8 8e 49 ff ff 48 8b d3 48 8b c8
0x00007ff906828828:   e8 43 58 ff ff 48 8d 4c 24 68 66 c7 84 24 88 00
0x00007ff906828838:   00 00 01 01 48 89 4c 24 30 4c 8b c8 33 c9 4c 8b 


Stack slot to memory mapping:
stack at sp + 0 slots: 0x000002d0e9298000 is a thread
stack at sp + 1 slots: 0x000002d09231a140 points into unknown readable memory: 0x000002d09231a150 | 50 a1 31 92 d0 02 00 00
stack at sp + 2 slots: 0x000002d0e9298000 is a thread
stack at sp + 3 slots: 0x0 is NULL
stack at sp + 4 slots: 0x000002d091bd8720 points into unknown readable memory: 0x00003e74696e0061 | 61 00 6e 69 74 3e 00 00
stack at sp + 5 slots: 0x00007ff905a418a1 jniLLVM.dll
stack at sp + 6 slots: 0x000002d0e9298350 points into unknown readable memory: 0x00007ff938634e80 | 80 4e 63 38 f9 7f 00 00
stack at sp + 7 slots: 0x0000000000000001 is an unknown value


---------------  P R O C E S S  ---------------

Threads class SMR info:
_java_thread_list=0x000002d091816570, length=19, elements={
0x000002d0e9298000, 0x000002d091047000, 0x000002d09104a000, 0x000002d0910c0800,
0x000002d0910c1800, 0x000002d0910c4000, 0x000002d0910c7000, 0x000002d0910ca000,
0x000002d0910cd800, 0x000002d09101a800, 0x000002d09125b000, 0x000002d0912d1800,
0x000002d09130c800, 0x000002d091520000, 0x000002d09155c800, 0x000002d091723800,
0x000002d091800000, 0x000002d091829000, 0x000002d0916e4800
}

Java Threads: ( => current thread )
=>0x000002d0e9298000 JavaThread "main" [_thread_in_native, id=30308, stack(0x000000dc47e00000,0x000000dc47f00000)]
  0x000002d091047000 JavaThread "Reference Handler" daemon [_thread_blocked, id=21912, stack(0x000000dc48500000,0x000000dc48600000)]
  0x000002d09104a000 JavaThread "Finalizer" daemon [_thread_blocked, id=32052, stack(0x000000dc48600000,0x000000dc48700000)]
  0x000002d0910c0800 JavaThread "Signal Dispatcher" daemon [_thread_blocked, id=25100, stack(0x000000dc48700000,0x000000dc48800000)]
  0x000002d0910c1800 JavaThread "Attach Listener" daemon [_thread_blocked, id=36448, stack(0x000000dc48800000,0x000000dc48900000)]
  0x000002d0910c4000 JavaThread "Service Thread" daemon [_thread_blocked, id=19208, stack(0x000000dc48900000,0x000000dc48a00000)]
  0x000002d0910c7000 JavaThread "C2 CompilerThread0" daemon [_thread_blocked, id=38232, stack(0x000000dc48a00000,0x000000dc48b00000)]
  0x000002d0910ca000 JavaThread "C1 CompilerThread0" daemon [_thread_blocked, id=29960, stack(0x000000dc48b00000,0x000000dc48c00000)]
  0x000002d0910cd800 JavaThread "Sweeper thread" daemon [_thread_blocked, id=8284, stack(0x000000dc48c00000,0x000000dc48d00000)]
  0x000002d09101a800 JavaThread "Common-Cleaner" daemon [_thread_blocked, id=36964, stack(0x000000dc48d00000,0x000000dc48e00000)]
  0x000002d09125b000 JavaThread "C1 CompilerThread1" daemon [_thread_blocked, id=34784, stack(0x000000dc48e00000,0x000000dc48f00000)]
  0x000002d0912d1800 JavaThread "C2 CompilerThread1" daemon [_thread_blocked, id=37228, stack(0x000000dc48f00000,0x000000dc49000000)]
  0x000002d09130c800 JavaThread "C2 CompilerThread2" daemon [_thread_blocked, id=20520, stack(0x000000dc49000000,0x000000dc49100000)]
  0x000002d091520000 JavaThread "Monitor Ctrl-Break" daemon [_thread_in_native, id=8100, stack(0x000000dc49100000,0x000000dc49200000)]
  0x000002d09155c800 JavaThread "C1 CompilerThread2" daemon [_thread_blocked, id=31584, stack(0x000000dc49300000,0x000000dc49400000)]
  0x000002d091723800 JavaThread "C1 CompilerThread3" daemon [_thread_blocked, id=25356, stack(0x000000dc49400000,0x000000dc49500000)]
  0x000002d091800000 JavaThread "C1 CompilerThread4" daemon [_thread_blocked, id=29612, stack(0x000000dc49500000,0x000000dc49600000)]
  0x000002d091829000 JavaThread "JavaCPP Deallocator" daemon [_thread_blocked, id=9808, stack(0x000000dc49600000,0x000000dc49700000)]
  0x000002d0916e4800 JavaThread "C2 CompilerThread3" daemon [_thread_blocked, id=5228, stack(0x000000dc49700000,0x000000dc49800000)]

Other Threads:
  0x000002d091026800 VMThread "VM Thread" [stack: 0x000000dc48400000,0x000000dc48500000] [id=34808]
  0x000002d091520800 WatcherThread [stack: 0x000000dc49200000,0x000000dc49300000] [id=16896]
  0x000002d0e92b1800 GCTaskThread "GC Thread#0" [stack: 0x000000dc47f00000,0x000000dc48000000] [id=15116]
  0x000002d092148000 GCTaskThread "GC Thread#1" [stack: 0x000000dc49800000,0x000000dc49900000] [id=18664]
  0x000002d091aea000 GCTaskThread "GC Thread#2" [stack: 0x000000dc49900000,0x000000dc49a00000] [id=33396]
  0x000002d091ae0000 GCTaskThread "GC Thread#3" [stack: 0x000000dc49a00000,0x000000dc49b00000] [id=2940]
  0x000002d091ae0800 GCTaskThread "GC Thread#4" [stack: 0x000000dc49b00000,0x000000dc49c00000] [id=34616]
  0x000002d091bd6800 GCTaskThread "GC Thread#5" [stack: 0x000000dc49c00000,0x000000dc49d00000] [id=5788]
  0x000002d0e9311800 ConcurrentGCThread "G1 Main Marker" [stack: 0x000000dc48000000,0x000000dc48100000] [id=19884]
  0x000002d0e9314800 ConcurrentGCThread "G1 Conc#0" [stack: 0x000000dc48100000,0x000000dc48200000] [id=25812]
  0x000002d0e932d800 ConcurrentGCThread "G1 Refine#0" [stack: 0x000000dc48200000,0x000000dc48300000] [id=36900]
  0x000002d08fe0c800 ConcurrentGCThread "G1 Young RemSet Sampling" [stack: 0x000000dc48300000,0x000000dc48400000] [id=11480]

Threads with active compile tasks:

VM state:not at safepoint (normal execution)

VM Mutex/Monitor currently owned by a thread: None

Heap address: 0x0000000704c00000, size: 4020 MB, Compressed Oops mode: Zero based, Oop shift amount: 3
Narrow klass base: 0x0000000800000000, Narrow klass shift: 0
Compressed class space size: 1073741824 Address: 0x0000000800000000

Heap:
 garbage-first heap   total 258048K, used 17238K [0x0000000704c00000, 0x0000000800000000)
  region size 1024K, 18 young (18432K), 3 survivors (3072K)
 Metaspace       used 10663K, capacity 10863K, committed 11136K, reserved 1058816K
  class space    used 985K, capacity 1066K, committed 1152K, reserved 1048576K
Heap Regions: E=young(eden), S=young(survivor), O=old, HS=humongous(starts), HC=humongous(continues), CS=collection set, F=free, A=archive, TAMS=top-at-mark-start (previous, next)
|   0|0x0000000704c00000, 0x0000000704c00000, 0x0000000704d00000|  0%| F|  |TAMS 0x0000000704c00000, 0x0000000704c00000| Untracked 
|   1|0x0000000704d00000, 0x0000000704d00000, 0x0000000704e00000|  0%| F|  |TAMS 0x0000000704d00000, 0x0000000704d00000| Untracked 
|   2|0x0000000704e00000, 0x0000000704e00000, 0x0000000704f00000|  0%| F|  |TAMS 0x0000000704e00000, 0x0000000704e00000| Untracked 
|   3|0x0000000704f00000, 0x0000000704f00000, 0x0000000705000000|  0%| F|  |TAMS 0x0000000704f00000, 0x0000000704f00000| Untracked 
|   4|0x0000000705000000, 0x0000000705000000, 0x0000000705100000|  0%| F|  |TAMS 0x0000000705000000, 0x0000000705000000| Untracked 
|   5|0x0000000705100000, 0x0000000705100000, 0x0000000705200000|  0%| F|  |TAMS 0x0000000705100000, 0x0000000705100000| Untracked 
|   6|0x0000000705200000, 0x0000000705200000, 0x0000000705300000|  0%| F|  |TAMS 0x0000000705200000, 0x0000000705200000| Untracked 
|   7|0x0000000705300000, 0x0000000705300000, 0x0000000705400000|  0%| F|  |TAMS 0x0000000705300000, 0x0000000705300000| Untracked 
|   8|0x0000000705400000, 0x0000000705400000, 0x0000000705500000|  0%| F|  |TAMS 0x0000000705400000, 0x0000000705400000| Untracked 
|   9|0x0000000705500000, 0x0000000705500000, 0x0000000705600000|  0%| F|  |TAMS 0x0000000705500000, 0x0000000705500000| Untracked 
|  10|0x0000000705600000, 0x0000000705600000, 0x0000000705700000|  0%| F|  |TAMS 0x0000000705600000, 0x0000000705600000| Untracked 
|  11|0x0000000705700000, 0x0000000705700000, 0x0000000705800000|  0%| F|  |TAMS 0x0000000705700000, 0x0000000705700000| Untracked 
|  12|0x0000000705800000, 0x0000000705800000, 0x0000000705900000|  0%| F|  |TAMS 0x0000000705800000, 0x0000000705800000| Untracked 
|  13|0x0000000705900000, 0x0000000705900000, 0x0000000705a00000|  0%| F|  |TAMS 0x0000000705900000, 0x0000000705900000| Untracked 
|  14|0x0000000705a00000, 0x0000000705a00000, 0x0000000705b00000|  0%| F|  |TAMS 0x0000000705a00000, 0x0000000705a00000| Untracked 
|  15|0x0000000705b00000, 0x0000000705b00000, 0x0000000705c00000|  0%| F|  |TAMS 0x0000000705b00000, 0x0000000705b00000| Untracked 
|  16|0x0000000705c00000, 0x0000000705c00000, 0x0000000705d00000|  0%| F|  |TAMS 0x0000000705c00000, 0x0000000705c00000| Untracked 
|  17|0x0000000705d00000, 0x0000000705d00000, 0x0000000705e00000|  0%| F|  |TAMS 0x0000000705d00000, 0x0000000705d00000| Untracked 
|  18|0x0000000705e00000, 0x0000000705e00000, 0x0000000705f00000|  0%| F|  |TAMS 0x0000000705e00000, 0x0000000705e00000| Untracked 
|  19|0x0000000705f00000, 0x0000000705f00000, 0x0000000706000000|  0%| F|  |TAMS 0x0000000705f00000, 0x0000000705f00000| Untracked 
|  20|0x0000000706000000, 0x0000000706000000, 0x0000000706100000|  0%| F|  |TAMS 0x0000000706000000, 0x0000000706000000| Untracked 
|  21|0x0000000706100000, 0x0000000706100000, 0x0000000706200000|  0%| F|  |TAMS 0x0000000706100000, 0x0000000706100000| Untracked 
|  22|0x0000000706200000, 0x0000000706200000, 0x0000000706300000|  0%| F|  |TAMS 0x0000000706200000, 0x0000000706200000| Untracked 
|  23|0x0000000706300000, 0x0000000706300000, 0x0000000706400000|  0%| F|  |TAMS 0x0000000706300000, 0x0000000706300000| Untracked 
|  24|0x0000000706400000, 0x0000000706400000, 0x0000000706500000|  0%| F|  |TAMS 0x0000000706400000, 0x0000000706400000| Untracked 
|  25|0x0000000706500000, 0x0000000706500000, 0x0000000706600000|  0%| F|  |TAMS 0x0000000706500000, 0x0000000706500000| Untracked 
|  26|0x0000000706600000, 0x0000000706600000, 0x0000000706700000|  0%| F|  |TAMS 0x0000000706600000, 0x0000000706600000| Untracked 
|  27|0x0000000706700000, 0x0000000706700000, 0x0000000706800000|  0%| F|  |TAMS 0x0000000706700000, 0x0000000706700000| Untracked 
|  28|0x0000000706800000, 0x0000000706800000, 0x0000000706900000|  0%| F|  |TAMS 0x0000000706800000, 0x0000000706800000| Untracked 
|  29|0x0000000706900000, 0x0000000706900000, 0x0000000706a00000|  0%| F|  |TAMS 0x0000000706900000, 0x0000000706900000| Untracked 
|  30|0x0000000706a00000, 0x0000000706a00000, 0x0000000706b00000|  0%| F|  |TAMS 0x0000000706a00000, 0x0000000706a00000| Untracked 
|  31|0x0000000706b00000, 0x0000000706b00000, 0x0000000706c00000|  0%| F|  |TAMS 0x0000000706b00000, 0x0000000706b00000| Untracked 
|  32|0x0000000706c00000, 0x0000000706c00000, 0x0000000706d00000|  0%| F|  |TAMS 0x0000000706c00000, 0x0000000706c00000| Untracked 
|  33|0x0000000706d00000, 0x0000000706d00000, 0x0000000706e00000|  0%| F|  |TAMS 0x0000000706d00000, 0x0000000706d00000| Untracked 
|  34|0x0000000706e00000, 0x0000000706e00000, 0x0000000706f00000|  0%| F|  |TAMS 0x0000000706e00000, 0x0000000706e00000| Untracked 
|  35|0x0000000706f00000, 0x0000000706f00000, 0x0000000707000000|  0%| F|  |TAMS 0x0000000706f00000, 0x0000000706f00000| Untracked 
|  36|0x0000000707000000, 0x0000000707000000, 0x0000000707100000|  0%| F|  |TAMS 0x0000000707000000, 0x0000000707000000| Untracked 
|  37|0x0000000707100000, 0x0000000707100000, 0x0000000707200000|  0%| F|  |TAMS 0x0000000707100000, 0x0000000707100000| Untracked 
|  38|0x0000000707200000, 0x0000000707200000, 0x0000000707300000|  0%| F|  |TAMS 0x0000000707200000, 0x0000000707200000| Untracked 
|  39|0x0000000707300000, 0x0000000707300000, 0x0000000707400000|  0%| F|  |TAMS 0x0000000707300000, 0x0000000707300000| Untracked 
|  40|0x0000000707400000, 0x0000000707400000, 0x0000000707500000|  0%| F|  |TAMS 0x0000000707400000, 0x0000000707400000| Untracked 
|  41|0x0000000707500000, 0x0000000707500000, 0x0000000707600000|  0%| F|  |TAMS 0x0000000707500000, 0x0000000707500000| Untracked 
|  42|0x0000000707600000, 0x0000000707600000, 0x0000000707700000|  0%| F|  |TAMS 0x0000000707600000, 0x0000000707600000| Untracked 
|  43|0x0000000707700000, 0x0000000707700000, 0x0000000707800000|  0%| F|  |TAMS 0x0000000707700000, 0x0000000707700000| Untracked 
|  44|0x0000000707800000, 0x0000000707800000, 0x0000000707900000|  0%| F|  |TAMS 0x0000000707800000, 0x0000000707800000| Untracked 
|  45|0x0000000707900000, 0x0000000707900000, 0x0000000707a00000|  0%| F|  |TAMS 0x0000000707900000, 0x0000000707900000| Untracked 
|  46|0x0000000707a00000, 0x0000000707a00000, 0x0000000707b00000|  0%| F|  |TAMS 0x0000000707a00000, 0x0000000707a00000| Untracked 
|  47|0x0000000707b00000, 0x0000000707b00000, 0x0000000707c00000|  0%| F|  |TAMS 0x0000000707b00000, 0x0000000707b00000| Untracked 
|  48|0x0000000707c00000, 0x0000000707c00000, 0x0000000707d00000|  0%| F|  |TAMS 0x0000000707c00000, 0x0000000707c00000| Untracked 
|  49|0x0000000707d00000, 0x0000000707d00000, 0x0000000707e00000|  0%| F|  |TAMS 0x0000000707d00000, 0x0000000707d00000| Untracked 
|  50|0x0000000707e00000, 0x0000000707e00000, 0x0000000707f00000|  0%| F|  |TAMS 0x0000000707e00000, 0x0000000707e00000| Untracked 
|  51|0x0000000707f00000, 0x0000000707f00000, 0x0000000708000000|  0%| F|  |TAMS 0x0000000707f00000, 0x0000000707f00000| Untracked 
|  52|0x0000000708000000, 0x0000000708000000, 0x0000000708100000|  0%| F|  |TAMS 0x0000000708000000, 0x0000000708000000| Untracked 
|  53|0x0000000708100000, 0x0000000708100000, 0x0000000708200000|  0%| F|  |TAMS 0x0000000708100000, 0x0000000708100000| Untracked 
|  54|0x0000000708200000, 0x0000000708200000, 0x0000000708300000|  0%| F|  |TAMS 0x0000000708200000, 0x0000000708200000| Untracked 
|  55|0x0000000708300000, 0x0000000708300000, 0x0000000708400000|  0%| F|  |TAMS 0x0000000708300000, 0x0000000708300000| Untracked 
|  56|0x0000000708400000, 0x0000000708400000, 0x0000000708500000|  0%| F|  |TAMS 0x0000000708400000, 0x0000000708400000| Untracked 
|  57|0x0000000708500000, 0x0000000708500000, 0x0000000708600000|  0%| F|  |TAMS 0x0000000708500000, 0x0000000708500000| Untracked 
|  58|0x0000000708600000, 0x0000000708600000, 0x0000000708700000|  0%| F|  |TAMS 0x0000000708600000, 0x0000000708600000| Untracked 
|  59|0x0000000708700000, 0x0000000708700000, 0x0000000708800000|  0%| F|  |TAMS 0x0000000708700000, 0x0000000708700000| Untracked 
|  60|0x0000000708800000, 0x0000000708800000, 0x0000000708900000|  0%| F|  |TAMS 0x0000000708800000, 0x0000000708800000| Untracked 
|  61|0x0000000708900000, 0x0000000708900000, 0x0000000708a00000|  0%| F|  |TAMS 0x0000000708900000, 0x0000000708900000| Untracked 
|  62|0x0000000708a00000, 0x0000000708a00000, 0x0000000708b00000|  0%| F|  |TAMS 0x0000000708a00000, 0x0000000708a00000| Untracked 
|  63|0x0000000708b00000, 0x0000000708b00000, 0x0000000708c00000|  0%| F|  |TAMS 0x0000000708b00000, 0x0000000708b00000| Untracked 
|  64|0x0000000708c00000, 0x0000000708c00000, 0x0000000708d00000|  0%| F|  |TAMS 0x0000000708c00000, 0x0000000708c00000| Untracked 
|  65|0x0000000708d00000, 0x0000000708d00000, 0x0000000708e00000|  0%| F|  |TAMS 0x0000000708d00000, 0x0000000708d00000| Untracked 
|  66|0x0000000708e00000, 0x0000000708e00000, 0x0000000708f00000|  0%| F|  |TAMS 0x0000000708e00000, 0x0000000708e00000| Untracked 
|  67|0x0000000708f00000, 0x0000000708f00000, 0x0000000709000000|  0%| F|  |TAMS 0x0000000708f00000, 0x0000000708f00000| Untracked 
|  68|0x0000000709000000, 0x0000000709000000, 0x0000000709100000|  0%| F|  |TAMS 0x0000000709000000, 0x0000000709000000| Untracked 
|  69|0x0000000709100000, 0x0000000709100000, 0x0000000709200000|  0%| F|  |TAMS 0x0000000709100000, 0x0000000709100000| Untracked 
|  70|0x0000000709200000, 0x0000000709200000, 0x0000000709300000|  0%| F|  |TAMS 0x0000000709200000, 0x0000000709200000| Untracked 
|  71|0x0000000709300000, 0x0000000709300000, 0x0000000709400000|  0%| F|  |TAMS 0x0000000709300000, 0x0000000709300000| Untracked 
|  72|0x0000000709400000, 0x0000000709400000, 0x0000000709500000|  0%| F|  |TAMS 0x0000000709400000, 0x0000000709400000| Untracked 
|  73|0x0000000709500000, 0x0000000709500000, 0x0000000709600000|  0%| F|  |TAMS 0x0000000709500000, 0x0000000709500000| Untracked 
|  74|0x0000000709600000, 0x0000000709600000, 0x0000000709700000|  0%| F|  |TAMS 0x0000000709600000, 0x0000000709600000| Untracked 
|  75|0x0000000709700000, 0x0000000709700000, 0x0000000709800000|  0%| F|  |TAMS 0x0000000709700000, 0x0000000709700000| Untracked 
|  76|0x0000000709800000, 0x0000000709800000, 0x0000000709900000|  0%| F|  |TAMS 0x0000000709800000, 0x0000000709800000| Untracked 
|  77|0x0000000709900000, 0x0000000709900000, 0x0000000709a00000|  0%| F|  |TAMS 0x0000000709900000, 0x0000000709900000| Untracked 
|  78|0x0000000709a00000, 0x0000000709a00000, 0x0000000709b00000|  0%| F|  |TAMS 0x0000000709a00000, 0x0000000709a00000| Untracked 
|  79|0x0000000709b00000, 0x0000000709b00000, 0x0000000709c00000|  0%| F|  |TAMS 0x0000000709b00000, 0x0000000709b00000| Untracked 
|  80|0x0000000709c00000, 0x0000000709c00000, 0x0000000709d00000|  0%| F|  |TAMS 0x0000000709c00000, 0x0000000709c00000| Untracked 
|  81|0x0000000709d00000, 0x0000000709d00000, 0x0000000709e00000|  0%| F|  |TAMS 0x0000000709d00000, 0x0000000709d00000| Untracked 
|  82|0x0000000709e00000, 0x0000000709e00000, 0x0000000709f00000|  0%| F|  |TAMS 0x0000000709e00000, 0x0000000709e00000| Untracked 
|  83|0x0000000709f00000, 0x0000000709f00000, 0x000000070a000000|  0%| F|  |TAMS 0x0000000709f00000, 0x0000000709f00000| Untracked 
|  84|0x000000070a000000, 0x000000070a000000, 0x000000070a100000|  0%| F|  |TAMS 0x000000070a000000, 0x000000070a000000| Untracked 
|  85|0x000000070a100000, 0x000000070a100000, 0x000000070a200000|  0%| F|  |TAMS 0x000000070a100000, 0x000000070a100000| Untracked 
|  86|0x000000070a200000, 0x000000070a200000, 0x000000070a300000|  0%| F|  |TAMS 0x000000070a200000, 0x000000070a200000| Untracked 
|  87|0x000000070a300000, 0x000000070a300000, 0x000000070a400000|  0%| F|  |TAMS 0x000000070a300000, 0x000000070a300000| Untracked 
|  88|0x000000070a400000, 0x000000070a400000, 0x000000070a500000|  0%| F|  |TAMS 0x000000070a400000, 0x000000070a400000| Untracked 
|  89|0x000000070a500000, 0x000000070a500000, 0x000000070a600000|  0%| F|  |TAMS 0x000000070a500000, 0x000000070a500000| Untracked 
|  90|0x000000070a600000, 0x000000070a600000, 0x000000070a700000|  0%| F|  |TAMS 0x000000070a600000, 0x000000070a600000| Untracked 
|  91|0x000000070a700000, 0x000000070a700000, 0x000000070a800000|  0%| F|  |TAMS 0x000000070a700000, 0x000000070a700000| Untracked 
|  92|0x000000070a800000, 0x000000070a800000, 0x000000070a900000|  0%| F|  |TAMS 0x000000070a800000, 0x000000070a800000| Untracked 
|  93|0x000000070a900000, 0x000000070a900000, 0x000000070aa00000|  0%| F|  |TAMS 0x000000070a900000, 0x000000070a900000| Untracked 
|  94|0x000000070aa00000, 0x000000070aa00000, 0x000000070ab00000|  0%| F|  |TAMS 0x000000070aa00000, 0x000000070aa00000| Untracked 
|  95|0x000000070ab00000, 0x000000070ab00000, 0x000000070ac00000|  0%| F|  |TAMS 0x000000070ab00000, 0x000000070ab00000| Untracked 
|  96|0x000000070ac00000, 0x000000070ac00000, 0x000000070ad00000|  0%| F|  |TAMS 0x000000070ac00000, 0x000000070ac00000| Untracked 
|  97|0x000000070ad00000, 0x000000070ad00000, 0x000000070ae00000|  0%| F|  |TAMS 0x000000070ad00000, 0x000000070ad00000| Untracked 
|  98|0x000000070ae00000, 0x000000070ae00000, 0x000000070af00000|  0%| F|  |TAMS 0x000000070ae00000, 0x000000070ae00000| Untracked 
|  99|0x000000070af00000, 0x000000070af00000, 0x000000070b000000|  0%| F|  |TAMS 0x000000070af00000, 0x000000070af00000| Untracked 
| 100|0x000000070b000000, 0x000000070b000000, 0x000000070b100000|  0%| F|  |TAMS 0x000000070b000000, 0x000000070b000000| Untracked 
| 101|0x000000070b100000, 0x000000070b100000, 0x000000070b200000|  0%| F|  |TAMS 0x000000070b100000, 0x000000070b100000| Untracked 
| 102|0x000000070b200000, 0x000000070b200000, 0x000000070b300000|  0%| F|  |TAMS 0x000000070b200000, 0x000000070b200000| Untracked 
| 103|0x000000070b300000, 0x000000070b300000, 0x000000070b400000|  0%| F|  |TAMS 0x000000070b300000, 0x000000070b300000| Untracked 
| 104|0x000000070b400000, 0x000000070b400000, 0x000000070b500000|  0%| F|  |TAMS 0x000000070b400000, 0x000000070b400000| Untracked 
| 105|0x000000070b500000, 0x000000070b500000, 0x000000070b600000|  0%| F|  |TAMS 0x000000070b500000, 0x000000070b500000| Untracked 
| 106|0x000000070b600000, 0x000000070b600000, 0x000000070b700000|  0%| F|  |TAMS 0x000000070b600000, 0x000000070b600000| Untracked 
| 107|0x000000070b700000, 0x000000070b700000, 0x000000070b800000|  0%| F|  |TAMS 0x000000070b700000, 0x000000070b700000| Untracked 
| 108|0x000000070b800000, 0x000000070b800000, 0x000000070b900000|  0%| F|  |TAMS 0x000000070b800000, 0x000000070b800000| Untracked 
| 109|0x000000070b900000, 0x000000070b900000, 0x000000070ba00000|  0%| F|  |TAMS 0x000000070b900000, 0x000000070b900000| Untracked 
| 110|0x000000070ba00000, 0x000000070ba00000, 0x000000070bb00000|  0%| F|  |TAMS 0x000000070ba00000, 0x000000070ba00000| Untracked 
| 111|0x000000070bb00000, 0x000000070bb00000, 0x000000070bc00000|  0%| F|  |TAMS 0x000000070bb00000, 0x000000070bb00000| Untracked 
| 112|0x000000070bc00000, 0x000000070bc00000, 0x000000070bd00000|  0%| F|  |TAMS 0x000000070bc00000, 0x000000070bc00000| Untracked 
| 113|0x000000070bd00000, 0x000000070bd00000, 0x000000070be00000|  0%| F|  |TAMS 0x000000070bd00000, 0x000000070bd00000| Untracked 
| 114|0x000000070be00000, 0x000000070be00000, 0x000000070bf00000|  0%| F|  |TAMS 0x000000070be00000, 0x000000070be00000| Untracked 
| 115|0x000000070bf00000, 0x000000070bf00000, 0x000000070c000000|  0%| F|  |TAMS 0x000000070bf00000, 0x000000070bf00000| Untracked 
| 116|0x000000070c000000, 0x000000070c000000, 0x000000070c100000|  0%| F|  |TAMS 0x000000070c000000, 0x000000070c000000| Untracked 
| 117|0x000000070c100000, 0x000000070c100000, 0x000000070c200000|  0%| F|  |TAMS 0x000000070c100000, 0x000000070c100000| Untracked 
| 118|0x000000070c200000, 0x000000070c200000, 0x000000070c300000|  0%| F|  |TAMS 0x000000070c200000, 0x000000070c200000| Untracked 
| 119|0x000000070c300000, 0x000000070c300000, 0x000000070c400000|  0%| F|  |TAMS 0x000000070c300000, 0x000000070c300000| Untracked 
| 120|0x000000070c400000, 0x000000070c400000, 0x000000070c500000|  0%| F|  |TAMS 0x000000070c400000, 0x000000070c400000| Untracked 
| 121|0x000000070c500000, 0x000000070c500000, 0x000000070c600000|  0%| F|  |TAMS 0x000000070c500000, 0x000000070c500000| Untracked 
| 122|0x000000070c600000, 0x000000070c600000, 0x000000070c700000|  0%| F|  |TAMS 0x000000070c600000, 0x000000070c600000| Untracked 
| 123|0x000000070c700000, 0x000000070c700000, 0x000000070c800000|  0%| F|  |TAMS 0x000000070c700000, 0x000000070c700000| Untracked 
| 124|0x000000070c800000, 0x000000070c800000, 0x000000070c900000|  0%| F|  |TAMS 0x000000070c800000, 0x000000070c800000| Untracked 
| 125|0x000000070c900000, 0x000000070c900000, 0x000000070ca00000|  0%| F|  |TAMS 0x000000070c900000, 0x000000070c900000| Untracked 
| 126|0x000000070ca00000, 0x000000070ca00000, 0x000000070cb00000|  0%| F|  |TAMS 0x000000070ca00000, 0x000000070ca00000| Untracked 
| 127|0x000000070cb00000, 0x000000070cb00000, 0x000000070cc00000|  0%| F|  |TAMS 0x000000070cb00000, 0x000000070cb00000| Untracked 
| 128|0x000000070cc00000, 0x000000070cc00000, 0x000000070cd00000|  0%| F|  |TAMS 0x000000070cc00000, 0x000000070cc00000| Untracked 
| 129|0x000000070cd00000, 0x000000070cd00000, 0x000000070ce00000|  0%| F|  |TAMS 0x000000070cd00000, 0x000000070cd00000| Untracked 
| 130|0x000000070ce00000, 0x000000070ce00000, 0x000000070cf00000|  0%| F|  |TAMS 0x000000070ce00000, 0x000000070ce00000| Untracked 
| 131|0x000000070cf00000, 0x000000070cf00000, 0x000000070d000000|  0%| F|  |TAMS 0x000000070cf00000, 0x000000070cf00000| Untracked 
| 132|0x000000070d000000, 0x000000070d000000, 0x000000070d100000|  0%| F|  |TAMS 0x000000070d000000, 0x000000070d000000| Untracked 
| 133|0x000000070d100000, 0x000000070d100000, 0x000000070d200000|  0%| F|  |TAMS 0x000000070d100000, 0x000000070d100000| Untracked 
| 134|0x000000070d200000, 0x000000070d200000, 0x000000070d300000|  0%| F|  |TAMS 0x000000070d200000, 0x000000070d200000| Untracked 
| 135|0x000000070d300000, 0x000000070d300000, 0x000000070d400000|  0%| F|  |TAMS 0x000000070d300000, 0x000000070d300000| Untracked 
| 136|0x000000070d400000, 0x000000070d400000, 0x000000070d500000|  0%| F|  |TAMS 0x000000070d400000, 0x000000070d400000| Untracked 
| 137|0x000000070d500000, 0x000000070d500000, 0x000000070d600000|  0%| F|  |TAMS 0x000000070d500000, 0x000000070d500000| Untracked 
| 138|0x000000070d600000, 0x000000070d600000, 0x000000070d700000|  0%| F|  |TAMS 0x000000070d600000, 0x000000070d600000| Untracked 
| 139|0x000000070d700000, 0x000000070d700000, 0x000000070d800000|  0%| F|  |TAMS 0x000000070d700000, 0x000000070d700000| Untracked 
| 140|0x000000070d800000, 0x000000070d800000, 0x000000070d900000|  0%| F|  |TAMS 0x000000070d800000, 0x000000070d800000| Untracked 
| 141|0x000000070d900000, 0x000000070d900000, 0x000000070da00000|  0%| F|  |TAMS 0x000000070d900000, 0x000000070d900000| Untracked 
| 142|0x000000070da00000, 0x000000070da00000, 0x000000070db00000|  0%| F|  |TAMS 0x000000070da00000, 0x000000070da00000| Untracked 
| 143|0x000000070db00000, 0x000000070db00000, 0x000000070dc00000|  0%| F|  |TAMS 0x000000070db00000, 0x000000070db00000| Untracked 
| 144|0x000000070dc00000, 0x000000070dc00000, 0x000000070dd00000|  0%| F|  |TAMS 0x000000070dc00000, 0x000000070dc00000| Untracked 
| 145|0x000000070dd00000, 0x000000070dd00000, 0x000000070de00000|  0%| F|  |TAMS 0x000000070dd00000, 0x000000070dd00000| Untracked 
| 146|0x000000070de00000, 0x000000070de00000, 0x000000070df00000|  0%| F|  |TAMS 0x000000070de00000, 0x000000070de00000| Untracked 
| 147|0x000000070df00000, 0x000000070df00000, 0x000000070e000000|  0%| F|  |TAMS 0x000000070df00000, 0x000000070df00000| Untracked 
| 148|0x000000070e000000, 0x000000070e000000, 0x000000070e100000|  0%| F|  |TAMS 0x000000070e000000, 0x000000070e000000| Untracked 
| 149|0x000000070e100000, 0x000000070e100000, 0x000000070e200000|  0%| F|  |TAMS 0x000000070e100000, 0x000000070e100000| Untracked 
| 150|0x000000070e200000, 0x000000070e200000, 0x000000070e300000|  0%| F|  |TAMS 0x000000070e200000, 0x000000070e200000| Untracked 
| 151|0x000000070e300000, 0x000000070e300000, 0x000000070e400000|  0%| F|  |TAMS 0x000000070e300000, 0x000000070e300000| Untracked 
| 152|0x000000070e400000, 0x000000070e400000, 0x000000070e500000|  0%| F|  |TAMS 0x000000070e400000, 0x000000070e400000| Untracked 
| 153|0x000000070e500000, 0x000000070e500000, 0x000000070e600000|  0%| F|  |TAMS 0x000000070e500000, 0x000000070e500000| Untracked 
| 154|0x000000070e600000, 0x000000070e600000, 0x000000070e700000|  0%| F|  |TAMS 0x000000070e600000, 0x000000070e600000| Untracked 
| 155|0x000000070e700000, 0x000000070e700000, 0x000000070e800000|  0%| F|  |TAMS 0x000000070e700000, 0x000000070e700000| Untracked 
| 156|0x000000070e800000, 0x000000070e800000, 0x000000070e900000|  0%| F|  |TAMS 0x000000070e800000, 0x000000070e800000| Untracked 
| 157|0x000000070e900000, 0x000000070e900000, 0x000000070ea00000|  0%| F|  |TAMS 0x000000070e900000, 0x000000070e900000| Untracked 
| 158|0x000000070ea00000, 0x000000070ea00000, 0x000000070eb00000|  0%| F|  |TAMS 0x000000070ea00000, 0x000000070ea00000| Untracked 
| 159|0x000000070eb00000, 0x000000070eb00000, 0x000000070ec00000|  0%| F|  |TAMS 0x000000070eb00000, 0x000000070eb00000| Untracked 
| 160|0x000000070ec00000, 0x000000070ec00000, 0x000000070ed00000|  0%| F|  |TAMS 0x000000070ec00000, 0x000000070ec00000| Untracked 
| 161|0x000000070ed00000, 0x000000070ed00000, 0x000000070ee00000|  0%| F|  |TAMS 0x000000070ed00000, 0x000000070ed00000| Untracked 
| 162|0x000000070ee00000, 0x000000070ee00000, 0x000000070ef00000|  0%| F|  |TAMS 0x000000070ee00000, 0x000000070ee00000| Untracked 
| 163|0x000000070ef00000, 0x000000070ef00000, 0x000000070f000000|  0%| F|  |TAMS 0x000000070ef00000, 0x000000070ef00000| Untracked 
| 164|0x000000070f000000, 0x000000070f000000, 0x000000070f100000|  0%| F|  |TAMS 0x000000070f000000, 0x000000070f000000| Untracked 
| 165|0x000000070f100000, 0x000000070f100000, 0x000000070f200000|  0%| F|  |TAMS 0x000000070f100000, 0x000000070f100000| Untracked 
| 166|0x000000070f200000, 0x000000070f200000, 0x000000070f300000|  0%| F|  |TAMS 0x000000070f200000, 0x000000070f200000| Untracked 
| 167|0x000000070f300000, 0x000000070f300000, 0x000000070f400000|  0%| F|  |TAMS 0x000000070f300000, 0x000000070f300000| Untracked 
| 168|0x000000070f400000, 0x000000070f400000, 0x000000070f500000|  0%| F|  |TAMS 0x000000070f400000, 0x000000070f400000| Untracked 
| 169|0x000000070f500000, 0x000000070f500000, 0x000000070f600000|  0%| F|  |TAMS 0x000000070f500000, 0x000000070f500000| Untracked 
| 170|0x000000070f600000, 0x000000070f600000, 0x000000070f700000|  0%| F|  |TAMS 0x000000070f600000, 0x000000070f600000| Untracked 
| 171|0x000000070f700000, 0x000000070f700000, 0x000000070f800000|  0%| F|  |TAMS 0x000000070f700000, 0x000000070f700000| Untracked 
| 172|0x000000070f800000, 0x000000070f800000, 0x000000070f900000|  0%| F|  |TAMS 0x000000070f800000, 0x000000070f800000| Untracked 
| 173|0x000000070f900000, 0x000000070f900000, 0x000000070fa00000|  0%| F|  |TAMS 0x000000070f900000, 0x000000070f900000| Untracked 
| 174|0x000000070fa00000, 0x000000070fa00000, 0x000000070fb00000|  0%| F|  |TAMS 0x000000070fa00000, 0x000000070fa00000| Untracked 
| 175|0x000000070fb00000, 0x000000070fb00000, 0x000000070fc00000|  0%| F|  |TAMS 0x000000070fb00000, 0x000000070fb00000| Untracked 
| 176|0x000000070fc00000, 0x000000070fc00000, 0x000000070fd00000|  0%| F|  |TAMS 0x000000070fc00000, 0x000000070fc00000| Untracked 
| 177|0x000000070fd00000, 0x000000070fd00000, 0x000000070fe00000|  0%| F|  |TAMS 0x000000070fd00000, 0x000000070fd00000| Untracked 
| 178|0x000000070fe00000, 0x000000070fe00000, 0x000000070ff00000|  0%| F|  |TAMS 0x000000070fe00000, 0x000000070fe00000| Untracked 
| 179|0x000000070ff00000, 0x000000070ff00000, 0x0000000710000000|  0%| F|  |TAMS 0x000000070ff00000, 0x000000070ff00000| Untracked 
| 180|0x0000000710000000, 0x0000000710000000, 0x0000000710100000|  0%| F|  |TAMS 0x0000000710000000, 0x0000000710000000| Untracked 
| 181|0x0000000710100000, 0x0000000710100000, 0x0000000710200000|  0%| F|  |TAMS 0x0000000710100000, 0x0000000710100000| Untracked 
| 182|0x0000000710200000, 0x0000000710200000, 0x0000000710300000|  0%| F|  |TAMS 0x0000000710200000, 0x0000000710200000| Untracked 
| 183|0x0000000710300000, 0x0000000710300000, 0x0000000710400000|  0%| F|  |TAMS 0x0000000710300000, 0x0000000710300000| Untracked 
| 184|0x0000000710400000, 0x0000000710400000, 0x0000000710500000|  0%| F|  |TAMS 0x0000000710400000, 0x0000000710400000| Untracked 
| 185|0x0000000710500000, 0x0000000710500000, 0x0000000710600000|  0%| F|  |TAMS 0x0000000710500000, 0x0000000710500000| Untracked 
| 186|0x0000000710600000, 0x0000000710600000, 0x0000000710700000|  0%| F|  |TAMS 0x0000000710600000, 0x0000000710600000| Untracked 
| 187|0x0000000710700000, 0x0000000710700000, 0x0000000710800000|  0%| F|  |TAMS 0x0000000710700000, 0x0000000710700000| Untracked 
| 188|0x0000000710800000, 0x0000000710800000, 0x0000000710900000|  0%| F|  |TAMS 0x0000000710800000, 0x0000000710800000| Untracked 
| 189|0x0000000710900000, 0x0000000710900000, 0x0000000710a00000|  0%| F|  |TAMS 0x0000000710900000, 0x0000000710900000| Untracked 
| 190|0x0000000710a00000, 0x0000000710a00000, 0x0000000710b00000|  0%| F|  |TAMS 0x0000000710a00000, 0x0000000710a00000| Untracked 
| 191|0x0000000710b00000, 0x0000000710b00000, 0x0000000710c00000|  0%| F|  |TAMS 0x0000000710b00000, 0x0000000710b00000| Untracked 
| 192|0x0000000710c00000, 0x0000000710c00000, 0x0000000710d00000|  0%| F|  |TAMS 0x0000000710c00000, 0x0000000710c00000| Untracked 
| 193|0x0000000710d00000, 0x0000000710d00000, 0x0000000710e00000|  0%| F|  |TAMS 0x0000000710d00000, 0x0000000710d00000| Untracked 
| 194|0x0000000710e00000, 0x0000000710e00000, 0x0000000710f00000|  0%| F|  |TAMS 0x0000000710e00000, 0x0000000710e00000| Untracked 
| 195|0x0000000710f00000, 0x0000000710f00000, 0x0000000711000000|  0%| F|  |TAMS 0x0000000710f00000, 0x0000000710f00000| Untracked 
| 196|0x0000000711000000, 0x0000000711000000, 0x0000000711100000|  0%| F|  |TAMS 0x0000000711000000, 0x0000000711000000| Untracked 
| 197|0x0000000711100000, 0x0000000711100000, 0x0000000711200000|  0%| F|  |TAMS 0x0000000711100000, 0x0000000711100000| Untracked 
| 198|0x0000000711200000, 0x0000000711200000, 0x0000000711300000|  0%| F|  |TAMS 0x0000000711200000, 0x0000000711200000| Untracked 
| 199|0x0000000711300000, 0x0000000711300000, 0x0000000711400000|  0%| F|  |TAMS 0x0000000711300000, 0x0000000711300000| Untracked 
| 200|0x0000000711400000, 0x0000000711400000, 0x0000000711500000|  0%| F|  |TAMS 0x0000000711400000, 0x0000000711400000| Untracked 
| 201|0x0000000711500000, 0x0000000711500000, 0x0000000711600000|  0%| F|  |TAMS 0x0000000711500000, 0x0000000711500000| Untracked 
| 202|0x0000000711600000, 0x0000000711600000, 0x0000000711700000|  0%| F|  |TAMS 0x0000000711600000, 0x0000000711600000| Untracked 
| 203|0x0000000711700000, 0x0000000711700000, 0x0000000711800000|  0%| F|  |TAMS 0x0000000711700000, 0x0000000711700000| Untracked 
| 204|0x0000000711800000, 0x0000000711800000, 0x0000000711900000|  0%| F|  |TAMS 0x0000000711800000, 0x0000000711800000| Untracked 
| 205|0x0000000711900000, 0x0000000711900000, 0x0000000711a00000|  0%| F|  |TAMS 0x0000000711900000, 0x0000000711900000| Untracked 
| 206|0x0000000711a00000, 0x0000000711a00000, 0x0000000711b00000|  0%| F|  |TAMS 0x0000000711a00000, 0x0000000711a00000| Untracked 
| 207|0x0000000711b00000, 0x0000000711b00000, 0x0000000711c00000|  0%| F|  |TAMS 0x0000000711b00000, 0x0000000711b00000| Untracked 
| 208|0x0000000711c00000, 0x0000000711c00000, 0x0000000711d00000|  0%| F|  |TAMS 0x0000000711c00000, 0x0000000711c00000| Untracked 
| 209|0x0000000711d00000, 0x0000000711d00000, 0x0000000711e00000|  0%| F|  |TAMS 0x0000000711d00000, 0x0000000711d00000| Untracked 
| 210|0x0000000711e00000, 0x0000000711e00000, 0x0000000711f00000|  0%| F|  |TAMS 0x0000000711e00000, 0x0000000711e00000| Untracked 
| 211|0x0000000711f00000, 0x0000000711f00000, 0x0000000712000000|  0%| F|  |TAMS 0x0000000711f00000, 0x0000000711f00000| Untracked 
| 212|0x0000000712000000, 0x0000000712000000, 0x0000000712100000|  0%| F|  |TAMS 0x0000000712000000, 0x0000000712000000| Untracked 
| 213|0x0000000712100000, 0x0000000712100000, 0x0000000712200000|  0%| F|  |TAMS 0x0000000712100000, 0x0000000712100000| Untracked 
| 214|0x0000000712200000, 0x0000000712200000, 0x0000000712300000|  0%| F|  |TAMS 0x0000000712200000, 0x0000000712200000| Untracked 
| 215|0x0000000712300000, 0x0000000712300000, 0x0000000712400000|  0%| F|  |TAMS 0x0000000712300000, 0x0000000712300000| Untracked 
| 216|0x0000000712400000, 0x0000000712400000, 0x0000000712500000|  0%| F|  |TAMS 0x0000000712400000, 0x0000000712400000| Untracked 
| 217|0x0000000712500000, 0x0000000712500000, 0x0000000712600000|  0%| F|  |TAMS 0x0000000712500000, 0x0000000712500000| Untracked 
| 218|0x0000000712600000, 0x0000000712600000, 0x0000000712700000|  0%| F|  |TAMS 0x0000000712600000, 0x0000000712600000| Untracked 
| 219|0x0000000712700000, 0x0000000712700000, 0x0000000712800000|  0%| F|  |TAMS 0x0000000712700000, 0x0000000712700000| Untracked 
| 220|0x0000000712800000, 0x0000000712800000, 0x0000000712900000|  0%| F|  |TAMS 0x0000000712800000, 0x0000000712800000| Untracked 
| 221|0x0000000712900000, 0x0000000712900000, 0x0000000712a00000|  0%| F|  |TAMS 0x0000000712900000, 0x0000000712900000| Untracked 
| 222|0x0000000712a00000, 0x0000000712a00000, 0x0000000712b00000|  0%| F|  |TAMS 0x0000000712a00000, 0x0000000712a00000| Untracked 
| 223|0x0000000712b00000, 0x0000000712b00000, 0x0000000712c00000|  0%| F|  |TAMS 0x0000000712b00000, 0x0000000712b00000| Untracked 
| 224|0x0000000712c00000, 0x0000000712c00000, 0x0000000712d00000|  0%| F|  |TAMS 0x0000000712c00000, 0x0000000712c00000| Untracked 
| 225|0x0000000712d00000, 0x0000000712dd5830, 0x0000000712e00000| 83%| S|CS|TAMS 0x0000000712d00000, 0x0000000712d00000| Complete 
| 226|0x0000000712e00000, 0x0000000712f00000, 0x0000000712f00000|100%| S|CS|TAMS 0x0000000712e00000, 0x0000000712e00000| Complete 
| 227|0x0000000712f00000, 0x0000000713000000, 0x0000000713000000|100%| S|CS|TAMS 0x0000000712f00000, 0x0000000712f00000| Complete 
| 228|0x0000000713000000, 0x0000000713000000, 0x0000000713100000|  0%| F|  |TAMS 0x0000000713000000, 0x0000000713000000| Untracked 
| 229|0x0000000713100000, 0x0000000713100000, 0x0000000713200000|  0%| F|  |TAMS 0x0000000713100000, 0x0000000713100000| Untracked 
| 230|0x0000000713200000, 0x0000000713200000, 0x0000000713300000|  0%| F|  |TAMS 0x0000000713200000, 0x0000000713200000| Untracked 
| 231|0x0000000713300000, 0x0000000713300000, 0x0000000713400000|  0%| F|  |TAMS 0x0000000713300000, 0x0000000713300000| Untracked 
| 232|0x0000000713400000, 0x0000000713400000, 0x0000000713500000|  0%| F|  |TAMS 0x0000000713400000, 0x0000000713400000| Untracked 
| 233|0x0000000713500000, 0x0000000713500000, 0x0000000713600000|  0%| F|  |TAMS 0x0000000713500000, 0x0000000713500000| Untracked 
| 234|0x0000000713600000, 0x0000000713600000, 0x0000000713700000|  0%| F|  |TAMS 0x0000000713600000, 0x0000000713600000| Untracked 
| 235|0x0000000713700000, 0x0000000713700000, 0x0000000713800000|  0%| F|  |TAMS 0x0000000713700000, 0x0000000713700000| Untracked 
| 236|0x0000000713800000, 0x0000000713800000, 0x0000000713900000|  0%| F|  |TAMS 0x0000000713800000, 0x0000000713800000| Untracked 
| 237|0x0000000713900000, 0x0000000713980800, 0x0000000713a00000| 50%| E|  |TAMS 0x0000000713900000, 0x0000000713900000| Complete 
| 238|0x0000000713a00000, 0x0000000713b00000, 0x0000000713b00000|100%| E|CS|TAMS 0x0000000713a00000, 0x0000000713a00000| Complete 
| 239|0x0000000713b00000, 0x0000000713c00000, 0x0000000713c00000|100%| E|CS|TAMS 0x0000000713b00000, 0x0000000713b00000| Complete 
| 240|0x0000000713c00000, 0x0000000713d00000, 0x0000000713d00000|100%| E|CS|TAMS 0x0000000713c00000, 0x0000000713c00000| Complete 
| 241|0x0000000713d00000, 0x0000000713e00000, 0x0000000713e00000|100%| E|CS|TAMS 0x0000000713d00000, 0x0000000713d00000| Complete 
| 242|0x0000000713e00000, 0x0000000713f00000, 0x0000000713f00000|100%| E|CS|TAMS 0x0000000713e00000, 0x0000000713e00000| Complete 
| 243|0x0000000713f00000, 0x0000000714000000, 0x0000000714000000|100%| E|CS|TAMS 0x0000000713f00000, 0x0000000713f00000| Complete 
| 244|0x0000000714000000, 0x0000000714100000, 0x0000000714100000|100%| E|CS|TAMS 0x0000000714000000, 0x0000000714000000| Complete 
| 245|0x0000000714100000, 0x0000000714200000, 0x0000000714200000|100%| E|CS|TAMS 0x0000000714100000, 0x0000000714100000| Complete 
| 246|0x0000000714200000, 0x0000000714300000, 0x0000000714300000|100%| E|CS|TAMS 0x0000000714200000, 0x0000000714200000| Complete 
| 247|0x0000000714300000, 0x0000000714400000, 0x0000000714400000|100%| E|CS|TAMS 0x0000000714300000, 0x0000000714300000| Complete 
| 248|0x0000000714400000, 0x0000000714500000, 0x0000000714500000|100%| E|CS|TAMS 0x0000000714400000, 0x0000000714400000| Complete 
| 249|0x0000000714500000, 0x0000000714600000, 0x0000000714600000|100%| E|CS|TAMS 0x0000000714500000, 0x0000000714500000| Complete 
| 250|0x0000000714600000, 0x0000000714700000, 0x0000000714700000|100%| E|CS|TAMS 0x0000000714600000, 0x0000000714600000| Complete 
| 251|0x0000000714700000, 0x0000000714800000, 0x0000000714800000|100%| E|CS|TAMS 0x0000000714700000, 0x0000000714700000| Complete 

Card table byte_map: [0x000002d0f4c20000,0x000002d0f5400000] _byte_map_base: 0x000002d0f13fa000

Marking Bits (Prev, Next): (CMBitMap*) 0x000002d0e9300cf8, (CMBitMap*) 0x000002d0e9300d30
 Prev Bits: [0x000002d0f5be0000, 0x000002d0f9ab0000)
 Next Bits: [0x000002d0f9ab0000, 0x000002d0fd980000)

Polling page: 0x000002d0e7100000

Metaspace:

Usage:
  Non-class:      9.57 MB capacity,     9.45 MB ( 99%) used,   107.20 KB (  1%) free+waste,    12.31 KB ( <1%) overhead. 
      Class:      1.04 MB capacity,   985.82 KB ( 92%) used,    74.80 KB (  7%) free+waste,     5.38 KB ( <1%) overhead. 
       Both:     10.61 MB capacity,    10.41 MB ( 98%) used,   182.01 KB (  2%) free+waste,    17.69 KB ( <1%) overhead. 

Virtual space:
  Non-class space:       10.00 MB reserved,       9.75 MB ( 98%) committed 
      Class space:        1.00 GB reserved,       1.12 MB ( <1%) committed 
             Both:        1.01 GB reserved,      10.88 MB (  1%) committed 

Chunk freelists:
   Non-Class:  0 bytes
       Class:  0 bytes
        Both:  0 bytes

MaxMetaspaceSize: 17179869184.00 GB
CompressedClassSpaceSize: 1.00 GB
Initial GC threshold: 20.80 MB
Current GC threshold: 20.80 MB
CDS: off

CodeHeap 'non-profiled nmethods': size=118912Kb used=533Kb max_used=533Kb free=118378Kb
 bounds [0x000002d087be0000, 0x000002d087e50000, 0x000002d08f000000]
CodeHeap 'profiled nmethods': size=118848Kb used=2663Kb max_used=2663Kb free=116184Kb
 bounds [0x000002d0807d0000, 0x000002d080a70000, 0x000002d087be0000]
CodeHeap 'non-nmethods': size=8000Kb used=3413Kb max_used=3444Kb free=4586Kb
 bounds [0x000002d080000000, 0x000002d080360000, 0x000002d0807d0000]
 total_blobs=1697 nmethods=1273 adapters=333
 compilation: enabled
              stopped_count=0, restarted_count=0
 full_count=0

Compilation events (20 events):
Event: 0.614 Thread 0x000002d09155c800 nmethod 1261 0x000002d080a63910 code [0x000002d080a63ac0, 0x000002d080a63cf8]
Event: 0.614 Thread 0x000002d091800000 nmethod 1258 0x000002d087c5e990 code [0x000002d087c5eb40, 0x000002d087c5ebf8]
Event: 0.614 Thread 0x000002d0910c7000 1263       4       java.util.ImmutableCollections$ListN::get (7 bytes)
Event: 0.614 Thread 0x000002d09125b000 1264       3       java.util.ImmutableCollections$ListItr::hasNext (17 bytes)
Event: 0.614 Thread 0x000002d09155c800 1266       3       java.lang.invoke.MemberName::getInvocationType (56 bytes)
Event: 0.614 Thread 0x000002d091723800 nmethod 1259 0x000002d080a65a90 code [0x000002d080a65cc0, 0x000002d080a663b8]
Event: 0.614 Thread 0x000002d09125b000 nmethod 1264 0x000002d080a66610 code [0x000002d080a667c0, 0x000002d080a66918]
Event: 0.614 Thread 0x000002d0910ca000 nmethod 1253 0x000002d080a63e10 code [0x000002d080a64120, 0x000002d080a65608]
Event: 0.614 Thread 0x000002d091800000 1267       3       java.lang.invoke.MethodHandle::<init> (37 bytes)
Event: 0.614 Thread 0x000002d091723800 1268       3       java.lang.invoke.LambdaForm::prepare (112 bytes)
Event: 0.615 Thread 0x000002d091800000 nmethod 1267 0x000002d080a67790 code [0x000002d080a679a0, 0x000002d080a67f18]
Event: 0.615 Thread 0x000002d09155c800 nmethod 1266 0x000002d080a66990 code [0x000002d080a66bc0, 0x000002d080a674c8]
Event: 0.615 Thread 0x000002d091723800 nmethod 1268 0x000002d080a68190 code [0x000002d080a683c0, 0x000002d080a689b8]
Event: 0.616 Thread 0x000002d0910c7000 nmethod 1263 0x000002d087c5f410 code [0x000002d087c5f5a0, 0x000002d087c5f638]
Event: 0.617 Thread 0x000002d09125b000 1270       3       java.util.concurrent.ConcurrentHashMap$BaseIterator::<init> (21 bytes)
Event: 0.617 Thread 0x000002d0910ca000 1271       3       java.util.concurrent.ConcurrentHashMap$Traverser::<init> (36 bytes)
Event: 0.617 Thread 0x000002d0910ca000 nmethod 1271 0x000002d080a68c10 code [0x000002d080a68dc0, 0x000002d080a68fb8]
Event: 0.617 Thread 0x000002d09125b000 nmethod 1270 0x000002d080a69090 code [0x000002d080a69260, 0x000002d080a69438]
Event: 0.618 Thread 0x000002d091800000 1272       3       java.lang.invoke.DirectMethodHandle::internalMemberName (8 bytes)
Event: 0.618 Thread 0x000002d0910ca000 1273       3       java.lang.Class::cast (27 bytes)

GC Heap History (2 events):
Event: 0.399 GC heap before
{Heap before GC invocations=0 (full 0):
 garbage-first heap   total 258048K, used 24576K [0x0000000704c00000, 0x0000000800000000)
  region size 1024K, 24 young (24576K), 0 survivors (0K)
 Metaspace       used 9051K, capacity 9194K, committed 9344K, reserved 1058816K
  class space    used 820K, capacity 849K, committed 896K, reserved 1048576K
}
Event: 0.403 GC heap after
{Heap after GC invocations=1 (full 0):
 garbage-first heap   total 258048K, used 2902K [0x0000000704c00000, 0x0000000800000000)
  region size 1024K, 3 young (3072K), 3 survivors (3072K)
 Metaspace       used 9051K, capacity 9194K, committed 9344K, reserved 1058816K
  class space    used 820K, capacity 849K, committed 896K, reserved 1048576K
}

Deoptimization events (20 events):
Event: 0.573 Thread 0x000002d0e9298000 DEOPT PACKING pc=0x000002d08091694b sp=0x000000dc47efdc50
Event: 0.573 Thread 0x000002d0e9298000 DEOPT UNPACKING pc=0x000002d08004a95e sp=0x000000dc47efd190 mode 0
Event: 0.577 Thread 0x000002d0e9298000 DEOPT PACKING pc=0x000002d08091694b sp=0x000000dc47efdc50
Event: 0.577 Thread 0x000002d0e9298000 DEOPT UNPACKING pc=0x000002d08004a95e sp=0x000000dc47efd190 mode 0
Event: 0.590 Thread 0x000002d0e9298000 Uncommon trap: trap_request=0xffffffc6 fr.pc=0x000002d087bed894 relative=0x0000000000000074
Event: 0.590 Thread 0x000002d0e9298000 Uncommon trap: reason=bimorphic_or_optimized_type_check action=maybe_recompile pc=0x000002d087bed894 method=java.util.AbstractCollection.isEmpty()Z @ 1 c2
Event: 0.590 Thread 0x000002d0e9298000 DEOPT PACKING pc=0x000002d087bed894 sp=0x000000dc47efd7b0
Event: 0.590 Thread 0x000002d0e9298000 DEOPT UNPACKING pc=0x000002d08004a1af sp=0x000000dc47efd740 mode 2
Event: 0.590 Thread 0x000002d0e9298000 Uncommon trap: trap_request=0xffffffc6 fr.pc=0x000002d087bed894 relative=0x0000000000000074
Event: 0.590 Thread 0x000002d0e9298000 Uncommon trap: reason=bimorphic_or_optimized_type_check action=maybe_recompile pc=0x000002d087bed894 method=java.util.AbstractCollection.isEmpty()Z @ 1 c2
Event: 0.590 Thread 0x000002d0e9298000 DEOPT PACKING pc=0x000002d087bed894 sp=0x000000dc47efd980
Event: 0.590 Thread 0x000002d0e9298000 DEOPT UNPACKING pc=0x000002d08004a1af sp=0x000000dc47efd910 mode 2
Event: 0.591 Thread 0x000002d0e9298000 Uncommon trap: trap_request=0xffffffc6 fr.pc=0x000002d087bed894 relative=0x0000000000000074
Event: 0.591 Thread 0x000002d0e9298000 Uncommon trap: reason=bimorphic_or_optimized_type_check action=maybe_recompile pc=0x000002d087bed894 method=java.util.AbstractCollection.isEmpty()Z @ 1 c2
Event: 0.591 Thread 0x000002d0e9298000 DEOPT PACKING pc=0x000002d087bed894 sp=0x000000dc47efd990
Event: 0.591 Thread 0x000002d0e9298000 DEOPT UNPACKING pc=0x000002d08004a1af sp=0x000000dc47efd920 mode 2
Event: 0.592 Thread 0x000002d0e9298000 Uncommon trap: trap_request=0xffffffc6 fr.pc=0x000002d087bed894 relative=0x0000000000000074
Event: 0.592 Thread 0x000002d0e9298000 Uncommon trap: reason=bimorphic_or_optimized_type_check action=maybe_recompile pc=0x000002d087bed894 method=java.util.AbstractCollection.isEmpty()Z @ 1 c2
Event: 0.592 Thread 0x000002d0e9298000 DEOPT PACKING pc=0x000002d087bed894 sp=0x000000dc47efd7b0
Event: 0.592 Thread 0x000002d0e9298000 DEOPT UNPACKING pc=0x000002d08004a1af sp=0x000000dc47efd740 mode 2

Classes redefined (0 events):
No events

Internal exceptions (20 events):
Event: 0.126 Thread 0x000002d0e9298000 Exception <a 'java/security/PrivilegedActionException'{0x00000007144bf730}> (0x00000007144bf730) thrown at [s\src\hotspot\share\prims\jvm.cpp, line 1306]
Event: 0.126 Thread 0x000002d0e9298000 Exception <a 'java/security/PrivilegedActionException'{0x00000007144bfa00}> (0x00000007144bfa00) thrown at [s\src\hotspot\share\prims\jvm.cpp, line 1306]
Event: 0.126 Thread 0x000002d0e9298000 Exception <a 'java/security/PrivilegedActionException'{0x00000007144c04d0}> (0x00000007144c04d0) thrown at [s\src\hotspot\share\prims\jvm.cpp, line 1306]
Event: 0.126 Thread 0x000002d0e9298000 Exception <a 'java/security/PrivilegedActionException'{0x00000007144c07a0}> (0x00000007144c07a0) thrown at [s\src\hotspot\share\prims\jvm.cpp, line 1306]
Event: 0.126 Thread 0x000002d0e9298000 Exception <a 'java/security/PrivilegedActionException'{0x00000007144c1270}> (0x00000007144c1270) thrown at [s\src\hotspot\share\prims\jvm.cpp, line 1306]
Event: 0.126 Thread 0x000002d0e9298000 Exception <a 'java/security/PrivilegedActionException'{0x00000007144c1540}> (0x00000007144c1540) thrown at [s\src\hotspot\share\prims\jvm.cpp, line 1306]
Event: 0.126 Thread 0x000002d0e9298000 Exception <a 'java/security/PrivilegedActionException'{0x00000007144c2028}> (0x00000007144c2028) thrown at [s\src\hotspot\share\prims\jvm.cpp, line 1306]
Event: 0.126 Thread 0x000002d0e9298000 Exception <a 'java/security/PrivilegedActionException'{0x00000007144c22f8}> (0x00000007144c22f8) thrown at [s\src\hotspot\share\prims\jvm.cpp, line 1306]
Event: 0.126 Thread 0x000002d0e9298000 Exception <a 'java/security/PrivilegedActionException'{0x00000007144c2de0}> (0x00000007144c2de0) thrown at [s\src\hotspot\share\prims\jvm.cpp, line 1306]
Event: 0.126 Thread 0x000002d0e9298000 Exception <a 'java/security/PrivilegedActionException'{0x00000007144c30b0}> (0x00000007144c30b0) thrown at [s\src\hotspot\share\prims\jvm.cpp, line 1306]
Event: 0.127 Thread 0x000002d0e9298000 Exception <a 'java/security/PrivilegedActionException'{0x00000007144c3b98}> (0x00000007144c3b98) thrown at [s\src\hotspot\share\prims\jvm.cpp, line 1306]
Event: 0.127 Thread 0x000002d0e9298000 Exception <a 'java/security/PrivilegedActionException'{0x00000007144c3e68}> (0x00000007144c3e68) thrown at [s\src\hotspot\share\prims\jvm.cpp, line 1306]
Event: 0.127 Thread 0x000002d0e9298000 Exception <a 'java/security/PrivilegedActionException'{0x00000007144c4938}> (0x00000007144c4938) thrown at [s\src\hotspot\share\prims\jvm.cpp, line 1306]
Event: 0.127 Thread 0x000002d0e9298000 Exception <a 'java/security/PrivilegedActionException'{0x00000007144c4c08}> (0x00000007144c4c08) thrown at [s\src\hotspot\share\prims\jvm.cpp, line 1306]
Event: 0.127 Thread 0x000002d0e9298000 Exception <a 'java/security/PrivilegedActionException'{0x00000007144c56f0}> (0x00000007144c56f0) thrown at [s\src\hotspot\share\prims\jvm.cpp, line 1306]
Event: 0.127 Thread 0x000002d0e9298000 Exception <a 'java/security/PrivilegedActionException'{0x00000007144c59c0}> (0x00000007144c59c0) thrown at [s\src\hotspot\share\prims\jvm.cpp, line 1306]
Event: 0.250 Thread 0x000002d0e9298000 Exception <a 'java/lang/NoSuchMethodError'{0x0000000713e9e7a8}: 'int java.lang.invoke.DirectMethodHandle$Holder.invokeStaticInit(java.lang.Object, java.lang.Object, java.lang.Object, java.lang.Object)'> (0x0000000713e9e7a8) thrown at [s\src\hotspot\share\interpreter\linkResolver.cpp, line 773]
Event: 0.251 Thread 0x000002d0e9298000 Exception <a 'java/lang/IncompatibleClassChangeError'{0x0000000713ea8608}: Found class java.lang.Object, but interface was expected> (0x0000000713ea8608) thrown at [s\src\hotspot\share\interpreter\linkResolver.cpp, line 839]
Event: 0.251 Thread 0x000002d0e9298000 Exception <a 'java/lang/NoSuchMethodError'{0x0000000713eab828}: 'void java.lang.invoke.DirectMethodHandle$Holder.invokeStaticInit(java.lang.Object, java.lang.Object)'> (0x0000000713eab828) thrown at [s\src\hotspot\share\interpreter\linkResolver.cpp, line 773]
Event: 0.252 Thread 0x000002d0e9298000 Exception <a 'java/lang/NoSuchMethodError'{0x0000000713eb0d48}: 'int java.lang.invoke.DirectMethodHandle$Holder.invokeStaticInit(java.lang.Object, java.lang.Object)'> (0x0000000713eb0d48) thrown at [s\src\hotspot\share\interpreter\linkResolver.cpp, line 773]

Events (20 events):
Event: 0.597 loading class java/lang/Byte$ByteCache
Event: 0.597 loading class java/lang/Byte$ByteCache done
Event: 0.598 loading class java/lang/invoke/MethodHandles$1
Event: 0.598 loading class java/lang/invoke/MethodHandles$1 done
Event: 0.598 loading class java/lang/invoke/BoundMethodHandle$Species_LLLLLLI
Event: 0.598 loading class java/lang/invoke/BoundMethodHandle$Species_LLLLLLI done
Event: 0.599 loading class sun/invoke/util/ValueConversions$WrapperCache
Event: 0.599 loading class sun/invoke/util/ValueConversions$WrapperCache done
Event: 0.600 loading class java/lang/invoke/BoundMethodHandle$Species_LLLLLLII
Event: 0.600 loading class java/lang/invoke/BoundMethodHandle$Species_LLLLLLII done
Event: 0.601 loading class java/lang/invoke/BoundMethodHandle$Species_LLLLLLIIL
Event: 0.601 loading class java/lang/invoke/BoundMethodHandle$Species_LLLLLLIIL done
Event: 0.609 loading class java/lang/invoke/BoundMethodHandle$Species_LLLLLLL
Event: 0.610 loading class java/lang/invoke/BoundMethodHandle$Species_LLLLLLL done
Event: 0.611 loading class java/lang/invoke/BoundMethodHandle$Species_LLLLLLLI
Event: 0.611 loading class java/lang/invoke/BoundMethodHandle$Species_LLLLLLLI done
Event: 0.612 loading class java/lang/invoke/BoundMethodHandle$Species_LLLLLLLII
Event: 0.612 loading class java/lang/invoke/BoundMethodHandle$Species_LLLLLLLII done
Event: 0.613 loading class java/lang/invoke/BoundMethodHandle$Species_LLLLLLLIIL
Event: 0.613 loading class java/lang/invoke/BoundMethodHandle$Species_LLLLLLLIIL done


Dynamic libraries:
0x00007ff628ea0000 - 0x00007ff628eae000 	C:\Users\wbh17\.jdks\liberica-full-11.0.23\bin\java.exe
0x00007ff9c43e0000 - 0x00007ff9c4640000 	C:\WINDOWS\SYSTEM32\ntdll.dll
0x00007ff9c4080000 - 0x00007ff9c4147000 	C:\WINDOWS\System32\KERNEL32.DLL
0x00007ff9c1d60000 - 0x00007ff9c212a000 	C:\WINDOWS\System32\KERNELBASE.dll
0x00007ff9c15c0000 - 0x00007ff9c170b000 	C:\WINDOWS\System32\ucrtbase.dll
0x00007ff9a8980000 - 0x00007ff9a8997000 	C:\Users\wbh17\.jdks\liberica-full-11.0.23\bin\jli.dll
0x00007ff9b7410000 - 0x00007ff9b742b000 	C:\Users\wbh17\.jdks\liberica-full-11.0.23\bin\VCRUNTIME140.dll
0x00007ff9c2230000 - 0x00007ff9c23fc000 	C:\WINDOWS\System32\USER32.dll
0x00007ff9c1710000 - 0x00007ff9c1737000 	C:\WINDOWS\System32\win32u.dll
0x00007ff9a5fe0000 - 0x00007ff9a6277000 	C:\WINDOWS\WinSxS\amd64_microsoft.windows.common-controls_6595b64144ccf1df_6.0.26100.3624_none_3e086962e3345f24\COMCTL32.dll
0x00007ff9c4150000 - 0x00007ff9c417a000 	C:\WINDOWS\System32\GDI32.dll
0x00007ff9c34d0000 - 0x00007ff9c3579000 	C:\WINDOWS\System32\msvcrt.dll
0x00007ff9c1c20000 - 0x00007ff9c1d51000 	C:\WINDOWS\System32\gdi32full.dll
0x00007ff9c2130000 - 0x00007ff9c21d3000 	C:\WINDOWS\System32\msvcp_win.dll
0x00007ff9c2b20000 - 0x00007ff9c2b4f000 	C:\WINDOWS\System32\IMM32.DLL
0x00007ff9a8b20000 - 0x00007ff9a8b2c000 	C:\Users\wbh17\.jdks\liberica-full-11.0.23\bin\vcruntime140_1.dll
0x00007ff9a88f0000 - 0x00007ff9a897e000 	C:\Users\wbh17\.jdks\liberica-full-11.0.23\bin\msvcp140.dll
0x00007ff937bb0000 - 0x00007ff938773000 	C:\Users\wbh17\.jdks\liberica-full-11.0.23\bin\server\jvm.dll
0x00007ff9c2900000 - 0x00007ff9c29b2000 	C:\WINDOWS\System32\ADVAPI32.dll
0x00007ff9c4200000 - 0x00007ff9c42a6000 	C:\WINDOWS\System32\sechost.dll
0x00007ff9c3890000 - 0x00007ff9c39a6000 	C:\WINDOWS\System32\RPCRT4.dll
0x00007ff9c4390000 - 0x00007ff9c4398000 	C:\WINDOWS\System32\PSAPI.DLL
0x00007ff9b58e0000 - 0x00007ff9b58eb000 	C:\WINDOWS\SYSTEM32\VERSION.dll
0x00007ff9be240000 - 0x00007ff9be276000 	C:\WINDOWS\SYSTEM32\WINMM.dll
0x00007ff9bdbc0000 - 0x00007ff9bdbca000 	C:\WINDOWS\SYSTEM32\WSOCK32.dll
0x00007ff9c3450000 - 0x00007ff9c34c4000 	C:\WINDOWS\System32\WS2_32.dll
0x00007ff9c04f0000 - 0x00007ff9c050a000 	C:\WINDOWS\SYSTEM32\kernel.appcore.dll
0x00007ff9a88e0000 - 0x00007ff9a88f0000 	C:\Users\wbh17\.jdks\liberica-full-11.0.23\bin\verify.dll
0x00007ff9bee10000 - 0x00007ff9bf051000 	C:\WINDOWS\SYSTEM32\DBGHELP.DLL
0x00007ff9c3c70000 - 0x00007ff9c3ff2000 	C:\WINDOWS\System32\combase.dll
0x00007ff9c42b0000 - 0x00007ff9c4386000 	C:\WINDOWS\System32\OLEAUT32.dll
0x00007ff99b6a0000 - 0x00007ff99b6d9000 	C:\WINDOWS\SYSTEM32\dbgcore.DLL
0x00007ff9c1950000 - 0x00007ff9c19e9000 	C:\WINDOWS\System32\bcryptPrimitives.dll
0x00007ff9a88b0000 - 0x00007ff9a88d8000 	C:\Users\wbh17\.jdks\liberica-full-11.0.23\bin\java.dll
0x00007ff9a88a0000 - 0x00007ff9a88aa000 	C:\Users\wbh17\.jdks\liberica-full-11.0.23\bin\jimage.dll
0x00007ff9a3de0000 - 0x00007ff9a3dee000 	C:\Users\wbh17\.jdks\liberica-full-11.0.23\bin\instrument.dll
0x00007ff98ee80000 - 0x00007ff98ee98000 	C:\Users\wbh17\.jdks\liberica-full-11.0.23\bin\zip.dll
0x00007ff9c2d10000 - 0x00007ff9c3439000 	C:\WINDOWS\System32\SHELL32.dll
0x00007ff9c19f0000 - 0x00007ff9c1b58000 	C:\WINDOWS\System32\wintypes.dll
0x00007ff9bf250000 - 0x00007ff9bfaa2000 	C:\WINDOWS\SYSTEM32\windows.storage.dll
0x00007ff9c3580000 - 0x00007ff9c366d000 	C:\WINDOWS\System32\SHCORE.dll
0x00007ff9c3820000 - 0x00007ff9c3884000 	C:\WINDOWS\System32\shlwapi.dll
0x00007ff9c14d0000 - 0x00007ff9c14ff000 	C:\WINDOWS\SYSTEM32\profapi.dll
0x00007ff9864f0000 - 0x00007ff986509000 	C:\Users\wbh17\.jdks\liberica-full-11.0.23\bin\net.dll
0x00007ff9b9340000 - 0x00007ff9b945d000 	C:\WINDOWS\SYSTEM32\WINHTTP.dll
0x00007ff9c0a10000 - 0x00007ff9c0a7a000 	C:\WINDOWS\system32\mswsock.dll
0x00007ff985fd0000 - 0x00007ff985fe3000 	C:\Users\wbh17\.jdks\liberica-full-11.0.23\bin\nio.dll
0x00007ff984220000 - 0x00007ff98423a000 	E:\software\IntelliJ\IntelliJ IDEA 2023.3.4\bin\breakgen64.dll
0x000002d0e8a40000 - 0x000002d0e8a44000 	C:\Users\wbh17\.javacpp\cache\javacpp-1.5.7-windows-x86_64.jar\org\bytedeco\javacpp\windows-x86_64\api-ms-win-crt-locale-l1-1-0.dll
0x000002d0e91a0000 - 0x000002d0e91a5000 	C:\Users\wbh17\.javacpp\cache\javacpp-1.5.7-windows-x86_64.jar\org\bytedeco\javacpp\windows-x86_64\api-ms-win-crt-string-l1-1-0.dll
0x000002d0e91b0000 - 0x000002d0e91b5000 	C:\Users\wbh17\.javacpp\cache\javacpp-1.5.7-windows-x86_64.jar\org\bytedeco\javacpp\windows-x86_64\api-ms-win-crt-stdio-l1-1-0.dll
0x000002d0e91c0000 - 0x000002d0e91c6000 	C:\Users\wbh17\.javacpp\cache\javacpp-1.5.7-windows-x86_64.jar\org\bytedeco\javacpp\windows-x86_64\api-ms-win-crt-math-l1-1-0.dll
0x000002d0e91d0000 - 0x000002d0e91d4000 	C:\Users\wbh17\.javacpp\cache\javacpp-1.5.7-windows-x86_64.jar\org\bytedeco\javacpp\windows-x86_64\api-ms-win-crt-heap-l1-1-0.dll
0x000002d0e91e0000 - 0x000002d0e91e5000 	C:\Users\wbh17\.javacpp\cache\javacpp-1.5.7-windows-x86_64.jar\org\bytedeco\javacpp\windows-x86_64\api-ms-win-crt-runtime-l1-1-0.dll
0x000002d0e91f0000 - 0x000002d0e91f5000 	C:\Users\wbh17\.javacpp\cache\javacpp-1.5.7-windows-x86_64.jar\org\bytedeco\javacpp\windows-x86_64\api-ms-win-crt-convert-l1-1-0.dll
0x000002d0e9200000 - 0x000002d0e9204000 	C:\Users\wbh17\.javacpp\cache\javacpp-1.5.7-windows-x86_64.jar\org\bytedeco\javacpp\windows-x86_64\api-ms-win-crt-environment-l1-1-0.dll
0x000002d0e9210000 - 0x000002d0e9214000 	C:\Users\wbh17\.javacpp\cache\javacpp-1.5.7-windows-x86_64.jar\org\bytedeco\javacpp\windows-x86_64\api-ms-win-crt-time-l1-1-0.dll
0x000002d0e9220000 - 0x000002d0e9224000 	C:\Users\wbh17\.javacpp\cache\javacpp-1.5.7-windows-x86_64.jar\org\bytedeco\javacpp\windows-x86_64\api-ms-win-crt-filesystem-l1-1-0.dll
0x000002d0e9230000 - 0x000002d0e9234000 	C:\Users\wbh17\.javacpp\cache\javacpp-1.5.7-windows-x86_64.jar\org\bytedeco\javacpp\windows-x86_64\api-ms-win-crt-utility-l1-1-0.dll
0x000002d0e9240000 - 0x000002d0e9246000 	C:\Users\wbh17\.javacpp\cache\javacpp-1.5.7-windows-x86_64.jar\org\bytedeco\javacpp\windows-x86_64\api-ms-win-crt-multibyte-l1-1-0.dll
0x000002d0e9250000 - 0x000002d0e9254000 	C:\Users\wbh17\.javacpp\cache\javacpp-1.5.7-windows-x86_64.jar\org\bytedeco\javacpp\windows-x86_64\api-ms-win-crt-conio-l1-1-0.dll
0x000002d0fff30000 - 0x000002d0fff41000 	C:\Users\wbh17\.javacpp\cache\javacpp-1.5.7-windows-x86_64.jar\org\bytedeco\javacpp\windows-x86_64\api-ms-win-crt-private-l1-1-0.dll
0x000002d0fff50000 - 0x000002d0fff54000 	C:\Users\wbh17\.javacpp\cache\javacpp-1.5.7-windows-x86_64.jar\org\bytedeco\javacpp\windows-x86_64\api-ms-win-crt-process-l1-1-0.dll
0x000002d0fff60000 - 0x000002d0fff64000 	C:\Users\wbh17\.javacpp\cache\javacpp-1.5.7-windows-x86_64.jar\org\bytedeco\javacpp\windows-x86_64\api-ms-win-core-console-l1-2-0.dll
0x000002d0fff70000 - 0x000002d0fff74000 	C:\Users\wbh17\.javacpp\cache\javacpp-1.5.7-windows-x86_64.jar\org\bytedeco\javacpp\windows-x86_64\api-ms-win-core-string-l1-1-0.dll
0x000002d0fff80000 - 0x000002d0fff84000 	C:\Users\wbh17\.javacpp\cache\javacpp-1.5.7-windows-x86_64.jar\org\bytedeco\javacpp\windows-x86_64\api-ms-win-core-errorhandling-l1-1-0.dll
0x000002d0fff90000 - 0x000002d0fff94000 	C:\Users\wbh17\.javacpp\cache\javacpp-1.5.7-windows-x86_64.jar\org\bytedeco\javacpp\windows-x86_64\api-ms-win-core-timezone-l1-1-0.dll
0x000002d0fffa0000 - 0x000002d0fffa5000 	C:\Users\wbh17\.javacpp\cache\javacpp-1.5.7-windows-x86_64.jar\org\bytedeco\javacpp\windows-x86_64\api-ms-win-core-file-l1-1-0.dll
0x000002d0fffb0000 - 0x000002d0fffb4000 	C:\Users\wbh17\.javacpp\cache\javacpp-1.5.7-windows-x86_64.jar\org\bytedeco\javacpp\windows-x86_64\api-ms-win-core-namedpipe-l1-1-0.dll
0x000002d0fffc0000 - 0x000002d0fffc4000 	C:\Users\wbh17\.javacpp\cache\javacpp-1.5.7-windows-x86_64.jar\org\bytedeco\javacpp\windows-x86_64\api-ms-win-core-handle-l1-1-0.dll
0x000002d0fffd0000 - 0x000002d0fffd4000 	C:\Users\wbh17\.javacpp\cache\javacpp-1.5.7-windows-x86_64.jar\org\bytedeco\javacpp\windows-x86_64\api-ms-win-core-file-l2-1-0.dll
0x000002d0fffe0000 - 0x000002d0fffe4000 	C:\Users\wbh17\.javacpp\cache\javacpp-1.5.7-windows-x86_64.jar\org\bytedeco\javacpp\windows-x86_64\api-ms-win-core-heap-l1-1-0.dll
0x000002d0ffff0000 - 0x000002d0ffff4000 	C:\Users\wbh17\.javacpp\cache\javacpp-1.5.7-windows-x86_64.jar\org\bytedeco\javacpp\windows-x86_64\api-ms-win-core-libraryloader-l1-1-0.dll
0x000002d092d10000 - 0x000002d092d14000 	C:\Users\wbh17\.javacpp\cache\javacpp-1.5.7-windows-x86_64.jar\org\bytedeco\javacpp\windows-x86_64\api-ms-win-core-synch-l1-1-0.dll
0x000002d092d20000 - 0x000002d092d24000 	C:\Users\wbh17\.javacpp\cache\javacpp-1.5.7-windows-x86_64.jar\org\bytedeco\javacpp\windows-x86_64\api-ms-win-core-processthreads-l1-1-0.dll
0x000002d092d30000 - 0x000002d092d34000 	C:\Users\wbh17\.javacpp\cache\javacpp-1.5.7-windows-x86_64.jar\org\bytedeco\javacpp\windows-x86_64\api-ms-win-core-processenvironment-l1-1-0.dll
0x000002d092d40000 - 0x000002d092d44000 	C:\Users\wbh17\.javacpp\cache\javacpp-1.5.7-windows-x86_64.jar\org\bytedeco\javacpp\windows-x86_64\api-ms-win-core-datetime-l1-1-0.dll
0x000002d092d50000 - 0x000002d092d54000 	C:\Users\wbh17\.javacpp\cache\javacpp-1.5.7-windows-x86_64.jar\org\bytedeco\javacpp\windows-x86_64\api-ms-win-core-localization-l1-2-0.dll
0x000002d092d60000 - 0x000002d092d64000 	C:\Users\wbh17\.javacpp\cache\javacpp-1.5.7-windows-x86_64.jar\org\bytedeco\javacpp\windows-x86_64\api-ms-win-core-sysinfo-l1-1-0.dll
0x000002d092d70000 - 0x000002d092d74000 	C:\Users\wbh17\.javacpp\cache\javacpp-1.5.7-windows-x86_64.jar\org\bytedeco\javacpp\windows-x86_64\api-ms-win-core-synch-l1-2-0.dll
0x000002d092d80000 - 0x000002d092d84000 	C:\Users\wbh17\.javacpp\cache\javacpp-1.5.7-windows-x86_64.jar\org\bytedeco\javacpp\windows-x86_64\api-ms-win-core-console-l1-1-0.dll
0x000002d092d90000 - 0x000002d092d94000 	C:\Users\wbh17\.javacpp\cache\javacpp-1.5.7-windows-x86_64.jar\org\bytedeco\javacpp\windows-x86_64\api-ms-win-core-debug-l1-1-0.dll
0x000002d092da0000 - 0x000002d092da4000 	C:\Users\wbh17\.javacpp\cache\javacpp-1.5.7-windows-x86_64.jar\org\bytedeco\javacpp\windows-x86_64\api-ms-win-core-rtlsupport-l1-1-0.dll
0x000002d092db0000 - 0x000002d092db4000 	C:\Users\wbh17\.javacpp\cache\javacpp-1.5.7-windows-x86_64.jar\org\bytedeco\javacpp\windows-x86_64\api-ms-win-core-processthreads-l1-1-1.dll
0x000002d092dc0000 - 0x000002d092dc4000 	C:\Users\wbh17\.javacpp\cache\javacpp-1.5.7-windows-x86_64.jar\org\bytedeco\javacpp\windows-x86_64\api-ms-win-core-file-l1-2-0.dll
0x000002d092dd0000 - 0x000002d092dd4000 	C:\Users\wbh17\.javacpp\cache\javacpp-1.5.7-windows-x86_64.jar\org\bytedeco\javacpp\windows-x86_64\api-ms-win-core-profile-l1-1-0.dll
0x000002d092ee0000 - 0x000002d092ee4000 	C:\Users\wbh17\.javacpp\cache\javacpp-1.5.7-windows-x86_64.jar\org\bytedeco\javacpp\windows-x86_64\api-ms-win-core-memory-l1-1-0.dll
0x000002d092ef0000 - 0x000002d092ef4000 	C:\Users\wbh17\.javacpp\cache\javacpp-1.5.7-windows-x86_64.jar\org\bytedeco\javacpp\windows-x86_64\api-ms-win-core-util-l1-1-0.dll
0x000002d092f00000 - 0x000002d092f04000 	C:\Users\wbh17\.javacpp\cache\javacpp-1.5.7-windows-x86_64.jar\org\bytedeco\javacpp\windows-x86_64\api-ms-win-core-interlocked-l1-1-0.dll
0x00007ff95f810000 - 0x00007ff95f921000 	C:\Users\wbh17\.javacpp\cache\javacpp-1.5.7-windows-x86_64.jar\org\bytedeco\javacpp\windows-x86_64\ucrtbase.dll
0x00007ff982fb0000 - 0x00007ff982fcb000 	C:\Users\wbh17\.javacpp\cache\javacpp-1.5.7-windows-x86_64.jar\org\bytedeco\javacpp\windows-x86_64\vcruntime140.dll
0x00007ff99e3c0000 - 0x00007ff99e3cc000 	C:\Users\wbh17\.javacpp\cache\javacpp-1.5.7-windows-x86_64.jar\org\bytedeco\javacpp\windows-x86_64\vcruntime140_1.dll
0x00007ff971d50000 - 0x00007ff971ddd000 	C:\Users\wbh17\.javacpp\cache\javacpp-1.5.7-windows-x86_64.jar\org\bytedeco\javacpp\windows-x86_64\msvcp140.dll
0x00007ff99d0c0000 - 0x00007ff99d0c9000 	C:\Users\wbh17\.javacpp\cache\javacpp-1.5.7-windows-x86_64.jar\org\bytedeco\javacpp\windows-x86_64\msvcp140_1.dll
0x00007ff981150000 - 0x00007ff98119e000 	C:\Users\wbh17\.javacpp\cache\javacpp-1.5.7-windows-x86_64.jar\org\bytedeco\javacpp\windows-x86_64\concrt140.dll
0x00007ff978a10000 - 0x00007ff978a41000 	C:\Users\wbh17\.javacpp\cache\javacpp-1.5.7-windows-x86_64.jar\org\bytedeco\javacpp\windows-x86_64\vcomp140.dll
0x00007ff99cfe0000 - 0x00007ff99cfee000 	C:\Users\wbh17\.javacpp\cache\javacpp-1.5.7-windows-x86_64.jar\org\bytedeco\javacpp\windows-x86_64\jnijavacpp.dll
0x00007ff90a1d0000 - 0x00007ff90e86d000 	C:\Users\wbh17\.javacpp\cache\llvm-13.0.1-1.5.7-windows-x86_64.jar\org\bytedeco\llvm\windows-x86_64\LTO.dll
0x00007ff978500000 - 0x00007ff97853b000 	C:\Users\wbh17\.javacpp\cache\llvm-13.0.1-1.5.7-windows-x86_64.jar\org\bytedeco\llvm\windows-x86_64\Remarks.dll
0x00007ff905980000 - 0x00007ff90a1d0000 	C:\Users\wbh17\.javacpp\cache\llvm-13.0.1-1.5.7-windows-x86_64.jar\org\bytedeco\llvm\windows-x86_64\jniLLVM.dll
0x00007ff9c3680000 - 0x00007ff9c3816000 	C:\WINDOWS\System32\ole32.dll

dbghelp: loaded successfully - version: 4.0.5 - missing functions: none
symbol engine: initialized successfully - sym options: 0x614 - pdb path: .;C:\Users\wbh17\.jdks\liberica-full-11.0.23\bin;C:\WINDOWS\SYSTEM32;C:\WINDOWS\WinSxS\amd64_microsoft.windows.common-controls_6595b64144ccf1df_6.0.26100.3624_none_3e086962e3345f24;C:\Users\wbh17\.jdks\liberica-full-11.0.23\bin\server;E:\software\IntelliJ\IntelliJ IDEA 2023.3.4\bin;C:\Users\wbh17\.javacpp\cache\javacpp-1.5.7-windows-x86_64.jar\org\bytedeco\javacpp\windows-x86_64;C:\Users\wbh17\.javacpp\cache\llvm-13.0.1-1.5.7-windows-x86_64.jar\org\bytedeco\llvm\windows-x86_64

VM Arguments:
jvm_args: -javaagent:E:\software\IntelliJ\IntelliJ IDEA 2023.3.4\lib\idea_rt.jar=60336:E:\software\IntelliJ\IntelliJ IDEA 2023.3.4\bin -Dfile.encoding=UTF-8 
java_command: Main ./tests/test1.sysy ./tests/test1.ll
java_class_path (initial): F:\codes\compiler\Lab-wjx\out\production\Lab;F:\codes\compiler\Lab-wjx\lib\rars.jar;F:\codes\compiler\Lab-wjx\lib\javacpp-1.5.7.jar;F:\codes\compiler\Lab-wjx\lib\llvm-13.0.1-1.5.7.jar;F:\codes\compiler\Lab-wjx\lib\kotlin-stdlib-1.9.0.jar;F:\codes\compiler\Lab-wjx\lib\antlr-4.9.1-complete.jar;F:\codes\compiler\Lab-wjx\lib\llvm4j-0.1.1-SNAPSHOT.jar;F:\codes\compiler\Lab-wjx\lib\llvm-platform-13.0.1-1.5.7.jar;F:\codes\compiler\Lab-wjx\lib\javacpp-1.5.7-windows-x86_64.jar;F:\codes\compiler\Lab-wjx\lib\llvm-13.0.1-1.5.7-windows-x86_64.jar
Launcher Type: SUN_STANDARD

[Global flags]
     intx CICompilerCount                          = 15                                        {product} {ergonomic}
     uint ConcGCThreads                            = 6                                         {product} {ergonomic}
     uint G1ConcRefinementThreads                  = 23                                        {product} {ergonomic}
   size_t G1HeapRegionSize                         = 1048576                                   {product} {ergonomic}
    uintx GCDrainStackTargetSize                   = 64                                        {product} {ergonomic}
   size_t InitialHeapSize                          = 264241152                                 {product} {ergonomic}
   size_t MarkStackSize                            = 4194304                                   {product} {ergonomic}
   size_t MaxHeapSize                              = 4215275520                                {product} {ergonomic}
   size_t MaxNewSize                               = 2529165312                                {product} {ergonomic}
   size_t MinHeapDeltaBytes                        = 1048576                                   {product} {ergonomic}
    uintx NonNMethodCodeHeapSize                   = 8182140                                {pd product} {ergonomic}
    uintx NonProfiledCodeHeapSize                  = 121738050                              {pd product} {ergonomic}
    uintx ProfiledCodeHeapSize                     = 121738050                              {pd product} {ergonomic}
    uintx ReservedCodeCacheSize                    = 251658240                              {pd product} {ergonomic}
     bool SegmentedCodeCache                       = true                                      {product} {ergonomic}
     bool UseCompressedClassPointers               = true                                 {lp64_product} {ergonomic}
     bool UseCompressedOops                        = true                                 {lp64_product} {ergonomic}
     bool UseG1GC                                  = true                                      {product} {ergonomic}
     bool UseLargePagesIndividualAllocation        = false                                  {pd product} {ergonomic}

Logging:
Log output configuration:
 #0: stdout all=warning uptime,level,tags
 #1: stderr all=off uptime,level,tags

Environment Variables:
JAVA_HOME=C:\Program Files (x86)\Java\jdk-1.8
CLASSPATH=.;C:\Program Files (x86)\Java\jdk-1.8\lib\dt.jar;
PATH=C:\Program Files (x86)\VMware\VMware Workstation\bin\;C:\Program Files\Common Files\Oracle\Java\javapath;C:\Program Files (x86)\Common Files\Oracle\Java\java8path;C:\Program Files (x86)\Common Files\Oracle\Java\javapath;C:\windows\system32;C:\windows;C:\windows\System32\Wbem;C:\windows\System32\WindowsPowerShell\v1.0\;C:\windows\System32\OpenSSH\;C:\Program Files (x86)\NVIDIA Corporation\PhysX\Common;C:\Users\Administrator\AppData\Local\Microsoft\WindowsApps;C:\Program Files\HP\OMEN-Broadcast\Common;C:\Program Files\Bandizip\;E:\mingw64\bin;C:\Program Files\dotnet\;E:\Git\cmd;"C:\Program Files (x86)\Java\jdk-1.8\bin;";E:\software\Tesseract-OCR;E:\software\wechatDev\web\dll;C:\Pro;ram Files\HP\HP One Agent;E:\software\apache-tomcat-9.0.97-windows-x64\apache-tomcat-9.0.97\bin;C:\Program Files (x86)\Microsoft SQL Server\160\Tools\Binn\;C:\Program Files\Microsoft SQL Server\160\Tools\Binn\;C:\Program Files\Microsoft SQL Server\Client SDK\ODBC\170\Tools\Binn\;C:\Program Files\Microsoft SQL Server\160\DTS\Binn\;C:\Program Files (x86)\Microsoft SQL Server\160\DTS\Binn\;C:\WINDOWS\system32;C:\WINDOWS;C:\WINDOWS\System32\Wbem;C:\WINDOWS\System32\WindowsPowerShell\v1.0\;C:\WINDOWS\System32\OpenSSH\;C:\Program Files\NVIDIA Corporation\NVIDIA app\NvDLISR;C:\Program Files\nodejs\;C:\ProgramData\chocolatey\bin;C:\Program Files\HP\HP One Agent;C:\Program Files\MySQL\MySQL Server 8.0\bin;E:\software\anaconda3;E:\software\anaconda3\Library\mingw-w64\bin;E:\software\anaconda3\Library\usr\bin;E:\software\anaconda3\Library\bin;E:\software\anaconda3\Scripts;C:\Users\wbh17\AppData\Local\Programs\Python\Python312\Scripts\;C:\Users\wbh17\AppData\Local\Programs\Python\Python312\;C:\Users\wbh17\AppData\Local\Microsoft\WindowsApps;E:\mingw64\bin;C:\Users\wbh17\AppData\Local\JetBrains\Toolbox\scripts;E:\software\CLion 2023.2.2\bin;;E:\software\Microsoft VS Code\bin;E:\software\PyCharm 2023.3.3\bin;;E:\software\IntelliJ\IntelliJ IDEA 2023.3.4\bin;;C:\Users\wbh17\AppData\Local\Mi
USERNAME=wbh17
OS=Windows_NT
PROCESSOR_IDENTIFIER=Intel64 Family 6 Model 183 Stepping 1, GenuineIntel
TMP=C:\Users\wbh17\AppData\Local\Temp
TEMP=C:\Users\wbh17\AppData\Local\Temp



---------------  S Y S T E M  ---------------

OS: Windows 11 , 64 bit Build 26100 (10.0.26100.3775)
OS uptime: 25 days 16:49 hours
Hyper-V role detected

CPU:total 32 (initial active 32) (16 cores per cpu, 2 threads per core) family 6 model 183 stepping 1 microcode 0x129, cmov, cx8, fxsr, mmx, sse, sse2, sse3, ssse3, sse4.1, sse4.2, popcnt, avx, avx2, aes, clmul, erms, 3dnowpref, lzcnt, ht, tsc, tscinvbit, bmi1, bmi2, adx, sha, fma

Memory: 4k page, system-wide physical 16077M (2599M free)
TotalPageFile size 23245M (AvailPageFile size 5847M)
current process WorkingSet (physical memory assigned to process): 113M, peak: 118M
current process commit charge ("private bytes"): 403M, peak: 409M

vm_info: OpenJDK 64-Bit Server VM (11.0.23+10-LTS) for windows-amd64 JRE (11.0.23+10-LTS), built on Apr 10 2024 06:12:21 by "" with MS VC++ 17.1 (VS2022)

END.
