#
# A fatal error has been detected by the Java Runtime Environment:
#
#  EXCEPTION_ACCESS_VIOLATION (0xc0000005) at pc=0x00007ff9173b0586, pid=19400, tid=26416
#
# JRE version: OpenJDK Runtime Environment (11.0.23+10) (build 11.0.23+10-LTS)
# Java VM: OpenJDK 64-Bit Server VM (11.0.23+10-LTS, mixed mode, tiered, compressed oops, g1 gc, windows-amd64)
# Problematic frame:
# C  [jniLLVM.dll+0xf60586]
#
# No core dump will be written. Minidumps are not enabled by default on client versions of Windows
#
# If you would like to submit a bug report, please visit:
#   https://bell-sw.com/support
# The crash happened outside the Java Virtual Machine in native code.
# See problematic frame for where to report the bug.
#

---------------  S U M M A R Y ------------

Command Line: -javaagent:E:\software\IntelliJ\IntelliJ IDEA 2023.3.4\lib\idea_rt.jar=52961:E:\software\IntelliJ\IntelliJ IDEA 2023.3.4\bin -Dfile.encoding=UTF-8 Main ./tests/test1.sysy ./tests/test1.asm

Host: 13th Gen Intel(R) Core(TM) i9-13900HX, 32 cores, 15G,  Windows 11 , 64 bit Build 26100 (10.0.26100.3775)
Time: Tue May  6 15:37:11 2025  Windows 11 , 64 bit Build 26100 (10.0.26100.3775) elapsed time: 0.932566 seconds (0d 0h 0m 0s)

---------------  T H R E A D  ---------------

Current thread (0x000001c095775800):  JavaThread "main" [_thread_in_native, id=26416, stack(0x0000002e07800000,0x0000002e07900000)]

Stack: [0x0000002e07800000,0x0000002e07900000],  sp=0x0000002e078fef20,  free space=1019k
Native frames: (J=compiled Java code, j=interpreted, Vv=VM code, C=native code)
C  [jniLLVM.dll+0xf60586]

Java frames: (J=compiled Java code, j=interpreted, Vv=VM code)
j  org.bytedeco.llvm.global.LLVM.LLVMGetBasicBlockName(Lorg/bytedeco/llvm/LLVM/LLVMBasicBlockRef;)Lorg/bytedeco/javacpp/BytePointer;+0
j  MyRISCVVisitor.generateBranch(Lorg/bytedeco/llvm/LLVM/LLVMValueRef;)V+30
j  MyRISCVVisitor.generateInstruction(Lorg/bytedeco/llvm/LLVM/LLVMValueRef;)V+281
j  MyRISCVVisitor.generateFunctionCode(Lorg/bytedeco/llvm/LLVM/LLVMValueRef;)V+82
j  MyRISCVVisitor.processFunction(Lorg/bytedeco/llvm/LLVM/LLVMValueRef;)V+43
j  MyRISCVVisitor.generateRiscVCode()V+115
j  Main.main([Ljava/lang/String;)V+113
v  ~StubRoutines::call_stub

siginfo: EXCEPTION_ACCESS_VIOLATION (0xc0000005), reading address 0xffffffffffffffff


Register to memory mapping:

RIP=0x00007ff9173b0586 jniLLVM.dll
RAX=0x3a0d21e800000001 is an unknown value
RBX={method} {0x000001c0befb4e68} 'LLVMGetBasicBlockName' '(Lorg/bytedeco/llvm/LLVM/LLVMBasicBlockRef;)Lorg/bytedeco/javacpp/BytePointer;' in 'org/bytedeco/llvm/global/LLVM'
RCX=0x3a0d21e800000001 is an unknown value
RDX=0x0000002e078fef70 is pointing into the stack for thread: 0x000001c095775800
RSP=0x0000002e078fef20 is pointing into the stack for thread: 0x000001c095775800
RBP=0x0000002e078ff038 is pointing into the stack for thread: 0x000001c095775800
RSI=0x0000000000000280 is an unknown value
RDI=0x000001c095775b50 points into unknown readable memory: 0x00007ff95f2e4e80 | 80 4e 2e 5f f9 7f 00 00
R8 =0x0000000000000042 is an unknown value
R9 =0x0000000713bfe188 is an oop: org.bytedeco.llvm.LLVM.LLVMBasicBlockRef 
{0x0000000713bfe188} - klass: 'org/bytedeco/llvm/LLVM/LLVMBasicBlockRef'
 - ---- fields (total size 6 words):
 - private 'deallocator' 'Lorg/bytedeco/javacpp/Pointer$Deallocator;' @12  NULL (0)
 - protected 'address' 'J' @16  4183036909213188097 (1 3a0d21e8)
 - protected 'position' 'J' @24  0 (0 0)
 - protected 'limit' 'J' @32  0 (0 0)
 - protected 'capacity' 'J' @40  0 (0 0)
R10=0x0000000000000010 is an unknown value
R11=0x00007ff95f3647fc jvm.dll
R12=0x0 is NULL
R13=0x000001c0befb4e58 is pointing into metadata
R14=0x0000002e078ff058 is pointing into the stack for thread: 0x000001c095775800
R15=0x000001c095775800 is a thread


Registers:
RAX=0x3a0d21e800000001, RBX=0x000001c0befb4e60, RCX=0x3a0d21e800000001, RDX=0x0000002e078fef70
RSP=0x0000002e078fef20, RBP=0x0000002e078ff038, RSI=0x0000000000000280, RDI=0x000001c095775b50
R8 =0x0000000000000042, R9 =0x0000000713bfe188, R10=0x0000000000000010, R11=0x00007ff95f3647fc
R12=0x0000000000000000, R13=0x000001c0befb4e58, R14=0x0000002e078ff058, R15=0x000001c095775800
RIP=0x00007ff9173b0586, EFLAGS=0x0000000000010202

Top of Stack: (sp=0x0000002e078fef20)
0x0000002e078fef20:   000001c095775800 00007ff95ec391a1
0x0000002e078fef30:   000001c0bd8e51d1 000001c095775800
0x0000002e078fef40:   000001c0befb4e60 00007ff9172fd83e
0x0000002e078fef50:   000001c095775800 0000000000000000
0x0000002e078fef60:   0000002e078ff058 000001c095775b50
0x0000002e078fef70:   3a0d21e800000001 00007ff91651af85
0x0000002e078fef80:   0000000000000001 00007ff916516614
0x0000002e078fef90:   0000000713bfe188 0000000000000000
0x0000002e078fefa0:   0000000000000000 000001c09f5dfd27
0x0000002e078fefb0:   000001c09f5da280 000001c09f5df777
0x0000002e078fefc0:   000001c0bcb45108 0000000000000280
0x0000002e078fefd0:   0000002e078fefe8 0000002e078ff048
0x0000002e078fefe0:   000001c09f5da527 0000002e078fefe8
0x0000002e078feff0:   0000002e078feff0 0000000000000000
0x0000002e078ff000:   0000002e078ff058 000001c0beff5658
0x0000002e078ff010:   0000000000000000 0000000713f63950 

Instructions: (pc=0x00007ff9173b0586)
0x00007ff9173b0486:   00 8b 4c 24 28 48 8b 44 24 20 48 89 1c c8 ff 44
0x00007ff9173b0496:   24 28 48 8b 5b 08 48 85 db 75 a6 48 8b 7c 24 20
0x00007ff9173b04a6:   8b 44 24 28 48 8d 1c c7 48 3b fb 74 16 48 8b 0f
0x00007ff9173b04b6:   e8 c5 fd ff ff 48 83 c7 08 48 3b fb 75 ef 48 8b
0x00007ff9173b04c6:   7c 24 20 48 8d 44 24 30 48 3b f8 74 09 48 8b cf
0x00007ff9173b04d6:   ff 15 1c b4 5e 01 48 8b 4c 24 70 48 33 cc e8 27
0x00007ff9173b04e6:   6e 5a 01 4c 8d 9c 24 80 00 00 00 49 8b 5b 10 49
0x00007ff9173b04f6:   8b 73 20 49 8b e3 5f c3 cc cc 48 89 5c 24 08 48
0x00007ff9173b0506:   89 74 24 10 57 48 83 ec 20 8b 42 14 48 8b f1 0f
0x00007ff9173b0516:   ba e0 1e 73 15 48 8b 5a f8 25 ff ff ff 07 48 c1
0x00007ff9173b0526:   e0 05 48 8b d3 48 8b c8 eb 1f 48 8b c8 48 8b da
0x00007ff9173b0536:   81 e1 ff ff ff 07 25 ff ff ff 07 48 c1 e1 05 48
0x00007ff9173b0546:   2b d9 48 c1 e0 05 48 2b d0 48 8d 3c 0a 48 3b df
0x00007ff9173b0556:   74 16 48 39 33 75 08 48 8b cb e8 1b fd ff ff 48
0x00007ff9173b0566:   83 c3 20 48 3b df 75 ea 48 8b 5c 24 30 48 8b 74
0x00007ff9173b0576:   24 38 48 83 c4 20 5f c3 cc cc 40 53 48 83 ec 20
0x00007ff9173b0586:   8b 41 14 48 8b da c1 e8 1c a8 01 75 1b 48 8d 05
0x00007ff9173b0596:   7a b0 4c 03 48 c7 42 08 00 00 00 00 48 89 02 48
0x00007ff9173b05a6:   8b c2 48 83 c4 20 5b c3 e8 1d 07 00 00 48 8d 48
0x00007ff9173b05b6:   10 48 8b 00 48 89 43 08 48 8b c3 48 89 0b 48 83
0x00007ff9173b05c6:   c4 20 5b c3 cc cc cc cc cc cc 48 8b 49 08 33 c0
0x00007ff9173b05d6:   48 85 c9 74 11 0f 1f 44 00 00 48 8b 49 08 48 ff
0x00007ff9173b05e6:   c0 48 85 c9 75 f4 c3 cc cc cc 48 89 5c 24 18 56
0x00007ff9173b05f6:   57 41 56 48 83 ec 30 0f b6 71 10 4d 8b f0 48 8b
0x00007ff9173b0606:   da 48 8b f9 40 80 fe 03 0f 84 7a 02 00 00 40 84
0x00007ff9173b0616:   f6 0f 84 76 02 00 00 40 80 fe 13 0f 85 a6 00 00
0x00007ff9173b0626:   00 48 8d 54 24 50 e8 0f a5 f9 ff 80 7c 24 51 00
0x00007ff9173b0636:   75 7d 48 8b cf e8 c0 b3 f9 ff 84 c0 74 55 48 8b
0x00007ff9173b0646:   cf e8 b4 a5 f9 ff 48 8b f8 0f be 50 08 80 fa 0f
0x00007ff9173b0656:   77 0c 41 b8 7f ac 00 00 41 0f a3 d0 72 16 80 ea
0x00007ff9173b0666:   10 80 fa 03 77 2d 33 d2 48 8b cf e8 4a c0 ff ff
0x00007ff9173b0676:   84 c0 74 1f 4c 8b c7 48 8b d3 49 8b ce e8 f8 8e 


Stack slot to memory mapping:
stack at sp + 0 slots: 0x000001c095775800 is a thread
stack at sp + 1 slots: 0x00007ff95ec391a1 jvm.dll
stack at sp + 2 slots: 0x000001c0bd8e51d1 is a weak global jni handle
stack at sp + 3 slots: 0x000001c095775800 is a thread
stack at sp + 4 slots: {method} {0x000001c0befb4e68} 'LLVMGetBasicBlockName' '(Lorg/bytedeco/llvm/LLVM/LLVMBasicBlockRef;)Lorg/bytedeco/javacpp/BytePointer;' in 'org/bytedeco/llvm/global/LLVM'
stack at sp + 5 slots: 0x00007ff9172fd83e jniLLVM.dll
stack at sp + 6 slots: 0x000001c095775800 is a thread
stack at sp + 7 slots: 0x0 is NULL


---------------  P R O C E S S  ---------------

Threads class SMR info:
_java_thread_list=0x000001c0bdd95e00, length=17, elements={
0x000001c095775800, 0x000001c0bd446000, 0x000001c0bd447000, 0x000001c0bd4bd000,
0x000001c0bd4be800, 0x000001c0bd4c0800, 0x000001c0bd4c5800, 0x000001c0bd4c9000,
0x000001c0bd4e4000, 0x000001c0bd5f7000, 0x000001c0bd5f9000, 0x000001c0bd6ba800,
0x000001c0bd71a000, 0x000001c0bd6d1000, 0x000001c0bda37800, 0x000001c0bdd9b800,
0x000001c0bdf2f800
}

Java Threads: ( => current thread )
=>0x000001c095775800 JavaThread "main" [_thread_in_native, id=26416, stack(0x0000002e07800000,0x0000002e07900000)]
  0x000001c0bd446000 JavaThread "Reference Handler" daemon [_thread_blocked, id=19808, stack(0x0000002e07f00000,0x0000002e08000000)]
  0x000001c0bd447000 JavaThread "Finalizer" daemon [_thread_blocked, id=16932, stack(0x0000002e08000000,0x0000002e08100000)]
  0x000001c0bd4bd000 JavaThread "Signal Dispatcher" daemon [_thread_blocked, id=21700, stack(0x0000002e08100000,0x0000002e08200000)]
  0x000001c0bd4be800 JavaThread "Attach Listener" daemon [_thread_blocked, id=20288, stack(0x0000002e08200000,0x0000002e08300000)]
  0x000001c0bd4c0800 JavaThread "Service Thread" daemon [_thread_blocked, id=27684, stack(0x0000002e08300000,0x0000002e08400000)]
  0x000001c0bd4c5800 JavaThread "C2 CompilerThread0" daemon [_thread_blocked, id=8272, stack(0x0000002e08400000,0x0000002e08500000)]
  0x000001c0bd4c9000 JavaThread "C1 CompilerThread0" daemon [_thread_blocked, id=14220, stack(0x0000002e08500000,0x0000002e08600000)]
  0x000001c0bd4e4000 JavaThread "Sweeper thread" daemon [_thread_blocked, id=10316, stack(0x0000002e08600000,0x0000002e08700000)]
  0x000001c0bd5f7000 JavaThread "Common-Cleaner" daemon [_thread_blocked, id=8232, stack(0x0000002e08700000,0x0000002e08800000)]
  0x000001c0bd5f9000 JavaThread "C1 CompilerThread1" daemon [_thread_blocked, id=14820, stack(0x0000002e08800000,0x0000002e08900000)]
  0x000001c0bd6ba800 JavaThread "C1 CompilerThread2" daemon [_thread_blocked, id=20880, stack(0x0000002e08900000,0x0000002e08a00000)]
  0x000001c0bd71a000 JavaThread "C2 CompilerThread1" daemon [_thread_blocked, id=3296, stack(0x0000002e08a00000,0x0000002e08b00000)]
  0x000001c0bd6d1000 JavaThread "C2 CompilerThread2" daemon [_thread_blocked, id=27988, stack(0x0000002e08b00000,0x0000002e08c00000)]
  0x000001c0bda37800 JavaThread "Monitor Ctrl-Break" daemon [_thread_in_native, id=20432, stack(0x0000002e08c00000,0x0000002e08d00000)]
  0x000001c0bdd9b800 JavaThread "JavaCPP Deallocator" daemon [_thread_blocked, id=28044, stack(0x0000002e08e00000,0x0000002e08f00000)]
  0x000001c0bdf2f800 JavaThread "C2 CompilerThread3" daemon [_thread_blocked, id=2368, stack(0x0000002e09400000,0x0000002e09500000)]

Other Threads:
  0x000001c0bd445800 VMThread "VM Thread" [stack: 0x0000002e07e00000,0x0000002e07f00000] [id=24732]
  0x000001c0bda38800 WatcherThread [stack: 0x0000002e08d00000,0x0000002e08e00000] [id=3456]
  0x000001c09578f000 GCTaskThread "GC Thread#0" [stack: 0x0000002e07900000,0x0000002e07a00000] [id=15212]
  0x000001c0be627800 GCTaskThread "GC Thread#1" [stack: 0x0000002e08f00000,0x0000002e09000000] [id=23980]
  0x000001c0be039000 GCTaskThread "GC Thread#2" [stack: 0x0000002e09000000,0x0000002e09100000] [id=2344]
  0x000001c0be03a000 GCTaskThread "GC Thread#3" [stack: 0x0000002e09100000,0x0000002e09200000] [id=15316]
  0x000001c0be090800 GCTaskThread "GC Thread#4" [stack: 0x0000002e09200000,0x0000002e09300000] [id=27476]
  0x000001c0be091000 GCTaskThread "GC Thread#5" [stack: 0x0000002e09300000,0x0000002e09400000] [id=11768]
  0x000001c0957f0000 ConcurrentGCThread "G1 Main Marker" [stack: 0x0000002e07a00000,0x0000002e07b00000] [id=23928]
  0x000001c0957f3000 ConcurrentGCThread "G1 Conc#0" [stack: 0x0000002e07b00000,0x0000002e07c00000] [id=21836]
  0x000001c0957f5800 ConcurrentGCThread "G1 Refine#0" [stack: 0x0000002e07c00000,0x0000002e07d00000] [id=5760]
  0x000001c0bb42b000 ConcurrentGCThread "G1 Young RemSet Sampling" [stack: 0x0000002e07d00000,0x0000002e07e00000] [id=13428]

Threads with active compile tasks:

VM state:not at safepoint (normal execution)

VM Mutex/Monitor currently owned by a thread: None

Heap address: 0x0000000704c00000, size: 4020 MB, Compressed Oops mode: Zero based, Oop shift amount: 3
Narrow klass base: 0x0000000800000000, Narrow klass shift: 0
Compressed class space size: 1073741824 Address: 0x0000000800000000

Heap:
 garbage-first heap   total 258048K, used 15299K [0x0000000704c00000, 0x0000000800000000)
  region size 1024K, 16 young (16384K), 3 survivors (3072K)
 Metaspace       used 11266K, capacity 11526K, committed 11648K, reserved 1060864K
  class space    used 1050K, capacity 1118K, committed 1152K, reserved 1048576K
Heap Regions: E=young(eden), S=young(survivor), O=old, HS=humongous(starts), HC=humongous(continues), CS=collection set, F=free, A=archive, TAMS=top-at-mark-start (previous, next)
|   0|0x0000000704c00000, 0x0000000704c00000, 0x0000000704d00000|  0%| F|  |TAMS 0x0000000704c00000, 0x0000000704c00000| Untracked 
|   1|0x0000000704d00000, 0x0000000704d00000, 0x0000000704e00000|  0%| F|  |TAMS 0x0000000704d00000, 0x0000000704d00000| Untracked 
|   2|0x0000000704e00000, 0x0000000704e00000, 0x0000000704f00000|  0%| F|  |TAMS 0x0000000704e00000, 0x0000000704e00000| Untracked 
|   3|0x0000000704f00000, 0x0000000704f00000, 0x0000000705000000|  0%| F|  |TAMS 0x0000000704f00000, 0x0000000704f00000| Untracked 
|   4|0x0000000705000000, 0x0000000705000000, 0x0000000705100000|  0%| F|  |TAMS 0x0000000705000000, 0x0000000705000000| Untracked 
|   5|0x0000000705100000, 0x0000000705100000, 0x0000000705200000|  0%| F|  |TAMS 0x0000000705100000, 0x0000000705100000| Untracked 
|   6|0x0000000705200000, 0x0000000705200000, 0x0000000705300000|  0%| F|  |TAMS 0x0000000705200000, 0x0000000705200000| Untracked 
|   7|0x0000000705300000, 0x0000000705300000, 0x0000000705400000|  0%| F|  |TAMS 0x0000000705300000, 0x0000000705300000| Untracked 
|   8|0x0000000705400000, 0x0000000705400000, 0x0000000705500000|  0%| F|  |TAMS 0x0000000705400000, 0x0000000705400000| Untracked 
|   9|0x0000000705500000, 0x0000000705500000, 0x0000000705600000|  0%| F|  |TAMS 0x0000000705500000, 0x0000000705500000| Untracked 
|  10|0x0000000705600000, 0x0000000705600000, 0x0000000705700000|  0%| F|  |TAMS 0x0000000705600000, 0x0000000705600000| Untracked 
|  11|0x0000000705700000, 0x0000000705700000, 0x0000000705800000|  0%| F|  |TAMS 0x0000000705700000, 0x0000000705700000| Untracked 
|  12|0x0000000705800000, 0x0000000705800000, 0x0000000705900000|  0%| F|  |TAMS 0x0000000705800000, 0x0000000705800000| Untracked 
|  13|0x0000000705900000, 0x0000000705900000, 0x0000000705a00000|  0%| F|  |TAMS 0x0000000705900000, 0x0000000705900000| Untracked 
|  14|0x0000000705a00000, 0x0000000705a00000, 0x0000000705b00000|  0%| F|  |TAMS 0x0000000705a00000, 0x0000000705a00000| Untracked 
|  15|0x0000000705b00000, 0x0000000705b00000, 0x0000000705c00000|  0%| F|  |TAMS 0x0000000705b00000, 0x0000000705b00000| Untracked 
|  16|0x0000000705c00000, 0x0000000705c00000, 0x0000000705d00000|  0%| F|  |TAMS 0x0000000705c00000, 0x0000000705c00000| Untracked 
|  17|0x0000000705d00000, 0x0000000705d00000, 0x0000000705e00000|  0%| F|  |TAMS 0x0000000705d00000, 0x0000000705d00000| Untracked 
|  18|0x0000000705e00000, 0x0000000705e00000, 0x0000000705f00000|  0%| F|  |TAMS 0x0000000705e00000, 0x0000000705e00000| Untracked 
|  19|0x0000000705f00000, 0x0000000705f00000, 0x0000000706000000|  0%| F|  |TAMS 0x0000000705f00000, 0x0000000705f00000| Untracked 
|  20|0x0000000706000000, 0x0000000706000000, 0x0000000706100000|  0%| F|  |TAMS 0x0000000706000000, 0x0000000706000000| Untracked 
|  21|0x0000000706100000, 0x0000000706100000, 0x0000000706200000|  0%| F|  |TAMS 0x0000000706100000, 0x0000000706100000| Untracked 
|  22|0x0000000706200000, 0x0000000706200000, 0x0000000706300000|  0%| F|  |TAMS 0x0000000706200000, 0x0000000706200000| Untracked 
|  23|0x0000000706300000, 0x0000000706300000, 0x0000000706400000|  0%| F|  |TAMS 0x0000000706300000, 0x0000000706300000| Untracked 
|  24|0x0000000706400000, 0x0000000706400000, 0x0000000706500000|  0%| F|  |TAMS 0x0000000706400000, 0x0000000706400000| Untracked 
|  25|0x0000000706500000, 0x0000000706500000, 0x0000000706600000|  0%| F|  |TAMS 0x0000000706500000, 0x0000000706500000| Untracked 
|  26|0x0000000706600000, 0x0000000706600000, 0x0000000706700000|  0%| F|  |TAMS 0x0000000706600000, 0x0000000706600000| Untracked 
|  27|0x0000000706700000, 0x0000000706700000, 0x0000000706800000|  0%| F|  |TAMS 0x0000000706700000, 0x0000000706700000| Untracked 
|  28|0x0000000706800000, 0x0000000706800000, 0x0000000706900000|  0%| F|  |TAMS 0x0000000706800000, 0x0000000706800000| Untracked 
|  29|0x0000000706900000, 0x0000000706900000, 0x0000000706a00000|  0%| F|  |TAMS 0x0000000706900000, 0x0000000706900000| Untracked 
|  30|0x0000000706a00000, 0x0000000706a00000, 0x0000000706b00000|  0%| F|  |TAMS 0x0000000706a00000, 0x0000000706a00000| Untracked 
|  31|0x0000000706b00000, 0x0000000706b00000, 0x0000000706c00000|  0%| F|  |TAMS 0x0000000706b00000, 0x0000000706b00000| Untracked 
|  32|0x0000000706c00000, 0x0000000706c00000, 0x0000000706d00000|  0%| F|  |TAMS 0x0000000706c00000, 0x0000000706c00000| Untracked 
|  33|0x0000000706d00000, 0x0000000706d00000, 0x0000000706e00000|  0%| F|  |TAMS 0x0000000706d00000, 0x0000000706d00000| Untracked 
|  34|0x0000000706e00000, 0x0000000706e00000, 0x0000000706f00000|  0%| F|  |TAMS 0x0000000706e00000, 0x0000000706e00000| Untracked 
|  35|0x0000000706f00000, 0x0000000706f00000, 0x0000000707000000|  0%| F|  |TAMS 0x0000000706f00000, 0x0000000706f00000| Untracked 
|  36|0x0000000707000000, 0x0000000707000000, 0x0000000707100000|  0%| F|  |TAMS 0x0000000707000000, 0x0000000707000000| Untracked 
|  37|0x0000000707100000, 0x0000000707100000, 0x0000000707200000|  0%| F|  |TAMS 0x0000000707100000, 0x0000000707100000| Untracked 
|  38|0x0000000707200000, 0x0000000707200000, 0x0000000707300000|  0%| F|  |TAMS 0x0000000707200000, 0x0000000707200000| Untracked 
|  39|0x0000000707300000, 0x0000000707300000, 0x0000000707400000|  0%| F|  |TAMS 0x0000000707300000, 0x0000000707300000| Untracked 
|  40|0x0000000707400000, 0x0000000707400000, 0x0000000707500000|  0%| F|  |TAMS 0x0000000707400000, 0x0000000707400000| Untracked 
|  41|0x0000000707500000, 0x0000000707500000, 0x0000000707600000|  0%| F|  |TAMS 0x0000000707500000, 0x0000000707500000| Untracked 
|  42|0x0000000707600000, 0x0000000707600000, 0x0000000707700000|  0%| F|  |TAMS 0x0000000707600000, 0x0000000707600000| Untracked 
|  43|0x0000000707700000, 0x0000000707700000, 0x0000000707800000|  0%| F|  |TAMS 0x0000000707700000, 0x0000000707700000| Untracked 
|  44|0x0000000707800000, 0x0000000707800000, 0x0000000707900000|  0%| F|  |TAMS 0x0000000707800000, 0x0000000707800000| Untracked 
|  45|0x0000000707900000, 0x0000000707900000, 0x0000000707a00000|  0%| F|  |TAMS 0x0000000707900000, 0x0000000707900000| Untracked 
|  46|0x0000000707a00000, 0x0000000707a00000, 0x0000000707b00000|  0%| F|  |TAMS 0x0000000707a00000, 0x0000000707a00000| Untracked 
|  47|0x0000000707b00000, 0x0000000707b00000, 0x0000000707c00000|  0%| F|  |TAMS 0x0000000707b00000, 0x0000000707b00000| Untracked 
|  48|0x0000000707c00000, 0x0000000707c00000, 0x0000000707d00000|  0%| F|  |TAMS 0x0000000707c00000, 0x0000000707c00000| Untracked 
|  49|0x0000000707d00000, 0x0000000707d00000, 0x0000000707e00000|  0%| F|  |TAMS 0x0000000707d00000, 0x0000000707d00000| Untracked 
|  50|0x0000000707e00000, 0x0000000707e00000, 0x0000000707f00000|  0%| F|  |TAMS 0x0000000707e00000, 0x0000000707e00000| Untracked 
|  51|0x0000000707f00000, 0x0000000707f00000, 0x0000000708000000|  0%| F|  |TAMS 0x0000000707f00000, 0x0000000707f00000| Untracked 
|  52|0x0000000708000000, 0x0000000708000000, 0x0000000708100000|  0%| F|  |TAMS 0x0000000708000000, 0x0000000708000000| Untracked 
|  53|0x0000000708100000, 0x0000000708100000, 0x0000000708200000|  0%| F|  |TAMS 0x0000000708100000, 0x0000000708100000| Untracked 
|  54|0x0000000708200000, 0x0000000708200000, 0x0000000708300000|  0%| F|  |TAMS 0x0000000708200000, 0x0000000708200000| Untracked 
|  55|0x0000000708300000, 0x0000000708300000, 0x0000000708400000|  0%| F|  |TAMS 0x0000000708300000, 0x0000000708300000| Untracked 
|  56|0x0000000708400000, 0x0000000708400000, 0x0000000708500000|  0%| F|  |TAMS 0x0000000708400000, 0x0000000708400000| Untracked 
|  57|0x0000000708500000, 0x0000000708500000, 0x0000000708600000|  0%| F|  |TAMS 0x0000000708500000, 0x0000000708500000| Untracked 
|  58|0x0000000708600000, 0x0000000708600000, 0x0000000708700000|  0%| F|  |TAMS 0x0000000708600000, 0x0000000708600000| Untracked 
|  59|0x0000000708700000, 0x0000000708700000, 0x0000000708800000|  0%| F|  |TAMS 0x0000000708700000, 0x0000000708700000| Untracked 
|  60|0x0000000708800000, 0x0000000708800000, 0x0000000708900000|  0%| F|  |TAMS 0x0000000708800000, 0x0000000708800000| Untracked 
|  61|0x0000000708900000, 0x0000000708900000, 0x0000000708a00000|  0%| F|  |TAMS 0x0000000708900000, 0x0000000708900000| Untracked 
|  62|0x0000000708a00000, 0x0000000708a00000, 0x0000000708b00000|  0%| F|  |TAMS 0x0000000708a00000, 0x0000000708a00000| Untracked 
|  63|0x0000000708b00000, 0x0000000708b00000, 0x0000000708c00000|  0%| F|  |TAMS 0x0000000708b00000, 0x0000000708b00000| Untracked 
|  64|0x0000000708c00000, 0x0000000708c00000, 0x0000000708d00000|  0%| F|  |TAMS 0x0000000708c00000, 0x0000000708c00000| Untracked 
|  65|0x0000000708d00000, 0x0000000708d00000, 0x0000000708e00000|  0%| F|  |TAMS 0x0000000708d00000, 0x0000000708d00000| Untracked 
|  66|0x0000000708e00000, 0x0000000708e00000, 0x0000000708f00000|  0%| F|  |TAMS 0x0000000708e00000, 0x0000000708e00000| Untracked 
|  67|0x0000000708f00000, 0x0000000708f00000, 0x0000000709000000|  0%| F|  |TAMS 0x0000000708f00000, 0x0000000708f00000| Untracked 
|  68|0x0000000709000000, 0x0000000709000000, 0x0000000709100000|  0%| F|  |TAMS 0x0000000709000000, 0x0000000709000000| Untracked 
|  69|0x0000000709100000, 0x0000000709100000, 0x0000000709200000|  0%| F|  |TAMS 0x0000000709100000, 0x0000000709100000| Untracked 
|  70|0x0000000709200000, 0x0000000709200000, 0x0000000709300000|  0%| F|  |TAMS 0x0000000709200000, 0x0000000709200000| Untracked 
|  71|0x0000000709300000, 0x0000000709300000, 0x0000000709400000|  0%| F|  |TAMS 0x0000000709300000, 0x0000000709300000| Untracked 
|  72|0x0000000709400000, 0x0000000709400000, 0x0000000709500000|  0%| F|  |TAMS 0x0000000709400000, 0x0000000709400000| Untracked 
|  73|0x0000000709500000, 0x0000000709500000, 0x0000000709600000|  0%| F|  |TAMS 0x0000000709500000, 0x0000000709500000| Untracked 
|  74|0x0000000709600000, 0x0000000709600000, 0x0000000709700000|  0%| F|  |TAMS 0x0000000709600000, 0x0000000709600000| Untracked 
|  75|0x0000000709700000, 0x0000000709700000, 0x0000000709800000|  0%| F|  |TAMS 0x0000000709700000, 0x0000000709700000| Untracked 
|  76|0x0000000709800000, 0x0000000709800000, 0x0000000709900000|  0%| F|  |TAMS 0x0000000709800000, 0x0000000709800000| Untracked 
|  77|0x0000000709900000, 0x0000000709900000, 0x0000000709a00000|  0%| F|  |TAMS 0x0000000709900000, 0x0000000709900000| Untracked 
|  78|0x0000000709a00000, 0x0000000709a00000, 0x0000000709b00000|  0%| F|  |TAMS 0x0000000709a00000, 0x0000000709a00000| Untracked 
|  79|0x0000000709b00000, 0x0000000709b00000, 0x0000000709c00000|  0%| F|  |TAMS 0x0000000709b00000, 0x0000000709b00000| Untracked 
|  80|0x0000000709c00000, 0x0000000709c00000, 0x0000000709d00000|  0%| F|  |TAMS 0x0000000709c00000, 0x0000000709c00000| Untracked 
|  81|0x0000000709d00000, 0x0000000709d00000, 0x0000000709e00000|  0%| F|  |TAMS 0x0000000709d00000, 0x0000000709d00000| Untracked 
|  82|0x0000000709e00000, 0x0000000709e00000, 0x0000000709f00000|  0%| F|  |TAMS 0x0000000709e00000, 0x0000000709e00000| Untracked 
|  83|0x0000000709f00000, 0x0000000709f00000, 0x000000070a000000|  0%| F|  |TAMS 0x0000000709f00000, 0x0000000709f00000| Untracked 
|  84|0x000000070a000000, 0x000000070a000000, 0x000000070a100000|  0%| F|  |TAMS 0x000000070a000000, 0x000000070a000000| Untracked 
|  85|0x000000070a100000, 0x000000070a100000, 0x000000070a200000|  0%| F|  |TAMS 0x000000070a100000, 0x000000070a100000| Untracked 
|  86|0x000000070a200000, 0x000000070a200000, 0x000000070a300000|  0%| F|  |TAMS 0x000000070a200000, 0x000000070a200000| Untracked 
|  87|0x000000070a300000, 0x000000070a300000, 0x000000070a400000|  0%| F|  |TAMS 0x000000070a300000, 0x000000070a300000| Untracked 
|  88|0x000000070a400000, 0x000000070a400000, 0x000000070a500000|  0%| F|  |TAMS 0x000000070a400000, 0x000000070a400000| Untracked 
|  89|0x000000070a500000, 0x000000070a500000, 0x000000070a600000|  0%| F|  |TAMS 0x000000070a500000, 0x000000070a500000| Untracked 
|  90|0x000000070a600000, 0x000000070a600000, 0x000000070a700000|  0%| F|  |TAMS 0x000000070a600000, 0x000000070a600000| Untracked 
|  91|0x000000070a700000, 0x000000070a700000, 0x000000070a800000|  0%| F|  |TAMS 0x000000070a700000, 0x000000070a700000| Untracked 
|  92|0x000000070a800000, 0x000000070a800000, 0x000000070a900000|  0%| F|  |TAMS 0x000000070a800000, 0x000000070a800000| Untracked 
|  93|0x000000070a900000, 0x000000070a900000, 0x000000070aa00000|  0%| F|  |TAMS 0x000000070a900000, 0x000000070a900000| Untracked 
|  94|0x000000070aa00000, 0x000000070aa00000, 0x000000070ab00000|  0%| F|  |TAMS 0x000000070aa00000, 0x000000070aa00000| Untracked 
|  95|0x000000070ab00000, 0x000000070ab00000, 0x000000070ac00000|  0%| F|  |TAMS 0x000000070ab00000, 0x000000070ab00000| Untracked 
|  96|0x000000070ac00000, 0x000000070ac00000, 0x000000070ad00000|  0%| F|  |TAMS 0x000000070ac00000, 0x000000070ac00000| Untracked 
|  97|0x000000070ad00000, 0x000000070ad00000, 0x000000070ae00000|  0%| F|  |TAMS 0x000000070ad00000, 0x000000070ad00000| Untracked 
|  98|0x000000070ae00000, 0x000000070ae00000, 0x000000070af00000|  0%| F|  |TAMS 0x000000070ae00000, 0x000000070ae00000| Untracked 
|  99|0x000000070af00000, 0x000000070af00000, 0x000000070b000000|  0%| F|  |TAMS 0x000000070af00000, 0x000000070af00000| Untracked 
| 100|0x000000070b000000, 0x000000070b000000, 0x000000070b100000|  0%| F|  |TAMS 0x000000070b000000, 0x000000070b000000| Untracked 
| 101|0x000000070b100000, 0x000000070b100000, 0x000000070b200000|  0%| F|  |TAMS 0x000000070b100000, 0x000000070b100000| Untracked 
| 102|0x000000070b200000, 0x000000070b200000, 0x000000070b300000|  0%| F|  |TAMS 0x000000070b200000, 0x000000070b200000| Untracked 
| 103|0x000000070b300000, 0x000000070b300000, 0x000000070b400000|  0%| F|  |TAMS 0x000000070b300000, 0x000000070b300000| Untracked 
| 104|0x000000070b400000, 0x000000070b400000, 0x000000070b500000|  0%| F|  |TAMS 0x000000070b400000, 0x000000070b400000| Untracked 
| 105|0x000000070b500000, 0x000000070b500000, 0x000000070b600000|  0%| F|  |TAMS 0x000000070b500000, 0x000000070b500000| Untracked 
| 106|0x000000070b600000, 0x000000070b600000, 0x000000070b700000|  0%| F|  |TAMS 0x000000070b600000, 0x000000070b600000| Untracked 
| 107|0x000000070b700000, 0x000000070b700000, 0x000000070b800000|  0%| F|  |TAMS 0x000000070b700000, 0x000000070b700000| Untracked 
| 108|0x000000070b800000, 0x000000070b800000, 0x000000070b900000|  0%| F|  |TAMS 0x000000070b800000, 0x000000070b800000| Untracked 
| 109|0x000000070b900000, 0x000000070b900000, 0x000000070ba00000|  0%| F|  |TAMS 0x000000070b900000, 0x000000070b900000| Untracked 
| 110|0x000000070ba00000, 0x000000070ba00000, 0x000000070bb00000|  0%| F|  |TAMS 0x000000070ba00000, 0x000000070ba00000| Untracked 
| 111|0x000000070bb00000, 0x000000070bb00000, 0x000000070bc00000|  0%| F|  |TAMS 0x000000070bb00000, 0x000000070bb00000| Untracked 
| 112|0x000000070bc00000, 0x000000070bc00000, 0x000000070bd00000|  0%| F|  |TAMS 0x000000070bc00000, 0x000000070bc00000| Untracked 
| 113|0x000000070bd00000, 0x000000070bd00000, 0x000000070be00000|  0%| F|  |TAMS 0x000000070bd00000, 0x000000070bd00000| Untracked 
| 114|0x000000070be00000, 0x000000070be00000, 0x000000070bf00000|  0%| F|  |TAMS 0x000000070be00000, 0x000000070be00000| Untracked 
| 115|0x000000070bf00000, 0x000000070bf00000, 0x000000070c000000|  0%| F|  |TAMS 0x000000070bf00000, 0x000000070bf00000| Untracked 
| 116|0x000000070c000000, 0x000000070c000000, 0x000000070c100000|  0%| F|  |TAMS 0x000000070c000000, 0x000000070c000000| Untracked 
| 117|0x000000070c100000, 0x000000070c100000, 0x000000070c200000|  0%| F|  |TAMS 0x000000070c100000, 0x000000070c100000| Untracked 
| 118|0x000000070c200000, 0x000000070c200000, 0x000000070c300000|  0%| F|  |TAMS 0x000000070c200000, 0x000000070c200000| Untracked 
| 119|0x000000070c300000, 0x000000070c300000, 0x000000070c400000|  0%| F|  |TAMS 0x000000070c300000, 0x000000070c300000| Untracked 
| 120|0x000000070c400000, 0x000000070c400000, 0x000000070c500000|  0%| F|  |TAMS 0x000000070c400000, 0x000000070c400000| Untracked 
| 121|0x000000070c500000, 0x000000070c500000, 0x000000070c600000|  0%| F|  |TAMS 0x000000070c500000, 0x000000070c500000| Untracked 
| 122|0x000000070c600000, 0x000000070c600000, 0x000000070c700000|  0%| F|  |TAMS 0x000000070c600000, 0x000000070c600000| Untracked 
| 123|0x000000070c700000, 0x000000070c700000, 0x000000070c800000|  0%| F|  |TAMS 0x000000070c700000, 0x000000070c700000| Untracked 
| 124|0x000000070c800000, 0x000000070c800000, 0x000000070c900000|  0%| F|  |TAMS 0x000000070c800000, 0x000000070c800000| Untracked 
| 125|0x000000070c900000, 0x000000070c900000, 0x000000070ca00000|  0%| F|  |TAMS 0x000000070c900000, 0x000000070c900000| Untracked 
| 126|0x000000070ca00000, 0x000000070ca00000, 0x000000070cb00000|  0%| F|  |TAMS 0x000000070ca00000, 0x000000070ca00000| Untracked 
| 127|0x000000070cb00000, 0x000000070cb00000, 0x000000070cc00000|  0%| F|  |TAMS 0x000000070cb00000, 0x000000070cb00000| Untracked 
| 128|0x000000070cc00000, 0x000000070cc00000, 0x000000070cd00000|  0%| F|  |TAMS 0x000000070cc00000, 0x000000070cc00000| Untracked 
| 129|0x000000070cd00000, 0x000000070cd00000, 0x000000070ce00000|  0%| F|  |TAMS 0x000000070cd00000, 0x000000070cd00000| Untracked 
| 130|0x000000070ce00000, 0x000000070ce00000, 0x000000070cf00000|  0%| F|  |TAMS 0x000000070ce00000, 0x000000070ce00000| Untracked 
| 131|0x000000070cf00000, 0x000000070cf00000, 0x000000070d000000|  0%| F|  |TAMS 0x000000070cf00000, 0x000000070cf00000| Untracked 
| 132|0x000000070d000000, 0x000000070d000000, 0x000000070d100000|  0%| F|  |TAMS 0x000000070d000000, 0x000000070d000000| Untracked 
| 133|0x000000070d100000, 0x000000070d100000, 0x000000070d200000|  0%| F|  |TAMS 0x000000070d100000, 0x000000070d100000| Untracked 
| 134|0x000000070d200000, 0x000000070d200000, 0x000000070d300000|  0%| F|  |TAMS 0x000000070d200000, 0x000000070d200000| Untracked 
| 135|0x000000070d300000, 0x000000070d300000, 0x000000070d400000|  0%| F|  |TAMS 0x000000070d300000, 0x000000070d300000| Untracked 
| 136|0x000000070d400000, 0x000000070d400000, 0x000000070d500000|  0%| F|  |TAMS 0x000000070d400000, 0x000000070d400000| Untracked 
| 137|0x000000070d500000, 0x000000070d500000, 0x000000070d600000|  0%| F|  |TAMS 0x000000070d500000, 0x000000070d500000| Untracked 
| 138|0x000000070d600000, 0x000000070d600000, 0x000000070d700000|  0%| F|  |TAMS 0x000000070d600000, 0x000000070d600000| Untracked 
| 139|0x000000070d700000, 0x000000070d700000, 0x000000070d800000|  0%| F|  |TAMS 0x000000070d700000, 0x000000070d700000| Untracked 
| 140|0x000000070d800000, 0x000000070d800000, 0x000000070d900000|  0%| F|  |TAMS 0x000000070d800000, 0x000000070d800000| Untracked 
| 141|0x000000070d900000, 0x000000070d900000, 0x000000070da00000|  0%| F|  |TAMS 0x000000070d900000, 0x000000070d900000| Untracked 
| 142|0x000000070da00000, 0x000000070da00000, 0x000000070db00000|  0%| F|  |TAMS 0x000000070da00000, 0x000000070da00000| Untracked 
| 143|0x000000070db00000, 0x000000070db00000, 0x000000070dc00000|  0%| F|  |TAMS 0x000000070db00000, 0x000000070db00000| Untracked 
| 144|0x000000070dc00000, 0x000000070dc00000, 0x000000070dd00000|  0%| F|  |TAMS 0x000000070dc00000, 0x000000070dc00000| Untracked 
| 145|0x000000070dd00000, 0x000000070dd00000, 0x000000070de00000|  0%| F|  |TAMS 0x000000070dd00000, 0x000000070dd00000| Untracked 
| 146|0x000000070de00000, 0x000000070de00000, 0x000000070df00000|  0%| F|  |TAMS 0x000000070de00000, 0x000000070de00000| Untracked 
| 147|0x000000070df00000, 0x000000070df00000, 0x000000070e000000|  0%| F|  |TAMS 0x000000070df00000, 0x000000070df00000| Untracked 
| 148|0x000000070e000000, 0x000000070e000000, 0x000000070e100000|  0%| F|  |TAMS 0x000000070e000000, 0x000000070e000000| Untracked 
| 149|0x000000070e100000, 0x000000070e100000, 0x000000070e200000|  0%| F|  |TAMS 0x000000070e100000, 0x000000070e100000| Untracked 
| 150|0x000000070e200000, 0x000000070e200000, 0x000000070e300000|  0%| F|  |TAMS 0x000000070e200000, 0x000000070e200000| Untracked 
| 151|0x000000070e300000, 0x000000070e300000, 0x000000070e400000|  0%| F|  |TAMS 0x000000070e300000, 0x000000070e300000| Untracked 
| 152|0x000000070e400000, 0x000000070e400000, 0x000000070e500000|  0%| F|  |TAMS 0x000000070e400000, 0x000000070e400000| Untracked 
| 153|0x000000070e500000, 0x000000070e500000, 0x000000070e600000|  0%| F|  |TAMS 0x000000070e500000, 0x000000070e500000| Untracked 
| 154|0x000000070e600000, 0x000000070e600000, 0x000000070e700000|  0%| F|  |TAMS 0x000000070e600000, 0x000000070e600000| Untracked 
| 155|0x000000070e700000, 0x000000070e700000, 0x000000070e800000|  0%| F|  |TAMS 0x000000070e700000, 0x000000070e700000| Untracked 
| 156|0x000000070e800000, 0x000000070e800000, 0x000000070e900000|  0%| F|  |TAMS 0x000000070e800000, 0x000000070e800000| Untracked 
| 157|0x000000070e900000, 0x000000070e900000, 0x000000070ea00000|  0%| F|  |TAMS 0x000000070e900000, 0x000000070e900000| Untracked 
| 158|0x000000070ea00000, 0x000000070ea00000, 0x000000070eb00000|  0%| F|  |TAMS 0x000000070ea00000, 0x000000070ea00000| Untracked 
| 159|0x000000070eb00000, 0x000000070eb00000, 0x000000070ec00000|  0%| F|  |TAMS 0x000000070eb00000, 0x000000070eb00000| Untracked 
| 160|0x000000070ec00000, 0x000000070ec00000, 0x000000070ed00000|  0%| F|  |TAMS 0x000000070ec00000, 0x000000070ec00000| Untracked 
| 161|0x000000070ed00000, 0x000000070ed00000, 0x000000070ee00000|  0%| F|  |TAMS 0x000000070ed00000, 0x000000070ed00000| Untracked 
| 162|0x000000070ee00000, 0x000000070ee00000, 0x000000070ef00000|  0%| F|  |TAMS 0x000000070ee00000, 0x000000070ee00000| Untracked 
| 163|0x000000070ef00000, 0x000000070ef00000, 0x000000070f000000|  0%| F|  |TAMS 0x000000070ef00000, 0x000000070ef00000| Untracked 
| 164|0x000000070f000000, 0x000000070f000000, 0x000000070f100000|  0%| F|  |TAMS 0x000000070f000000, 0x000000070f000000| Untracked 
| 165|0x000000070f100000, 0x000000070f100000, 0x000000070f200000|  0%| F|  |TAMS 0x000000070f100000, 0x000000070f100000| Untracked 
| 166|0x000000070f200000, 0x000000070f200000, 0x000000070f300000|  0%| F|  |TAMS 0x000000070f200000, 0x000000070f200000| Untracked 
| 167|0x000000070f300000, 0x000000070f300000, 0x000000070f400000|  0%| F|  |TAMS 0x000000070f300000, 0x000000070f300000| Untracked 
| 168|0x000000070f400000, 0x000000070f400000, 0x000000070f500000|  0%| F|  |TAMS 0x000000070f400000, 0x000000070f400000| Untracked 
| 169|0x000000070f500000, 0x000000070f500000, 0x000000070f600000|  0%| F|  |TAMS 0x000000070f500000, 0x000000070f500000| Untracked 
| 170|0x000000070f600000, 0x000000070f600000, 0x000000070f700000|  0%| F|  |TAMS 0x000000070f600000, 0x000000070f600000| Untracked 
| 171|0x000000070f700000, 0x000000070f700000, 0x000000070f800000|  0%| F|  |TAMS 0x000000070f700000, 0x000000070f700000| Untracked 
| 172|0x000000070f800000, 0x000000070f800000, 0x000000070f900000|  0%| F|  |TAMS 0x000000070f800000, 0x000000070f800000| Untracked 
| 173|0x000000070f900000, 0x000000070f900000, 0x000000070fa00000|  0%| F|  |TAMS 0x000000070f900000, 0x000000070f900000| Untracked 
| 174|0x000000070fa00000, 0x000000070fa00000, 0x000000070fb00000|  0%| F|  |TAMS 0x000000070fa00000, 0x000000070fa00000| Untracked 
| 175|0x000000070fb00000, 0x000000070fb00000, 0x000000070fc00000|  0%| F|  |TAMS 0x000000070fb00000, 0x000000070fb00000| Untracked 
| 176|0x000000070fc00000, 0x000000070fc00000, 0x000000070fd00000|  0%| F|  |TAMS 0x000000070fc00000, 0x000000070fc00000| Untracked 
| 177|0x000000070fd00000, 0x000000070fd00000, 0x000000070fe00000|  0%| F|  |TAMS 0x000000070fd00000, 0x000000070fd00000| Untracked 
| 178|0x000000070fe00000, 0x000000070fe00000, 0x000000070ff00000|  0%| F|  |TAMS 0x000000070fe00000, 0x000000070fe00000| Untracked 
| 179|0x000000070ff00000, 0x000000070ff00000, 0x0000000710000000|  0%| F|  |TAMS 0x000000070ff00000, 0x000000070ff00000| Untracked 
| 180|0x0000000710000000, 0x0000000710000000, 0x0000000710100000|  0%| F|  |TAMS 0x0000000710000000, 0x0000000710000000| Untracked 
| 181|0x0000000710100000, 0x0000000710100000, 0x0000000710200000|  0%| F|  |TAMS 0x0000000710100000, 0x0000000710100000| Untracked 
| 182|0x0000000710200000, 0x0000000710200000, 0x0000000710300000|  0%| F|  |TAMS 0x0000000710200000, 0x0000000710200000| Untracked 
| 183|0x0000000710300000, 0x0000000710300000, 0x0000000710400000|  0%| F|  |TAMS 0x0000000710300000, 0x0000000710300000| Untracked 
| 184|0x0000000710400000, 0x0000000710400000, 0x0000000710500000|  0%| F|  |TAMS 0x0000000710400000, 0x0000000710400000| Untracked 
| 185|0x0000000710500000, 0x0000000710500000, 0x0000000710600000|  0%| F|  |TAMS 0x0000000710500000, 0x0000000710500000| Untracked 
| 186|0x0000000710600000, 0x0000000710600000, 0x0000000710700000|  0%| F|  |TAMS 0x0000000710600000, 0x0000000710600000| Untracked 
| 187|0x0000000710700000, 0x0000000710700000, 0x0000000710800000|  0%| F|  |TAMS 0x0000000710700000, 0x0000000710700000| Untracked 
| 188|0x0000000710800000, 0x0000000710800000, 0x0000000710900000|  0%| F|  |TAMS 0x0000000710800000, 0x0000000710800000| Untracked 
| 189|0x0000000710900000, 0x0000000710900000, 0x0000000710a00000|  0%| F|  |TAMS 0x0000000710900000, 0x0000000710900000| Untracked 
| 190|0x0000000710a00000, 0x0000000710a00000, 0x0000000710b00000|  0%| F|  |TAMS 0x0000000710a00000, 0x0000000710a00000| Untracked 
| 191|0x0000000710b00000, 0x0000000710b00000, 0x0000000710c00000|  0%| F|  |TAMS 0x0000000710b00000, 0x0000000710b00000| Untracked 
| 192|0x0000000710c00000, 0x0000000710c00000, 0x0000000710d00000|  0%| F|  |TAMS 0x0000000710c00000, 0x0000000710c00000| Untracked 
| 193|0x0000000710d00000, 0x0000000710d00000, 0x0000000710e00000|  0%| F|  |TAMS 0x0000000710d00000, 0x0000000710d00000| Untracked 
| 194|0x0000000710e00000, 0x0000000710e00000, 0x0000000710f00000|  0%| F|  |TAMS 0x0000000710e00000, 0x0000000710e00000| Untracked 
| 195|0x0000000710f00000, 0x0000000710f00000, 0x0000000711000000|  0%| F|  |TAMS 0x0000000710f00000, 0x0000000710f00000| Untracked 
| 196|0x0000000711000000, 0x0000000711000000, 0x0000000711100000|  0%| F|  |TAMS 0x0000000711000000, 0x0000000711000000| Untracked 
| 197|0x0000000711100000, 0x0000000711100000, 0x0000000711200000|  0%| F|  |TAMS 0x0000000711100000, 0x0000000711100000| Untracked 
| 198|0x0000000711200000, 0x0000000711200000, 0x0000000711300000|  0%| F|  |TAMS 0x0000000711200000, 0x0000000711200000| Untracked 
| 199|0x0000000711300000, 0x0000000711300000, 0x0000000711400000|  0%| F|  |TAMS 0x0000000711300000, 0x0000000711300000| Untracked 
| 200|0x0000000711400000, 0x0000000711400000, 0x0000000711500000|  0%| F|  |TAMS 0x0000000711400000, 0x0000000711400000| Untracked 
| 201|0x0000000711500000, 0x0000000711500000, 0x0000000711600000|  0%| F|  |TAMS 0x0000000711500000, 0x0000000711500000| Untracked 
| 202|0x0000000711600000, 0x0000000711600000, 0x0000000711700000|  0%| F|  |TAMS 0x0000000711600000, 0x0000000711600000| Untracked 
| 203|0x0000000711700000, 0x0000000711700000, 0x0000000711800000|  0%| F|  |TAMS 0x0000000711700000, 0x0000000711700000| Untracked 
| 204|0x0000000711800000, 0x0000000711800000, 0x0000000711900000|  0%| F|  |TAMS 0x0000000711800000, 0x0000000711800000| Untracked 
| 205|0x0000000711900000, 0x0000000711900000, 0x0000000711a00000|  0%| F|  |TAMS 0x0000000711900000, 0x0000000711900000| Untracked 
| 206|0x0000000711a00000, 0x0000000711a00000, 0x0000000711b00000|  0%| F|  |TAMS 0x0000000711a00000, 0x0000000711a00000| Untracked 
| 207|0x0000000711b00000, 0x0000000711b00000, 0x0000000711c00000|  0%| F|  |TAMS 0x0000000711b00000, 0x0000000711b00000| Untracked 
| 208|0x0000000711c00000, 0x0000000711c00000, 0x0000000711d00000|  0%| F|  |TAMS 0x0000000711c00000, 0x0000000711c00000| Untracked 
| 209|0x0000000711d00000, 0x0000000711d00000, 0x0000000711e00000|  0%| F|  |TAMS 0x0000000711d00000, 0x0000000711d00000| Untracked 
| 210|0x0000000711e00000, 0x0000000711e00000, 0x0000000711f00000|  0%| F|  |TAMS 0x0000000711e00000, 0x0000000711e00000| Untracked 
| 211|0x0000000711f00000, 0x0000000711f00000, 0x0000000712000000|  0%| F|  |TAMS 0x0000000711f00000, 0x0000000711f00000| Untracked 
| 212|0x0000000712000000, 0x0000000712000000, 0x0000000712100000|  0%| F|  |TAMS 0x0000000712000000, 0x0000000712000000| Untracked 
| 213|0x0000000712100000, 0x0000000712100000, 0x0000000712200000|  0%| F|  |TAMS 0x0000000712100000, 0x0000000712100000| Untracked 
| 214|0x0000000712200000, 0x0000000712200000, 0x0000000712300000|  0%| F|  |TAMS 0x0000000712200000, 0x0000000712200000| Untracked 
| 215|0x0000000712300000, 0x0000000712300000, 0x0000000712400000|  0%| F|  |TAMS 0x0000000712300000, 0x0000000712300000| Untracked 
| 216|0x0000000712400000, 0x0000000712400000, 0x0000000712500000|  0%| F|  |TAMS 0x0000000712400000, 0x0000000712400000| Untracked 
| 217|0x0000000712500000, 0x0000000712500000, 0x0000000712600000|  0%| F|  |TAMS 0x0000000712500000, 0x0000000712500000| Untracked 
| 218|0x0000000712600000, 0x0000000712600000, 0x0000000712700000|  0%| F|  |TAMS 0x0000000712600000, 0x0000000712600000| Untracked 
| 219|0x0000000712700000, 0x0000000712700000, 0x0000000712800000|  0%| F|  |TAMS 0x0000000712700000, 0x0000000712700000| Untracked 
| 220|0x0000000712800000, 0x0000000712800000, 0x0000000712900000|  0%| F|  |TAMS 0x0000000712800000, 0x0000000712800000| Untracked 
| 221|0x0000000712900000, 0x0000000712900000, 0x0000000712a00000|  0%| F|  |TAMS 0x0000000712900000, 0x0000000712900000| Untracked 
| 222|0x0000000712a00000, 0x0000000712a00000, 0x0000000712b00000|  0%| F|  |TAMS 0x0000000712a00000, 0x0000000712a00000| Untracked 
| 223|0x0000000712b00000, 0x0000000712b00000, 0x0000000712c00000|  0%| F|  |TAMS 0x0000000712b00000, 0x0000000712b00000| Untracked 
| 224|0x0000000712c00000, 0x0000000712c00000, 0x0000000712d00000|  0%| F|  |TAMS 0x0000000712c00000, 0x0000000712c00000| Untracked 
| 225|0x0000000712d00000, 0x0000000712df0d48, 0x0000000712e00000| 94%| S|CS|TAMS 0x0000000712d00000, 0x0000000712d00000| Complete 
| 226|0x0000000712e00000, 0x0000000712f00000, 0x0000000712f00000|100%| S|CS|TAMS 0x0000000712e00000, 0x0000000712e00000| Complete 
| 227|0x0000000712f00000, 0x0000000713000000, 0x0000000713000000|100%| S|CS|TAMS 0x0000000712f00000, 0x0000000712f00000| Complete 
| 228|0x0000000713000000, 0x0000000713000000, 0x0000000713100000|  0%| F|  |TAMS 0x0000000713000000, 0x0000000713000000| Untracked 
| 229|0x0000000713100000, 0x0000000713100000, 0x0000000713200000|  0%| F|  |TAMS 0x0000000713100000, 0x0000000713100000| Untracked 
| 230|0x0000000713200000, 0x0000000713200000, 0x0000000713300000|  0%| F|  |TAMS 0x0000000713200000, 0x0000000713200000| Untracked 
| 231|0x0000000713300000, 0x0000000713300000, 0x0000000713400000|  0%| F|  |TAMS 0x0000000713300000, 0x0000000713300000| Untracked 
| 232|0x0000000713400000, 0x0000000713400000, 0x0000000713500000|  0%| F|  |TAMS 0x0000000713400000, 0x0000000713400000| Untracked 
| 233|0x0000000713500000, 0x0000000713500000, 0x0000000713600000|  0%| F|  |TAMS 0x0000000713500000, 0x0000000713500000| Untracked 
| 234|0x0000000713600000, 0x0000000713600000, 0x0000000713700000|  0%| F|  |TAMS 0x0000000713600000, 0x0000000713600000| Untracked 
| 235|0x0000000713700000, 0x0000000713700000, 0x0000000713800000|  0%| F|  |TAMS 0x0000000713700000, 0x0000000713700000| Untracked 
| 236|0x0000000713800000, 0x0000000713800000, 0x0000000713900000|  0%| F|  |TAMS 0x0000000713800000, 0x0000000713800000| Untracked 
| 237|0x0000000713900000, 0x0000000713900000, 0x0000000713a00000|  0%| F|  |TAMS 0x0000000713900000, 0x0000000713900000| Untracked 
| 238|0x0000000713a00000, 0x0000000713a00000, 0x0000000713b00000|  0%| F|  |TAMS 0x0000000713a00000, 0x0000000713a00000| Untracked 
| 239|0x0000000713b00000, 0x0000000713c00000, 0x0000000713c00000|100%| E|  |TAMS 0x0000000713b00000, 0x0000000713b00000| Complete 
| 240|0x0000000713c00000, 0x0000000713d00000, 0x0000000713d00000|100%| E|CS|TAMS 0x0000000713c00000, 0x0000000713c00000| Complete 
| 241|0x0000000713d00000, 0x0000000713e00000, 0x0000000713e00000|100%| E|CS|TAMS 0x0000000713d00000, 0x0000000713d00000| Complete 
| 242|0x0000000713e00000, 0x0000000713f00000, 0x0000000713f00000|100%| E|CS|TAMS 0x0000000713e00000, 0x0000000713e00000| Complete 
| 243|0x0000000713f00000, 0x0000000714000000, 0x0000000714000000|100%| E|CS|TAMS 0x0000000713f00000, 0x0000000713f00000| Complete 
| 244|0x0000000714000000, 0x0000000714100000, 0x0000000714100000|100%| E|CS|TAMS 0x0000000714000000, 0x0000000714000000| Complete 
| 245|0x0000000714100000, 0x0000000714200000, 0x0000000714200000|100%| E|CS|TAMS 0x0000000714100000, 0x0000000714100000| Complete 
| 246|0x0000000714200000, 0x0000000714300000, 0x0000000714300000|100%| E|CS|TAMS 0x0000000714200000, 0x0000000714200000| Complete 
| 247|0x0000000714300000, 0x0000000714400000, 0x0000000714400000|100%| E|CS|TAMS 0x0000000714300000, 0x0000000714300000| Complete 
| 248|0x0000000714400000, 0x0000000714500000, 0x0000000714500000|100%| E|CS|TAMS 0x0000000714400000, 0x0000000714400000| Complete 
| 249|0x0000000714500000, 0x0000000714600000, 0x0000000714600000|100%| E|CS|TAMS 0x0000000714500000, 0x0000000714500000| Complete 
| 250|0x0000000714600000, 0x0000000714700000, 0x0000000714700000|100%| E|CS|TAMS 0x0000000714600000, 0x0000000714600000| Complete 
| 251|0x0000000714700000, 0x0000000714800000, 0x0000000714800000|100%| E|CS|TAMS 0x0000000714700000, 0x0000000714700000| Complete 

Card table byte_map: [0x000001c0b00e0000,0x000001c0b08c0000] _byte_map_base: 0x000001c0ac8ba000

Marking Bits (Prev, Next): (CMBitMap*) 0x000001c0957df7b8, (CMBitMap*) 0x000001c0957df7f0
 Prev Bits: [0x000001c0b10a0000, 0x000001c0b4f70000)
 Next Bits: [0x000001c0b4f70000, 0x000001c0b8e40000)

Polling page: 0x000001c094e60000

Metaspace:

Usage:
  Non-class:     10.16 MB capacity,     9.98 MB ( 98%) used,   176.77 KB (  2%) free+waste,    14.69 KB ( <1%) overhead. 
      Class:      1.09 MB capacity,     1.03 MB ( 94%) used,    61.16 KB (  5%) free+waste,     6.62 KB ( <1%) overhead. 
       Both:     11.26 MB capacity,    11.00 MB ( 98%) used,   237.93 KB (  2%) free+waste,    21.31 KB ( <1%) overhead. 

Virtual space:
  Non-class space:       12.00 MB reserved,      10.25 MB ( 85%) committed 
      Class space:        1.00 GB reserved,       1.12 MB ( <1%) committed 
             Both:        1.01 GB reserved,      11.38 MB (  1%) committed 

Chunk freelists:
   Non-Class:  24.00 KB
       Class:  2.00 KB
        Both:  26.00 KB

MaxMetaspaceSize: 17179869184.00 GB
CompressedClassSpaceSize: 1.00 GB
Initial GC threshold: 20.80 MB
Current GC threshold: 20.80 MB
CDS: off

CodeHeap 'non-profiled nmethods': size=118912Kb used=543Kb max_used=543Kb free=118368Kb
 bounds [0x000001c0a71b0000, 0x000001c0a7420000, 0x000001c0ae5d0000]
CodeHeap 'profiled nmethods': size=118848Kb used=2699Kb max_used=2699Kb free=116148Kb
 bounds [0x000001c09fda0000, 0x000001c0a0050000, 0x000001c0a71b0000]
CodeHeap 'non-nmethods': size=8000Kb used=2297Kb max_used=2316Kb free=5702Kb
 bounds [0x000001c09f5d0000, 0x000001c09f840000, 0x000001c09fda0000]
 total_blobs=1752 nmethods=1316 adapters=347
 compilation: enabled
              stopped_count=0, restarted_count=0
 full_count=0

Compilation events (20 events):
Event: 0.909 Thread 0x000001c0bd4c9000 1307       3       java.util.HashMap::put (13 bytes)
Event: 0.909 Thread 0x000001c0bd4c9000 nmethod 1307 0x000001c0a003d390 code [0x000001c0a003d560, 0x000001c0a003d858]
Event: 0.911 Thread 0x000001c0bd6ba800 1308       3       sun.util.locale.LocaleUtils::isUpper (18 bytes)
Event: 0.911 Thread 0x000001c0bd5f9000 1309       3       java.lang.ref.SoftReference::<init> (13 bytes)
Event: 0.911 Thread 0x000001c0bd6ba800 nmethod 1308 0x000001c0a003d990 code [0x000001c0a003db40, 0x000001c0a003dcb8]
Event: 0.911 Thread 0x000001c0bd5f9000 nmethod 1309 0x000001c0a003dd90 code [0x000001c0a003df60, 0x000001c0a003e278]
Event: 0.913 Thread 0x000001c0bd4c9000 1311       3       java.util.StringTokenizer::scanToken (179 bytes)
Event: 0.913 Thread 0x000001c0bd6ba800 1310       3       java.util.StringTokenizer::skipDelimiters (116 bytes)
Event: 0.913 Thread 0x000001c0bd5f9000 1312       3       java.util.StringTokenizer::hasMoreTokens (29 bytes)
Event: 0.913 Thread 0x000001c0bd5f9000 nmethod 1312 0x000001c0a003e390 code [0x000001c0a003e540, 0x000001c0a003e6e8]
Event: 0.913 Thread 0x000001c0bd5f9000 1313       3       java.util.StringTokenizer::nextToken (92 bytes)
Event: 0.914 Thread 0x000001c0bd5f9000 nmethod 1313 0x000001c0a003e790 code [0x000001c0a003e980, 0x000001c0a003ec98]
Event: 0.914 Thread 0x000001c0bd6ba800 nmethod 1310 0x000001c0a003ee10 code [0x000001c0a003f0c0, 0x000001c0a003fe08]
Event: 0.914 Thread 0x000001c0bd4c9000 nmethod 1311 0x000001c0a0040310 code [0x000001c0a00406a0, 0x000001c0a0041cd8]
Event: 0.915 Thread 0x000001c0bd5f9000 1315       3       java.util.AbstractSet::<init> (5 bytes)
Event: 0.915 Thread 0x000001c0bd5f9000 nmethod 1315 0x000001c0a0042490 code [0x000001c0a0042640, 0x000001c0a00427f8]
Event: 0.915 Thread 0x000001c0bd5f9000 1314       3       sun.util.locale.LocaleUtils::toLower (17 bytes)
Event: 0.915 Thread 0x000001c0bd6ba800 1316       1       sun.util.locale.BaseLocale::getLanguage (5 bytes)
Event: 0.915 Thread 0x000001c0bd6ba800 nmethod 1316 0x000001c0a7237a90 code [0x000001c0a7237c40, 0x000001c0a7237cf8]
Event: 0.915 Thread 0x000001c0bd5f9000 nmethod 1314 0x000001c0a0042910 code [0x000001c0a0042ac0, 0x000001c0a0042cf8]

GC Heap History (2 events):
Event: 0.542 GC heap before
{Heap before GC invocations=0 (full 0):
 garbage-first heap   total 258048K, used 23552K [0x0000000704c00000, 0x0000000800000000)
  region size 1024K, 24 young (24576K), 0 survivors (0K)
 Metaspace       used 9182K, capacity 9290K, committed 9344K, reserved 1058816K
  class space    used 838K, capacity 881K, committed 896K, reserved 1048576K
}
Event: 0.545 GC heap after
{Heap after GC invocations=1 (full 0):
 garbage-first heap   total 258048K, used 3011K [0x0000000704c00000, 0x0000000800000000)
  region size 1024K, 3 young (3072K), 3 survivors (3072K)
 Metaspace       used 9182K, capacity 9290K, committed 9344K, reserved 1058816K
  class space    used 838K, capacity 881K, committed 896K, reserved 1048576K
}

Deoptimization events (20 events):
Event: 0.845 Thread 0x000001c095775800 Uncommon trap: trap_request=0xffffffc6 fr.pc=0x000001c0a71bd394 relative=0x0000000000000074
Event: 0.845 Thread 0x000001c095775800 Uncommon trap: reason=bimorphic_or_optimized_type_check action=maybe_recompile pc=0x000001c0a71bd394 method=java.util.AbstractCollection.isEmpty()Z @ 1 c2
Event: 0.845 Thread 0x000001c095775800 DEOPT PACKING pc=0x000001c0a71bd394 sp=0x0000002e078fd9e0
Event: 0.845 Thread 0x000001c095775800 DEOPT UNPACKING pc=0x000001c09f61a1af sp=0x0000002e078fd970 mode 2
Event: 0.846 Thread 0x000001c095775800 Uncommon trap: trap_request=0xffffffc6 fr.pc=0x000001c0a71bd394 relative=0x0000000000000074
Event: 0.846 Thread 0x000001c095775800 Uncommon trap: reason=bimorphic_or_optimized_type_check action=maybe_recompile pc=0x000001c0a71bd394 method=java.util.AbstractCollection.isEmpty()Z @ 1 c2
Event: 0.846 Thread 0x000001c095775800 DEOPT PACKING pc=0x000001c0a71bd394 sp=0x0000002e078fd9f0
Event: 0.846 Thread 0x000001c095775800 DEOPT UNPACKING pc=0x000001c09f61a1af sp=0x0000002e078fd980 mode 2
Event: 0.846 Thread 0x000001c095775800 Uncommon trap: trap_request=0xffffffc6 fr.pc=0x000001c0a71bd394 relative=0x0000000000000074
Event: 0.846 Thread 0x000001c095775800 Uncommon trap: reason=bimorphic_or_optimized_type_check action=maybe_recompile pc=0x000001c0a71bd394 method=java.util.AbstractCollection.isEmpty()Z @ 1 c2
Event: 0.846 Thread 0x000001c095775800 DEOPT PACKING pc=0x000001c0a71bd394 sp=0x0000002e078fd810
Event: 0.846 Thread 0x000001c095775800 DEOPT UNPACKING pc=0x000001c09f61a1af sp=0x0000002e078fd7a0 mode 2
Event: 0.899 Thread 0x000001c095775800 Uncommon trap: trap_request=0xffffff4d fr.pc=0x000001c0a7216b28 relative=0x0000000000000408
Event: 0.899 Thread 0x000001c095775800 Uncommon trap: reason=unstable_if action=reinterpret pc=0x000001c0a7216b28 method=java.util.HashMap.putVal(ILjava/lang/Object;Ljava/lang/Object;ZZ)Ljava/lang/Object; @ 162 c2
Event: 0.899 Thread 0x000001c095775800 DEOPT PACKING pc=0x000001c0a7216b28 sp=0x0000002e078ff0a0
Event: 0.899 Thread 0x000001c095775800 DEOPT UNPACKING pc=0x000001c09f61a1af sp=0x0000002e078fefe8 mode 2
Event: 0.916 Thread 0x000001c095775800 Uncommon trap: trap_request=0xffffff4d fr.pc=0x000001c0a71f5ac4 relative=0x00000000000000a4
Event: 0.916 Thread 0x000001c095775800 Uncommon trap: reason=unstable_if action=reinterpret pc=0x000001c0a71f5ac4 method=java.nio.Buffer.limit(I)Ljava/nio/Buffer; @ 42 c2
Event: 0.916 Thread 0x000001c095775800 DEOPT PACKING pc=0x000001c0a71f5ac4 sp=0x0000002e078fab40
Event: 0.916 Thread 0x000001c095775800 DEOPT UNPACKING pc=0x000001c09f61a1af sp=0x0000002e078faac8 mode 2

Classes redefined (0 events):
No events

Internal exceptions (20 events):
Event: 0.171 Thread 0x000001c095775800 Exception <a 'java/security/PrivilegedActionException'{0x000000071444d548}> (0x000000071444d548) thrown at [s\src\hotspot\share\prims\jvm.cpp, line 1306]
Event: 0.171 Thread 0x000001c095775800 Exception <a 'java/security/PrivilegedActionException'{0x000000071444d818}> (0x000000071444d818) thrown at [s\src\hotspot\share\prims\jvm.cpp, line 1306]
Event: 0.171 Thread 0x000001c095775800 Exception <a 'java/security/PrivilegedActionException'{0x000000071444e2b0}> (0x000000071444e2b0) thrown at [s\src\hotspot\share\prims\jvm.cpp, line 1306]
Event: 0.171 Thread 0x000001c095775800 Exception <a 'java/security/PrivilegedActionException'{0x000000071444e580}> (0x000000071444e580) thrown at [s\src\hotspot\share\prims\jvm.cpp, line 1306]
Event: 0.171 Thread 0x000001c095775800 Exception <a 'java/security/PrivilegedActionException'{0x000000071444f018}> (0x000000071444f018) thrown at [s\src\hotspot\share\prims\jvm.cpp, line 1306]
Event: 0.171 Thread 0x000001c095775800 Exception <a 'java/security/PrivilegedActionException'{0x000000071444f2e8}> (0x000000071444f2e8) thrown at [s\src\hotspot\share\prims\jvm.cpp, line 1306]
Event: 0.171 Thread 0x000001c095775800 Exception <a 'java/security/PrivilegedActionException'{0x000000071444fd90}> (0x000000071444fd90) thrown at [s\src\hotspot\share\prims\jvm.cpp, line 1306]
Event: 0.171 Thread 0x000001c095775800 Exception <a 'java/security/PrivilegedActionException'{0x0000000714450060}> (0x0000000714450060) thrown at [s\src\hotspot\share\prims\jvm.cpp, line 1306]
Event: 0.171 Thread 0x000001c095775800 Exception <a 'java/security/PrivilegedActionException'{0x0000000714450af8}> (0x0000000714450af8) thrown at [s\src\hotspot\share\prims\jvm.cpp, line 1306]
Event: 0.171 Thread 0x000001c095775800 Exception <a 'java/security/PrivilegedActionException'{0x0000000714450dc8}> (0x0000000714450dc8) thrown at [s\src\hotspot\share\prims\jvm.cpp, line 1306]
Event: 0.171 Thread 0x000001c095775800 Exception <a 'java/security/PrivilegedActionException'{0x0000000714451870}> (0x0000000714451870) thrown at [s\src\hotspot\share\prims\jvm.cpp, line 1306]
Event: 0.171 Thread 0x000001c095775800 Exception <a 'java/security/PrivilegedActionException'{0x0000000714451b40}> (0x0000000714451b40) thrown at [s\src\hotspot\share\prims\jvm.cpp, line 1306]
Event: 0.172 Thread 0x000001c095775800 Exception <a 'java/security/PrivilegedActionException'{0x00000007144525d8}> (0x00000007144525d8) thrown at [s\src\hotspot\share\prims\jvm.cpp, line 1306]
Event: 0.172 Thread 0x000001c095775800 Exception <a 'java/security/PrivilegedActionException'{0x00000007144528a8}> (0x00000007144528a8) thrown at [s\src\hotspot\share\prims\jvm.cpp, line 1306]
Event: 0.172 Thread 0x000001c095775800 Exception <a 'java/security/PrivilegedActionException'{0x0000000714453370}> (0x0000000714453370) thrown at [s\src\hotspot\share\prims\jvm.cpp, line 1306]
Event: 0.172 Thread 0x000001c095775800 Exception <a 'java/security/PrivilegedActionException'{0x0000000714453640}> (0x0000000714453640) thrown at [s\src\hotspot\share\prims\jvm.cpp, line 1306]
Event: 0.358 Thread 0x000001c095775800 Exception <a 'java/lang/NoSuchMethodError'{0x0000000713f9f150}: 'int java.lang.invoke.DirectMethodHandle$Holder.invokeStaticInit(java.lang.Object, java.lang.Object, java.lang.Object, java.lang.Object)'> (0x0000000713f9f150) thrown at [s\src\hotspot\share\interpreter\linkResolver.cpp, line 773]
Event: 0.359 Thread 0x000001c095775800 Exception <a 'java/lang/IncompatibleClassChangeError'{0x0000000713fa8fb0}: Found class java.lang.Object, but interface was expected> (0x0000000713fa8fb0) thrown at [s\src\hotspot\share\interpreter\linkResolver.cpp, line 839]
Event: 0.360 Thread 0x000001c095775800 Exception <a 'java/lang/NoSuchMethodError'{0x0000000713fac1d0}: 'void java.lang.invoke.DirectMethodHandle$Holder.invokeStaticInit(java.lang.Object, java.lang.Object)'> (0x0000000713fac1d0) thrown at [s\src\hotspot\share\interpreter\linkResolver.cpp, line 773]
Event: 0.361 Thread 0x000001c095775800 Exception <a 'java/lang/NoSuchMethodError'{0x0000000713fb1730}: 'int java.lang.invoke.DirectMethodHandle$Holder.invokeStaticInit(java.lang.Object, java.lang.Object)'> (0x0000000713fb1730) thrown at [s\src\hotspot\share\interpreter\linkResolver.cpp, line 773]

Events (20 events):
Event: 0.916 loading class sun/util/resources/Bundles$BundleReference
Event: 0.916 loading class sun/util/resources/Bundles$CacheKeyReference
Event: 0.916 loading class sun/util/resources/Bundles$CacheKeyReference done
Event: 0.916 loading class sun/util/resources/Bundles$BundleReference done
Event: 0.916 loading class sun/util/resources/Bundles$2
Event: 0.916 loading class sun/util/resources/Bundles$2 done
Event: 0.917 loading class sun/util/locale/provider/LocaleResources$ResourceReference
Event: 0.917 loading class sun/util/locale/provider/LocaleResources$ResourceReference done
Event: 0.917 loading class java/util/regex/ASCII
Event: 0.917 loading class java/util/regex/ASCII done
Event: 0.917 loading class java/util/Formatter$FormatSpecifier
Event: 0.918 loading class java/util/Formatter$FormatString
Event: 0.918 loading class java/util/Formatter$FormatString done
Event: 0.918 loading class java/util/Formatter$FormatSpecifier done
Event: 0.918 loading class java/util/Formatter$Flags
Event: 0.918 loading class java/util/Formatter$Flags done
Event: 0.918 loading class java/util/Formatter$Conversion
Event: 0.918 loading class java/util/Formatter$Conversion done
Event: 0.918 loading class java/util/Formatter$FixedString
Event: 0.918 loading class java/util/Formatter$FixedString done


Dynamic libraries:
0x00007ff67e5a0000 - 0x00007ff67e5ae000 	C:\Users\wbh17\.jdks\liberica-full-11.0.23\bin\java.exe
0x00007ff9c43e0000 - 0x00007ff9c4640000 	C:\WINDOWS\SYSTEM32\ntdll.dll
0x00007ff9c4080000 - 0x00007ff9c4147000 	C:\WINDOWS\System32\KERNEL32.DLL
0x00007ff9c1d60000 - 0x00007ff9c212a000 	C:\WINDOWS\System32\KERNELBASE.dll
0x00007ff9c15c0000 - 0x00007ff9c170b000 	C:\WINDOWS\System32\ucrtbase.dll
0x00007ff9ba9c0000 - 0x00007ff9ba9d7000 	C:\Users\wbh17\.jdks\liberica-full-11.0.23\bin\jli.dll
0x00007ff9b89a0000 - 0x00007ff9b89bb000 	C:\Users\wbh17\.jdks\liberica-full-11.0.23\bin\VCRUNTIME140.dll
0x00007ff9c2230000 - 0x00007ff9c23fc000 	C:\WINDOWS\System32\USER32.dll
0x00007ff9c1710000 - 0x00007ff9c1737000 	C:\WINDOWS\System32\win32u.dll
0x00007ff9a5fe0000 - 0x00007ff9a6277000 	C:\WINDOWS\WinSxS\amd64_microsoft.windows.common-controls_6595b64144ccf1df_6.0.26100.3624_none_3e086962e3345f24\COMCTL32.dll
0x00007ff9c4150000 - 0x00007ff9c417a000 	C:\WINDOWS\System32\GDI32.dll
0x00007ff9c34d0000 - 0x00007ff9c3579000 	C:\WINDOWS\System32\msvcrt.dll
0x00007ff9c1c20000 - 0x00007ff9c1d51000 	C:\WINDOWS\System32\gdi32full.dll
0x00007ff9c2130000 - 0x00007ff9c21d3000 	C:\WINDOWS\System32\msvcp_win.dll
0x00007ff9c2b20000 - 0x00007ff9c2b4f000 	C:\WINDOWS\System32\IMM32.DLL
0x00007ff9b8b30000 - 0x00007ff9b8b3c000 	C:\Users\wbh17\.jdks\liberica-full-11.0.23\bin\vcruntime140_1.dll
0x00007ff9766c0000 - 0x00007ff97674e000 	C:\Users\wbh17\.jdks\liberica-full-11.0.23\bin\msvcp140.dll
0x00007ff95e860000 - 0x00007ff95f423000 	C:\Users\wbh17\.jdks\liberica-full-11.0.23\bin\server\jvm.dll
0x00007ff9c2900000 - 0x00007ff9c29b2000 	C:\WINDOWS\System32\ADVAPI32.dll
0x00007ff9c4200000 - 0x00007ff9c42a6000 	C:\WINDOWS\System32\sechost.dll
0x00007ff9c3890000 - 0x00007ff9c39a6000 	C:\WINDOWS\System32\RPCRT4.dll
0x00007ff9c4390000 - 0x00007ff9c4398000 	C:\WINDOWS\System32\PSAPI.DLL
0x00007ff9ba830000 - 0x00007ff9ba83a000 	C:\WINDOWS\SYSTEM32\WSOCK32.dll
0x00007ff9be240000 - 0x00007ff9be276000 	C:\WINDOWS\SYSTEM32\WINMM.dll
0x00007ff9c3450000 - 0x00007ff9c34c4000 	C:\WINDOWS\System32\WS2_32.dll
0x00007ff9b58e0000 - 0x00007ff9b58eb000 	C:\WINDOWS\SYSTEM32\VERSION.dll
0x00007ff9c04f0000 - 0x00007ff9c050a000 	C:\WINDOWS\SYSTEM32\kernel.appcore.dll
0x00007ff9b8990000 - 0x00007ff9b89a0000 	C:\Users\wbh17\.jdks\liberica-full-11.0.23\bin\verify.dll
0x00007ff9bee10000 - 0x00007ff9bf051000 	C:\WINDOWS\SYSTEM32\DBGHELP.DLL
0x00007ff9c3c70000 - 0x00007ff9c3ff2000 	C:\WINDOWS\System32\combase.dll
0x00007ff9c42b0000 - 0x00007ff9c4386000 	C:\WINDOWS\System32\OLEAUT32.dll
0x00007ff99b6a0000 - 0x00007ff99b6d9000 	C:\WINDOWS\SYSTEM32\dbgcore.DLL
0x00007ff9c1950000 - 0x00007ff9c19e9000 	C:\WINDOWS\System32\bcryptPrimitives.dll
0x00007ff99db10000 - 0x00007ff99db38000 	C:\Users\wbh17\.jdks\liberica-full-11.0.23\bin\java.dll
0x00007ff9b8980000 - 0x00007ff9b898a000 	C:\Users\wbh17\.jdks\liberica-full-11.0.23\bin\jimage.dll
0x00007ff9b8910000 - 0x00007ff9b891e000 	C:\Users\wbh17\.jdks\liberica-full-11.0.23\bin\instrument.dll
0x00007ff9b8940000 - 0x00007ff9b8958000 	C:\Users\wbh17\.jdks\liberica-full-11.0.23\bin\zip.dll
0x00007ff9c2d10000 - 0x00007ff9c3439000 	C:\WINDOWS\System32\SHELL32.dll
0x00007ff9c19f0000 - 0x00007ff9c1b58000 	C:\WINDOWS\System32\wintypes.dll
0x00007ff9bf250000 - 0x00007ff9bfaa2000 	C:\WINDOWS\SYSTEM32\windows.storage.dll
0x00007ff9c3580000 - 0x00007ff9c366d000 	C:\WINDOWS\System32\SHCORE.dll
0x00007ff9c3820000 - 0x00007ff9c3884000 	C:\WINDOWS\System32\shlwapi.dll
0x00007ff9c14d0000 - 0x00007ff9c14ff000 	C:\WINDOWS\SYSTEM32\profapi.dll
0x00007ff9ab760000 - 0x00007ff9ab779000 	C:\Users\wbh17\.jdks\liberica-full-11.0.23\bin\net.dll
0x00007ff9b9340000 - 0x00007ff9b945d000 	C:\WINDOWS\SYSTEM32\WINHTTP.dll
0x00007ff9c0a10000 - 0x00007ff9c0a7a000 	C:\WINDOWS\system32\mswsock.dll
0x00007ff9a9b40000 - 0x00007ff9a9b53000 	C:\Users\wbh17\.jdks\liberica-full-11.0.23\bin\nio.dll
0x00007ff99d6f0000 - 0x00007ff99d70a000 	E:\software\IntelliJ\IntelliJ IDEA 2023.3.4\bin\breakgen64.dll
0x000001c094f20000 - 0x000001c094f24000 	C:\Users\wbh17\.javacpp\cache\javacpp-1.5.7-windows-x86_64.jar\org\bytedeco\javacpp\windows-x86_64\api-ms-win-crt-locale-l1-1-0.dll
0x000001c095670000 - 0x000001c095675000 	C:\Users\wbh17\.javacpp\cache\javacpp-1.5.7-windows-x86_64.jar\org\bytedeco\javacpp\windows-x86_64\api-ms-win-crt-string-l1-1-0.dll
0x000001c095680000 - 0x000001c095685000 	C:\Users\wbh17\.javacpp\cache\javacpp-1.5.7-windows-x86_64.jar\org\bytedeco\javacpp\windows-x86_64\api-ms-win-crt-stdio-l1-1-0.dll
0x000001c095690000 - 0x000001c095696000 	C:\Users\wbh17\.javacpp\cache\javacpp-1.5.7-windows-x86_64.jar\org\bytedeco\javacpp\windows-x86_64\api-ms-win-crt-math-l1-1-0.dll
0x000001c0956a0000 - 0x000001c0956a4000 	C:\Users\wbh17\.javacpp\cache\javacpp-1.5.7-windows-x86_64.jar\org\bytedeco\javacpp\windows-x86_64\api-ms-win-crt-heap-l1-1-0.dll
0x000001c0956b0000 - 0x000001c0956b5000 	C:\Users\wbh17\.javacpp\cache\javacpp-1.5.7-windows-x86_64.jar\org\bytedeco\javacpp\windows-x86_64\api-ms-win-crt-runtime-l1-1-0.dll
0x000001c0956c0000 - 0x000001c0956c5000 	C:\Users\wbh17\.javacpp\cache\javacpp-1.5.7-windows-x86_64.jar\org\bytedeco\javacpp\windows-x86_64\api-ms-win-crt-convert-l1-1-0.dll
0x000001c0956d0000 - 0x000001c0956d4000 	C:\Users\wbh17\.javacpp\cache\javacpp-1.5.7-windows-x86_64.jar\org\bytedeco\javacpp\windows-x86_64\api-ms-win-crt-environment-l1-1-0.dll
0x000001c0956e0000 - 0x000001c0956e4000 	C:\Users\wbh17\.javacpp\cache\javacpp-1.5.7-windows-x86_64.jar\org\bytedeco\javacpp\windows-x86_64\api-ms-win-crt-time-l1-1-0.dll
0x000001c0956f0000 - 0x000001c0956f4000 	C:\Users\wbh17\.javacpp\cache\javacpp-1.5.7-windows-x86_64.jar\org\bytedeco\javacpp\windows-x86_64\api-ms-win-crt-filesystem-l1-1-0.dll
0x000001c095700000 - 0x000001c095704000 	C:\Users\wbh17\.javacpp\cache\javacpp-1.5.7-windows-x86_64.jar\org\bytedeco\javacpp\windows-x86_64\api-ms-win-crt-utility-l1-1-0.dll
0x000001c095710000 - 0x000001c095716000 	C:\Users\wbh17\.javacpp\cache\javacpp-1.5.7-windows-x86_64.jar\org\bytedeco\javacpp\windows-x86_64\api-ms-win-crt-multibyte-l1-1-0.dll
0x000001c095720000 - 0x000001c095724000 	C:\Users\wbh17\.javacpp\cache\javacpp-1.5.7-windows-x86_64.jar\org\bytedeco\javacpp\windows-x86_64\api-ms-win-crt-conio-l1-1-0.dll
0x000001c0bf110000 - 0x000001c0bf121000 	C:\Users\wbh17\.javacpp\cache\javacpp-1.5.7-windows-x86_64.jar\org\bytedeco\javacpp\windows-x86_64\api-ms-win-crt-private-l1-1-0.dll
0x000001c095730000 - 0x000001c095734000 	C:\Users\wbh17\.javacpp\cache\javacpp-1.5.7-windows-x86_64.jar\org\bytedeco\javacpp\windows-x86_64\api-ms-win-crt-process-l1-1-0.dll
0x000001c0bf130000 - 0x000001c0bf134000 	C:\Users\wbh17\.javacpp\cache\javacpp-1.5.7-windows-x86_64.jar\org\bytedeco\javacpp\windows-x86_64\api-ms-win-core-console-l1-2-0.dll
0x000001c0bf140000 - 0x000001c0bf144000 	C:\Users\wbh17\.javacpp\cache\javacpp-1.5.7-windows-x86_64.jar\org\bytedeco\javacpp\windows-x86_64\api-ms-win-core-string-l1-1-0.dll
0x000001c0bf150000 - 0x000001c0bf154000 	C:\Users\wbh17\.javacpp\cache\javacpp-1.5.7-windows-x86_64.jar\org\bytedeco\javacpp\windows-x86_64\api-ms-win-core-errorhandling-l1-1-0.dll
0x000001c0bf160000 - 0x000001c0bf164000 	C:\Users\wbh17\.javacpp\cache\javacpp-1.5.7-windows-x86_64.jar\org\bytedeco\javacpp\windows-x86_64\api-ms-win-core-timezone-l1-1-0.dll
0x000001c0bf170000 - 0x000001c0bf175000 	C:\Users\wbh17\.javacpp\cache\javacpp-1.5.7-windows-x86_64.jar\org\bytedeco\javacpp\windows-x86_64\api-ms-win-core-file-l1-1-0.dll
0x000001c0bf180000 - 0x000001c0bf184000 	C:\Users\wbh17\.javacpp\cache\javacpp-1.5.7-windows-x86_64.jar\org\bytedeco\javacpp\windows-x86_64\api-ms-win-core-namedpipe-l1-1-0.dll
0x000001c0bf190000 - 0x000001c0bf194000 	C:\Users\wbh17\.javacpp\cache\javacpp-1.5.7-windows-x86_64.jar\org\bytedeco\javacpp\windows-x86_64\api-ms-win-core-handle-l1-1-0.dll
0x000001c0bf1a0000 - 0x000001c0bf1a4000 	C:\Users\wbh17\.javacpp\cache\javacpp-1.5.7-windows-x86_64.jar\org\bytedeco\javacpp\windows-x86_64\api-ms-win-core-file-l2-1-0.dll
0x000001c0bf1b0000 - 0x000001c0bf1b4000 	C:\Users\wbh17\.javacpp\cache\javacpp-1.5.7-windows-x86_64.jar\org\bytedeco\javacpp\windows-x86_64\api-ms-win-core-heap-l1-1-0.dll
0x000001c0bf1c0000 - 0x000001c0bf1c4000 	C:\Users\wbh17\.javacpp\cache\javacpp-1.5.7-windows-x86_64.jar\org\bytedeco\javacpp\windows-x86_64\api-ms-win-core-libraryloader-l1-1-0.dll
0x000001c0bf1d0000 - 0x000001c0bf1d4000 	C:\Users\wbh17\.javacpp\cache\javacpp-1.5.7-windows-x86_64.jar\org\bytedeco\javacpp\windows-x86_64\api-ms-win-core-synch-l1-1-0.dll
0x000001c0bf1e0000 - 0x000001c0bf1e4000 	C:\Users\wbh17\.javacpp\cache\javacpp-1.5.7-windows-x86_64.jar\org\bytedeco\javacpp\windows-x86_64\api-ms-win-core-processthreads-l1-1-0.dll
0x000001c0bf1f0000 - 0x000001c0bf1f4000 	C:\Users\wbh17\.javacpp\cache\javacpp-1.5.7-windows-x86_64.jar\org\bytedeco\javacpp\windows-x86_64\api-ms-win-core-processenvironment-l1-1-0.dll
0x000001c0bf200000 - 0x000001c0bf204000 	C:\Users\wbh17\.javacpp\cache\javacpp-1.5.7-windows-x86_64.jar\org\bytedeco\javacpp\windows-x86_64\api-ms-win-core-datetime-l1-1-0.dll
0x000001c0bf210000 - 0x000001c0bf214000 	C:\Users\wbh17\.javacpp\cache\javacpp-1.5.7-windows-x86_64.jar\org\bytedeco\javacpp\windows-x86_64\api-ms-win-core-localization-l1-2-0.dll
0x000001c0bf220000 - 0x000001c0bf224000 	C:\Users\wbh17\.javacpp\cache\javacpp-1.5.7-windows-x86_64.jar\org\bytedeco\javacpp\windows-x86_64\api-ms-win-core-sysinfo-l1-1-0.dll
0x000001c0bf230000 - 0x000001c0bf234000 	C:\Users\wbh17\.javacpp\cache\javacpp-1.5.7-windows-x86_64.jar\org\bytedeco\javacpp\windows-x86_64\api-ms-win-core-synch-l1-2-0.dll
0x000001c0bf240000 - 0x000001c0bf244000 	C:\Users\wbh17\.javacpp\cache\javacpp-1.5.7-windows-x86_64.jar\org\bytedeco\javacpp\windows-x86_64\api-ms-win-core-console-l1-1-0.dll
0x000001c0bf250000 - 0x000001c0bf254000 	C:\Users\wbh17\.javacpp\cache\javacpp-1.5.7-windows-x86_64.jar\org\bytedeco\javacpp\windows-x86_64\api-ms-win-core-debug-l1-1-0.dll
0x000001c0bf260000 - 0x000001c0bf264000 	C:\Users\wbh17\.javacpp\cache\javacpp-1.5.7-windows-x86_64.jar\org\bytedeco\javacpp\windows-x86_64\api-ms-win-core-rtlsupport-l1-1-0.dll
0x000001c0bf270000 - 0x000001c0bf274000 	C:\Users\wbh17\.javacpp\cache\javacpp-1.5.7-windows-x86_64.jar\org\bytedeco\javacpp\windows-x86_64\api-ms-win-core-processthreads-l1-1-1.dll
0x000001c0bf280000 - 0x000001c0bf284000 	C:\Users\wbh17\.javacpp\cache\javacpp-1.5.7-windows-x86_64.jar\org\bytedeco\javacpp\windows-x86_64\api-ms-win-core-file-l1-2-0.dll
0x000001c0bf290000 - 0x000001c0bf294000 	C:\Users\wbh17\.javacpp\cache\javacpp-1.5.7-windows-x86_64.jar\org\bytedeco\javacpp\windows-x86_64\api-ms-win-core-profile-l1-1-0.dll
0x000001c0bf2a0000 - 0x000001c0bf2a4000 	C:\Users\wbh17\.javacpp\cache\javacpp-1.5.7-windows-x86_64.jar\org\bytedeco\javacpp\windows-x86_64\api-ms-win-core-memory-l1-1-0.dll
0x000001c0bf3b0000 - 0x000001c0bf3b4000 	C:\Users\wbh17\.javacpp\cache\javacpp-1.5.7-windows-x86_64.jar\org\bytedeco\javacpp\windows-x86_64\api-ms-win-core-util-l1-1-0.dll
0x000001c0bf3c0000 - 0x000001c0bf3c4000 	C:\Users\wbh17\.javacpp\cache\javacpp-1.5.7-windows-x86_64.jar\org\bytedeco\javacpp\windows-x86_64\api-ms-win-core-interlocked-l1-1-0.dll
0x00007ff96b100000 - 0x00007ff96b211000 	C:\Users\wbh17\.javacpp\cache\javacpp-1.5.7-windows-x86_64.jar\org\bytedeco\javacpp\windows-x86_64\ucrtbase.dll
0x00007ff999ac0000 - 0x00007ff999adb000 	C:\Users\wbh17\.javacpp\cache\javacpp-1.5.7-windows-x86_64.jar\org\bytedeco\javacpp\windows-x86_64\vcruntime140.dll
0x00007ff9a8860000 - 0x00007ff9a886c000 	C:\Users\wbh17\.javacpp\cache\javacpp-1.5.7-windows-x86_64.jar\org\bytedeco\javacpp\windows-x86_64\vcruntime140_1.dll
0x00007ff9708c0000 - 0x00007ff97094d000 	C:\Users\wbh17\.javacpp\cache\javacpp-1.5.7-windows-x86_64.jar\org\bytedeco\javacpp\windows-x86_64\msvcp140.dll
0x00007ff9a8620000 - 0x00007ff9a8629000 	C:\Users\wbh17\.javacpp\cache\javacpp-1.5.7-windows-x86_64.jar\org\bytedeco\javacpp\windows-x86_64\msvcp140_1.dll
0x00007ff998690000 - 0x00007ff9986de000 	C:\Users\wbh17\.javacpp\cache\javacpp-1.5.7-windows-x86_64.jar\org\bytedeco\javacpp\windows-x86_64\concrt140.dll
0x00007ff993900000 - 0x00007ff993931000 	C:\Users\wbh17\.javacpp\cache\javacpp-1.5.7-windows-x86_64.jar\org\bytedeco\javacpp\windows-x86_64\vcomp140.dll
0x00007ff9a4360000 - 0x00007ff9a436e000 	C:\Users\wbh17\.javacpp\cache\javacpp-1.5.7-windows-x86_64.jar\org\bytedeco\javacpp\windows-x86_64\jnijavacpp.dll
0x00007ff91aca0000 - 0x00007ff91f33d000 	C:\Users\wbh17\.javacpp\cache\llvm-13.0.1-1.5.7-windows-x86_64.jar\org\bytedeco\llvm\windows-x86_64\LTO.dll
0x00007ff9938c0000 - 0x00007ff9938fb000 	C:\Users\wbh17\.javacpp\cache\llvm-13.0.1-1.5.7-windows-x86_64.jar\org\bytedeco\llvm\windows-x86_64\Remarks.dll
0x00007ff916450000 - 0x00007ff91aca0000 	C:\Users\wbh17\.javacpp\cache\llvm-13.0.1-1.5.7-windows-x86_64.jar\org\bytedeco\llvm\windows-x86_64\jniLLVM.dll
0x00007ff9c3680000 - 0x00007ff9c3816000 	C:\WINDOWS\System32\ole32.dll

dbghelp: loaded successfully - version: 4.0.5 - missing functions: none
symbol engine: initialized successfully - sym options: 0x614 - pdb path: .;C:\Users\wbh17\.jdks\liberica-full-11.0.23\bin;C:\WINDOWS\SYSTEM32;C:\WINDOWS\WinSxS\amd64_microsoft.windows.common-controls_6595b64144ccf1df_6.0.26100.3624_none_3e086962e3345f24;C:\Users\wbh17\.jdks\liberica-full-11.0.23\bin\server;E:\software\IntelliJ\IntelliJ IDEA 2023.3.4\bin;C:\Users\wbh17\.javacpp\cache\javacpp-1.5.7-windows-x86_64.jar\org\bytedeco\javacpp\windows-x86_64;C:\Users\wbh17\.javacpp\cache\llvm-13.0.1-1.5.7-windows-x86_64.jar\org\bytedeco\llvm\windows-x86_64

VM Arguments:
jvm_args: -javaagent:E:\software\IntelliJ\IntelliJ IDEA 2023.3.4\lib\idea_rt.jar=52961:E:\software\IntelliJ\IntelliJ IDEA 2023.3.4\bin -Dfile.encoding=UTF-8 
java_command: Main ./tests/test1.sysy ./tests/test1.asm
java_class_path (initial): F:\codes\compiler\Lab\out\production\Lab;F:\codes\compiler\Lab\lib\rars.jar;F:\codes\compiler\Lab\lib\javacpp-1.5.7.jar;F:\codes\compiler\Lab\lib\llvm-13.0.1-1.5.7.jar;F:\codes\compiler\Lab\lib\kotlin-stdlib-1.9.0.jar;F:\codes\compiler\Lab\lib\antlr-4.9.1-complete.jar;F:\codes\compiler\Lab\lib\llvm4j-0.1.1-SNAPSHOT.jar;F:\codes\compiler\Lab\lib\llvm-platform-13.0.1-1.5.7.jar;F:\codes\compiler\Lab\lib\javacpp-1.5.7-windows-x86_64.jar;F:\codes\compiler\Lab\lib\llvm-13.0.1-1.5.7-windows-x86_64.jar
Launcher Type: SUN_STANDARD

[Global flags]
     intx CICompilerCount                          = 15                                        {product} {ergonomic}
     uint ConcGCThreads                            = 6                                         {product} {ergonomic}
     uint G1ConcRefinementThreads                  = 23                                        {product} {ergonomic}
   size_t G1HeapRegionSize                         = 1048576                                   {product} {ergonomic}
    uintx GCDrainStackTargetSize                   = 64                                        {product} {ergonomic}
   size_t InitialHeapSize                          = 264241152                                 {product} {ergonomic}
   size_t MarkStackSize                            = 4194304                                   {product} {ergonomic}
   size_t MaxHeapSize                              = 4215275520                                {product} {ergonomic}
   size_t MaxNewSize                               = 2529165312                                {product} {ergonomic}
   size_t MinHeapDeltaBytes                        = 1048576                                   {product} {ergonomic}
    uintx NonNMethodCodeHeapSize                   = 8182140                                {pd product} {ergonomic}
    uintx NonProfiledCodeHeapSize                  = 121738050                              {pd product} {ergonomic}
    uintx ProfiledCodeHeapSize                     = 121738050                              {pd product} {ergonomic}
    uintx ReservedCodeCacheSize                    = 251658240                              {pd product} {ergonomic}
     bool SegmentedCodeCache                       = true                                      {product} {ergonomic}
     bool UseCompressedClassPointers               = true                                 {lp64_product} {ergonomic}
     bool UseCompressedOops                        = true                                 {lp64_product} {ergonomic}
     bool UseG1GC                                  = true                                      {product} {ergonomic}
     bool UseLargePagesIndividualAllocation        = false                                  {pd product} {ergonomic}

Logging:
Log output configuration:
 #0: stdout all=warning uptime,level,tags
 #1: stderr all=off uptime,level,tags

Environment Variables:
JAVA_HOME=C:\Program Files (x86)\Java\jdk-1.8
CLASSPATH=.;C:\Program Files (x86)\Java\jdk-1.8\lib\dt.jar;
PATH=C:\Program Files (x86)\VMware\VMware Workstation\bin\;C:\Program Files\Common Files\Oracle\Java\javapath;C:\Program Files (x86)\Common Files\Oracle\Java\java8path;C:\Program Files (x86)\Common Files\Oracle\Java\javapath;C:\windows\system32;C:\windows;C:\windows\System32\Wbem;C:\windows\System32\WindowsPowerShell\v1.0\;C:\windows\System32\OpenSSH\;C:\Program Files (x86)\NVIDIA Corporation\PhysX\Common;C:\Users\Administrator\AppData\Local\Microsoft\WindowsApps;C:\Program Files\HP\OMEN-Broadcast\Common;C:\Program Files\Bandizip\;E:\mingw64\bin;C:\Program Files\dotnet\;E:\Git\cmd;"C:\Program Files (x86)\Java\jdk-1.8\bin;";E:\software\Tesseract-OCR;E:\software\wechatDev\web\dll;C:\Pro;ram Files\HP\HP One Agent;E:\software\apache-tomcat-9.0.97-windows-x64\apache-tomcat-9.0.97\bin;C:\Program Files (x86)\Microsoft SQL Server\160\Tools\Binn\;C:\Program Files\Microsoft SQL Server\160\Tools\Binn\;C:\Program Files\Microsoft SQL Server\Client SDK\ODBC\170\Tools\Binn\;C:\Program Files\Microsoft SQL Server\160\DTS\Binn\;C:\Program Files (x86)\Microsoft SQL Server\160\DTS\Binn\;C:\WINDOWS\system32;C:\WINDOWS;C:\WINDOWS\System32\Wbem;C:\WINDOWS\System32\WindowsPowerShell\v1.0\;C:\WINDOWS\System32\OpenSSH\;C:\Program Files\NVIDIA Corporation\NVIDIA app\NvDLISR;C:\Program Files\nodejs\;C:\ProgramData\chocolatey\bin;C:\Program Files\HP\HP One Agent;C:\Program Files\MySQL\MySQL Server 8.0\bin;E:\software\anaconda3;E:\software\anaconda3\Library\mingw-w64\bin;E:\software\anaconda3\Library\usr\bin;E:\software\anaconda3\Library\bin;E:\software\anaconda3\Scripts;C:\Users\wbh17\AppData\Local\Programs\Python\Python312\Scripts\;C:\Users\wbh17\AppData\Local\Programs\Python\Python312\;C:\Users\wbh17\AppData\Local\Microsoft\WindowsApps;E:\mingw64\bin;C:\Users\wbh17\AppData\Local\JetBrains\Toolbox\scripts;E:\software\CLion 2023.2.2\bin;;E:\software\Microsoft VS Code\bin;E:\software\PyCharm 2023.3.3\bin;;E:\software\IntelliJ\IntelliJ IDEA 2023.3.4\bin;;C:\Users\wbh17\AppData\Local\Mi
USERNAME=wbh17
OS=Windows_NT
PROCESSOR_IDENTIFIER=Intel64 Family 6 Model 183 Stepping 1, GenuineIntel
TMP=C:\Users\wbh17\AppData\Local\Temp
TEMP=C:\Users\wbh17\AppData\Local\Temp



---------------  S Y S T E M  ---------------

OS: Windows 11 , 64 bit Build 26100 (10.0.26100.3775)
OS uptime: 8 days 15:26 hours
Hyper-V role detected

CPU:total 32 (initial active 32) (16 cores per cpu, 2 threads per core) family 6 model 183 stepping 1 microcode 0x129, cmov, cx8, fxsr, mmx, sse, sse2, sse3, ssse3, sse4.1, sse4.2, popcnt, avx, avx2, aes, clmul, erms, 3dnowpref, lzcnt, ht, tsc, tscinvbit, bmi1, bmi2, adx, sha, fma

Memory: 4k page, system-wide physical 16077M (4645M free)
TotalPageFile size 23245M (AvailPageFile size 6355M)
current process WorkingSet (physical memory assigned to process): 110M, peak: 113M
current process commit charge ("private bytes"): 398M, peak: 401M

vm_info: OpenJDK 64-Bit Server VM (11.0.23+10-LTS) for windows-amd64 JRE (11.0.23+10-LTS), built on Apr 10 2024 06:12:21 by "" with MS VC++ 17.1 (VS2022)

END.
